<?xml version="1.0" encoding="UTF-8"?>
<testsuite name="net.weather.user.repository.UserRepositoryTest" tests="1" skipped="0" failures="0" errors="0" timestamp="2022-09-26T02:46:06" hostname="MacBook-Pro" time="0.242">
  <properties/>
  <testcase name="test1()" classname="net.weather.user.repository.UserRepositoryTest" time="0.242"/>
  <system-out><![CDATA[11:45:34.981 [Test worker] DEBUG org.testcontainers.utility.TestcontainersConfiguration - Testcontainers configuration overrides will be loaded from file:/Users/taeyoung/.testcontainers.properties
11:45:34.985 [Test worker] INFO org.testcontainers.utility.ImageNameSubstitutor - Image name substitution will be performed by: DefaultImageNameSubstitutor (composite of 'ConfigurationFileImageNameSubstitutor' and 'PrefixingImageNameSubstitutor')
11:45:35.000 [Test worker] INFO org.testcontainers.dockerclient.DockerClientProviderStrategy - Loaded org.testcontainers.dockerclient.UnixSocketClientProviderStrategy from ~/.testcontainers.properties, will try it first
11:45:35.000 [Test worker] DEBUG org.testcontainers.dockerclient.DockerClientProviderStrategy - Trying out strategy: UnixSocketClientProviderStrategy
11:45:35.206 [Test worker] DEBUG org.testcontainers.shaded.com.github.dockerjava.core.command.AbstrDockerCmd - Cmd: 
11:45:35.215 [Test worker] DEBUG com.github.dockerjava.zerodep.shaded.org.apache.hc.client5.http.impl.classic.InternalHttpClient - ex-00000001: preparing request execution
11:45:35.217 [Test worker] DEBUG com.github.dockerjava.zerodep.shaded.org.apache.hc.client5.http.protocol.RequestAddCookies - Cookie spec selected: strict
11:45:35.218 [Test worker] DEBUG com.github.dockerjava.zerodep.shaded.org.apache.hc.client5.http.protocol.RequestAuthCache - Auth cache not set in the context
11:45:35.218 [Test worker] DEBUG com.github.dockerjava.zerodep.shaded.org.apache.hc.client5.http.impl.classic.ProtocolExec - ex-00000001: target auth state: UNCHALLENGED
11:45:35.218 [Test worker] DEBUG com.github.dockerjava.zerodep.shaded.org.apache.hc.client5.http.impl.classic.ProtocolExec - ex-00000001: proxy auth state: UNCHALLENGED
11:45:35.218 [Test worker] DEBUG com.github.dockerjava.zerodep.shaded.org.apache.hc.client5.http.impl.classic.ConnectExec - ex-00000001: acquiring connection with route {}->unix://localhost:2375
11:45:35.218 [Test worker] DEBUG com.github.dockerjava.zerodep.shaded.org.apache.hc.client5.http.impl.classic.InternalHttpClient - ex-00000001: acquiring endpoint (3 MINUTES)
11:45:35.219 [Test worker] DEBUG com.github.dockerjava.zerodep.shaded.org.apache.hc.client5.http.impl.io.PoolingHttpClientConnectionManager - ex-00000001: endpoint lease request (3 MINUTES) [route: {}->unix://localhost:2375][total available: 0; route allocated: 0 of 2147483647; total allocated: 0 of 2147483647]
11:45:35.220 [Test worker] DEBUG com.github.dockerjava.zerodep.shaded.org.apache.hc.client5.http.impl.io.PoolingHttpClientConnectionManager - ex-00000001: endpoint leased [route: {}->unix://localhost:2375][total available: 0; route allocated: 1 of 2147483647; total allocated: 1 of 2147483647]
11:45:35.224 [Test worker] DEBUG com.github.dockerjava.zerodep.shaded.org.apache.hc.client5.http.impl.io.PoolingHttpClientConnectionManager - ex-00000001: acquired ep-00000000
11:45:35.224 [Test worker] DEBUG com.github.dockerjava.zerodep.shaded.org.apache.hc.client5.http.impl.classic.InternalHttpClient - ex-00000001: acquired endpoint ep-00000000
11:45:35.224 [Test worker] DEBUG com.github.dockerjava.zerodep.shaded.org.apache.hc.client5.http.impl.classic.ConnectExec - ex-00000001: opening connection {}->unix://localhost:2375
11:45:35.224 [Test worker] DEBUG com.github.dockerjava.zerodep.shaded.org.apache.hc.client5.http.impl.classic.InternalHttpClient - ep-00000000: connecting endpoint (3 MINUTES)
11:45:35.224 [Test worker] DEBUG com.github.dockerjava.zerodep.shaded.org.apache.hc.client5.http.impl.io.PoolingHttpClientConnectionManager - ep-00000000: connecting endpoint to unix://localhost:2375 (3 MINUTES)
11:45:35.225 [Test worker] DEBUG com.github.dockerjava.zerodep.shaded.org.apache.hc.client5.http.impl.io.DefaultHttpClientConnectionOperator - http-outgoing-0: connecting to localhost/127.0.0.1:2375
11:45:35.226 [Test worker] DEBUG com.github.dockerjava.zerodep.shaded.org.apache.hc.client5.http.impl.io.DefaultHttpClientConnectionOperator - http-outgoing-0: connection established /var/run/docker.sock<->/var/run/docker.sock
11:45:35.226 [Test worker] DEBUG com.github.dockerjava.zerodep.shaded.org.apache.hc.client5.http.impl.io.PoolingHttpClientConnectionManager - ep-00000000: connected http-outgoing-0
11:45:35.226 [Test worker] DEBUG com.github.dockerjava.zerodep.shaded.org.apache.hc.client5.http.impl.classic.InternalHttpClient - ep-00000000: endpoint connected
11:45:35.226 [Test worker] DEBUG com.github.dockerjava.zerodep.shaded.org.apache.hc.client5.http.impl.classic.MainClientExec - ex-00000001: executing GET /v1.32/info HTTP/1.1
11:45:35.226 [Test worker] DEBUG com.github.dockerjava.zerodep.shaded.org.apache.hc.client5.http.impl.classic.InternalHttpClient - ep-00000000: start execution ex-00000001
11:45:35.226 [Test worker] DEBUG com.github.dockerjava.zerodep.shaded.org.apache.hc.client5.http.impl.io.PoolingHttpClientConnectionManager - ep-00000000: executing exchange ex-00000001 over http-outgoing-0
11:45:35.227 [Test worker] DEBUG com.github.dockerjava.zerodep.shaded.org.apache.hc.client5.http.headers - http-outgoing-0 >> GET /v1.32/info HTTP/1.1
11:45:35.227 [Test worker] DEBUG com.github.dockerjava.zerodep.shaded.org.apache.hc.client5.http.headers - http-outgoing-0 >> x-tc-sid: c5b4bded-8a7b-4309-a94c-5bb153977152
11:45:35.227 [Test worker] DEBUG com.github.dockerjava.zerodep.shaded.org.apache.hc.client5.http.headers - http-outgoing-0 >> Accept-Encoding: gzip, x-gzip, deflate
11:45:35.227 [Test worker] DEBUG com.github.dockerjava.zerodep.shaded.org.apache.hc.client5.http.headers - http-outgoing-0 >> Host: localhost:2375
11:45:35.227 [Test worker] DEBUG com.github.dockerjava.zerodep.shaded.org.apache.hc.client5.http.headers - http-outgoing-0 >> Connection: keep-alive
11:45:35.227 [Test worker] DEBUG com.github.dockerjava.zerodep.shaded.org.apache.hc.client5.http.headers - http-outgoing-0 >> User-Agent: Apache-HttpClient/5.0.3 (Java/17.0.3)
11:45:35.227 [Test worker] DEBUG com.github.dockerjava.zerodep.shaded.org.apache.hc.client5.http.wire - http-outgoing-0 >> "GET /v1.32/info HTTP/1.1[\r][\n]"
11:45:35.227 [Test worker] DEBUG com.github.dockerjava.zerodep.shaded.org.apache.hc.client5.http.wire - http-outgoing-0 >> "x-tc-sid: c5b4bded-8a7b-4309-a94c-5bb153977152[\r][\n]"
11:45:35.227 [Test worker] DEBUG com.github.dockerjava.zerodep.shaded.org.apache.hc.client5.http.wire - http-outgoing-0 >> "Accept-Encoding: gzip, x-gzip, deflate[\r][\n]"
11:45:35.227 [Test worker] DEBUG com.github.dockerjava.zerodep.shaded.org.apache.hc.client5.http.wire - http-outgoing-0 >> "Host: localhost:2375[\r][\n]"
11:45:35.227 [Test worker] DEBUG com.github.dockerjava.zerodep.shaded.org.apache.hc.client5.http.wire - http-outgoing-0 >> "Connection: keep-alive[\r][\n]"
11:45:35.227 [Test worker] DEBUG com.github.dockerjava.zerodep.shaded.org.apache.hc.client5.http.wire - http-outgoing-0 >> "User-Agent: Apache-HttpClient/5.0.3 (Java/17.0.3)[\r][\n]"
11:45:35.227 [Test worker] DEBUG com.github.dockerjava.zerodep.shaded.org.apache.hc.client5.http.wire - http-outgoing-0 >> "[\r][\n]"
11:45:35.273 [Test worker] DEBUG com.github.dockerjava.zerodep.shaded.org.apache.hc.client5.http.wire - http-outgoing-0 << "HTTP/1.1 200 OK[\r][\n]"
11:45:35.273 [Test worker] DEBUG com.github.dockerjava.zerodep.shaded.org.apache.hc.client5.http.wire - http-outgoing-0 << "Api-Version: 1.41[\r][\n]"
11:45:35.273 [Test worker] DEBUG com.github.dockerjava.zerodep.shaded.org.apache.hc.client5.http.wire - http-outgoing-0 << "Content-Type: application/json[\r][\n]"
11:45:35.273 [Test worker] DEBUG com.github.dockerjava.zerodep.shaded.org.apache.hc.client5.http.wire - http-outgoing-0 << "Date: Mon, 26 Sep 2022 02:45:35 GMT[\r][\n]"
11:45:35.273 [Test worker] DEBUG com.github.dockerjava.zerodep.shaded.org.apache.hc.client5.http.wire - http-outgoing-0 << "Docker-Experimental: false[\r][\n]"
11:45:35.273 [Test worker] DEBUG com.github.dockerjava.zerodep.shaded.org.apache.hc.client5.http.wire - http-outgoing-0 << "Ostype: linux[\r][\n]"
11:45:35.273 [Test worker] DEBUG com.github.dockerjava.zerodep.shaded.org.apache.hc.client5.http.wire - http-outgoing-0 << "Server: Docker/20.10.11 (linux)[\r][\n]"
11:45:35.273 [Test worker] DEBUG com.github.dockerjava.zerodep.shaded.org.apache.hc.client5.http.wire - http-outgoing-0 << "Transfer-Encoding: chunked[\r][\n]"
11:45:35.273 [Test worker] DEBUG com.github.dockerjava.zerodep.shaded.org.apache.hc.client5.http.wire - http-outgoing-0 << "[\r][\n]"
11:45:35.274 [Test worker] DEBUG com.github.dockerjava.zerodep.shaded.org.apache.hc.client5.http.headers - http-outgoing-0 << HTTP/1.1 200 OK
11:45:35.274 [Test worker] DEBUG com.github.dockerjava.zerodep.shaded.org.apache.hc.client5.http.headers - http-outgoing-0 << Api-Version: 1.41
11:45:35.274 [Test worker] DEBUG com.github.dockerjava.zerodep.shaded.org.apache.hc.client5.http.headers - http-outgoing-0 << Content-Type: application/json
11:45:35.274 [Test worker] DEBUG com.github.dockerjava.zerodep.shaded.org.apache.hc.client5.http.headers - http-outgoing-0 << Date: Mon, 26 Sep 2022 02:45:35 GMT
11:45:35.274 [Test worker] DEBUG com.github.dockerjava.zerodep.shaded.org.apache.hc.client5.http.headers - http-outgoing-0 << Docker-Experimental: false
11:45:35.274 [Test worker] DEBUG com.github.dockerjava.zerodep.shaded.org.apache.hc.client5.http.headers - http-outgoing-0 << Ostype: linux
11:45:35.274 [Test worker] DEBUG com.github.dockerjava.zerodep.shaded.org.apache.hc.client5.http.headers - http-outgoing-0 << Server: Docker/20.10.11 (linux)
11:45:35.275 [Test worker] DEBUG com.github.dockerjava.zerodep.shaded.org.apache.hc.client5.http.headers - http-outgoing-0 << Transfer-Encoding: chunked
11:45:35.276 [Test worker] DEBUG com.github.dockerjava.zerodep.shaded.org.apache.hc.client5.http.impl.classic.MainClientExec - ex-00000001: connection can be kept alive for 3 MINUTES
11:45:35.279 [Test worker] DEBUG com.github.dockerjava.zerodep.shaded.org.apache.hc.client5.http.wire - http-outgoing-0 << "925[\r][\n]"
11:45:35.279 [Test worker] DEBUG com.github.dockerjava.zerodep.shaded.org.apache.hc.client5.http.wire - http-outgoing-0 << "{"ID":"DHIW:BHVD:CVUI:CIF3:K5IT:2FDJ:DGIJ:ECDE:VFLL:JMEM:Y7I3:66WI","Containers":4,"ContainersRunning":1,"ContainersPaused":0,"ContainersStopped":3,"Images":10,"Driver":"overlay2","DriverStatus":[["Backing Filesystem","extfs"],["Supports d_type","true"],["Native Overlay Diff","true"],["userxattr","false"]],"Plugins":{"Volume":["local"],"Network":["bridge","host","ipvlan","macvlan","null","overlay"],"Authorization":null,"Log":["awslogs","fluentd","gcplogs","gelf","journald","json-file","local","logentries","splunk","syslog"]},"MemoryLimit":true,"SwapLimit":true,"KernelMemory":false,"KernelMemoryTCP":false,"CpuCfsPeriod":true,"CpuCfsQuota":true,"CPUShares":true,"CPUSet":true,"PidsLimit":true,"IPv4Forwarding":true,"BridgeNfIptables":true,"BridgeNfIp6tables":true,"Debug":false,"NFd":52,"OomKillDisable":false,"NGoroutines":51,"SystemTime":"2022-09-26T02:45:35.2474515Z","LoggingDriver":"json-file","CgroupDriver":"cgroupfs","CgroupVersion":"2","NEventsListener":4,"KernelVersion":"5.10.76-linuxkit","OperatingSystem":"Docker Desktop","OSVersion":"","OSType":"linux","Architecture":"aarch64","IndexServerAddress":"https://index.docker.io/v1/","RegistryConfig":{"AllowNondistributableArtifactsCIDRs":[],"AllowNondistributableArtifactsHostnames":[],"InsecureRegistryCIDRs":["127.0.0.0/8"],"IndexConfigs":{"docker.io":{"Name":"docker.io","Mirrors":[],"Secure":true,"Official":true}},"Mirrors":[]},"NCPU":5,"MemTotal":2085158912,"GenericResources":null,"DockerRootDir":"/var/lib/docker","HttpProxy":"http.docker.internal:3128","HttpsProxy":"http.docker.internal:3128","NoProxy":"","Name":"docker-desktop","Labels":[],"ExperimentalBuild":false,"ServerVersion":"20.10.11","Runtimes":{"io.containerd.runc.v2":{"path":"runc"},"io.containerd.runtime.v1.linux":{"path":"runc"},"runc":{"path":"runc"}},"DefaultRuntime":"runc","Swarm":{"NodeID":"","NodeAddr":"","LocalNodeState":"inactive","ControlAvailable":false,"Error":"","RemoteManagers":null},"LiveRestoreEnabled":false,"Isolation":"","InitBinary":"docker-init","ContainerdCommit":{"ID":"7b11cfaabd73bb80907dd23182b9347b4245eb5d","Expected":"7b11cfaabd73bb80907dd23182b9347b4245eb5d"},"RuncCommit":{"ID":"v1.0.2-0-g52b36a2","Expected":"v1.0.2-0-g52b36a2"},"InitCommit":{"ID":"de40ad0","Expected":"de40ad0"},"SecurityOptions":["name=seccomp,profile=default","name=cgroupns"],"Warnings":null}[\n]"
11:45:35.279 [Test worker] DEBUG com.github.dockerjava.zerodep.shaded.org.apache.hc.client5.http.wire - http-outgoing-0 << "[\r][\n]"
11:45:35.279 [Test worker] DEBUG com.github.dockerjava.zerodep.shaded.org.apache.hc.client5.http.wire - http-outgoing-0 << "0[\r][\n]"
11:45:35.279 [Test worker] DEBUG com.github.dockerjava.zerodep.shaded.org.apache.hc.client5.http.wire - http-outgoing-0 << "[\r][\n]"
11:45:35.337 [Test worker] DEBUG com.github.dockerjava.zerodep.shaded.org.apache.hc.client5.http.impl.classic.InternalHttpClient - ep-00000000: releasing valid endpoint
11:45:35.337 [Test worker] DEBUG com.github.dockerjava.zerodep.shaded.org.apache.hc.client5.http.impl.io.PoolingHttpClientConnectionManager - ep-00000000: releasing endpoint
11:45:35.338 [Test worker] DEBUG com.github.dockerjava.zerodep.shaded.org.apache.hc.client5.http.impl.io.PoolingHttpClientConnectionManager - ep-00000000: connection http-outgoing-0 can be kept alive for 3 MINUTES
11:45:35.338 [Test worker] DEBUG com.github.dockerjava.zerodep.shaded.org.apache.hc.client5.http.impl.io.PoolingHttpClientConnectionManager - ep-00000000: connection released [route: {}->unix://localhost:2375][total available: 1; route allocated: 1 of 2147483647; total allocated: 1 of 2147483647]
11:45:35.338 [Test worker] INFO org.testcontainers.dockerclient.DockerClientProviderStrategy - Found Docker environment with local Unix socket (unix:///var/run/docker.sock)
11:45:35.338 [Test worker] DEBUG org.testcontainers.dockerclient.DockerClientProviderStrategy - Transport type: 'httpclient5', Docker host: 'unix:///var/run/docker.sock'
11:45:35.338 [Test worker] DEBUG org.testcontainers.dockerclient.DockerClientProviderStrategy - Checking Docker OS type for local Unix socket (unix:///var/run/docker.sock)
11:45:35.339 [Test worker] INFO org.testcontainers.DockerClientFactory - Docker host IP address is localhost
11:45:35.339 [Test worker] DEBUG org.testcontainers.DockerClientFactory - Docker info: {NGoroutines=51, Name=docker-desktop, Swarm={NodeID=, NodeAddr=, LocalNodeState=inactive, ControlAvailable=false, Error=, RemoteManagers=null}, RuncCommit={ID=v1.0.2-0-g52b36a2, Expected=v1.0.2-0-g52b36a2}, OSVersion=, Runtimes={io.containerd.runc.v2={path=runc}, io.containerd.runtime.v1.linux={path=runc}, runc={path=runc}}, ID=DHIW:BHVD:CVUI:CIF3:K5IT:2FDJ:DGIJ:ECDE:VFLL:JMEM:Y7I3:66WI, DriverStatus=[[Backing Filesystem, extfs], [Supports d_type, true], [Native Overlay Diff, true], [userxattr, false]], BridgeNfIptables=true, LiveRestoreEnabled=false, SystemTime=2022-09-26T02:45:35.2474515Z, NoProxy=, Architecture=aarch64, NEventsListener=4, HttpsProxy=http.docker.internal:3128, Images=10, ContainersRunning=1, Labels=[], InitCommit={ID=de40ad0, Expected=de40ad0}, NFd=52, KernelVersion=5.10.76-linuxkit, LoggingDriver=json-file, OSType=linux, SecurityOptions=[name=seccomp,profile=default, name=cgroupns], ContainerdCommit={ID=7b11cfaabd73bb80907dd23182b9347b4245eb5d, Expected=7b11cfaabd73bb80907dd23182b9347b4245eb5d}, GenericResources=null, KernelMemory=false, OperatingSystem=Docker Desktop, RegistryConfig={AllowNondistributableArtifactsCIDRs=[], AllowNondistributableArtifactsHostnames=[], InsecureRegistryCIDRs=[127.0.0.0/8], IndexConfigs={docker.io={Name=docker.io, Mirrors=[], Secure=true, Official=true}}, Mirrors=[]}, ServerVersion=20.10.11, OomKillDisable=false, CpuCfsQuota=true, Containers=4, Driver=overlay2, KernelMemoryTCP=false, IPv4Forwarding=true, ExperimentalBuild=false, DockerRootDir=/var/lib/docker, CPUSet=true, CpuCfsPeriod=true, DefaultRuntime=runc, CPUShares=true, Debug=false, NCPU=5, Plugins={Volume=[local], Network=[bridge, host, ipvlan, macvlan, null, overlay], Authorization=null, Log=[awslogs, fluentd, gcplogs, gelf, journald, json-file, local, logentries, splunk, syslog]}, SwapLimit=true, CgroupDriver=cgroupfs, ContainersPaused=0, MemTotal=2085158912, IndexServerAddress=https://index.docker.io/v1/, MemoryLimit=true, HttpProxy=http.docker.internal:3128, InitBinary=docker-init, CgroupVersion=2, PidsLimit=true, Isolation=, BridgeNfIp6tables=true, Warnings=null, ContainersStopped=3}
11:45:35.340 [Test worker] DEBUG org.testcontainers.shaded.com.github.dockerjava.core.command.AbstrDockerCmd - Cmd: 
11:45:35.341 [Test worker] DEBUG com.github.dockerjava.zerodep.shaded.org.apache.hc.client5.http.impl.classic.InternalHttpClient - ex-00000002: preparing request execution
11:45:35.341 [Test worker] DEBUG com.github.dockerjava.zerodep.shaded.org.apache.hc.client5.http.protocol.RequestAddCookies - Cookie spec selected: strict
11:45:35.341 [Test worker] DEBUG com.github.dockerjava.zerodep.shaded.org.apache.hc.client5.http.protocol.RequestAuthCache - Auth cache not set in the context
11:45:35.341 [Test worker] DEBUG com.github.dockerjava.zerodep.shaded.org.apache.hc.client5.http.impl.classic.ProtocolExec - ex-00000002: target auth state: UNCHALLENGED
11:45:35.341 [Test worker] DEBUG com.github.dockerjava.zerodep.shaded.org.apache.hc.client5.http.impl.classic.ProtocolExec - ex-00000002: proxy auth state: UNCHALLENGED
11:45:35.341 [Test worker] DEBUG com.github.dockerjava.zerodep.shaded.org.apache.hc.client5.http.impl.classic.ConnectExec - ex-00000002: acquiring connection with route {}->unix://localhost:2375
11:45:35.341 [Test worker] DEBUG com.github.dockerjava.zerodep.shaded.org.apache.hc.client5.http.impl.classic.InternalHttpClient - ex-00000002: acquiring endpoint (3 MINUTES)
11:45:35.341 [Test worker] DEBUG com.github.dockerjava.zerodep.shaded.org.apache.hc.client5.http.impl.io.PoolingHttpClientConnectionManager - ex-00000002: endpoint lease request (3 MINUTES) [route: {}->unix://localhost:2375][total available: 1; route allocated: 1 of 2147483647; total allocated: 1 of 2147483647]
11:45:35.341 [Test worker] DEBUG com.github.dockerjava.zerodep.shaded.org.apache.hc.client5.http.impl.io.PoolingHttpClientConnectionManager - ex-00000002: endpoint leased [route: {}->unix://localhost:2375][total available: 0; route allocated: 1 of 2147483647; total allocated: 1 of 2147483647]
11:45:35.342 [Test worker] DEBUG com.github.dockerjava.zerodep.shaded.org.apache.hc.client5.http.impl.io.PoolingHttpClientConnectionManager - ex-00000002: acquired ep-00000001
11:45:35.342 [Test worker] DEBUG com.github.dockerjava.zerodep.shaded.org.apache.hc.client5.http.impl.classic.InternalHttpClient - ex-00000002: acquired endpoint ep-00000001
11:45:35.342 [Test worker] DEBUG com.github.dockerjava.zerodep.shaded.org.apache.hc.client5.http.impl.classic.MainClientExec - ex-00000002: executing GET /v1.32/version HTTP/1.1
11:45:35.342 [Test worker] DEBUG com.github.dockerjava.zerodep.shaded.org.apache.hc.client5.http.impl.classic.InternalHttpClient - ep-00000001: start execution ex-00000002
11:45:35.342 [Test worker] DEBUG com.github.dockerjava.zerodep.shaded.org.apache.hc.client5.http.impl.io.PoolingHttpClientConnectionManager - ep-00000001: executing exchange ex-00000002 over http-outgoing-0
11:45:35.342 [Test worker] DEBUG com.github.dockerjava.zerodep.shaded.org.apache.hc.client5.http.headers - http-outgoing-0 >> GET /v1.32/version HTTP/1.1
11:45:35.342 [Test worker] DEBUG com.github.dockerjava.zerodep.shaded.org.apache.hc.client5.http.headers - http-outgoing-0 >> accept: application/json
11:45:35.342 [Test worker] DEBUG com.github.dockerjava.zerodep.shaded.org.apache.hc.client5.http.headers - http-outgoing-0 >> x-tc-sid: c5b4bded-8a7b-4309-a94c-5bb153977152
11:45:35.342 [Test worker] DEBUG com.github.dockerjava.zerodep.shaded.org.apache.hc.client5.http.headers - http-outgoing-0 >> Accept-Encoding: gzip, x-gzip, deflate
11:45:35.342 [Test worker] DEBUG com.github.dockerjava.zerodep.shaded.org.apache.hc.client5.http.headers - http-outgoing-0 >> Host: localhost:2375
11:45:35.342 [Test worker] DEBUG com.github.dockerjava.zerodep.shaded.org.apache.hc.client5.http.headers - http-outgoing-0 >> Connection: keep-alive
11:45:35.342 [Test worker] DEBUG com.github.dockerjava.zerodep.shaded.org.apache.hc.client5.http.headers - http-outgoing-0 >> User-Agent: Apache-HttpClient/5.0.3 (Java/17.0.3)
11:45:35.342 [Test worker] DEBUG com.github.dockerjava.zerodep.shaded.org.apache.hc.client5.http.wire - http-outgoing-0 >> "GET /v1.32/version HTTP/1.1[\r][\n]"
11:45:35.342 [Test worker] DEBUG com.github.dockerjava.zerodep.shaded.org.apache.hc.client5.http.wire - http-outgoing-0 >> "accept: application/json[\r][\n]"
11:45:35.342 [Test worker] DEBUG com.github.dockerjava.zerodep.shaded.org.apache.hc.client5.http.wire - http-outgoing-0 >> "x-tc-sid: c5b4bded-8a7b-4309-a94c-5bb153977152[\r][\n]"
11:45:35.342 [Test worker] DEBUG com.github.dockerjava.zerodep.shaded.org.apache.hc.client5.http.wire - http-outgoing-0 >> "Accept-Encoding: gzip, x-gzip, deflate[\r][\n]"
11:45:35.342 [Test worker] DEBUG com.github.dockerjava.zerodep.shaded.org.apache.hc.client5.http.wire - http-outgoing-0 >> "Host: localhost:2375[\r][\n]"
11:45:35.342 [Test worker] DEBUG com.github.dockerjava.zerodep.shaded.org.apache.hc.client5.http.wire - http-outgoing-0 >> "Connection: keep-alive[\r][\n]"
11:45:35.342 [Test worker] DEBUG com.github.dockerjava.zerodep.shaded.org.apache.hc.client5.http.wire - http-outgoing-0 >> "User-Agent: Apache-HttpClient/5.0.3 (Java/17.0.3)[\r][\n]"
11:45:35.342 [Test worker] DEBUG com.github.dockerjava.zerodep.shaded.org.apache.hc.client5.http.wire - http-outgoing-0 >> "[\r][\n]"
11:45:35.361 [Test worker] DEBUG com.github.dockerjava.zerodep.shaded.org.apache.hc.client5.http.wire - http-outgoing-0 << "HTTP/1.1 200 OK[\r][\n]"
11:45:35.361 [Test worker] DEBUG com.github.dockerjava.zerodep.shaded.org.apache.hc.client5.http.wire - http-outgoing-0 << "Api-Version: 1.41[\r][\n]"
11:45:35.361 [Test worker] DEBUG com.github.dockerjava.zerodep.shaded.org.apache.hc.client5.http.wire - http-outgoing-0 << "Content-Type: application/json[\r][\n]"
11:45:35.362 [Test worker] DEBUG com.github.dockerjava.zerodep.shaded.org.apache.hc.client5.http.wire - http-outgoing-0 << "Date: Mon, 26 Sep 2022 02:45:35 GMT[\r][\n]"
11:45:35.362 [Test worker] DEBUG com.github.dockerjava.zerodep.shaded.org.apache.hc.client5.http.wire - http-outgoing-0 << "Docker-Experimental: false[\r][\n]"
11:45:35.362 [Test worker] DEBUG com.github.dockerjava.zerodep.shaded.org.apache.hc.client5.http.wire - http-outgoing-0 << "Ostype: linux[\r][\n]"
11:45:35.362 [Test worker] DEBUG com.github.dockerjava.zerodep.shaded.org.apache.hc.client5.http.wire - http-outgoing-0 << "Server: Docker/20.10.11 (linux)[\r][\n]"
11:45:35.362 [Test worker] DEBUG com.github.dockerjava.zerodep.shaded.org.apache.hc.client5.http.wire - http-outgoing-0 << "Transfer-Encoding: chunked[\r][\n]"
11:45:35.362 [Test worker] DEBUG com.github.dockerjava.zerodep.shaded.org.apache.hc.client5.http.wire - http-outgoing-0 << "[\r][\n]"
11:45:35.362 [Test worker] DEBUG com.github.dockerjava.zerodep.shaded.org.apache.hc.client5.http.wire - http-outgoing-0 << "338[\r][\n]"
11:45:35.362 [Test worker] DEBUG com.github.dockerjava.zerodep.shaded.org.apache.hc.client5.http.wire - http-outgoing-0 << "{"Platform":{"Name":"Docker Engine - Community"},"Components":[{"Name":"Engine","Version":"20.10.11","Details":{"ApiVersion":"1.41","Arch":"arm64","BuildTime":"2021-11-18T00:34:44.000000000+00:00","Experimental":"false","GitCommit":"847da18","GoVersion":"go1.16.9","KernelVersion":"5.10.76-linuxkit","MinAPIVersion":"1.12","Os":"linux"}},{"Name":"containerd","Version":"1.4.12","Details":{"GitCommit":"7b11cfaabd73bb80907dd23182b9347b4245eb5d"}},{"Name":"runc","Version":"1.0.2","Details":{"GitCommit":"v1.0.2-0-g52b36a2"}},{"Name":"docker-init","Version":"0.19.0","Details":{"GitCommit":"de40ad0"}}],"Version":"20.10.11","ApiVersion":"1.41","MinAPIVersion":"1.12","GitCommit":"847da18","GoVersion":"go1.16.9","Os":"linux","Arch":"arm64","KernelVersion":"5.10.76-linuxkit","BuildTime":"2021-11-18T00:34:44.000000000+00:00"}[\n]"
11:45:35.362 [Test worker] DEBUG com.github.dockerjava.zerodep.shaded.org.apache.hc.client5.http.wire - http-outgoing-0 << "[\r][\n]"
11:45:35.362 [Test worker] DEBUG com.github.dockerjava.zerodep.shaded.org.apache.hc.client5.http.headers - http-outgoing-0 << HTTP/1.1 200 OK
11:45:35.362 [Test worker] DEBUG com.github.dockerjava.zerodep.shaded.org.apache.hc.client5.http.headers - http-outgoing-0 << Api-Version: 1.41
11:45:35.362 [Test worker] DEBUG com.github.dockerjava.zerodep.shaded.org.apache.hc.client5.http.headers - http-outgoing-0 << Content-Type: application/json
11:45:35.362 [Test worker] DEBUG com.github.dockerjava.zerodep.shaded.org.apache.hc.client5.http.headers - http-outgoing-0 << Date: Mon, 26 Sep 2022 02:45:35 GMT
11:45:35.362 [Test worker] DEBUG com.github.dockerjava.zerodep.shaded.org.apache.hc.client5.http.headers - http-outgoing-0 << Docker-Experimental: false
11:45:35.362 [Test worker] DEBUG com.github.dockerjava.zerodep.shaded.org.apache.hc.client5.http.headers - http-outgoing-0 << Ostype: linux
11:45:35.362 [Test worker] DEBUG com.github.dockerjava.zerodep.shaded.org.apache.hc.client5.http.headers - http-outgoing-0 << Server: Docker/20.10.11 (linux)
11:45:35.362 [Test worker] DEBUG com.github.dockerjava.zerodep.shaded.org.apache.hc.client5.http.headers - http-outgoing-0 << Transfer-Encoding: chunked
11:45:35.362 [Test worker] DEBUG com.github.dockerjava.zerodep.shaded.org.apache.hc.client5.http.impl.classic.MainClientExec - ex-00000002: connection can be kept alive for 3 MINUTES
11:45:35.367 [Test worker] DEBUG com.github.dockerjava.zerodep.shaded.org.apache.hc.client5.http.wire - http-outgoing-0 << "0[\r][\n]"
11:45:35.367 [Test worker] DEBUG com.github.dockerjava.zerodep.shaded.org.apache.hc.client5.http.wire - http-outgoing-0 << "[\r][\n]"
11:45:35.367 [Test worker] DEBUG com.github.dockerjava.zerodep.shaded.org.apache.hc.client5.http.impl.classic.InternalHttpClient - ep-00000001: releasing valid endpoint
11:45:35.367 [Test worker] DEBUG com.github.dockerjava.zerodep.shaded.org.apache.hc.client5.http.impl.io.PoolingHttpClientConnectionManager - ep-00000001: releasing endpoint
11:45:35.368 [Test worker] DEBUG com.github.dockerjava.zerodep.shaded.org.apache.hc.client5.http.impl.io.PoolingHttpClientConnectionManager - ep-00000001: connection http-outgoing-0 can be kept alive for 3 MINUTES
11:45:35.368 [Test worker] DEBUG com.github.dockerjava.zerodep.shaded.org.apache.hc.client5.http.impl.io.PoolingHttpClientConnectionManager - ep-00000001: connection released [route: {}->unix://localhost:2375][total available: 1; route allocated: 1 of 2147483647; total allocated: 1 of 2147483647]
11:45:35.368 [Test worker] DEBUG org.testcontainers.DockerClientFactory - Docker version: {Components=[{Name=Engine, Version=20.10.11, Details={ApiVersion=1.41, Arch=arm64, BuildTime=2021-11-18T00:34:44.000000000+00:00, Experimental=false, GitCommit=847da18, GoVersion=go1.16.9, KernelVersion=5.10.76-linuxkit, MinAPIVersion=1.12, Os=linux}}, {Name=containerd, Version=1.4.12, Details={GitCommit=7b11cfaabd73bb80907dd23182b9347b4245eb5d}}, {Name=runc, Version=1.0.2, Details={GitCommit=v1.0.2-0-g52b36a2}}, {Name=docker-init, Version=0.19.0, Details={GitCommit=de40ad0}}], KernelVersion=5.10.76-linuxkit, ApiVersion=1.41, Platform={Name=Docker Engine - Community}, GitCommit=847da18, Os=linux, Version=20.10.11, MinAPIVersion=1.12, Arch=arm64, GoVersion=go1.16.9, BuildTime=2021-11-18T00:34:44.000000000+00:00}
11:45:35.368 [Test worker] INFO org.testcontainers.DockerClientFactory - Connected to docker: 
  Server Version: 20.10.11
  API Version: 1.41
  Operating System: Docker Desktop
  Total Memory: 1988 MB
11:45:35.372 [Test worker] DEBUG org.testcontainers.utility.RyukResourceReaper - Ryuk is enabled
11:45:35.373 [Test worker] DEBUG org.testcontainers.utility.PrefixingImageNameSubstitutor - No prefix is configured
11:45:35.373 [Test worker] DEBUG org.testcontainers.utility.ImageNameSubstitutor - Did not find a substitute image for testcontainers/ryuk:0.3.3 (using image substitutor: DefaultImageNameSubstitutor (composite of 'ConfigurationFileImageNameSubstitutor' and 'PrefixingImageNameSubstitutor'))
11:45:35.374 [Test worker] DEBUG org.testcontainers.shaded.com.github.dockerjava.core.command.AbstrDockerCmd - Cmd: ListImagesCmdImpl[filters=org.testcontainers.shaded.com.github.dockerjava.core.util.FiltersBuilder@0,imageNameFilter=<null>,showAll=false]
11:45:35.376 [Test worker] DEBUG com.github.dockerjava.zerodep.shaded.org.apache.hc.client5.http.impl.classic.InternalHttpClient - ex-00000003: preparing request execution
11:45:35.376 [Test worker] DEBUG com.github.dockerjava.zerodep.shaded.org.apache.hc.client5.http.protocol.RequestAddCookies - Cookie spec selected: strict
11:45:35.376 [Test worker] DEBUG com.github.dockerjava.zerodep.shaded.org.apache.hc.client5.http.protocol.RequestAuthCache - Auth cache not set in the context
11:45:35.376 [Test worker] DEBUG com.github.dockerjava.zerodep.shaded.org.apache.hc.client5.http.impl.classic.ProtocolExec - ex-00000003: target auth state: UNCHALLENGED
11:45:35.376 [Test worker] DEBUG com.github.dockerjava.zerodep.shaded.org.apache.hc.client5.http.impl.classic.ProtocolExec - ex-00000003: proxy auth state: UNCHALLENGED
11:45:35.376 [Test worker] DEBUG com.github.dockerjava.zerodep.shaded.org.apache.hc.client5.http.impl.classic.ConnectExec - ex-00000003: acquiring connection with route {}->unix://localhost:2375
11:45:35.376 [Test worker] DEBUG com.github.dockerjava.zerodep.shaded.org.apache.hc.client5.http.impl.classic.InternalHttpClient - ex-00000003: acquiring endpoint (3 MINUTES)
11:45:35.376 [Test worker] DEBUG com.github.dockerjava.zerodep.shaded.org.apache.hc.client5.http.impl.io.PoolingHttpClientConnectionManager - ex-00000003: endpoint lease request (3 MINUTES) [route: {}->unix://localhost:2375][total available: 1; route allocated: 1 of 2147483647; total allocated: 1 of 2147483647]
11:45:35.377 [Test worker] DEBUG com.github.dockerjava.zerodep.shaded.org.apache.hc.client5.http.impl.io.PoolingHttpClientConnectionManager - ex-00000003: endpoint leased [route: {}->unix://localhost:2375][total available: 0; route allocated: 1 of 2147483647; total allocated: 1 of 2147483647]
11:45:35.377 [Test worker] DEBUG com.github.dockerjava.zerodep.shaded.org.apache.hc.client5.http.impl.io.PoolingHttpClientConnectionManager - ex-00000003: acquired ep-00000002
11:45:35.377 [Test worker] DEBUG com.github.dockerjava.zerodep.shaded.org.apache.hc.client5.http.impl.classic.InternalHttpClient - ex-00000003: acquired endpoint ep-00000002
11:45:35.377 [Test worker] DEBUG com.github.dockerjava.zerodep.shaded.org.apache.hc.client5.http.impl.classic.MainClientExec - ex-00000003: executing GET /v1.32/images/json HTTP/1.1
11:45:35.377 [Test worker] DEBUG com.github.dockerjava.zerodep.shaded.org.apache.hc.client5.http.impl.classic.InternalHttpClient - ep-00000002: start execution ex-00000003
11:45:35.377 [Test worker] DEBUG com.github.dockerjava.zerodep.shaded.org.apache.hc.client5.http.impl.io.PoolingHttpClientConnectionManager - ep-00000002: executing exchange ex-00000003 over http-outgoing-0
11:45:35.377 [Test worker] DEBUG com.github.dockerjava.zerodep.shaded.org.apache.hc.client5.http.headers - http-outgoing-0 >> GET /v1.32/images/json HTTP/1.1
11:45:35.377 [Test worker] DEBUG com.github.dockerjava.zerodep.shaded.org.apache.hc.client5.http.headers - http-outgoing-0 >> accept: application/json
11:45:35.377 [Test worker] DEBUG com.github.dockerjava.zerodep.shaded.org.apache.hc.client5.http.headers - http-outgoing-0 >> x-tc-sid: c5b4bded-8a7b-4309-a94c-5bb153977152
11:45:35.377 [Test worker] DEBUG com.github.dockerjava.zerodep.shaded.org.apache.hc.client5.http.headers - http-outgoing-0 >> Accept-Encoding: gzip, x-gzip, deflate
11:45:35.377 [Test worker] DEBUG com.github.dockerjava.zerodep.shaded.org.apache.hc.client5.http.headers - http-outgoing-0 >> Host: localhost:2375
11:45:35.377 [Test worker] DEBUG com.github.dockerjava.zerodep.shaded.org.apache.hc.client5.http.headers - http-outgoing-0 >> Connection: keep-alive
11:45:35.377 [Test worker] DEBUG com.github.dockerjava.zerodep.shaded.org.apache.hc.client5.http.headers - http-outgoing-0 >> User-Agent: Apache-HttpClient/5.0.3 (Java/17.0.3)
11:45:35.377 [Test worker] DEBUG com.github.dockerjava.zerodep.shaded.org.apache.hc.client5.http.wire - http-outgoing-0 >> "GET /v1.32/images/json HTTP/1.1[\r][\n]"
11:45:35.377 [Test worker] DEBUG com.github.dockerjava.zerodep.shaded.org.apache.hc.client5.http.wire - http-outgoing-0 >> "accept: application/json[\r][\n]"
11:45:35.377 [Test worker] DEBUG com.github.dockerjava.zerodep.shaded.org.apache.hc.client5.http.wire - http-outgoing-0 >> "x-tc-sid: c5b4bded-8a7b-4309-a94c-5bb153977152[\r][\n]"
11:45:35.377 [Test worker] DEBUG com.github.dockerjava.zerodep.shaded.org.apache.hc.client5.http.wire - http-outgoing-0 >> "Accept-Encoding: gzip, x-gzip, deflate[\r][\n]"
11:45:35.377 [Test worker] DEBUG com.github.dockerjava.zerodep.shaded.org.apache.hc.client5.http.wire - http-outgoing-0 >> "Host: localhost:2375[\r][\n]"
11:45:35.377 [Test worker] DEBUG com.github.dockerjava.zerodep.shaded.org.apache.hc.client5.http.wire - http-outgoing-0 >> "Connection: keep-alive[\r][\n]"
11:45:35.377 [Test worker] DEBUG com.github.dockerjava.zerodep.shaded.org.apache.hc.client5.http.wire - http-outgoing-0 >> "User-Agent: Apache-HttpClient/5.0.3 (Java/17.0.3)[\r][\n]"
11:45:35.377 [Test worker] DEBUG com.github.dockerjava.zerodep.shaded.org.apache.hc.client5.http.wire - http-outgoing-0 >> "[\r][\n]"
11:45:35.382 [Test worker] DEBUG com.github.dockerjava.zerodep.shaded.org.apache.hc.client5.http.wire - http-outgoing-0 << "HTTP/1.1 200 OK[\r][\n]"
11:45:35.382 [Test worker] DEBUG com.github.dockerjava.zerodep.shaded.org.apache.hc.client5.http.wire - http-outgoing-0 << "Api-Version: 1.41[\r][\n]"
11:45:35.382 [Test worker] DEBUG com.github.dockerjava.zerodep.shaded.org.apache.hc.client5.http.wire - http-outgoing-0 << "Content-Type: application/json[\r][\n]"
11:45:35.382 [Test worker] DEBUG com.github.dockerjava.zerodep.shaded.org.apache.hc.client5.http.wire - http-outgoing-0 << "Date: Mon, 26 Sep 2022 02:45:35 GMT[\r][\n]"
11:45:35.382 [Test worker] DEBUG com.github.dockerjava.zerodep.shaded.org.apache.hc.client5.http.wire - http-outgoing-0 << "Docker-Experimental: false[\r][\n]"
11:45:35.382 [Test worker] DEBUG com.github.dockerjava.zerodep.shaded.org.apache.hc.client5.http.wire - http-outgoing-0 << "Ostype: linux[\r][\n]"
11:45:35.382 [Test worker] DEBUG com.github.dockerjava.zerodep.shaded.org.apache.hc.client5.http.wire - http-outgoing-0 << "Server: Docker/20.10.11 (linux)[\r][\n]"
11:45:35.382 [Test worker] DEBUG com.github.dockerjava.zerodep.shaded.org.apache.hc.client5.http.wire - http-outgoing-0 << "Transfer-Encoding: chunked[\r][\n]"
11:45:35.382 [Test worker] DEBUG com.github.dockerjava.zerodep.shaded.org.apache.hc.client5.http.wire - http-outgoing-0 << "[\r][\n]"
11:45:35.382 [Test worker] DEBUG com.github.dockerjava.zerodep.shaded.org.apache.hc.client5.http.headers - http-outgoing-0 << HTTP/1.1 200 OK
11:45:35.382 [Test worker] DEBUG com.github.dockerjava.zerodep.shaded.org.apache.hc.client5.http.headers - http-outgoing-0 << Api-Version: 1.41
11:45:35.382 [Test worker] DEBUG com.github.dockerjava.zerodep.shaded.org.apache.hc.client5.http.headers - http-outgoing-0 << Content-Type: application/json
11:45:35.382 [Test worker] DEBUG com.github.dockerjava.zerodep.shaded.org.apache.hc.client5.http.headers - http-outgoing-0 << Date: Mon, 26 Sep 2022 02:45:35 GMT
11:45:35.382 [Test worker] DEBUG com.github.dockerjava.zerodep.shaded.org.apache.hc.client5.http.headers - http-outgoing-0 << Docker-Experimental: false
11:45:35.382 [Test worker] DEBUG com.github.dockerjava.zerodep.shaded.org.apache.hc.client5.http.headers - http-outgoing-0 << Ostype: linux
11:45:35.382 [Test worker] DEBUG com.github.dockerjava.zerodep.shaded.org.apache.hc.client5.http.headers - http-outgoing-0 << Server: Docker/20.10.11 (linux)
11:45:35.382 [Test worker] DEBUG com.github.dockerjava.zerodep.shaded.org.apache.hc.client5.http.headers - http-outgoing-0 << Transfer-Encoding: chunked
11:45:35.382 [Test worker] DEBUG com.github.dockerjava.zerodep.shaded.org.apache.hc.client5.http.impl.classic.MainClientExec - ex-00000003: connection can be kept alive for 3 MINUTES
11:45:35.382 [Test worker] DEBUG com.github.dockerjava.zerodep.shaded.org.apache.hc.client5.http.wire - http-outgoing-0 << "ddd[\r][\n]"
11:45:35.383 [Test worker] DEBUG com.github.dockerjava.zerodep.shaded.org.apache.hc.client5.http.wire - http-outgoing-0 << "[{"Containers":-1,"Created":1663513781,"Id":"sha256:dc42d2cbad7ecb6049cd25306045d7427bf58c68eb5eff3b523667a333a19a00","Labels":null,"ParentId":"","RepoDigests":["xodud001/goals-node@sha256:ae2ecf7d1214ae4417c1957b19cab419e169aec0301d7431a794ad22b5a17eb6"],"RepoTags":["goals-node:latest","xodud001/goals-node:latest"],"SharedSize":-1,"Size":933616993,"VirtualSize":933616993},{"Containers":-1,"Created":1663513488,"Id":"sha256:a8e59790eb6e9cf95c26fa91a26493ce313e97a623c150a9c97fb25359241282","Labels":null,"ParentId":"","RepoDigests":["xodud001/goals-node@sha256:0f1d75e43789f9ee88be89cc2ba04585da8998ba81d96b4262b4a1fea4e87c64"],"RepoTags":null,"SharedSize":-1,"Size":878960069,"VirtualSize":878960069},{"Containers":-1,"Created":1663511751,"Id":"sha256:a86b8f14e72a20345919527a262d7aabca63eb4d7d9d634cc9ac09c321c1bd66","Labels":null,"ParentId":"","RepoDigests":["xodud001/goals-node@sha256:10f1cd0f29a7ce5ab78d3bc520083a72a6601214cffe051c6fa942228cf02fea"],"RepoTags":null,"SharedSize":-1,"Size":135078428,"VirtualSize":135078428},{"Containers":-1,"Created":1663192771,"Id":"sha256:5e229524f286e653111cb9d028bf1ba4c3490742c8cd18c84af22538f0e68575","Labels":null,"ParentId":"","RepoDigests":["mysql@sha256:b9532b1edea72b6cee12d9f5a78547bd3812ea5db842566e17f8b33291ed2921"],"RepoTags":["mysql:8"],"SharedSize":-1,"Size":493540210,"VirtualSize":493540210},{"Containers":-1,"Created":1648669074,"Id":"sha256:eb3f4a2767a37c46e2f5424f1f0e8e79ace6fad52400c3220a6b7f7092b52aff","Labels":null,"ParentId":"","RepoDigests":["mysql@sha256:041a3f0b3d58771afc64762b46289385f2b9126a14ab7b5895e83b87fd26f1bc"],"RepoTags":["mysql:8.0.28-oracle"],"SharedSize":-1,"Size":486243253,"VirtualSize":486243253},{"Containers":-1,"Created":1640079165,"Id":"sha256:f16c30136ff3a79def40bec008885e29e473e31d6da636501ca10e4d07b959dc","Labels":null,"ParentId":"","RepoDigests":["redis@sha256:db485f2e245b5b3329fdc7eff4eb00f913e09d8feb9ca720788059fdc2ed8339"],"RepoTags":["redis:latest"],"SharedSize":-1,"Size":107241839,"VirtualSize":107241839},{"Containers":-1,"Created":1636505334,"Id":"sha256:7eda4c38372fd9df7ce63b79880638b8bd52077a453c28a38c8cb0c96a26bd26","Labels":null,"ParentId":"","RepoDigests":["mariadb@sha256:0f04ae6f30c5a3295fb7cc9be5780c15ff21d6028f999b19f5803114c1e8559e"],"RepoTags":["mariadb:latest"],"SharedSize":-1,"Size":393638913,"VirtualSize":393638913},{"Containers":-1,"Created":1634200852,"Id":"sha256:146fb8d54138d1e861eaea12fc359a15db6bc52e8db67829b3ef20a9736ab367","Labels":null,"ParentId":"","RepoDigests":["testcontainers/ryuk@sha256:d50c04005142e165182b2e408d0c76f3cc38ca4db4af14125ce1b938820e5cef"],"RepoTags":["testcontainers/ryuk:0.3.3"],"SharedSize":-1,"Size":11506521,"VirtualSize":11506521},{"Containers":-1,"Created":1631727582,"Id":"sha256:e6a0117ec169eda93dc5ca978c6ac87580e36765a66097a6bfb6639a3bd4038a","Labels":{"org.label-schema.build-date":"20210915","org.label-schema.license":"GPLv2","org.label-schema.name":"CentOS Base Image","org.label-schema.schema-version":"1.0","org.label-schema.vendor":"CentOS"},"ParentId":"","RepoDigests":["centos@sha256:a27fd8080b517143cbbbab9dfb7c8571c40d67d534bbdee55bd6c473f432b177"],"RepoTags":["centos:latest"],"SharedSize":-1,"Size":271506418,"VirtualSize":271506418},{"Containers":-1,"Created":1624432351,"Id":"sha256:09361feeb4753ac9da80ead4d46e2b21247712c13c9ee3f1e5d55630c64c544f","Labels":null,"ParentId":"","RepoDigests":["mysql@sha256:1a2f9cd257e75cc80e9118b303d1648366bc2049101449bf2c8d82b022ea86b7"],"RepoTags":["mysql:5.7.34"],"SharedSize":-1,"Size":446995509,"VirtualSize":446995509}][\n]"
11:45:35.383 [Test worker] DEBUG com.github.dockerjava.zerodep.shaded.org.apache.hc.client5.http.wire - http-outgoing-0 << "[\r][\n]"
11:45:35.383 [Test worker] DEBUG com.github.dockerjava.zerodep.shaded.org.apache.hc.client5.http.wire - http-outgoing-0 << "0[\r][\n]"
11:45:35.383 [Test worker] DEBUG com.github.dockerjava.zerodep.shaded.org.apache.hc.client5.http.wire - http-outgoing-0 << "[\r][\n]"
11:45:35.385 [Test worker] DEBUG com.github.dockerjava.zerodep.shaded.org.apache.hc.client5.http.impl.classic.InternalHttpClient - ep-00000002: releasing valid endpoint
11:45:35.385 [Test worker] DEBUG com.github.dockerjava.zerodep.shaded.org.apache.hc.client5.http.impl.io.PoolingHttpClientConnectionManager - ep-00000002: releasing endpoint
11:45:35.385 [Test worker] DEBUG com.github.dockerjava.zerodep.shaded.org.apache.hc.client5.http.impl.io.PoolingHttpClientConnectionManager - ep-00000002: connection http-outgoing-0 can be kept alive for 3 MINUTES
11:45:35.385 [Test worker] DEBUG com.github.dockerjava.zerodep.shaded.org.apache.hc.client5.http.impl.io.PoolingHttpClientConnectionManager - ep-00000002: connection released [route: {}->unix://localhost:2375][total available: 1; route allocated: 1 of 2147483647; total allocated: 1 of 2147483647]
11:45:35.387 [Test worker] DEBUG org.testcontainers.images.LocalImagesCache - repoTags is null, skipping image: Image(created=1663513488, id=sha256:a8e59790eb6e9cf95c26fa91a26493ce313e97a623c150a9c97fb25359241282, parentId=, repoTags=null, repoDigests=[xodud001/goals-node@sha256:0f1d75e43789f9ee88be89cc2ba04585da8998ba81d96b4262b4a1fea4e87c64], size=878960069, virtualSize=878960069, sharedSize=-1, labels=null, containers=-1)
11:45:35.387 [Test worker] DEBUG org.testcontainers.images.LocalImagesCache - repoTags is null, skipping image: Image(created=1663511751, id=sha256:a86b8f14e72a20345919527a262d7aabca63eb4d7d9d634cc9ac09c321c1bd66, parentId=, repoTags=null, repoDigests=[xodud001/goals-node@sha256:10f1cd0f29a7ce5ab78d3bc520083a72a6601214cffe051c6fa942228cf02fea], size=135078428, virtualSize=135078428, sharedSize=-1, labels=null, containers=-1)
11:45:35.387 [Test worker] DEBUG org.testcontainers.images.AbstractImagePullPolicy - Using locally available and not pulling image: testcontainers/ryuk:0.3.3
11:45:35.387 [Test worker] DEBUG ]]>&#x1f433;<![CDATA[ [testcontainers/ryuk:0.3.3] - Starting container: testcontainers/ryuk:0.3.3
11:45:35.388 [Test worker] DEBUG ]]>&#x1f433;<![CDATA[ [testcontainers/ryuk:0.3.3] - Trying to start container: testcontainers/ryuk:0.3.3 (attempt 1/1)
11:45:35.388 [Test worker] DEBUG ]]>&#x1f433;<![CDATA[ [testcontainers/ryuk:0.3.3] - Starting container: testcontainers/ryuk:0.3.3
11:45:35.388 [Test worker] INFO ]]>&#x1f433;<![CDATA[ [testcontainers/ryuk:0.3.3] - Creating container for image: testcontainers/ryuk:0.3.3
11:45:35.394 [Test worker] DEBUG org.testcontainers.utility.RegistryAuthLocator - Looking up auth config for image: testcontainers/ryuk:0.3.3 at registry: https://index.docker.io/v1/
11:45:35.394 [Test worker] DEBUG org.testcontainers.utility.RegistryAuthLocator - RegistryAuthLocator has configFile: /Users/taeyoung/.docker/config.json (exists) and commandPathPrefix: 
11:45:35.395 [Test worker] DEBUG org.testcontainers.utility.RegistryAuthLocator - registryName [https://index.docker.io/v1/] for dockerImageName [testcontainers/ryuk:0.3.3]
11:45:35.395 [Test worker] DEBUG org.testcontainers.utility.RegistryAuthLocator - Executing docker credential provider: docker-credential-desktop to locate auth config for: https://index.docker.io/v1/
11:45:35.397 [Test worker] DEBUG org.testcontainers.shaded.org.zeroturnaround.exec.ProcessExecutor - Executing [docker-credential-desktop, get].
11:45:35.405 [Test worker] DEBUG org.testcontainers.shaded.org.zeroturnaround.exec.ProcessExecutor - Started Process[pid=95015, exitValue="not exited"]
11:45:35.492 [WaitForProcess-Process[pid=95015, exitValue="not exited"]] DEBUG org.testcontainers.shaded.org.zeroturnaround.exec.WaitForProcess - Process[pid=95015, exitValue=0] stopped with exit code 0
11:45:35.493 [Test worker] DEBUG org.testcontainers.utility.RegistryAuthLocator - Credential helper/store provided auth config for: https://index.docker.io/v1/
11:45:35.494 [Test worker] DEBUG org.testcontainers.utility.RegistryAuthLocator - found creds store auth config [AuthConfig{username=xodud001, password=hidden non-blank value, auth=blank, email=null, registryAddress=https://index.docker.io/v1/, registryToken=blank}]
11:45:35.494 [Test worker] DEBUG org.testcontainers.utility.RegistryAuthLocator - Cached auth found: [AuthConfig{username=xodud001, password=hidden non-blank value, auth=blank, email=null, registryAddress=https://index.docker.io/v1/, registryToken=blank}]
11:45:35.494 [Test worker] DEBUG org.testcontainers.dockerclient.AuthDelegatingDockerClientConfig - Effective auth config [AuthConfig{username=xodud001, password=hidden non-blank value, auth=blank, email=null, registryAddress=https://index.docker.io/v1/, registryToken=blank}]
11:45:35.499 [Test worker] DEBUG org.testcontainers.shaded.com.github.dockerjava.core.command.AbstrDockerCmd - Cmd: org.testcontainers.shaded.com.github.dockerjava.core.command.CreateContainerCmdImpl@187eb9a8[aliases=<null>,argsEscaped=<null>,attachStderr=<null>,attachStdin=<null>,attachStdout=<null>,authConfig=AuthConfig(username=xodud001, email=null, registryAddress=https://index.docker.io/v1/, stackOrchestrator=null),cmd={},domainName=<null>,entrypoint=<null>,env={},exposedPorts=ExposedPorts(exposedPorts=[8080/tcp]),healthcheck=<null>,hostConfig=HostConfig(binds=[/var/run/docker.sock:/var/run/docker.sock:rw], blkioWeight=null, blkioWeightDevice=null, blkioDeviceReadBps=null, blkioDeviceWriteBps=null, blkioDeviceReadIOps=null, blkioDeviceWriteIOps=null, memorySwappiness=null, nanoCPUs=null, capAdd=null, capDrop=null, containerIDFile=null, cpuPeriod=null, cpuRealtimePeriod=null, cpuRealtimeRuntime=null, cpuShares=null, cpuQuota=null, cpusetCpus=null, cpusetMems=null, devices=null, deviceCgroupRules=null, deviceRequests=null, diskQuota=null, dns=null, dnsOptions=null, dnsSearch=null, extraHosts=[], groupAdd=null, ipcMode=null, cgroup=null, links=[], logConfig=LogConfig(type=null, config=null), lxcConf=null, memory=null, memorySwap=null, memoryReservation=null, kernelMemory=null, networkMode=null, oomKillDisable=null, init=null, autoRemove=true, oomScoreAdj=null, portBindings={8080/tcp=[Lcom.github.dockerjava.api.model.Ports$Binding;@4565a70a}, privileged=false, publishAllPorts=null, readonlyRootfs=null, restartPolicy=null, ulimits=null, cpuCount=null, cpuPercent=null, ioMaximumIOps=null, ioMaximumBandwidth=null, volumesFrom=[], mounts=null, pidMode=null, isolation=null, securityOpts=null, storageOpt=null, cgroupParent=null, volumeDriver=null, shmSize=null, pidsLimit=null, runtime=null, tmpFs=null, utSMode=null, usernsMode=null, sysctls=null, consoleSize=null, cgroupnsMode=null),hostName=<null>,image=testcontainers/ryuk:0.3.3,ipv4Address=<null>,ipv6Address=<null>,labels={org.testcontainers=true},macAddress=<null>,name=testcontainers-ryuk-c5b4bded-8a7b-4309-a94c-5bb153977152,networkDisabled=<null>,networkingConfig=<null>,onBuild=<null>,platform=<null>,portSpecs=<null>,shell=<null>,stdInOnce=<null>,stdinOpen=<null>,stopSignal=<null>,stopTimeout=<null>,tty=<null>,user=<null>,volumes=Volumes(volumes=[]),workingDir=<null>]
11:45:35.535 [Test worker] DEBUG com.github.dockerjava.zerodep.shaded.org.apache.hc.client5.http.impl.classic.InternalHttpClient - ex-00000004: preparing request execution
11:45:35.536 [Test worker] DEBUG com.github.dockerjava.zerodep.shaded.org.apache.hc.client5.http.protocol.RequestAddCookies - Cookie spec selected: strict
11:45:35.536 [Test worker] DEBUG com.github.dockerjava.zerodep.shaded.org.apache.hc.client5.http.protocol.RequestAuthCache - Auth cache not set in the context
11:45:35.536 [Test worker] DEBUG com.github.dockerjava.zerodep.shaded.org.apache.hc.client5.http.impl.classic.ProtocolExec - ex-00000004: target auth state: UNCHALLENGED
11:45:35.536 [Test worker] DEBUG com.github.dockerjava.zerodep.shaded.org.apache.hc.client5.http.impl.classic.ProtocolExec - ex-00000004: proxy auth state: UNCHALLENGED
11:45:35.536 [Test worker] DEBUG com.github.dockerjava.zerodep.shaded.org.apache.hc.client5.http.impl.classic.ConnectExec - ex-00000004: acquiring connection with route {}->unix://localhost:2375
11:45:35.536 [Test worker] DEBUG com.github.dockerjava.zerodep.shaded.org.apache.hc.client5.http.impl.classic.InternalHttpClient - ex-00000004: acquiring endpoint (3 MINUTES)
11:45:35.536 [Test worker] DEBUG com.github.dockerjava.zerodep.shaded.org.apache.hc.client5.http.impl.io.PoolingHttpClientConnectionManager - ex-00000004: endpoint lease request (3 MINUTES) [route: {}->unix://localhost:2375][total available: 1; route allocated: 1 of 2147483647; total allocated: 1 of 2147483647]
11:45:35.536 [Test worker] DEBUG com.github.dockerjava.zerodep.shaded.org.apache.hc.client5.http.impl.io.PoolingHttpClientConnectionManager - ex-00000004: endpoint leased [route: {}->unix://localhost:2375][total available: 0; route allocated: 1 of 2147483647; total allocated: 1 of 2147483647]
11:45:35.536 [Test worker] DEBUG com.github.dockerjava.zerodep.shaded.org.apache.hc.client5.http.impl.io.PoolingHttpClientConnectionManager - ex-00000004: acquired ep-00000003
11:45:35.536 [Test worker] DEBUG com.github.dockerjava.zerodep.shaded.org.apache.hc.client5.http.impl.classic.InternalHttpClient - ex-00000004: acquired endpoint ep-00000003
11:45:35.536 [Test worker] DEBUG com.github.dockerjava.zerodep.shaded.org.apache.hc.client5.http.impl.classic.MainClientExec - ex-00000004: executing POST /v1.32/containers/create?name=testcontainers-ryuk-c5b4bded-8a7b-4309-a94c-5bb153977152 HTTP/1.1
11:45:35.536 [Test worker] DEBUG com.github.dockerjava.zerodep.shaded.org.apache.hc.client5.http.impl.classic.InternalHttpClient - ep-00000003: start execution ex-00000004
11:45:35.536 [Test worker] DEBUG com.github.dockerjava.zerodep.shaded.org.apache.hc.client5.http.impl.io.PoolingHttpClientConnectionManager - ep-00000003: executing exchange ex-00000004 over http-outgoing-0
11:45:35.536 [Test worker] DEBUG com.github.dockerjava.zerodep.shaded.org.apache.hc.client5.http.headers - http-outgoing-0 >> POST /v1.32/containers/create?name=testcontainers-ryuk-c5b4bded-8a7b-4309-a94c-5bb153977152 HTTP/1.1
11:45:35.536 [Test worker] DEBUG com.github.dockerjava.zerodep.shaded.org.apache.hc.client5.http.headers - http-outgoing-0 >> X-Registry-Auth: eyJ1c2VybmFtZSI6InhvZHVkMDAxIiwicGFzc3dvcmQiOiIxIWRsc3Zsc2x4bCIsImVtYWlsIjpudWxsLCJzZXJ2ZXJhZGRyZXNzIjoiaHR0cHM6Ly9pbmRleC5kb2NrZXIuaW8vdjEvIiwiYXV0aCI6bnVsbCwicmVnaXN0cnl0b2tlbiI6bnVsbCwiaWRlbnRpdHl0b2tlbiI6bnVsbCwic3RhY2tPcmNoZXN0cmF0b3IiOm51bGx9
11:45:35.536 [Test worker] DEBUG com.github.dockerjava.zerodep.shaded.org.apache.hc.client5.http.headers - http-outgoing-0 >> accept: application/json
11:45:35.536 [Test worker] DEBUG com.github.dockerjava.zerodep.shaded.org.apache.hc.client5.http.headers - http-outgoing-0 >> content-type: application/json
11:45:35.536 [Test worker] DEBUG com.github.dockerjava.zerodep.shaded.org.apache.hc.client5.http.headers - http-outgoing-0 >> x-tc-sid: c5b4bded-8a7b-4309-a94c-5bb153977152
11:45:35.536 [Test worker] DEBUG com.github.dockerjava.zerodep.shaded.org.apache.hc.client5.http.headers - http-outgoing-0 >> Accept-Encoding: gzip, x-gzip, deflate
11:45:35.536 [Test worker] DEBUG com.github.dockerjava.zerodep.shaded.org.apache.hc.client5.http.headers - http-outgoing-0 >> Content-Length: 1884
11:45:35.536 [Test worker] DEBUG com.github.dockerjava.zerodep.shaded.org.apache.hc.client5.http.headers - http-outgoing-0 >> Host: localhost:2375
11:45:35.536 [Test worker] DEBUG com.github.dockerjava.zerodep.shaded.org.apache.hc.client5.http.headers - http-outgoing-0 >> Connection: keep-alive
11:45:35.536 [Test worker] DEBUG com.github.dockerjava.zerodep.shaded.org.apache.hc.client5.http.headers - http-outgoing-0 >> User-Agent: Apache-HttpClient/5.0.3 (Java/17.0.3)
11:45:35.536 [Test worker] DEBUG com.github.dockerjava.zerodep.shaded.org.apache.hc.client5.http.wire - http-outgoing-0 >> "POST /v1.32/containers/create?name=testcontainers-ryuk-c5b4bded-8a7b-4309-a94c-5bb153977152 HTTP/1.1[\r][\n]"
11:45:35.536 [Test worker] DEBUG com.github.dockerjava.zerodep.shaded.org.apache.hc.client5.http.wire - http-outgoing-0 >> "X-Registry-Auth: eyJ1c2VybmFtZSI6InhvZHVkMDAxIiwicGFzc3dvcmQiOiIxIWRsc3Zsc2x4bCIsImVtYWlsIjpudWxsLCJzZXJ2ZXJhZGRyZXNzIjoiaHR0cHM6Ly9pbmRleC5kb2NrZXIuaW8vdjEvIiwiYXV0aCI6bnVsbCwicmVnaXN0cnl0b2tlbiI6bnVsbCwiaWRlbnRpdHl0b2tlbiI6bnVsbCwic3RhY2tPcmNoZXN0cmF0b3IiOm51bGx9[\r][\n]"
11:45:35.537 [Test worker] DEBUG com.github.dockerjava.zerodep.shaded.org.apache.hc.client5.http.wire - http-outgoing-0 >> "accept: application/json[\r][\n]"
11:45:35.537 [Test worker] DEBUG com.github.dockerjava.zerodep.shaded.org.apache.hc.client5.http.wire - http-outgoing-0 >> "content-type: application/json[\r][\n]"
11:45:35.537 [Test worker] DEBUG com.github.dockerjava.zerodep.shaded.org.apache.hc.client5.http.wire - http-outgoing-0 >> "x-tc-sid: c5b4bded-8a7b-4309-a94c-5bb153977152[\r][\n]"
11:45:35.537 [Test worker] DEBUG com.github.dockerjava.zerodep.shaded.org.apache.hc.client5.http.wire - http-outgoing-0 >> "Accept-Encoding: gzip, x-gzip, deflate[\r][\n]"
11:45:35.537 [Test worker] DEBUG com.github.dockerjava.zerodep.shaded.org.apache.hc.client5.http.wire - http-outgoing-0 >> "Content-Length: 1884[\r][\n]"
11:45:35.537 [Test worker] DEBUG com.github.dockerjava.zerodep.shaded.org.apache.hc.client5.http.wire - http-outgoing-0 >> "Host: localhost:2375[\r][\n]"
11:45:35.537 [Test worker] DEBUG com.github.dockerjava.zerodep.shaded.org.apache.hc.client5.http.wire - http-outgoing-0 >> "Connection: keep-alive[\r][\n]"
11:45:35.537 [Test worker] DEBUG com.github.dockerjava.zerodep.shaded.org.apache.hc.client5.http.wire - http-outgoing-0 >> "User-Agent: Apache-HttpClient/5.0.3 (Java/17.0.3)[\r][\n]"
11:45:35.537 [Test worker] DEBUG com.github.dockerjava.zerodep.shaded.org.apache.hc.client5.http.wire - http-outgoing-0 >> "[\r][\n]"
11:45:35.537 [Test worker] DEBUG com.github.dockerjava.zerodep.shaded.org.apache.hc.client5.http.wire - http-outgoing-0 >> "{"Hostname":null,"Domainname":null,"User":null,"AttachStdin":null,"AttachStdout":null,"AttachStderr":null,"PortSpecs":null,"Tty":null,"OpenStdin":null,"StdinOnce":null,"Env":[],"Cmd":[],"Healthcheck":null,"ArgsEscaped":null,"Entrypoint":null,"Image":"testcontainers/ryuk:0.3.3","Volumes":{},"WorkingDir":null,"MacAddress":null,"OnBuild":null,"NetworkDisabled":null,"ExposedPorts":{"8080/tcp":{}},"StopSignal":null,"StopTimeout":null,"HostConfig":{"Binds":["/var/run/docker.sock:/var/run/docker.sock:rw"],"BlkioWeight":null,"BlkioWeightDevice":null,"BlkioDeviceReadBps":null,"BlkioDeviceWriteBps":null,"BlkioDeviceReadIOps":null,"BlkioDeviceWriteIOps":null,"MemorySwappiness":null,"NanoCpus":null,"CapAdd":null,"CapDrop":null,"ContainerIDFile":null,"CpuPeriod":null,"CpuRealtimePeriod":null,"CpuRealtimeRuntime":null,"CpuShares":null,"CpuQuota":null,"CpusetCpus":null,"CpusetMems":null,"Devices":null,"DeviceCgroupRules":null,"DeviceRequests":null,"DiskQuota":null,"Dns":null,"DnsOptions":null,"DnsSearch":null,"ExtraHosts":[],"GroupAdd":null,"IpcMode":null,"Cgroup":null,"Links":[],"LogConfig":null,"LxcConf":null,"Memory":null,"MemorySwap":null,"MemoryReservation":null,"KernelMemory":null,"NetworkMode":null,"OomKillDisable":null,"Init":null,"AutoRemove":true,"OomScoreAdj":null,"PortBindings":{"8080/tcp":[{"HostIp":"","HostPort":""}]},"Privileged":false,"PublishAllPorts":null,"ReadonlyRootfs":null,"RestartPolicy":null,"Ulimits":null,"CpuCount":null,"CpuPercent":null,"IOMaximumIOps":null,"IOMaximumBandwidth":null,"VolumesFrom":[],"Mounts":null,"PidMode":null,"Isolation":null,"SecurityOpt":null,"StorageOpt":null,"CgroupParent":null,"VolumeDriver":null,"ShmSize":null,"PidsLimit":null,"Runtime":null,"Tmpfs":null,"UTSMode":null,"UsernsMode":null,"Sysctls":null,"ConsoleSize":null,"CgroupnsMode":null},"Labels":{"org.testcontainers":"true"},"Shell":null,"NetworkingConfig":null}"
11:45:35.594 [Test worker] DEBUG com.github.dockerjava.zerodep.shaded.org.apache.hc.client5.http.wire - http-outgoing-0 << "HTTP/1.1 201 Created[\r][\n]"
11:45:35.594 [Test worker] DEBUG com.github.dockerjava.zerodep.shaded.org.apache.hc.client5.http.wire - http-outgoing-0 << "Api-Version: 1.41[\r][\n]"
11:45:35.594 [Test worker] DEBUG com.github.dockerjava.zerodep.shaded.org.apache.hc.client5.http.wire - http-outgoing-0 << "Content-Type: application/json[\r][\n]"
11:45:35.595 [Test worker] DEBUG com.github.dockerjava.zerodep.shaded.org.apache.hc.client5.http.wire - http-outgoing-0 << "Date: Mon, 26 Sep 2022 02:45:35 GMT[\r][\n]"
11:45:35.595 [Test worker] DEBUG com.github.dockerjava.zerodep.shaded.org.apache.hc.client5.http.wire - http-outgoing-0 << "Docker-Experimental: false[\r][\n]"
11:45:35.595 [Test worker] DEBUG com.github.dockerjava.zerodep.shaded.org.apache.hc.client5.http.wire - http-outgoing-0 << "Ostype: linux[\r][\n]"
11:45:35.595 [Test worker] DEBUG com.github.dockerjava.zerodep.shaded.org.apache.hc.client5.http.wire - http-outgoing-0 << "Server: Docker/20.10.11 (linux)[\r][\n]"
11:45:35.595 [Test worker] DEBUG com.github.dockerjava.zerodep.shaded.org.apache.hc.client5.http.wire - http-outgoing-0 << "Transfer-Encoding: chunked[\r][\n]"
11:45:35.595 [Test worker] DEBUG com.github.dockerjava.zerodep.shaded.org.apache.hc.client5.http.wire - http-outgoing-0 << "[\r][\n]"
11:45:35.595 [Test worker] DEBUG com.github.dockerjava.zerodep.shaded.org.apache.hc.client5.http.headers - http-outgoing-0 << HTTP/1.1 201 Created
11:45:35.595 [Test worker] DEBUG com.github.dockerjava.zerodep.shaded.org.apache.hc.client5.http.headers - http-outgoing-0 << Api-Version: 1.41
11:45:35.595 [Test worker] DEBUG com.github.dockerjava.zerodep.shaded.org.apache.hc.client5.http.headers - http-outgoing-0 << Content-Type: application/json
11:45:35.595 [Test worker] DEBUG com.github.dockerjava.zerodep.shaded.org.apache.hc.client5.http.headers - http-outgoing-0 << Date: Mon, 26 Sep 2022 02:45:35 GMT
11:45:35.595 [Test worker] DEBUG com.github.dockerjava.zerodep.shaded.org.apache.hc.client5.http.headers - http-outgoing-0 << Docker-Experimental: false
11:45:35.595 [Test worker] DEBUG com.github.dockerjava.zerodep.shaded.org.apache.hc.client5.http.headers - http-outgoing-0 << Ostype: linux
11:45:35.595 [Test worker] DEBUG com.github.dockerjava.zerodep.shaded.org.apache.hc.client5.http.headers - http-outgoing-0 << Server: Docker/20.10.11 (linux)
11:45:35.595 [Test worker] DEBUG com.github.dockerjava.zerodep.shaded.org.apache.hc.client5.http.headers - http-outgoing-0 << Transfer-Encoding: chunked
11:45:35.595 [Test worker] DEBUG com.github.dockerjava.zerodep.shaded.org.apache.hc.client5.http.impl.classic.MainClientExec - ex-00000004: connection can be kept alive for 3 MINUTES
11:45:35.595 [Test worker] DEBUG com.github.dockerjava.zerodep.shaded.org.apache.hc.client5.http.wire - http-outgoing-0 << "58[\r][\n]"
11:45:35.595 [Test worker] DEBUG com.github.dockerjava.zerodep.shaded.org.apache.hc.client5.http.wire - http-outgoing-0 << "{"Id":"f2b10093710276f8355cd86ce8a9bc15d1f8a8a8eaec6f3d805dd4060d2565fa","Warnings":[]}[\n]"
11:45:35.595 [Test worker] DEBUG com.github.dockerjava.zerodep.shaded.org.apache.hc.client5.http.wire - http-outgoing-0 << "[\r][\n]"
11:45:35.595 [Test worker] DEBUG com.github.dockerjava.zerodep.shaded.org.apache.hc.client5.http.wire - http-outgoing-0 << "0[\r][\n]"
11:45:35.595 [Test worker] DEBUG com.github.dockerjava.zerodep.shaded.org.apache.hc.client5.http.wire - http-outgoing-0 << "[\r][\n]"
11:45:35.596 [Test worker] DEBUG com.github.dockerjava.zerodep.shaded.org.apache.hc.client5.http.impl.classic.InternalHttpClient - ep-00000003: releasing valid endpoint
11:45:35.596 [Test worker] DEBUG com.github.dockerjava.zerodep.shaded.org.apache.hc.client5.http.impl.io.PoolingHttpClientConnectionManager - ep-00000003: releasing endpoint
11:45:35.596 [Test worker] DEBUG com.github.dockerjava.zerodep.shaded.org.apache.hc.client5.http.impl.io.PoolingHttpClientConnectionManager - ep-00000003: connection http-outgoing-0 can be kept alive for 3 MINUTES
11:45:35.596 [Test worker] DEBUG com.github.dockerjava.zerodep.shaded.org.apache.hc.client5.http.impl.io.PoolingHttpClientConnectionManager - ep-00000003: connection released [route: {}->unix://localhost:2375][total available: 1; route allocated: 1 of 2147483647; total allocated: 1 of 2147483647]
11:45:35.599 [Test worker] INFO ]]>&#x1f433;<![CDATA[ [testcontainers/ryuk:0.3.3] - Container testcontainers/ryuk:0.3.3 is starting: f2b10093710276f8355cd86ce8a9bc15d1f8a8a8eaec6f3d805dd4060d2565fa
11:45:35.599 [Test worker] DEBUG org.testcontainers.shaded.com.github.dockerjava.core.command.AbstrDockerCmd - Cmd: f2b10093710276f8355cd86ce8a9bc15d1f8a8a8eaec6f3d805dd4060d2565fa
11:45:35.600 [Test worker] DEBUG com.github.dockerjava.zerodep.shaded.org.apache.hc.client5.http.impl.classic.InternalHttpClient - ex-00000005: preparing request execution
11:45:35.600 [Test worker] DEBUG com.github.dockerjava.zerodep.shaded.org.apache.hc.client5.http.protocol.RequestAddCookies - Cookie spec selected: strict
11:45:35.600 [Test worker] DEBUG com.github.dockerjava.zerodep.shaded.org.apache.hc.client5.http.protocol.RequestAuthCache - Auth cache not set in the context
11:45:35.600 [Test worker] DEBUG com.github.dockerjava.zerodep.shaded.org.apache.hc.client5.http.impl.classic.ProtocolExec - ex-00000005: target auth state: UNCHALLENGED
11:45:35.600 [Test worker] DEBUG com.github.dockerjava.zerodep.shaded.org.apache.hc.client5.http.impl.classic.ProtocolExec - ex-00000005: proxy auth state: UNCHALLENGED
11:45:35.600 [Test worker] DEBUG com.github.dockerjava.zerodep.shaded.org.apache.hc.client5.http.impl.classic.ConnectExec - ex-00000005: acquiring connection with route {}->unix://localhost:2375
11:45:35.600 [Test worker] DEBUG com.github.dockerjava.zerodep.shaded.org.apache.hc.client5.http.impl.classic.InternalHttpClient - ex-00000005: acquiring endpoint (3 MINUTES)
11:45:35.600 [Test worker] DEBUG com.github.dockerjava.zerodep.shaded.org.apache.hc.client5.http.impl.io.PoolingHttpClientConnectionManager - ex-00000005: endpoint lease request (3 MINUTES) [route: {}->unix://localhost:2375][total available: 1; route allocated: 1 of 2147483647; total allocated: 1 of 2147483647]
11:45:35.600 [Test worker] DEBUG com.github.dockerjava.zerodep.shaded.org.apache.hc.client5.http.impl.io.PoolingHttpClientConnectionManager - ex-00000005: endpoint leased [route: {}->unix://localhost:2375][total available: 0; route allocated: 1 of 2147483647; total allocated: 1 of 2147483647]
11:45:35.600 [Test worker] DEBUG com.github.dockerjava.zerodep.shaded.org.apache.hc.client5.http.impl.io.PoolingHttpClientConnectionManager - ex-00000005: acquired ep-00000004
11:45:35.600 [Test worker] DEBUG com.github.dockerjava.zerodep.shaded.org.apache.hc.client5.http.impl.classic.InternalHttpClient - ex-00000005: acquired endpoint ep-00000004
11:45:35.600 [Test worker] DEBUG com.github.dockerjava.zerodep.shaded.org.apache.hc.client5.http.impl.classic.MainClientExec - ex-00000005: executing POST /v1.32/containers/f2b10093710276f8355cd86ce8a9bc15d1f8a8a8eaec6f3d805dd4060d2565fa/start HTTP/1.1
11:45:35.600 [Test worker] DEBUG com.github.dockerjava.zerodep.shaded.org.apache.hc.client5.http.impl.classic.InternalHttpClient - ep-00000004: start execution ex-00000005
11:45:35.600 [Test worker] DEBUG com.github.dockerjava.zerodep.shaded.org.apache.hc.client5.http.impl.io.PoolingHttpClientConnectionManager - ep-00000004: executing exchange ex-00000005 over http-outgoing-0
11:45:35.600 [Test worker] DEBUG com.github.dockerjava.zerodep.shaded.org.apache.hc.client5.http.headers - http-outgoing-0 >> POST /v1.32/containers/f2b10093710276f8355cd86ce8a9bc15d1f8a8a8eaec6f3d805dd4060d2565fa/start HTTP/1.1
11:45:35.600 [Test worker] DEBUG com.github.dockerjava.zerodep.shaded.org.apache.hc.client5.http.headers - http-outgoing-0 >> accept: application/json
11:45:35.600 [Test worker] DEBUG com.github.dockerjava.zerodep.shaded.org.apache.hc.client5.http.headers - http-outgoing-0 >> content-type: application/json
11:45:35.600 [Test worker] DEBUG com.github.dockerjava.zerodep.shaded.org.apache.hc.client5.http.headers - http-outgoing-0 >> x-tc-sid: c5b4bded-8a7b-4309-a94c-5bb153977152
11:45:35.600 [Test worker] DEBUG com.github.dockerjava.zerodep.shaded.org.apache.hc.client5.http.headers - http-outgoing-0 >> Accept-Encoding: gzip, x-gzip, deflate
11:45:35.600 [Test worker] DEBUG com.github.dockerjava.zerodep.shaded.org.apache.hc.client5.http.headers - http-outgoing-0 >> Host: localhost:2375
11:45:35.600 [Test worker] DEBUG com.github.dockerjava.zerodep.shaded.org.apache.hc.client5.http.headers - http-outgoing-0 >> Connection: keep-alive
11:45:35.600 [Test worker] DEBUG com.github.dockerjava.zerodep.shaded.org.apache.hc.client5.http.headers - http-outgoing-0 >> User-Agent: Apache-HttpClient/5.0.3 (Java/17.0.3)
11:45:35.600 [Test worker] DEBUG com.github.dockerjava.zerodep.shaded.org.apache.hc.client5.http.wire - http-outgoing-0 >> "POST /v1.32/containers/f2b10093710276f8355cd86ce8a9bc15d1f8a8a8eaec6f3d805dd4060d2565fa/start HTTP/1.1[\r][\n]"
11:45:35.601 [Test worker] DEBUG com.github.dockerjava.zerodep.shaded.org.apache.hc.client5.http.wire - http-outgoing-0 >> "accept: application/json[\r][\n]"
11:45:35.601 [Test worker] DEBUG com.github.dockerjava.zerodep.shaded.org.apache.hc.client5.http.wire - http-outgoing-0 >> "content-type: application/json[\r][\n]"
11:45:35.601 [Test worker] DEBUG com.github.dockerjava.zerodep.shaded.org.apache.hc.client5.http.wire - http-outgoing-0 >> "x-tc-sid: c5b4bded-8a7b-4309-a94c-5bb153977152[\r][\n]"
11:45:35.601 [Test worker] DEBUG com.github.dockerjava.zerodep.shaded.org.apache.hc.client5.http.wire - http-outgoing-0 >> "Accept-Encoding: gzip, x-gzip, deflate[\r][\n]"
11:45:35.601 [Test worker] DEBUG com.github.dockerjava.zerodep.shaded.org.apache.hc.client5.http.wire - http-outgoing-0 >> "Host: localhost:2375[\r][\n]"
11:45:35.601 [Test worker] DEBUG com.github.dockerjava.zerodep.shaded.org.apache.hc.client5.http.wire - http-outgoing-0 >> "Connection: keep-alive[\r][\n]"
11:45:35.601 [Test worker] DEBUG com.github.dockerjava.zerodep.shaded.org.apache.hc.client5.http.wire - http-outgoing-0 >> "User-Agent: Apache-HttpClient/5.0.3 (Java/17.0.3)[\r][\n]"
11:45:35.601 [Test worker] DEBUG com.github.dockerjava.zerodep.shaded.org.apache.hc.client5.http.wire - http-outgoing-0 >> "[\r][\n]"
11:45:35.940 [Test worker] DEBUG com.github.dockerjava.zerodep.shaded.org.apache.hc.client5.http.wire - http-outgoing-0 << "HTTP/1.1 204 No Content[\r][\n]"
11:45:35.940 [Test worker] DEBUG com.github.dockerjava.zerodep.shaded.org.apache.hc.client5.http.wire - http-outgoing-0 << "Api-Version: 1.41[\r][\n]"
11:45:35.940 [Test worker] DEBUG com.github.dockerjava.zerodep.shaded.org.apache.hc.client5.http.wire - http-outgoing-0 << "Date: Mon, 26 Sep 2022 02:45:35 GMT[\r][\n]"
11:45:35.940 [Test worker] DEBUG com.github.dockerjava.zerodep.shaded.org.apache.hc.client5.http.wire - http-outgoing-0 << "Docker-Experimental: false[\r][\n]"
11:45:35.940 [Test worker] DEBUG com.github.dockerjava.zerodep.shaded.org.apache.hc.client5.http.wire - http-outgoing-0 << "Ostype: linux[\r][\n]"
11:45:35.940 [Test worker] DEBUG com.github.dockerjava.zerodep.shaded.org.apache.hc.client5.http.wire - http-outgoing-0 << "Server: Docker/20.10.11 (linux)[\r][\n]"
11:45:35.940 [Test worker] DEBUG com.github.dockerjava.zerodep.shaded.org.apache.hc.client5.http.wire - http-outgoing-0 << "[\r][\n]"
11:45:35.940 [Test worker] DEBUG com.github.dockerjava.zerodep.shaded.org.apache.hc.client5.http.headers - http-outgoing-0 << HTTP/1.1 204 No Content
11:45:35.940 [Test worker] DEBUG com.github.dockerjava.zerodep.shaded.org.apache.hc.client5.http.headers - http-outgoing-0 << Api-Version: 1.41
11:45:35.940 [Test worker] DEBUG com.github.dockerjava.zerodep.shaded.org.apache.hc.client5.http.headers - http-outgoing-0 << Date: Mon, 26 Sep 2022 02:45:35 GMT
11:45:35.940 [Test worker] DEBUG com.github.dockerjava.zerodep.shaded.org.apache.hc.client5.http.headers - http-outgoing-0 << Docker-Experimental: false
11:45:35.940 [Test worker] DEBUG com.github.dockerjava.zerodep.shaded.org.apache.hc.client5.http.headers - http-outgoing-0 << Ostype: linux
11:45:35.940 [Test worker] DEBUG com.github.dockerjava.zerodep.shaded.org.apache.hc.client5.http.headers - http-outgoing-0 << Server: Docker/20.10.11 (linux)
11:45:35.940 [Test worker] DEBUG com.github.dockerjava.zerodep.shaded.org.apache.hc.client5.http.impl.classic.MainClientExec - ex-00000005: connection can be kept alive for 3 MINUTES
11:45:35.940 [Test worker] DEBUG com.github.dockerjava.zerodep.shaded.org.apache.hc.client5.http.impl.classic.InternalHttpClient - ep-00000004: releasing valid endpoint
11:45:35.940 [Test worker] DEBUG com.github.dockerjava.zerodep.shaded.org.apache.hc.client5.http.impl.io.PoolingHttpClientConnectionManager - ep-00000004: releasing endpoint
11:45:35.940 [Test worker] DEBUG com.github.dockerjava.zerodep.shaded.org.apache.hc.client5.http.impl.io.PoolingHttpClientConnectionManager - ep-00000004: connection http-outgoing-0 can be kept alive for 3 MINUTES
11:45:35.940 [Test worker] DEBUG com.github.dockerjava.zerodep.shaded.org.apache.hc.client5.http.impl.io.PoolingHttpClientConnectionManager - ep-00000004: connection released [route: {}->unix://localhost:2375][total available: 1; route allocated: 1 of 2147483647; total allocated: 1 of 2147483647]
11:45:35.944 [Test worker] DEBUG org.testcontainers.shaded.com.github.dockerjava.core.command.AbstrDockerCmd - Cmd: f2b10093710276f8355cd86ce8a9bc15d1f8a8a8eaec6f3d805dd4060d2565fa,false
11:45:35.944 [Test worker] DEBUG org.testcontainers.shaded.com.github.dockerjava.core.exec.InspectContainerCmdExec - GET: DefaultWebTarget{path=[/containers/f2b10093710276f8355cd86ce8a9bc15d1f8a8a8eaec6f3d805dd4060d2565fa/json], queryParams={}}
11:45:35.944 [Test worker] DEBUG com.github.dockerjava.zerodep.shaded.org.apache.hc.client5.http.impl.classic.InternalHttpClient - ex-00000006: preparing request execution
11:45:35.944 [Test worker] DEBUG com.github.dockerjava.zerodep.shaded.org.apache.hc.client5.http.protocol.RequestAddCookies - Cookie spec selected: strict
11:45:35.944 [Test worker] DEBUG com.github.dockerjava.zerodep.shaded.org.apache.hc.client5.http.protocol.RequestAuthCache - Auth cache not set in the context
11:45:35.944 [Test worker] DEBUG com.github.dockerjava.zerodep.shaded.org.apache.hc.client5.http.impl.classic.ProtocolExec - ex-00000006: target auth state: UNCHALLENGED
11:45:35.945 [Test worker] DEBUG com.github.dockerjava.zerodep.shaded.org.apache.hc.client5.http.impl.classic.ProtocolExec - ex-00000006: proxy auth state: UNCHALLENGED
11:45:35.945 [Test worker] DEBUG com.github.dockerjava.zerodep.shaded.org.apache.hc.client5.http.impl.classic.ConnectExec - ex-00000006: acquiring connection with route {}->unix://localhost:2375
11:45:35.945 [Test worker] DEBUG com.github.dockerjava.zerodep.shaded.org.apache.hc.client5.http.impl.classic.InternalHttpClient - ex-00000006: acquiring endpoint (3 MINUTES)
11:45:35.945 [Test worker] DEBUG com.github.dockerjava.zerodep.shaded.org.apache.hc.client5.http.impl.io.PoolingHttpClientConnectionManager - ex-00000006: endpoint lease request (3 MINUTES) [route: {}->unix://localhost:2375][total available: 1; route allocated: 1 of 2147483647; total allocated: 1 of 2147483647]
11:45:35.945 [Test worker] DEBUG com.github.dockerjava.zerodep.shaded.org.apache.hc.client5.http.impl.io.PoolingHttpClientConnectionManager - ex-00000006: endpoint leased [route: {}->unix://localhost:2375][total available: 0; route allocated: 1 of 2147483647; total allocated: 1 of 2147483647]
11:45:35.945 [Test worker] DEBUG com.github.dockerjava.zerodep.shaded.org.apache.hc.client5.http.impl.io.PoolingHttpClientConnectionManager - ex-00000006: acquired ep-00000005
11:45:35.945 [Test worker] DEBUG com.github.dockerjava.zerodep.shaded.org.apache.hc.client5.http.impl.classic.InternalHttpClient - ex-00000006: acquired endpoint ep-00000005
11:45:35.945 [Test worker] DEBUG com.github.dockerjava.zerodep.shaded.org.apache.hc.client5.http.impl.classic.MainClientExec - ex-00000006: executing GET /v1.32/containers/f2b10093710276f8355cd86ce8a9bc15d1f8a8a8eaec6f3d805dd4060d2565fa/json HTTP/1.1
11:45:35.945 [Test worker] DEBUG com.github.dockerjava.zerodep.shaded.org.apache.hc.client5.http.impl.classic.InternalHttpClient - ep-00000005: start execution ex-00000006
11:45:35.945 [Test worker] DEBUG com.github.dockerjava.zerodep.shaded.org.apache.hc.client5.http.impl.io.PoolingHttpClientConnectionManager - ep-00000005: executing exchange ex-00000006 over http-outgoing-0
11:45:35.945 [Test worker] DEBUG com.github.dockerjava.zerodep.shaded.org.apache.hc.client5.http.headers - http-outgoing-0 >> GET /v1.32/containers/f2b10093710276f8355cd86ce8a9bc15d1f8a8a8eaec6f3d805dd4060d2565fa/json HTTP/1.1
11:45:35.945 [Test worker] DEBUG com.github.dockerjava.zerodep.shaded.org.apache.hc.client5.http.headers - http-outgoing-0 >> accept: application/json
11:45:35.945 [Test worker] DEBUG com.github.dockerjava.zerodep.shaded.org.apache.hc.client5.http.headers - http-outgoing-0 >> x-tc-sid: c5b4bded-8a7b-4309-a94c-5bb153977152
11:45:35.945 [Test worker] DEBUG com.github.dockerjava.zerodep.shaded.org.apache.hc.client5.http.headers - http-outgoing-0 >> Accept-Encoding: gzip, x-gzip, deflate
11:45:35.945 [Test worker] DEBUG com.github.dockerjava.zerodep.shaded.org.apache.hc.client5.http.headers - http-outgoing-0 >> Host: localhost:2375
11:45:35.945 [Test worker] DEBUG com.github.dockerjava.zerodep.shaded.org.apache.hc.client5.http.headers - http-outgoing-0 >> Connection: keep-alive
11:45:35.945 [Test worker] DEBUG com.github.dockerjava.zerodep.shaded.org.apache.hc.client5.http.headers - http-outgoing-0 >> User-Agent: Apache-HttpClient/5.0.3 (Java/17.0.3)
11:45:35.945 [Test worker] DEBUG com.github.dockerjava.zerodep.shaded.org.apache.hc.client5.http.wire - http-outgoing-0 >> "GET /v1.32/containers/f2b10093710276f8355cd86ce8a9bc15d1f8a8a8eaec6f3d805dd4060d2565fa/json HTTP/1.1[\r][\n]"
11:45:35.945 [Test worker] DEBUG com.github.dockerjava.zerodep.shaded.org.apache.hc.client5.http.wire - http-outgoing-0 >> "accept: application/json[\r][\n]"
11:45:35.945 [Test worker] DEBUG com.github.dockerjava.zerodep.shaded.org.apache.hc.client5.http.wire - http-outgoing-0 >> "x-tc-sid: c5b4bded-8a7b-4309-a94c-5bb153977152[\r][\n]"
11:45:35.945 [Test worker] DEBUG com.github.dockerjava.zerodep.shaded.org.apache.hc.client5.http.wire - http-outgoing-0 >> "Accept-Encoding: gzip, x-gzip, deflate[\r][\n]"
11:45:35.945 [Test worker] DEBUG com.github.dockerjava.zerodep.shaded.org.apache.hc.client5.http.wire - http-outgoing-0 >> "Host: localhost:2375[\r][\n]"
11:45:35.945 [Test worker] DEBUG com.github.dockerjava.zerodep.shaded.org.apache.hc.client5.http.wire - http-outgoing-0 >> "Connection: keep-alive[\r][\n]"
11:45:35.945 [Test worker] DEBUG com.github.dockerjava.zerodep.shaded.org.apache.hc.client5.http.wire - http-outgoing-0 >> "User-Agent: Apache-HttpClient/5.0.3 (Java/17.0.3)[\r][\n]"
11:45:35.945 [Test worker] DEBUG com.github.dockerjava.zerodep.shaded.org.apache.hc.client5.http.wire - http-outgoing-0 >> "[\r][\n]"
11:45:35.949 [Test worker] DEBUG com.github.dockerjava.zerodep.shaded.org.apache.hc.client5.http.wire - http-outgoing-0 << "HTTP/1.1 200 OK[\r][\n]"
11:45:35.949 [Test worker] DEBUG com.github.dockerjava.zerodep.shaded.org.apache.hc.client5.http.wire - http-outgoing-0 << "Api-Version: 1.41[\r][\n]"
11:45:35.949 [Test worker] DEBUG com.github.dockerjava.zerodep.shaded.org.apache.hc.client5.http.wire - http-outgoing-0 << "Content-Type: application/json[\r][\n]"
11:45:35.949 [Test worker] DEBUG com.github.dockerjava.zerodep.shaded.org.apache.hc.client5.http.wire - http-outgoing-0 << "Date: Mon, 26 Sep 2022 02:45:35 GMT[\r][\n]"
11:45:35.949 [Test worker] DEBUG com.github.dockerjava.zerodep.shaded.org.apache.hc.client5.http.wire - http-outgoing-0 << "Docker-Experimental: false[\r][\n]"
11:45:35.949 [Test worker] DEBUG com.github.dockerjava.zerodep.shaded.org.apache.hc.client5.http.wire - http-outgoing-0 << "Ostype: linux[\r][\n]"
11:45:35.949 [Test worker] DEBUG com.github.dockerjava.zerodep.shaded.org.apache.hc.client5.http.wire - http-outgoing-0 << "Server: Docker/20.10.11 (linux)[\r][\n]"
11:45:35.949 [Test worker] DEBUG com.github.dockerjava.zerodep.shaded.org.apache.hc.client5.http.wire - http-outgoing-0 << "Transfer-Encoding: chunked[\r][\n]"
11:45:35.949 [Test worker] DEBUG com.github.dockerjava.zerodep.shaded.org.apache.hc.client5.http.wire - http-outgoing-0 << "[\r][\n]"
11:45:35.949 [Test worker] DEBUG com.github.dockerjava.zerodep.shaded.org.apache.hc.client5.http.headers - http-outgoing-0 << HTTP/1.1 200 OK
11:45:35.949 [Test worker] DEBUG com.github.dockerjava.zerodep.shaded.org.apache.hc.client5.http.headers - http-outgoing-0 << Api-Version: 1.41
11:45:35.949 [Test worker] DEBUG com.github.dockerjava.zerodep.shaded.org.apache.hc.client5.http.headers - http-outgoing-0 << Content-Type: application/json
11:45:35.949 [Test worker] DEBUG com.github.dockerjava.zerodep.shaded.org.apache.hc.client5.http.headers - http-outgoing-0 << Date: Mon, 26 Sep 2022 02:45:35 GMT
11:45:35.949 [Test worker] DEBUG com.github.dockerjava.zerodep.shaded.org.apache.hc.client5.http.headers - http-outgoing-0 << Docker-Experimental: false
11:45:35.949 [Test worker] DEBUG com.github.dockerjava.zerodep.shaded.org.apache.hc.client5.http.headers - http-outgoing-0 << Ostype: linux
11:45:35.949 [Test worker] DEBUG com.github.dockerjava.zerodep.shaded.org.apache.hc.client5.http.headers - http-outgoing-0 << Server: Docker/20.10.11 (linux)
11:45:35.949 [Test worker] DEBUG com.github.dockerjava.zerodep.shaded.org.apache.hc.client5.http.headers - http-outgoing-0 << Transfer-Encoding: chunked
11:45:35.949 [Test worker] DEBUG com.github.dockerjava.zerodep.shaded.org.apache.hc.client5.http.impl.classic.MainClientExec - ex-00000006: connection can be kept alive for 3 MINUTES
11:45:35.951 [Test worker] DEBUG com.github.dockerjava.zerodep.shaded.org.apache.hc.client5.http.wire - http-outgoing-0 << "13f2[\r][\n]"
11:45:35.951 [Test worker] DEBUG com.github.dockerjava.zerodep.shaded.org.apache.hc.client5.http.wire - http-outgoing-0 << "{"Id":"f2b10093710276f8355cd86ce8a9bc15d1f8a8a8eaec6f3d805dd4060d2565fa","Created":"2022-09-26T02:45:35.567348876Z","Path":"/app","Args":[],"State":{"Status":"running","Running":true,"Paused":false,"Restarting":false,"OOMKilled":false,"Dead":false,"Pid":2159,"ExitCode":0,"Error":"","StartedAt":"2022-09-26T02:45:35.936021876Z","FinishedAt":"0001-01-01T00:00:00Z"},"Image":"sha256:146fb8d54138d1e861eaea12fc359a15db6bc52e8db67829b3ef20a9736ab367","ResolvConfPath":"/var/lib/docker/containers/f2b10093710276f8355cd86ce8a9bc15d1f8a8a8eaec6f3d805dd4060d2565fa/resolv.conf","HostnamePath":"/var/lib/docker/containers/f2b10093710276f8355cd86ce8a9bc15d1f8a8a8eaec6f3d805dd4060d2565fa/hostname","HostsPath":"/var/lib/docker/containers/f2b10093710276f8355cd86ce8a9bc15d1f8a8a8eaec6f3d805dd4060d2565fa/hosts","LogPath":"/var/lib/docker/containers/f2b10093710276f8355cd86ce8a9bc15d1f8a8a8eaec6f3d805dd4060d2565fa/f2b10093710276f8355cd86ce8a9bc15d1f8a8a8eaec6f3d805dd4060d2565fa-json.log","Name":"/testcontainers-ryuk-c5b4bded-8a7b-4309-a94c-5bb153977152","RestartCount":0,"Driver":"overlay2","Platform":"linux","MountLabel":"","ProcessLabel":"","AppArmorProfile":"","ExecIDs":null,"HostConfig":{"Binds":["/var/run/docker.sock:/var/run/docker.sock:rw"],"ContainerIDFile":"","LogConfig":{"Type":"json-file","Config":{}},"NetworkMode":"default","PortBindings":{"8080/tcp":[{"HostIp":"0.0.0.0","HostPort":"0"}]},"RestartPolicy":{"Name":"","MaximumRetryCount":0},"AutoRemove":true,"VolumeDriver":"","VolumesFrom":[],"CapAdd":null,"CapDrop":null,"CgroupnsMode":"private","Dns":null,"DnsOptions":null,"DnsSearch":null,"ExtraHosts":[],"GroupAdd":null,"IpcMode":"shareable","Cgroup":"","Links":null,"OomScoreAdj":0,"PidMode":"","Privileged":false,"PublishAllPorts":false,"ReadonlyRootfs":false,"SecurityOpt":null,"UTSMode":"","UsernsMode":"","ShmSize":67108864,"Runtime":"runc","ConsoleSize":[0,0],"Isolation":"","CpuShares":0,"Memory":0,"NanoCpus":0,"CgroupParent":"","BlkioWeight":0,"BlkioWeightDevice":null,"BlkioDeviceReadBps":null,"BlkioDeviceWriteBps":null,"BlkioDeviceReadIOps":null,"BlkioDeviceWriteIOps":null,"CpuPeriod":0,"CpuQuota":0,"CpuRealtimePeriod":0,"CpuRealtimeRuntime":0,"CpusetCpus":"","CpusetMems":"","Devices":null,"DeviceCgroupRules":null,"DeviceRequests":null,"KernelMemory":0,"KernelMemoryTCP":0,"MemoryReservation":0,"MemorySwap":0,"MemorySwappiness":null,"OomKillDisable":null,"PidsLimit":null,"Ulimits":null,"CpuCount":0,"CpuPercent":0,"IOMaximumIOps":0,"IOMaximumBandwidth":0,"MaskedPaths":["/proc/asound","/proc/acpi","/proc/kcore","/proc/keys","/proc/latency_stats","/proc/timer_list","/proc/timer_stats","/proc/sched_debug","/proc/scsi","/sys/firmware"],"ReadonlyPaths":["/proc/bus","/proc/fs","/proc/irq","/proc/sys","/proc/sysrq-trigger"]},"GraphDriver":{"Data":{"LowerDir":"/var/lib/docker/overlay2/1bba71a2b88a721adbf235a3fd2551f63f380bf875e3bb1151d06af00a930402-init/diff:/var/lib/docker/overlay2/7311eb5709db49f64407a0d162ba10cc02fb00f5dfd759e5adb545d8051f43af/diff:/var/lib/docker/overlay2/c3daa199acb500a63494109f1d8d8336caca7153c8b4f54027bba2ebfb249ab6/diff:/var/lib/docker/overlay2/d0f6a64c73c125a2b4585b6fd0f3ce261769b3367e2761a33807fc2bbbb1ad16/diff","MergedDir":"/var/lib/docker/overlay2/1bba71a2b88a721adbf235a3fd2551f63f380bf875e3bb1151d06af00a930402/merged","UpperDir":"/var/lib/docker/overlay2/1bba71a2b88a721adbf235a3fd2551f63f380bf875e3bb1151d06af00a930402/diff","WorkDir":"/var/lib/docker/overlay2/1bba71a2b88a721adbf235a3fd2551f63f380bf875e3bb1151d06af00a930402/work"},"Name":"overlay2"},"Mounts":[{"Type":"bind","Source":"/var/run/docker.sock","Destination":"/var/run/docker.sock","Mode":"rw","RW":true,"Propagation":"rprivate"}],"Config":{"Hostname":"f2b100937102","Domainname":"","User":"","AttachStdin":false,"AttachStdout":false,"AttachStderr":false,"ExposedPorts":{"8080/tcp":{}},"Tty":false,"OpenStdin":false,"StdinOnce":false,"Env":["PATH=/usr/local/sbin:/usr/local/bin:/usr/sbin:/usr/bin:/sbin:/bin"],"Cmd":["/app"],"Image":"testcontainers/ryuk:0.3.3","Volumes":null,"WorkingDir":"","Entrypoint":null,"OnBuild":null,"Labels":{"org.testcontainers":"true"}},"NetworkSettings":{"Bridge":"","SandboxID":"1912c57a0f382c3eb0192a27c8689612240a80e115e4955b10c0f9eeaa4ead15","HairpinMode":false,"LinkLocalIPv6Address":"","LinkLocalIPv6PrefixLen":0,"Ports":{"8080/tcp":[{"HostIp":"0.0.0.0","HostPort":"63344"}]},"SandboxKey":"/var/run/docker/netns/1912c57a0f38","SecondaryIPAddresses":null,"SecondaryIPv6Addresses":null,"EndpointID":"04bab0d8ac2224927b122b8266a35f94cda0d1cafcffc01815e66e27df4d65b0","Gateway":"172.17.0.1","GlobalIPv6Address":"","GlobalIPv6PrefixLen":0,"IPAddress":"172.17.0.3","IPPrefixLen":16,"IPv6Gateway":"","MacAddress":"02:42:ac:11:00:03","Networks":{"bridge":{"IPAMConfig":null,"Links":null,"Aliases":null,"NetworkID":"42b943ace1ba272d06317befbba08f853c5a08f211a0bdf3660599ced98f9c17","EndpointID":"04bab0d8ac2224927b122b8266a35f94cda0d1cafcffc01815e66e27df4d65b0","Gateway":"172.17.0.1","IPAddress":"172.17.0.3","IPPrefixLen":16,"IPv6Gateway":"","GlobalIPv6Address":"","GlobalIPv6PrefixLen":0,"MacAddress":"02:42:ac:11:00:03","DriverOpts":null}}}}[\n]"
11:45:35.951 [Test worker] DEBUG com.github.dockerjava.zerodep.shaded.org.apache.hc.client5.http.wire - http-outgoing-0 << "[\r][\n]"
11:45:35.990 [Test worker] DEBUG com.github.dockerjava.zerodep.shaded.org.apache.hc.client5.http.wire - http-outgoing-0 << "0[\r][\n]"
11:45:35.990 [Test worker] DEBUG com.github.dockerjava.zerodep.shaded.org.apache.hc.client5.http.wire - http-outgoing-0 << "[\r][\n]"
11:45:35.990 [Test worker] DEBUG com.github.dockerjava.zerodep.shaded.org.apache.hc.client5.http.impl.classic.InternalHttpClient - ep-00000005: releasing valid endpoint
11:45:35.991 [Test worker] DEBUG com.github.dockerjava.zerodep.shaded.org.apache.hc.client5.http.impl.io.PoolingHttpClientConnectionManager - ep-00000005: releasing endpoint
11:45:35.991 [Test worker] DEBUG com.github.dockerjava.zerodep.shaded.org.apache.hc.client5.http.impl.io.PoolingHttpClientConnectionManager - ep-00000005: connection http-outgoing-0 can be kept alive for 3 MINUTES
11:45:35.991 [Test worker] DEBUG com.github.dockerjava.zerodep.shaded.org.apache.hc.client5.http.impl.io.PoolingHttpClientConnectionManager - ep-00000005: connection released [route: {}->unix://localhost:2375][total available: 1; route allocated: 1 of 2147483647; total allocated: 1 of 2147483647]
11:45:35.994 [docker-java-stream-1600362638] DEBUG com.github.dockerjava.zerodep.shaded.org.apache.hc.client5.http.impl.classic.InternalHttpClient - ex-00000007: preparing request execution
11:45:35.994 [docker-java-stream-1600362638] DEBUG com.github.dockerjava.zerodep.shaded.org.apache.hc.client5.http.protocol.RequestAddCookies - Cookie spec selected: strict
11:45:35.995 [docker-java-stream-1600362638] DEBUG com.github.dockerjava.zerodep.shaded.org.apache.hc.client5.http.protocol.RequestAuthCache - Auth cache not set in the context
11:45:35.995 [docker-java-stream-1600362638] DEBUG com.github.dockerjava.zerodep.shaded.org.apache.hc.client5.http.impl.classic.ProtocolExec - ex-00000007: target auth state: UNCHALLENGED
11:45:35.995 [docker-java-stream-1600362638] DEBUG com.github.dockerjava.zerodep.shaded.org.apache.hc.client5.http.impl.classic.ProtocolExec - ex-00000007: proxy auth state: UNCHALLENGED
11:45:35.995 [docker-java-stream-1600362638] DEBUG com.github.dockerjava.zerodep.shaded.org.apache.hc.client5.http.impl.classic.ConnectExec - ex-00000007: acquiring connection with route {}->unix://localhost:2375
11:45:35.995 [docker-java-stream-1600362638] DEBUG com.github.dockerjava.zerodep.shaded.org.apache.hc.client5.http.impl.classic.InternalHttpClient - ex-00000007: acquiring endpoint (3 MINUTES)
11:45:35.995 [docker-java-stream-1600362638] DEBUG com.github.dockerjava.zerodep.shaded.org.apache.hc.client5.http.impl.io.PoolingHttpClientConnectionManager - ex-00000007: endpoint lease request (3 MINUTES) [route: {}->unix://localhost:2375][total available: 1; route allocated: 1 of 2147483647; total allocated: 1 of 2147483647]
11:45:35.995 [docker-java-stream-1600362638] DEBUG com.github.dockerjava.zerodep.shaded.org.apache.hc.client5.http.impl.io.PoolingHttpClientConnectionManager - ex-00000007: endpoint leased [route: {}->unix://localhost:2375][total available: 0; route allocated: 1 of 2147483647; total allocated: 1 of 2147483647]
11:45:35.995 [docker-java-stream-1600362638] DEBUG com.github.dockerjava.zerodep.shaded.org.apache.hc.client5.http.impl.io.PoolingHttpClientConnectionManager - ex-00000007: acquired ep-00000006
11:45:35.995 [docker-java-stream-1600362638] DEBUG com.github.dockerjava.zerodep.shaded.org.apache.hc.client5.http.impl.classic.InternalHttpClient - ex-00000007: acquired endpoint ep-00000006
11:45:35.995 [docker-java-stream-1600362638] DEBUG com.github.dockerjava.zerodep.shaded.org.apache.hc.client5.http.impl.classic.MainClientExec - ex-00000007: executing GET /v1.32/containers/f2b10093710276f8355cd86ce8a9bc15d1f8a8a8eaec6f3d805dd4060d2565fa/logs?stdout=true&stderr=true&follow=true&since=0 HTTP/1.1
11:45:35.995 [docker-java-stream-1600362638] DEBUG com.github.dockerjava.zerodep.shaded.org.apache.hc.client5.http.impl.classic.InternalHttpClient - ep-00000006: start execution ex-00000007
11:45:35.995 [docker-java-stream-1600362638] DEBUG com.github.dockerjava.zerodep.shaded.org.apache.hc.client5.http.impl.io.PoolingHttpClientConnectionManager - ep-00000006: executing exchange ex-00000007 over http-outgoing-0
11:45:35.995 [docker-java-stream-1600362638] DEBUG com.github.dockerjava.zerodep.shaded.org.apache.hc.client5.http.headers - http-outgoing-0 >> GET /v1.32/containers/f2b10093710276f8355cd86ce8a9bc15d1f8a8a8eaec6f3d805dd4060d2565fa/logs?stdout=true&stderr=true&follow=true&since=0 HTTP/1.1
11:45:35.995 [docker-java-stream-1600362638] DEBUG com.github.dockerjava.zerodep.shaded.org.apache.hc.client5.http.headers - http-outgoing-0 >> x-tc-sid: c5b4bded-8a7b-4309-a94c-5bb153977152
11:45:35.995 [docker-java-stream-1600362638] DEBUG com.github.dockerjava.zerodep.shaded.org.apache.hc.client5.http.headers - http-outgoing-0 >> Accept-Encoding: gzip, x-gzip, deflate
11:45:35.995 [docker-java-stream-1600362638] DEBUG com.github.dockerjava.zerodep.shaded.org.apache.hc.client5.http.headers - http-outgoing-0 >> Host: localhost:2375
11:45:35.995 [docker-java-stream-1600362638] DEBUG com.github.dockerjava.zerodep.shaded.org.apache.hc.client5.http.headers - http-outgoing-0 >> Connection: keep-alive
11:45:35.995 [docker-java-stream-1600362638] DEBUG com.github.dockerjava.zerodep.shaded.org.apache.hc.client5.http.headers - http-outgoing-0 >> User-Agent: Apache-HttpClient/5.0.3 (Java/17.0.3)
11:45:35.995 [docker-java-stream-1600362638] DEBUG com.github.dockerjava.zerodep.shaded.org.apache.hc.client5.http.wire - http-outgoing-0 >> "GET /v1.32/containers/f2b10093710276f8355cd86ce8a9bc15d1f8a8a8eaec6f3d805dd4060d2565fa/logs?stdout=true&stderr=true&follow=true&since=0 HTTP/1.1[\r][\n]"
11:45:35.995 [docker-java-stream-1600362638] DEBUG com.github.dockerjava.zerodep.shaded.org.apache.hc.client5.http.wire - http-outgoing-0 >> "x-tc-sid: c5b4bded-8a7b-4309-a94c-5bb153977152[\r][\n]"
11:45:35.995 [docker-java-stream-1600362638] DEBUG com.github.dockerjava.zerodep.shaded.org.apache.hc.client5.http.wire - http-outgoing-0 >> "Accept-Encoding: gzip, x-gzip, deflate[\r][\n]"
11:45:35.995 [docker-java-stream-1600362638] DEBUG com.github.dockerjava.zerodep.shaded.org.apache.hc.client5.http.wire - http-outgoing-0 >> "Host: localhost:2375[\r][\n]"
11:45:35.995 [docker-java-stream-1600362638] DEBUG com.github.dockerjava.zerodep.shaded.org.apache.hc.client5.http.wire - http-outgoing-0 >> "Connection: keep-alive[\r][\n]"
11:45:35.995 [docker-java-stream-1600362638] DEBUG com.github.dockerjava.zerodep.shaded.org.apache.hc.client5.http.wire - http-outgoing-0 >> "User-Agent: Apache-HttpClient/5.0.3 (Java/17.0.3)[\r][\n]"
11:45:35.995 [docker-java-stream-1600362638] DEBUG com.github.dockerjava.zerodep.shaded.org.apache.hc.client5.http.wire - http-outgoing-0 >> "[\r][\n]"
11:45:35.998 [docker-java-stream-1600362638] DEBUG com.github.dockerjava.zerodep.shaded.org.apache.hc.client5.http.wire - http-outgoing-0 << "HTTP/1.1 200 OK[\r][\n]"
11:45:35.998 [docker-java-stream-1600362638] DEBUG com.github.dockerjava.zerodep.shaded.org.apache.hc.client5.http.wire - http-outgoing-0 << "Api-Version: 1.41[\r][\n]"
11:45:35.998 [docker-java-stream-1600362638] DEBUG com.github.dockerjava.zerodep.shaded.org.apache.hc.client5.http.wire - http-outgoing-0 << "Date: Mon, 26 Sep 2022 02:45:35 GMT[\r][\n]"
11:45:35.998 [docker-java-stream-1600362638] DEBUG com.github.dockerjava.zerodep.shaded.org.apache.hc.client5.http.wire - http-outgoing-0 << "Docker-Experimental: false[\r][\n]"
11:45:35.998 [docker-java-stream-1600362638] DEBUG com.github.dockerjava.zerodep.shaded.org.apache.hc.client5.http.wire - http-outgoing-0 << "Ostype: linux[\r][\n]"
11:45:35.998 [docker-java-stream-1600362638] DEBUG com.github.dockerjava.zerodep.shaded.org.apache.hc.client5.http.wire - http-outgoing-0 << "Server: Docker/20.10.11 (linux)[\r][\n]"
11:45:35.998 [docker-java-stream-1600362638] DEBUG com.github.dockerjava.zerodep.shaded.org.apache.hc.client5.http.wire - http-outgoing-0 << "Transfer-Encoding: chunked[\r][\n]"
11:45:35.998 [docker-java-stream-1600362638] DEBUG com.github.dockerjava.zerodep.shaded.org.apache.hc.client5.http.wire - http-outgoing-0 << "[\r][\n]"
11:45:35.998 [docker-java-stream-1600362638] DEBUG com.github.dockerjava.zerodep.shaded.org.apache.hc.client5.http.headers - http-outgoing-0 << HTTP/1.1 200 OK
11:45:35.998 [docker-java-stream-1600362638] DEBUG com.github.dockerjava.zerodep.shaded.org.apache.hc.client5.http.headers - http-outgoing-0 << Api-Version: 1.41
11:45:35.998 [docker-java-stream-1600362638] DEBUG com.github.dockerjava.zerodep.shaded.org.apache.hc.client5.http.headers - http-outgoing-0 << Date: Mon, 26 Sep 2022 02:45:35 GMT
11:45:35.998 [docker-java-stream-1600362638] DEBUG com.github.dockerjava.zerodep.shaded.org.apache.hc.client5.http.headers - http-outgoing-0 << Docker-Experimental: false
11:45:35.998 [docker-java-stream-1600362638] DEBUG com.github.dockerjava.zerodep.shaded.org.apache.hc.client5.http.headers - http-outgoing-0 << Ostype: linux
11:45:35.998 [docker-java-stream-1600362638] DEBUG com.github.dockerjava.zerodep.shaded.org.apache.hc.client5.http.headers - http-outgoing-0 << Server: Docker/20.10.11 (linux)
11:45:35.998 [docker-java-stream-1600362638] DEBUG com.github.dockerjava.zerodep.shaded.org.apache.hc.client5.http.headers - http-outgoing-0 << Transfer-Encoding: chunked
11:45:35.998 [docker-java-stream-1600362638] DEBUG com.github.dockerjava.zerodep.shaded.org.apache.hc.client5.http.impl.classic.MainClientExec - ex-00000007: connection can be kept alive for 3 MINUTES
11:45:35.999 [docker-java-stream-1600362638] DEBUG com.github.dockerjava.zerodep.shaded.org.apache.hc.client5.http.wire - http-outgoing-0 << "c0[\r][\n]"
11:45:35.999 [docker-java-stream-1600362638] DEBUG com.github.dockerjava.zerodep.shaded.org.apache.hc.client5.http.wire - http-outgoing-0 << "[0x2][0x0][0x0][0x0][0x0][0x0][0x0]&2022/09/26 02:45:35 Pinging Docker...[\n]"
11:45:35.999 [docker-java-stream-1600362638] DEBUG com.github.dockerjava.zerodep.shaded.org.apache.hc.client5.http.wire - http-outgoing-0 << "[0x2][0x0][0x0][0x0][0x0][0x0][0x0]02022/09/26 02:45:35 Docker daemon is available![\n]"
11:45:35.999 [docker-java-stream-1600362638] DEBUG com.github.dockerjava.zerodep.shaded.org.apache.hc.client5.http.wire - http-outgoing-0 << "[0x2][0x0][0x0][0x0][0x0][0x0][0x0]-2022/09/26 02:45:35 Starting on port 8080...[\n]"
11:45:35.999 [docker-java-stream-1600362638] DEBUG com.github.dockerjava.zerodep.shaded.org.apache.hc.client5.http.wire - http-outgoing-0 << "[0x2][0x0][0x0][0x0][0x0][0x0][0x0][0x1d]2022/09/26 02:45:35 Started![\n]"
11:45:35.999 [docker-java-stream-1600362638] DEBUG com.github.dockerjava.zerodep.shaded.org.apache.hc.client5.http.wire - http-outgoing-0 << "[\r][\n]"
11:45:36.000 [Test worker] DEBUG org.testcontainers.containers.output.WaitingConsumer - STDERR: 2022/09/26 02:45:35 Docker daemon is available!
11:45:36.000 [Test worker] DEBUG org.testcontainers.containers.output.WaitingConsumer - STDERR: 2022/09/26 02:45:35 Started!
11:45:36.001 [Test worker] DEBUG com.github.dockerjava.zerodep.shaded.org.apache.hc.client5.http.impl.classic.InternalHttpClient - ep-00000006: cancel
11:45:36.001 [docker-java-stream-1600362638] DEBUG com.github.dockerjava.zerodep.shaded.org.apache.hc.client5.http.wire - http-outgoing-0 << "[read] I/O error: null"
11:45:36.001 [docker-java-stream-1600362638] DEBUG com.github.dockerjava.zerodep.shaded.org.apache.hc.client5.http.wire - http-outgoing-0 << "[read] I/O error: null"
11:45:36.001 [Test worker] DEBUG com.github.dockerjava.zerodep.shaded.org.apache.hc.client5.http.impl.io.DefaultManagedHttpClientConnection - http-outgoing-0: close connection IMMEDIATE
11:45:36.001 [Test worker] DEBUG com.github.dockerjava.zerodep.shaded.org.apache.hc.client5.http.impl.classic.InternalHttpClient - ep-00000006: endpoint closed
11:45:36.001 [Test worker] DEBUG com.github.dockerjava.zerodep.shaded.org.apache.hc.client5.http.impl.classic.InternalHttpClient - ep-00000006: discarding endpoint
11:45:36.001 [Test worker] DEBUG com.github.dockerjava.zerodep.shaded.org.apache.hc.client5.http.impl.io.PoolingHttpClientConnectionManager - ep-00000006: releasing endpoint
11:45:36.001 [Test worker] DEBUG com.github.dockerjava.zerodep.shaded.org.apache.hc.client5.http.impl.io.PoolingHttpClientConnectionManager - ep-00000006: connection is not kept alive
11:45:36.001 [Test worker] DEBUG com.github.dockerjava.zerodep.shaded.org.apache.hc.client5.http.impl.io.PoolingHttpClientConnectionManager - ep-00000006: connection released [route: {}->unix://localhost:2375][total available: 0; route allocated: 0 of 2147483647; total allocated: 0 of 2147483647]
11:45:36.002 [Test worker] INFO ]]>&#x1f433;<![CDATA[ [testcontainers/ryuk:0.3.3] - Container testcontainers/ryuk:0.3.3 started in PT0.628529S
11:45:36.002 [docker-java-stream-1600362638] DEBUG com.github.dockerjava.zerodep.ApacheDockerHttpClientImpl$ApacheResponse - Failed to close the response
java.nio.channels.ClosedChannelException: null
	at java.base/sun.nio.ch.SocketChannelImpl.ensureOpenAndConnected(SocketChannelImpl.java:215)
	at java.base/sun.nio.ch.SocketChannelImpl.read(SocketChannelImpl.java:403)
	at java.base/sun.nio.ch.ChannelInputStream.read(ChannelInputStream.java:59)
	at java.base/sun.nio.ch.ChannelInputStream.read(ChannelInputStream.java:107)
	at java.base/sun.nio.ch.ChannelInputStream.read(ChannelInputStream.java:101)
	at com.github.dockerjava.zerodep.shaded.org.apache.hc.client5.http.impl.io.LoggingInputStream.read(LoggingInputStream.java:81)
	at com.github.dockerjava.zerodep.shaded.org.apache.hc.core5.http.impl.io.SessionInputBufferImpl.fillBuffer(SessionInputBufferImpl.java:149)
	at com.github.dockerjava.zerodep.shaded.org.apache.hc.core5.http.impl.io.SessionInputBufferImpl.readLine(SessionInputBufferImpl.java:280)
	at com.github.dockerjava.zerodep.shaded.org.apache.hc.core5.http.impl.io.ChunkedInputStream.getChunkSize(ChunkedInputStream.java:261)
	at com.github.dockerjava.zerodep.shaded.org.apache.hc.core5.http.impl.io.ChunkedInputStream.nextChunk(ChunkedInputStream.java:222)
	at com.github.dockerjava.zerodep.shaded.org.apache.hc.core5.http.impl.io.ChunkedInputStream.read(ChunkedInputStream.java:147)
	at com.github.dockerjava.zerodep.shaded.org.apache.hc.core5.http.impl.io.ChunkedInputStream.close(ChunkedInputStream.java:314)
	at com.github.dockerjava.zerodep.shaded.org.apache.hc.core5.io.Closer.close(Closer.java:48)
	at com.github.dockerjava.zerodep.shaded.org.apache.hc.core5.http.impl.io.IncomingHttpEntity.close(IncomingHttpEntity.java:111)
	at com.github.dockerjava.zerodep.shaded.org.apache.hc.core5.http.io.entity.HttpEntityWrapper.close(HttpEntityWrapper.java:120)
	at com.github.dockerjava.zerodep.shaded.org.apache.hc.core5.io.Closer.close(Closer.java:48)
	at com.github.dockerjava.zerodep.shaded.org.apache.hc.core5.http.message.BasicClassicHttpResponse.close(BasicClassicHttpResponse.java:93)
	at com.github.dockerjava.zerodep.shaded.org.apache.hc.client5.http.impl.classic.CloseableHttpResponse.close(CloseableHttpResponse.java:200)
	at com.github.dockerjava.zerodep.ApacheDockerHttpClientImpl$ApacheResponse.close(ApacheDockerHttpClientImpl.java:256)
	at org.testcontainers.shaded.com.github.dockerjava.core.DefaultInvocationBuilder.lambda$executeAndStream$1(DefaultInvocationBuilder.java:277)
	at java.base/java.lang.Thread.run(Thread.java:833)
11:45:36.006 [testcontainers-ryuk] DEBUG org.testcontainers.utility.ResourceReaper - Sending 'label=org.testcontainers%3Dtrue&label=org.testcontainers.sessionId%3Dc5b4bded-8a7b-4309-a94c-5bb153977152' to Ryuk
11:45:36.017 [testcontainers-ryuk] DEBUG org.testcontainers.utility.RyukResourceReaper - Received 'ACK' from Ryuk
11:45:36.017 [Test worker] INFO org.testcontainers.utility.RyukResourceReaper - Ryuk started - will monitor and terminate Testcontainers containers on JVM exit
11:45:36.017 [Test worker] DEBUG org.testcontainers.DockerClientFactory - Checks are enabled
11:45:36.017 [Test worker] INFO org.testcontainers.DockerClientFactory - Checking the system...
11:45:36.017 [Test worker] INFO org.testcontainers.DockerClientFactory - ✔︎ Docker server version should be at least 1.6.0
11:45:36.019 [Test worker] DEBUG org.testcontainers.utility.PrefixingImageNameSubstitutor - No prefix is configured
11:45:36.019 [Test worker] DEBUG org.testcontainers.utility.ImageNameSubstitutor - Did not find a substitute image for mysql:8 (using image substitutor: DefaultImageNameSubstitutor (composite of 'ConfigurationFileImageNameSubstitutor' and 'PrefixingImageNameSubstitutor'))
11:45:36.019 [Test worker] DEBUG org.testcontainers.images.AbstractImagePullPolicy - Using locally available and not pulling image: mysql:8
11:45:36.019 [Test worker] DEBUG ]]>&#x1f433;<![CDATA[ [mysql:8] - Starting container: mysql:8
11:45:36.019 [Test worker] DEBUG ]]>&#x1f433;<![CDATA[ [mysql:8] - Trying to start container: mysql:8 (attempt 1/3)
11:45:36.019 [Test worker] DEBUG ]]>&#x1f433;<![CDATA[ [mysql:8] - Starting container: mysql:8
11:45:36.019 [Test worker] INFO ]]>&#x1f433;<![CDATA[ [mysql:8] - Creating container for image: mysql:8
11:45:36.019 [Test worker] DEBUG org.testcontainers.utility.RegistryAuthLocator - Looking up auth config for image: mysql:8 at registry: https://index.docker.io/v1/
11:45:36.019 [Test worker] DEBUG org.testcontainers.utility.RegistryAuthLocator - Cached auth found: [AuthConfig{username=xodud001, password=hidden non-blank value, auth=blank, email=null, registryAddress=https://index.docker.io/v1/, registryToken=blank}]
11:45:36.019 [Test worker] DEBUG org.testcontainers.dockerclient.AuthDelegatingDockerClientConfig - Effective auth config [AuthConfig{username=xodud001, password=hidden non-blank value, auth=blank, email=null, registryAddress=https://index.docker.io/v1/, registryToken=blank}]
11:45:36.019 [Test worker] DEBUG org.testcontainers.shaded.com.github.dockerjava.core.command.AbstrDockerCmd - Cmd: org.testcontainers.shaded.com.github.dockerjava.core.command.CreateContainerCmdImpl@3c017078[aliases=<null>,argsEscaped=<null>,attachStderr=<null>,attachStdin=<null>,attachStdout=<null>,authConfig=AuthConfig(username=xodud001, email=null, registryAddress=https://index.docker.io/v1/, stackOrchestrator=null),cmd={},domainName=<null>,entrypoint=<null>,env={MYSQL_DATABASE=lotification,MYSQL_PASSWORD=1234,MYSQL_USER=admin,MYSQL_ROOT_PASSWORD=1234},exposedPorts=ExposedPorts(exposedPorts=[3306/tcp]),healthcheck=<null>,hostConfig=HostConfig(binds=[], blkioWeight=null, blkioWeightDevice=null, blkioDeviceReadBps=null, blkioDeviceWriteBps=null, blkioDeviceReadIOps=null, blkioDeviceWriteIOps=null, memorySwappiness=null, nanoCPUs=null, capAdd=null, capDrop=null, containerIDFile=null, cpuPeriod=null, cpuRealtimePeriod=null, cpuRealtimeRuntime=null, cpuShares=null, cpuQuota=null, cpusetCpus=null, cpusetMems=null, devices=null, deviceCgroupRules=null, deviceRequests=null, diskQuota=null, dns=null, dnsOptions=null, dnsSearch=null, extraHosts=[], groupAdd=null, ipcMode=null, cgroup=null, links=[], logConfig=LogConfig(type=null, config=null), lxcConf=null, memory=null, memorySwap=null, memoryReservation=null, kernelMemory=null, networkMode=null, oomKillDisable=null, init=null, autoRemove=null, oomScoreAdj=null, portBindings={3306/tcp=[Lcom.github.dockerjava.api.model.Ports$Binding;@26f96b85}, privileged=null, publishAllPorts=null, readonlyRootfs=null, restartPolicy=null, ulimits=null, cpuCount=null, cpuPercent=null, ioMaximumIOps=null, ioMaximumBandwidth=null, volumesFrom=[], mounts=null, pidMode=null, isolation=null, securityOpts=null, storageOpt=null, cgroupParent=null, volumeDriver=null, shmSize=null, pidsLimit=null, runtime=null, tmpFs=null, utSMode=null, usernsMode=null, sysctls=null, consoleSize=null, cgroupnsMode=null),hostName=<null>,image=mysql:8,ipv4Address=<null>,ipv6Address=<null>,labels={org.testcontainers=true, org.testcontainers.sessionId=c5b4bded-8a7b-4309-a94c-5bb153977152},macAddress=<null>,name=<null>,networkDisabled=<null>,networkingConfig=<null>,onBuild=<null>,platform=<null>,portSpecs=<null>,shell=<null>,stdInOnce=<null>,stdinOpen=<null>,stopSignal=<null>,stopTimeout=<null>,tty=<null>,user=<null>,volumes=Volumes(volumes=[]),workingDir=<null>]
11:45:36.021 [Test worker] DEBUG com.github.dockerjava.zerodep.shaded.org.apache.hc.client5.http.impl.classic.InternalHttpClient - ex-00000008: preparing request execution
11:45:36.021 [Test worker] DEBUG com.github.dockerjava.zerodep.shaded.org.apache.hc.client5.http.protocol.RequestAddCookies - Cookie spec selected: strict
11:45:36.021 [Test worker] DEBUG com.github.dockerjava.zerodep.shaded.org.apache.hc.client5.http.protocol.RequestAuthCache - Auth cache not set in the context
11:45:36.021 [Test worker] DEBUG com.github.dockerjava.zerodep.shaded.org.apache.hc.client5.http.impl.classic.ProtocolExec - ex-00000008: target auth state: UNCHALLENGED
11:45:36.021 [Test worker] DEBUG com.github.dockerjava.zerodep.shaded.org.apache.hc.client5.http.impl.classic.ProtocolExec - ex-00000008: proxy auth state: UNCHALLENGED
11:45:36.021 [Test worker] DEBUG com.github.dockerjava.zerodep.shaded.org.apache.hc.client5.http.impl.classic.ConnectExec - ex-00000008: acquiring connection with route {}->unix://localhost:2375
11:45:36.021 [Test worker] DEBUG com.github.dockerjava.zerodep.shaded.org.apache.hc.client5.http.impl.classic.InternalHttpClient - ex-00000008: acquiring endpoint (3 MINUTES)
11:45:36.021 [Test worker] DEBUG com.github.dockerjava.zerodep.shaded.org.apache.hc.client5.http.impl.io.PoolingHttpClientConnectionManager - ex-00000008: endpoint lease request (3 MINUTES) [route: {}->unix://localhost:2375][total available: 0; route allocated: 0 of 2147483647; total allocated: 0 of 2147483647]
11:45:36.021 [Test worker] DEBUG com.github.dockerjava.zerodep.shaded.org.apache.hc.client5.http.impl.io.PoolingHttpClientConnectionManager - ex-00000008: endpoint leased [route: {}->unix://localhost:2375][total available: 0; route allocated: 1 of 2147483647; total allocated: 1 of 2147483647]
11:45:36.021 [Test worker] DEBUG com.github.dockerjava.zerodep.shaded.org.apache.hc.client5.http.impl.io.PoolingHttpClientConnectionManager - ex-00000008: acquired ep-00000007
11:45:36.021 [Test worker] DEBUG com.github.dockerjava.zerodep.shaded.org.apache.hc.client5.http.impl.classic.InternalHttpClient - ex-00000008: acquired endpoint ep-00000007
11:45:36.021 [Test worker] DEBUG com.github.dockerjava.zerodep.shaded.org.apache.hc.client5.http.impl.classic.ConnectExec - ex-00000008: opening connection {}->unix://localhost:2375
11:45:36.021 [Test worker] DEBUG com.github.dockerjava.zerodep.shaded.org.apache.hc.client5.http.impl.classic.InternalHttpClient - ep-00000007: connecting endpoint (3 MINUTES)
11:45:36.021 [Test worker] DEBUG com.github.dockerjava.zerodep.shaded.org.apache.hc.client5.http.impl.io.PoolingHttpClientConnectionManager - ep-00000007: connecting endpoint to unix://localhost:2375 (3 MINUTES)
11:45:36.022 [Test worker] DEBUG com.github.dockerjava.zerodep.shaded.org.apache.hc.client5.http.impl.io.DefaultHttpClientConnectionOperator - http-outgoing-1: connecting to localhost/127.0.0.1:2375
11:45:36.022 [Test worker] DEBUG com.github.dockerjava.zerodep.shaded.org.apache.hc.client5.http.impl.io.DefaultHttpClientConnectionOperator - http-outgoing-1: connection established /var/run/docker.sock<->/var/run/docker.sock
11:45:36.022 [Test worker] DEBUG com.github.dockerjava.zerodep.shaded.org.apache.hc.client5.http.impl.io.PoolingHttpClientConnectionManager - ep-00000007: connected http-outgoing-1
11:45:36.022 [Test worker] DEBUG com.github.dockerjava.zerodep.shaded.org.apache.hc.client5.http.impl.classic.InternalHttpClient - ep-00000007: endpoint connected
11:45:36.022 [Test worker] DEBUG com.github.dockerjava.zerodep.shaded.org.apache.hc.client5.http.impl.classic.MainClientExec - ex-00000008: executing POST /v1.32/containers/create HTTP/1.1
11:45:36.022 [Test worker] DEBUG com.github.dockerjava.zerodep.shaded.org.apache.hc.client5.http.impl.classic.InternalHttpClient - ep-00000007: start execution ex-00000008
11:45:36.022 [Test worker] DEBUG com.github.dockerjava.zerodep.shaded.org.apache.hc.client5.http.impl.io.PoolingHttpClientConnectionManager - ep-00000007: executing exchange ex-00000008 over http-outgoing-1
11:45:36.022 [Test worker] DEBUG com.github.dockerjava.zerodep.shaded.org.apache.hc.client5.http.headers - http-outgoing-1 >> POST /v1.32/containers/create HTTP/1.1
11:45:36.022 [Test worker] DEBUG com.github.dockerjava.zerodep.shaded.org.apache.hc.client5.http.headers - http-outgoing-1 >> X-Registry-Auth: eyJ1c2VybmFtZSI6InhvZHVkMDAxIiwicGFzc3dvcmQiOiIxIWRsc3Zsc2x4bCIsImVtYWlsIjpudWxsLCJzZXJ2ZXJhZGRyZXNzIjoiaHR0cHM6Ly9pbmRleC5kb2NrZXIuaW8vdjEvIiwiYXV0aCI6bnVsbCwicmVnaXN0cnl0b2tlbiI6bnVsbCwiaWRlbnRpdHl0b2tlbiI6bnVsbCwic3RhY2tPcmNoZXN0cmF0b3IiOm51bGx9
11:45:36.022 [Test worker] DEBUG com.github.dockerjava.zerodep.shaded.org.apache.hc.client5.http.headers - http-outgoing-1 >> accept: application/json
11:45:36.022 [Test worker] DEBUG com.github.dockerjava.zerodep.shaded.org.apache.hc.client5.http.headers - http-outgoing-1 >> content-type: application/json
11:45:36.022 [Test worker] DEBUG com.github.dockerjava.zerodep.shaded.org.apache.hc.client5.http.headers - http-outgoing-1 >> x-tc-sid: c5b4bded-8a7b-4309-a94c-5bb153977152
11:45:36.022 [Test worker] DEBUG com.github.dockerjava.zerodep.shaded.org.apache.hc.client5.http.headers - http-outgoing-1 >> Accept-Encoding: gzip, x-gzip, deflate
11:45:36.022 [Test worker] DEBUG com.github.dockerjava.zerodep.shaded.org.apache.hc.client5.http.headers - http-outgoing-1 >> Content-Length: 1986
11:45:36.022 [Test worker] DEBUG com.github.dockerjava.zerodep.shaded.org.apache.hc.client5.http.headers - http-outgoing-1 >> Host: localhost:2375
11:45:36.022 [Test worker] DEBUG com.github.dockerjava.zerodep.shaded.org.apache.hc.client5.http.headers - http-outgoing-1 >> Connection: keep-alive
11:45:36.022 [Test worker] DEBUG com.github.dockerjava.zerodep.shaded.org.apache.hc.client5.http.headers - http-outgoing-1 >> User-Agent: Apache-HttpClient/5.0.3 (Java/17.0.3)
11:45:36.022 [Test worker] DEBUG com.github.dockerjava.zerodep.shaded.org.apache.hc.client5.http.wire - http-outgoing-1 >> "POST /v1.32/containers/create HTTP/1.1[\r][\n]"
11:45:36.022 [Test worker] DEBUG com.github.dockerjava.zerodep.shaded.org.apache.hc.client5.http.wire - http-outgoing-1 >> "X-Registry-Auth: eyJ1c2VybmFtZSI6InhvZHVkMDAxIiwicGFzc3dvcmQiOiIxIWRsc3Zsc2x4bCIsImVtYWlsIjpudWxsLCJzZXJ2ZXJhZGRyZXNzIjoiaHR0cHM6Ly9pbmRleC5kb2NrZXIuaW8vdjEvIiwiYXV0aCI6bnVsbCwicmVnaXN0cnl0b2tlbiI6bnVsbCwiaWRlbnRpdHl0b2tlbiI6bnVsbCwic3RhY2tPcmNoZXN0cmF0b3IiOm51bGx9[\r][\n]"
11:45:36.022 [Test worker] DEBUG com.github.dockerjava.zerodep.shaded.org.apache.hc.client5.http.wire - http-outgoing-1 >> "accept: application/json[\r][\n]"
11:45:36.022 [Test worker] DEBUG com.github.dockerjava.zerodep.shaded.org.apache.hc.client5.http.wire - http-outgoing-1 >> "content-type: application/json[\r][\n]"
11:45:36.022 [Test worker] DEBUG com.github.dockerjava.zerodep.shaded.org.apache.hc.client5.http.wire - http-outgoing-1 >> "x-tc-sid: c5b4bded-8a7b-4309-a94c-5bb153977152[\r][\n]"
11:45:36.022 [Test worker] DEBUG com.github.dockerjava.zerodep.shaded.org.apache.hc.client5.http.wire - http-outgoing-1 >> "Accept-Encoding: gzip, x-gzip, deflate[\r][\n]"
11:45:36.022 [Test worker] DEBUG com.github.dockerjava.zerodep.shaded.org.apache.hc.client5.http.wire - http-outgoing-1 >> "Content-Length: 1986[\r][\n]"
11:45:36.022 [Test worker] DEBUG com.github.dockerjava.zerodep.shaded.org.apache.hc.client5.http.wire - http-outgoing-1 >> "Host: localhost:2375[\r][\n]"
11:45:36.022 [Test worker] DEBUG com.github.dockerjava.zerodep.shaded.org.apache.hc.client5.http.wire - http-outgoing-1 >> "Connection: keep-alive[\r][\n]"
11:45:36.022 [Test worker] DEBUG com.github.dockerjava.zerodep.shaded.org.apache.hc.client5.http.wire - http-outgoing-1 >> "User-Agent: Apache-HttpClient/5.0.3 (Java/17.0.3)[\r][\n]"
11:45:36.022 [Test worker] DEBUG com.github.dockerjava.zerodep.shaded.org.apache.hc.client5.http.wire - http-outgoing-1 >> "[\r][\n]"
11:45:36.022 [Test worker] DEBUG com.github.dockerjava.zerodep.shaded.org.apache.hc.client5.http.wire - http-outgoing-1 >> "{"Hostname":null,"Domainname":null,"User":null,"AttachStdin":null,"AttachStdout":null,"AttachStderr":null,"PortSpecs":null,"Tty":null,"OpenStdin":null,"StdinOnce":null,"Env":["MYSQL_DATABASE=lotification","MYSQL_PASSWORD=1234","MYSQL_USER=admin","MYSQL_ROOT_PASSWORD=1234"],"Cmd":[],"Healthcheck":null,"ArgsEscaped":null,"Entrypoint":null,"Image":"mysql:8","Volumes":{},"WorkingDir":null,"MacAddress":null,"OnBuild":null,"NetworkDisabled":null,"ExposedPorts":{"3306/tcp":{}},"StopSignal":null,"StopTimeout":null,"HostConfig":{"Binds":[],"BlkioWeight":null,"BlkioWeightDevice":null,"BlkioDeviceReadBps":null,"BlkioDeviceWriteBps":null,"BlkioDeviceReadIOps":null,"BlkioDeviceWriteIOps":null,"MemorySwappiness":null,"NanoCpus":null,"CapAdd":null,"CapDrop":null,"ContainerIDFile":null,"CpuPeriod":null,"CpuRealtimePeriod":null,"CpuRealtimeRuntime":null,"CpuShares":null,"CpuQuota":null,"CpusetCpus":null,"CpusetMems":null,"Devices":null,"DeviceCgroupRules":null,"DeviceRequests":null,"DiskQuota":null,"Dns":null,"DnsOptions":null,"DnsSearch":null,"ExtraHosts":[],"GroupAdd":null,"IpcMode":null,"Cgroup":null,"Links":[],"LogConfig":null,"LxcConf":null,"Memory":null,"MemorySwap":null,"MemoryReservation":null,"KernelMemory":null,"NetworkMode":null,"OomKillDisable":null,"Init":null,"AutoRemove":null,"OomScoreAdj":null,"PortBindings":{"3306/tcp":[{"HostIp":"","HostPort":""}]},"Privileged":null,"PublishAllPorts":null,"ReadonlyRootfs":null,"RestartPolicy":null,"Ulimits":null,"CpuCount":null,"CpuPercent":null,"IOMaximumIOps":null,"IOMaximumBandwidth":null,"VolumesFrom":[],"Mounts":null,"PidMode":null,"Isolation":null,"SecurityOpt":null,"StorageOpt":null,"CgroupParent":null,"VolumeDriver":null,"ShmSize":null,"PidsLimit":null,"Runtime":null,"Tmpfs":null,"UTSMode":null,"UsernsMode":null,"Sysctls":null,"ConsoleSize":null,"CgroupnsMode":null},"Labels":{"org.testcontainers":"true","org.testcontainers.sessionId":"c5b4bded-8a7b-4309-a94c-5bb153977152"},"Shell":null,"NetworkingConfig":null}"
11:45:36.078 [Test worker] DEBUG com.github.dockerjava.zerodep.shaded.org.apache.hc.client5.http.wire - http-outgoing-1 << "HTTP/1.1 201 Created[\r][\n]"
11:45:36.078 [Test worker] DEBUG com.github.dockerjava.zerodep.shaded.org.apache.hc.client5.http.wire - http-outgoing-1 << "Api-Version: 1.41[\r][\n]"
11:45:36.078 [Test worker] DEBUG com.github.dockerjava.zerodep.shaded.org.apache.hc.client5.http.wire - http-outgoing-1 << "Content-Type: application/json[\r][\n]"
11:45:36.078 [Test worker] DEBUG com.github.dockerjava.zerodep.shaded.org.apache.hc.client5.http.wire - http-outgoing-1 << "Date: Mon, 26 Sep 2022 02:45:36 GMT[\r][\n]"
11:45:36.078 [Test worker] DEBUG com.github.dockerjava.zerodep.shaded.org.apache.hc.client5.http.wire - http-outgoing-1 << "Docker-Experimental: false[\r][\n]"
11:45:36.078 [Test worker] DEBUG com.github.dockerjava.zerodep.shaded.org.apache.hc.client5.http.wire - http-outgoing-1 << "Ostype: linux[\r][\n]"
11:45:36.078 [Test worker] DEBUG com.github.dockerjava.zerodep.shaded.org.apache.hc.client5.http.wire - http-outgoing-1 << "Server: Docker/20.10.11 (linux)[\r][\n]"
11:45:36.078 [Test worker] DEBUG com.github.dockerjava.zerodep.shaded.org.apache.hc.client5.http.wire - http-outgoing-1 << "Transfer-Encoding: chunked[\r][\n]"
11:45:36.078 [Test worker] DEBUG com.github.dockerjava.zerodep.shaded.org.apache.hc.client5.http.wire - http-outgoing-1 << "[\r][\n]"
11:45:36.078 [Test worker] DEBUG com.github.dockerjava.zerodep.shaded.org.apache.hc.client5.http.headers - http-outgoing-1 << HTTP/1.1 201 Created
11:45:36.078 [Test worker] DEBUG com.github.dockerjava.zerodep.shaded.org.apache.hc.client5.http.headers - http-outgoing-1 << Api-Version: 1.41
11:45:36.078 [Test worker] DEBUG com.github.dockerjava.zerodep.shaded.org.apache.hc.client5.http.headers - http-outgoing-1 << Content-Type: application/json
11:45:36.078 [Test worker] DEBUG com.github.dockerjava.zerodep.shaded.org.apache.hc.client5.http.headers - http-outgoing-1 << Date: Mon, 26 Sep 2022 02:45:36 GMT
11:45:36.078 [Test worker] DEBUG com.github.dockerjava.zerodep.shaded.org.apache.hc.client5.http.headers - http-outgoing-1 << Docker-Experimental: false
11:45:36.078 [Test worker] DEBUG com.github.dockerjava.zerodep.shaded.org.apache.hc.client5.http.headers - http-outgoing-1 << Ostype: linux
11:45:36.078 [Test worker] DEBUG com.github.dockerjava.zerodep.shaded.org.apache.hc.client5.http.headers - http-outgoing-1 << Server: Docker/20.10.11 (linux)
11:45:36.078 [Test worker] DEBUG com.github.dockerjava.zerodep.shaded.org.apache.hc.client5.http.headers - http-outgoing-1 << Transfer-Encoding: chunked
11:45:36.079 [Test worker] DEBUG com.github.dockerjava.zerodep.shaded.org.apache.hc.client5.http.impl.classic.MainClientExec - ex-00000008: connection can be kept alive for 3 MINUTES
11:45:36.079 [Test worker] DEBUG com.github.dockerjava.zerodep.shaded.org.apache.hc.client5.http.wire - http-outgoing-1 << "58[\r][\n]"
11:45:36.079 [Test worker] DEBUG com.github.dockerjava.zerodep.shaded.org.apache.hc.client5.http.wire - http-outgoing-1 << "{"Id":"47a7ce05e61aa72bdced5a030ca6064519c62d122a5992816f04e0e528b5b17d","Warnings":[]}[\n]"
11:45:36.079 [Test worker] DEBUG com.github.dockerjava.zerodep.shaded.org.apache.hc.client5.http.wire - http-outgoing-1 << "[\r][\n]"
11:45:36.079 [Test worker] DEBUG com.github.dockerjava.zerodep.shaded.org.apache.hc.client5.http.wire - http-outgoing-1 << "0[\r][\n]"
11:45:36.079 [Test worker] DEBUG com.github.dockerjava.zerodep.shaded.org.apache.hc.client5.http.wire - http-outgoing-1 << "[\r][\n]"
11:45:36.079 [Test worker] DEBUG com.github.dockerjava.zerodep.shaded.org.apache.hc.client5.http.impl.classic.InternalHttpClient - ep-00000007: releasing valid endpoint
11:45:36.079 [Test worker] DEBUG com.github.dockerjava.zerodep.shaded.org.apache.hc.client5.http.impl.io.PoolingHttpClientConnectionManager - ep-00000007: releasing endpoint
11:45:36.079 [Test worker] DEBUG com.github.dockerjava.zerodep.shaded.org.apache.hc.client5.http.impl.io.PoolingHttpClientConnectionManager - ep-00000007: connection http-outgoing-1 can be kept alive for 3 MINUTES
11:45:36.079 [Test worker] DEBUG com.github.dockerjava.zerodep.shaded.org.apache.hc.client5.http.impl.io.PoolingHttpClientConnectionManager - ep-00000007: connection released [route: {}->unix://localhost:2375][total available: 1; route allocated: 1 of 2147483647; total allocated: 1 of 2147483647]
11:45:36.081 [Test worker] DEBUG org.testcontainers.utility.MountableFile - Copying classpath resource(s) from jar:file:/Users/taeyoung/.gradle/caches/modules-2/files-2.1/org.testcontainers/mysql/1.17.3/ae89b6c96670972495494e0f960edbfe4e187dac/mysql-1.17.3.jar!/mysql-default-conf to /tmp/.testcontainers-tmp-12013805238665954077 to permit Docker to bind
11:45:36.082 [Test worker] DEBUG org.testcontainers.utility.MountableFile - Copying resource mysql-default-conf from JAR file /Users/taeyoung/.gradle/caches/modules-2/files-2.1/org.testcontainers/mysql/1.17.3/ae89b6c96670972495494e0f960edbfe4e187dac/mysql-1.17.3.jar
11:45:36.082 [Test worker] DEBUG org.testcontainers.utility.MountableFile - Copying classpath resource(s) from jar:file:/Users/taeyoung/.gradle/caches/modules-2/files-2.1/org.testcontainers/mysql/1.17.3/ae89b6c96670972495494e0f960edbfe4e187dac/mysql-1.17.3.jar!/mysql-default-conf to /tmp/.testcontainers-tmp-12013805238665954077 to permit Docker to bind
11:45:36.082 [Test worker] DEBUG org.testcontainers.utility.MountableFile - Copying resource mysql-default-conf from JAR file /Users/taeyoung/.gradle/caches/modules-2/files-2.1/org.testcontainers/mysql/1.17.3/ae89b6c96670972495494e0f960edbfe4e187dac/mysql-1.17.3.jar
11:45:36.094 [Test worker] DEBUG org.testcontainers.shaded.com.github.dockerjava.core.command.AbstrDockerCmd - Cmd: org.testcontainers.shaded.com.github.dockerjava.core.command.CopyArchiveToContainerCmdImpl@70242f38[cp ,<null>, ,47a7ce05e61aa72bdced5a030ca6064519c62d122a5992816f04e0e528b5b17d,:,/]
11:45:36.095 [Test worker] DEBUG com.github.dockerjava.zerodep.shaded.org.apache.hc.client5.http.impl.classic.InternalHttpClient - ex-00000009: preparing request execution
11:45:36.095 [Test worker] DEBUG com.github.dockerjava.zerodep.shaded.org.apache.hc.client5.http.protocol.RequestAddCookies - Cookie spec selected: strict
11:45:36.096 [Test worker] DEBUG com.github.dockerjava.zerodep.shaded.org.apache.hc.client5.http.protocol.RequestAuthCache - Auth cache not set in the context
11:45:36.096 [Test worker] DEBUG com.github.dockerjava.zerodep.shaded.org.apache.hc.client5.http.impl.classic.ProtocolExec - ex-00000009: target auth state: UNCHALLENGED
11:45:36.096 [Test worker] DEBUG com.github.dockerjava.zerodep.shaded.org.apache.hc.client5.http.impl.classic.ProtocolExec - ex-00000009: proxy auth state: UNCHALLENGED
11:45:36.096 [Test worker] DEBUG com.github.dockerjava.zerodep.shaded.org.apache.hc.client5.http.impl.classic.ConnectExec - ex-00000009: acquiring connection with route {}->unix://localhost:2375
11:45:36.096 [Test worker] DEBUG com.github.dockerjava.zerodep.shaded.org.apache.hc.client5.http.impl.classic.InternalHttpClient - ex-00000009: acquiring endpoint (3 MINUTES)
11:45:36.096 [Test worker] DEBUG com.github.dockerjava.zerodep.shaded.org.apache.hc.client5.http.impl.io.PoolingHttpClientConnectionManager - ex-00000009: endpoint lease request (3 MINUTES) [route: {}->unix://localhost:2375][total available: 1; route allocated: 1 of 2147483647; total allocated: 1 of 2147483647]
11:45:36.096 [Test worker] DEBUG com.github.dockerjava.zerodep.shaded.org.apache.hc.client5.http.impl.io.PoolingHttpClientConnectionManager - ex-00000009: endpoint leased [route: {}->unix://localhost:2375][total available: 0; route allocated: 1 of 2147483647; total allocated: 1 of 2147483647]
11:45:36.096 [Test worker] DEBUG com.github.dockerjava.zerodep.shaded.org.apache.hc.client5.http.impl.io.PoolingHttpClientConnectionManager - ex-00000009: acquired ep-00000008
11:45:36.096 [Test worker] DEBUG com.github.dockerjava.zerodep.shaded.org.apache.hc.client5.http.impl.classic.InternalHttpClient - ex-00000009: acquired endpoint ep-00000008
11:45:36.096 [Test worker] DEBUG com.github.dockerjava.zerodep.shaded.org.apache.hc.client5.http.impl.classic.MainClientExec - ex-00000009: executing PUT /v1.32/containers/47a7ce05e61aa72bdced5a030ca6064519c62d122a5992816f04e0e528b5b17d/archive?noOverwriteDirNonDir=false&path=%2F HTTP/1.1
11:45:36.096 [Test worker] DEBUG com.github.dockerjava.zerodep.shaded.org.apache.hc.client5.http.impl.classic.InternalHttpClient - ep-00000008: start execution ex-00000009
11:45:36.096 [Test worker] DEBUG com.github.dockerjava.zerodep.shaded.org.apache.hc.client5.http.impl.io.PoolingHttpClientConnectionManager - ep-00000008: executing exchange ex-00000009 over http-outgoing-1
11:45:36.096 [Test worker] DEBUG com.github.dockerjava.zerodep.shaded.org.apache.hc.client5.http.headers - http-outgoing-1 >> PUT /v1.32/containers/47a7ce05e61aa72bdced5a030ca6064519c62d122a5992816f04e0e528b5b17d/archive?noOverwriteDirNonDir=false&path=%2F HTTP/1.1
11:45:36.096 [Test worker] DEBUG com.github.dockerjava.zerodep.shaded.org.apache.hc.client5.http.headers - http-outgoing-1 >> content-type: APPLICATION_X_TAR
11:45:36.096 [Test worker] DEBUG com.github.dockerjava.zerodep.shaded.org.apache.hc.client5.http.headers - http-outgoing-1 >> x-tc-sid: c5b4bded-8a7b-4309-a94c-5bb153977152
11:45:36.096 [Test worker] DEBUG com.github.dockerjava.zerodep.shaded.org.apache.hc.client5.http.headers - http-outgoing-1 >> Accept-Encoding: gzip, x-gzip, deflate
11:45:36.096 [Test worker] DEBUG com.github.dockerjava.zerodep.shaded.org.apache.hc.client5.http.headers - http-outgoing-1 >> Transfer-Encoding: chunked
11:45:36.096 [Test worker] DEBUG com.github.dockerjava.zerodep.shaded.org.apache.hc.client5.http.headers - http-outgoing-1 >> Host: localhost:2375
11:45:36.096 [Test worker] DEBUG com.github.dockerjava.zerodep.shaded.org.apache.hc.client5.http.headers - http-outgoing-1 >> Connection: keep-alive
11:45:36.096 [Test worker] DEBUG com.github.dockerjava.zerodep.shaded.org.apache.hc.client5.http.headers - http-outgoing-1 >> User-Agent: Apache-HttpClient/5.0.3 (Java/17.0.3)
11:45:36.096 [Test worker] DEBUG com.github.dockerjava.zerodep.shaded.org.apache.hc.client5.http.wire - http-outgoing-1 >> "PUT /v1.32/containers/47a7ce05e61aa72bdced5a030ca6064519c62d122a5992816f04e0e528b5b17d/archive?noOverwriteDirNonDir=false&path=%2F HTTP/1.1[\r][\n]"
11:45:36.096 [Test worker] DEBUG com.github.dockerjava.zerodep.shaded.org.apache.hc.client5.http.wire - http-outgoing-1 >> "content-type: APPLICATION_X_TAR[\r][\n]"
11:45:36.096 [Test worker] DEBUG com.github.dockerjava.zerodep.shaded.org.apache.hc.client5.http.wire - http-outgoing-1 >> "x-tc-sid: c5b4bded-8a7b-4309-a94c-5bb153977152[\r][\n]"
11:45:36.096 [Test worker] DEBUG com.github.dockerjava.zerodep.shaded.org.apache.hc.client5.http.wire - http-outgoing-1 >> "Accept-Encoding: gzip, x-gzip, deflate[\r][\n]"
11:45:36.096 [Test worker] DEBUG com.github.dockerjava.zerodep.shaded.org.apache.hc.client5.http.wire - http-outgoing-1 >> "Transfer-Encoding: chunked[\r][\n]"
11:45:36.096 [Test worker] DEBUG com.github.dockerjava.zerodep.shaded.org.apache.hc.client5.http.wire - http-outgoing-1 >> "Host: localhost:2375[\r][\n]"
11:45:36.096 [Test worker] DEBUG com.github.dockerjava.zerodep.shaded.org.apache.hc.client5.http.wire - http-outgoing-1 >> "Connection: keep-alive[\r][\n]"
11:45:36.096 [Test worker] DEBUG com.github.dockerjava.zerodep.shaded.org.apache.hc.client5.http.wire - http-outgoing-1 >> "User-Agent: Apache-HttpClient/5.0.3 (Java/17.0.3)[\r][\n]"
11:45:36.096 [Test worker] DEBUG com.github.dockerjava.zerodep.shaded.org.apache.hc.client5.http.wire - http-outgoing-1 >> "[\r][\n]"
11:45:36.096 [Test worker] DEBUG com.github.dockerjava.zerodep.shaded.org.apache.hc.client5.http.wire - http-outgoing-1 >> "1000[\r][\n]"
11:45:36.097 [Test worker] DEBUG com.github.dockerjava.zerodep.shaded.org.apache.hc.client5.http.wire - http-outgoing-1 >> "etc/mysql/conf.d/[0x0][0x0][0x0][0x0][0x0][0x0][0x0][0x0][0x0][0x0][0x0][0x0][0x0][0x0][0x0][0x0][0x0][0x0][0x0][0x0][0x0][0x0][0x0][0x0][0x0][0x0][0x0][0x0][0x0][0x0][0x0][0x0][0x0][0x0][0x0][0x0][0x0][0x0][0x0][0x0][0x0][0x0][0x0][0x0][0x0][0x0][0x0][0x0][0x0][0x0][0x0][0x0][0x0][0x0][0x0][0x0][0x0][0x0][0x0][0x0][0x0][0x0][0x0][0x0][0x0][0x0][0x0][0x0][0x0][0x0][0x0][0x0][0x0][0x0][0x0][0x0][0x0][0x0][0x0][0x0][0x0][0x0][0x0]0040755 0000765 0000000 00000000000 14314211120 015507[0x0] 5[0x0][0x0][0x0][0x0][0x0][0x0][0x0][0x0][0x0][0x0][0x0][0x0][0x0][0x0][0x0][0x0][0x0][0x0][0x0][0x0][0x0][0x0][0x0][0x0][0x0][0x0][0x0][0x0][0x0][0x0][0x0][0x0][0x0][0x0][0x0][0x0][0x0][0x0][0x0][0x0][0x0][0x0][0x0][0x0][0x0][0x0][0x0][0x0][0x0][0x0][0x0][0x0][0x0][0x0][0x0][0x0][0x0][0x0][0x0][0x0][0x0][0x0][0x0][0x0][0x0][0x0][0x0][0x0][0x0][0x0][0x0][0x0][0x0][0x0][0x0][0x0][0x0][0x0][0x0][0x0][0x0][0x0][0x0][0x0][0x0][0x0][0x0][0x0][0x0][0x0][0x0][0x0][0x0][0x0][0x0][0x0][0x0][0x0][0x0][0x0]ustar[0x0]00taeyoung[0x0][0x0][0x0][0x0][0x0][0x0][0x0][0x0][0x0][0x0][0x0][0x0][0x0][0x0][0x0][0x0][0x0][0x0][0x0][0x0][0x0][0x0][0x0][0x0]wheel[0x0][0x0][0x0][0x0][0x0][0x0][0x0][0x0][0x0][0x0][0x0][0x0][0x0][0x0][0x0][0x0][0x0][0x0][0x0][0x0][0x0][0x0][0x0][0x0][0x0][0x0][0x0]0000000 0000000 [0x0][0x0][0x0][0x0][0x0][0x0][0x0][0x0][0x0][0x0][0x0][0x0][0x0][0x0][0x0][0x0][0x0][0x0][0x0][0x0][0x0][0x0][0x0][0x0][0x0][0x0][0x0][0x0][0x0][0x0][0x0][0x0][0x0][0x0][0x0][0x0][0x0][0x0][0x0][0x0][0x0][0x0][0x0][0x0][0x0][0x0][0x0][0x0][0x0][0x0][0x0][0x0][0x0][0x0][0x0][0x0][0x0][0x0][0x0][0x0][0x0][0x0][0x0][0x0][0x0][0x0][0x0][0x0][0x0][0x0][0x0][0x0][0x0][0x0][0x0][0x0][0x0][0x0][0x0][0x0][0x0][0x0][0x0][0x0][0x0][0x0][0x0][0x0][0x0][0x0][0x0][0x0][0x0][0x0][0x0][0x0][0x0][0x0][0x0][0x0][0x0][0x0][0x0][0x0][0x0][0x0][0x0][0x0][0x0][0x0][0x0][0x0][0x0][0x0][0x0][0x0][0x0][0x0][0x0][0x0][0x0][0x0][0x0][0x0][0x0][0x0][0x0][0x0][0x0][0x0][0x0][0x0][0x0][0x0][0x0][0x0][0x0][0x0][0x0][0x0][0x0][0x0][0x0][0x0][0x0][0x0][0x0][0x0][0x0][0x0][0x0][0x0][0x0][0x0][0x0][0x0][0x0][0x0][0x0][0x0][0x0][0x0][0x0][0x0][0x0][0x0][0x0]etc/mysql/conf.d/my.cnf[0x0][0x0][0x0][0x0][0x0][0x0][0x0][0x0][0x0][0x0][0x0][0x0][0x0][0x0][0x0][0x0][0x0][0x0][0x0][0x0][0x0][0x0][0x0][0x0][0x0][0x0][0x0][0x0][0x0][0x0][0x0][0x0][0x0][0x0][0x0][0x0][0x0][0x0][0x0][0x0][0x0][0x0][0x0][0x0][0x0][0x0][0x0][0x0][0x0][0x0][0x0][0x0][0x0][0x0][0x0][0x0][0x0][0x0][0x0][0x0][0x0][0x0][0x0][0x0][0x0][0x0][0x0][0x0][0x0][0x0][0x0][0x0][0x0][0x0][0x0][0x0][0x0]0100644 0000765 0000000 00000003240 14314211120 016620[0x0] 0[0x0][0x0][0x0][0x0][0x0][0x0][0x0][0x0][0x0][0x0][0x0][0x0][0x0][0x0][0x0][0x0][0x0][0x0][0x0][0x0][0x0][0x0][0x0][0x0][0x0][0x0][0x0][0x0][0x0][0x0][0x0][0x0][0x0][0x0][0x0][0x0][0x0][0x0][0x0][0x0][0x0][0x0][0x0][0x0][0x0][0x0][0x0][0x0][0x0][0x0][0x0][0x0][0x0][0x0][0x0][0x0][0x0][0x0][0x0][0x0][0x0][0x0][0x0][0x0][0x0][0x0][0x0][0x0][0x0][0x0][0x0][0x0][0x0][0x0][0x0][0x0][0x0][0x0][0x0][0x0][0x0][0x0][0x0][0x0][0x0][0x0][0x0][0x0][0x0][0x0][0x0][0x0][0x0][0x0][0x0][0x0][0x0][0x0][0x0][0x0]ustar[0x0]00taeyoung[0x0][0x0][0x0][0x0][0x0][0x0][0x0][0x0][0x0][0x0][0x0][0x0][0x0][0x0][0x0][0x0][0x0][0x0][0x0][0x0][0x0][0x0][0x0][0x0]wheel[0x0][0x0][0x0][0x0][0x0][0x0][0x0][0x0][0x0][0x0][0x0][0x0][0x0][0x0][0x0][0x0][0x0][0x0][0x0][0x0][0x0][0x0][0x0][0x0][0x0][0x0][0x0]0000000 0000000 [0x0][0x0][0x0][0x0][0x0][0x0][0x0][0x0][0x0][0x0][0x0][0x0][0x0][0x0][0x0][0x0][0x0][0x0][0x0][0x0][0x0][0x0][0x0][0x0][0x0][0x0][0x0][0x0][0x0][0x0][0x0][0x0][0x0][0x0][0x0][0x0][0x0][0x0][0x0][0x0][0x0][0x0][0x0][0x0][0x0][0x0][0x0][0x0][0x0][0x0][0x0][0x0][0x0][0x0][0x0][0x0][0x0][0x0][0x0][0x0][0x0][0x0][0x0][0x0][0x0][0x0][0x0][0x0][0x0][0x0][0x0][0x0][0x0][0x0][0x0][0x0][0x0][0x0][0x0][0x0][0x0][0x0][0x0][0x0][0x0][0x0][0x0][0x0][0x0][0x0][0x0][0x0][0x0][0x0][0x0][0x0][0x0][0x0][0x0][0x0][0x0][0x0][0x0][0x0][0x0][0x0][0x0][0x0][0x0][0x0][0x0][0x0][0x0][0x0][0x0][0x0][0x0][0x0][0x0][0x0][0x0][0x0][0x0][0x0][0x0][0x0][0x0][0x0][0x0][0x0][0x0][0x0][0x0][0x0][0x0][0x0][0x0][0x0][0x0][0x0][0x0][0x0][0x0][0x0][0x0][0x0][0x0][0x0][0x0][0x0][0x0][0x0][0x0][0x0][0x0][0x0][0x0][0x0][0x0][0x0][0x0][0x0][0x0][0x0][0x0][0x0][0x0][mysqld][\n]"
11:45:36.097 [Test worker] DEBUG com.github.dockerjava.zerodep.shaded.org.apache.hc.client5.http.wire - http-outgoing-1 >> "user = mysql[\n]"
11:45:36.097 [Test worker] DEBUG com.github.dockerjava.zerodep.shaded.org.apache.hc.client5.http.wire - http-outgoing-1 >> "datadir = /var/lib/mysql[\n]"
11:45:36.097 [Test worker] DEBUG com.github.dockerjava.zerodep.shaded.org.apache.hc.client5.http.wire - http-outgoing-1 >> "port   [0x9][0x9]= 3306[\n]"
11:45:36.097 [Test worker] DEBUG com.github.dockerjava.zerodep.shaded.org.apache.hc.client5.http.wire - http-outgoing-1 >> "#socket [0x9][0x9]= /tmp/mysql.sock[\n]"
11:45:36.097 [Test worker] DEBUG com.github.dockerjava.zerodep.shaded.org.apache.hc.client5.http.wire - http-outgoing-1 >> "skip-external-locking[\n]"
11:45:36.097 [Test worker] DEBUG com.github.dockerjava.zerodep.shaded.org.apache.hc.client5.http.wire - http-outgoing-1 >> "key_buffer_size = 16K[\n]"
11:45:36.097 [Test worker] DEBUG com.github.dockerjava.zerodep.shaded.org.apache.hc.client5.http.wire - http-outgoing-1 >> "max_allowed_packet = 1M[\n]"
11:45:36.097 [Test worker] DEBUG com.github.dockerjava.zerodep.shaded.org.apache.hc.client5.http.wire - http-outgoing-1 >> "table_open_cache = 4[\n]"
11:45:36.097 [Test worker] DEBUG com.github.dockerjava.zerodep.shaded.org.apache.hc.client5.http.wire - http-outgoing-1 >> "sort_buffer_size = 64K[\n]"
11:45:36.097 [Test worker] DEBUG com.github.dockerjava.zerodep.shaded.org.apache.hc.client5.http.wire - http-outgoing-1 >> "read_buffer_size = 256K[\n]"
11:45:36.097 [Test worker] DEBUG com.github.dockerjava.zerodep.shaded.org.apache.hc.client5.http.wire - http-outgoing-1 >> "read_rnd_buffer_size = 256K[\n]"
11:45:36.097 [Test worker] DEBUG com.github.dockerjava.zerodep.shaded.org.apache.hc.client5.http.wire - http-outgoing-1 >> "net_buffer_length = 2K[\n]"
11:45:36.097 [Test worker] DEBUG com.github.dockerjava.zerodep.shaded.org.apache.hc.client5.http.wire - http-outgoing-1 >> "skip-host-cache[\n]"
11:45:36.097 [Test worker] DEBUG com.github.dockerjava.zerodep.shaded.org.apache.hc.client5.http.wire - http-outgoing-1 >> "skip-name-resolve[\n]"
11:45:36.097 [Test worker] DEBUG com.github.dockerjava.zerodep.shaded.org.apache.hc.client5.http.wire - http-outgoing-1 >> "[\n]"
11:45:36.097 [Test worker] DEBUG com.github.dockerjava.zerodep.shaded.org.apache.hc.client5.http.wire - http-outgoing-1 >> "# Don't listen on a TCP/IP port at all. This can be a security enhancement,[\n]"
11:45:36.097 [Test worker] DEBUG com.github.dockerjava.zerodep.shaded.org.apache.hc.client5.http.wire - http-outgoing-1 >> "# if all processes that need to connect to mysqld run on the same host.[\n]"
11:45:36.097 [Test worker] DEBUG com.github.dockerjava.zerodep.shaded.org.apache.hc.client5.http.wire - http-outgoing-1 >> "# All interaction with mysqld must be made via Unix sockets or named pipes.[\n]"
11:45:36.097 [Test worker] DEBUG com.github.dockerjava.zerodep.shaded.org.apache.hc.client5.http.wire - http-outgoing-1 >> "# Note that using this option without enabling named pipes on Windows[\n]"
11:45:36.097 [Test worker] DEBUG com.github.dockerjava.zerodep.shaded.org.apache.hc.client5.http.wire - http-outgoing-1 >> "# (using the "enable-named-pipe" option) will render mysqld useless![\n]"
11:45:36.097 [Test worker] DEBUG com.github.dockerjava.zerodep.shaded.org.apache.hc.client5.http.wire - http-outgoing-1 >> "#[\n]"
11:45:36.097 [Test worker] DEBUG com.github.dockerjava.zerodep.shaded.org.apache.hc.client5.http.wire - http-outgoing-1 >> "#skip-networking[\n]"
11:45:36.097 [Test worker] DEBUG com.github.dockerjava.zerodep.shaded.org.apache.hc.client5.http.wire - http-outgoing-1 >> "#server-id      [0x9]= 1[\n]"
11:45:36.097 [Test worker] DEBUG com.github.dockerjava.zerodep.shaded.org.apache.hc.client5.http.wire - http-outgoing-1 >> "[\n]"
11:45:36.097 [Test worker] DEBUG com.github.dockerjava.zerodep.shaded.org.apache.hc.client5.http.wire - http-outgoing-1 >> "# Uncomment the following if you want to log updates[\n]"
11:45:36.097 [Test worker] DEBUG com.github.dockerjava.zerodep.shaded.org.apache.hc.client5.http.wire - http-outgoing-1 >> "#log-bin=mysql-bin[\n]"
11:45:36.097 [Test worker] DEBUG com.github.dockerjava.zerodep.shaded.org.apache.hc.client5.http.wire - http-outgoing-1 >> "[\n]"
11:45:36.097 [Test worker] DEBUG com.github.dockerjava.zerodep.shaded.org.apache.hc.client5.http.wire - http-outgoing-1 >> "# binary logging format - mixed recommended[\n]"
11:45:36.097 [Test worker] DEBUG com.github.dockerjava.zerodep.shaded.org.apache.hc.client5.http.wire - http-outgoing-1 >> "#binlog_format=mixed[\n]"
11:45:36.097 [Test worker] DEBUG com.github.dockerjava.zerodep.shaded.org.apache.hc.client5.http.wire - http-outgoing-1 >> "[\n]"
11:45:36.097 [Test worker] DEBUG com.github.dockerjava.zerodep.shaded.org.apache.hc.client5.http.wire - http-outgoing-1 >> "# Causes updates to non-transactional engines using statement format to be[\n]"
11:45:36.097 [Test worker] DEBUG com.github.dockerjava.zerodep.shaded.org.apache.hc.client5.http.wire - http-outgoing-1 >> "# written directly to binary log. Before using this option make sure that[\n]"
11:45:36.097 [Test worker] DEBUG com.github.dockerjava.zerodep.shaded.org.apache.hc.client5.http.wire - http-outgoing-1 >> "# there are no dependencies between transactional and non-transactional[\n]"
11:45:36.097 [Test worker] DEBUG com.github.dockerjava.zerodep.shaded.org.apache.hc.client5.http.wire - http-outgoing-1 >> "# tables such as in the statement INSERT INTO t_myisam SELECT * FROM[\n]"
11:45:36.097 [Test worker] DEBUG com.github.dockerjava.zerodep.shaded.org.apache.hc.client5.http.wire - http-outgoing-1 >> "# t_innodb; otherwise, slaves may diverge from the master.[\n]"
11:45:36.097 [Test worker] DEBUG com.github.dockerjava.zerodep.shaded.org.apache.hc.client5.http.wire - http-outgoing-1 >> "#binlog_direct_non_transactional_updates=TRUE[\n]"
11:45:36.097 [Test worker] DEBUG com.github.dockerjava.zerodep.shaded.org.apache.hc.client5.http.wire - http-outgoing-1 >> "[\n]"
11:45:36.097 [Test worker] DEBUG com.github.dockerjava.zerodep.shaded.org.apache.hc.client5.http.wire - http-outgoing-1 >> "# Uncomment the following if you are using InnoDB tables[\n]"
11:45:36.097 [Test worker] DEBUG com.github.dockerjava.zerodep.shaded.org.apache.hc.client5.http.wire - http-outgoing-1 >> "innodb_data_file_path = ibdata1:10M:autoextend[\n]"
11:45:36.097 [Test worker] DEBUG com.github.dockerjava.zerodep.shaded.org.apache.hc.client5.http.wire - http-outgoing-1 >> "# You can set .._buffer_pool_size up to 50 - 80 %[\n]"
11:45:36.097 [Test worker] DEBUG com.github.dockerjava.zerodep.shaded.org.apache.hc.client5.http.wire - http-outgoing-1 >> "# of RAM but beware of setting memory usage too high[\n]"
11:45:36.097 [Test worker] DEBUG com.github.dockerjava.zerodep.shaded.org.apache.hc.client5.http.wire - http-outgoing-1 >> "innodb_buffer_pool_size = 16M[\n]"
11:45:36.097 [Test worker] DEBUG com.github.dockerjava.zerodep.shaded.org.apache.hc.client5.http.wire - http-outgoing-1 >> "#innodb_additional_mem_pool_size = 2M[\n]"
11:45:36.097 [Test worker] DEBUG com.github.dockerjava.zerodep.shaded.org.apache.hc.client5.http.wire - http-outgoing-1 >> "# Set .._log_file_size to 25 % of buffer pool size[\n]"
11:45:36.097 [Test worker] DEBUG com.github.dockerjava.zerodep.shaded.org.apache.hc.client5.http.wire - http-outgoing-1 >> "innodb_log_file_size = 5M[\n]"
11:45:36.097 [Test worker] DEBUG com.github.dockerjava.zerodep.shaded.org.apache.hc.client5.http.wire - http-outgoing-1 >> "innodb_log_buffer_size = 8M[\n]"
11:45:36.097 [Test worker] DEBUG com.github.dockerjava.zerodep.shaded.org.apache.hc.client5.http.wire - http-outgoing-1 >> "innodb_flush_log_at_trx_commit = 1[\n]"
11:45:36.098 [Test worker] DEBUG com.github.dockerjava.zerodep.shaded.org.apache.hc.client5.http.wire - http-outgoing-1 >> "innodb_lock_wait_timeout = 50[0x0][0x0][0x0][0x0][0x0][0x0][0x0][0x0][0x0][0x0][0x0][0x0][0x0][0x0][0x0][0x0][0x0][0x0][0x0][0x0][0x0][0x0][0x0][0x0][0x0][0x0][0x0][0x0][0x0][0x0][0x0][0x0][0x0][0x0][0x0][0x0][0x0][0x0][0x0][0x0][0x0][0x0][0x0][0x0][0x0][0x0][0x0][0x0][0x0][0x0][0x0][0x0][0x0][0x0][0x0][0x0][0x0][0x0][0x0][0x0][0x0][0x0][0x0][0x0][0x0][0x0][0x0][0x0][0x0][0x0][0x0][0x0][0x0][0x0][0x0][0x0][0x0][0x0][0x0][0x0][0x0][0x0][0x0][0x0][0x0][0x0][0x0][0x0][0x0][0x0][0x0][0x0][0x0][0x0][0x0][0x0][0x0][0x0][0x0][0x0][0x0][0x0][0x0][0x0][0x0][0x0][0x0][0x0][0x0][0x0][0x0][0x0][0x0][0x0][0x0][0x0][0x0][0x0][0x0][0x0][0x0][0x0][0x0][0x0][0x0][0x0][0x0][0x0][0x0][0x0][0x0][0x0][0x0][0x0][0x0][0x0][0x0][0x0][0x0][0x0][0x0][0x0][0x0][0x0][0x0][0x0][0x0][0x0][0x0][0x0][0x0][0x0][0x0][0x0][0x0][0x0][0x0][0x0][0x0][0x0][0x0][0x0][0x0][0x0][0x0][0x0][0x0][0x0][0x0][0x0][0x0][0x0][0x0][0x0][0x0][0x0][0x0][0x0][0x0][0x0][0x0][0x0][0x0][0x0][0x0][0x0][0x0][0x0][0x0][0x0][0x0][0x0][0x0][0x0][0x0][0x0][0x0][0x0][0x0][0x0][0x0][0x0][0x0][0x0][0x0][0x0][0x0][0x0][0x0][0x0][0x0][0x0][0x0][0x0][0x0][0x0][0x0][0x0][0x0][0x0][0x0][0x0][0x0][0x0][0x0][0x0][0x0][0x0][0x0][0x0][0x0][0x0][0x0][0x0][0x0][0x0][0x0][0x0][0x0][0x0][0x0][0x0][0x0][0x0][0x0][0x0][0x0][0x0][0x0][0x0][0x0][0x0][0x0][0x0][0x0][0x0][0x0][0x0][0x0][0x0][0x0][0x0][0x0][0x0][0x0][0x0][0x0][0x0][0x0][0x0][0x0][0x0][0x0][0x0][0x0][0x0][0x0][0x0][0x0][0x0][0x0][0x0][0x0][0x0][0x0][0x0][0x0][0x0][0x0][0x0][0x0][0x0][0x0][0x0][0x0][0x0][0x0][0x0][0x0][0x0][0x0][0x0][0x0][0x0][0x0][0x0][0x0][0x0][0x0][0x0][0x0][0x0][0x0][0x0][0x0][0x0][0x0][0x0][0x0][0x0][0x0][0x0][0x0][0x0][0x0][0x0][0x0][0x0][0x0][0x0][0x0][0x0][0x0][0x0][0x0][0x0][0x0][0x0][0x0][0x0][0x0][0x0][0x0][0x0][0x0][0x0][0x0][0x0][0x0][0x0][0x0][0x0][0x0][0x0][0x0][0x0][0x0][0x0][0x0][0x0][0x0][0x0][0x0][0x0][0x0][0x0][0x0][0x0][0x0][0x0][0x0][0x0][0x0][0x0][0x0][0x0][0x0][0x0][0x0][0x0][0x0][0x0][0x0][0x0][0x0][0x0][0x0][0x0][0x0][0x0][0x0][0x0][0x0][0x0][0x0][0x0][0x0][0x0][0x0][0x0][0x0][0x0][0x0][0x0][0x0][0x0][0x0][0x0][0x0][0x0][0x0][0x0][0x0][0x0][0x0][0x0][0x0][0x0][0x0][0x0][0x0][0x0][0x0][0x0][0x0][0x0][0x0][0x0][0x0][0x0][0x0][0x0][0x0][0x0][0x0][0x0][0x0][0x0][0x0][0x0][0x0][0x0][0x0][0x0][0x0][0x0][0x0][0x0][0x0][0x0][0x0][0x0][0x0][0x0][0x0][0x0][0x0][0x0][0x0][0x0][0x0][0x0][0x0][0x0][0x0][0x0][0x0][0x0][0x0][0x0][0x0][0x0][0x0][0x0][0x0][0x0][0x0][0x0][0x0][0x0][0x0][0x0][0x0][0x0][0x0][0x0][0x0][0x0][0x0][0x0][0x0][0x0][0x0][0x0][0x0][0x0][0x0][0x0][0x0][0x0][0x0][0x0][0x0][0x0][0x0][0x0][0x0][0x0][0x0][0x0][0x0][0x0][0x0][0x0][0x0][0x0][0x0][0x0][0x0][0x0][0x0][0x0][0x0][0x0][0x0][0x0][0x0][0x0][0x0][0x0][0x0][0x0][0x0][0x0][0x0][0x0][0x0][0x0][0x0][0x0][0x0][0x0][0x0][0x0][0x0][0x0][0x0][0x0][0x0][0x0][0x0][0x0][0x0][0x0][0x0][0x0][0x0][0x0][0x0][0x0][0x0][0x0][0x0][0x0][0x0][0x0][0x0][0x0][0x0][0x0][0x0][0x0][0x0][0x0][0x0][0x0][0x0][0x0][0x0][0x0][0x0][0x0][0x0][0x0][0x0][0x0][0x0][0x0][0x0][0x0][0x0][0x0][0x0][0x0][0x0][0x0][0x0][0x0][0x0][0x0][0x0][0x0][0x0][0x0][0x0][0x0][0x0][0x0][0x0][0x0][0x0][0x0][0x0][0x0][0x0][0x0][0x0][0x0][0x0][0x0][0x0][0x0][0x0][0x0][0x0][0x0][0x0][0x0][0x0][0x0][0x0][0x0][0x0][0x0][0x0][0x0][0x0][0x0][0x0][0x0][0x0][0x0][0x0][0x0][0x0][0x0][0x0][0x0][0x0][0x0][0x0][0x0][0x0][0x0][0x0][0x0][0x0][0x0][0x0][0x0][0x0][0x0][0x0][0x0][0x0][0x0][0x0][0x0][0x0][0x0][0x0][0x0][0x0][0x0][0x0][0x0][0x0][0x0][0x0][0x0][0x0][0x0][0x0][0x0][0x0][0x0][0x0][0x0][0x0][0x0][0x0][0x0][0x0][0x0][0x0][0x0][0x0][0x0][0x0][0x0][0x0][0x0][0x0][0x0][0x0][0x0][0x0][0x0][0x0][0x0][0x0][0x0][0x0][0x0][0x0][0x0][0x0][0x0][0x0][0x0][0x0][0x0][0x0][0x0][0x0][0x0][0x0][0x0][0x0][0x0][0x0][0x0][0x0][0x0][0x0][0x0][0x0][0x0][0x0][0x0][0x0][0x0][0x0][0x0][0x0][0x0][0x0][0x0][0x0][0x0][0x0][0x0][0x0][0x0][0x0][0x0][0x0][0x0][0x0][0x0][0x0][0x0][0x0][0x0][0x0][0x0][0x0][0x0][0x0][0x0][0x0][0x0][0x0][0x0][0x0][0x0][0x0][0x0][0x0][0x0][0x0][0x0][0x0][0x0][0x0][0x0][0x0][0x0][0x0][0x0][0x0][0x0][0x0][0x0][0x0][0x0][0x0][0x0][0x0][0x0][0x0][0x0][0x0][0x0][0x0][0x0][0x0][0x0][0x0][0x0][0x0][0x0][0x0][0x0][0x0][0x0][0x0][0x0][0x0][0x0][0x0][0x0][0x0][0x0][0x0][0x0][0x0][0x0][0x0][0x0][0x0][0x0][0x0][0x0][0x0][0x0][0x0][0x0][0x0][0x0][0x0][0x0][0x0][0x0][0x0][0x0][0x0][0x0][0x0][0x0][0x0][0x0][0x0][0x0][0x0][0x0][0x0][0x0][0x0][0x0][0x0][0x0][0x0][0x0][0x0][0x0][0x0][0x0][0x0][0x0][0x0][0x0][0x0][0x0][0x0][0x0][0x0][0x0][0x0][0x0][0x0][0x0][0x0][0x0][0x0][0x0][0x0][0x0][0x0][0x0][0x0][0x0][0x0][0x0][0x0][0x0][0x0][0x0][0x0][0x0][0x0][0x0][0x0][0x0][0x0][0x0][0x0][0x0][0x0][0x0][0x0][0x0][0x0][0x0][0x0][0x0][0x0][0x0][0x0][0x0][0x0][0x0][0x0][0x0][0x0][0x0][0x0][0x0][0x0][0x0][0x0][0x0][0x0][0x0][0x0][0x0][0x0][0x0][0x0][0x0][0x0][0x0][0x0][0x0][0x0][0x0][0x0][0x0][0x0][0x0][0x0][0x0][0x0][0x0][0x0][0x0][0x0][0x0][0x0][0x0][0x0][0x0][0x0][0x0][0x0][0x0][0x0][0x0][0x0][0x0][0x0][0x0][0x0][0x0][0x0][0x0][0x0][0x0][0x0][0x0][0x0][0x0][0x0][0x0][0x0][0x0][0x0][0x0][0x0][0x0][0x0][0x0][0x0][0x0][0x0][0x0][0x0][0x0][0x0][0x0][0x0][0x0][0x0][0x0][0x0][0x0][0x0][0x0][0x0][0x0][0x0][0x0][0x0][0x0][0x0][0x0][0x0][0x0][0x0][0x0][0x0][0x0][0x0][0x0][0x0][0x0][0x0][0x0][0x0][0x0][0x0][0x0][0x0][0x0][0x0][0x0][0x0][0x0][0x0][0x0][0x0][0x0][0x0][0x0][0x0][0x0][0x0][0x0][0x0][0x0][0x0][0x0][0x0][0x0][0x0][0x0][0x0][0x0][0x0][0x0][0x0][0x0][0x0][0x0][0x0][0x0][0x0][0x0][0x0][0x0][0x0][0x0][0x0][0x0][0x0][0x0][0x0][0x0][0x0][0x0][0x0][0x0][0x0][0x0][0x0][0x0][0x0][0x0][0x0][0x0][0x0][0x0][0x0][0x0][0x0][0x0][0x0][0x0][0x0][0x0][0x0][0x0][0x0][0x0][0x0][0x0][0x0][0x0][0x0][0x0][0x0][0x0][0x0][0x0][0x0][0x0][0x0][0x0][0x0][0x0][0x0][0x0][0x0][0x0][0x0][0x0][0x0][0x0][0x0][0x0][0x0][0x0][0x0][0x0][0x0][0x0][0x0][0x0][0x0][0x0][0x0][0x0][0x0][0x0][0x0][0x0][0x0][0x0][0x0][0x0][0x0][0x0][0x0][0x0][0x0][0x0][0x0][0x0][0x0][0x0][0x0][0x0][0x0][0x0][0x0][0x0][0x0][0x0][0x0][0x0][0x0][0x0][0x0][0x0][0x0][0x0][0x0][0x0][0x0][0x0][0x0][0x0][0x0][0x0][0x0][0x0][0x0][0x0][0x0][0x0][0x0][0x0][0x0][0x0][0x0][0x0][0x0][0x0][0x0][0x0][0x0][0x0][0x0][0x0][0x0][0x0][0x0][0x0][0x0][0x0][0x0][0x0][0x0][0x0][0x0][0x0][0x0][0x0][0x0][0x0][0x0][0x0][0x0][0x0][0x0][0x0][0x0][0x0][0x0][0x0][0x0][0x0][0x0][0x0][0x0][0x0][0x0][0x0][0x0][0x0][0x0][0x0][0x0][0x0][0x0][0x0][0x0][0x0][0x0][0x0][0x0][0x0][0x0][0x0][0x0][0x0][0x0][0x0][0x0][0x0][0x0][0x0][0x0][0x0][0x0][0x0][0x0][0x0][0x0][0x0][0x0][0x0][0x0][0x0][0x0][0x0][0x0][0x0][0x0][0x0][0x0][0x0][0x0][0x0][0x0][0x0][0x0][0x0][0x0][0x0][0x0][0x0][0x0][0x0][0x0][0x0][0x0][0x0][0x0][0x0][0x0][0x0][0x0][0x0][0x0][0x0][0x0][0x0][0x0][0x0][0x0][0x0][0x0][0x0][0x0][0x0][0x0][0x0][0x0][0x0][0x0][0x0][0x0][0x0][0x0][0x0][0x0][0x0][0x0][0x0][0x0][0x0][0x0][0x0][0x0][0x0][0x0][0x0][0x0][0x0][0x0][0x0][0x0][0x0][0x0][0x0][0x0][0x0][0x0][0x0][0x0][0x0][0x0][0x0][0x0][0x0][0x0][0x0][0x0][0x0][0x0][0x0][0x0][0x0][0x0][0x0][0x0][0x0][0x0][0x0][0x0][0x0][0x0][0x0][0x0][0x0][\r][\n]"
11:45:36.098 [Test worker] DEBUG com.github.dockerjava.zerodep.shaded.org.apache.hc.client5.http.wire - http-outgoing-1 >> "0[\r][\n]"
11:45:36.098 [Test worker] DEBUG com.github.dockerjava.zerodep.shaded.org.apache.hc.client5.http.wire - http-outgoing-1 >> "[\r][\n]"
11:45:36.144 [Test worker] DEBUG com.github.dockerjava.zerodep.shaded.org.apache.hc.client5.http.wire - http-outgoing-1 << "HTTP/1.1 200 OK[\r][\n]"
11:45:36.144 [Test worker] DEBUG com.github.dockerjava.zerodep.shaded.org.apache.hc.client5.http.wire - http-outgoing-1 << "Api-Version: 1.41[\r][\n]"
11:45:36.144 [Test worker] DEBUG com.github.dockerjava.zerodep.shaded.org.apache.hc.client5.http.wire - http-outgoing-1 << "Date: Mon, 26 Sep 2022 02:45:36 GMT[\r][\n]"
11:45:36.144 [Test worker] DEBUG com.github.dockerjava.zerodep.shaded.org.apache.hc.client5.http.wire - http-outgoing-1 << "Docker-Experimental: false[\r][\n]"
11:45:36.144 [Test worker] DEBUG com.github.dockerjava.zerodep.shaded.org.apache.hc.client5.http.wire - http-outgoing-1 << "Ostype: linux[\r][\n]"
11:45:36.144 [Test worker] DEBUG com.github.dockerjava.zerodep.shaded.org.apache.hc.client5.http.wire - http-outgoing-1 << "Server: Docker/20.10.11 (linux)[\r][\n]"
11:45:36.144 [Test worker] DEBUG com.github.dockerjava.zerodep.shaded.org.apache.hc.client5.http.wire - http-outgoing-1 << "Transfer-Encoding: chunked[\r][\n]"
11:45:36.144 [Test worker] DEBUG com.github.dockerjava.zerodep.shaded.org.apache.hc.client5.http.wire - http-outgoing-1 << "[\r][\n]"
11:45:36.144 [Test worker] DEBUG com.github.dockerjava.zerodep.shaded.org.apache.hc.client5.http.headers - http-outgoing-1 << HTTP/1.1 200 OK
11:45:36.144 [Test worker] DEBUG com.github.dockerjava.zerodep.shaded.org.apache.hc.client5.http.headers - http-outgoing-1 << Api-Version: 1.41
11:45:36.144 [Test worker] DEBUG com.github.dockerjava.zerodep.shaded.org.apache.hc.client5.http.headers - http-outgoing-1 << Date: Mon, 26 Sep 2022 02:45:36 GMT
11:45:36.144 [Test worker] DEBUG com.github.dockerjava.zerodep.shaded.org.apache.hc.client5.http.headers - http-outgoing-1 << Docker-Experimental: false
11:45:36.144 [Test worker] DEBUG com.github.dockerjava.zerodep.shaded.org.apache.hc.client5.http.headers - http-outgoing-1 << Ostype: linux
11:45:36.144 [Test worker] DEBUG com.github.dockerjava.zerodep.shaded.org.apache.hc.client5.http.headers - http-outgoing-1 << Server: Docker/20.10.11 (linux)
11:45:36.144 [Test worker] DEBUG com.github.dockerjava.zerodep.shaded.org.apache.hc.client5.http.headers - http-outgoing-1 << Transfer-Encoding: chunked
11:45:36.144 [Test worker] DEBUG com.github.dockerjava.zerodep.shaded.org.apache.hc.client5.http.impl.classic.MainClientExec - ex-00000009: connection can be kept alive for 3 MINUTES
11:45:36.145 [Test worker] DEBUG com.github.dockerjava.zerodep.shaded.org.apache.hc.client5.http.impl.classic.ProtocolExec - ex-00000009: Cannot retry non-repeatable request
11:45:36.145 [Test worker] DEBUG com.github.dockerjava.zerodep.shaded.org.apache.hc.client5.http.impl.classic.HttpRequestRetryExec - ex-00000009: cannot retry non-repeatable request
11:45:36.145 [Test worker] DEBUG com.github.dockerjava.zerodep.shaded.org.apache.hc.client5.http.impl.classic.InternalHttpClient - ep-00000008: cancel
11:45:36.145 [Test worker] DEBUG com.github.dockerjava.zerodep.shaded.org.apache.hc.client5.http.impl.io.DefaultManagedHttpClientConnection - http-outgoing-1: close connection IMMEDIATE
11:45:36.145 [Test worker] DEBUG com.github.dockerjava.zerodep.shaded.org.apache.hc.client5.http.impl.classic.InternalHttpClient - ep-00000008: endpoint closed
11:45:36.145 [Test worker] DEBUG com.github.dockerjava.zerodep.shaded.org.apache.hc.client5.http.impl.classic.InternalHttpClient - ep-00000008: discarding endpoint
11:45:36.145 [Test worker] DEBUG com.github.dockerjava.zerodep.shaded.org.apache.hc.client5.http.impl.io.PoolingHttpClientConnectionManager - ep-00000008: releasing endpoint
11:45:36.145 [Test worker] DEBUG com.github.dockerjava.zerodep.shaded.org.apache.hc.client5.http.impl.io.PoolingHttpClientConnectionManager - ep-00000008: connection is not kept alive
11:45:36.145 [Test worker] DEBUG com.github.dockerjava.zerodep.shaded.org.apache.hc.client5.http.impl.io.PoolingHttpClientConnectionManager - ep-00000008: connection released [route: {}->unix://localhost:2375][total available: 0; route allocated: 0 of 2147483647; total allocated: 0 of 2147483647]
11:45:36.145 [Test worker] DEBUG com.github.dockerjava.zerodep.shaded.org.apache.hc.client5.http.wire - http-outgoing-1 << "[read] I/O error: null"
11:45:36.145 [Test worker] DEBUG com.github.dockerjava.zerodep.ApacheDockerHttpClientImpl$ApacheResponse - Failed to close the response
java.nio.channels.ClosedChannelException: null
	at java.base/sun.nio.ch.SocketChannelImpl.ensureOpenAndConnected(SocketChannelImpl.java:215)
	at java.base/sun.nio.ch.SocketChannelImpl.read(SocketChannelImpl.java:403)
	at java.base/sun.nio.ch.ChannelInputStream.read(ChannelInputStream.java:59)
	at java.base/sun.nio.ch.ChannelInputStream.read(ChannelInputStream.java:107)
	at java.base/sun.nio.ch.ChannelInputStream.read(ChannelInputStream.java:101)
	at com.github.dockerjava.zerodep.shaded.org.apache.hc.client5.http.impl.io.LoggingInputStream.read(LoggingInputStream.java:81)
	at com.github.dockerjava.zerodep.shaded.org.apache.hc.core5.http.impl.io.SessionInputBufferImpl.fillBuffer(SessionInputBufferImpl.java:149)
	at com.github.dockerjava.zerodep.shaded.org.apache.hc.core5.http.impl.io.SessionInputBufferImpl.readLine(SessionInputBufferImpl.java:280)
	at com.github.dockerjava.zerodep.shaded.org.apache.hc.core5.http.impl.io.ChunkedInputStream.getChunkSize(ChunkedInputStream.java:261)
	at com.github.dockerjava.zerodep.shaded.org.apache.hc.core5.http.impl.io.ChunkedInputStream.nextChunk(ChunkedInputStream.java:222)
	at com.github.dockerjava.zerodep.shaded.org.apache.hc.core5.http.impl.io.ChunkedInputStream.read(ChunkedInputStream.java:183)
	at com.github.dockerjava.zerodep.shaded.org.apache.hc.core5.http.impl.io.ChunkedInputStream.read(ChunkedInputStream.java:210)
	at com.github.dockerjava.zerodep.shaded.org.apache.hc.core5.http.impl.io.ChunkedInputStream.close(ChunkedInputStream.java:319)
	at com.github.dockerjava.zerodep.shaded.org.apache.hc.core5.io.Closer.close(Closer.java:48)
	at com.github.dockerjava.zerodep.shaded.org.apache.hc.core5.http.impl.io.IncomingHttpEntity.close(IncomingHttpEntity.java:111)
	at com.github.dockerjava.zerodep.shaded.org.apache.hc.core5.http.io.entity.HttpEntityWrapper.close(HttpEntityWrapper.java:120)
	at com.github.dockerjava.zerodep.shaded.org.apache.hc.core5.io.Closer.close(Closer.java:48)
	at com.github.dockerjava.zerodep.shaded.org.apache.hc.core5.http.message.BasicClassicHttpResponse.close(BasicClassicHttpResponse.java:93)
	at com.github.dockerjava.zerodep.shaded.org.apache.hc.client5.http.impl.classic.CloseableHttpResponse.close(CloseableHttpResponse.java:200)
	at com.github.dockerjava.zerodep.ApacheDockerHttpClientImpl$ApacheResponse.close(ApacheDockerHttpClientImpl.java:256)
	at org.testcontainers.shaded.com.github.dockerjava.core.DefaultInvocationBuilder.put(DefaultInvocationBuilder.java:223)
	at org.testcontainers.shaded.com.github.dockerjava.core.exec.CopyArchiveToContainerCmdExec.execute(CopyArchiveToContainerCmdExec.java:32)
	at org.testcontainers.shaded.com.github.dockerjava.core.exec.CopyArchiveToContainerCmdExec.execute(CopyArchiveToContainerCmdExec.java:13)
	at org.testcontainers.shaded.com.github.dockerjava.core.exec.AbstrSyncDockerCmdExec.exec(AbstrSyncDockerCmdExec.java:21)
	at org.testcontainers.shaded.com.github.dockerjava.core.command.AbstrDockerCmd.exec(AbstrDockerCmd.java:35)
	at org.testcontainers.shaded.com.github.dockerjava.core.command.CopyArchiveToContainerCmdImpl.exec(CopyArchiveToContainerCmdImpl.java:154)
	at org.testcontainers.containers.ContainerState.copyFileToContainer(ContainerState.java:298)
	at org.testcontainers.containers.ContainerState.copyFileToContainer(ContainerState.java:267)
	at java.base/java.util.LinkedHashMap.forEach(LinkedHashMap.java:721)
	at org.testcontainers.containers.GenericContainer.tryStart(GenericContainer.java:430)
	at org.testcontainers.containers.GenericContainer.lambda$doStart$0(GenericContainer.java:344)
	at org.rnorth.ducttape.unreliables.Unreliables.retryUntilSuccess(Unreliables.java:81)
	at org.testcontainers.containers.GenericContainer.doStart(GenericContainer.java:334)
	at org.testcontainers.containers.GenericContainer.start(GenericContainer.java:322)
	at org.testcontainers.junit.jupiter.TestcontainersExtension$StoreAdapter.start(TestcontainersExtension.java:242)
	at org.testcontainers.junit.jupiter.TestcontainersExtension$StoreAdapter.access$200(TestcontainersExtension.java:229)
	at org.testcontainers.junit.jupiter.TestcontainersExtension.lambda$null$1(TestcontainersExtension.java:56)
	at org.junit.jupiter.engine.execution.ExtensionValuesStore.lambda$getOrComputeIfAbsent$4(ExtensionValuesStore.java:86)
	at org.junit.jupiter.engine.execution.ExtensionValuesStore$MemoizingSupplier.computeValue(ExtensionValuesStore.java:223)
	at org.junit.jupiter.engine.execution.ExtensionValuesStore$MemoizingSupplier.get(ExtensionValuesStore.java:211)
	at org.junit.jupiter.engine.execution.ExtensionValuesStore$StoredValue.evaluate(ExtensionValuesStore.java:191)
	at org.junit.jupiter.engine.execution.ExtensionValuesStore$StoredValue.access$100(ExtensionValuesStore.java:171)
	at org.junit.jupiter.engine.execution.ExtensionValuesStore.getOrComputeIfAbsent(ExtensionValuesStore.java:89)
	at org.junit.jupiter.engine.execution.NamespaceAwareStore.getOrComputeIfAbsent(NamespaceAwareStore.java:53)
	at org.testcontainers.junit.jupiter.TestcontainersExtension.lambda$beforeAll$2(TestcontainersExtension.java:56)
	at java.base/java.util.ArrayList.forEach(ArrayList.java:1511)
	at org.testcontainers.junit.jupiter.TestcontainersExtension.beforeAll(TestcontainersExtension.java:55)
	at org.junit.jupiter.engine.descriptor.ClassBasedTestDescriptor.lambda$invokeBeforeAllCallbacks$10(ClassBasedTestDescriptor.java:381)
	at org.junit.platform.engine.support.hierarchical.ThrowableCollector.execute(ThrowableCollector.java:73)
	at org.junit.jupiter.engine.descriptor.ClassBasedTestDescriptor.invokeBeforeAllCallbacks(ClassBasedTestDescriptor.java:381)
	at org.junit.jupiter.engine.descriptor.ClassBasedTestDescriptor.before(ClassBasedTestDescriptor.java:205)
	at org.junit.jupiter.engine.descriptor.ClassBasedTestDescriptor.before(ClassBasedTestDescriptor.java:80)
	at org.junit.platform.engine.support.hierarchical.NodeTestTask.lambda$executeRecursively$6(NodeTestTask.java:148)
	at org.junit.platform.engine.support.hierarchical.ThrowableCollector.execute(ThrowableCollector.java:73)
	at org.junit.platform.engine.support.hierarchical.NodeTestTask.lambda$executeRecursively$8(NodeTestTask.java:141)
	at org.junit.platform.engine.support.hierarchical.Node.around(Node.java:137)
	at org.junit.platform.engine.support.hierarchical.NodeTestTask.lambda$executeRecursively$9(NodeTestTask.java:139)
	at org.junit.platform.engine.support.hierarchical.ThrowableCollector.execute(ThrowableCollector.java:73)
	at org.junit.platform.engine.support.hierarchical.NodeTestTask.executeRecursively(NodeTestTask.java:138)
	at org.junit.platform.engine.support.hierarchical.NodeTestTask.execute(NodeTestTask.java:95)
	at java.base/java.util.ArrayList.forEach(ArrayList.java:1511)
	at org.junit.platform.engine.support.hierarchical.SameThreadHierarchicalTestExecutorService.invokeAll(SameThreadHierarchicalTestExecutorService.java:41)
	at org.junit.platform.engine.support.hierarchical.NodeTestTask.lambda$executeRecursively$6(NodeTestTask.java:155)
	at org.junit.platform.engine.support.hierarchical.ThrowableCollector.execute(ThrowableCollector.java:73)
	at org.junit.platform.engine.support.hierarchical.NodeTestTask.lambda$executeRecursively$8(NodeTestTask.java:141)
	at org.junit.platform.engine.support.hierarchical.Node.around(Node.java:137)
	at org.junit.platform.engine.support.hierarchical.NodeTestTask.lambda$executeRecursively$9(NodeTestTask.java:139)
	at org.junit.platform.engine.support.hierarchical.ThrowableCollector.execute(ThrowableCollector.java:73)
	at org.junit.platform.engine.support.hierarchical.NodeTestTask.executeRecursively(NodeTestTask.java:138)
	at org.junit.platform.engine.support.hierarchical.NodeTestTask.execute(NodeTestTask.java:95)
	at org.junit.platform.engine.support.hierarchical.SameThreadHierarchicalTestExecutorService.submit(SameThreadHierarchicalTestExecutorService.java:35)
	at org.junit.platform.engine.support.hierarchical.HierarchicalTestExecutor.execute(HierarchicalTestExecutor.java:57)
	at org.junit.platform.engine.support.hierarchical.HierarchicalTestEngine.execute(HierarchicalTestEngine.java:54)
	at org.junit.platform.launcher.core.EngineExecutionOrchestrator.execute(EngineExecutionOrchestrator.java:107)
	at org.junit.platform.launcher.core.EngineExecutionOrchestrator.execute(EngineExecutionOrchestrator.java:88)
	at org.junit.platform.launcher.core.EngineExecutionOrchestrator.lambda$execute$0(EngineExecutionOrchestrator.java:54)
	at org.junit.platform.launcher.core.EngineExecutionOrchestrator.withInterceptedStreams(EngineExecutionOrchestrator.java:67)
	at org.junit.platform.launcher.core.EngineExecutionOrchestrator.execute(EngineExecutionOrchestrator.java:52)
	at org.junit.platform.launcher.core.DefaultLauncher.execute(DefaultLauncher.java:114)
	at org.junit.platform.launcher.core.DefaultLauncher.execute(DefaultLauncher.java:86)
	at org.junit.platform.launcher.core.DefaultLauncherSession$DelegatingLauncher.execute(DefaultLauncherSession.java:86)
	at org.junit.platform.launcher.core.SessionPerRequestLauncher.execute(SessionPerRequestLauncher.java:53)
	at org.gradle.api.internal.tasks.testing.junitplatform.JUnitPlatformTestClassProcessor$CollectAllTestClassesExecutor.processAllTestClasses(JUnitPlatformTestClassProcessor.java:99)
	at org.gradle.api.internal.tasks.testing.junitplatform.JUnitPlatformTestClassProcessor$CollectAllTestClassesExecutor.access$000(JUnitPlatformTestClassProcessor.java:79)
	at org.gradle.api.internal.tasks.testing.junitplatform.JUnitPlatformTestClassProcessor.stop(JUnitPlatformTestClassProcessor.java:75)
	at org.gradle.api.internal.tasks.testing.SuiteTestClassProcessor.stop(SuiteTestClassProcessor.java:61)
	at java.base/jdk.internal.reflect.NativeMethodAccessorImpl.invoke0(Native Method)
	at java.base/jdk.internal.reflect.NativeMethodAccessorImpl.invoke(NativeMethodAccessorImpl.java:77)
	at java.base/jdk.internal.reflect.DelegatingMethodAccessorImpl.invoke(DelegatingMethodAccessorImpl.java:43)
	at java.base/java.lang.reflect.Method.invoke(Method.java:568)
	at org.gradle.internal.dispatch.ReflectionDispatch.dispatch(ReflectionDispatch.java:36)
	at org.gradle.internal.dispatch.ReflectionDispatch.dispatch(ReflectionDispatch.java:24)
	at org.gradle.internal.dispatch.ContextClassLoaderDispatch.dispatch(ContextClassLoaderDispatch.java:33)
	at org.gradle.internal.dispatch.ProxyDispatchAdapter$DispatchingInvocationHandler.invoke(ProxyDispatchAdapter.java:94)
	at jdk.proxy1/jdk.proxy1.$Proxy2.stop(Unknown Source)
	at org.gradle.api.internal.tasks.testing.worker.TestWorker$3.run(TestWorker.java:193)
	at org.gradle.api.internal.tasks.testing.worker.TestWorker.executeAndMaintainThreadName(TestWorker.java:129)
	at org.gradle.api.internal.tasks.testing.worker.TestWorker.execute(TestWorker.java:100)
	at org.gradle.api.internal.tasks.testing.worker.TestWorker.execute(TestWorker.java:60)
	at org.gradle.process.internal.worker.child.ActionExecutionWorker.execute(ActionExecutionWorker.java:56)
	at org.gradle.process.internal.worker.child.SystemApplicationClassLoaderWorker.call(SystemApplicationClassLoaderWorker.java:133)
	at org.gradle.process.internal.worker.child.SystemApplicationClassLoaderWorker.call(SystemApplicationClassLoaderWorker.java:71)
	at worker.org.gradle.process.internal.worker.GradleWorkerMain.run(GradleWorkerMain.java:69)
	at worker.org.gradle.process.internal.worker.GradleWorkerMain.main(GradleWorkerMain.java:74)
11:45:36.146 [Test worker] INFO ]]>&#x1f433;<![CDATA[ [mysql:8] - Container mysql:8 is starting: 47a7ce05e61aa72bdced5a030ca6064519c62d122a5992816f04e0e528b5b17d
11:45:36.146 [Test worker] DEBUG org.testcontainers.shaded.com.github.dockerjava.core.command.AbstrDockerCmd - Cmd: 47a7ce05e61aa72bdced5a030ca6064519c62d122a5992816f04e0e528b5b17d
11:45:36.146 [Test worker] DEBUG com.github.dockerjava.zerodep.shaded.org.apache.hc.client5.http.impl.classic.InternalHttpClient - ex-0000000A: preparing request execution
11:45:36.146 [Test worker] DEBUG com.github.dockerjava.zerodep.shaded.org.apache.hc.client5.http.protocol.RequestAddCookies - Cookie spec selected: strict
11:45:36.146 [Test worker] DEBUG com.github.dockerjava.zerodep.shaded.org.apache.hc.client5.http.protocol.RequestAuthCache - Auth cache not set in the context
11:45:36.146 [Test worker] DEBUG com.github.dockerjava.zerodep.shaded.org.apache.hc.client5.http.impl.classic.ProtocolExec - ex-0000000A: target auth state: UNCHALLENGED
11:45:36.146 [Test worker] DEBUG com.github.dockerjava.zerodep.shaded.org.apache.hc.client5.http.impl.classic.ProtocolExec - ex-0000000A: proxy auth state: UNCHALLENGED
11:45:36.146 [Test worker] DEBUG com.github.dockerjava.zerodep.shaded.org.apache.hc.client5.http.impl.classic.ConnectExec - ex-0000000A: acquiring connection with route {}->unix://localhost:2375
11:45:36.146 [Test worker] DEBUG com.github.dockerjava.zerodep.shaded.org.apache.hc.client5.http.impl.classic.InternalHttpClient - ex-0000000A: acquiring endpoint (3 MINUTES)
11:45:36.147 [Test worker] DEBUG com.github.dockerjava.zerodep.shaded.org.apache.hc.client5.http.impl.io.PoolingHttpClientConnectionManager - ex-0000000A: endpoint lease request (3 MINUTES) [route: {}->unix://localhost:2375][total available: 0; route allocated: 0 of 2147483647; total allocated: 0 of 2147483647]
11:45:36.147 [Test worker] DEBUG com.github.dockerjava.zerodep.shaded.org.apache.hc.client5.http.impl.io.PoolingHttpClientConnectionManager - ex-0000000A: endpoint leased [route: {}->unix://localhost:2375][total available: 0; route allocated: 1 of 2147483647; total allocated: 1 of 2147483647]
11:45:36.147 [Test worker] DEBUG com.github.dockerjava.zerodep.shaded.org.apache.hc.client5.http.impl.io.PoolingHttpClientConnectionManager - ex-0000000A: acquired ep-00000009
11:45:36.147 [Test worker] DEBUG com.github.dockerjava.zerodep.shaded.org.apache.hc.client5.http.impl.classic.InternalHttpClient - ex-0000000A: acquired endpoint ep-00000009
11:45:36.147 [Test worker] DEBUG com.github.dockerjava.zerodep.shaded.org.apache.hc.client5.http.impl.classic.ConnectExec - ex-0000000A: opening connection {}->unix://localhost:2375
11:45:36.147 [Test worker] DEBUG com.github.dockerjava.zerodep.shaded.org.apache.hc.client5.http.impl.classic.InternalHttpClient - ep-00000009: connecting endpoint (3 MINUTES)
11:45:36.147 [Test worker] DEBUG com.github.dockerjava.zerodep.shaded.org.apache.hc.client5.http.impl.io.PoolingHttpClientConnectionManager - ep-00000009: connecting endpoint to unix://localhost:2375 (3 MINUTES)
11:45:36.147 [Test worker] DEBUG com.github.dockerjava.zerodep.shaded.org.apache.hc.client5.http.impl.io.DefaultHttpClientConnectionOperator - http-outgoing-2: connecting to localhost/127.0.0.1:2375
11:45:36.147 [Test worker] DEBUG com.github.dockerjava.zerodep.shaded.org.apache.hc.client5.http.impl.io.DefaultHttpClientConnectionOperator - http-outgoing-2: connection established /var/run/docker.sock<->/var/run/docker.sock
11:45:36.147 [Test worker] DEBUG com.github.dockerjava.zerodep.shaded.org.apache.hc.client5.http.impl.io.PoolingHttpClientConnectionManager - ep-00000009: connected http-outgoing-2
11:45:36.147 [Test worker] DEBUG com.github.dockerjava.zerodep.shaded.org.apache.hc.client5.http.impl.classic.InternalHttpClient - ep-00000009: endpoint connected
11:45:36.147 [Test worker] DEBUG com.github.dockerjava.zerodep.shaded.org.apache.hc.client5.http.impl.classic.MainClientExec - ex-0000000A: executing POST /v1.32/containers/47a7ce05e61aa72bdced5a030ca6064519c62d122a5992816f04e0e528b5b17d/start HTTP/1.1
11:45:36.147 [Test worker] DEBUG com.github.dockerjava.zerodep.shaded.org.apache.hc.client5.http.impl.classic.InternalHttpClient - ep-00000009: start execution ex-0000000A
11:45:36.147 [Test worker] DEBUG com.github.dockerjava.zerodep.shaded.org.apache.hc.client5.http.impl.io.PoolingHttpClientConnectionManager - ep-00000009: executing exchange ex-0000000A over http-outgoing-2
11:45:36.147 [Test worker] DEBUG com.github.dockerjava.zerodep.shaded.org.apache.hc.client5.http.headers - http-outgoing-2 >> POST /v1.32/containers/47a7ce05e61aa72bdced5a030ca6064519c62d122a5992816f04e0e528b5b17d/start HTTP/1.1
11:45:36.147 [Test worker] DEBUG com.github.dockerjava.zerodep.shaded.org.apache.hc.client5.http.headers - http-outgoing-2 >> accept: application/json
11:45:36.147 [Test worker] DEBUG com.github.dockerjava.zerodep.shaded.org.apache.hc.client5.http.headers - http-outgoing-2 >> content-type: application/json
11:45:36.147 [Test worker] DEBUG com.github.dockerjava.zerodep.shaded.org.apache.hc.client5.http.headers - http-outgoing-2 >> x-tc-sid: c5b4bded-8a7b-4309-a94c-5bb153977152
11:45:36.147 [Test worker] DEBUG com.github.dockerjava.zerodep.shaded.org.apache.hc.client5.http.headers - http-outgoing-2 >> Accept-Encoding: gzip, x-gzip, deflate
11:45:36.147 [Test worker] DEBUG com.github.dockerjava.zerodep.shaded.org.apache.hc.client5.http.headers - http-outgoing-2 >> Host: localhost:2375
11:45:36.147 [Test worker] DEBUG com.github.dockerjava.zerodep.shaded.org.apache.hc.client5.http.headers - http-outgoing-2 >> Connection: keep-alive
11:45:36.147 [Test worker] DEBUG com.github.dockerjava.zerodep.shaded.org.apache.hc.client5.http.headers - http-outgoing-2 >> User-Agent: Apache-HttpClient/5.0.3 (Java/17.0.3)
11:45:36.147 [Test worker] DEBUG com.github.dockerjava.zerodep.shaded.org.apache.hc.client5.http.wire - http-outgoing-2 >> "POST /v1.32/containers/47a7ce05e61aa72bdced5a030ca6064519c62d122a5992816f04e0e528b5b17d/start HTTP/1.1[\r][\n]"
11:45:36.147 [Test worker] DEBUG com.github.dockerjava.zerodep.shaded.org.apache.hc.client5.http.wire - http-outgoing-2 >> "accept: application/json[\r][\n]"
11:45:36.147 [Test worker] DEBUG com.github.dockerjava.zerodep.shaded.org.apache.hc.client5.http.wire - http-outgoing-2 >> "content-type: application/json[\r][\n]"
11:45:36.147 [Test worker] DEBUG com.github.dockerjava.zerodep.shaded.org.apache.hc.client5.http.wire - http-outgoing-2 >> "x-tc-sid: c5b4bded-8a7b-4309-a94c-5bb153977152[\r][\n]"
11:45:36.147 [Test worker] DEBUG com.github.dockerjava.zerodep.shaded.org.apache.hc.client5.http.wire - http-outgoing-2 >> "Accept-Encoding: gzip, x-gzip, deflate[\r][\n]"
11:45:36.147 [Test worker] DEBUG com.github.dockerjava.zerodep.shaded.org.apache.hc.client5.http.wire - http-outgoing-2 >> "Host: localhost:2375[\r][\n]"
11:45:36.147 [Test worker] DEBUG com.github.dockerjava.zerodep.shaded.org.apache.hc.client5.http.wire - http-outgoing-2 >> "Connection: keep-alive[\r][\n]"
11:45:36.147 [Test worker] DEBUG com.github.dockerjava.zerodep.shaded.org.apache.hc.client5.http.wire - http-outgoing-2 >> "User-Agent: Apache-HttpClient/5.0.3 (Java/17.0.3)[\r][\n]"
11:45:36.147 [Test worker] DEBUG com.github.dockerjava.zerodep.shaded.org.apache.hc.client5.http.wire - http-outgoing-2 >> "[\r][\n]"
11:45:36.392 [Test worker] DEBUG com.github.dockerjava.zerodep.shaded.org.apache.hc.client5.http.wire - http-outgoing-2 << "HTTP/1.1 204 No Content[\r][\n]"
11:45:36.392 [Test worker] DEBUG com.github.dockerjava.zerodep.shaded.org.apache.hc.client5.http.wire - http-outgoing-2 << "Api-Version: 1.41[\r][\n]"
11:45:36.392 [Test worker] DEBUG com.github.dockerjava.zerodep.shaded.org.apache.hc.client5.http.wire - http-outgoing-2 << "Date: Mon, 26 Sep 2022 02:45:36 GMT[\r][\n]"
11:45:36.392 [Test worker] DEBUG com.github.dockerjava.zerodep.shaded.org.apache.hc.client5.http.wire - http-outgoing-2 << "Docker-Experimental: false[\r][\n]"
11:45:36.392 [Test worker] DEBUG com.github.dockerjava.zerodep.shaded.org.apache.hc.client5.http.wire - http-outgoing-2 << "Ostype: linux[\r][\n]"
11:45:36.392 [Test worker] DEBUG com.github.dockerjava.zerodep.shaded.org.apache.hc.client5.http.wire - http-outgoing-2 << "Server: Docker/20.10.11 (linux)[\r][\n]"
11:45:36.392 [Test worker] DEBUG com.github.dockerjava.zerodep.shaded.org.apache.hc.client5.http.wire - http-outgoing-2 << "[\r][\n]"
11:45:36.392 [Test worker] DEBUG com.github.dockerjava.zerodep.shaded.org.apache.hc.client5.http.headers - http-outgoing-2 << HTTP/1.1 204 No Content
11:45:36.392 [Test worker] DEBUG com.github.dockerjava.zerodep.shaded.org.apache.hc.client5.http.headers - http-outgoing-2 << Api-Version: 1.41
11:45:36.393 [Test worker] DEBUG com.github.dockerjava.zerodep.shaded.org.apache.hc.client5.http.headers - http-outgoing-2 << Date: Mon, 26 Sep 2022 02:45:36 GMT
11:45:36.393 [Test worker] DEBUG com.github.dockerjava.zerodep.shaded.org.apache.hc.client5.http.headers - http-outgoing-2 << Docker-Experimental: false
11:45:36.393 [Test worker] DEBUG com.github.dockerjava.zerodep.shaded.org.apache.hc.client5.http.headers - http-outgoing-2 << Ostype: linux
11:45:36.393 [Test worker] DEBUG com.github.dockerjava.zerodep.shaded.org.apache.hc.client5.http.headers - http-outgoing-2 << Server: Docker/20.10.11 (linux)
11:45:36.393 [Test worker] DEBUG com.github.dockerjava.zerodep.shaded.org.apache.hc.client5.http.impl.classic.MainClientExec - ex-0000000A: connection can be kept alive for 3 MINUTES
11:45:36.393 [Test worker] DEBUG com.github.dockerjava.zerodep.shaded.org.apache.hc.client5.http.impl.classic.InternalHttpClient - ep-00000009: releasing valid endpoint
11:45:36.393 [Test worker] DEBUG com.github.dockerjava.zerodep.shaded.org.apache.hc.client5.http.impl.io.PoolingHttpClientConnectionManager - ep-00000009: releasing endpoint
11:45:36.393 [Test worker] DEBUG com.github.dockerjava.zerodep.shaded.org.apache.hc.client5.http.impl.io.PoolingHttpClientConnectionManager - ep-00000009: connection http-outgoing-2 can be kept alive for 3 MINUTES
11:45:36.393 [Test worker] DEBUG com.github.dockerjava.zerodep.shaded.org.apache.hc.client5.http.impl.io.PoolingHttpClientConnectionManager - ep-00000009: connection released [route: {}->unix://localhost:2375][total available: 1; route allocated: 1 of 2147483647; total allocated: 1 of 2147483647]
11:45:36.393 [Test worker] DEBUG org.testcontainers.shaded.com.github.dockerjava.core.command.AbstrDockerCmd - Cmd: 47a7ce05e61aa72bdced5a030ca6064519c62d122a5992816f04e0e528b5b17d,false
11:45:36.393 [Test worker] DEBUG org.testcontainers.shaded.com.github.dockerjava.core.exec.InspectContainerCmdExec - GET: DefaultWebTarget{path=[/containers/47a7ce05e61aa72bdced5a030ca6064519c62d122a5992816f04e0e528b5b17d/json], queryParams={}}
11:45:36.393 [Test worker] DEBUG com.github.dockerjava.zerodep.shaded.org.apache.hc.client5.http.impl.classic.InternalHttpClient - ex-0000000B: preparing request execution
11:45:36.393 [Test worker] DEBUG com.github.dockerjava.zerodep.shaded.org.apache.hc.client5.http.protocol.RequestAddCookies - Cookie spec selected: strict
11:45:36.393 [Test worker] DEBUG com.github.dockerjava.zerodep.shaded.org.apache.hc.client5.http.protocol.RequestAuthCache - Auth cache not set in the context
11:45:36.393 [Test worker] DEBUG com.github.dockerjava.zerodep.shaded.org.apache.hc.client5.http.impl.classic.ProtocolExec - ex-0000000B: target auth state: UNCHALLENGED
11:45:36.393 [Test worker] DEBUG com.github.dockerjava.zerodep.shaded.org.apache.hc.client5.http.impl.classic.ProtocolExec - ex-0000000B: proxy auth state: UNCHALLENGED
11:45:36.393 [Test worker] DEBUG com.github.dockerjava.zerodep.shaded.org.apache.hc.client5.http.impl.classic.ConnectExec - ex-0000000B: acquiring connection with route {}->unix://localhost:2375
11:45:36.393 [Test worker] DEBUG com.github.dockerjava.zerodep.shaded.org.apache.hc.client5.http.impl.classic.InternalHttpClient - ex-0000000B: acquiring endpoint (3 MINUTES)
11:45:36.393 [Test worker] DEBUG com.github.dockerjava.zerodep.shaded.org.apache.hc.client5.http.impl.io.PoolingHttpClientConnectionManager - ex-0000000B: endpoint lease request (3 MINUTES) [route: {}->unix://localhost:2375][total available: 1; route allocated: 1 of 2147483647; total allocated: 1 of 2147483647]
11:45:36.393 [Test worker] DEBUG com.github.dockerjava.zerodep.shaded.org.apache.hc.client5.http.impl.io.PoolingHttpClientConnectionManager - ex-0000000B: endpoint leased [route: {}->unix://localhost:2375][total available: 0; route allocated: 1 of 2147483647; total allocated: 1 of 2147483647]
11:45:36.393 [Test worker] DEBUG com.github.dockerjava.zerodep.shaded.org.apache.hc.client5.http.impl.io.PoolingHttpClientConnectionManager - ex-0000000B: acquired ep-0000000A
11:45:36.393 [Test worker] DEBUG com.github.dockerjava.zerodep.shaded.org.apache.hc.client5.http.impl.classic.InternalHttpClient - ex-0000000B: acquired endpoint ep-0000000A
11:45:36.394 [Test worker] DEBUG com.github.dockerjava.zerodep.shaded.org.apache.hc.client5.http.impl.classic.MainClientExec - ex-0000000B: executing GET /v1.32/containers/47a7ce05e61aa72bdced5a030ca6064519c62d122a5992816f04e0e528b5b17d/json HTTP/1.1
11:45:36.394 [Test worker] DEBUG com.github.dockerjava.zerodep.shaded.org.apache.hc.client5.http.impl.classic.InternalHttpClient - ep-0000000A: start execution ex-0000000B
11:45:36.394 [Test worker] DEBUG com.github.dockerjava.zerodep.shaded.org.apache.hc.client5.http.impl.io.PoolingHttpClientConnectionManager - ep-0000000A: executing exchange ex-0000000B over http-outgoing-2
11:45:36.394 [Test worker] DEBUG com.github.dockerjava.zerodep.shaded.org.apache.hc.client5.http.headers - http-outgoing-2 >> GET /v1.32/containers/47a7ce05e61aa72bdced5a030ca6064519c62d122a5992816f04e0e528b5b17d/json HTTP/1.1
11:45:36.394 [Test worker] DEBUG com.github.dockerjava.zerodep.shaded.org.apache.hc.client5.http.headers - http-outgoing-2 >> accept: application/json
11:45:36.394 [Test worker] DEBUG com.github.dockerjava.zerodep.shaded.org.apache.hc.client5.http.headers - http-outgoing-2 >> x-tc-sid: c5b4bded-8a7b-4309-a94c-5bb153977152
11:45:36.394 [Test worker] DEBUG com.github.dockerjava.zerodep.shaded.org.apache.hc.client5.http.headers - http-outgoing-2 >> Accept-Encoding: gzip, x-gzip, deflate
11:45:36.394 [Test worker] DEBUG com.github.dockerjava.zerodep.shaded.org.apache.hc.client5.http.headers - http-outgoing-2 >> Host: localhost:2375
11:45:36.394 [Test worker] DEBUG com.github.dockerjava.zerodep.shaded.org.apache.hc.client5.http.headers - http-outgoing-2 >> Connection: keep-alive
11:45:36.394 [Test worker] DEBUG com.github.dockerjava.zerodep.shaded.org.apache.hc.client5.http.headers - http-outgoing-2 >> User-Agent: Apache-HttpClient/5.0.3 (Java/17.0.3)
11:45:36.394 [Test worker] DEBUG com.github.dockerjava.zerodep.shaded.org.apache.hc.client5.http.wire - http-outgoing-2 >> "GET /v1.32/containers/47a7ce05e61aa72bdced5a030ca6064519c62d122a5992816f04e0e528b5b17d/json HTTP/1.1[\r][\n]"
11:45:36.394 [Test worker] DEBUG com.github.dockerjava.zerodep.shaded.org.apache.hc.client5.http.wire - http-outgoing-2 >> "accept: application/json[\r][\n]"
11:45:36.394 [Test worker] DEBUG com.github.dockerjava.zerodep.shaded.org.apache.hc.client5.http.wire - http-outgoing-2 >> "x-tc-sid: c5b4bded-8a7b-4309-a94c-5bb153977152[\r][\n]"
11:45:36.394 [Test worker] DEBUG com.github.dockerjava.zerodep.shaded.org.apache.hc.client5.http.wire - http-outgoing-2 >> "Accept-Encoding: gzip, x-gzip, deflate[\r][\n]"
11:45:36.394 [Test worker] DEBUG com.github.dockerjava.zerodep.shaded.org.apache.hc.client5.http.wire - http-outgoing-2 >> "Host: localhost:2375[\r][\n]"
11:45:36.394 [Test worker] DEBUG com.github.dockerjava.zerodep.shaded.org.apache.hc.client5.http.wire - http-outgoing-2 >> "Connection: keep-alive[\r][\n]"
11:45:36.394 [Test worker] DEBUG com.github.dockerjava.zerodep.shaded.org.apache.hc.client5.http.wire - http-outgoing-2 >> "User-Agent: Apache-HttpClient/5.0.3 (Java/17.0.3)[\r][\n]"
11:45:36.394 [Test worker] DEBUG com.github.dockerjava.zerodep.shaded.org.apache.hc.client5.http.wire - http-outgoing-2 >> "[\r][\n]"
11:45:36.397 [Test worker] DEBUG com.github.dockerjava.zerodep.shaded.org.apache.hc.client5.http.wire - http-outgoing-2 << "HTTP/1.1 200 OK[\r][\n]"
11:45:36.397 [Test worker] DEBUG com.github.dockerjava.zerodep.shaded.org.apache.hc.client5.http.wire - http-outgoing-2 << "Api-Version: 1.41[\r][\n]"
11:45:36.397 [Test worker] DEBUG com.github.dockerjava.zerodep.shaded.org.apache.hc.client5.http.wire - http-outgoing-2 << "Content-Type: application/json[\r][\n]"
11:45:36.397 [Test worker] DEBUG com.github.dockerjava.zerodep.shaded.org.apache.hc.client5.http.wire - http-outgoing-2 << "Date: Mon, 26 Sep 2022 02:45:36 GMT[\r][\n]"
11:45:36.397 [Test worker] DEBUG com.github.dockerjava.zerodep.shaded.org.apache.hc.client5.http.wire - http-outgoing-2 << "Docker-Experimental: false[\r][\n]"
11:45:36.397 [Test worker] DEBUG com.github.dockerjava.zerodep.shaded.org.apache.hc.client5.http.wire - http-outgoing-2 << "Ostype: linux[\r][\n]"
11:45:36.397 [Test worker] DEBUG com.github.dockerjava.zerodep.shaded.org.apache.hc.client5.http.wire - http-outgoing-2 << "Server: Docker/20.10.11 (linux)[\r][\n]"
11:45:36.397 [Test worker] DEBUG com.github.dockerjava.zerodep.shaded.org.apache.hc.client5.http.wire - http-outgoing-2 << "Transfer-Encoding: chunked[\r][\n]"
11:45:36.397 [Test worker] DEBUG com.github.dockerjava.zerodep.shaded.org.apache.hc.client5.http.wire - http-outgoing-2 << "[\r][\n]"
11:45:36.397 [Test worker] DEBUG com.github.dockerjava.zerodep.shaded.org.apache.hc.client5.http.headers - http-outgoing-2 << HTTP/1.1 200 OK
11:45:36.397 [Test worker] DEBUG com.github.dockerjava.zerodep.shaded.org.apache.hc.client5.http.headers - http-outgoing-2 << Api-Version: 1.41
11:45:36.397 [Test worker] DEBUG com.github.dockerjava.zerodep.shaded.org.apache.hc.client5.http.headers - http-outgoing-2 << Content-Type: application/json
11:45:36.397 [Test worker] DEBUG com.github.dockerjava.zerodep.shaded.org.apache.hc.client5.http.headers - http-outgoing-2 << Date: Mon, 26 Sep 2022 02:45:36 GMT
11:45:36.397 [Test worker] DEBUG com.github.dockerjava.zerodep.shaded.org.apache.hc.client5.http.headers - http-outgoing-2 << Docker-Experimental: false
11:45:36.397 [Test worker] DEBUG com.github.dockerjava.zerodep.shaded.org.apache.hc.client5.http.headers - http-outgoing-2 << Ostype: linux
11:45:36.397 [Test worker] DEBUG com.github.dockerjava.zerodep.shaded.org.apache.hc.client5.http.headers - http-outgoing-2 << Server: Docker/20.10.11 (linux)
11:45:36.397 [Test worker] DEBUG com.github.dockerjava.zerodep.shaded.org.apache.hc.client5.http.headers - http-outgoing-2 << Transfer-Encoding: chunked
11:45:36.397 [Test worker] DEBUG com.github.dockerjava.zerodep.shaded.org.apache.hc.client5.http.impl.classic.MainClientExec - ex-0000000B: connection can be kept alive for 3 MINUTES
11:45:36.398 [Test worker] DEBUG com.github.dockerjava.zerodep.shaded.org.apache.hc.client5.http.wire - http-outgoing-2 << "1882[\r][\n]"
11:45:36.398 [Test worker] DEBUG com.github.dockerjava.zerodep.shaded.org.apache.hc.client5.http.wire - http-outgoing-2 << "{"Id":"47a7ce05e61aa72bdced5a030ca6064519c62d122a5992816f04e0e528b5b17d","Created":"2022-09-26T02:45:36.042081626Z","Path":"docker-entrypoint.sh","Args":["mysqld"],"State":{"Status":"running","Running":true,"Paused":false,"Restarting":false,"OOMKilled":false,"Dead":false,"Pid":2251,"ExitCode":0,"Error":"","StartedAt":"2022-09-26T02:45:36.388226668Z","FinishedAt":"0001-01-01T00:00:00Z"},"Image":"sha256:5e229524f286e653111cb9d028bf1ba4c3490742c8cd18c84af22538f0e68575","ResolvConfPath":"/var/lib/docker/containers/47a7ce05e61aa72bdced5a030ca6064519c62d122a5992816f04e0e528b5b17d/resolv.conf","HostnamePath":"/var/lib/docker/containers/47a7ce05e61aa72bdced5a030ca6064519c62d122a5992816f04e0e528b5b17d/hostname","HostsPath":"/var/lib/docker/containers/47a7ce05e61aa72bdced5a030ca6064519c62d122a5992816f04e0e528b5b17d/hosts","LogPath":"/var/lib/docker/containers/47a7ce05e61aa72bdced5a030ca6064519c62d122a5992816f04e0e528b5b17d/47a7ce05e61aa72bdced5a030ca6064519c62d122a5992816f04e0e528b5b17d-json.log","Name":"/crazy_chaum","RestartCount":0,"Driver":"overlay2","Platform":"linux","MountLabel":"","ProcessLabel":"","AppArmorProfile":"","ExecIDs":null,"HostConfig":{"Binds":[],"ContainerIDFile":"","LogConfig":{"Type":"json-file","Config":{}},"NetworkMode":"default","PortBindings":{"3306/tcp":[{"HostIp":"0.0.0.0","HostPort":"0"}]},"RestartPolicy":{"Name":"","MaximumRetryCount":0},"AutoRemove":false,"VolumeDriver":"","VolumesFrom":[],"CapAdd":null,"CapDrop":null,"CgroupnsMode":"private","Dns":null,"DnsOptions":null,"DnsSearch":null,"ExtraHosts":[],"GroupAdd":null,"IpcMode":"shareable","Cgroup":"","Links":null,"OomScoreAdj":0,"PidMode":"","Privileged":false,"PublishAllPorts":false,"ReadonlyRootfs":false,"SecurityOpt":null,"UTSMode":"","UsernsMode":"","ShmSize":67108864,"Runtime":"runc","ConsoleSize":[0,0],"Isolation":"","CpuShares":0,"Memory":0,"NanoCpus":0,"CgroupParent":"","BlkioWeight":0,"BlkioWeightDevice":null,"BlkioDeviceReadBps":null,"BlkioDeviceWriteBps":null,"BlkioDeviceReadIOps":null,"BlkioDeviceWriteIOps":null,"CpuPeriod":0,"CpuQuota":0,"CpuRealtimePeriod":0,"CpuRealtimeRuntime":0,"CpusetCpus":"","CpusetMems":"","Devices":null,"DeviceCgroupRules":null,"DeviceRequests":null,"KernelMemory":0,"KernelMemoryTCP":0,"MemoryReservation":0,"MemorySwap":0,"MemorySwappiness":null,"OomKillDisable":null,"PidsLimit":null,"Ulimits":null,"CpuCount":0,"CpuPercent":0,"IOMaximumIOps":0,"IOMaximumBandwidth":0,"MaskedPaths":["/proc/asound","/proc/acpi","/proc/kcore","/proc/keys","/proc/latency_stats","/proc/timer_list","/proc/timer_stats","/proc/sched_debug","/proc/scsi","/sys/firmware"],"ReadonlyPaths":["/proc/bus","/proc/fs","/proc/irq","/proc/sys","/proc/sysrq-trigger"]},"GraphDriver":{"Data":{"LowerDir":"/var/lib/docker/overlay2/45da4782eb6c4075fef21a16271836d62c4e4726b16ef4c5ea199d4e626bdb39-init/diff:/var/lib/docker/overlay2/27a623f1ab748258e017a40f339844ef533377092bad4182aa320e9399893e13/diff:/var/lib/docker/overlay2/d7c1e4de558b6bbbdc3209a51fc73295262b5271709fe659d0e2e94f626eea74/diff:/var/lib/docker/overlay2/2df554f793c3600571e2f078ad2e20025d6b2e35f3d18881ead4f70e2cc26cb8/diff:/var/lib/docker/overlay2/feb23515577245ad51a24945de1e6bab842929569da912a2b4a33a48c6c2331f/diff:/var/lib/docker/overlay2/cc2cdbce154e19d9c4f376917b6c92ebd55b0b495124ffd2c9d7e9c82b6a95f9/diff:/var/lib/docker/overlay2/968467fe01280f82d26487386f320a15000815d63000d5ec89b47acca8f77ef2/diff:/var/lib/docker/overlay2/cc59daa314bbcaec43d6cd4064c7863b4b3976b989121dcf2e32c4710281f247/diff:/var/lib/docker/overlay2/dc5d8b1cf96cfd5d96d68fbed14248edf1244c1a4669ba07b0bab7f3d782f058/diff:/var/lib/docker/overlay2/dcca184158d696706cd99e62ffa3e5c42964eb57190bef35421cdf3f83a8c130/diff:/var/lib/docker/overlay2/a7f928596da67ce59f34b0ba4cee4a3b948b94f91ad0b0b6260dc54fb9b5a048/diff:/var/lib/docker/overlay2/6ac5adbfff6202b1faa13a2a2fd92625bdda668cdac1a1d2230becbb394e569f/diff","MergedDir":"/var/lib/docker/overlay2/45da4782eb6c4075fef21a16271836d62c4e4726b16ef4c5ea199d4e626bdb39/merged","UpperDir":"/var/lib/docker/overlay2/45da4782eb6c4075fef21a16271836d62c4e4726b16ef4c5ea199d4e626bdb39/diff","WorkDir":"/var/lib/docker/overlay2/45da4782eb6c4075fef21a16271836d62c4e4726b16ef4c5ea199d4e626bdb39/work"},"Name":"overlay2"},"Mounts":[{"Type":"volume","Name":"08668a73464516d2c615e247a561222f461f2385cff5615e53cc78e96456230c","Source":"/var/lib/docker/volumes/08668a73464516d2c615e247a561222f461f2385cff5615e53cc78e96456230c/_data","Destination":"/var/lib/mysql","Driver":"local","Mode":"","RW":true,"Propagation":""}],"Config":{"Hostname":"47a7ce05e61a","Domainname":"","User":"","AttachStdin":false,"AttachStdout":false,"AttachStderr":false,"ExposedPorts":{"3306/tcp":{},"33060/tcp":{}},"Tty":false,"OpenStdin":false,"StdinOnce":false,"Env":["MYSQL_DATABASE=lotification","MYSQL_PASSWORD=1234","MYSQL_USER=admin","MYSQL_ROOT_PASSWORD=1234","PATH=/usr/local/sbin:/usr/local/bin:/usr/sbin:/usr/bin:/sbin:/bin","GOSU_VERSION=1.14","MYSQL_MAJOR=8.0","MYSQL_VERSION=8.0.30-1.el8","MYSQL_SHELL_VERSION=8.0.30-1.el8"],"Cmd":["mysqld"],"Image":"mysql:8","Volumes":{"/var/lib/mysql":{}},"WorkingDir":"","Entrypoint":["docker-entrypoint.sh"],"OnBuild":null,"Labels":{"org.testcontainers":"true","org.testcontainers.sessionId":"c5b4bded-8a7b-4309-a94c-5bb153977152"}},"NetworkSettings":{"Bridge":"","SandboxID":"c87f478ec31081a2fc02a6d53fa5addc8f61962dea8dd5c17c1c641e1a25e99b","HairpinMode":false,"LinkLocalIPv6Address":"","LinkLocalIPv6PrefixLen":0,"Ports":{"3306/tcp":[{"HostIp":"0.0.0.0","HostPort":"63346"}],"33060/tcp":null},"SandboxKey":"/var/run/docker/netns/c87f478ec310","SecondaryIPAddresses":null,"SecondaryIPv6Addresses":null,"EndpointID":"7830774c518a6ae45bc93e5b48bd99e8a609aa29230b007326fa87b5ca32567f","Gateway":"172.17.0.1","GlobalIPv6Address":"","GlobalIPv6PrefixLen":0,"IPAddress":"172.17.0.4","IPPrefixLen":16,"IPv6Gateway":"","MacAddress":"02:42:ac:11:00:04","Networks":{"bridge":{"IPAMConfig":null,"Links":null,"Aliases":null,"NetworkID":"42b943ace1ba272d06317befbba08f853c5a08f211a0bdf3660599ced98f9c17","EndpointID":"7830774c518a6ae45bc93e5b48bd99e8a609aa29230b007326fa87b5ca32567f","Gateway":"172.17.0.1","IPAddress":"172.17.0.4","IPPrefixLen":16,"IPv6Gateway":"","GlobalIPv6Address":"","GlobalIPv6PrefixLen":0,"MacAddress":"02:42:ac:11:00:04","DriverOpts":null}}}}[\n]"
11:45:36.398 [Test worker] DEBUG com.github.dockerjava.zerodep.shaded.org.apache.hc.client5.http.wire - http-outgoing-2 << "[\r][\n]"
11:45:36.400 [Test worker] DEBUG com.github.dockerjava.zerodep.shaded.org.apache.hc.client5.http.wire - http-outgoing-2 << "0[\r][\n]"
11:45:36.400 [Test worker] DEBUG com.github.dockerjava.zerodep.shaded.org.apache.hc.client5.http.wire - http-outgoing-2 << "[\r][\n]"
11:45:36.400 [Test worker] DEBUG com.github.dockerjava.zerodep.shaded.org.apache.hc.client5.http.impl.classic.InternalHttpClient - ep-0000000A: releasing valid endpoint
11:45:36.400 [Test worker] DEBUG com.github.dockerjava.zerodep.shaded.org.apache.hc.client5.http.impl.io.PoolingHttpClientConnectionManager - ep-0000000A: releasing endpoint
11:45:36.400 [Test worker] DEBUG com.github.dockerjava.zerodep.shaded.org.apache.hc.client5.http.impl.io.PoolingHttpClientConnectionManager - ep-0000000A: connection http-outgoing-2 can be kept alive for 3 MINUTES
11:45:36.400 [Test worker] DEBUG com.github.dockerjava.zerodep.shaded.org.apache.hc.client5.http.impl.io.PoolingHttpClientConnectionManager - ep-0000000A: connection released [route: {}->unix://localhost:2375][total available: 1; route allocated: 1 of 2147483647; total allocated: 1 of 2147483647]
11:45:36.400 [Test worker] INFO ]]>&#x1f433;<![CDATA[ [mysql:8] - Waiting for database connection to become available at jdbc:mysql://localhost:63346/lotification using query 'SELECT 1'
11:45:36.400 [Test worker] DEBUG org.testcontainers.shaded.com.github.dockerjava.core.command.AbstrDockerCmd - Cmd: 47a7ce05e61aa72bdced5a030ca6064519c62d122a5992816f04e0e528b5b17d,false
11:45:36.400 [Test worker] DEBUG org.testcontainers.shaded.com.github.dockerjava.core.exec.InspectContainerCmdExec - GET: DefaultWebTarget{path=[/containers/47a7ce05e61aa72bdced5a030ca6064519c62d122a5992816f04e0e528b5b17d/json], queryParams={}}
11:45:36.400 [Test worker] DEBUG com.github.dockerjava.zerodep.shaded.org.apache.hc.client5.http.impl.classic.InternalHttpClient - ex-0000000C: preparing request execution
11:45:36.401 [Test worker] DEBUG com.github.dockerjava.zerodep.shaded.org.apache.hc.client5.http.protocol.RequestAddCookies - Cookie spec selected: strict
11:45:36.401 [Test worker] DEBUG com.github.dockerjava.zerodep.shaded.org.apache.hc.client5.http.protocol.RequestAuthCache - Auth cache not set in the context
11:45:36.401 [Test worker] DEBUG com.github.dockerjava.zerodep.shaded.org.apache.hc.client5.http.impl.classic.ProtocolExec - ex-0000000C: target auth state: UNCHALLENGED
11:45:36.401 [Test worker] DEBUG com.github.dockerjava.zerodep.shaded.org.apache.hc.client5.http.impl.classic.ProtocolExec - ex-0000000C: proxy auth state: UNCHALLENGED
11:45:36.401 [Test worker] DEBUG com.github.dockerjava.zerodep.shaded.org.apache.hc.client5.http.impl.classic.ConnectExec - ex-0000000C: acquiring connection with route {}->unix://localhost:2375
11:45:36.401 [Test worker] DEBUG com.github.dockerjava.zerodep.shaded.org.apache.hc.client5.http.impl.classic.InternalHttpClient - ex-0000000C: acquiring endpoint (3 MINUTES)
11:45:36.401 [Test worker] DEBUG com.github.dockerjava.zerodep.shaded.org.apache.hc.client5.http.impl.io.PoolingHttpClientConnectionManager - ex-0000000C: endpoint lease request (3 MINUTES) [route: {}->unix://localhost:2375][total available: 1; route allocated: 1 of 2147483647; total allocated: 1 of 2147483647]
11:45:36.401 [Test worker] DEBUG com.github.dockerjava.zerodep.shaded.org.apache.hc.client5.http.impl.io.PoolingHttpClientConnectionManager - ex-0000000C: endpoint leased [route: {}->unix://localhost:2375][total available: 0; route allocated: 1 of 2147483647; total allocated: 1 of 2147483647]
11:45:36.401 [Test worker] DEBUG com.github.dockerjava.zerodep.shaded.org.apache.hc.client5.http.impl.io.PoolingHttpClientConnectionManager - ex-0000000C: acquired ep-0000000B
11:45:36.401 [Test worker] DEBUG com.github.dockerjava.zerodep.shaded.org.apache.hc.client5.http.impl.classic.InternalHttpClient - ex-0000000C: acquired endpoint ep-0000000B
11:45:36.401 [Test worker] DEBUG com.github.dockerjava.zerodep.shaded.org.apache.hc.client5.http.impl.classic.MainClientExec - ex-0000000C: executing GET /v1.32/containers/47a7ce05e61aa72bdced5a030ca6064519c62d122a5992816f04e0e528b5b17d/json HTTP/1.1
11:45:36.401 [Test worker] DEBUG com.github.dockerjava.zerodep.shaded.org.apache.hc.client5.http.impl.classic.InternalHttpClient - ep-0000000B: start execution ex-0000000C
11:45:36.401 [Test worker] DEBUG com.github.dockerjava.zerodep.shaded.org.apache.hc.client5.http.impl.io.PoolingHttpClientConnectionManager - ep-0000000B: executing exchange ex-0000000C over http-outgoing-2
11:45:36.401 [Test worker] DEBUG com.github.dockerjava.zerodep.shaded.org.apache.hc.client5.http.headers - http-outgoing-2 >> GET /v1.32/containers/47a7ce05e61aa72bdced5a030ca6064519c62d122a5992816f04e0e528b5b17d/json HTTP/1.1
11:45:36.401 [Test worker] DEBUG com.github.dockerjava.zerodep.shaded.org.apache.hc.client5.http.headers - http-outgoing-2 >> accept: application/json
11:45:36.401 [Test worker] DEBUG com.github.dockerjava.zerodep.shaded.org.apache.hc.client5.http.headers - http-outgoing-2 >> x-tc-sid: c5b4bded-8a7b-4309-a94c-5bb153977152
11:45:36.401 [Test worker] DEBUG com.github.dockerjava.zerodep.shaded.org.apache.hc.client5.http.headers - http-outgoing-2 >> Accept-Encoding: gzip, x-gzip, deflate
11:45:36.401 [Test worker] DEBUG com.github.dockerjava.zerodep.shaded.org.apache.hc.client5.http.headers - http-outgoing-2 >> Host: localhost:2375
11:45:36.401 [Test worker] DEBUG com.github.dockerjava.zerodep.shaded.org.apache.hc.client5.http.headers - http-outgoing-2 >> Connection: keep-alive
11:45:36.401 [Test worker] DEBUG com.github.dockerjava.zerodep.shaded.org.apache.hc.client5.http.headers - http-outgoing-2 >> User-Agent: Apache-HttpClient/5.0.3 (Java/17.0.3)
11:45:36.401 [Test worker] DEBUG com.github.dockerjava.zerodep.shaded.org.apache.hc.client5.http.wire - http-outgoing-2 >> "GET /v1.32/containers/47a7ce05e61aa72bdced5a030ca6064519c62d122a5992816f04e0e528b5b17d/json HTTP/1.1[\r][\n]"
11:45:36.401 [Test worker] DEBUG com.github.dockerjava.zerodep.shaded.org.apache.hc.client5.http.wire - http-outgoing-2 >> "accept: application/json[\r][\n]"
11:45:36.401 [Test worker] DEBUG com.github.dockerjava.zerodep.shaded.org.apache.hc.client5.http.wire - http-outgoing-2 >> "x-tc-sid: c5b4bded-8a7b-4309-a94c-5bb153977152[\r][\n]"
11:45:36.401 [Test worker] DEBUG com.github.dockerjava.zerodep.shaded.org.apache.hc.client5.http.wire - http-outgoing-2 >> "Accept-Encoding: gzip, x-gzip, deflate[\r][\n]"
11:45:36.401 [Test worker] DEBUG com.github.dockerjava.zerodep.shaded.org.apache.hc.client5.http.wire - http-outgoing-2 >> "Host: localhost:2375[\r][\n]"
11:45:36.401 [Test worker] DEBUG com.github.dockerjava.zerodep.shaded.org.apache.hc.client5.http.wire - http-outgoing-2 >> "Connection: keep-alive[\r][\n]"
11:45:36.401 [Test worker] DEBUG com.github.dockerjava.zerodep.shaded.org.apache.hc.client5.http.wire - http-outgoing-2 >> "User-Agent: Apache-HttpClient/5.0.3 (Java/17.0.3)[\r][\n]"
11:45:36.401 [Test worker] DEBUG com.github.dockerjava.zerodep.shaded.org.apache.hc.client5.http.wire - http-outgoing-2 >> "[\r][\n]"
11:45:36.408 [Test worker] DEBUG com.github.dockerjava.zerodep.shaded.org.apache.hc.client5.http.wire - http-outgoing-2 << "HTTP/1.1 200 OK[\r][\n]"
11:45:36.408 [Test worker] DEBUG com.github.dockerjava.zerodep.shaded.org.apache.hc.client5.http.wire - http-outgoing-2 << "Api-Version: 1.41[\r][\n]"
11:45:36.408 [Test worker] DEBUG com.github.dockerjava.zerodep.shaded.org.apache.hc.client5.http.wire - http-outgoing-2 << "Content-Type: application/json[\r][\n]"
11:45:36.408 [Test worker] DEBUG com.github.dockerjava.zerodep.shaded.org.apache.hc.client5.http.wire - http-outgoing-2 << "Date: Mon, 26 Sep 2022 02:45:36 GMT[\r][\n]"
11:45:36.408 [Test worker] DEBUG com.github.dockerjava.zerodep.shaded.org.apache.hc.client5.http.wire - http-outgoing-2 << "Docker-Experimental: false[\r][\n]"
11:45:36.408 [Test worker] DEBUG com.github.dockerjava.zerodep.shaded.org.apache.hc.client5.http.wire - http-outgoing-2 << "Ostype: linux[\r][\n]"
11:45:36.408 [Test worker] DEBUG com.github.dockerjava.zerodep.shaded.org.apache.hc.client5.http.wire - http-outgoing-2 << "Server: Docker/20.10.11 (linux)[\r][\n]"
11:45:36.408 [Test worker] DEBUG com.github.dockerjava.zerodep.shaded.org.apache.hc.client5.http.wire - http-outgoing-2 << "Transfer-Encoding: chunked[\r][\n]"
11:45:36.408 [Test worker] DEBUG com.github.dockerjava.zerodep.shaded.org.apache.hc.client5.http.wire - http-outgoing-2 << "[\r][\n]"
11:45:36.408 [Test worker] DEBUG com.github.dockerjava.zerodep.shaded.org.apache.hc.client5.http.headers - http-outgoing-2 << HTTP/1.1 200 OK
11:45:36.408 [Test worker] DEBUG com.github.dockerjava.zerodep.shaded.org.apache.hc.client5.http.headers - http-outgoing-2 << Api-Version: 1.41
11:45:36.408 [Test worker] DEBUG com.github.dockerjava.zerodep.shaded.org.apache.hc.client5.http.headers - http-outgoing-2 << Content-Type: application/json
11:45:36.408 [Test worker] DEBUG com.github.dockerjava.zerodep.shaded.org.apache.hc.client5.http.headers - http-outgoing-2 << Date: Mon, 26 Sep 2022 02:45:36 GMT
11:45:36.408 [Test worker] DEBUG com.github.dockerjava.zerodep.shaded.org.apache.hc.client5.http.headers - http-outgoing-2 << Docker-Experimental: false
11:45:36.408 [Test worker] DEBUG com.github.dockerjava.zerodep.shaded.org.apache.hc.client5.http.headers - http-outgoing-2 << Ostype: linux
11:45:36.408 [Test worker] DEBUG com.github.dockerjava.zerodep.shaded.org.apache.hc.client5.http.headers - http-outgoing-2 << Server: Docker/20.10.11 (linux)
11:45:36.408 [Test worker] DEBUG com.github.dockerjava.zerodep.shaded.org.apache.hc.client5.http.headers - http-outgoing-2 << Transfer-Encoding: chunked
11:45:36.408 [Test worker] DEBUG com.github.dockerjava.zerodep.shaded.org.apache.hc.client5.http.impl.classic.MainClientExec - ex-0000000C: connection can be kept alive for 3 MINUTES
11:45:36.410 [Test worker] DEBUG com.github.dockerjava.zerodep.shaded.org.apache.hc.client5.http.wire - http-outgoing-2 << "1882[\r][\n]"
11:45:36.411 [Test worker] DEBUG com.github.dockerjava.zerodep.shaded.org.apache.hc.client5.http.wire - http-outgoing-2 << "{"Id":"47a7ce05e61aa72bdced5a030ca6064519c62d122a5992816f04e0e528b5b17d","Created":"2022-09-26T02:45:36.042081626Z","Path":"docker-entrypoint.sh","Args":["mysqld"],"State":{"Status":"running","Running":true,"Paused":false,"Restarting":false,"OOMKilled":false,"Dead":false,"Pid":2251,"ExitCode":0,"Error":"","StartedAt":"2022-09-26T02:45:36.388226668Z","FinishedAt":"0001-01-01T00:00:00Z"},"Image":"sha256:5e229524f286e653111cb9d028bf1ba4c3490742c8cd18c84af22538f0e68575","ResolvConfPath":"/var/lib/docker/containers/47a7ce05e61aa72bdced5a030ca6064519c62d122a5992816f04e0e528b5b17d/resolv.conf","HostnamePath":"/var/lib/docker/containers/47a7ce05e61aa72bdced5a030ca6064519c62d122a5992816f04e0e528b5b17d/hostname","HostsPath":"/var/lib/docker/containers/47a7ce05e61aa72bdced5a030ca6064519c62d122a5992816f04e0e528b5b17d/hosts","LogPath":"/var/lib/docker/containers/47a7ce05e61aa72bdced5a030ca6064519c62d122a5992816f04e0e528b5b17d/47a7ce05e61aa72bdced5a030ca6064519c62d122a5992816f04e0e528b5b17d-json.log","Name":"/crazy_chaum","RestartCount":0,"Driver":"overlay2","Platform":"linux","MountLabel":"","ProcessLabel":"","AppArmorProfile":"","ExecIDs":null,"HostConfig":{"Binds":[],"ContainerIDFile":"","LogConfig":{"Type":"json-file","Config":{}},"NetworkMode":"default","PortBindings":{"3306/tcp":[{"HostIp":"0.0.0.0","HostPort":"0"}]},"RestartPolicy":{"Name":"","MaximumRetryCount":0},"AutoRemove":false,"VolumeDriver":"","VolumesFrom":[],"CapAdd":null,"CapDrop":null,"CgroupnsMode":"private","Dns":null,"DnsOptions":null,"DnsSearch":null,"ExtraHosts":[],"GroupAdd":null,"IpcMode":"shareable","Cgroup":"","Links":null,"OomScoreAdj":0,"PidMode":"","Privileged":false,"PublishAllPorts":false,"ReadonlyRootfs":false,"SecurityOpt":null,"UTSMode":"","UsernsMode":"","ShmSize":67108864,"Runtime":"runc","ConsoleSize":[0,0],"Isolation":"","CpuShares":0,"Memory":0,"NanoCpus":0,"CgroupParent":"","BlkioWeight":0,"BlkioWeightDevice":null,"BlkioDeviceReadBps":null,"BlkioDeviceWriteBps":null,"BlkioDeviceReadIOps":null,"BlkioDeviceWriteIOps":null,"CpuPeriod":0,"CpuQuota":0,"CpuRealtimePeriod":0,"CpuRealtimeRuntime":0,"CpusetCpus":"","CpusetMems":"","Devices":null,"DeviceCgroupRules":null,"DeviceRequests":null,"KernelMemory":0,"KernelMemoryTCP":0,"MemoryReservation":0,"MemorySwap":0,"MemorySwappiness":null,"OomKillDisable":null,"PidsLimit":null,"Ulimits":null,"CpuCount":0,"CpuPercent":0,"IOMaximumIOps":0,"IOMaximumBandwidth":0,"MaskedPaths":["/proc/asound","/proc/acpi","/proc/kcore","/proc/keys","/proc/latency_stats","/proc/timer_list","/proc/timer_stats","/proc/sched_debug","/proc/scsi","/sys/firmware"],"ReadonlyPaths":["/proc/bus","/proc/fs","/proc/irq","/proc/sys","/proc/sysrq-trigger"]},"GraphDriver":{"Data":{"LowerDir":"/var/lib/docker/overlay2/45da4782eb6c4075fef21a16271836d62c4e4726b16ef4c5ea199d4e626bdb39-init/diff:/var/lib/docker/overlay2/27a623f1ab748258e017a40f339844ef533377092bad4182aa320e9399893e13/diff:/var/lib/docker/overlay2/d7c1e4de558b6bbbdc3209a51fc73295262b5271709fe659d0e2e94f626eea74/diff:/var/lib/docker/overlay2/2df554f793c3600571e2f078ad2e20025d6b2e35f3d18881ead4f70e2cc26cb8/diff:/var/lib/docker/overlay2/feb23515577245ad51a24945de1e6bab842929569da912a2b4a33a48c6c2331f/diff:/var/lib/docker/overlay2/cc2cdbce154e19d9c4f376917b6c92ebd55b0b495124ffd2c9d7e9c82b6a95f9/diff:/var/lib/docker/overlay2/968467fe01280f82d26487386f320a15000815d63000d5ec89b47acca8f77ef2/diff:/var/lib/docker/overlay2/cc59daa314bbcaec43d6cd4064c7863b4b3976b989121dcf2e32c4710281f247/diff:/var/lib/docker/overlay2/dc5d8b1cf96cfd5d96d68fbed14248edf1244c1a4669ba07b0bab7f3d782f058/diff:/var/lib/docker/overlay2/dcca184158d696706cd99e62ffa3e5c42964eb57190bef35421cdf3f83a8c130/diff:/var/lib/docker/overlay2/a7f928596da67ce59f34b0ba4cee4a3b948b94f91ad0b0b6260dc54fb9b5a048/diff:/var/lib/docker/overlay2/6ac5adbfff6202b1faa13a2a2fd92625bdda668cdac1a1d2230becbb394e569f/diff","MergedDir":"/var/lib/docker/overlay2/45da4782eb6c4075fef21a16271836d62c4e4726b16ef4c5ea199d4e626bdb39/merged","UpperDir":"/var/lib/docker/overlay2/45da4782eb6c4075fef21a16271836d62c4e4726b16ef4c5ea199d4e626bdb39/diff","WorkDir":"/var/lib/docker/overlay2/45da4782eb6c4075fef21a16271836d62c4e4726b16ef4c5ea199d4e626bdb39/work"},"Name":"overlay2"},"Mounts":[{"Type":"volume","Name":"08668a73464516d2c615e247a561222f461f2385cff5615e53cc78e96456230c","Source":"/var/lib/docker/volumes/08668a73464516d2c615e247a561222f461f2385cff5615e53cc78e96456230c/_data","Destination":"/var/lib/mysql","Driver":"local","Mode":"","RW":true,"Propagation":""}],"Config":{"Hostname":"47a7ce05e61a","Domainname":"","User":"","AttachStdin":false,"AttachStdout":false,"AttachStderr":false,"ExposedPorts":{"3306/tcp":{},"33060/tcp":{}},"Tty":false,"OpenStdin":false,"StdinOnce":false,"Env":["MYSQL_DATABASE=lotification","MYSQL_PASSWORD=1234","MYSQL_USER=admin","MYSQL_ROOT_PASSWORD=1234","PATH=/usr/local/sbin:/usr/local/bin:/usr/sbin:/usr/bin:/sbin:/bin","GOSU_VERSION=1.14","MYSQL_MAJOR=8.0","MYSQL_VERSION=8.0.30-1.el8","MYSQL_SHELL_VERSION=8.0.30-1.el8"],"Cmd":["mysqld"],"Image":"mysql:8","Volumes":{"/var/lib/mysql":{}},"WorkingDir":"","Entrypoint":["docker-entrypoint.sh"],"OnBuild":null,"Labels":{"org.testcontainers":"true","org.testcontainers.sessionId":"c5b4bded-8a7b-4309-a94c-5bb153977152"}},"NetworkSettings":{"Bridge":"","SandboxID":"c87f478ec31081a2fc02a6d53fa5addc8f61962dea8dd5c17c1c641e1a25e99b","HairpinMode":false,"LinkLocalIPv6Address":"","LinkLocalIPv6PrefixLen":0,"Ports":{"3306/tcp":[{"HostIp":"0.0.0.0","HostPort":"63346"}],"33060/tcp":null},"SandboxKey":"/var/run/docker/netns/c87f478ec310","SecondaryIPAddresses":null,"SecondaryIPv6Addresses":null,"EndpointID":"7830774c518a6ae45bc93e5b48bd99e8a609aa29230b007326fa87b5ca32567f","Gateway":"172.17.0.1","GlobalIPv6Address":"","GlobalIPv6PrefixLen":0,"IPAddress":"172.17.0.4","IPPrefixLen":16,"IPv6Gateway":"","MacAddress":"02:42:ac:11:00:04","Networks":{"bridge":{"IPAMConfig":null,"Links":null,"Aliases":null,"NetworkID":"42b943ace1ba272d06317befbba08f853c5a08f211a0bdf3660599ced98f9c17","EndpointID":"7830774c518a6ae45bc93e5b48bd99e8a609aa29230b007326fa87b5ca32567f","Gateway":"172.17.0.1","IPAddress":"172.17.0.4","IPPrefixLen":16,"IPv6Gateway":"","GlobalIPv6Address":"","GlobalIPv6PrefixLen":0,"MacAddress":"02:42:ac:11:00:04","DriverOpts":null}}}}[\n]"
11:45:36.411 [Test worker] DEBUG com.github.dockerjava.zerodep.shaded.org.apache.hc.client5.http.wire - http-outgoing-2 << "[\r][\n]"
11:45:36.411 [Test worker] DEBUG com.github.dockerjava.zerodep.shaded.org.apache.hc.client5.http.wire - http-outgoing-2 << "0[\r][\n]"
11:45:36.411 [Test worker] DEBUG com.github.dockerjava.zerodep.shaded.org.apache.hc.client5.http.wire - http-outgoing-2 << "[\r][\n]"
11:45:36.412 [Test worker] DEBUG com.github.dockerjava.zerodep.shaded.org.apache.hc.client5.http.impl.classic.InternalHttpClient - ep-0000000B: releasing valid endpoint
11:45:36.412 [Test worker] DEBUG com.github.dockerjava.zerodep.shaded.org.apache.hc.client5.http.impl.io.PoolingHttpClientConnectionManager - ep-0000000B: releasing endpoint
11:45:36.412 [Test worker] DEBUG com.github.dockerjava.zerodep.shaded.org.apache.hc.client5.http.impl.io.PoolingHttpClientConnectionManager - ep-0000000B: connection http-outgoing-2 can be kept alive for 3 MINUTES
11:45:36.412 [Test worker] DEBUG com.github.dockerjava.zerodep.shaded.org.apache.hc.client5.http.impl.io.PoolingHttpClientConnectionManager - ep-0000000B: connection released [route: {}->unix://localhost:2375][total available: 1; route allocated: 1 of 2147483647; total allocated: 1 of 2147483647]
11:45:36.416 [Test worker] DEBUG org.testcontainers.shaded.com.github.dockerjava.core.command.AbstrDockerCmd - Cmd: 47a7ce05e61aa72bdced5a030ca6064519c62d122a5992816f04e0e528b5b17d,false
11:45:36.416 [Test worker] DEBUG org.testcontainers.shaded.com.github.dockerjava.core.exec.InspectContainerCmdExec - GET: DefaultWebTarget{path=[/containers/47a7ce05e61aa72bdced5a030ca6064519c62d122a5992816f04e0e528b5b17d/json], queryParams={}}
11:45:36.416 [Test worker] DEBUG com.github.dockerjava.zerodep.shaded.org.apache.hc.client5.http.impl.classic.InternalHttpClient - ex-0000000D: preparing request execution
11:45:36.416 [Test worker] DEBUG com.github.dockerjava.zerodep.shaded.org.apache.hc.client5.http.protocol.RequestAddCookies - Cookie spec selected: strict
11:45:36.416 [Test worker] DEBUG com.github.dockerjava.zerodep.shaded.org.apache.hc.client5.http.protocol.RequestAuthCache - Auth cache not set in the context
11:45:36.416 [Test worker] DEBUG com.github.dockerjava.zerodep.shaded.org.apache.hc.client5.http.impl.classic.ProtocolExec - ex-0000000D: target auth state: UNCHALLENGED
11:45:36.416 [Test worker] DEBUG com.github.dockerjava.zerodep.shaded.org.apache.hc.client5.http.impl.classic.ProtocolExec - ex-0000000D: proxy auth state: UNCHALLENGED
11:45:36.416 [Test worker] DEBUG com.github.dockerjava.zerodep.shaded.org.apache.hc.client5.http.impl.classic.ConnectExec - ex-0000000D: acquiring connection with route {}->unix://localhost:2375
11:45:36.416 [Test worker] DEBUG com.github.dockerjava.zerodep.shaded.org.apache.hc.client5.http.impl.classic.InternalHttpClient - ex-0000000D: acquiring endpoint (3 MINUTES)
11:45:36.416 [Test worker] DEBUG com.github.dockerjava.zerodep.shaded.org.apache.hc.client5.http.impl.io.PoolingHttpClientConnectionManager - ex-0000000D: endpoint lease request (3 MINUTES) [route: {}->unix://localhost:2375][total available: 1; route allocated: 1 of 2147483647; total allocated: 1 of 2147483647]
11:45:36.416 [Test worker] DEBUG com.github.dockerjava.zerodep.shaded.org.apache.hc.client5.http.impl.io.PoolingHttpClientConnectionManager - ex-0000000D: endpoint leased [route: {}->unix://localhost:2375][total available: 0; route allocated: 1 of 2147483647; total allocated: 1 of 2147483647]
11:45:36.416 [Test worker] DEBUG com.github.dockerjava.zerodep.shaded.org.apache.hc.client5.http.impl.io.PoolingHttpClientConnectionManager - ex-0000000D: acquired ep-0000000C
11:45:36.416 [Test worker] DEBUG com.github.dockerjava.zerodep.shaded.org.apache.hc.client5.http.impl.classic.InternalHttpClient - ex-0000000D: acquired endpoint ep-0000000C
11:45:36.416 [Test worker] DEBUG com.github.dockerjava.zerodep.shaded.org.apache.hc.client5.http.impl.classic.MainClientExec - ex-0000000D: executing GET /v1.32/containers/47a7ce05e61aa72bdced5a030ca6064519c62d122a5992816f04e0e528b5b17d/json HTTP/1.1
11:45:36.416 [Test worker] DEBUG com.github.dockerjava.zerodep.shaded.org.apache.hc.client5.http.impl.classic.InternalHttpClient - ep-0000000C: start execution ex-0000000D
11:45:36.416 [Test worker] DEBUG com.github.dockerjava.zerodep.shaded.org.apache.hc.client5.http.impl.io.PoolingHttpClientConnectionManager - ep-0000000C: executing exchange ex-0000000D over http-outgoing-2
11:45:36.416 [Test worker] DEBUG com.github.dockerjava.zerodep.shaded.org.apache.hc.client5.http.headers - http-outgoing-2 >> GET /v1.32/containers/47a7ce05e61aa72bdced5a030ca6064519c62d122a5992816f04e0e528b5b17d/json HTTP/1.1
11:45:36.416 [Test worker] DEBUG com.github.dockerjava.zerodep.shaded.org.apache.hc.client5.http.headers - http-outgoing-2 >> accept: application/json
11:45:36.416 [Test worker] DEBUG com.github.dockerjava.zerodep.shaded.org.apache.hc.client5.http.headers - http-outgoing-2 >> x-tc-sid: c5b4bded-8a7b-4309-a94c-5bb153977152
11:45:36.416 [Test worker] DEBUG com.github.dockerjava.zerodep.shaded.org.apache.hc.client5.http.headers - http-outgoing-2 >> Accept-Encoding: gzip, x-gzip, deflate
11:45:36.416 [Test worker] DEBUG com.github.dockerjava.zerodep.shaded.org.apache.hc.client5.http.headers - http-outgoing-2 >> Host: localhost:2375
11:45:36.416 [Test worker] DEBUG com.github.dockerjava.zerodep.shaded.org.apache.hc.client5.http.headers - http-outgoing-2 >> Connection: keep-alive
11:45:36.416 [Test worker] DEBUG com.github.dockerjava.zerodep.shaded.org.apache.hc.client5.http.headers - http-outgoing-2 >> User-Agent: Apache-HttpClient/5.0.3 (Java/17.0.3)
11:45:36.416 [Test worker] DEBUG com.github.dockerjava.zerodep.shaded.org.apache.hc.client5.http.wire - http-outgoing-2 >> "GET /v1.32/containers/47a7ce05e61aa72bdced5a030ca6064519c62d122a5992816f04e0e528b5b17d/json HTTP/1.1[\r][\n]"
11:45:36.416 [Test worker] DEBUG com.github.dockerjava.zerodep.shaded.org.apache.hc.client5.http.wire - http-outgoing-2 >> "accept: application/json[\r][\n]"
11:45:36.416 [Test worker] DEBUG com.github.dockerjava.zerodep.shaded.org.apache.hc.client5.http.wire - http-outgoing-2 >> "x-tc-sid: c5b4bded-8a7b-4309-a94c-5bb153977152[\r][\n]"
11:45:36.416 [Test worker] DEBUG com.github.dockerjava.zerodep.shaded.org.apache.hc.client5.http.wire - http-outgoing-2 >> "Accept-Encoding: gzip, x-gzip, deflate[\r][\n]"
11:45:36.416 [Test worker] DEBUG com.github.dockerjava.zerodep.shaded.org.apache.hc.client5.http.wire - http-outgoing-2 >> "Host: localhost:2375[\r][\n]"
11:45:36.416 [Test worker] DEBUG com.github.dockerjava.zerodep.shaded.org.apache.hc.client5.http.wire - http-outgoing-2 >> "Connection: keep-alive[\r][\n]"
11:45:36.416 [Test worker] DEBUG com.github.dockerjava.zerodep.shaded.org.apache.hc.client5.http.wire - http-outgoing-2 >> "User-Agent: Apache-HttpClient/5.0.3 (Java/17.0.3)[\r][\n]"
11:45:36.416 [Test worker] DEBUG com.github.dockerjava.zerodep.shaded.org.apache.hc.client5.http.wire - http-outgoing-2 >> "[\r][\n]"
11:45:36.421 [Test worker] DEBUG com.github.dockerjava.zerodep.shaded.org.apache.hc.client5.http.wire - http-outgoing-2 << "HTTP/1.1 200 OK[\r][\n]"
11:45:36.421 [Test worker] DEBUG com.github.dockerjava.zerodep.shaded.org.apache.hc.client5.http.wire - http-outgoing-2 << "Api-Version: 1.41[\r][\n]"
11:45:36.421 [Test worker] DEBUG com.github.dockerjava.zerodep.shaded.org.apache.hc.client5.http.wire - http-outgoing-2 << "Content-Type: application/json[\r][\n]"
11:45:36.421 [Test worker] DEBUG com.github.dockerjava.zerodep.shaded.org.apache.hc.client5.http.wire - http-outgoing-2 << "Date: Mon, 26 Sep 2022 02:45:36 GMT[\r][\n]"
11:45:36.421 [Test worker] DEBUG com.github.dockerjava.zerodep.shaded.org.apache.hc.client5.http.wire - http-outgoing-2 << "Docker-Experimental: false[\r][\n]"
11:45:36.421 [Test worker] DEBUG com.github.dockerjava.zerodep.shaded.org.apache.hc.client5.http.wire - http-outgoing-2 << "Ostype: linux[\r][\n]"
11:45:36.421 [Test worker] DEBUG com.github.dockerjava.zerodep.shaded.org.apache.hc.client5.http.wire - http-outgoing-2 << "Server: Docker/20.10.11 (linux)[\r][\n]"
11:45:36.421 [Test worker] DEBUG com.github.dockerjava.zerodep.shaded.org.apache.hc.client5.http.wire - http-outgoing-2 << "Transfer-Encoding: chunked[\r][\n]"
11:45:36.421 [Test worker] DEBUG com.github.dockerjava.zerodep.shaded.org.apache.hc.client5.http.wire - http-outgoing-2 << "[\r][\n]"
11:45:36.421 [Test worker] DEBUG com.github.dockerjava.zerodep.shaded.org.apache.hc.client5.http.headers - http-outgoing-2 << HTTP/1.1 200 OK
11:45:36.421 [Test worker] DEBUG com.github.dockerjava.zerodep.shaded.org.apache.hc.client5.http.headers - http-outgoing-2 << Api-Version: 1.41
11:45:36.421 [Test worker] DEBUG com.github.dockerjava.zerodep.shaded.org.apache.hc.client5.http.headers - http-outgoing-2 << Content-Type: application/json
11:45:36.421 [Test worker] DEBUG com.github.dockerjava.zerodep.shaded.org.apache.hc.client5.http.headers - http-outgoing-2 << Date: Mon, 26 Sep 2022 02:45:36 GMT
11:45:36.421 [Test worker] DEBUG com.github.dockerjava.zerodep.shaded.org.apache.hc.client5.http.headers - http-outgoing-2 << Docker-Experimental: false
11:45:36.421 [Test worker] DEBUG com.github.dockerjava.zerodep.shaded.org.apache.hc.client5.http.headers - http-outgoing-2 << Ostype: linux
11:45:36.421 [Test worker] DEBUG com.github.dockerjava.zerodep.shaded.org.apache.hc.client5.http.headers - http-outgoing-2 << Server: Docker/20.10.11 (linux)
11:45:36.421 [Test worker] DEBUG com.github.dockerjava.zerodep.shaded.org.apache.hc.client5.http.headers - http-outgoing-2 << Transfer-Encoding: chunked
11:45:36.421 [Test worker] DEBUG com.github.dockerjava.zerodep.shaded.org.apache.hc.client5.http.impl.classic.MainClientExec - ex-0000000D: connection can be kept alive for 3 MINUTES
11:45:36.422 [Test worker] DEBUG com.github.dockerjava.zerodep.shaded.org.apache.hc.client5.http.wire - http-outgoing-2 << "1882[\r][\n]"
11:45:36.422 [Test worker] DEBUG com.github.dockerjava.zerodep.shaded.org.apache.hc.client5.http.wire - http-outgoing-2 << "{"Id":"47a7ce05e61aa72bdced5a030ca6064519c62d122a5992816f04e0e528b5b17d","Created":"2022-09-26T02:45:36.042081626Z","Path":"docker-entrypoint.sh","Args":["mysqld"],"State":{"Status":"running","Running":true,"Paused":false,"Restarting":false,"OOMKilled":false,"Dead":false,"Pid":2251,"ExitCode":0,"Error":"","StartedAt":"2022-09-26T02:45:36.388226668Z","FinishedAt":"0001-01-01T00:00:00Z"},"Image":"sha256:5e229524f286e653111cb9d028bf1ba4c3490742c8cd18c84af22538f0e68575","ResolvConfPath":"/var/lib/docker/containers/47a7ce05e61aa72bdced5a030ca6064519c62d122a5992816f04e0e528b5b17d/resolv.conf","HostnamePath":"/var/lib/docker/containers/47a7ce05e61aa72bdced5a030ca6064519c62d122a5992816f04e0e528b5b17d/hostname","HostsPath":"/var/lib/docker/containers/47a7ce05e61aa72bdced5a030ca6064519c62d122a5992816f04e0e528b5b17d/hosts","LogPath":"/var/lib/docker/containers/47a7ce05e61aa72bdced5a030ca6064519c62d122a5992816f04e0e528b5b17d/47a7ce05e61aa72bdced5a030ca6064519c62d122a5992816f04e0e528b5b17d-json.log","Name":"/crazy_chaum","RestartCount":0,"Driver":"overlay2","Platform":"linux","MountLabel":"","ProcessLabel":"","AppArmorProfile":"","ExecIDs":null,"HostConfig":{"Binds":[],"ContainerIDFile":"","LogConfig":{"Type":"json-file","Config":{}},"NetworkMode":"default","PortBindings":{"3306/tcp":[{"HostIp":"0.0.0.0","HostPort":"0"}]},"RestartPolicy":{"Name":"","MaximumRetryCount":0},"AutoRemove":false,"VolumeDriver":"","VolumesFrom":[],"CapAdd":null,"CapDrop":null,"CgroupnsMode":"private","Dns":null,"DnsOptions":null,"DnsSearch":null,"ExtraHosts":[],"GroupAdd":null,"IpcMode":"shareable","Cgroup":"","Links":null,"OomScoreAdj":0,"PidMode":"","Privileged":false,"PublishAllPorts":false,"ReadonlyRootfs":false,"SecurityOpt":null,"UTSMode":"","UsernsMode":"","ShmSize":67108864,"Runtime":"runc","ConsoleSize":[0,0],"Isolation":"","CpuShares":0,"Memory":0,"NanoCpus":0,"CgroupParent":"","BlkioWeight":0,"BlkioWeightDevice":null,"BlkioDeviceReadBps":null,"BlkioDeviceWriteBps":null,"BlkioDeviceReadIOps":null,"BlkioDeviceWriteIOps":null,"CpuPeriod":0,"CpuQuota":0,"CpuRealtimePeriod":0,"CpuRealtimeRuntime":0,"CpusetCpus":"","CpusetMems":"","Devices":null,"DeviceCgroupRules":null,"DeviceRequests":null,"KernelMemory":0,"KernelMemoryTCP":0,"MemoryReservation":0,"MemorySwap":0,"MemorySwappiness":null,"OomKillDisable":null,"PidsLimit":null,"Ulimits":null,"CpuCount":0,"CpuPercent":0,"IOMaximumIOps":0,"IOMaximumBandwidth":0,"MaskedPaths":["/proc/asound","/proc/acpi","/proc/kcore","/proc/keys","/proc/latency_stats","/proc/timer_list","/proc/timer_stats","/proc/sched_debug","/proc/scsi","/sys/firmware"],"ReadonlyPaths":["/proc/bus","/proc/fs","/proc/irq","/proc/sys","/proc/sysrq-trigger"]},"GraphDriver":{"Data":{"LowerDir":"/var/lib/docker/overlay2/45da4782eb6c4075fef21a16271836d62c4e4726b16ef4c5ea199d4e626bdb39-init/diff:/var/lib/docker/overlay2/27a623f1ab748258e017a40f339844ef533377092bad4182aa320e9399893e13/diff:/var/lib/docker/overlay2/d7c1e4de558b6bbbdc3209a51fc73295262b5271709fe659d0e2e94f626eea74/diff:/var/lib/docker/overlay2/2df554f793c3600571e2f078ad2e20025d6b2e35f3d18881ead4f70e2cc26cb8/diff:/var/lib/docker/overlay2/feb23515577245ad51a24945de1e6bab842929569da912a2b4a33a48c6c2331f/diff:/var/lib/docker/overlay2/cc2cdbce154e19d9c4f376917b6c92ebd55b0b495124ffd2c9d7e9c82b6a95f9/diff:/var/lib/docker/overlay2/968467fe01280f82d26487386f320a15000815d63000d5ec89b47acca8f77ef2/diff:/var/lib/docker/overlay2/cc59daa314bbcaec43d6cd4064c7863b4b3976b989121dcf2e32c4710281f247/diff:/var/lib/docker/overlay2/dc5d8b1cf96cfd5d96d68fbed14248edf1244c1a4669ba07b0bab7f3d782f058/diff:/var/lib/docker/overlay2/dcca184158d696706cd99e62ffa3e5c42964eb57190bef35421cdf3f83a8c130/diff:/var/lib/docker/overlay2/a7f928596da67ce59f34b0ba4cee4a3b948b94f91ad0b0b6260dc54fb9b5a048/diff:/var/lib/docker/overlay2/6ac5adbfff6202b1faa13a2a2fd92625bdda668cdac1a1d2230becbb394e569f/diff","MergedDir":"/var/lib/docker/overlay2/45da4782eb6c4075fef21a16271836d62c4e4726b16ef4c5ea199d4e626bdb39/merged","UpperDir":"/var/lib/docker/overlay2/45da4782eb6c4075fef21a16271836d62c4e4726b16ef4c5ea199d4e626bdb39/diff","WorkDir":"/var/lib/docker/overlay2/45da4782eb6c4075fef21a16271836d62c4e4726b16ef4c5ea199d4e626bdb39/work"},"Name":"overlay2"},"Mounts":[{"Type":"volume","Name":"08668a73464516d2c615e247a561222f461f2385cff5615e53cc78e96456230c","Source":"/var/lib/docker/volumes/08668a73464516d2c615e247a561222f461f2385cff5615e53cc78e96456230c/_data","Destination":"/var/lib/mysql","Driver":"local","Mode":"","RW":true,"Propagation":""}],"Config":{"Hostname":"47a7ce05e61a","Domainname":"","User":"","AttachStdin":false,"AttachStdout":false,"AttachStderr":false,"ExposedPorts":{"3306/tcp":{},"33060/tcp":{}},"Tty":false,"OpenStdin":false,"StdinOnce":false,"Env":["MYSQL_DATABASE=lotification","MYSQL_PASSWORD=1234","MYSQL_USER=admin","MYSQL_ROOT_PASSWORD=1234","PATH=/usr/local/sbin:/usr/local/bin:/usr/sbin:/usr/bin:/sbin:/bin","GOSU_VERSION=1.14","MYSQL_MAJOR=8.0","MYSQL_VERSION=8.0.30-1.el8","MYSQL_SHELL_VERSION=8.0.30-1.el8"],"Cmd":["mysqld"],"Image":"mysql:8","Volumes":{"/var/lib/mysql":{}},"WorkingDir":"","Entrypoint":["docker-entrypoint.sh"],"OnBuild":null,"Labels":{"org.testcontainers":"true","org.testcontainers.sessionId":"c5b4bded-8a7b-4309-a94c-5bb153977152"}},"NetworkSettings":{"Bridge":"","SandboxID":"c87f478ec31081a2fc02a6d53fa5addc8f61962dea8dd5c17c1c641e1a25e99b","HairpinMode":false,"LinkLocalIPv6Address":"","LinkLocalIPv6PrefixLen":0,"Ports":{"3306/tcp":[{"HostIp":"0.0.0.0","HostPort":"63346"}],"33060/tcp":null},"SandboxKey":"/var/run/docker/netns/c87f478ec310","SecondaryIPAddresses":null,"SecondaryIPv6Addresses":null,"EndpointID":"7830774c518a6ae45bc93e5b48bd99e8a609aa29230b007326fa87b5ca32567f","Gateway":"172.17.0.1","GlobalIPv6Address":"","GlobalIPv6PrefixLen":0,"IPAddress":"172.17.0.4","IPPrefixLen":16,"IPv6Gateway":"","MacAddress":"02:42:ac:11:00:04","Networks":{"bridge":{"IPAMConfig":null,"Links":null,"Aliases":null,"NetworkID":"42b943ace1ba272d06317befbba08f853c5a08f211a0bdf3660599ced98f9c17","EndpointID":"7830774c518a6ae45bc93e5b48bd99e8a609aa29230b007326fa87b5ca32567f","Gateway":"172.17.0.1","IPAddress":"172.17.0.4","IPPrefixLen":16,"IPv6Gateway":"","GlobalIPv6Address":"","GlobalIPv6PrefixLen":0,"MacAddress":"02:42:ac:11:00:04","DriverOpts":null}}}}[\n]"
11:45:36.422 [Test worker] DEBUG com.github.dockerjava.zerodep.shaded.org.apache.hc.client5.http.wire - http-outgoing-2 << "[\r][\n]"
11:45:36.423 [Test worker] DEBUG com.github.dockerjava.zerodep.shaded.org.apache.hc.client5.http.wire - http-outgoing-2 << "0[\r][\n]"
11:45:36.423 [Test worker] DEBUG com.github.dockerjava.zerodep.shaded.org.apache.hc.client5.http.wire - http-outgoing-2 << "[\r][\n]"
11:45:36.423 [Test worker] DEBUG com.github.dockerjava.zerodep.shaded.org.apache.hc.client5.http.impl.classic.InternalHttpClient - ep-0000000C: releasing valid endpoint
11:45:36.423 [Test worker] DEBUG com.github.dockerjava.zerodep.shaded.org.apache.hc.client5.http.impl.io.PoolingHttpClientConnectionManager - ep-0000000C: releasing endpoint
11:45:36.423 [Test worker] DEBUG com.github.dockerjava.zerodep.shaded.org.apache.hc.client5.http.impl.io.PoolingHttpClientConnectionManager - ep-0000000C: connection http-outgoing-2 can be kept alive for 3 MINUTES
11:45:36.423 [Test worker] DEBUG com.github.dockerjava.zerodep.shaded.org.apache.hc.client5.http.impl.io.PoolingHttpClientConnectionManager - ep-0000000C: connection released [route: {}->unix://localhost:2375][total available: 1; route allocated: 1 of 2147483647; total allocated: 1 of 2147483647]
11:45:36.423 [Test worker] DEBUG ]]>&#x1f433;<![CDATA[ [mysql:8] - Trying to create JDBC connection using com.mysql.cj.jdbc.Driver to jdbc:mysql://localhost:63346/lotification?useSSL=false&allowPublicKeyRetrieval=true with properties: {password=1234, user=admin}
11:45:36.627 [Test worker] DEBUG org.testcontainers.shaded.com.github.dockerjava.core.command.AbstrDockerCmd - Cmd: 47a7ce05e61aa72bdced5a030ca6064519c62d122a5992816f04e0e528b5b17d,false
11:45:36.628 [Test worker] DEBUG org.testcontainers.shaded.com.github.dockerjava.core.exec.InspectContainerCmdExec - GET: DefaultWebTarget{path=[/containers/47a7ce05e61aa72bdced5a030ca6064519c62d122a5992816f04e0e528b5b17d/json], queryParams={}}
11:45:36.628 [Test worker] DEBUG com.github.dockerjava.zerodep.shaded.org.apache.hc.client5.http.impl.classic.InternalHttpClient - ex-0000000E: preparing request execution
11:45:36.628 [Test worker] DEBUG com.github.dockerjava.zerodep.shaded.org.apache.hc.client5.http.protocol.RequestAddCookies - Cookie spec selected: strict
11:45:36.628 [Test worker] DEBUG com.github.dockerjava.zerodep.shaded.org.apache.hc.client5.http.protocol.RequestAuthCache - Auth cache not set in the context
11:45:36.628 [Test worker] DEBUG com.github.dockerjava.zerodep.shaded.org.apache.hc.client5.http.impl.classic.ProtocolExec - ex-0000000E: target auth state: UNCHALLENGED
11:45:36.628 [Test worker] DEBUG com.github.dockerjava.zerodep.shaded.org.apache.hc.client5.http.impl.classic.ProtocolExec - ex-0000000E: proxy auth state: UNCHALLENGED
11:45:36.628 [Test worker] DEBUG com.github.dockerjava.zerodep.shaded.org.apache.hc.client5.http.impl.classic.ConnectExec - ex-0000000E: acquiring connection with route {}->unix://localhost:2375
11:45:36.628 [Test worker] DEBUG com.github.dockerjava.zerodep.shaded.org.apache.hc.client5.http.impl.classic.InternalHttpClient - ex-0000000E: acquiring endpoint (3 MINUTES)
11:45:36.628 [Test worker] DEBUG com.github.dockerjava.zerodep.shaded.org.apache.hc.client5.http.impl.io.PoolingHttpClientConnectionManager - ex-0000000E: endpoint lease request (3 MINUTES) [route: {}->unix://localhost:2375][total available: 1; route allocated: 1 of 2147483647; total allocated: 1 of 2147483647]
11:45:36.628 [Test worker] DEBUG com.github.dockerjava.zerodep.shaded.org.apache.hc.client5.http.impl.io.PoolingHttpClientConnectionManager - ex-0000000E: endpoint leased [route: {}->unix://localhost:2375][total available: 0; route allocated: 1 of 2147483647; total allocated: 1 of 2147483647]
11:45:36.628 [Test worker] DEBUG com.github.dockerjava.zerodep.shaded.org.apache.hc.client5.http.impl.io.PoolingHttpClientConnectionManager - ex-0000000E: acquired ep-0000000D
11:45:36.628 [Test worker] DEBUG com.github.dockerjava.zerodep.shaded.org.apache.hc.client5.http.impl.classic.InternalHttpClient - ex-0000000E: acquired endpoint ep-0000000D
11:45:36.628 [Test worker] DEBUG com.github.dockerjava.zerodep.shaded.org.apache.hc.client5.http.impl.classic.MainClientExec - ex-0000000E: executing GET /v1.32/containers/47a7ce05e61aa72bdced5a030ca6064519c62d122a5992816f04e0e528b5b17d/json HTTP/1.1
11:45:36.628 [Test worker] DEBUG com.github.dockerjava.zerodep.shaded.org.apache.hc.client5.http.impl.classic.InternalHttpClient - ep-0000000D: start execution ex-0000000E
11:45:36.628 [Test worker] DEBUG com.github.dockerjava.zerodep.shaded.org.apache.hc.client5.http.impl.io.PoolingHttpClientConnectionManager - ep-0000000D: executing exchange ex-0000000E over http-outgoing-2
11:45:36.628 [Test worker] DEBUG com.github.dockerjava.zerodep.shaded.org.apache.hc.client5.http.headers - http-outgoing-2 >> GET /v1.32/containers/47a7ce05e61aa72bdced5a030ca6064519c62d122a5992816f04e0e528b5b17d/json HTTP/1.1
11:45:36.628 [Test worker] DEBUG com.github.dockerjava.zerodep.shaded.org.apache.hc.client5.http.headers - http-outgoing-2 >> accept: application/json
11:45:36.628 [Test worker] DEBUG com.github.dockerjava.zerodep.shaded.org.apache.hc.client5.http.headers - http-outgoing-2 >> x-tc-sid: c5b4bded-8a7b-4309-a94c-5bb153977152
11:45:36.628 [Test worker] DEBUG com.github.dockerjava.zerodep.shaded.org.apache.hc.client5.http.headers - http-outgoing-2 >> Accept-Encoding: gzip, x-gzip, deflate
11:45:36.628 [Test worker] DEBUG com.github.dockerjava.zerodep.shaded.org.apache.hc.client5.http.headers - http-outgoing-2 >> Host: localhost:2375
11:45:36.628 [Test worker] DEBUG com.github.dockerjava.zerodep.shaded.org.apache.hc.client5.http.headers - http-outgoing-2 >> Connection: keep-alive
11:45:36.628 [Test worker] DEBUG com.github.dockerjava.zerodep.shaded.org.apache.hc.client5.http.headers - http-outgoing-2 >> User-Agent: Apache-HttpClient/5.0.3 (Java/17.0.3)
11:45:36.628 [Test worker] DEBUG com.github.dockerjava.zerodep.shaded.org.apache.hc.client5.http.wire - http-outgoing-2 >> "GET /v1.32/containers/47a7ce05e61aa72bdced5a030ca6064519c62d122a5992816f04e0e528b5b17d/json HTTP/1.1[\r][\n]"
11:45:36.628 [Test worker] DEBUG com.github.dockerjava.zerodep.shaded.org.apache.hc.client5.http.wire - http-outgoing-2 >> "accept: application/json[\r][\n]"
11:45:36.628 [Test worker] DEBUG com.github.dockerjava.zerodep.shaded.org.apache.hc.client5.http.wire - http-outgoing-2 >> "x-tc-sid: c5b4bded-8a7b-4309-a94c-5bb153977152[\r][\n]"
11:45:36.628 [Test worker] DEBUG com.github.dockerjava.zerodep.shaded.org.apache.hc.client5.http.wire - http-outgoing-2 >> "Accept-Encoding: gzip, x-gzip, deflate[\r][\n]"
11:45:36.628 [Test worker] DEBUG com.github.dockerjava.zerodep.shaded.org.apache.hc.client5.http.wire - http-outgoing-2 >> "Host: localhost:2375[\r][\n]"
11:45:36.628 [Test worker] DEBUG com.github.dockerjava.zerodep.shaded.org.apache.hc.client5.http.wire - http-outgoing-2 >> "Connection: keep-alive[\r][\n]"
11:45:36.628 [Test worker] DEBUG com.github.dockerjava.zerodep.shaded.org.apache.hc.client5.http.wire - http-outgoing-2 >> "User-Agent: Apache-HttpClient/5.0.3 (Java/17.0.3)[\r][\n]"
11:45:36.628 [Test worker] DEBUG com.github.dockerjava.zerodep.shaded.org.apache.hc.client5.http.wire - http-outgoing-2 >> "[\r][\n]"
11:45:36.631 [Test worker] DEBUG com.github.dockerjava.zerodep.shaded.org.apache.hc.client5.http.wire - http-outgoing-2 << "HTTP/1.1 200 OK[\r][\n]"
11:45:36.631 [Test worker] DEBUG com.github.dockerjava.zerodep.shaded.org.apache.hc.client5.http.wire - http-outgoing-2 << "Api-Version: 1.41[\r][\n]"
11:45:36.631 [Test worker] DEBUG com.github.dockerjava.zerodep.shaded.org.apache.hc.client5.http.wire - http-outgoing-2 << "Content-Type: application/json[\r][\n]"
11:45:36.631 [Test worker] DEBUG com.github.dockerjava.zerodep.shaded.org.apache.hc.client5.http.wire - http-outgoing-2 << "Date: Mon, 26 Sep 2022 02:45:36 GMT[\r][\n]"
11:45:36.631 [Test worker] DEBUG com.github.dockerjava.zerodep.shaded.org.apache.hc.client5.http.wire - http-outgoing-2 << "Docker-Experimental: false[\r][\n]"
11:45:36.631 [Test worker] DEBUG com.github.dockerjava.zerodep.shaded.org.apache.hc.client5.http.wire - http-outgoing-2 << "Ostype: linux[\r][\n]"
11:45:36.631 [Test worker] DEBUG com.github.dockerjava.zerodep.shaded.org.apache.hc.client5.http.wire - http-outgoing-2 << "Server: Docker/20.10.11 (linux)[\r][\n]"
11:45:36.631 [Test worker] DEBUG com.github.dockerjava.zerodep.shaded.org.apache.hc.client5.http.wire - http-outgoing-2 << "Transfer-Encoding: chunked[\r][\n]"
11:45:36.631 [Test worker] DEBUG com.github.dockerjava.zerodep.shaded.org.apache.hc.client5.http.wire - http-outgoing-2 << "[\r][\n]"
11:45:36.631 [Test worker] DEBUG com.github.dockerjava.zerodep.shaded.org.apache.hc.client5.http.headers - http-outgoing-2 << HTTP/1.1 200 OK
11:45:36.631 [Test worker] DEBUG com.github.dockerjava.zerodep.shaded.org.apache.hc.client5.http.headers - http-outgoing-2 << Api-Version: 1.41
11:45:36.631 [Test worker] DEBUG com.github.dockerjava.zerodep.shaded.org.apache.hc.client5.http.headers - http-outgoing-2 << Content-Type: application/json
11:45:36.631 [Test worker] DEBUG com.github.dockerjava.zerodep.shaded.org.apache.hc.client5.http.headers - http-outgoing-2 << Date: Mon, 26 Sep 2022 02:45:36 GMT
11:45:36.631 [Test worker] DEBUG com.github.dockerjava.zerodep.shaded.org.apache.hc.client5.http.headers - http-outgoing-2 << Docker-Experimental: false
11:45:36.631 [Test worker] DEBUG com.github.dockerjava.zerodep.shaded.org.apache.hc.client5.http.headers - http-outgoing-2 << Ostype: linux
11:45:36.631 [Test worker] DEBUG com.github.dockerjava.zerodep.shaded.org.apache.hc.client5.http.headers - http-outgoing-2 << Server: Docker/20.10.11 (linux)
11:45:36.631 [Test worker] DEBUG com.github.dockerjava.zerodep.shaded.org.apache.hc.client5.http.headers - http-outgoing-2 << Transfer-Encoding: chunked
11:45:36.631 [Test worker] DEBUG com.github.dockerjava.zerodep.shaded.org.apache.hc.client5.http.impl.classic.MainClientExec - ex-0000000E: connection can be kept alive for 3 MINUTES
11:45:36.631 [Test worker] DEBUG com.github.dockerjava.zerodep.shaded.org.apache.hc.client5.http.wire - http-outgoing-2 << "1882[\r][\n]"
11:45:36.631 [Test worker] DEBUG com.github.dockerjava.zerodep.shaded.org.apache.hc.client5.http.wire - http-outgoing-2 << "{"Id":"47a7ce05e61aa72bdced5a030ca6064519c62d122a5992816f04e0e528b5b17d","Created":"2022-09-26T02:45:36.042081626Z","Path":"docker-entrypoint.sh","Args":["mysqld"],"State":{"Status":"running","Running":true,"Paused":false,"Restarting":false,"OOMKilled":false,"Dead":false,"Pid":2251,"ExitCode":0,"Error":"","StartedAt":"2022-09-26T02:45:36.388226668Z","FinishedAt":"0001-01-01T00:00:00Z"},"Image":"sha256:5e229524f286e653111cb9d028bf1ba4c3490742c8cd18c84af22538f0e68575","ResolvConfPath":"/var/lib/docker/containers/47a7ce05e61aa72bdced5a030ca6064519c62d122a5992816f04e0e528b5b17d/resolv.conf","HostnamePath":"/var/lib/docker/containers/47a7ce05e61aa72bdced5a030ca6064519c62d122a5992816f04e0e528b5b17d/hostname","HostsPath":"/var/lib/docker/containers/47a7ce05e61aa72bdced5a030ca6064519c62d122a5992816f04e0e528b5b17d/hosts","LogPath":"/var/lib/docker/containers/47a7ce05e61aa72bdced5a030ca6064519c62d122a5992816f04e0e528b5b17d/47a7ce05e61aa72bdced5a030ca6064519c62d122a5992816f04e0e528b5b17d-json.log","Name":"/crazy_chaum","RestartCount":0,"Driver":"overlay2","Platform":"linux","MountLabel":"","ProcessLabel":"","AppArmorProfile":"","ExecIDs":null,"HostConfig":{"Binds":[],"ContainerIDFile":"","LogConfig":{"Type":"json-file","Config":{}},"NetworkMode":"default","PortBindings":{"3306/tcp":[{"HostIp":"0.0.0.0","HostPort":"0"}]},"RestartPolicy":{"Name":"","MaximumRetryCount":0},"AutoRemove":false,"VolumeDriver":"","VolumesFrom":[],"CapAdd":null,"CapDrop":null,"CgroupnsMode":"private","Dns":null,"DnsOptions":null,"DnsSearch":null,"ExtraHosts":[],"GroupAdd":null,"IpcMode":"shareable","Cgroup":"","Links":null,"OomScoreAdj":0,"PidMode":"","Privileged":false,"PublishAllPorts":false,"ReadonlyRootfs":false,"SecurityOpt":null,"UTSMode":"","UsernsMode":"","ShmSize":67108864,"Runtime":"runc","ConsoleSize":[0,0],"Isolation":"","CpuShares":0,"Memory":0,"NanoCpus":0,"CgroupParent":"","BlkioWeight":0,"BlkioWeightDevice":null,"BlkioDeviceReadBps":null,"BlkioDeviceWriteBps":null,"BlkioDeviceReadIOps":null,"BlkioDeviceWriteIOps":null,"CpuPeriod":0,"CpuQuota":0,"CpuRealtimePeriod":0,"CpuRealtimeRuntime":0,"CpusetCpus":"","CpusetMems":"","Devices":null,"DeviceCgroupRules":null,"DeviceRequests":null,"KernelMemory":0,"KernelMemoryTCP":0,"MemoryReservation":0,"MemorySwap":0,"MemorySwappiness":null,"OomKillDisable":null,"PidsLimit":null,"Ulimits":null,"CpuCount":0,"CpuPercent":0,"IOMaximumIOps":0,"IOMaximumBandwidth":0,"MaskedPaths":["/proc/asound","/proc/acpi","/proc/kcore","/proc/keys","/proc/latency_stats","/proc/timer_list","/proc/timer_stats","/proc/sched_debug","/proc/scsi","/sys/firmware"],"ReadonlyPaths":["/proc/bus","/proc/fs","/proc/irq","/proc/sys","/proc/sysrq-trigger"]},"GraphDriver":{"Data":{"LowerDir":"/var/lib/docker/overlay2/45da4782eb6c4075fef21a16271836d62c4e4726b16ef4c5ea199d4e626bdb39-init/diff:/var/lib/docker/overlay2/27a623f1ab748258e017a40f339844ef533377092bad4182aa320e9399893e13/diff:/var/lib/docker/overlay2/d7c1e4de558b6bbbdc3209a51fc73295262b5271709fe659d0e2e94f626eea74/diff:/var/lib/docker/overlay2/2df554f793c3600571e2f078ad2e20025d6b2e35f3d18881ead4f70e2cc26cb8/diff:/var/lib/docker/overlay2/feb23515577245ad51a24945de1e6bab842929569da912a2b4a33a48c6c2331f/diff:/var/lib/docker/overlay2/cc2cdbce154e19d9c4f376917b6c92ebd55b0b495124ffd2c9d7e9c82b6a95f9/diff:/var/lib/docker/overlay2/968467fe01280f82d26487386f320a15000815d63000d5ec89b47acca8f77ef2/diff:/var/lib/docker/overlay2/cc59daa314bbcaec43d6cd4064c7863b4b3976b989121dcf2e32c4710281f247/diff:/var/lib/docker/overlay2/dc5d8b1cf96cfd5d96d68fbed14248edf1244c1a4669ba07b0bab7f3d782f058/diff:/var/lib/docker/overlay2/dcca184158d696706cd99e62ffa3e5c42964eb57190bef35421cdf3f83a8c130/diff:/var/lib/docker/overlay2/a7f928596da67ce59f34b0ba4cee4a3b948b94f91ad0b0b6260dc54fb9b5a048/diff:/var/lib/docker/overlay2/6ac5adbfff6202b1faa13a2a2fd92625bdda668cdac1a1d2230becbb394e569f/diff","MergedDir":"/var/lib/docker/overlay2/45da4782eb6c4075fef21a16271836d62c4e4726b16ef4c5ea199d4e626bdb39/merged","UpperDir":"/var/lib/docker/overlay2/45da4782eb6c4075fef21a16271836d62c4e4726b16ef4c5ea199d4e626bdb39/diff","WorkDir":"/var/lib/docker/overlay2/45da4782eb6c4075fef21a16271836d62c4e4726b16ef4c5ea199d4e626bdb39/work"},"Name":"overlay2"},"Mounts":[{"Type":"volume","Name":"08668a73464516d2c615e247a561222f461f2385cff5615e53cc78e96456230c","Source":"/var/lib/docker/volumes/08668a73464516d2c615e247a561222f461f2385cff5615e53cc78e96456230c/_data","Destination":"/var/lib/mysql","Driver":"local","Mode":"","RW":true,"Propagation":""}],"Config":{"Hostname":"47a7ce05e61a","Domainname":"","User":"","AttachStdin":false,"AttachStdout":false,"AttachStderr":false,"ExposedPorts":{"3306/tcp":{},"33060/tcp":{}},"Tty":false,"OpenStdin":false,"StdinOnce":false,"Env":["MYSQL_DATABASE=lotification","MYSQL_PASSWORD=1234","MYSQL_USER=admin","MYSQL_ROOT_PASSWORD=1234","PATH=/usr/local/sbin:/usr/local/bin:/usr/sbin:/usr/bin:/sbin:/bin","GOSU_VERSION=1.14","MYSQL_MAJOR=8.0","MYSQL_VERSION=8.0.30-1.el8","MYSQL_SHELL_VERSION=8.0.30-1.el8"],"Cmd":["mysqld"],"Image":"mysql:8","Volumes":{"/var/lib/mysql":{}},"WorkingDir":"","Entrypoint":["docker-entrypoint.sh"],"OnBuild":null,"Labels":{"org.testcontainers":"true","org.testcontainers.sessionId":"c5b4bded-8a7b-4309-a94c-5bb153977152"}},"NetworkSettings":{"Bridge":"","SandboxID":"c87f478ec31081a2fc02a6d53fa5addc8f61962dea8dd5c17c1c641e1a25e99b","HairpinMode":false,"LinkLocalIPv6Address":"","LinkLocalIPv6PrefixLen":0,"Ports":{"3306/tcp":[{"HostIp":"0.0.0.0","HostPort":"63346"}],"33060/tcp":null},"SandboxKey":"/var/run/docker/netns/c87f478ec310","SecondaryIPAddresses":null,"SecondaryIPv6Addresses":null,"EndpointID":"7830774c518a6ae45bc93e5b48bd99e8a609aa29230b007326fa87b5ca32567f","Gateway":"172.17.0.1","GlobalIPv6Address":"","GlobalIPv6PrefixLen":0,"IPAddress":"172.17.0.4","IPPrefixLen":16,"IPv6Gateway":"","MacAddress":"02:42:ac:11:00:04","Networks":{"bridge":{"IPAMConfig":null,"Links":null,"Aliases":null,"NetworkID":"42b943ace1ba272d06317befbba08f853c5a08f211a0bdf3660599ced98f9c17","EndpointID":"7830774c518a6ae45bc93e5b48bd99e8a609aa29230b007326fa87b5ca32567f","Gateway":"172.17.0.1","IPAddress":"172.17.0.4","IPPrefixLen":16,"IPv6Gateway":"","GlobalIPv6Address":"","GlobalIPv6PrefixLen":0,"MacAddress":"02:42:ac:11:00:04","DriverOpts":null}}}}[\n]"
11:45:36.631 [Test worker] DEBUG com.github.dockerjava.zerodep.shaded.org.apache.hc.client5.http.wire - http-outgoing-2 << "[\r][\n]"
11:45:36.632 [Test worker] DEBUG com.github.dockerjava.zerodep.shaded.org.apache.hc.client5.http.wire - http-outgoing-2 << "0[\r][\n]"
11:45:36.632 [Test worker] DEBUG com.github.dockerjava.zerodep.shaded.org.apache.hc.client5.http.wire - http-outgoing-2 << "[\r][\n]"
11:45:36.633 [Test worker] DEBUG com.github.dockerjava.zerodep.shaded.org.apache.hc.client5.http.impl.classic.InternalHttpClient - ep-0000000D: releasing valid endpoint
11:45:36.633 [Test worker] DEBUG com.github.dockerjava.zerodep.shaded.org.apache.hc.client5.http.impl.io.PoolingHttpClientConnectionManager - ep-0000000D: releasing endpoint
11:45:36.633 [Test worker] DEBUG com.github.dockerjava.zerodep.shaded.org.apache.hc.client5.http.impl.io.PoolingHttpClientConnectionManager - ep-0000000D: connection http-outgoing-2 can be kept alive for 3 MINUTES
11:45:36.633 [Test worker] DEBUG com.github.dockerjava.zerodep.shaded.org.apache.hc.client5.http.impl.io.PoolingHttpClientConnectionManager - ep-0000000D: connection released [route: {}->unix://localhost:2375][total available: 1; route allocated: 1 of 2147483647; total allocated: 1 of 2147483647]
11:45:36.633 [Test worker] DEBUG ]]>&#x1f433;<![CDATA[ [mysql:8] - Trying to create JDBC connection using com.mysql.cj.jdbc.Driver to jdbc:mysql://localhost:63346/lotification?useSSL=false&allowPublicKeyRetrieval=true with properties: {password=1234, user=admin}
11:45:36.740 [Test worker] DEBUG org.testcontainers.shaded.com.github.dockerjava.core.command.AbstrDockerCmd - Cmd: 47a7ce05e61aa72bdced5a030ca6064519c62d122a5992816f04e0e528b5b17d,false
11:45:36.741 [Test worker] DEBUG org.testcontainers.shaded.com.github.dockerjava.core.exec.InspectContainerCmdExec - GET: DefaultWebTarget{path=[/containers/47a7ce05e61aa72bdced5a030ca6064519c62d122a5992816f04e0e528b5b17d/json], queryParams={}}
11:45:36.741 [Test worker] DEBUG com.github.dockerjava.zerodep.shaded.org.apache.hc.client5.http.impl.classic.InternalHttpClient - ex-0000000F: preparing request execution
11:45:36.741 [Test worker] DEBUG com.github.dockerjava.zerodep.shaded.org.apache.hc.client5.http.protocol.RequestAddCookies - Cookie spec selected: strict
11:45:36.741 [Test worker] DEBUG com.github.dockerjava.zerodep.shaded.org.apache.hc.client5.http.protocol.RequestAuthCache - Auth cache not set in the context
11:45:36.741 [Test worker] DEBUG com.github.dockerjava.zerodep.shaded.org.apache.hc.client5.http.impl.classic.ProtocolExec - ex-0000000F: target auth state: UNCHALLENGED
11:45:36.741 [Test worker] DEBUG com.github.dockerjava.zerodep.shaded.org.apache.hc.client5.http.impl.classic.ProtocolExec - ex-0000000F: proxy auth state: UNCHALLENGED
11:45:36.741 [Test worker] DEBUG com.github.dockerjava.zerodep.shaded.org.apache.hc.client5.http.impl.classic.ConnectExec - ex-0000000F: acquiring connection with route {}->unix://localhost:2375
11:45:36.741 [Test worker] DEBUG com.github.dockerjava.zerodep.shaded.org.apache.hc.client5.http.impl.classic.InternalHttpClient - ex-0000000F: acquiring endpoint (3 MINUTES)
11:45:36.741 [Test worker] DEBUG com.github.dockerjava.zerodep.shaded.org.apache.hc.client5.http.impl.io.PoolingHttpClientConnectionManager - ex-0000000F: endpoint lease request (3 MINUTES) [route: {}->unix://localhost:2375][total available: 1; route allocated: 1 of 2147483647; total allocated: 1 of 2147483647]
11:45:36.741 [Test worker] DEBUG com.github.dockerjava.zerodep.shaded.org.apache.hc.client5.http.impl.io.PoolingHttpClientConnectionManager - ex-0000000F: endpoint leased [route: {}->unix://localhost:2375][total available: 0; route allocated: 1 of 2147483647; total allocated: 1 of 2147483647]
11:45:36.741 [Test worker] DEBUG com.github.dockerjava.zerodep.shaded.org.apache.hc.client5.http.impl.io.PoolingHttpClientConnectionManager - ex-0000000F: acquired ep-0000000E
11:45:36.741 [Test worker] DEBUG com.github.dockerjava.zerodep.shaded.org.apache.hc.client5.http.impl.classic.InternalHttpClient - ex-0000000F: acquired endpoint ep-0000000E
11:45:36.741 [Test worker] DEBUG com.github.dockerjava.zerodep.shaded.org.apache.hc.client5.http.impl.classic.MainClientExec - ex-0000000F: executing GET /v1.32/containers/47a7ce05e61aa72bdced5a030ca6064519c62d122a5992816f04e0e528b5b17d/json HTTP/1.1
11:45:36.741 [Test worker] DEBUG com.github.dockerjava.zerodep.shaded.org.apache.hc.client5.http.impl.classic.InternalHttpClient - ep-0000000E: start execution ex-0000000F
11:45:36.741 [Test worker] DEBUG com.github.dockerjava.zerodep.shaded.org.apache.hc.client5.http.impl.io.PoolingHttpClientConnectionManager - ep-0000000E: executing exchange ex-0000000F over http-outgoing-2
11:45:36.741 [Test worker] DEBUG com.github.dockerjava.zerodep.shaded.org.apache.hc.client5.http.headers - http-outgoing-2 >> GET /v1.32/containers/47a7ce05e61aa72bdced5a030ca6064519c62d122a5992816f04e0e528b5b17d/json HTTP/1.1
11:45:36.741 [Test worker] DEBUG com.github.dockerjava.zerodep.shaded.org.apache.hc.client5.http.headers - http-outgoing-2 >> accept: application/json
11:45:36.741 [Test worker] DEBUG com.github.dockerjava.zerodep.shaded.org.apache.hc.client5.http.headers - http-outgoing-2 >> x-tc-sid: c5b4bded-8a7b-4309-a94c-5bb153977152
11:45:36.741 [Test worker] DEBUG com.github.dockerjava.zerodep.shaded.org.apache.hc.client5.http.headers - http-outgoing-2 >> Accept-Encoding: gzip, x-gzip, deflate
11:45:36.741 [Test worker] DEBUG com.github.dockerjava.zerodep.shaded.org.apache.hc.client5.http.headers - http-outgoing-2 >> Host: localhost:2375
11:45:36.741 [Test worker] DEBUG com.github.dockerjava.zerodep.shaded.org.apache.hc.client5.http.headers - http-outgoing-2 >> Connection: keep-alive
11:45:36.741 [Test worker] DEBUG com.github.dockerjava.zerodep.shaded.org.apache.hc.client5.http.headers - http-outgoing-2 >> User-Agent: Apache-HttpClient/5.0.3 (Java/17.0.3)
11:45:36.741 [Test worker] DEBUG com.github.dockerjava.zerodep.shaded.org.apache.hc.client5.http.wire - http-outgoing-2 >> "GET /v1.32/containers/47a7ce05e61aa72bdced5a030ca6064519c62d122a5992816f04e0e528b5b17d/json HTTP/1.1[\r][\n]"
11:45:36.741 [Test worker] DEBUG com.github.dockerjava.zerodep.shaded.org.apache.hc.client5.http.wire - http-outgoing-2 >> "accept: application/json[\r][\n]"
11:45:36.741 [Test worker] DEBUG com.github.dockerjava.zerodep.shaded.org.apache.hc.client5.http.wire - http-outgoing-2 >> "x-tc-sid: c5b4bded-8a7b-4309-a94c-5bb153977152[\r][\n]"
11:45:36.741 [Test worker] DEBUG com.github.dockerjava.zerodep.shaded.org.apache.hc.client5.http.wire - http-outgoing-2 >> "Accept-Encoding: gzip, x-gzip, deflate[\r][\n]"
11:45:36.741 [Test worker] DEBUG com.github.dockerjava.zerodep.shaded.org.apache.hc.client5.http.wire - http-outgoing-2 >> "Host: localhost:2375[\r][\n]"
11:45:36.741 [Test worker] DEBUG com.github.dockerjava.zerodep.shaded.org.apache.hc.client5.http.wire - http-outgoing-2 >> "Connection: keep-alive[\r][\n]"
11:45:36.741 [Test worker] DEBUG com.github.dockerjava.zerodep.shaded.org.apache.hc.client5.http.wire - http-outgoing-2 >> "User-Agent: Apache-HttpClient/5.0.3 (Java/17.0.3)[\r][\n]"
11:45:36.741 [Test worker] DEBUG com.github.dockerjava.zerodep.shaded.org.apache.hc.client5.http.wire - http-outgoing-2 >> "[\r][\n]"
11:45:36.744 [Test worker] DEBUG com.github.dockerjava.zerodep.shaded.org.apache.hc.client5.http.wire - http-outgoing-2 << "HTTP/1.1 200 OK[\r][\n]"
11:45:36.744 [Test worker] DEBUG com.github.dockerjava.zerodep.shaded.org.apache.hc.client5.http.wire - http-outgoing-2 << "Api-Version: 1.41[\r][\n]"
11:45:36.744 [Test worker] DEBUG com.github.dockerjava.zerodep.shaded.org.apache.hc.client5.http.wire - http-outgoing-2 << "Content-Type: application/json[\r][\n]"
11:45:36.744 [Test worker] DEBUG com.github.dockerjava.zerodep.shaded.org.apache.hc.client5.http.wire - http-outgoing-2 << "Date: Mon, 26 Sep 2022 02:45:36 GMT[\r][\n]"
11:45:36.744 [Test worker] DEBUG com.github.dockerjava.zerodep.shaded.org.apache.hc.client5.http.wire - http-outgoing-2 << "Docker-Experimental: false[\r][\n]"
11:45:36.744 [Test worker] DEBUG com.github.dockerjava.zerodep.shaded.org.apache.hc.client5.http.wire - http-outgoing-2 << "Ostype: linux[\r][\n]"
11:45:36.744 [Test worker] DEBUG com.github.dockerjava.zerodep.shaded.org.apache.hc.client5.http.wire - http-outgoing-2 << "Server: Docker/20.10.11 (linux)[\r][\n]"
11:45:36.744 [Test worker] DEBUG com.github.dockerjava.zerodep.shaded.org.apache.hc.client5.http.wire - http-outgoing-2 << "Transfer-Encoding: chunked[\r][\n]"
11:45:36.744 [Test worker] DEBUG com.github.dockerjava.zerodep.shaded.org.apache.hc.client5.http.wire - http-outgoing-2 << "[\r][\n]"
11:45:36.744 [Test worker] DEBUG com.github.dockerjava.zerodep.shaded.org.apache.hc.client5.http.headers - http-outgoing-2 << HTTP/1.1 200 OK
11:45:36.744 [Test worker] DEBUG com.github.dockerjava.zerodep.shaded.org.apache.hc.client5.http.headers - http-outgoing-2 << Api-Version: 1.41
11:45:36.744 [Test worker] DEBUG com.github.dockerjava.zerodep.shaded.org.apache.hc.client5.http.headers - http-outgoing-2 << Content-Type: application/json
11:45:36.744 [Test worker] DEBUG com.github.dockerjava.zerodep.shaded.org.apache.hc.client5.http.headers - http-outgoing-2 << Date: Mon, 26 Sep 2022 02:45:36 GMT
11:45:36.744 [Test worker] DEBUG com.github.dockerjava.zerodep.shaded.org.apache.hc.client5.http.headers - http-outgoing-2 << Docker-Experimental: false
11:45:36.744 [Test worker] DEBUG com.github.dockerjava.zerodep.shaded.org.apache.hc.client5.http.headers - http-outgoing-2 << Ostype: linux
11:45:36.744 [Test worker] DEBUG com.github.dockerjava.zerodep.shaded.org.apache.hc.client5.http.headers - http-outgoing-2 << Server: Docker/20.10.11 (linux)
11:45:36.744 [Test worker] DEBUG com.github.dockerjava.zerodep.shaded.org.apache.hc.client5.http.headers - http-outgoing-2 << Transfer-Encoding: chunked
11:45:36.744 [Test worker] DEBUG com.github.dockerjava.zerodep.shaded.org.apache.hc.client5.http.impl.classic.MainClientExec - ex-0000000F: connection can be kept alive for 3 MINUTES
11:45:36.744 [Test worker] DEBUG com.github.dockerjava.zerodep.shaded.org.apache.hc.client5.http.wire - http-outgoing-2 << "1882[\r][\n]"
11:45:36.745 [Test worker] DEBUG com.github.dockerjava.zerodep.shaded.org.apache.hc.client5.http.wire - http-outgoing-2 << "{"Id":"47a7ce05e61aa72bdced5a030ca6064519c62d122a5992816f04e0e528b5b17d","Created":"2022-09-26T02:45:36.042081626Z","Path":"docker-entrypoint.sh","Args":["mysqld"],"State":{"Status":"running","Running":true,"Paused":false,"Restarting":false,"OOMKilled":false,"Dead":false,"Pid":2251,"ExitCode":0,"Error":"","StartedAt":"2022-09-26T02:45:36.388226668Z","FinishedAt":"0001-01-01T00:00:00Z"},"Image":"sha256:5e229524f286e653111cb9d028bf1ba4c3490742c8cd18c84af22538f0e68575","ResolvConfPath":"/var/lib/docker/containers/47a7ce05e61aa72bdced5a030ca6064519c62d122a5992816f04e0e528b5b17d/resolv.conf","HostnamePath":"/var/lib/docker/containers/47a7ce05e61aa72bdced5a030ca6064519c62d122a5992816f04e0e528b5b17d/hostname","HostsPath":"/var/lib/docker/containers/47a7ce05e61aa72bdced5a030ca6064519c62d122a5992816f04e0e528b5b17d/hosts","LogPath":"/var/lib/docker/containers/47a7ce05e61aa72bdced5a030ca6064519c62d122a5992816f04e0e528b5b17d/47a7ce05e61aa72bdced5a030ca6064519c62d122a5992816f04e0e528b5b17d-json.log","Name":"/crazy_chaum","RestartCount":0,"Driver":"overlay2","Platform":"linux","MountLabel":"","ProcessLabel":"","AppArmorProfile":"","ExecIDs":null,"HostConfig":{"Binds":[],"ContainerIDFile":"","LogConfig":{"Type":"json-file","Config":{}},"NetworkMode":"default","PortBindings":{"3306/tcp":[{"HostIp":"0.0.0.0","HostPort":"0"}]},"RestartPolicy":{"Name":"","MaximumRetryCount":0},"AutoRemove":false,"VolumeDriver":"","VolumesFrom":[],"CapAdd":null,"CapDrop":null,"CgroupnsMode":"private","Dns":null,"DnsOptions":null,"DnsSearch":null,"ExtraHosts":[],"GroupAdd":null,"IpcMode":"shareable","Cgroup":"","Links":null,"OomScoreAdj":0,"PidMode":"","Privileged":false,"PublishAllPorts":false,"ReadonlyRootfs":false,"SecurityOpt":null,"UTSMode":"","UsernsMode":"","ShmSize":67108864,"Runtime":"runc","ConsoleSize":[0,0],"Isolation":"","CpuShares":0,"Memory":0,"NanoCpus":0,"CgroupParent":"","BlkioWeight":0,"BlkioWeightDevice":null,"BlkioDeviceReadBps":null,"BlkioDeviceWriteBps":null,"BlkioDeviceReadIOps":null,"BlkioDeviceWriteIOps":null,"CpuPeriod":0,"CpuQuota":0,"CpuRealtimePeriod":0,"CpuRealtimeRuntime":0,"CpusetCpus":"","CpusetMems":"","Devices":null,"DeviceCgroupRules":null,"DeviceRequests":null,"KernelMemory":0,"KernelMemoryTCP":0,"MemoryReservation":0,"MemorySwap":0,"MemorySwappiness":null,"OomKillDisable":null,"PidsLimit":null,"Ulimits":null,"CpuCount":0,"CpuPercent":0,"IOMaximumIOps":0,"IOMaximumBandwidth":0,"MaskedPaths":["/proc/asound","/proc/acpi","/proc/kcore","/proc/keys","/proc/latency_stats","/proc/timer_list","/proc/timer_stats","/proc/sched_debug","/proc/scsi","/sys/firmware"],"ReadonlyPaths":["/proc/bus","/proc/fs","/proc/irq","/proc/sys","/proc/sysrq-trigger"]},"GraphDriver":{"Data":{"LowerDir":"/var/lib/docker/overlay2/45da4782eb6c4075fef21a16271836d62c4e4726b16ef4c5ea199d4e626bdb39-init/diff:/var/lib/docker/overlay2/27a623f1ab748258e017a40f339844ef533377092bad4182aa320e9399893e13/diff:/var/lib/docker/overlay2/d7c1e4de558b6bbbdc3209a51fc73295262b5271709fe659d0e2e94f626eea74/diff:/var/lib/docker/overlay2/2df554f793c3600571e2f078ad2e20025d6b2e35f3d18881ead4f70e2cc26cb8/diff:/var/lib/docker/overlay2/feb23515577245ad51a24945de1e6bab842929569da912a2b4a33a48c6c2331f/diff:/var/lib/docker/overlay2/cc2cdbce154e19d9c4f376917b6c92ebd55b0b495124ffd2c9d7e9c82b6a95f9/diff:/var/lib/docker/overlay2/968467fe01280f82d26487386f320a15000815d63000d5ec89b47acca8f77ef2/diff:/var/lib/docker/overlay2/cc59daa314bbcaec43d6cd4064c7863b4b3976b989121dcf2e32c4710281f247/diff:/var/lib/docker/overlay2/dc5d8b1cf96cfd5d96d68fbed14248edf1244c1a4669ba07b0bab7f3d782f058/diff:/var/lib/docker/overlay2/dcca184158d696706cd99e62ffa3e5c42964eb57190bef35421cdf3f83a8c130/diff:/var/lib/docker/overlay2/a7f928596da67ce59f34b0ba4cee4a3b948b94f91ad0b0b6260dc54fb9b5a048/diff:/var/lib/docker/overlay2/6ac5adbfff6202b1faa13a2a2fd92625bdda668cdac1a1d2230becbb394e569f/diff","MergedDir":"/var/lib/docker/overlay2/45da4782eb6c4075fef21a16271836d62c4e4726b16ef4c5ea199d4e626bdb39/merged","UpperDir":"/var/lib/docker/overlay2/45da4782eb6c4075fef21a16271836d62c4e4726b16ef4c5ea199d4e626bdb39/diff","WorkDir":"/var/lib/docker/overlay2/45da4782eb6c4075fef21a16271836d62c4e4726b16ef4c5ea199d4e626bdb39/work"},"Name":"overlay2"},"Mounts":[{"Type":"volume","Name":"08668a73464516d2c615e247a561222f461f2385cff5615e53cc78e96456230c","Source":"/var/lib/docker/volumes/08668a73464516d2c615e247a561222f461f2385cff5615e53cc78e96456230c/_data","Destination":"/var/lib/mysql","Driver":"local","Mode":"","RW":true,"Propagation":""}],"Config":{"Hostname":"47a7ce05e61a","Domainname":"","User":"","AttachStdin":false,"AttachStdout":false,"AttachStderr":false,"ExposedPorts":{"3306/tcp":{},"33060/tcp":{}},"Tty":false,"OpenStdin":false,"StdinOnce":false,"Env":["MYSQL_DATABASE=lotification","MYSQL_PASSWORD=1234","MYSQL_USER=admin","MYSQL_ROOT_PASSWORD=1234","PATH=/usr/local/sbin:/usr/local/bin:/usr/sbin:/usr/bin:/sbin:/bin","GOSU_VERSION=1.14","MYSQL_MAJOR=8.0","MYSQL_VERSION=8.0.30-1.el8","MYSQL_SHELL_VERSION=8.0.30-1.el8"],"Cmd":["mysqld"],"Image":"mysql:8","Volumes":{"/var/lib/mysql":{}},"WorkingDir":"","Entrypoint":["docker-entrypoint.sh"],"OnBuild":null,"Labels":{"org.testcontainers":"true","org.testcontainers.sessionId":"c5b4bded-8a7b-4309-a94c-5bb153977152"}},"NetworkSettings":{"Bridge":"","SandboxID":"c87f478ec31081a2fc02a6d53fa5addc8f61962dea8dd5c17c1c641e1a25e99b","HairpinMode":false,"LinkLocalIPv6Address":"","LinkLocalIPv6PrefixLen":0,"Ports":{"3306/tcp":[{"HostIp":"0.0.0.0","HostPort":"63346"}],"33060/tcp":null},"SandboxKey":"/var/run/docker/netns/c87f478ec310","SecondaryIPAddresses":null,"SecondaryIPv6Addresses":null,"EndpointID":"7830774c518a6ae45bc93e5b48bd99e8a609aa29230b007326fa87b5ca32567f","Gateway":"172.17.0.1","GlobalIPv6Address":"","GlobalIPv6PrefixLen":0,"IPAddress":"172.17.0.4","IPPrefixLen":16,"IPv6Gateway":"","MacAddress":"02:42:ac:11:00:04","Networks":{"bridge":{"IPAMConfig":null,"Links":null,"Aliases":null,"NetworkID":"42b943ace1ba272d06317befbba08f853c5a08f211a0bdf3660599ced98f9c17","EndpointID":"7830774c518a6ae45bc93e5b48bd99e8a609aa29230b007326fa87b5ca32567f","Gateway":"172.17.0.1","IPAddress":"172.17.0.4","IPPrefixLen":16,"IPv6Gateway":"","GlobalIPv6Address":"","GlobalIPv6PrefixLen":0,"MacAddress":"02:42:ac:11:00:04","DriverOpts":null}}}}[\n]"
11:45:36.745 [Test worker] DEBUG com.github.dockerjava.zerodep.shaded.org.apache.hc.client5.http.wire - http-outgoing-2 << "[\r][\n]"
11:45:36.745 [Test worker] DEBUG com.github.dockerjava.zerodep.shaded.org.apache.hc.client5.http.wire - http-outgoing-2 << "0[\r][\n]"
11:45:36.746 [Test worker] DEBUG com.github.dockerjava.zerodep.shaded.org.apache.hc.client5.http.wire - http-outgoing-2 << "[\r][\n]"
11:45:36.746 [Test worker] DEBUG com.github.dockerjava.zerodep.shaded.org.apache.hc.client5.http.impl.classic.InternalHttpClient - ep-0000000E: releasing valid endpoint
11:45:36.746 [Test worker] DEBUG com.github.dockerjava.zerodep.shaded.org.apache.hc.client5.http.impl.io.PoolingHttpClientConnectionManager - ep-0000000E: releasing endpoint
11:45:36.746 [Test worker] DEBUG com.github.dockerjava.zerodep.shaded.org.apache.hc.client5.http.impl.io.PoolingHttpClientConnectionManager - ep-0000000E: connection http-outgoing-2 can be kept alive for 3 MINUTES
11:45:36.746 [Test worker] DEBUG com.github.dockerjava.zerodep.shaded.org.apache.hc.client5.http.impl.io.PoolingHttpClientConnectionManager - ep-0000000E: connection released [route: {}->unix://localhost:2375][total available: 1; route allocated: 1 of 2147483647; total allocated: 1 of 2147483647]
11:45:36.746 [Test worker] DEBUG ]]>&#x1f433;<![CDATA[ [mysql:8] - Trying to create JDBC connection using com.mysql.cj.jdbc.Driver to jdbc:mysql://localhost:63346/lotification?useSSL=false&allowPublicKeyRetrieval=true with properties: {password=1234, user=admin}
11:45:36.853 [Test worker] DEBUG org.testcontainers.shaded.com.github.dockerjava.core.command.AbstrDockerCmd - Cmd: 47a7ce05e61aa72bdced5a030ca6064519c62d122a5992816f04e0e528b5b17d,false
11:45:36.854 [Test worker] DEBUG org.testcontainers.shaded.com.github.dockerjava.core.exec.InspectContainerCmdExec - GET: DefaultWebTarget{path=[/containers/47a7ce05e61aa72bdced5a030ca6064519c62d122a5992816f04e0e528b5b17d/json], queryParams={}}
11:45:36.854 [Test worker] DEBUG com.github.dockerjava.zerodep.shaded.org.apache.hc.client5.http.impl.classic.InternalHttpClient - ex-00000010: preparing request execution
11:45:36.854 [Test worker] DEBUG com.github.dockerjava.zerodep.shaded.org.apache.hc.client5.http.protocol.RequestAddCookies - Cookie spec selected: strict
11:45:36.854 [Test worker] DEBUG com.github.dockerjava.zerodep.shaded.org.apache.hc.client5.http.protocol.RequestAuthCache - Auth cache not set in the context
11:45:36.854 [Test worker] DEBUG com.github.dockerjava.zerodep.shaded.org.apache.hc.client5.http.impl.classic.ProtocolExec - ex-00000010: target auth state: UNCHALLENGED
11:45:36.854 [Test worker] DEBUG com.github.dockerjava.zerodep.shaded.org.apache.hc.client5.http.impl.classic.ProtocolExec - ex-00000010: proxy auth state: UNCHALLENGED
11:45:36.854 [Test worker] DEBUG com.github.dockerjava.zerodep.shaded.org.apache.hc.client5.http.impl.classic.ConnectExec - ex-00000010: acquiring connection with route {}->unix://localhost:2375
11:45:36.854 [Test worker] DEBUG com.github.dockerjava.zerodep.shaded.org.apache.hc.client5.http.impl.classic.InternalHttpClient - ex-00000010: acquiring endpoint (3 MINUTES)
11:45:36.854 [Test worker] DEBUG com.github.dockerjava.zerodep.shaded.org.apache.hc.client5.http.impl.io.PoolingHttpClientConnectionManager - ex-00000010: endpoint lease request (3 MINUTES) [route: {}->unix://localhost:2375][total available: 1; route allocated: 1 of 2147483647; total allocated: 1 of 2147483647]
11:45:36.854 [Test worker] DEBUG com.github.dockerjava.zerodep.shaded.org.apache.hc.client5.http.impl.io.PoolingHttpClientConnectionManager - ex-00000010: endpoint leased [route: {}->unix://localhost:2375][total available: 0; route allocated: 1 of 2147483647; total allocated: 1 of 2147483647]
11:45:36.854 [Test worker] DEBUG com.github.dockerjava.zerodep.shaded.org.apache.hc.client5.http.impl.io.PoolingHttpClientConnectionManager - ex-00000010: acquired ep-0000000F
11:45:36.854 [Test worker] DEBUG com.github.dockerjava.zerodep.shaded.org.apache.hc.client5.http.impl.classic.InternalHttpClient - ex-00000010: acquired endpoint ep-0000000F
11:45:36.854 [Test worker] DEBUG com.github.dockerjava.zerodep.shaded.org.apache.hc.client5.http.impl.classic.MainClientExec - ex-00000010: executing GET /v1.32/containers/47a7ce05e61aa72bdced5a030ca6064519c62d122a5992816f04e0e528b5b17d/json HTTP/1.1
11:45:36.854 [Test worker] DEBUG com.github.dockerjava.zerodep.shaded.org.apache.hc.client5.http.impl.classic.InternalHttpClient - ep-0000000F: start execution ex-00000010
11:45:36.854 [Test worker] DEBUG com.github.dockerjava.zerodep.shaded.org.apache.hc.client5.http.impl.io.PoolingHttpClientConnectionManager - ep-0000000F: executing exchange ex-00000010 over http-outgoing-2
11:45:36.854 [Test worker] DEBUG com.github.dockerjava.zerodep.shaded.org.apache.hc.client5.http.headers - http-outgoing-2 >> GET /v1.32/containers/47a7ce05e61aa72bdced5a030ca6064519c62d122a5992816f04e0e528b5b17d/json HTTP/1.1
11:45:36.854 [Test worker] DEBUG com.github.dockerjava.zerodep.shaded.org.apache.hc.client5.http.headers - http-outgoing-2 >> accept: application/json
11:45:36.854 [Test worker] DEBUG com.github.dockerjava.zerodep.shaded.org.apache.hc.client5.http.headers - http-outgoing-2 >> x-tc-sid: c5b4bded-8a7b-4309-a94c-5bb153977152
11:45:36.854 [Test worker] DEBUG com.github.dockerjava.zerodep.shaded.org.apache.hc.client5.http.headers - http-outgoing-2 >> Accept-Encoding: gzip, x-gzip, deflate
11:45:36.854 [Test worker] DEBUG com.github.dockerjava.zerodep.shaded.org.apache.hc.client5.http.headers - http-outgoing-2 >> Host: localhost:2375
11:45:36.854 [Test worker] DEBUG com.github.dockerjava.zerodep.shaded.org.apache.hc.client5.http.headers - http-outgoing-2 >> Connection: keep-alive
11:45:36.854 [Test worker] DEBUG com.github.dockerjava.zerodep.shaded.org.apache.hc.client5.http.headers - http-outgoing-2 >> User-Agent: Apache-HttpClient/5.0.3 (Java/17.0.3)
11:45:36.854 [Test worker] DEBUG com.github.dockerjava.zerodep.shaded.org.apache.hc.client5.http.wire - http-outgoing-2 >> "GET /v1.32/containers/47a7ce05e61aa72bdced5a030ca6064519c62d122a5992816f04e0e528b5b17d/json HTTP/1.1[\r][\n]"
11:45:36.854 [Test worker] DEBUG com.github.dockerjava.zerodep.shaded.org.apache.hc.client5.http.wire - http-outgoing-2 >> "accept: application/json[\r][\n]"
11:45:36.854 [Test worker] DEBUG com.github.dockerjava.zerodep.shaded.org.apache.hc.client5.http.wire - http-outgoing-2 >> "x-tc-sid: c5b4bded-8a7b-4309-a94c-5bb153977152[\r][\n]"
11:45:36.854 [Test worker] DEBUG com.github.dockerjava.zerodep.shaded.org.apache.hc.client5.http.wire - http-outgoing-2 >> "Accept-Encoding: gzip, x-gzip, deflate[\r][\n]"
11:45:36.854 [Test worker] DEBUG com.github.dockerjava.zerodep.shaded.org.apache.hc.client5.http.wire - http-outgoing-2 >> "Host: localhost:2375[\r][\n]"
11:45:36.854 [Test worker] DEBUG com.github.dockerjava.zerodep.shaded.org.apache.hc.client5.http.wire - http-outgoing-2 >> "Connection: keep-alive[\r][\n]"
11:45:36.854 [Test worker] DEBUG com.github.dockerjava.zerodep.shaded.org.apache.hc.client5.http.wire - http-outgoing-2 >> "User-Agent: Apache-HttpClient/5.0.3 (Java/17.0.3)[\r][\n]"
11:45:36.854 [Test worker] DEBUG com.github.dockerjava.zerodep.shaded.org.apache.hc.client5.http.wire - http-outgoing-2 >> "[\r][\n]"
11:45:36.857 [Test worker] DEBUG com.github.dockerjava.zerodep.shaded.org.apache.hc.client5.http.wire - http-outgoing-2 << "HTTP/1.1 200 OK[\r][\n]"
11:45:36.857 [Test worker] DEBUG com.github.dockerjava.zerodep.shaded.org.apache.hc.client5.http.wire - http-outgoing-2 << "Api-Version: 1.41[\r][\n]"
11:45:36.857 [Test worker] DEBUG com.github.dockerjava.zerodep.shaded.org.apache.hc.client5.http.wire - http-outgoing-2 << "Content-Type: application/json[\r][\n]"
11:45:36.857 [Test worker] DEBUG com.github.dockerjava.zerodep.shaded.org.apache.hc.client5.http.wire - http-outgoing-2 << "Date: Mon, 26 Sep 2022 02:45:36 GMT[\r][\n]"
11:45:36.857 [Test worker] DEBUG com.github.dockerjava.zerodep.shaded.org.apache.hc.client5.http.wire - http-outgoing-2 << "Docker-Experimental: false[\r][\n]"
11:45:36.857 [Test worker] DEBUG com.github.dockerjava.zerodep.shaded.org.apache.hc.client5.http.wire - http-outgoing-2 << "Ostype: linux[\r][\n]"
11:45:36.857 [Test worker] DEBUG com.github.dockerjava.zerodep.shaded.org.apache.hc.client5.http.wire - http-outgoing-2 << "Server: Docker/20.10.11 (linux)[\r][\n]"
11:45:36.857 [Test worker] DEBUG com.github.dockerjava.zerodep.shaded.org.apache.hc.client5.http.wire - http-outgoing-2 << "Transfer-Encoding: chunked[\r][\n]"
11:45:36.857 [Test worker] DEBUG com.github.dockerjava.zerodep.shaded.org.apache.hc.client5.http.wire - http-outgoing-2 << "[\r][\n]"
11:45:36.857 [Test worker] DEBUG com.github.dockerjava.zerodep.shaded.org.apache.hc.client5.http.headers - http-outgoing-2 << HTTP/1.1 200 OK
11:45:36.857 [Test worker] DEBUG com.github.dockerjava.zerodep.shaded.org.apache.hc.client5.http.headers - http-outgoing-2 << Api-Version: 1.41
11:45:36.857 [Test worker] DEBUG com.github.dockerjava.zerodep.shaded.org.apache.hc.client5.http.headers - http-outgoing-2 << Content-Type: application/json
11:45:36.857 [Test worker] DEBUG com.github.dockerjava.zerodep.shaded.org.apache.hc.client5.http.headers - http-outgoing-2 << Date: Mon, 26 Sep 2022 02:45:36 GMT
11:45:36.857 [Test worker] DEBUG com.github.dockerjava.zerodep.shaded.org.apache.hc.client5.http.headers - http-outgoing-2 << Docker-Experimental: false
11:45:36.857 [Test worker] DEBUG com.github.dockerjava.zerodep.shaded.org.apache.hc.client5.http.headers - http-outgoing-2 << Ostype: linux
11:45:36.857 [Test worker] DEBUG com.github.dockerjava.zerodep.shaded.org.apache.hc.client5.http.headers - http-outgoing-2 << Server: Docker/20.10.11 (linux)
11:45:36.857 [Test worker] DEBUG com.github.dockerjava.zerodep.shaded.org.apache.hc.client5.http.headers - http-outgoing-2 << Transfer-Encoding: chunked
11:45:36.857 [Test worker] DEBUG com.github.dockerjava.zerodep.shaded.org.apache.hc.client5.http.impl.classic.MainClientExec - ex-00000010: connection can be kept alive for 3 MINUTES
11:45:36.858 [Test worker] DEBUG com.github.dockerjava.zerodep.shaded.org.apache.hc.client5.http.wire - http-outgoing-2 << "1882[\r][\n]"
11:45:36.858 [Test worker] DEBUG com.github.dockerjava.zerodep.shaded.org.apache.hc.client5.http.wire - http-outgoing-2 << "{"Id":"47a7ce05e61aa72bdced5a030ca6064519c62d122a5992816f04e0e528b5b17d","Created":"2022-09-26T02:45:36.042081626Z","Path":"docker-entrypoint.sh","Args":["mysqld"],"State":{"Status":"running","Running":true,"Paused":false,"Restarting":false,"OOMKilled":false,"Dead":false,"Pid":2251,"ExitCode":0,"Error":"","StartedAt":"2022-09-26T02:45:36.388226668Z","FinishedAt":"0001-01-01T00:00:00Z"},"Image":"sha256:5e229524f286e653111cb9d028bf1ba4c3490742c8cd18c84af22538f0e68575","ResolvConfPath":"/var/lib/docker/containers/47a7ce05e61aa72bdced5a030ca6064519c62d122a5992816f04e0e528b5b17d/resolv.conf","HostnamePath":"/var/lib/docker/containers/47a7ce05e61aa72bdced5a030ca6064519c62d122a5992816f04e0e528b5b17d/hostname","HostsPath":"/var/lib/docker/containers/47a7ce05e61aa72bdced5a030ca6064519c62d122a5992816f04e0e528b5b17d/hosts","LogPath":"/var/lib/docker/containers/47a7ce05e61aa72bdced5a030ca6064519c62d122a5992816f04e0e528b5b17d/47a7ce05e61aa72bdced5a030ca6064519c62d122a5992816f04e0e528b5b17d-json.log","Name":"/crazy_chaum","RestartCount":0,"Driver":"overlay2","Platform":"linux","MountLabel":"","ProcessLabel":"","AppArmorProfile":"","ExecIDs":null,"HostConfig":{"Binds":[],"ContainerIDFile":"","LogConfig":{"Type":"json-file","Config":{}},"NetworkMode":"default","PortBindings":{"3306/tcp":[{"HostIp":"0.0.0.0","HostPort":"0"}]},"RestartPolicy":{"Name":"","MaximumRetryCount":0},"AutoRemove":false,"VolumeDriver":"","VolumesFrom":[],"CapAdd":null,"CapDrop":null,"CgroupnsMode":"private","Dns":null,"DnsOptions":null,"DnsSearch":null,"ExtraHosts":[],"GroupAdd":null,"IpcMode":"shareable","Cgroup":"","Links":null,"OomScoreAdj":0,"PidMode":"","Privileged":false,"PublishAllPorts":false,"ReadonlyRootfs":false,"SecurityOpt":null,"UTSMode":"","UsernsMode":"","ShmSize":67108864,"Runtime":"runc","ConsoleSize":[0,0],"Isolation":"","CpuShares":0,"Memory":0,"NanoCpus":0,"CgroupParent":"","BlkioWeight":0,"BlkioWeightDevice":null,"BlkioDeviceReadBps":null,"BlkioDeviceWriteBps":null,"BlkioDeviceReadIOps":null,"BlkioDeviceWriteIOps":null,"CpuPeriod":0,"CpuQuota":0,"CpuRealtimePeriod":0,"CpuRealtimeRuntime":0,"CpusetCpus":"","CpusetMems":"","Devices":null,"DeviceCgroupRules":null,"DeviceRequests":null,"KernelMemory":0,"KernelMemoryTCP":0,"MemoryReservation":0,"MemorySwap":0,"MemorySwappiness":null,"OomKillDisable":null,"PidsLimit":null,"Ulimits":null,"CpuCount":0,"CpuPercent":0,"IOMaximumIOps":0,"IOMaximumBandwidth":0,"MaskedPaths":["/proc/asound","/proc/acpi","/proc/kcore","/proc/keys","/proc/latency_stats","/proc/timer_list","/proc/timer_stats","/proc/sched_debug","/proc/scsi","/sys/firmware"],"ReadonlyPaths":["/proc/bus","/proc/fs","/proc/irq","/proc/sys","/proc/sysrq-trigger"]},"GraphDriver":{"Data":{"LowerDir":"/var/lib/docker/overlay2/45da4782eb6c4075fef21a16271836d62c4e4726b16ef4c5ea199d4e626bdb39-init/diff:/var/lib/docker/overlay2/27a623f1ab748258e017a40f339844ef533377092bad4182aa320e9399893e13/diff:/var/lib/docker/overlay2/d7c1e4de558b6bbbdc3209a51fc73295262b5271709fe659d0e2e94f626eea74/diff:/var/lib/docker/overlay2/2df554f793c3600571e2f078ad2e20025d6b2e35f3d18881ead4f70e2cc26cb8/diff:/var/lib/docker/overlay2/feb23515577245ad51a24945de1e6bab842929569da912a2b4a33a48c6c2331f/diff:/var/lib/docker/overlay2/cc2cdbce154e19d9c4f376917b6c92ebd55b0b495124ffd2c9d7e9c82b6a95f9/diff:/var/lib/docker/overlay2/968467fe01280f82d26487386f320a15000815d63000d5ec89b47acca8f77ef2/diff:/var/lib/docker/overlay2/cc59daa314bbcaec43d6cd4064c7863b4b3976b989121dcf2e32c4710281f247/diff:/var/lib/docker/overlay2/dc5d8b1cf96cfd5d96d68fbed14248edf1244c1a4669ba07b0bab7f3d782f058/diff:/var/lib/docker/overlay2/dcca184158d696706cd99e62ffa3e5c42964eb57190bef35421cdf3f83a8c130/diff:/var/lib/docker/overlay2/a7f928596da67ce59f34b0ba4cee4a3b948b94f91ad0b0b6260dc54fb9b5a048/diff:/var/lib/docker/overlay2/6ac5adbfff6202b1faa13a2a2fd92625bdda668cdac1a1d2230becbb394e569f/diff","MergedDir":"/var/lib/docker/overlay2/45da4782eb6c4075fef21a16271836d62c4e4726b16ef4c5ea199d4e626bdb39/merged","UpperDir":"/var/lib/docker/overlay2/45da4782eb6c4075fef21a16271836d62c4e4726b16ef4c5ea199d4e626bdb39/diff","WorkDir":"/var/lib/docker/overlay2/45da4782eb6c4075fef21a16271836d62c4e4726b16ef4c5ea199d4e626bdb39/work"},"Name":"overlay2"},"Mounts":[{"Type":"volume","Name":"08668a73464516d2c615e247a561222f461f2385cff5615e53cc78e96456230c","Source":"/var/lib/docker/volumes/08668a73464516d2c615e247a561222f461f2385cff5615e53cc78e96456230c/_data","Destination":"/var/lib/mysql","Driver":"local","Mode":"","RW":true,"Propagation":""}],"Config":{"Hostname":"47a7ce05e61a","Domainname":"","User":"","AttachStdin":false,"AttachStdout":false,"AttachStderr":false,"ExposedPorts":{"3306/tcp":{},"33060/tcp":{}},"Tty":false,"OpenStdin":false,"StdinOnce":false,"Env":["MYSQL_DATABASE=lotification","MYSQL_PASSWORD=1234","MYSQL_USER=admin","MYSQL_ROOT_PASSWORD=1234","PATH=/usr/local/sbin:/usr/local/bin:/usr/sbin:/usr/bin:/sbin:/bin","GOSU_VERSION=1.14","MYSQL_MAJOR=8.0","MYSQL_VERSION=8.0.30-1.el8","MYSQL_SHELL_VERSION=8.0.30-1.el8"],"Cmd":["mysqld"],"Image":"mysql:8","Volumes":{"/var/lib/mysql":{}},"WorkingDir":"","Entrypoint":["docker-entrypoint.sh"],"OnBuild":null,"Labels":{"org.testcontainers":"true","org.testcontainers.sessionId":"c5b4bded-8a7b-4309-a94c-5bb153977152"}},"NetworkSettings":{"Bridge":"","SandboxID":"c87f478ec31081a2fc02a6d53fa5addc8f61962dea8dd5c17c1c641e1a25e99b","HairpinMode":false,"LinkLocalIPv6Address":"","LinkLocalIPv6PrefixLen":0,"Ports":{"3306/tcp":[{"HostIp":"0.0.0.0","HostPort":"63346"}],"33060/tcp":null},"SandboxKey":"/var/run/docker/netns/c87f478ec310","SecondaryIPAddresses":null,"SecondaryIPv6Addresses":null,"EndpointID":"7830774c518a6ae45bc93e5b48bd99e8a609aa29230b007326fa87b5ca32567f","Gateway":"172.17.0.1","GlobalIPv6Address":"","GlobalIPv6PrefixLen":0,"IPAddress":"172.17.0.4","IPPrefixLen":16,"IPv6Gateway":"","MacAddress":"02:42:ac:11:00:04","Networks":{"bridge":{"IPAMConfig":null,"Links":null,"Aliases":null,"NetworkID":"42b943ace1ba272d06317befbba08f853c5a08f211a0bdf3660599ced98f9c17","EndpointID":"7830774c518a6ae45bc93e5b48bd99e8a609aa29230b007326fa87b5ca32567f","Gateway":"172.17.0.1","IPAddress":"172.17.0.4","IPPrefixLen":16,"IPv6Gateway":"","GlobalIPv6Address":"","GlobalIPv6PrefixLen":0,"MacAddress":"02:42:ac:11:00:04","DriverOpts":null}}}}[\n]"
11:45:36.858 [Test worker] DEBUG com.github.dockerjava.zerodep.shaded.org.apache.hc.client5.http.wire - http-outgoing-2 << "[\r][\n]"
11:45:36.859 [Test worker] DEBUG com.github.dockerjava.zerodep.shaded.org.apache.hc.client5.http.wire - http-outgoing-2 << "0[\r][\n]"
11:45:36.859 [Test worker] DEBUG com.github.dockerjava.zerodep.shaded.org.apache.hc.client5.http.wire - http-outgoing-2 << "[\r][\n]"
11:45:36.859 [Test worker] DEBUG com.github.dockerjava.zerodep.shaded.org.apache.hc.client5.http.impl.classic.InternalHttpClient - ep-0000000F: releasing valid endpoint
11:45:36.859 [Test worker] DEBUG com.github.dockerjava.zerodep.shaded.org.apache.hc.client5.http.impl.io.PoolingHttpClientConnectionManager - ep-0000000F: releasing endpoint
11:45:36.859 [Test worker] DEBUG com.github.dockerjava.zerodep.shaded.org.apache.hc.client5.http.impl.io.PoolingHttpClientConnectionManager - ep-0000000F: connection http-outgoing-2 can be kept alive for 3 MINUTES
11:45:36.859 [Test worker] DEBUG com.github.dockerjava.zerodep.shaded.org.apache.hc.client5.http.impl.io.PoolingHttpClientConnectionManager - ep-0000000F: connection released [route: {}->unix://localhost:2375][total available: 1; route allocated: 1 of 2147483647; total allocated: 1 of 2147483647]
11:45:36.859 [Test worker] DEBUG ]]>&#x1f433;<![CDATA[ [mysql:8] - Trying to create JDBC connection using com.mysql.cj.jdbc.Driver to jdbc:mysql://localhost:63346/lotification?useSSL=false&allowPublicKeyRetrieval=true with properties: {password=1234, user=admin}
11:45:36.966 [Test worker] DEBUG org.testcontainers.shaded.com.github.dockerjava.core.command.AbstrDockerCmd - Cmd: 47a7ce05e61aa72bdced5a030ca6064519c62d122a5992816f04e0e528b5b17d,false
11:45:36.966 [Test worker] DEBUG org.testcontainers.shaded.com.github.dockerjava.core.exec.InspectContainerCmdExec - GET: DefaultWebTarget{path=[/containers/47a7ce05e61aa72bdced5a030ca6064519c62d122a5992816f04e0e528b5b17d/json], queryParams={}}
11:45:36.967 [Test worker] DEBUG com.github.dockerjava.zerodep.shaded.org.apache.hc.client5.http.impl.classic.InternalHttpClient - ex-00000011: preparing request execution
11:45:36.967 [Test worker] DEBUG com.github.dockerjava.zerodep.shaded.org.apache.hc.client5.http.protocol.RequestAddCookies - Cookie spec selected: strict
11:45:36.967 [Test worker] DEBUG com.github.dockerjava.zerodep.shaded.org.apache.hc.client5.http.protocol.RequestAuthCache - Auth cache not set in the context
11:45:36.967 [Test worker] DEBUG com.github.dockerjava.zerodep.shaded.org.apache.hc.client5.http.impl.classic.ProtocolExec - ex-00000011: target auth state: UNCHALLENGED
11:45:36.967 [Test worker] DEBUG com.github.dockerjava.zerodep.shaded.org.apache.hc.client5.http.impl.classic.ProtocolExec - ex-00000011: proxy auth state: UNCHALLENGED
11:45:36.967 [Test worker] DEBUG com.github.dockerjava.zerodep.shaded.org.apache.hc.client5.http.impl.classic.ConnectExec - ex-00000011: acquiring connection with route {}->unix://localhost:2375
11:45:36.967 [Test worker] DEBUG com.github.dockerjava.zerodep.shaded.org.apache.hc.client5.http.impl.classic.InternalHttpClient - ex-00000011: acquiring endpoint (3 MINUTES)
11:45:36.967 [Test worker] DEBUG com.github.dockerjava.zerodep.shaded.org.apache.hc.client5.http.impl.io.PoolingHttpClientConnectionManager - ex-00000011: endpoint lease request (3 MINUTES) [route: {}->unix://localhost:2375][total available: 1; route allocated: 1 of 2147483647; total allocated: 1 of 2147483647]
11:45:36.967 [Test worker] DEBUG com.github.dockerjava.zerodep.shaded.org.apache.hc.client5.http.impl.io.PoolingHttpClientConnectionManager - ex-00000011: endpoint leased [route: {}->unix://localhost:2375][total available: 0; route allocated: 1 of 2147483647; total allocated: 1 of 2147483647]
11:45:36.967 [Test worker] DEBUG com.github.dockerjava.zerodep.shaded.org.apache.hc.client5.http.impl.io.PoolingHttpClientConnectionManager - ex-00000011: acquired ep-00000010
11:45:36.967 [Test worker] DEBUG com.github.dockerjava.zerodep.shaded.org.apache.hc.client5.http.impl.classic.InternalHttpClient - ex-00000011: acquired endpoint ep-00000010
11:45:36.967 [Test worker] DEBUG com.github.dockerjava.zerodep.shaded.org.apache.hc.client5.http.impl.classic.MainClientExec - ex-00000011: executing GET /v1.32/containers/47a7ce05e61aa72bdced5a030ca6064519c62d122a5992816f04e0e528b5b17d/json HTTP/1.1
11:45:36.967 [Test worker] DEBUG com.github.dockerjava.zerodep.shaded.org.apache.hc.client5.http.impl.classic.InternalHttpClient - ep-00000010: start execution ex-00000011
11:45:36.967 [Test worker] DEBUG com.github.dockerjava.zerodep.shaded.org.apache.hc.client5.http.impl.io.PoolingHttpClientConnectionManager - ep-00000010: executing exchange ex-00000011 over http-outgoing-2
11:45:36.967 [Test worker] DEBUG com.github.dockerjava.zerodep.shaded.org.apache.hc.client5.http.headers - http-outgoing-2 >> GET /v1.32/containers/47a7ce05e61aa72bdced5a030ca6064519c62d122a5992816f04e0e528b5b17d/json HTTP/1.1
11:45:36.967 [Test worker] DEBUG com.github.dockerjava.zerodep.shaded.org.apache.hc.client5.http.headers - http-outgoing-2 >> accept: application/json
11:45:36.967 [Test worker] DEBUG com.github.dockerjava.zerodep.shaded.org.apache.hc.client5.http.headers - http-outgoing-2 >> x-tc-sid: c5b4bded-8a7b-4309-a94c-5bb153977152
11:45:36.967 [Test worker] DEBUG com.github.dockerjava.zerodep.shaded.org.apache.hc.client5.http.headers - http-outgoing-2 >> Accept-Encoding: gzip, x-gzip, deflate
11:45:36.967 [Test worker] DEBUG com.github.dockerjava.zerodep.shaded.org.apache.hc.client5.http.headers - http-outgoing-2 >> Host: localhost:2375
11:45:36.967 [Test worker] DEBUG com.github.dockerjava.zerodep.shaded.org.apache.hc.client5.http.headers - http-outgoing-2 >> Connection: keep-alive
11:45:36.967 [Test worker] DEBUG com.github.dockerjava.zerodep.shaded.org.apache.hc.client5.http.headers - http-outgoing-2 >> User-Agent: Apache-HttpClient/5.0.3 (Java/17.0.3)
11:45:36.967 [Test worker] DEBUG com.github.dockerjava.zerodep.shaded.org.apache.hc.client5.http.wire - http-outgoing-2 >> "GET /v1.32/containers/47a7ce05e61aa72bdced5a030ca6064519c62d122a5992816f04e0e528b5b17d/json HTTP/1.1[\r][\n]"
11:45:36.967 [Test worker] DEBUG com.github.dockerjava.zerodep.shaded.org.apache.hc.client5.http.wire - http-outgoing-2 >> "accept: application/json[\r][\n]"
11:45:36.967 [Test worker] DEBUG com.github.dockerjava.zerodep.shaded.org.apache.hc.client5.http.wire - http-outgoing-2 >> "x-tc-sid: c5b4bded-8a7b-4309-a94c-5bb153977152[\r][\n]"
11:45:36.967 [Test worker] DEBUG com.github.dockerjava.zerodep.shaded.org.apache.hc.client5.http.wire - http-outgoing-2 >> "Accept-Encoding: gzip, x-gzip, deflate[\r][\n]"
11:45:36.967 [Test worker] DEBUG com.github.dockerjava.zerodep.shaded.org.apache.hc.client5.http.wire - http-outgoing-2 >> "Host: localhost:2375[\r][\n]"
11:45:36.967 [Test worker] DEBUG com.github.dockerjava.zerodep.shaded.org.apache.hc.client5.http.wire - http-outgoing-2 >> "Connection: keep-alive[\r][\n]"
11:45:36.967 [Test worker] DEBUG com.github.dockerjava.zerodep.shaded.org.apache.hc.client5.http.wire - http-outgoing-2 >> "User-Agent: Apache-HttpClient/5.0.3 (Java/17.0.3)[\r][\n]"
11:45:36.967 [Test worker] DEBUG com.github.dockerjava.zerodep.shaded.org.apache.hc.client5.http.wire - http-outgoing-2 >> "[\r][\n]"
11:45:36.970 [Test worker] DEBUG com.github.dockerjava.zerodep.shaded.org.apache.hc.client5.http.wire - http-outgoing-2 << "HTTP/1.1 200 OK[\r][\n]"
11:45:36.970 [Test worker] DEBUG com.github.dockerjava.zerodep.shaded.org.apache.hc.client5.http.wire - http-outgoing-2 << "Api-Version: 1.41[\r][\n]"
11:45:36.970 [Test worker] DEBUG com.github.dockerjava.zerodep.shaded.org.apache.hc.client5.http.wire - http-outgoing-2 << "Content-Type: application/json[\r][\n]"
11:45:36.970 [Test worker] DEBUG com.github.dockerjava.zerodep.shaded.org.apache.hc.client5.http.wire - http-outgoing-2 << "Date: Mon, 26 Sep 2022 02:45:36 GMT[\r][\n]"
11:45:36.970 [Test worker] DEBUG com.github.dockerjava.zerodep.shaded.org.apache.hc.client5.http.wire - http-outgoing-2 << "Docker-Experimental: false[\r][\n]"
11:45:36.970 [Test worker] DEBUG com.github.dockerjava.zerodep.shaded.org.apache.hc.client5.http.wire - http-outgoing-2 << "Ostype: linux[\r][\n]"
11:45:36.970 [Test worker] DEBUG com.github.dockerjava.zerodep.shaded.org.apache.hc.client5.http.wire - http-outgoing-2 << "Server: Docker/20.10.11 (linux)[\r][\n]"
11:45:36.970 [Test worker] DEBUG com.github.dockerjava.zerodep.shaded.org.apache.hc.client5.http.wire - http-outgoing-2 << "Transfer-Encoding: chunked[\r][\n]"
11:45:36.970 [Test worker] DEBUG com.github.dockerjava.zerodep.shaded.org.apache.hc.client5.http.wire - http-outgoing-2 << "[\r][\n]"
11:45:36.970 [Test worker] DEBUG com.github.dockerjava.zerodep.shaded.org.apache.hc.client5.http.headers - http-outgoing-2 << HTTP/1.1 200 OK
11:45:36.970 [Test worker] DEBUG com.github.dockerjava.zerodep.shaded.org.apache.hc.client5.http.headers - http-outgoing-2 << Api-Version: 1.41
11:45:36.970 [Test worker] DEBUG com.github.dockerjava.zerodep.shaded.org.apache.hc.client5.http.headers - http-outgoing-2 << Content-Type: application/json
11:45:36.970 [Test worker] DEBUG com.github.dockerjava.zerodep.shaded.org.apache.hc.client5.http.headers - http-outgoing-2 << Date: Mon, 26 Sep 2022 02:45:36 GMT
11:45:36.970 [Test worker] DEBUG com.github.dockerjava.zerodep.shaded.org.apache.hc.client5.http.headers - http-outgoing-2 << Docker-Experimental: false
11:45:36.970 [Test worker] DEBUG com.github.dockerjava.zerodep.shaded.org.apache.hc.client5.http.headers - http-outgoing-2 << Ostype: linux
11:45:36.970 [Test worker] DEBUG com.github.dockerjava.zerodep.shaded.org.apache.hc.client5.http.headers - http-outgoing-2 << Server: Docker/20.10.11 (linux)
11:45:36.970 [Test worker] DEBUG com.github.dockerjava.zerodep.shaded.org.apache.hc.client5.http.headers - http-outgoing-2 << Transfer-Encoding: chunked
11:45:36.970 [Test worker] DEBUG com.github.dockerjava.zerodep.shaded.org.apache.hc.client5.http.impl.classic.MainClientExec - ex-00000011: connection can be kept alive for 3 MINUTES
11:45:36.970 [Test worker] DEBUG com.github.dockerjava.zerodep.shaded.org.apache.hc.client5.http.wire - http-outgoing-2 << "1882[\r][\n]"
11:45:36.970 [Test worker] DEBUG com.github.dockerjava.zerodep.shaded.org.apache.hc.client5.http.wire - http-outgoing-2 << "{"Id":"47a7ce05e61aa72bdced5a030ca6064519c62d122a5992816f04e0e528b5b17d","Created":"2022-09-26T02:45:36.042081626Z","Path":"docker-entrypoint.sh","Args":["mysqld"],"State":{"Status":"running","Running":true,"Paused":false,"Restarting":false,"OOMKilled":false,"Dead":false,"Pid":2251,"ExitCode":0,"Error":"","StartedAt":"2022-09-26T02:45:36.388226668Z","FinishedAt":"0001-01-01T00:00:00Z"},"Image":"sha256:5e229524f286e653111cb9d028bf1ba4c3490742c8cd18c84af22538f0e68575","ResolvConfPath":"/var/lib/docker/containers/47a7ce05e61aa72bdced5a030ca6064519c62d122a5992816f04e0e528b5b17d/resolv.conf","HostnamePath":"/var/lib/docker/containers/47a7ce05e61aa72bdced5a030ca6064519c62d122a5992816f04e0e528b5b17d/hostname","HostsPath":"/var/lib/docker/containers/47a7ce05e61aa72bdced5a030ca6064519c62d122a5992816f04e0e528b5b17d/hosts","LogPath":"/var/lib/docker/containers/47a7ce05e61aa72bdced5a030ca6064519c62d122a5992816f04e0e528b5b17d/47a7ce05e61aa72bdced5a030ca6064519c62d122a5992816f04e0e528b5b17d-json.log","Name":"/crazy_chaum","RestartCount":0,"Driver":"overlay2","Platform":"linux","MountLabel":"","ProcessLabel":"","AppArmorProfile":"","ExecIDs":null,"HostConfig":{"Binds":[],"ContainerIDFile":"","LogConfig":{"Type":"json-file","Config":{}},"NetworkMode":"default","PortBindings":{"3306/tcp":[{"HostIp":"0.0.0.0","HostPort":"0"}]},"RestartPolicy":{"Name":"","MaximumRetryCount":0},"AutoRemove":false,"VolumeDriver":"","VolumesFrom":[],"CapAdd":null,"CapDrop":null,"CgroupnsMode":"private","Dns":null,"DnsOptions":null,"DnsSearch":null,"ExtraHosts":[],"GroupAdd":null,"IpcMode":"shareable","Cgroup":"","Links":null,"OomScoreAdj":0,"PidMode":"","Privileged":false,"PublishAllPorts":false,"ReadonlyRootfs":false,"SecurityOpt":null,"UTSMode":"","UsernsMode":"","ShmSize":67108864,"Runtime":"runc","ConsoleSize":[0,0],"Isolation":"","CpuShares":0,"Memory":0,"NanoCpus":0,"CgroupParent":"","BlkioWeight":0,"BlkioWeightDevice":null,"BlkioDeviceReadBps":null,"BlkioDeviceWriteBps":null,"BlkioDeviceReadIOps":null,"BlkioDeviceWriteIOps":null,"CpuPeriod":0,"CpuQuota":0,"CpuRealtimePeriod":0,"CpuRealtimeRuntime":0,"CpusetCpus":"","CpusetMems":"","Devices":null,"DeviceCgroupRules":null,"DeviceRequests":null,"KernelMemory":0,"KernelMemoryTCP":0,"MemoryReservation":0,"MemorySwap":0,"MemorySwappiness":null,"OomKillDisable":null,"PidsLimit":null,"Ulimits":null,"CpuCount":0,"CpuPercent":0,"IOMaximumIOps":0,"IOMaximumBandwidth":0,"MaskedPaths":["/proc/asound","/proc/acpi","/proc/kcore","/proc/keys","/proc/latency_stats","/proc/timer_list","/proc/timer_stats","/proc/sched_debug","/proc/scsi","/sys/firmware"],"ReadonlyPaths":["/proc/bus","/proc/fs","/proc/irq","/proc/sys","/proc/sysrq-trigger"]},"GraphDriver":{"Data":{"LowerDir":"/var/lib/docker/overlay2/45da4782eb6c4075fef21a16271836d62c4e4726b16ef4c5ea199d4e626bdb39-init/diff:/var/lib/docker/overlay2/27a623f1ab748258e017a40f339844ef533377092bad4182aa320e9399893e13/diff:/var/lib/docker/overlay2/d7c1e4de558b6bbbdc3209a51fc73295262b5271709fe659d0e2e94f626eea74/diff:/var/lib/docker/overlay2/2df554f793c3600571e2f078ad2e20025d6b2e35f3d18881ead4f70e2cc26cb8/diff:/var/lib/docker/overlay2/feb23515577245ad51a24945de1e6bab842929569da912a2b4a33a48c6c2331f/diff:/var/lib/docker/overlay2/cc2cdbce154e19d9c4f376917b6c92ebd55b0b495124ffd2c9d7e9c82b6a95f9/diff:/var/lib/docker/overlay2/968467fe01280f82d26487386f320a15000815d63000d5ec89b47acca8f77ef2/diff:/var/lib/docker/overlay2/cc59daa314bbcaec43d6cd4064c7863b4b3976b989121dcf2e32c4710281f247/diff:/var/lib/docker/overlay2/dc5d8b1cf96cfd5d96d68fbed14248edf1244c1a4669ba07b0bab7f3d782f058/diff:/var/lib/docker/overlay2/dcca184158d696706cd99e62ffa3e5c42964eb57190bef35421cdf3f83a8c130/diff:/var/lib/docker/overlay2/a7f928596da67ce59f34b0ba4cee4a3b948b94f91ad0b0b6260dc54fb9b5a048/diff:/var/lib/docker/overlay2/6ac5adbfff6202b1faa13a2a2fd92625bdda668cdac1a1d2230becbb394e569f/diff","MergedDir":"/var/lib/docker/overlay2/45da4782eb6c4075fef21a16271836d62c4e4726b16ef4c5ea199d4e626bdb39/merged","UpperDir":"/var/lib/docker/overlay2/45da4782eb6c4075fef21a16271836d62c4e4726b16ef4c5ea199d4e626bdb39/diff","WorkDir":"/var/lib/docker/overlay2/45da4782eb6c4075fef21a16271836d62c4e4726b16ef4c5ea199d4e626bdb39/work"},"Name":"overlay2"},"Mounts":[{"Type":"volume","Name":"08668a73464516d2c615e247a561222f461f2385cff5615e53cc78e96456230c","Source":"/var/lib/docker/volumes/08668a73464516d2c615e247a561222f461f2385cff5615e53cc78e96456230c/_data","Destination":"/var/lib/mysql","Driver":"local","Mode":"","RW":true,"Propagation":""}],"Config":{"Hostname":"47a7ce05e61a","Domainname":"","User":"","AttachStdin":false,"AttachStdout":false,"AttachStderr":false,"ExposedPorts":{"3306/tcp":{},"33060/tcp":{}},"Tty":false,"OpenStdin":false,"StdinOnce":false,"Env":["MYSQL_DATABASE=lotification","MYSQL_PASSWORD=1234","MYSQL_USER=admin","MYSQL_ROOT_PASSWORD=1234","PATH=/usr/local/sbin:/usr/local/bin:/usr/sbin:/usr/bin:/sbin:/bin","GOSU_VERSION=1.14","MYSQL_MAJOR=8.0","MYSQL_VERSION=8.0.30-1.el8","MYSQL_SHELL_VERSION=8.0.30-1.el8"],"Cmd":["mysqld"],"Image":"mysql:8","Volumes":{"/var/lib/mysql":{}},"WorkingDir":"","Entrypoint":["docker-entrypoint.sh"],"OnBuild":null,"Labels":{"org.testcontainers":"true","org.testcontainers.sessionId":"c5b4bded-8a7b-4309-a94c-5bb153977152"}},"NetworkSettings":{"Bridge":"","SandboxID":"c87f478ec31081a2fc02a6d53fa5addc8f61962dea8dd5c17c1c641e1a25e99b","HairpinMode":false,"LinkLocalIPv6Address":"","LinkLocalIPv6PrefixLen":0,"Ports":{"3306/tcp":[{"HostIp":"0.0.0.0","HostPort":"63346"}],"33060/tcp":null},"SandboxKey":"/var/run/docker/netns/c87f478ec310","SecondaryIPAddresses":null,"SecondaryIPv6Addresses":null,"EndpointID":"7830774c518a6ae45bc93e5b48bd99e8a609aa29230b007326fa87b5ca32567f","Gateway":"172.17.0.1","GlobalIPv6Address":"","GlobalIPv6PrefixLen":0,"IPAddress":"172.17.0.4","IPPrefixLen":16,"IPv6Gateway":"","MacAddress":"02:42:ac:11:00:04","Networks":{"bridge":{"IPAMConfig":null,"Links":null,"Aliases":null,"NetworkID":"42b943ace1ba272d06317befbba08f853c5a08f211a0bdf3660599ced98f9c17","EndpointID":"7830774c518a6ae45bc93e5b48bd99e8a609aa29230b007326fa87b5ca32567f","Gateway":"172.17.0.1","IPAddress":"172.17.0.4","IPPrefixLen":16,"IPv6Gateway":"","GlobalIPv6Address":"","GlobalIPv6PrefixLen":0,"MacAddress":"02:42:ac:11:00:04","DriverOpts":null}}}}[\n]"
11:45:36.970 [Test worker] DEBUG com.github.dockerjava.zerodep.shaded.org.apache.hc.client5.http.wire - http-outgoing-2 << "[\r][\n]"
11:45:36.971 [Test worker] DEBUG com.github.dockerjava.zerodep.shaded.org.apache.hc.client5.http.wire - http-outgoing-2 << "0[\r][\n]"
11:45:36.971 [Test worker] DEBUG com.github.dockerjava.zerodep.shaded.org.apache.hc.client5.http.wire - http-outgoing-2 << "[\r][\n]"
11:45:36.971 [Test worker] DEBUG com.github.dockerjava.zerodep.shaded.org.apache.hc.client5.http.impl.classic.InternalHttpClient - ep-00000010: releasing valid endpoint
11:45:36.971 [Test worker] DEBUG com.github.dockerjava.zerodep.shaded.org.apache.hc.client5.http.impl.io.PoolingHttpClientConnectionManager - ep-00000010: releasing endpoint
11:45:36.971 [Test worker] DEBUG com.github.dockerjava.zerodep.shaded.org.apache.hc.client5.http.impl.io.PoolingHttpClientConnectionManager - ep-00000010: connection http-outgoing-2 can be kept alive for 3 MINUTES
11:45:36.971 [Test worker] DEBUG com.github.dockerjava.zerodep.shaded.org.apache.hc.client5.http.impl.io.PoolingHttpClientConnectionManager - ep-00000010: connection released [route: {}->unix://localhost:2375][total available: 1; route allocated: 1 of 2147483647; total allocated: 1 of 2147483647]
11:45:36.971 [Test worker] DEBUG ]]>&#x1f433;<![CDATA[ [mysql:8] - Trying to create JDBC connection using com.mysql.cj.jdbc.Driver to jdbc:mysql://localhost:63346/lotification?useSSL=false&allowPublicKeyRetrieval=true with properties: {password=1234, user=admin}
11:45:37.077 [Test worker] DEBUG org.testcontainers.shaded.com.github.dockerjava.core.command.AbstrDockerCmd - Cmd: 47a7ce05e61aa72bdced5a030ca6064519c62d122a5992816f04e0e528b5b17d,false
11:45:37.077 [Test worker] DEBUG org.testcontainers.shaded.com.github.dockerjava.core.exec.InspectContainerCmdExec - GET: DefaultWebTarget{path=[/containers/47a7ce05e61aa72bdced5a030ca6064519c62d122a5992816f04e0e528b5b17d/json], queryParams={}}
11:45:37.077 [Test worker] DEBUG com.github.dockerjava.zerodep.shaded.org.apache.hc.client5.http.impl.classic.InternalHttpClient - ex-00000012: preparing request execution
11:45:37.077 [Test worker] DEBUG com.github.dockerjava.zerodep.shaded.org.apache.hc.client5.http.protocol.RequestAddCookies - Cookie spec selected: strict
11:45:37.077 [Test worker] DEBUG com.github.dockerjava.zerodep.shaded.org.apache.hc.client5.http.protocol.RequestAuthCache - Auth cache not set in the context
11:45:37.077 [Test worker] DEBUG com.github.dockerjava.zerodep.shaded.org.apache.hc.client5.http.impl.classic.ProtocolExec - ex-00000012: target auth state: UNCHALLENGED
11:45:37.077 [Test worker] DEBUG com.github.dockerjava.zerodep.shaded.org.apache.hc.client5.http.impl.classic.ProtocolExec - ex-00000012: proxy auth state: UNCHALLENGED
11:45:37.077 [Test worker] DEBUG com.github.dockerjava.zerodep.shaded.org.apache.hc.client5.http.impl.classic.ConnectExec - ex-00000012: acquiring connection with route {}->unix://localhost:2375
11:45:37.077 [Test worker] DEBUG com.github.dockerjava.zerodep.shaded.org.apache.hc.client5.http.impl.classic.InternalHttpClient - ex-00000012: acquiring endpoint (3 MINUTES)
11:45:37.077 [Test worker] DEBUG com.github.dockerjava.zerodep.shaded.org.apache.hc.client5.http.impl.io.PoolingHttpClientConnectionManager - ex-00000012: endpoint lease request (3 MINUTES) [route: {}->unix://localhost:2375][total available: 1; route allocated: 1 of 2147483647; total allocated: 1 of 2147483647]
11:45:37.077 [Test worker] DEBUG com.github.dockerjava.zerodep.shaded.org.apache.hc.client5.http.impl.io.PoolingHttpClientConnectionManager - ex-00000012: endpoint leased [route: {}->unix://localhost:2375][total available: 0; route allocated: 1 of 2147483647; total allocated: 1 of 2147483647]
11:45:37.077 [Test worker] DEBUG com.github.dockerjava.zerodep.shaded.org.apache.hc.client5.http.impl.io.PoolingHttpClientConnectionManager - ex-00000012: acquired ep-00000011
11:45:37.078 [Test worker] DEBUG com.github.dockerjava.zerodep.shaded.org.apache.hc.client5.http.impl.classic.InternalHttpClient - ex-00000012: acquired endpoint ep-00000011
11:45:37.078 [Test worker] DEBUG com.github.dockerjava.zerodep.shaded.org.apache.hc.client5.http.impl.classic.MainClientExec - ex-00000012: executing GET /v1.32/containers/47a7ce05e61aa72bdced5a030ca6064519c62d122a5992816f04e0e528b5b17d/json HTTP/1.1
11:45:37.078 [Test worker] DEBUG com.github.dockerjava.zerodep.shaded.org.apache.hc.client5.http.impl.classic.InternalHttpClient - ep-00000011: start execution ex-00000012
11:45:37.078 [Test worker] DEBUG com.github.dockerjava.zerodep.shaded.org.apache.hc.client5.http.impl.io.PoolingHttpClientConnectionManager - ep-00000011: executing exchange ex-00000012 over http-outgoing-2
11:45:37.078 [Test worker] DEBUG com.github.dockerjava.zerodep.shaded.org.apache.hc.client5.http.headers - http-outgoing-2 >> GET /v1.32/containers/47a7ce05e61aa72bdced5a030ca6064519c62d122a5992816f04e0e528b5b17d/json HTTP/1.1
11:45:37.078 [Test worker] DEBUG com.github.dockerjava.zerodep.shaded.org.apache.hc.client5.http.headers - http-outgoing-2 >> accept: application/json
11:45:37.078 [Test worker] DEBUG com.github.dockerjava.zerodep.shaded.org.apache.hc.client5.http.headers - http-outgoing-2 >> x-tc-sid: c5b4bded-8a7b-4309-a94c-5bb153977152
11:45:37.078 [Test worker] DEBUG com.github.dockerjava.zerodep.shaded.org.apache.hc.client5.http.headers - http-outgoing-2 >> Accept-Encoding: gzip, x-gzip, deflate
11:45:37.078 [Test worker] DEBUG com.github.dockerjava.zerodep.shaded.org.apache.hc.client5.http.headers - http-outgoing-2 >> Host: localhost:2375
11:45:37.078 [Test worker] DEBUG com.github.dockerjava.zerodep.shaded.org.apache.hc.client5.http.headers - http-outgoing-2 >> Connection: keep-alive
11:45:37.078 [Test worker] DEBUG com.github.dockerjava.zerodep.shaded.org.apache.hc.client5.http.headers - http-outgoing-2 >> User-Agent: Apache-HttpClient/5.0.3 (Java/17.0.3)
11:45:37.078 [Test worker] DEBUG com.github.dockerjava.zerodep.shaded.org.apache.hc.client5.http.wire - http-outgoing-2 >> "GET /v1.32/containers/47a7ce05e61aa72bdced5a030ca6064519c62d122a5992816f04e0e528b5b17d/json HTTP/1.1[\r][\n]"
11:45:37.078 [Test worker] DEBUG com.github.dockerjava.zerodep.shaded.org.apache.hc.client5.http.wire - http-outgoing-2 >> "accept: application/json[\r][\n]"
11:45:37.078 [Test worker] DEBUG com.github.dockerjava.zerodep.shaded.org.apache.hc.client5.http.wire - http-outgoing-2 >> "x-tc-sid: c5b4bded-8a7b-4309-a94c-5bb153977152[\r][\n]"
11:45:37.078 [Test worker] DEBUG com.github.dockerjava.zerodep.shaded.org.apache.hc.client5.http.wire - http-outgoing-2 >> "Accept-Encoding: gzip, x-gzip, deflate[\r][\n]"
11:45:37.078 [Test worker] DEBUG com.github.dockerjava.zerodep.shaded.org.apache.hc.client5.http.wire - http-outgoing-2 >> "Host: localhost:2375[\r][\n]"
11:45:37.078 [Test worker] DEBUG com.github.dockerjava.zerodep.shaded.org.apache.hc.client5.http.wire - http-outgoing-2 >> "Connection: keep-alive[\r][\n]"
11:45:37.078 [Test worker] DEBUG com.github.dockerjava.zerodep.shaded.org.apache.hc.client5.http.wire - http-outgoing-2 >> "User-Agent: Apache-HttpClient/5.0.3 (Java/17.0.3)[\r][\n]"
11:45:37.078 [Test worker] DEBUG com.github.dockerjava.zerodep.shaded.org.apache.hc.client5.http.wire - http-outgoing-2 >> "[\r][\n]"
11:45:37.080 [Test worker] DEBUG com.github.dockerjava.zerodep.shaded.org.apache.hc.client5.http.wire - http-outgoing-2 << "HTTP/1.1 200 OK[\r][\n]"
11:45:37.080 [Test worker] DEBUG com.github.dockerjava.zerodep.shaded.org.apache.hc.client5.http.wire - http-outgoing-2 << "Api-Version: 1.41[\r][\n]"
11:45:37.080 [Test worker] DEBUG com.github.dockerjava.zerodep.shaded.org.apache.hc.client5.http.wire - http-outgoing-2 << "Content-Type: application/json[\r][\n]"
11:45:37.080 [Test worker] DEBUG com.github.dockerjava.zerodep.shaded.org.apache.hc.client5.http.wire - http-outgoing-2 << "Date: Mon, 26 Sep 2022 02:45:37 GMT[\r][\n]"
11:45:37.080 [Test worker] DEBUG com.github.dockerjava.zerodep.shaded.org.apache.hc.client5.http.wire - http-outgoing-2 << "Docker-Experimental: false[\r][\n]"
11:45:37.080 [Test worker] DEBUG com.github.dockerjava.zerodep.shaded.org.apache.hc.client5.http.wire - http-outgoing-2 << "Ostype: linux[\r][\n]"
11:45:37.080 [Test worker] DEBUG com.github.dockerjava.zerodep.shaded.org.apache.hc.client5.http.wire - http-outgoing-2 << "Server: Docker/20.10.11 (linux)[\r][\n]"
11:45:37.080 [Test worker] DEBUG com.github.dockerjava.zerodep.shaded.org.apache.hc.client5.http.wire - http-outgoing-2 << "Transfer-Encoding: chunked[\r][\n]"
11:45:37.080 [Test worker] DEBUG com.github.dockerjava.zerodep.shaded.org.apache.hc.client5.http.wire - http-outgoing-2 << "[\r][\n]"
11:45:37.080 [Test worker] DEBUG com.github.dockerjava.zerodep.shaded.org.apache.hc.client5.http.headers - http-outgoing-2 << HTTP/1.1 200 OK
11:45:37.080 [Test worker] DEBUG com.github.dockerjava.zerodep.shaded.org.apache.hc.client5.http.headers - http-outgoing-2 << Api-Version: 1.41
11:45:37.080 [Test worker] DEBUG com.github.dockerjava.zerodep.shaded.org.apache.hc.client5.http.headers - http-outgoing-2 << Content-Type: application/json
11:45:37.080 [Test worker] DEBUG com.github.dockerjava.zerodep.shaded.org.apache.hc.client5.http.headers - http-outgoing-2 << Date: Mon, 26 Sep 2022 02:45:37 GMT
11:45:37.080 [Test worker] DEBUG com.github.dockerjava.zerodep.shaded.org.apache.hc.client5.http.headers - http-outgoing-2 << Docker-Experimental: false
11:45:37.080 [Test worker] DEBUG com.github.dockerjava.zerodep.shaded.org.apache.hc.client5.http.headers - http-outgoing-2 << Ostype: linux
11:45:37.080 [Test worker] DEBUG com.github.dockerjava.zerodep.shaded.org.apache.hc.client5.http.headers - http-outgoing-2 << Server: Docker/20.10.11 (linux)
11:45:37.080 [Test worker] DEBUG com.github.dockerjava.zerodep.shaded.org.apache.hc.client5.http.headers - http-outgoing-2 << Transfer-Encoding: chunked
11:45:37.080 [Test worker] DEBUG com.github.dockerjava.zerodep.shaded.org.apache.hc.client5.http.impl.classic.MainClientExec - ex-00000012: connection can be kept alive for 3 MINUTES
11:45:37.080 [Test worker] DEBUG com.github.dockerjava.zerodep.shaded.org.apache.hc.client5.http.wire - http-outgoing-2 << "1882[\r][\n]"
11:45:37.080 [Test worker] DEBUG com.github.dockerjava.zerodep.shaded.org.apache.hc.client5.http.wire - http-outgoing-2 << "{"Id":"47a7ce05e61aa72bdced5a030ca6064519c62d122a5992816f04e0e528b5b17d","Created":"2022-09-26T02:45:36.042081626Z","Path":"docker-entrypoint.sh","Args":["mysqld"],"State":{"Status":"running","Running":true,"Paused":false,"Restarting":false,"OOMKilled":false,"Dead":false,"Pid":2251,"ExitCode":0,"Error":"","StartedAt":"2022-09-26T02:45:36.388226668Z","FinishedAt":"0001-01-01T00:00:00Z"},"Image":"sha256:5e229524f286e653111cb9d028bf1ba4c3490742c8cd18c84af22538f0e68575","ResolvConfPath":"/var/lib/docker/containers/47a7ce05e61aa72bdced5a030ca6064519c62d122a5992816f04e0e528b5b17d/resolv.conf","HostnamePath":"/var/lib/docker/containers/47a7ce05e61aa72bdced5a030ca6064519c62d122a5992816f04e0e528b5b17d/hostname","HostsPath":"/var/lib/docker/containers/47a7ce05e61aa72bdced5a030ca6064519c62d122a5992816f04e0e528b5b17d/hosts","LogPath":"/var/lib/docker/containers/47a7ce05e61aa72bdced5a030ca6064519c62d122a5992816f04e0e528b5b17d/47a7ce05e61aa72bdced5a030ca6064519c62d122a5992816f04e0e528b5b17d-json.log","Name":"/crazy_chaum","RestartCount":0,"Driver":"overlay2","Platform":"linux","MountLabel":"","ProcessLabel":"","AppArmorProfile":"","ExecIDs":null,"HostConfig":{"Binds":[],"ContainerIDFile":"","LogConfig":{"Type":"json-file","Config":{}},"NetworkMode":"default","PortBindings":{"3306/tcp":[{"HostIp":"0.0.0.0","HostPort":"0"}]},"RestartPolicy":{"Name":"","MaximumRetryCount":0},"AutoRemove":false,"VolumeDriver":"","VolumesFrom":[],"CapAdd":null,"CapDrop":null,"CgroupnsMode":"private","Dns":null,"DnsOptions":null,"DnsSearch":null,"ExtraHosts":[],"GroupAdd":null,"IpcMode":"shareable","Cgroup":"","Links":null,"OomScoreAdj":0,"PidMode":"","Privileged":false,"PublishAllPorts":false,"ReadonlyRootfs":false,"SecurityOpt":null,"UTSMode":"","UsernsMode":"","ShmSize":67108864,"Runtime":"runc","ConsoleSize":[0,0],"Isolation":"","CpuShares":0,"Memory":0,"NanoCpus":0,"CgroupParent":"","BlkioWeight":0,"BlkioWeightDevice":null,"BlkioDeviceReadBps":null,"BlkioDeviceWriteBps":null,"BlkioDeviceReadIOps":null,"BlkioDeviceWriteIOps":null,"CpuPeriod":0,"CpuQuota":0,"CpuRealtimePeriod":0,"CpuRealtimeRuntime":0,"CpusetCpus":"","CpusetMems":"","Devices":null,"DeviceCgroupRules":null,"DeviceRequests":null,"KernelMemory":0,"KernelMemoryTCP":0,"MemoryReservation":0,"MemorySwap":0,"MemorySwappiness":null,"OomKillDisable":null,"PidsLimit":null,"Ulimits":null,"CpuCount":0,"CpuPercent":0,"IOMaximumIOps":0,"IOMaximumBandwidth":0,"MaskedPaths":["/proc/asound","/proc/acpi","/proc/kcore","/proc/keys","/proc/latency_stats","/proc/timer_list","/proc/timer_stats","/proc/sched_debug","/proc/scsi","/sys/firmware"],"ReadonlyPaths":["/proc/bus","/proc/fs","/proc/irq","/proc/sys","/proc/sysrq-trigger"]},"GraphDriver":{"Data":{"LowerDir":"/var/lib/docker/overlay2/45da4782eb6c4075fef21a16271836d62c4e4726b16ef4c5ea199d4e626bdb39-init/diff:/var/lib/docker/overlay2/27a623f1ab748258e017a40f339844ef533377092bad4182aa320e9399893e13/diff:/var/lib/docker/overlay2/d7c1e4de558b6bbbdc3209a51fc73295262b5271709fe659d0e2e94f626eea74/diff:/var/lib/docker/overlay2/2df554f793c3600571e2f078ad2e20025d6b2e35f3d18881ead4f70e2cc26cb8/diff:/var/lib/docker/overlay2/feb23515577245ad51a24945de1e6bab842929569da912a2b4a33a48c6c2331f/diff:/var/lib/docker/overlay2/cc2cdbce154e19d9c4f376917b6c92ebd55b0b495124ffd2c9d7e9c82b6a95f9/diff:/var/lib/docker/overlay2/968467fe01280f82d26487386f320a15000815d63000d5ec89b47acca8f77ef2/diff:/var/lib/docker/overlay2/cc59daa314bbcaec43d6cd4064c7863b4b3976b989121dcf2e32c4710281f247/diff:/var/lib/docker/overlay2/dc5d8b1cf96cfd5d96d68fbed14248edf1244c1a4669ba07b0bab7f3d782f058/diff:/var/lib/docker/overlay2/dcca184158d696706cd99e62ffa3e5c42964eb57190bef35421cdf3f83a8c130/diff:/var/lib/docker/overlay2/a7f928596da67ce59f34b0ba4cee4a3b948b94f91ad0b0b6260dc54fb9b5a048/diff:/var/lib/docker/overlay2/6ac5adbfff6202b1faa13a2a2fd92625bdda668cdac1a1d2230becbb394e569f/diff","MergedDir":"/var/lib/docker/overlay2/45da4782eb6c4075fef21a16271836d62c4e4726b16ef4c5ea199d4e626bdb39/merged","UpperDir":"/var/lib/docker/overlay2/45da4782eb6c4075fef21a16271836d62c4e4726b16ef4c5ea199d4e626bdb39/diff","WorkDir":"/var/lib/docker/overlay2/45da4782eb6c4075fef21a16271836d62c4e4726b16ef4c5ea199d4e626bdb39/work"},"Name":"overlay2"},"Mounts":[{"Type":"volume","Name":"08668a73464516d2c615e247a561222f461f2385cff5615e53cc78e96456230c","Source":"/var/lib/docker/volumes/08668a73464516d2c615e247a561222f461f2385cff5615e53cc78e96456230c/_data","Destination":"/var/lib/mysql","Driver":"local","Mode":"","RW":true,"Propagation":""}],"Config":{"Hostname":"47a7ce05e61a","Domainname":"","User":"","AttachStdin":false,"AttachStdout":false,"AttachStderr":false,"ExposedPorts":{"3306/tcp":{},"33060/tcp":{}},"Tty":false,"OpenStdin":false,"StdinOnce":false,"Env":["MYSQL_DATABASE=lotification","MYSQL_PASSWORD=1234","MYSQL_USER=admin","MYSQL_ROOT_PASSWORD=1234","PATH=/usr/local/sbin:/usr/local/bin:/usr/sbin:/usr/bin:/sbin:/bin","GOSU_VERSION=1.14","MYSQL_MAJOR=8.0","MYSQL_VERSION=8.0.30-1.el8","MYSQL_SHELL_VERSION=8.0.30-1.el8"],"Cmd":["mysqld"],"Image":"mysql:8","Volumes":{"/var/lib/mysql":{}},"WorkingDir":"","Entrypoint":["docker-entrypoint.sh"],"OnBuild":null,"Labels":{"org.testcontainers":"true","org.testcontainers.sessionId":"c5b4bded-8a7b-4309-a94c-5bb153977152"}},"NetworkSettings":{"Bridge":"","SandboxID":"c87f478ec31081a2fc02a6d53fa5addc8f61962dea8dd5c17c1c641e1a25e99b","HairpinMode":false,"LinkLocalIPv6Address":"","LinkLocalIPv6PrefixLen":0,"Ports":{"3306/tcp":[{"HostIp":"0.0.0.0","HostPort":"63346"}],"33060/tcp":null},"SandboxKey":"/var/run/docker/netns/c87f478ec310","SecondaryIPAddresses":null,"SecondaryIPv6Addresses":null,"EndpointID":"7830774c518a6ae45bc93e5b48bd99e8a609aa29230b007326fa87b5ca32567f","Gateway":"172.17.0.1","GlobalIPv6Address":"","GlobalIPv6PrefixLen":0,"IPAddress":"172.17.0.4","IPPrefixLen":16,"IPv6Gateway":"","MacAddress":"02:42:ac:11:00:04","Networks":{"bridge":{"IPAMConfig":null,"Links":null,"Aliases":null,"NetworkID":"42b943ace1ba272d06317befbba08f853c5a08f211a0bdf3660599ced98f9c17","EndpointID":"7830774c518a6ae45bc93e5b48bd99e8a609aa29230b007326fa87b5ca32567f","Gateway":"172.17.0.1","IPAddress":"172.17.0.4","IPPrefixLen":16,"IPv6Gateway":"","GlobalIPv6Address":"","GlobalIPv6PrefixLen":0,"MacAddress":"02:42:ac:11:00:04","DriverOpts":null}}}}[\n]"
11:45:37.080 [Test worker] DEBUG com.github.dockerjava.zerodep.shaded.org.apache.hc.client5.http.wire - http-outgoing-2 << "[\r][\n]"
11:45:37.081 [Test worker] DEBUG com.github.dockerjava.zerodep.shaded.org.apache.hc.client5.http.wire - http-outgoing-2 << "0[\r][\n]"
11:45:37.081 [Test worker] DEBUG com.github.dockerjava.zerodep.shaded.org.apache.hc.client5.http.wire - http-outgoing-2 << "[\r][\n]"
11:45:37.081 [Test worker] DEBUG com.github.dockerjava.zerodep.shaded.org.apache.hc.client5.http.impl.classic.InternalHttpClient - ep-00000011: releasing valid endpoint
11:45:37.081 [Test worker] DEBUG com.github.dockerjava.zerodep.shaded.org.apache.hc.client5.http.impl.io.PoolingHttpClientConnectionManager - ep-00000011: releasing endpoint
11:45:37.081 [Test worker] DEBUG com.github.dockerjava.zerodep.shaded.org.apache.hc.client5.http.impl.io.PoolingHttpClientConnectionManager - ep-00000011: connection http-outgoing-2 can be kept alive for 3 MINUTES
11:45:37.081 [Test worker] DEBUG com.github.dockerjava.zerodep.shaded.org.apache.hc.client5.http.impl.io.PoolingHttpClientConnectionManager - ep-00000011: connection released [route: {}->unix://localhost:2375][total available: 1; route allocated: 1 of 2147483647; total allocated: 1 of 2147483647]
11:45:37.081 [Test worker] DEBUG ]]>&#x1f433;<![CDATA[ [mysql:8] - Trying to create JDBC connection using com.mysql.cj.jdbc.Driver to jdbc:mysql://localhost:63346/lotification?useSSL=false&allowPublicKeyRetrieval=true with properties: {password=1234, user=admin}
11:45:37.187 [Test worker] DEBUG org.testcontainers.shaded.com.github.dockerjava.core.command.AbstrDockerCmd - Cmd: 47a7ce05e61aa72bdced5a030ca6064519c62d122a5992816f04e0e528b5b17d,false
11:45:37.187 [Test worker] DEBUG org.testcontainers.shaded.com.github.dockerjava.core.exec.InspectContainerCmdExec - GET: DefaultWebTarget{path=[/containers/47a7ce05e61aa72bdced5a030ca6064519c62d122a5992816f04e0e528b5b17d/json], queryParams={}}
11:45:37.187 [Test worker] DEBUG com.github.dockerjava.zerodep.shaded.org.apache.hc.client5.http.impl.classic.InternalHttpClient - ex-00000013: preparing request execution
11:45:37.187 [Test worker] DEBUG com.github.dockerjava.zerodep.shaded.org.apache.hc.client5.http.protocol.RequestAddCookies - Cookie spec selected: strict
11:45:37.187 [Test worker] DEBUG com.github.dockerjava.zerodep.shaded.org.apache.hc.client5.http.protocol.RequestAuthCache - Auth cache not set in the context
11:45:37.187 [Test worker] DEBUG com.github.dockerjava.zerodep.shaded.org.apache.hc.client5.http.impl.classic.ProtocolExec - ex-00000013: target auth state: UNCHALLENGED
11:45:37.187 [Test worker] DEBUG com.github.dockerjava.zerodep.shaded.org.apache.hc.client5.http.impl.classic.ProtocolExec - ex-00000013: proxy auth state: UNCHALLENGED
11:45:37.187 [Test worker] DEBUG com.github.dockerjava.zerodep.shaded.org.apache.hc.client5.http.impl.classic.ConnectExec - ex-00000013: acquiring connection with route {}->unix://localhost:2375
11:45:37.187 [Test worker] DEBUG com.github.dockerjava.zerodep.shaded.org.apache.hc.client5.http.impl.classic.InternalHttpClient - ex-00000013: acquiring endpoint (3 MINUTES)
11:45:37.187 [Test worker] DEBUG com.github.dockerjava.zerodep.shaded.org.apache.hc.client5.http.impl.io.PoolingHttpClientConnectionManager - ex-00000013: endpoint lease request (3 MINUTES) [route: {}->unix://localhost:2375][total available: 1; route allocated: 1 of 2147483647; total allocated: 1 of 2147483647]
11:45:37.187 [Test worker] DEBUG com.github.dockerjava.zerodep.shaded.org.apache.hc.client5.http.impl.io.PoolingHttpClientConnectionManager - ex-00000013: endpoint leased [route: {}->unix://localhost:2375][total available: 0; route allocated: 1 of 2147483647; total allocated: 1 of 2147483647]
11:45:37.187 [Test worker] DEBUG com.github.dockerjava.zerodep.shaded.org.apache.hc.client5.http.impl.io.PoolingHttpClientConnectionManager - ex-00000013: acquired ep-00000012
11:45:37.187 [Test worker] DEBUG com.github.dockerjava.zerodep.shaded.org.apache.hc.client5.http.impl.classic.InternalHttpClient - ex-00000013: acquired endpoint ep-00000012
11:45:37.187 [Test worker] DEBUG com.github.dockerjava.zerodep.shaded.org.apache.hc.client5.http.impl.classic.MainClientExec - ex-00000013: executing GET /v1.32/containers/47a7ce05e61aa72bdced5a030ca6064519c62d122a5992816f04e0e528b5b17d/json HTTP/1.1
11:45:37.187 [Test worker] DEBUG com.github.dockerjava.zerodep.shaded.org.apache.hc.client5.http.impl.classic.InternalHttpClient - ep-00000012: start execution ex-00000013
11:45:37.187 [Test worker] DEBUG com.github.dockerjava.zerodep.shaded.org.apache.hc.client5.http.impl.io.PoolingHttpClientConnectionManager - ep-00000012: executing exchange ex-00000013 over http-outgoing-2
11:45:37.187 [Test worker] DEBUG com.github.dockerjava.zerodep.shaded.org.apache.hc.client5.http.headers - http-outgoing-2 >> GET /v1.32/containers/47a7ce05e61aa72bdced5a030ca6064519c62d122a5992816f04e0e528b5b17d/json HTTP/1.1
11:45:37.188 [Test worker] DEBUG com.github.dockerjava.zerodep.shaded.org.apache.hc.client5.http.headers - http-outgoing-2 >> accept: application/json
11:45:37.188 [Test worker] DEBUG com.github.dockerjava.zerodep.shaded.org.apache.hc.client5.http.headers - http-outgoing-2 >> x-tc-sid: c5b4bded-8a7b-4309-a94c-5bb153977152
11:45:37.188 [Test worker] DEBUG com.github.dockerjava.zerodep.shaded.org.apache.hc.client5.http.headers - http-outgoing-2 >> Accept-Encoding: gzip, x-gzip, deflate
11:45:37.188 [Test worker] DEBUG com.github.dockerjava.zerodep.shaded.org.apache.hc.client5.http.headers - http-outgoing-2 >> Host: localhost:2375
11:45:37.188 [Test worker] DEBUG com.github.dockerjava.zerodep.shaded.org.apache.hc.client5.http.headers - http-outgoing-2 >> Connection: keep-alive
11:45:37.188 [Test worker] DEBUG com.github.dockerjava.zerodep.shaded.org.apache.hc.client5.http.headers - http-outgoing-2 >> User-Agent: Apache-HttpClient/5.0.3 (Java/17.0.3)
11:45:37.188 [Test worker] DEBUG com.github.dockerjava.zerodep.shaded.org.apache.hc.client5.http.wire - http-outgoing-2 >> "GET /v1.32/containers/47a7ce05e61aa72bdced5a030ca6064519c62d122a5992816f04e0e528b5b17d/json HTTP/1.1[\r][\n]"
11:45:37.188 [Test worker] DEBUG com.github.dockerjava.zerodep.shaded.org.apache.hc.client5.http.wire - http-outgoing-2 >> "accept: application/json[\r][\n]"
11:45:37.188 [Test worker] DEBUG com.github.dockerjava.zerodep.shaded.org.apache.hc.client5.http.wire - http-outgoing-2 >> "x-tc-sid: c5b4bded-8a7b-4309-a94c-5bb153977152[\r][\n]"
11:45:37.188 [Test worker] DEBUG com.github.dockerjava.zerodep.shaded.org.apache.hc.client5.http.wire - http-outgoing-2 >> "Accept-Encoding: gzip, x-gzip, deflate[\r][\n]"
11:45:37.188 [Test worker] DEBUG com.github.dockerjava.zerodep.shaded.org.apache.hc.client5.http.wire - http-outgoing-2 >> "Host: localhost:2375[\r][\n]"
11:45:37.188 [Test worker] DEBUG com.github.dockerjava.zerodep.shaded.org.apache.hc.client5.http.wire - http-outgoing-2 >> "Connection: keep-alive[\r][\n]"
11:45:37.188 [Test worker] DEBUG com.github.dockerjava.zerodep.shaded.org.apache.hc.client5.http.wire - http-outgoing-2 >> "User-Agent: Apache-HttpClient/5.0.3 (Java/17.0.3)[\r][\n]"
11:45:37.188 [Test worker] DEBUG com.github.dockerjava.zerodep.shaded.org.apache.hc.client5.http.wire - http-outgoing-2 >> "[\r][\n]"
11:45:37.190 [Test worker] DEBUG com.github.dockerjava.zerodep.shaded.org.apache.hc.client5.http.wire - http-outgoing-2 << "HTTP/1.1 200 OK[\r][\n]"
11:45:37.190 [Test worker] DEBUG com.github.dockerjava.zerodep.shaded.org.apache.hc.client5.http.wire - http-outgoing-2 << "Api-Version: 1.41[\r][\n]"
11:45:37.190 [Test worker] DEBUG com.github.dockerjava.zerodep.shaded.org.apache.hc.client5.http.wire - http-outgoing-2 << "Content-Type: application/json[\r][\n]"
11:45:37.190 [Test worker] DEBUG com.github.dockerjava.zerodep.shaded.org.apache.hc.client5.http.wire - http-outgoing-2 << "Date: Mon, 26 Sep 2022 02:45:37 GMT[\r][\n]"
11:45:37.190 [Test worker] DEBUG com.github.dockerjava.zerodep.shaded.org.apache.hc.client5.http.wire - http-outgoing-2 << "Docker-Experimental: false[\r][\n]"
11:45:37.190 [Test worker] DEBUG com.github.dockerjava.zerodep.shaded.org.apache.hc.client5.http.wire - http-outgoing-2 << "Ostype: linux[\r][\n]"
11:45:37.190 [Test worker] DEBUG com.github.dockerjava.zerodep.shaded.org.apache.hc.client5.http.wire - http-outgoing-2 << "Server: Docker/20.10.11 (linux)[\r][\n]"
11:45:37.190 [Test worker] DEBUG com.github.dockerjava.zerodep.shaded.org.apache.hc.client5.http.wire - http-outgoing-2 << "Transfer-Encoding: chunked[\r][\n]"
11:45:37.190 [Test worker] DEBUG com.github.dockerjava.zerodep.shaded.org.apache.hc.client5.http.wire - http-outgoing-2 << "[\r][\n]"
11:45:37.190 [Test worker] DEBUG com.github.dockerjava.zerodep.shaded.org.apache.hc.client5.http.headers - http-outgoing-2 << HTTP/1.1 200 OK
11:45:37.190 [Test worker] DEBUG com.github.dockerjava.zerodep.shaded.org.apache.hc.client5.http.headers - http-outgoing-2 << Api-Version: 1.41
11:45:37.190 [Test worker] DEBUG com.github.dockerjava.zerodep.shaded.org.apache.hc.client5.http.headers - http-outgoing-2 << Content-Type: application/json
11:45:37.190 [Test worker] DEBUG com.github.dockerjava.zerodep.shaded.org.apache.hc.client5.http.headers - http-outgoing-2 << Date: Mon, 26 Sep 2022 02:45:37 GMT
11:45:37.190 [Test worker] DEBUG com.github.dockerjava.zerodep.shaded.org.apache.hc.client5.http.headers - http-outgoing-2 << Docker-Experimental: false
11:45:37.190 [Test worker] DEBUG com.github.dockerjava.zerodep.shaded.org.apache.hc.client5.http.headers - http-outgoing-2 << Ostype: linux
11:45:37.190 [Test worker] DEBUG com.github.dockerjava.zerodep.shaded.org.apache.hc.client5.http.headers - http-outgoing-2 << Server: Docker/20.10.11 (linux)
11:45:37.190 [Test worker] DEBUG com.github.dockerjava.zerodep.shaded.org.apache.hc.client5.http.headers - http-outgoing-2 << Transfer-Encoding: chunked
11:45:37.190 [Test worker] DEBUG com.github.dockerjava.zerodep.shaded.org.apache.hc.client5.http.impl.classic.MainClientExec - ex-00000013: connection can be kept alive for 3 MINUTES
11:45:37.191 [Test worker] DEBUG com.github.dockerjava.zerodep.shaded.org.apache.hc.client5.http.wire - http-outgoing-2 << "1882[\r][\n]"
11:45:37.191 [Test worker] DEBUG com.github.dockerjava.zerodep.shaded.org.apache.hc.client5.http.wire - http-outgoing-2 << "{"Id":"47a7ce05e61aa72bdced5a030ca6064519c62d122a5992816f04e0e528b5b17d","Created":"2022-09-26T02:45:36.042081626Z","Path":"docker-entrypoint.sh","Args":["mysqld"],"State":{"Status":"running","Running":true,"Paused":false,"Restarting":false,"OOMKilled":false,"Dead":false,"Pid":2251,"ExitCode":0,"Error":"","StartedAt":"2022-09-26T02:45:36.388226668Z","FinishedAt":"0001-01-01T00:00:00Z"},"Image":"sha256:5e229524f286e653111cb9d028bf1ba4c3490742c8cd18c84af22538f0e68575","ResolvConfPath":"/var/lib/docker/containers/47a7ce05e61aa72bdced5a030ca6064519c62d122a5992816f04e0e528b5b17d/resolv.conf","HostnamePath":"/var/lib/docker/containers/47a7ce05e61aa72bdced5a030ca6064519c62d122a5992816f04e0e528b5b17d/hostname","HostsPath":"/var/lib/docker/containers/47a7ce05e61aa72bdced5a030ca6064519c62d122a5992816f04e0e528b5b17d/hosts","LogPath":"/var/lib/docker/containers/47a7ce05e61aa72bdced5a030ca6064519c62d122a5992816f04e0e528b5b17d/47a7ce05e61aa72bdced5a030ca6064519c62d122a5992816f04e0e528b5b17d-json.log","Name":"/crazy_chaum","RestartCount":0,"Driver":"overlay2","Platform":"linux","MountLabel":"","ProcessLabel":"","AppArmorProfile":"","ExecIDs":null,"HostConfig":{"Binds":[],"ContainerIDFile":"","LogConfig":{"Type":"json-file","Config":{}},"NetworkMode":"default","PortBindings":{"3306/tcp":[{"HostIp":"0.0.0.0","HostPort":"0"}]},"RestartPolicy":{"Name":"","MaximumRetryCount":0},"AutoRemove":false,"VolumeDriver":"","VolumesFrom":[],"CapAdd":null,"CapDrop":null,"CgroupnsMode":"private","Dns":null,"DnsOptions":null,"DnsSearch":null,"ExtraHosts":[],"GroupAdd":null,"IpcMode":"shareable","Cgroup":"","Links":null,"OomScoreAdj":0,"PidMode":"","Privileged":false,"PublishAllPorts":false,"ReadonlyRootfs":false,"SecurityOpt":null,"UTSMode":"","UsernsMode":"","ShmSize":67108864,"Runtime":"runc","ConsoleSize":[0,0],"Isolation":"","CpuShares":0,"Memory":0,"NanoCpus":0,"CgroupParent":"","BlkioWeight":0,"BlkioWeightDevice":null,"BlkioDeviceReadBps":null,"BlkioDeviceWriteBps":null,"BlkioDeviceReadIOps":null,"BlkioDeviceWriteIOps":null,"CpuPeriod":0,"CpuQuota":0,"CpuRealtimePeriod":0,"CpuRealtimeRuntime":0,"CpusetCpus":"","CpusetMems":"","Devices":null,"DeviceCgroupRules":null,"DeviceRequests":null,"KernelMemory":0,"KernelMemoryTCP":0,"MemoryReservation":0,"MemorySwap":0,"MemorySwappiness":null,"OomKillDisable":null,"PidsLimit":null,"Ulimits":null,"CpuCount":0,"CpuPercent":0,"IOMaximumIOps":0,"IOMaximumBandwidth":0,"MaskedPaths":["/proc/asound","/proc/acpi","/proc/kcore","/proc/keys","/proc/latency_stats","/proc/timer_list","/proc/timer_stats","/proc/sched_debug","/proc/scsi","/sys/firmware"],"ReadonlyPaths":["/proc/bus","/proc/fs","/proc/irq","/proc/sys","/proc/sysrq-trigger"]},"GraphDriver":{"Data":{"LowerDir":"/var/lib/docker/overlay2/45da4782eb6c4075fef21a16271836d62c4e4726b16ef4c5ea199d4e626bdb39-init/diff:/var/lib/docker/overlay2/27a623f1ab748258e017a40f339844ef533377092bad4182aa320e9399893e13/diff:/var/lib/docker/overlay2/d7c1e4de558b6bbbdc3209a51fc73295262b5271709fe659d0e2e94f626eea74/diff:/var/lib/docker/overlay2/2df554f793c3600571e2f078ad2e20025d6b2e35f3d18881ead4f70e2cc26cb8/diff:/var/lib/docker/overlay2/feb23515577245ad51a24945de1e6bab842929569da912a2b4a33a48c6c2331f/diff:/var/lib/docker/overlay2/cc2cdbce154e19d9c4f376917b6c92ebd55b0b495124ffd2c9d7e9c82b6a95f9/diff:/var/lib/docker/overlay2/968467fe01280f82d26487386f320a15000815d63000d5ec89b47acca8f77ef2/diff:/var/lib/docker/overlay2/cc59daa314bbcaec43d6cd4064c7863b4b3976b989121dcf2e32c4710281f247/diff:/var/lib/docker/overlay2/dc5d8b1cf96cfd5d96d68fbed14248edf1244c1a4669ba07b0bab7f3d782f058/diff:/var/lib/docker/overlay2/dcca184158d696706cd99e62ffa3e5c42964eb57190bef35421cdf3f83a8c130/diff:/var/lib/docker/overlay2/a7f928596da67ce59f34b0ba4cee4a3b948b94f91ad0b0b6260dc54fb9b5a048/diff:/var/lib/docker/overlay2/6ac5adbfff6202b1faa13a2a2fd92625bdda668cdac1a1d2230becbb394e569f/diff","MergedDir":"/var/lib/docker/overlay2/45da4782eb6c4075fef21a16271836d62c4e4726b16ef4c5ea199d4e626bdb39/merged","UpperDir":"/var/lib/docker/overlay2/45da4782eb6c4075fef21a16271836d62c4e4726b16ef4c5ea199d4e626bdb39/diff","WorkDir":"/var/lib/docker/overlay2/45da4782eb6c4075fef21a16271836d62c4e4726b16ef4c5ea199d4e626bdb39/work"},"Name":"overlay2"},"Mounts":[{"Type":"volume","Name":"08668a73464516d2c615e247a561222f461f2385cff5615e53cc78e96456230c","Source":"/var/lib/docker/volumes/08668a73464516d2c615e247a561222f461f2385cff5615e53cc78e96456230c/_data","Destination":"/var/lib/mysql","Driver":"local","Mode":"","RW":true,"Propagation":""}],"Config":{"Hostname":"47a7ce05e61a","Domainname":"","User":"","AttachStdin":false,"AttachStdout":false,"AttachStderr":false,"ExposedPorts":{"3306/tcp":{},"33060/tcp":{}},"Tty":false,"OpenStdin":false,"StdinOnce":false,"Env":["MYSQL_DATABASE=lotification","MYSQL_PASSWORD=1234","MYSQL_USER=admin","MYSQL_ROOT_PASSWORD=1234","PATH=/usr/local/sbin:/usr/local/bin:/usr/sbin:/usr/bin:/sbin:/bin","GOSU_VERSION=1.14","MYSQL_MAJOR=8.0","MYSQL_VERSION=8.0.30-1.el8","MYSQL_SHELL_VERSION=8.0.30-1.el8"],"Cmd":["mysqld"],"Image":"mysql:8","Volumes":{"/var/lib/mysql":{}},"WorkingDir":"","Entrypoint":["docker-entrypoint.sh"],"OnBuild":null,"Labels":{"org.testcontainers":"true","org.testcontainers.sessionId":"c5b4bded-8a7b-4309-a94c-5bb153977152"}},"NetworkSettings":{"Bridge":"","SandboxID":"c87f478ec31081a2fc02a6d53fa5addc8f61962dea8dd5c17c1c641e1a25e99b","HairpinMode":false,"LinkLocalIPv6Address":"","LinkLocalIPv6PrefixLen":0,"Ports":{"3306/tcp":[{"HostIp":"0.0.0.0","HostPort":"63346"}],"33060/tcp":null},"SandboxKey":"/var/run/docker/netns/c87f478ec310","SecondaryIPAddresses":null,"SecondaryIPv6Addresses":null,"EndpointID":"7830774c518a6ae45bc93e5b48bd99e8a609aa29230b007326fa87b5ca32567f","Gateway":"172.17.0.1","GlobalIPv6Address":"","GlobalIPv6PrefixLen":0,"IPAddress":"172.17.0.4","IPPrefixLen":16,"IPv6Gateway":"","MacAddress":"02:42:ac:11:00:04","Networks":{"bridge":{"IPAMConfig":null,"Links":null,"Aliases":null,"NetworkID":"42b943ace1ba272d06317befbba08f853c5a08f211a0bdf3660599ced98f9c17","EndpointID":"7830774c518a6ae45bc93e5b48bd99e8a609aa29230b007326fa87b5ca32567f","Gateway":"172.17.0.1","IPAddress":"172.17.0.4","IPPrefixLen":16,"IPv6Gateway":"","GlobalIPv6Address":"","GlobalIPv6PrefixLen":0,"MacAddress":"02:42:ac:11:00:04","DriverOpts":null}}}}[\n]"
11:45:37.191 [Test worker] DEBUG com.github.dockerjava.zerodep.shaded.org.apache.hc.client5.http.wire - http-outgoing-2 << "[\r][\n]"
11:45:37.192 [Test worker] DEBUG com.github.dockerjava.zerodep.shaded.org.apache.hc.client5.http.wire - http-outgoing-2 << "0[\r][\n]"
11:45:37.192 [Test worker] DEBUG com.github.dockerjava.zerodep.shaded.org.apache.hc.client5.http.wire - http-outgoing-2 << "[\r][\n]"
11:45:37.192 [Test worker] DEBUG com.github.dockerjava.zerodep.shaded.org.apache.hc.client5.http.impl.classic.InternalHttpClient - ep-00000012: releasing valid endpoint
11:45:37.192 [Test worker] DEBUG com.github.dockerjava.zerodep.shaded.org.apache.hc.client5.http.impl.io.PoolingHttpClientConnectionManager - ep-00000012: releasing endpoint
11:45:37.192 [Test worker] DEBUG com.github.dockerjava.zerodep.shaded.org.apache.hc.client5.http.impl.io.PoolingHttpClientConnectionManager - ep-00000012: connection http-outgoing-2 can be kept alive for 3 MINUTES
11:45:37.192 [Test worker] DEBUG com.github.dockerjava.zerodep.shaded.org.apache.hc.client5.http.impl.io.PoolingHttpClientConnectionManager - ep-00000012: connection released [route: {}->unix://localhost:2375][total available: 1; route allocated: 1 of 2147483647; total allocated: 1 of 2147483647]
11:45:37.192 [Test worker] DEBUG ]]>&#x1f433;<![CDATA[ [mysql:8] - Trying to create JDBC connection using com.mysql.cj.jdbc.Driver to jdbc:mysql://localhost:63346/lotification?useSSL=false&allowPublicKeyRetrieval=true with properties: {password=1234, user=admin}
11:45:37.300 [Test worker] DEBUG org.testcontainers.shaded.com.github.dockerjava.core.command.AbstrDockerCmd - Cmd: 47a7ce05e61aa72bdced5a030ca6064519c62d122a5992816f04e0e528b5b17d,false
11:45:37.300 [Test worker] DEBUG org.testcontainers.shaded.com.github.dockerjava.core.exec.InspectContainerCmdExec - GET: DefaultWebTarget{path=[/containers/47a7ce05e61aa72bdced5a030ca6064519c62d122a5992816f04e0e528b5b17d/json], queryParams={}}
11:45:37.300 [Test worker] DEBUG com.github.dockerjava.zerodep.shaded.org.apache.hc.client5.http.impl.classic.InternalHttpClient - ex-00000014: preparing request execution
11:45:37.300 [Test worker] DEBUG com.github.dockerjava.zerodep.shaded.org.apache.hc.client5.http.protocol.RequestAddCookies - Cookie spec selected: strict
11:45:37.300 [Test worker] DEBUG com.github.dockerjava.zerodep.shaded.org.apache.hc.client5.http.protocol.RequestAuthCache - Auth cache not set in the context
11:45:37.300 [Test worker] DEBUG com.github.dockerjava.zerodep.shaded.org.apache.hc.client5.http.impl.classic.ProtocolExec - ex-00000014: target auth state: UNCHALLENGED
11:45:37.300 [Test worker] DEBUG com.github.dockerjava.zerodep.shaded.org.apache.hc.client5.http.impl.classic.ProtocolExec - ex-00000014: proxy auth state: UNCHALLENGED
11:45:37.300 [Test worker] DEBUG com.github.dockerjava.zerodep.shaded.org.apache.hc.client5.http.impl.classic.ConnectExec - ex-00000014: acquiring connection with route {}->unix://localhost:2375
11:45:37.300 [Test worker] DEBUG com.github.dockerjava.zerodep.shaded.org.apache.hc.client5.http.impl.classic.InternalHttpClient - ex-00000014: acquiring endpoint (3 MINUTES)
11:45:37.301 [Test worker] DEBUG com.github.dockerjava.zerodep.shaded.org.apache.hc.client5.http.impl.io.PoolingHttpClientConnectionManager - ex-00000014: endpoint lease request (3 MINUTES) [route: {}->unix://localhost:2375][total available: 1; route allocated: 1 of 2147483647; total allocated: 1 of 2147483647]
11:45:37.301 [Test worker] DEBUG com.github.dockerjava.zerodep.shaded.org.apache.hc.client5.http.impl.io.PoolingHttpClientConnectionManager - ex-00000014: endpoint leased [route: {}->unix://localhost:2375][total available: 0; route allocated: 1 of 2147483647; total allocated: 1 of 2147483647]
11:45:37.301 [Test worker] DEBUG com.github.dockerjava.zerodep.shaded.org.apache.hc.client5.http.impl.io.PoolingHttpClientConnectionManager - ex-00000014: acquired ep-00000013
11:45:37.301 [Test worker] DEBUG com.github.dockerjava.zerodep.shaded.org.apache.hc.client5.http.impl.classic.InternalHttpClient - ex-00000014: acquired endpoint ep-00000013
11:45:37.301 [Test worker] DEBUG com.github.dockerjava.zerodep.shaded.org.apache.hc.client5.http.impl.classic.MainClientExec - ex-00000014: executing GET /v1.32/containers/47a7ce05e61aa72bdced5a030ca6064519c62d122a5992816f04e0e528b5b17d/json HTTP/1.1
11:45:37.301 [Test worker] DEBUG com.github.dockerjava.zerodep.shaded.org.apache.hc.client5.http.impl.classic.InternalHttpClient - ep-00000013: start execution ex-00000014
11:45:37.301 [Test worker] DEBUG com.github.dockerjava.zerodep.shaded.org.apache.hc.client5.http.impl.io.PoolingHttpClientConnectionManager - ep-00000013: executing exchange ex-00000014 over http-outgoing-2
11:45:37.301 [Test worker] DEBUG com.github.dockerjava.zerodep.shaded.org.apache.hc.client5.http.headers - http-outgoing-2 >> GET /v1.32/containers/47a7ce05e61aa72bdced5a030ca6064519c62d122a5992816f04e0e528b5b17d/json HTTP/1.1
11:45:37.301 [Test worker] DEBUG com.github.dockerjava.zerodep.shaded.org.apache.hc.client5.http.headers - http-outgoing-2 >> accept: application/json
11:45:37.301 [Test worker] DEBUG com.github.dockerjava.zerodep.shaded.org.apache.hc.client5.http.headers - http-outgoing-2 >> x-tc-sid: c5b4bded-8a7b-4309-a94c-5bb153977152
11:45:37.301 [Test worker] DEBUG com.github.dockerjava.zerodep.shaded.org.apache.hc.client5.http.headers - http-outgoing-2 >> Accept-Encoding: gzip, x-gzip, deflate
11:45:37.301 [Test worker] DEBUG com.github.dockerjava.zerodep.shaded.org.apache.hc.client5.http.headers - http-outgoing-2 >> Host: localhost:2375
11:45:37.301 [Test worker] DEBUG com.github.dockerjava.zerodep.shaded.org.apache.hc.client5.http.headers - http-outgoing-2 >> Connection: keep-alive
11:45:37.301 [Test worker] DEBUG com.github.dockerjava.zerodep.shaded.org.apache.hc.client5.http.headers - http-outgoing-2 >> User-Agent: Apache-HttpClient/5.0.3 (Java/17.0.3)
11:45:37.301 [Test worker] DEBUG com.github.dockerjava.zerodep.shaded.org.apache.hc.client5.http.wire - http-outgoing-2 >> "GET /v1.32/containers/47a7ce05e61aa72bdced5a030ca6064519c62d122a5992816f04e0e528b5b17d/json HTTP/1.1[\r][\n]"
11:45:37.301 [Test worker] DEBUG com.github.dockerjava.zerodep.shaded.org.apache.hc.client5.http.wire - http-outgoing-2 >> "accept: application/json[\r][\n]"
11:45:37.301 [Test worker] DEBUG com.github.dockerjava.zerodep.shaded.org.apache.hc.client5.http.wire - http-outgoing-2 >> "x-tc-sid: c5b4bded-8a7b-4309-a94c-5bb153977152[\r][\n]"
11:45:37.301 [Test worker] DEBUG com.github.dockerjava.zerodep.shaded.org.apache.hc.client5.http.wire - http-outgoing-2 >> "Accept-Encoding: gzip, x-gzip, deflate[\r][\n]"
11:45:37.301 [Test worker] DEBUG com.github.dockerjava.zerodep.shaded.org.apache.hc.client5.http.wire - http-outgoing-2 >> "Host: localhost:2375[\r][\n]"
11:45:37.301 [Test worker] DEBUG com.github.dockerjava.zerodep.shaded.org.apache.hc.client5.http.wire - http-outgoing-2 >> "Connection: keep-alive[\r][\n]"
11:45:37.301 [Test worker] DEBUG com.github.dockerjava.zerodep.shaded.org.apache.hc.client5.http.wire - http-outgoing-2 >> "User-Agent: Apache-HttpClient/5.0.3 (Java/17.0.3)[\r][\n]"
11:45:37.301 [Test worker] DEBUG com.github.dockerjava.zerodep.shaded.org.apache.hc.client5.http.wire - http-outgoing-2 >> "[\r][\n]"
11:45:37.304 [Test worker] DEBUG com.github.dockerjava.zerodep.shaded.org.apache.hc.client5.http.wire - http-outgoing-2 << "HTTP/1.1 200 OK[\r][\n]"
11:45:37.304 [Test worker] DEBUG com.github.dockerjava.zerodep.shaded.org.apache.hc.client5.http.wire - http-outgoing-2 << "Api-Version: 1.41[\r][\n]"
11:45:37.304 [Test worker] DEBUG com.github.dockerjava.zerodep.shaded.org.apache.hc.client5.http.wire - http-outgoing-2 << "Content-Type: application/json[\r][\n]"
11:45:37.304 [Test worker] DEBUG com.github.dockerjava.zerodep.shaded.org.apache.hc.client5.http.wire - http-outgoing-2 << "Date: Mon, 26 Sep 2022 02:45:37 GMT[\r][\n]"
11:45:37.304 [Test worker] DEBUG com.github.dockerjava.zerodep.shaded.org.apache.hc.client5.http.wire - http-outgoing-2 << "Docker-Experimental: false[\r][\n]"
11:45:37.304 [Test worker] DEBUG com.github.dockerjava.zerodep.shaded.org.apache.hc.client5.http.wire - http-outgoing-2 << "Ostype: linux[\r][\n]"
11:45:37.304 [Test worker] DEBUG com.github.dockerjava.zerodep.shaded.org.apache.hc.client5.http.wire - http-outgoing-2 << "Server: Docker/20.10.11 (linux)[\r][\n]"
11:45:37.304 [Test worker] DEBUG com.github.dockerjava.zerodep.shaded.org.apache.hc.client5.http.wire - http-outgoing-2 << "Transfer-Encoding: chunked[\r][\n]"
11:45:37.304 [Test worker] DEBUG com.github.dockerjava.zerodep.shaded.org.apache.hc.client5.http.wire - http-outgoing-2 << "[\r][\n]"
11:45:37.304 [Test worker] DEBUG com.github.dockerjava.zerodep.shaded.org.apache.hc.client5.http.headers - http-outgoing-2 << HTTP/1.1 200 OK
11:45:37.304 [Test worker] DEBUG com.github.dockerjava.zerodep.shaded.org.apache.hc.client5.http.headers - http-outgoing-2 << Api-Version: 1.41
11:45:37.304 [Test worker] DEBUG com.github.dockerjava.zerodep.shaded.org.apache.hc.client5.http.headers - http-outgoing-2 << Content-Type: application/json
11:45:37.304 [Test worker] DEBUG com.github.dockerjava.zerodep.shaded.org.apache.hc.client5.http.headers - http-outgoing-2 << Date: Mon, 26 Sep 2022 02:45:37 GMT
11:45:37.304 [Test worker] DEBUG com.github.dockerjava.zerodep.shaded.org.apache.hc.client5.http.headers - http-outgoing-2 << Docker-Experimental: false
11:45:37.304 [Test worker] DEBUG com.github.dockerjava.zerodep.shaded.org.apache.hc.client5.http.headers - http-outgoing-2 << Ostype: linux
11:45:37.304 [Test worker] DEBUG com.github.dockerjava.zerodep.shaded.org.apache.hc.client5.http.headers - http-outgoing-2 << Server: Docker/20.10.11 (linux)
11:45:37.304 [Test worker] DEBUG com.github.dockerjava.zerodep.shaded.org.apache.hc.client5.http.headers - http-outgoing-2 << Transfer-Encoding: chunked
11:45:37.304 [Test worker] DEBUG com.github.dockerjava.zerodep.shaded.org.apache.hc.client5.http.impl.classic.MainClientExec - ex-00000014: connection can be kept alive for 3 MINUTES
11:45:37.304 [Test worker] DEBUG com.github.dockerjava.zerodep.shaded.org.apache.hc.client5.http.wire - http-outgoing-2 << "1882[\r][\n]"
11:45:37.304 [Test worker] DEBUG com.github.dockerjava.zerodep.shaded.org.apache.hc.client5.http.wire - http-outgoing-2 << "{"Id":"47a7ce05e61aa72bdced5a030ca6064519c62d122a5992816f04e0e528b5b17d","Created":"2022-09-26T02:45:36.042081626Z","Path":"docker-entrypoint.sh","Args":["mysqld"],"State":{"Status":"running","Running":true,"Paused":false,"Restarting":false,"OOMKilled":false,"Dead":false,"Pid":2251,"ExitCode":0,"Error":"","StartedAt":"2022-09-26T02:45:36.388226668Z","FinishedAt":"0001-01-01T00:00:00Z"},"Image":"sha256:5e229524f286e653111cb9d028bf1ba4c3490742c8cd18c84af22538f0e68575","ResolvConfPath":"/var/lib/docker/containers/47a7ce05e61aa72bdced5a030ca6064519c62d122a5992816f04e0e528b5b17d/resolv.conf","HostnamePath":"/var/lib/docker/containers/47a7ce05e61aa72bdced5a030ca6064519c62d122a5992816f04e0e528b5b17d/hostname","HostsPath":"/var/lib/docker/containers/47a7ce05e61aa72bdced5a030ca6064519c62d122a5992816f04e0e528b5b17d/hosts","LogPath":"/var/lib/docker/containers/47a7ce05e61aa72bdced5a030ca6064519c62d122a5992816f04e0e528b5b17d/47a7ce05e61aa72bdced5a030ca6064519c62d122a5992816f04e0e528b5b17d-json.log","Name":"/crazy_chaum","RestartCount":0,"Driver":"overlay2","Platform":"linux","MountLabel":"","ProcessLabel":"","AppArmorProfile":"","ExecIDs":null,"HostConfig":{"Binds":[],"ContainerIDFile":"","LogConfig":{"Type":"json-file","Config":{}},"NetworkMode":"default","PortBindings":{"3306/tcp":[{"HostIp":"0.0.0.0","HostPort":"0"}]},"RestartPolicy":{"Name":"","MaximumRetryCount":0},"AutoRemove":false,"VolumeDriver":"","VolumesFrom":[],"CapAdd":null,"CapDrop":null,"CgroupnsMode":"private","Dns":null,"DnsOptions":null,"DnsSearch":null,"ExtraHosts":[],"GroupAdd":null,"IpcMode":"shareable","Cgroup":"","Links":null,"OomScoreAdj":0,"PidMode":"","Privileged":false,"PublishAllPorts":false,"ReadonlyRootfs":false,"SecurityOpt":null,"UTSMode":"","UsernsMode":"","ShmSize":67108864,"Runtime":"runc","ConsoleSize":[0,0],"Isolation":"","CpuShares":0,"Memory":0,"NanoCpus":0,"CgroupParent":"","BlkioWeight":0,"BlkioWeightDevice":null,"BlkioDeviceReadBps":null,"BlkioDeviceWriteBps":null,"BlkioDeviceReadIOps":null,"BlkioDeviceWriteIOps":null,"CpuPeriod":0,"CpuQuota":0,"CpuRealtimePeriod":0,"CpuRealtimeRuntime":0,"CpusetCpus":"","CpusetMems":"","Devices":null,"DeviceCgroupRules":null,"DeviceRequests":null,"KernelMemory":0,"KernelMemoryTCP":0,"MemoryReservation":0,"MemorySwap":0,"MemorySwappiness":null,"OomKillDisable":null,"PidsLimit":null,"Ulimits":null,"CpuCount":0,"CpuPercent":0,"IOMaximumIOps":0,"IOMaximumBandwidth":0,"MaskedPaths":["/proc/asound","/proc/acpi","/proc/kcore","/proc/keys","/proc/latency_stats","/proc/timer_list","/proc/timer_stats","/proc/sched_debug","/proc/scsi","/sys/firmware"],"ReadonlyPaths":["/proc/bus","/proc/fs","/proc/irq","/proc/sys","/proc/sysrq-trigger"]},"GraphDriver":{"Data":{"LowerDir":"/var/lib/docker/overlay2/45da4782eb6c4075fef21a16271836d62c4e4726b16ef4c5ea199d4e626bdb39-init/diff:/var/lib/docker/overlay2/27a623f1ab748258e017a40f339844ef533377092bad4182aa320e9399893e13/diff:/var/lib/docker/overlay2/d7c1e4de558b6bbbdc3209a51fc73295262b5271709fe659d0e2e94f626eea74/diff:/var/lib/docker/overlay2/2df554f793c3600571e2f078ad2e20025d6b2e35f3d18881ead4f70e2cc26cb8/diff:/var/lib/docker/overlay2/feb23515577245ad51a24945de1e6bab842929569da912a2b4a33a48c6c2331f/diff:/var/lib/docker/overlay2/cc2cdbce154e19d9c4f376917b6c92ebd55b0b495124ffd2c9d7e9c82b6a95f9/diff:/var/lib/docker/overlay2/968467fe01280f82d26487386f320a15000815d63000d5ec89b47acca8f77ef2/diff:/var/lib/docker/overlay2/cc59daa314bbcaec43d6cd4064c7863b4b3976b989121dcf2e32c4710281f247/diff:/var/lib/docker/overlay2/dc5d8b1cf96cfd5d96d68fbed14248edf1244c1a4669ba07b0bab7f3d782f058/diff:/var/lib/docker/overlay2/dcca184158d696706cd99e62ffa3e5c42964eb57190bef35421cdf3f83a8c130/diff:/var/lib/docker/overlay2/a7f928596da67ce59f34b0ba4cee4a3b948b94f91ad0b0b6260dc54fb9b5a048/diff:/var/lib/docker/overlay2/6ac5adbfff6202b1faa13a2a2fd92625bdda668cdac1a1d2230becbb394e569f/diff","MergedDir":"/var/lib/docker/overlay2/45da4782eb6c4075fef21a16271836d62c4e4726b16ef4c5ea199d4e626bdb39/merged","UpperDir":"/var/lib/docker/overlay2/45da4782eb6c4075fef21a16271836d62c4e4726b16ef4c5ea199d4e626bdb39/diff","WorkDir":"/var/lib/docker/overlay2/45da4782eb6c4075fef21a16271836d62c4e4726b16ef4c5ea199d4e626bdb39/work"},"Name":"overlay2"},"Mounts":[{"Type":"volume","Name":"08668a73464516d2c615e247a561222f461f2385cff5615e53cc78e96456230c","Source":"/var/lib/docker/volumes/08668a73464516d2c615e247a561222f461f2385cff5615e53cc78e96456230c/_data","Destination":"/var/lib/mysql","Driver":"local","Mode":"","RW":true,"Propagation":""}],"Config":{"Hostname":"47a7ce05e61a","Domainname":"","User":"","AttachStdin":false,"AttachStdout":false,"AttachStderr":false,"ExposedPorts":{"3306/tcp":{},"33060/tcp":{}},"Tty":false,"OpenStdin":false,"StdinOnce":false,"Env":["MYSQL_DATABASE=lotification","MYSQL_PASSWORD=1234","MYSQL_USER=admin","MYSQL_ROOT_PASSWORD=1234","PATH=/usr/local/sbin:/usr/local/bin:/usr/sbin:/usr/bin:/sbin:/bin","GOSU_VERSION=1.14","MYSQL_MAJOR=8.0","MYSQL_VERSION=8.0.30-1.el8","MYSQL_SHELL_VERSION=8.0.30-1.el8"],"Cmd":["mysqld"],"Image":"mysql:8","Volumes":{"/var/lib/mysql":{}},"WorkingDir":"","Entrypoint":["docker-entrypoint.sh"],"OnBuild":null,"Labels":{"org.testcontainers":"true","org.testcontainers.sessionId":"c5b4bded-8a7b-4309-a94c-5bb153977152"}},"NetworkSettings":{"Bridge":"","SandboxID":"c87f478ec31081a2fc02a6d53fa5addc8f61962dea8dd5c17c1c641e1a25e99b","HairpinMode":false,"LinkLocalIPv6Address":"","LinkLocalIPv6PrefixLen":0,"Ports":{"3306/tcp":[{"HostIp":"0.0.0.0","HostPort":"63346"}],"33060/tcp":null},"SandboxKey":"/var/run/docker/netns/c87f478ec310","SecondaryIPAddresses":null,"SecondaryIPv6Addresses":null,"EndpointID":"7830774c518a6ae45bc93e5b48bd99e8a609aa29230b007326fa87b5ca32567f","Gateway":"172.17.0.1","GlobalIPv6Address":"","GlobalIPv6PrefixLen":0,"IPAddress":"172.17.0.4","IPPrefixLen":16,"IPv6Gateway":"","MacAddress":"02:42:ac:11:00:04","Networks":{"bridge":{"IPAMConfig":null,"Links":null,"Aliases":null,"NetworkID":"42b943ace1ba272d06317befbba08f853c5a08f211a0bdf3660599ced98f9c17","EndpointID":"7830774c518a6ae45bc93e5b48bd99e8a609aa29230b007326fa87b5ca32567f","Gateway":"172.17.0.1","IPAddress":"172.17.0.4","IPPrefixLen":16,"IPv6Gateway":"","GlobalIPv6Address":"","GlobalIPv6PrefixLen":0,"MacAddress":"02:42:ac:11:00:04","DriverOpts":null}}}}[\n]"
11:45:37.304 [Test worker] DEBUG com.github.dockerjava.zerodep.shaded.org.apache.hc.client5.http.wire - http-outgoing-2 << "[\r][\n]"
11:45:37.305 [Test worker] DEBUG com.github.dockerjava.zerodep.shaded.org.apache.hc.client5.http.wire - http-outgoing-2 << "0[\r][\n]"
11:45:37.305 [Test worker] DEBUG com.github.dockerjava.zerodep.shaded.org.apache.hc.client5.http.wire - http-outgoing-2 << "[\r][\n]"
11:45:37.305 [Test worker] DEBUG com.github.dockerjava.zerodep.shaded.org.apache.hc.client5.http.impl.classic.InternalHttpClient - ep-00000013: releasing valid endpoint
11:45:37.305 [Test worker] DEBUG com.github.dockerjava.zerodep.shaded.org.apache.hc.client5.http.impl.io.PoolingHttpClientConnectionManager - ep-00000013: releasing endpoint
11:45:37.305 [Test worker] DEBUG com.github.dockerjava.zerodep.shaded.org.apache.hc.client5.http.impl.io.PoolingHttpClientConnectionManager - ep-00000013: connection http-outgoing-2 can be kept alive for 3 MINUTES
11:45:37.305 [Test worker] DEBUG com.github.dockerjava.zerodep.shaded.org.apache.hc.client5.http.impl.io.PoolingHttpClientConnectionManager - ep-00000013: connection released [route: {}->unix://localhost:2375][total available: 1; route allocated: 1 of 2147483647; total allocated: 1 of 2147483647]
11:45:37.305 [Test worker] DEBUG ]]>&#x1f433;<![CDATA[ [mysql:8] - Trying to create JDBC connection using com.mysql.cj.jdbc.Driver to jdbc:mysql://localhost:63346/lotification?useSSL=false&allowPublicKeyRetrieval=true with properties: {password=1234, user=admin}
11:45:37.413 [Test worker] DEBUG org.testcontainers.shaded.com.github.dockerjava.core.command.AbstrDockerCmd - Cmd: 47a7ce05e61aa72bdced5a030ca6064519c62d122a5992816f04e0e528b5b17d,false
11:45:37.413 [Test worker] DEBUG org.testcontainers.shaded.com.github.dockerjava.core.exec.InspectContainerCmdExec - GET: DefaultWebTarget{path=[/containers/47a7ce05e61aa72bdced5a030ca6064519c62d122a5992816f04e0e528b5b17d/json], queryParams={}}
11:45:37.413 [Test worker] DEBUG com.github.dockerjava.zerodep.shaded.org.apache.hc.client5.http.impl.classic.InternalHttpClient - ex-00000015: preparing request execution
11:45:37.413 [Test worker] DEBUG com.github.dockerjava.zerodep.shaded.org.apache.hc.client5.http.protocol.RequestAddCookies - Cookie spec selected: strict
11:45:37.413 [Test worker] DEBUG com.github.dockerjava.zerodep.shaded.org.apache.hc.client5.http.protocol.RequestAuthCache - Auth cache not set in the context
11:45:37.413 [Test worker] DEBUG com.github.dockerjava.zerodep.shaded.org.apache.hc.client5.http.impl.classic.ProtocolExec - ex-00000015: target auth state: UNCHALLENGED
11:45:37.413 [Test worker] DEBUG com.github.dockerjava.zerodep.shaded.org.apache.hc.client5.http.impl.classic.ProtocolExec - ex-00000015: proxy auth state: UNCHALLENGED
11:45:37.413 [Test worker] DEBUG com.github.dockerjava.zerodep.shaded.org.apache.hc.client5.http.impl.classic.ConnectExec - ex-00000015: acquiring connection with route {}->unix://localhost:2375
11:45:37.413 [Test worker] DEBUG com.github.dockerjava.zerodep.shaded.org.apache.hc.client5.http.impl.classic.InternalHttpClient - ex-00000015: acquiring endpoint (3 MINUTES)
11:45:37.413 [Test worker] DEBUG com.github.dockerjava.zerodep.shaded.org.apache.hc.client5.http.impl.io.PoolingHttpClientConnectionManager - ex-00000015: endpoint lease request (3 MINUTES) [route: {}->unix://localhost:2375][total available: 1; route allocated: 1 of 2147483647; total allocated: 1 of 2147483647]
11:45:37.414 [Test worker] DEBUG com.github.dockerjava.zerodep.shaded.org.apache.hc.client5.http.impl.io.PoolingHttpClientConnectionManager - ex-00000015: endpoint leased [route: {}->unix://localhost:2375][total available: 0; route allocated: 1 of 2147483647; total allocated: 1 of 2147483647]
11:45:37.414 [Test worker] DEBUG com.github.dockerjava.zerodep.shaded.org.apache.hc.client5.http.impl.io.PoolingHttpClientConnectionManager - ex-00000015: acquired ep-00000014
11:45:37.414 [Test worker] DEBUG com.github.dockerjava.zerodep.shaded.org.apache.hc.client5.http.impl.classic.InternalHttpClient - ex-00000015: acquired endpoint ep-00000014
11:45:37.414 [Test worker] DEBUG com.github.dockerjava.zerodep.shaded.org.apache.hc.client5.http.impl.classic.MainClientExec - ex-00000015: executing GET /v1.32/containers/47a7ce05e61aa72bdced5a030ca6064519c62d122a5992816f04e0e528b5b17d/json HTTP/1.1
11:45:37.414 [Test worker] DEBUG com.github.dockerjava.zerodep.shaded.org.apache.hc.client5.http.impl.classic.InternalHttpClient - ep-00000014: start execution ex-00000015
11:45:37.414 [Test worker] DEBUG com.github.dockerjava.zerodep.shaded.org.apache.hc.client5.http.impl.io.PoolingHttpClientConnectionManager - ep-00000014: executing exchange ex-00000015 over http-outgoing-2
11:45:37.414 [Test worker] DEBUG com.github.dockerjava.zerodep.shaded.org.apache.hc.client5.http.headers - http-outgoing-2 >> GET /v1.32/containers/47a7ce05e61aa72bdced5a030ca6064519c62d122a5992816f04e0e528b5b17d/json HTTP/1.1
11:45:37.414 [Test worker] DEBUG com.github.dockerjava.zerodep.shaded.org.apache.hc.client5.http.headers - http-outgoing-2 >> accept: application/json
11:45:37.414 [Test worker] DEBUG com.github.dockerjava.zerodep.shaded.org.apache.hc.client5.http.headers - http-outgoing-2 >> x-tc-sid: c5b4bded-8a7b-4309-a94c-5bb153977152
11:45:37.414 [Test worker] DEBUG com.github.dockerjava.zerodep.shaded.org.apache.hc.client5.http.headers - http-outgoing-2 >> Accept-Encoding: gzip, x-gzip, deflate
11:45:37.414 [Test worker] DEBUG com.github.dockerjava.zerodep.shaded.org.apache.hc.client5.http.headers - http-outgoing-2 >> Host: localhost:2375
11:45:37.414 [Test worker] DEBUG com.github.dockerjava.zerodep.shaded.org.apache.hc.client5.http.headers - http-outgoing-2 >> Connection: keep-alive
11:45:37.414 [Test worker] DEBUG com.github.dockerjava.zerodep.shaded.org.apache.hc.client5.http.headers - http-outgoing-2 >> User-Agent: Apache-HttpClient/5.0.3 (Java/17.0.3)
11:45:37.414 [Test worker] DEBUG com.github.dockerjava.zerodep.shaded.org.apache.hc.client5.http.wire - http-outgoing-2 >> "GET /v1.32/containers/47a7ce05e61aa72bdced5a030ca6064519c62d122a5992816f04e0e528b5b17d/json HTTP/1.1[\r][\n]"
11:45:37.414 [Test worker] DEBUG com.github.dockerjava.zerodep.shaded.org.apache.hc.client5.http.wire - http-outgoing-2 >> "accept: application/json[\r][\n]"
11:45:37.414 [Test worker] DEBUG com.github.dockerjava.zerodep.shaded.org.apache.hc.client5.http.wire - http-outgoing-2 >> "x-tc-sid: c5b4bded-8a7b-4309-a94c-5bb153977152[\r][\n]"
11:45:37.414 [Test worker] DEBUG com.github.dockerjava.zerodep.shaded.org.apache.hc.client5.http.wire - http-outgoing-2 >> "Accept-Encoding: gzip, x-gzip, deflate[\r][\n]"
11:45:37.414 [Test worker] DEBUG com.github.dockerjava.zerodep.shaded.org.apache.hc.client5.http.wire - http-outgoing-2 >> "Host: localhost:2375[\r][\n]"
11:45:37.414 [Test worker] DEBUG com.github.dockerjava.zerodep.shaded.org.apache.hc.client5.http.wire - http-outgoing-2 >> "Connection: keep-alive[\r][\n]"
11:45:37.414 [Test worker] DEBUG com.github.dockerjava.zerodep.shaded.org.apache.hc.client5.http.wire - http-outgoing-2 >> "User-Agent: Apache-HttpClient/5.0.3 (Java/17.0.3)[\r][\n]"
11:45:37.414 [Test worker] DEBUG com.github.dockerjava.zerodep.shaded.org.apache.hc.client5.http.wire - http-outgoing-2 >> "[\r][\n]"
11:45:37.416 [Test worker] DEBUG com.github.dockerjava.zerodep.shaded.org.apache.hc.client5.http.wire - http-outgoing-2 << "HTTP/1.1 200 OK[\r][\n]"
11:45:37.416 [Test worker] DEBUG com.github.dockerjava.zerodep.shaded.org.apache.hc.client5.http.wire - http-outgoing-2 << "Api-Version: 1.41[\r][\n]"
11:45:37.416 [Test worker] DEBUG com.github.dockerjava.zerodep.shaded.org.apache.hc.client5.http.wire - http-outgoing-2 << "Content-Type: application/json[\r][\n]"
11:45:37.416 [Test worker] DEBUG com.github.dockerjava.zerodep.shaded.org.apache.hc.client5.http.wire - http-outgoing-2 << "Date: Mon, 26 Sep 2022 02:45:37 GMT[\r][\n]"
11:45:37.416 [Test worker] DEBUG com.github.dockerjava.zerodep.shaded.org.apache.hc.client5.http.wire - http-outgoing-2 << "Docker-Experimental: false[\r][\n]"
11:45:37.416 [Test worker] DEBUG com.github.dockerjava.zerodep.shaded.org.apache.hc.client5.http.wire - http-outgoing-2 << "Ostype: linux[\r][\n]"
11:45:37.416 [Test worker] DEBUG com.github.dockerjava.zerodep.shaded.org.apache.hc.client5.http.wire - http-outgoing-2 << "Server: Docker/20.10.11 (linux)[\r][\n]"
11:45:37.416 [Test worker] DEBUG com.github.dockerjava.zerodep.shaded.org.apache.hc.client5.http.wire - http-outgoing-2 << "Transfer-Encoding: chunked[\r][\n]"
11:45:37.416 [Test worker] DEBUG com.github.dockerjava.zerodep.shaded.org.apache.hc.client5.http.wire - http-outgoing-2 << "[\r][\n]"
11:45:37.416 [Test worker] DEBUG com.github.dockerjava.zerodep.shaded.org.apache.hc.client5.http.headers - http-outgoing-2 << HTTP/1.1 200 OK
11:45:37.416 [Test worker] DEBUG com.github.dockerjava.zerodep.shaded.org.apache.hc.client5.http.headers - http-outgoing-2 << Api-Version: 1.41
11:45:37.416 [Test worker] DEBUG com.github.dockerjava.zerodep.shaded.org.apache.hc.client5.http.headers - http-outgoing-2 << Content-Type: application/json
11:45:37.416 [Test worker] DEBUG com.github.dockerjava.zerodep.shaded.org.apache.hc.client5.http.headers - http-outgoing-2 << Date: Mon, 26 Sep 2022 02:45:37 GMT
11:45:37.416 [Test worker] DEBUG com.github.dockerjava.zerodep.shaded.org.apache.hc.client5.http.headers - http-outgoing-2 << Docker-Experimental: false
11:45:37.416 [Test worker] DEBUG com.github.dockerjava.zerodep.shaded.org.apache.hc.client5.http.headers - http-outgoing-2 << Ostype: linux
11:45:37.416 [Test worker] DEBUG com.github.dockerjava.zerodep.shaded.org.apache.hc.client5.http.headers - http-outgoing-2 << Server: Docker/20.10.11 (linux)
11:45:37.416 [Test worker] DEBUG com.github.dockerjava.zerodep.shaded.org.apache.hc.client5.http.headers - http-outgoing-2 << Transfer-Encoding: chunked
11:45:37.416 [Test worker] DEBUG com.github.dockerjava.zerodep.shaded.org.apache.hc.client5.http.impl.classic.MainClientExec - ex-00000015: connection can be kept alive for 3 MINUTES
11:45:37.417 [Test worker] DEBUG com.github.dockerjava.zerodep.shaded.org.apache.hc.client5.http.wire - http-outgoing-2 << "1882[\r][\n]"
11:45:37.417 [Test worker] DEBUG com.github.dockerjava.zerodep.shaded.org.apache.hc.client5.http.wire - http-outgoing-2 << "{"Id":"47a7ce05e61aa72bdced5a030ca6064519c62d122a5992816f04e0e528b5b17d","Created":"2022-09-26T02:45:36.042081626Z","Path":"docker-entrypoint.sh","Args":["mysqld"],"State":{"Status":"running","Running":true,"Paused":false,"Restarting":false,"OOMKilled":false,"Dead":false,"Pid":2251,"ExitCode":0,"Error":"","StartedAt":"2022-09-26T02:45:36.388226668Z","FinishedAt":"0001-01-01T00:00:00Z"},"Image":"sha256:5e229524f286e653111cb9d028bf1ba4c3490742c8cd18c84af22538f0e68575","ResolvConfPath":"/var/lib/docker/containers/47a7ce05e61aa72bdced5a030ca6064519c62d122a5992816f04e0e528b5b17d/resolv.conf","HostnamePath":"/var/lib/docker/containers/47a7ce05e61aa72bdced5a030ca6064519c62d122a5992816f04e0e528b5b17d/hostname","HostsPath":"/var/lib/docker/containers/47a7ce05e61aa72bdced5a030ca6064519c62d122a5992816f04e0e528b5b17d/hosts","LogPath":"/var/lib/docker/containers/47a7ce05e61aa72bdced5a030ca6064519c62d122a5992816f04e0e528b5b17d/47a7ce05e61aa72bdced5a030ca6064519c62d122a5992816f04e0e528b5b17d-json.log","Name":"/crazy_chaum","RestartCount":0,"Driver":"overlay2","Platform":"linux","MountLabel":"","ProcessLabel":"","AppArmorProfile":"","ExecIDs":null,"HostConfig":{"Binds":[],"ContainerIDFile":"","LogConfig":{"Type":"json-file","Config":{}},"NetworkMode":"default","PortBindings":{"3306/tcp":[{"HostIp":"0.0.0.0","HostPort":"0"}]},"RestartPolicy":{"Name":"","MaximumRetryCount":0},"AutoRemove":false,"VolumeDriver":"","VolumesFrom":[],"CapAdd":null,"CapDrop":null,"CgroupnsMode":"private","Dns":null,"DnsOptions":null,"DnsSearch":null,"ExtraHosts":[],"GroupAdd":null,"IpcMode":"shareable","Cgroup":"","Links":null,"OomScoreAdj":0,"PidMode":"","Privileged":false,"PublishAllPorts":false,"ReadonlyRootfs":false,"SecurityOpt":null,"UTSMode":"","UsernsMode":"","ShmSize":67108864,"Runtime":"runc","ConsoleSize":[0,0],"Isolation":"","CpuShares":0,"Memory":0,"NanoCpus":0,"CgroupParent":"","BlkioWeight":0,"BlkioWeightDevice":null,"BlkioDeviceReadBps":null,"BlkioDeviceWriteBps":null,"BlkioDeviceReadIOps":null,"BlkioDeviceWriteIOps":null,"CpuPeriod":0,"CpuQuota":0,"CpuRealtimePeriod":0,"CpuRealtimeRuntime":0,"CpusetCpus":"","CpusetMems":"","Devices":null,"DeviceCgroupRules":null,"DeviceRequests":null,"KernelMemory":0,"KernelMemoryTCP":0,"MemoryReservation":0,"MemorySwap":0,"MemorySwappiness":null,"OomKillDisable":null,"PidsLimit":null,"Ulimits":null,"CpuCount":0,"CpuPercent":0,"IOMaximumIOps":0,"IOMaximumBandwidth":0,"MaskedPaths":["/proc/asound","/proc/acpi","/proc/kcore","/proc/keys","/proc/latency_stats","/proc/timer_list","/proc/timer_stats","/proc/sched_debug","/proc/scsi","/sys/firmware"],"ReadonlyPaths":["/proc/bus","/proc/fs","/proc/irq","/proc/sys","/proc/sysrq-trigger"]},"GraphDriver":{"Data":{"LowerDir":"/var/lib/docker/overlay2/45da4782eb6c4075fef21a16271836d62c4e4726b16ef4c5ea199d4e626bdb39-init/diff:/var/lib/docker/overlay2/27a623f1ab748258e017a40f339844ef533377092bad4182aa320e9399893e13/diff:/var/lib/docker/overlay2/d7c1e4de558b6bbbdc3209a51fc73295262b5271709fe659d0e2e94f626eea74/diff:/var/lib/docker/overlay2/2df554f793c3600571e2f078ad2e20025d6b2e35f3d18881ead4f70e2cc26cb8/diff:/var/lib/docker/overlay2/feb23515577245ad51a24945de1e6bab842929569da912a2b4a33a48c6c2331f/diff:/var/lib/docker/overlay2/cc2cdbce154e19d9c4f376917b6c92ebd55b0b495124ffd2c9d7e9c82b6a95f9/diff:/var/lib/docker/overlay2/968467fe01280f82d26487386f320a15000815d63000d5ec89b47acca8f77ef2/diff:/var/lib/docker/overlay2/cc59daa314bbcaec43d6cd4064c7863b4b3976b989121dcf2e32c4710281f247/diff:/var/lib/docker/overlay2/dc5d8b1cf96cfd5d96d68fbed14248edf1244c1a4669ba07b0bab7f3d782f058/diff:/var/lib/docker/overlay2/dcca184158d696706cd99e62ffa3e5c42964eb57190bef35421cdf3f83a8c130/diff:/var/lib/docker/overlay2/a7f928596da67ce59f34b0ba4cee4a3b948b94f91ad0b0b6260dc54fb9b5a048/diff:/var/lib/docker/overlay2/6ac5adbfff6202b1faa13a2a2fd92625bdda668cdac1a1d2230becbb394e569f/diff","MergedDir":"/var/lib/docker/overlay2/45da4782eb6c4075fef21a16271836d62c4e4726b16ef4c5ea199d4e626bdb39/merged","UpperDir":"/var/lib/docker/overlay2/45da4782eb6c4075fef21a16271836d62c4e4726b16ef4c5ea199d4e626bdb39/diff","WorkDir":"/var/lib/docker/overlay2/45da4782eb6c4075fef21a16271836d62c4e4726b16ef4c5ea199d4e626bdb39/work"},"Name":"overlay2"},"Mounts":[{"Type":"volume","Name":"08668a73464516d2c615e247a561222f461f2385cff5615e53cc78e96456230c","Source":"/var/lib/docker/volumes/08668a73464516d2c615e247a561222f461f2385cff5615e53cc78e96456230c/_data","Destination":"/var/lib/mysql","Driver":"local","Mode":"","RW":true,"Propagation":""}],"Config":{"Hostname":"47a7ce05e61a","Domainname":"","User":"","AttachStdin":false,"AttachStdout":false,"AttachStderr":false,"ExposedPorts":{"3306/tcp":{},"33060/tcp":{}},"Tty":false,"OpenStdin":false,"StdinOnce":false,"Env":["MYSQL_DATABASE=lotification","MYSQL_PASSWORD=1234","MYSQL_USER=admin","MYSQL_ROOT_PASSWORD=1234","PATH=/usr/local/sbin:/usr/local/bin:/usr/sbin:/usr/bin:/sbin:/bin","GOSU_VERSION=1.14","MYSQL_MAJOR=8.0","MYSQL_VERSION=8.0.30-1.el8","MYSQL_SHELL_VERSION=8.0.30-1.el8"],"Cmd":["mysqld"],"Image":"mysql:8","Volumes":{"/var/lib/mysql":{}},"WorkingDir":"","Entrypoint":["docker-entrypoint.sh"],"OnBuild":null,"Labels":{"org.testcontainers":"true","org.testcontainers.sessionId":"c5b4bded-8a7b-4309-a94c-5bb153977152"}},"NetworkSettings":{"Bridge":"","SandboxID":"c87f478ec31081a2fc02a6d53fa5addc8f61962dea8dd5c17c1c641e1a25e99b","HairpinMode":false,"LinkLocalIPv6Address":"","LinkLocalIPv6PrefixLen":0,"Ports":{"3306/tcp":[{"HostIp":"0.0.0.0","HostPort":"63346"}],"33060/tcp":null},"SandboxKey":"/var/run/docker/netns/c87f478ec310","SecondaryIPAddresses":null,"SecondaryIPv6Addresses":null,"EndpointID":"7830774c518a6ae45bc93e5b48bd99e8a609aa29230b007326fa87b5ca32567f","Gateway":"172.17.0.1","GlobalIPv6Address":"","GlobalIPv6PrefixLen":0,"IPAddress":"172.17.0.4","IPPrefixLen":16,"IPv6Gateway":"","MacAddress":"02:42:ac:11:00:04","Networks":{"bridge":{"IPAMConfig":null,"Links":null,"Aliases":null,"NetworkID":"42b943ace1ba272d06317befbba08f853c5a08f211a0bdf3660599ced98f9c17","EndpointID":"7830774c518a6ae45bc93e5b48bd99e8a609aa29230b007326fa87b5ca32567f","Gateway":"172.17.0.1","IPAddress":"172.17.0.4","IPPrefixLen":16,"IPv6Gateway":"","GlobalIPv6Address":"","GlobalIPv6PrefixLen":0,"MacAddress":"02:42:ac:11:00:04","DriverOpts":null}}}}[\n]"
11:45:37.417 [Test worker] DEBUG com.github.dockerjava.zerodep.shaded.org.apache.hc.client5.http.wire - http-outgoing-2 << "[\r][\n]"
11:45:37.418 [Test worker] DEBUG com.github.dockerjava.zerodep.shaded.org.apache.hc.client5.http.wire - http-outgoing-2 << "0[\r][\n]"
11:45:37.418 [Test worker] DEBUG com.github.dockerjava.zerodep.shaded.org.apache.hc.client5.http.wire - http-outgoing-2 << "[\r][\n]"
11:45:37.418 [Test worker] DEBUG com.github.dockerjava.zerodep.shaded.org.apache.hc.client5.http.impl.classic.InternalHttpClient - ep-00000014: releasing valid endpoint
11:45:37.418 [Test worker] DEBUG com.github.dockerjava.zerodep.shaded.org.apache.hc.client5.http.impl.io.PoolingHttpClientConnectionManager - ep-00000014: releasing endpoint
11:45:37.418 [Test worker] DEBUG com.github.dockerjava.zerodep.shaded.org.apache.hc.client5.http.impl.io.PoolingHttpClientConnectionManager - ep-00000014: connection http-outgoing-2 can be kept alive for 3 MINUTES
11:45:37.418 [Test worker] DEBUG com.github.dockerjava.zerodep.shaded.org.apache.hc.client5.http.impl.io.PoolingHttpClientConnectionManager - ep-00000014: connection released [route: {}->unix://localhost:2375][total available: 1; route allocated: 1 of 2147483647; total allocated: 1 of 2147483647]
11:45:37.418 [Test worker] DEBUG ]]>&#x1f433;<![CDATA[ [mysql:8] - Trying to create JDBC connection using com.mysql.cj.jdbc.Driver to jdbc:mysql://localhost:63346/lotification?useSSL=false&allowPublicKeyRetrieval=true with properties: {password=1234, user=admin}
11:45:37.525 [Test worker] DEBUG org.testcontainers.shaded.com.github.dockerjava.core.command.AbstrDockerCmd - Cmd: 47a7ce05e61aa72bdced5a030ca6064519c62d122a5992816f04e0e528b5b17d,false
11:45:37.526 [Test worker] DEBUG org.testcontainers.shaded.com.github.dockerjava.core.exec.InspectContainerCmdExec - GET: DefaultWebTarget{path=[/containers/47a7ce05e61aa72bdced5a030ca6064519c62d122a5992816f04e0e528b5b17d/json], queryParams={}}
11:45:37.526 [Test worker] DEBUG com.github.dockerjava.zerodep.shaded.org.apache.hc.client5.http.impl.classic.InternalHttpClient - ex-00000016: preparing request execution
11:45:37.526 [Test worker] DEBUG com.github.dockerjava.zerodep.shaded.org.apache.hc.client5.http.protocol.RequestAddCookies - Cookie spec selected: strict
11:45:37.526 [Test worker] DEBUG com.github.dockerjava.zerodep.shaded.org.apache.hc.client5.http.protocol.RequestAuthCache - Auth cache not set in the context
11:45:37.526 [Test worker] DEBUG com.github.dockerjava.zerodep.shaded.org.apache.hc.client5.http.impl.classic.ProtocolExec - ex-00000016: target auth state: UNCHALLENGED
11:45:37.526 [Test worker] DEBUG com.github.dockerjava.zerodep.shaded.org.apache.hc.client5.http.impl.classic.ProtocolExec - ex-00000016: proxy auth state: UNCHALLENGED
11:45:37.526 [Test worker] DEBUG com.github.dockerjava.zerodep.shaded.org.apache.hc.client5.http.impl.classic.ConnectExec - ex-00000016: acquiring connection with route {}->unix://localhost:2375
11:45:37.526 [Test worker] DEBUG com.github.dockerjava.zerodep.shaded.org.apache.hc.client5.http.impl.classic.InternalHttpClient - ex-00000016: acquiring endpoint (3 MINUTES)
11:45:37.526 [Test worker] DEBUG com.github.dockerjava.zerodep.shaded.org.apache.hc.client5.http.impl.io.PoolingHttpClientConnectionManager - ex-00000016: endpoint lease request (3 MINUTES) [route: {}->unix://localhost:2375][total available: 1; route allocated: 1 of 2147483647; total allocated: 1 of 2147483647]
11:45:37.526 [Test worker] DEBUG com.github.dockerjava.zerodep.shaded.org.apache.hc.client5.http.impl.io.PoolingHttpClientConnectionManager - ex-00000016: endpoint leased [route: {}->unix://localhost:2375][total available: 0; route allocated: 1 of 2147483647; total allocated: 1 of 2147483647]
11:45:37.526 [Test worker] DEBUG com.github.dockerjava.zerodep.shaded.org.apache.hc.client5.http.impl.io.PoolingHttpClientConnectionManager - ex-00000016: acquired ep-00000015
11:45:37.526 [Test worker] DEBUG com.github.dockerjava.zerodep.shaded.org.apache.hc.client5.http.impl.classic.InternalHttpClient - ex-00000016: acquired endpoint ep-00000015
11:45:37.526 [Test worker] DEBUG com.github.dockerjava.zerodep.shaded.org.apache.hc.client5.http.impl.classic.MainClientExec - ex-00000016: executing GET /v1.32/containers/47a7ce05e61aa72bdced5a030ca6064519c62d122a5992816f04e0e528b5b17d/json HTTP/1.1
11:45:37.526 [Test worker] DEBUG com.github.dockerjava.zerodep.shaded.org.apache.hc.client5.http.impl.classic.InternalHttpClient - ep-00000015: start execution ex-00000016
11:45:37.526 [Test worker] DEBUG com.github.dockerjava.zerodep.shaded.org.apache.hc.client5.http.impl.io.PoolingHttpClientConnectionManager - ep-00000015: executing exchange ex-00000016 over http-outgoing-2
11:45:37.526 [Test worker] DEBUG com.github.dockerjava.zerodep.shaded.org.apache.hc.client5.http.headers - http-outgoing-2 >> GET /v1.32/containers/47a7ce05e61aa72bdced5a030ca6064519c62d122a5992816f04e0e528b5b17d/json HTTP/1.1
11:45:37.526 [Test worker] DEBUG com.github.dockerjava.zerodep.shaded.org.apache.hc.client5.http.headers - http-outgoing-2 >> accept: application/json
11:45:37.526 [Test worker] DEBUG com.github.dockerjava.zerodep.shaded.org.apache.hc.client5.http.headers - http-outgoing-2 >> x-tc-sid: c5b4bded-8a7b-4309-a94c-5bb153977152
11:45:37.526 [Test worker] DEBUG com.github.dockerjava.zerodep.shaded.org.apache.hc.client5.http.headers - http-outgoing-2 >> Accept-Encoding: gzip, x-gzip, deflate
11:45:37.526 [Test worker] DEBUG com.github.dockerjava.zerodep.shaded.org.apache.hc.client5.http.headers - http-outgoing-2 >> Host: localhost:2375
11:45:37.526 [Test worker] DEBUG com.github.dockerjava.zerodep.shaded.org.apache.hc.client5.http.headers - http-outgoing-2 >> Connection: keep-alive
11:45:37.526 [Test worker] DEBUG com.github.dockerjava.zerodep.shaded.org.apache.hc.client5.http.headers - http-outgoing-2 >> User-Agent: Apache-HttpClient/5.0.3 (Java/17.0.3)
11:45:37.526 [Test worker] DEBUG com.github.dockerjava.zerodep.shaded.org.apache.hc.client5.http.wire - http-outgoing-2 >> "GET /v1.32/containers/47a7ce05e61aa72bdced5a030ca6064519c62d122a5992816f04e0e528b5b17d/json HTTP/1.1[\r][\n]"
11:45:37.526 [Test worker] DEBUG com.github.dockerjava.zerodep.shaded.org.apache.hc.client5.http.wire - http-outgoing-2 >> "accept: application/json[\r][\n]"
11:45:37.526 [Test worker] DEBUG com.github.dockerjava.zerodep.shaded.org.apache.hc.client5.http.wire - http-outgoing-2 >> "x-tc-sid: c5b4bded-8a7b-4309-a94c-5bb153977152[\r][\n]"
11:45:37.526 [Test worker] DEBUG com.github.dockerjava.zerodep.shaded.org.apache.hc.client5.http.wire - http-outgoing-2 >> "Accept-Encoding: gzip, x-gzip, deflate[\r][\n]"
11:45:37.526 [Test worker] DEBUG com.github.dockerjava.zerodep.shaded.org.apache.hc.client5.http.wire - http-outgoing-2 >> "Host: localhost:2375[\r][\n]"
11:45:37.526 [Test worker] DEBUG com.github.dockerjava.zerodep.shaded.org.apache.hc.client5.http.wire - http-outgoing-2 >> "Connection: keep-alive[\r][\n]"
11:45:37.526 [Test worker] DEBUG com.github.dockerjava.zerodep.shaded.org.apache.hc.client5.http.wire - http-outgoing-2 >> "User-Agent: Apache-HttpClient/5.0.3 (Java/17.0.3)[\r][\n]"
11:45:37.526 [Test worker] DEBUG com.github.dockerjava.zerodep.shaded.org.apache.hc.client5.http.wire - http-outgoing-2 >> "[\r][\n]"
11:45:37.529 [Test worker] DEBUG com.github.dockerjava.zerodep.shaded.org.apache.hc.client5.http.wire - http-outgoing-2 << "HTTP/1.1 200 OK[\r][\n]"
11:45:37.529 [Test worker] DEBUG com.github.dockerjava.zerodep.shaded.org.apache.hc.client5.http.wire - http-outgoing-2 << "Api-Version: 1.41[\r][\n]"
11:45:37.529 [Test worker] DEBUG com.github.dockerjava.zerodep.shaded.org.apache.hc.client5.http.wire - http-outgoing-2 << "Content-Type: application/json[\r][\n]"
11:45:37.529 [Test worker] DEBUG com.github.dockerjava.zerodep.shaded.org.apache.hc.client5.http.wire - http-outgoing-2 << "Date: Mon, 26 Sep 2022 02:45:37 GMT[\r][\n]"
11:45:37.529 [Test worker] DEBUG com.github.dockerjava.zerodep.shaded.org.apache.hc.client5.http.wire - http-outgoing-2 << "Docker-Experimental: false[\r][\n]"
11:45:37.529 [Test worker] DEBUG com.github.dockerjava.zerodep.shaded.org.apache.hc.client5.http.wire - http-outgoing-2 << "Ostype: linux[\r][\n]"
11:45:37.529 [Test worker] DEBUG com.github.dockerjava.zerodep.shaded.org.apache.hc.client5.http.wire - http-outgoing-2 << "Server: Docker/20.10.11 (linux)[\r][\n]"
11:45:37.529 [Test worker] DEBUG com.github.dockerjava.zerodep.shaded.org.apache.hc.client5.http.wire - http-outgoing-2 << "Transfer-Encoding: chunked[\r][\n]"
11:45:37.529 [Test worker] DEBUG com.github.dockerjava.zerodep.shaded.org.apache.hc.client5.http.wire - http-outgoing-2 << "[\r][\n]"
11:45:37.529 [Test worker] DEBUG com.github.dockerjava.zerodep.shaded.org.apache.hc.client5.http.headers - http-outgoing-2 << HTTP/1.1 200 OK
11:45:37.529 [Test worker] DEBUG com.github.dockerjava.zerodep.shaded.org.apache.hc.client5.http.headers - http-outgoing-2 << Api-Version: 1.41
11:45:37.529 [Test worker] DEBUG com.github.dockerjava.zerodep.shaded.org.apache.hc.client5.http.headers - http-outgoing-2 << Content-Type: application/json
11:45:37.529 [Test worker] DEBUG com.github.dockerjava.zerodep.shaded.org.apache.hc.client5.http.headers - http-outgoing-2 << Date: Mon, 26 Sep 2022 02:45:37 GMT
11:45:37.529 [Test worker] DEBUG com.github.dockerjava.zerodep.shaded.org.apache.hc.client5.http.headers - http-outgoing-2 << Docker-Experimental: false
11:45:37.529 [Test worker] DEBUG com.github.dockerjava.zerodep.shaded.org.apache.hc.client5.http.headers - http-outgoing-2 << Ostype: linux
11:45:37.529 [Test worker] DEBUG com.github.dockerjava.zerodep.shaded.org.apache.hc.client5.http.headers - http-outgoing-2 << Server: Docker/20.10.11 (linux)
11:45:37.529 [Test worker] DEBUG com.github.dockerjava.zerodep.shaded.org.apache.hc.client5.http.headers - http-outgoing-2 << Transfer-Encoding: chunked
11:45:37.529 [Test worker] DEBUG com.github.dockerjava.zerodep.shaded.org.apache.hc.client5.http.impl.classic.MainClientExec - ex-00000016: connection can be kept alive for 3 MINUTES
11:45:37.529 [Test worker] DEBUG com.github.dockerjava.zerodep.shaded.org.apache.hc.client5.http.wire - http-outgoing-2 << "1882[\r][\n]"
11:45:37.529 [Test worker] DEBUG com.github.dockerjava.zerodep.shaded.org.apache.hc.client5.http.wire - http-outgoing-2 << "{"Id":"47a7ce05e61aa72bdced5a030ca6064519c62d122a5992816f04e0e528b5b17d","Created":"2022-09-26T02:45:36.042081626Z","Path":"docker-entrypoint.sh","Args":["mysqld"],"State":{"Status":"running","Running":true,"Paused":false,"Restarting":false,"OOMKilled":false,"Dead":false,"Pid":2251,"ExitCode":0,"Error":"","StartedAt":"2022-09-26T02:45:36.388226668Z","FinishedAt":"0001-01-01T00:00:00Z"},"Image":"sha256:5e229524f286e653111cb9d028bf1ba4c3490742c8cd18c84af22538f0e68575","ResolvConfPath":"/var/lib/docker/containers/47a7ce05e61aa72bdced5a030ca6064519c62d122a5992816f04e0e528b5b17d/resolv.conf","HostnamePath":"/var/lib/docker/containers/47a7ce05e61aa72bdced5a030ca6064519c62d122a5992816f04e0e528b5b17d/hostname","HostsPath":"/var/lib/docker/containers/47a7ce05e61aa72bdced5a030ca6064519c62d122a5992816f04e0e528b5b17d/hosts","LogPath":"/var/lib/docker/containers/47a7ce05e61aa72bdced5a030ca6064519c62d122a5992816f04e0e528b5b17d/47a7ce05e61aa72bdced5a030ca6064519c62d122a5992816f04e0e528b5b17d-json.log","Name":"/crazy_chaum","RestartCount":0,"Driver":"overlay2","Platform":"linux","MountLabel":"","ProcessLabel":"","AppArmorProfile":"","ExecIDs":null,"HostConfig":{"Binds":[],"ContainerIDFile":"","LogConfig":{"Type":"json-file","Config":{}},"NetworkMode":"default","PortBindings":{"3306/tcp":[{"HostIp":"0.0.0.0","HostPort":"0"}]},"RestartPolicy":{"Name":"","MaximumRetryCount":0},"AutoRemove":false,"VolumeDriver":"","VolumesFrom":[],"CapAdd":null,"CapDrop":null,"CgroupnsMode":"private","Dns":null,"DnsOptions":null,"DnsSearch":null,"ExtraHosts":[],"GroupAdd":null,"IpcMode":"shareable","Cgroup":"","Links":null,"OomScoreAdj":0,"PidMode":"","Privileged":false,"PublishAllPorts":false,"ReadonlyRootfs":false,"SecurityOpt":null,"UTSMode":"","UsernsMode":"","ShmSize":67108864,"Runtime":"runc","ConsoleSize":[0,0],"Isolation":"","CpuShares":0,"Memory":0,"NanoCpus":0,"CgroupParent":"","BlkioWeight":0,"BlkioWeightDevice":null,"BlkioDeviceReadBps":null,"BlkioDeviceWriteBps":null,"BlkioDeviceReadIOps":null,"BlkioDeviceWriteIOps":null,"CpuPeriod":0,"CpuQuota":0,"CpuRealtimePeriod":0,"CpuRealtimeRuntime":0,"CpusetCpus":"","CpusetMems":"","Devices":null,"DeviceCgroupRules":null,"DeviceRequests":null,"KernelMemory":0,"KernelMemoryTCP":0,"MemoryReservation":0,"MemorySwap":0,"MemorySwappiness":null,"OomKillDisable":null,"PidsLimit":null,"Ulimits":null,"CpuCount":0,"CpuPercent":0,"IOMaximumIOps":0,"IOMaximumBandwidth":0,"MaskedPaths":["/proc/asound","/proc/acpi","/proc/kcore","/proc/keys","/proc/latency_stats","/proc/timer_list","/proc/timer_stats","/proc/sched_debug","/proc/scsi","/sys/firmware"],"ReadonlyPaths":["/proc/bus","/proc/fs","/proc/irq","/proc/sys","/proc/sysrq-trigger"]},"GraphDriver":{"Data":{"LowerDir":"/var/lib/docker/overlay2/45da4782eb6c4075fef21a16271836d62c4e4726b16ef4c5ea199d4e626bdb39-init/diff:/var/lib/docker/overlay2/27a623f1ab748258e017a40f339844ef533377092bad4182aa320e9399893e13/diff:/var/lib/docker/overlay2/d7c1e4de558b6bbbdc3209a51fc73295262b5271709fe659d0e2e94f626eea74/diff:/var/lib/docker/overlay2/2df554f793c3600571e2f078ad2e20025d6b2e35f3d18881ead4f70e2cc26cb8/diff:/var/lib/docker/overlay2/feb23515577245ad51a24945de1e6bab842929569da912a2b4a33a48c6c2331f/diff:/var/lib/docker/overlay2/cc2cdbce154e19d9c4f376917b6c92ebd55b0b495124ffd2c9d7e9c82b6a95f9/diff:/var/lib/docker/overlay2/968467fe01280f82d26487386f320a15000815d63000d5ec89b47acca8f77ef2/diff:/var/lib/docker/overlay2/cc59daa314bbcaec43d6cd4064c7863b4b3976b989121dcf2e32c4710281f247/diff:/var/lib/docker/overlay2/dc5d8b1cf96cfd5d96d68fbed14248edf1244c1a4669ba07b0bab7f3d782f058/diff:/var/lib/docker/overlay2/dcca184158d696706cd99e62ffa3e5c42964eb57190bef35421cdf3f83a8c130/diff:/var/lib/docker/overlay2/a7f928596da67ce59f34b0ba4cee4a3b948b94f91ad0b0b6260dc54fb9b5a048/diff:/var/lib/docker/overlay2/6ac5adbfff6202b1faa13a2a2fd92625bdda668cdac1a1d2230becbb394e569f/diff","MergedDir":"/var/lib/docker/overlay2/45da4782eb6c4075fef21a16271836d62c4e4726b16ef4c5ea199d4e626bdb39/merged","UpperDir":"/var/lib/docker/overlay2/45da4782eb6c4075fef21a16271836d62c4e4726b16ef4c5ea199d4e626bdb39/diff","WorkDir":"/var/lib/docker/overlay2/45da4782eb6c4075fef21a16271836d62c4e4726b16ef4c5ea199d4e626bdb39/work"},"Name":"overlay2"},"Mounts":[{"Type":"volume","Name":"08668a73464516d2c615e247a561222f461f2385cff5615e53cc78e96456230c","Source":"/var/lib/docker/volumes/08668a73464516d2c615e247a561222f461f2385cff5615e53cc78e96456230c/_data","Destination":"/var/lib/mysql","Driver":"local","Mode":"","RW":true,"Propagation":""}],"Config":{"Hostname":"47a7ce05e61a","Domainname":"","User":"","AttachStdin":false,"AttachStdout":false,"AttachStderr":false,"ExposedPorts":{"3306/tcp":{},"33060/tcp":{}},"Tty":false,"OpenStdin":false,"StdinOnce":false,"Env":["MYSQL_DATABASE=lotification","MYSQL_PASSWORD=1234","MYSQL_USER=admin","MYSQL_ROOT_PASSWORD=1234","PATH=/usr/local/sbin:/usr/local/bin:/usr/sbin:/usr/bin:/sbin:/bin","GOSU_VERSION=1.14","MYSQL_MAJOR=8.0","MYSQL_VERSION=8.0.30-1.el8","MYSQL_SHELL_VERSION=8.0.30-1.el8"],"Cmd":["mysqld"],"Image":"mysql:8","Volumes":{"/var/lib/mysql":{}},"WorkingDir":"","Entrypoint":["docker-entrypoint.sh"],"OnBuild":null,"Labels":{"org.testcontainers":"true","org.testcontainers.sessionId":"c5b4bded-8a7b-4309-a94c-5bb153977152"}},"NetworkSettings":{"Bridge":"","SandboxID":"c87f478ec31081a2fc02a6d53fa5addc8f61962dea8dd5c17c1c641e1a25e99b","HairpinMode":false,"LinkLocalIPv6Address":"","LinkLocalIPv6PrefixLen":0,"Ports":{"3306/tcp":[{"HostIp":"0.0.0.0","HostPort":"63346"}],"33060/tcp":null},"SandboxKey":"/var/run/docker/netns/c87f478ec310","SecondaryIPAddresses":null,"SecondaryIPv6Addresses":null,"EndpointID":"7830774c518a6ae45bc93e5b48bd99e8a609aa29230b007326fa87b5ca32567f","Gateway":"172.17.0.1","GlobalIPv6Address":"","GlobalIPv6PrefixLen":0,"IPAddress":"172.17.0.4","IPPrefixLen":16,"IPv6Gateway":"","MacAddress":"02:42:ac:11:00:04","Networks":{"bridge":{"IPAMConfig":null,"Links":null,"Aliases":null,"NetworkID":"42b943ace1ba272d06317befbba08f853c5a08f211a0bdf3660599ced98f9c17","EndpointID":"7830774c518a6ae45bc93e5b48bd99e8a609aa29230b007326fa87b5ca32567f","Gateway":"172.17.0.1","IPAddress":"172.17.0.4","IPPrefixLen":16,"IPv6Gateway":"","GlobalIPv6Address":"","GlobalIPv6PrefixLen":0,"MacAddress":"02:42:ac:11:00:04","DriverOpts":null}}}}[\n]"
11:45:37.529 [Test worker] DEBUG com.github.dockerjava.zerodep.shaded.org.apache.hc.client5.http.wire - http-outgoing-2 << "[\r][\n]"
11:45:37.530 [Test worker] DEBUG com.github.dockerjava.zerodep.shaded.org.apache.hc.client5.http.wire - http-outgoing-2 << "0[\r][\n]"
11:45:37.530 [Test worker] DEBUG com.github.dockerjava.zerodep.shaded.org.apache.hc.client5.http.wire - http-outgoing-2 << "[\r][\n]"
11:45:37.530 [Test worker] DEBUG com.github.dockerjava.zerodep.shaded.org.apache.hc.client5.http.impl.classic.InternalHttpClient - ep-00000015: releasing valid endpoint
11:45:37.530 [Test worker] DEBUG com.github.dockerjava.zerodep.shaded.org.apache.hc.client5.http.impl.io.PoolingHttpClientConnectionManager - ep-00000015: releasing endpoint
11:45:37.530 [Test worker] DEBUG com.github.dockerjava.zerodep.shaded.org.apache.hc.client5.http.impl.io.PoolingHttpClientConnectionManager - ep-00000015: connection http-outgoing-2 can be kept alive for 3 MINUTES
11:45:37.530 [Test worker] DEBUG com.github.dockerjava.zerodep.shaded.org.apache.hc.client5.http.impl.io.PoolingHttpClientConnectionManager - ep-00000015: connection released [route: {}->unix://localhost:2375][total available: 1; route allocated: 1 of 2147483647; total allocated: 1 of 2147483647]
11:45:37.530 [Test worker] DEBUG ]]>&#x1f433;<![CDATA[ [mysql:8] - Trying to create JDBC connection using com.mysql.cj.jdbc.Driver to jdbc:mysql://localhost:63346/lotification?useSSL=false&allowPublicKeyRetrieval=true with properties: {password=1234, user=admin}
11:45:37.638 [Test worker] DEBUG org.testcontainers.shaded.com.github.dockerjava.core.command.AbstrDockerCmd - Cmd: 47a7ce05e61aa72bdced5a030ca6064519c62d122a5992816f04e0e528b5b17d,false
11:45:37.638 [Test worker] DEBUG org.testcontainers.shaded.com.github.dockerjava.core.exec.InspectContainerCmdExec - GET: DefaultWebTarget{path=[/containers/47a7ce05e61aa72bdced5a030ca6064519c62d122a5992816f04e0e528b5b17d/json], queryParams={}}
11:45:37.638 [Test worker] DEBUG com.github.dockerjava.zerodep.shaded.org.apache.hc.client5.http.impl.classic.InternalHttpClient - ex-00000017: preparing request execution
11:45:37.638 [Test worker] DEBUG com.github.dockerjava.zerodep.shaded.org.apache.hc.client5.http.protocol.RequestAddCookies - Cookie spec selected: strict
11:45:37.638 [Test worker] DEBUG com.github.dockerjava.zerodep.shaded.org.apache.hc.client5.http.protocol.RequestAuthCache - Auth cache not set in the context
11:45:37.638 [Test worker] DEBUG com.github.dockerjava.zerodep.shaded.org.apache.hc.client5.http.impl.classic.ProtocolExec - ex-00000017: target auth state: UNCHALLENGED
11:45:37.638 [Test worker] DEBUG com.github.dockerjava.zerodep.shaded.org.apache.hc.client5.http.impl.classic.ProtocolExec - ex-00000017: proxy auth state: UNCHALLENGED
11:45:37.638 [Test worker] DEBUG com.github.dockerjava.zerodep.shaded.org.apache.hc.client5.http.impl.classic.ConnectExec - ex-00000017: acquiring connection with route {}->unix://localhost:2375
11:45:37.638 [Test worker] DEBUG com.github.dockerjava.zerodep.shaded.org.apache.hc.client5.http.impl.classic.InternalHttpClient - ex-00000017: acquiring endpoint (3 MINUTES)
11:45:37.638 [Test worker] DEBUG com.github.dockerjava.zerodep.shaded.org.apache.hc.client5.http.impl.io.PoolingHttpClientConnectionManager - ex-00000017: endpoint lease request (3 MINUTES) [route: {}->unix://localhost:2375][total available: 1; route allocated: 1 of 2147483647; total allocated: 1 of 2147483647]
11:45:37.638 [Test worker] DEBUG com.github.dockerjava.zerodep.shaded.org.apache.hc.client5.http.impl.io.PoolingHttpClientConnectionManager - ex-00000017: endpoint leased [route: {}->unix://localhost:2375][total available: 0; route allocated: 1 of 2147483647; total allocated: 1 of 2147483647]
11:45:37.638 [Test worker] DEBUG com.github.dockerjava.zerodep.shaded.org.apache.hc.client5.http.impl.io.PoolingHttpClientConnectionManager - ex-00000017: acquired ep-00000016
11:45:37.638 [Test worker] DEBUG com.github.dockerjava.zerodep.shaded.org.apache.hc.client5.http.impl.classic.InternalHttpClient - ex-00000017: acquired endpoint ep-00000016
11:45:37.638 [Test worker] DEBUG com.github.dockerjava.zerodep.shaded.org.apache.hc.client5.http.impl.classic.MainClientExec - ex-00000017: executing GET /v1.32/containers/47a7ce05e61aa72bdced5a030ca6064519c62d122a5992816f04e0e528b5b17d/json HTTP/1.1
11:45:37.638 [Test worker] DEBUG com.github.dockerjava.zerodep.shaded.org.apache.hc.client5.http.impl.classic.InternalHttpClient - ep-00000016: start execution ex-00000017
11:45:37.638 [Test worker] DEBUG com.github.dockerjava.zerodep.shaded.org.apache.hc.client5.http.impl.io.PoolingHttpClientConnectionManager - ep-00000016: executing exchange ex-00000017 over http-outgoing-2
11:45:37.638 [Test worker] DEBUG com.github.dockerjava.zerodep.shaded.org.apache.hc.client5.http.headers - http-outgoing-2 >> GET /v1.32/containers/47a7ce05e61aa72bdced5a030ca6064519c62d122a5992816f04e0e528b5b17d/json HTTP/1.1
11:45:37.638 [Test worker] DEBUG com.github.dockerjava.zerodep.shaded.org.apache.hc.client5.http.headers - http-outgoing-2 >> accept: application/json
11:45:37.638 [Test worker] DEBUG com.github.dockerjava.zerodep.shaded.org.apache.hc.client5.http.headers - http-outgoing-2 >> x-tc-sid: c5b4bded-8a7b-4309-a94c-5bb153977152
11:45:37.638 [Test worker] DEBUG com.github.dockerjava.zerodep.shaded.org.apache.hc.client5.http.headers - http-outgoing-2 >> Accept-Encoding: gzip, x-gzip, deflate
11:45:37.638 [Test worker] DEBUG com.github.dockerjava.zerodep.shaded.org.apache.hc.client5.http.headers - http-outgoing-2 >> Host: localhost:2375
11:45:37.638 [Test worker] DEBUG com.github.dockerjava.zerodep.shaded.org.apache.hc.client5.http.headers - http-outgoing-2 >> Connection: keep-alive
11:45:37.638 [Test worker] DEBUG com.github.dockerjava.zerodep.shaded.org.apache.hc.client5.http.headers - http-outgoing-2 >> User-Agent: Apache-HttpClient/5.0.3 (Java/17.0.3)
11:45:37.638 [Test worker] DEBUG com.github.dockerjava.zerodep.shaded.org.apache.hc.client5.http.wire - http-outgoing-2 >> "GET /v1.32/containers/47a7ce05e61aa72bdced5a030ca6064519c62d122a5992816f04e0e528b5b17d/json HTTP/1.1[\r][\n]"
11:45:37.638 [Test worker] DEBUG com.github.dockerjava.zerodep.shaded.org.apache.hc.client5.http.wire - http-outgoing-2 >> "accept: application/json[\r][\n]"
11:45:37.638 [Test worker] DEBUG com.github.dockerjava.zerodep.shaded.org.apache.hc.client5.http.wire - http-outgoing-2 >> "x-tc-sid: c5b4bded-8a7b-4309-a94c-5bb153977152[\r][\n]"
11:45:37.638 [Test worker] DEBUG com.github.dockerjava.zerodep.shaded.org.apache.hc.client5.http.wire - http-outgoing-2 >> "Accept-Encoding: gzip, x-gzip, deflate[\r][\n]"
11:45:37.638 [Test worker] DEBUG com.github.dockerjava.zerodep.shaded.org.apache.hc.client5.http.wire - http-outgoing-2 >> "Host: localhost:2375[\r][\n]"
11:45:37.638 [Test worker] DEBUG com.github.dockerjava.zerodep.shaded.org.apache.hc.client5.http.wire - http-outgoing-2 >> "Connection: keep-alive[\r][\n]"
11:45:37.638 [Test worker] DEBUG com.github.dockerjava.zerodep.shaded.org.apache.hc.client5.http.wire - http-outgoing-2 >> "User-Agent: Apache-HttpClient/5.0.3 (Java/17.0.3)[\r][\n]"
11:45:37.638 [Test worker] DEBUG com.github.dockerjava.zerodep.shaded.org.apache.hc.client5.http.wire - http-outgoing-2 >> "[\r][\n]"
11:45:37.641 [Test worker] DEBUG com.github.dockerjava.zerodep.shaded.org.apache.hc.client5.http.wire - http-outgoing-2 << "HTTP/1.1 200 OK[\r][\n]"
11:45:37.641 [Test worker] DEBUG com.github.dockerjava.zerodep.shaded.org.apache.hc.client5.http.wire - http-outgoing-2 << "Api-Version: 1.41[\r][\n]"
11:45:37.641 [Test worker] DEBUG com.github.dockerjava.zerodep.shaded.org.apache.hc.client5.http.wire - http-outgoing-2 << "Content-Type: application/json[\r][\n]"
11:45:37.641 [Test worker] DEBUG com.github.dockerjava.zerodep.shaded.org.apache.hc.client5.http.wire - http-outgoing-2 << "Date: Mon, 26 Sep 2022 02:45:37 GMT[\r][\n]"
11:45:37.641 [Test worker] DEBUG com.github.dockerjava.zerodep.shaded.org.apache.hc.client5.http.wire - http-outgoing-2 << "Docker-Experimental: false[\r][\n]"
11:45:37.641 [Test worker] DEBUG com.github.dockerjava.zerodep.shaded.org.apache.hc.client5.http.wire - http-outgoing-2 << "Ostype: linux[\r][\n]"
11:45:37.641 [Test worker] DEBUG com.github.dockerjava.zerodep.shaded.org.apache.hc.client5.http.wire - http-outgoing-2 << "Server: Docker/20.10.11 (linux)[\r][\n]"
11:45:37.641 [Test worker] DEBUG com.github.dockerjava.zerodep.shaded.org.apache.hc.client5.http.wire - http-outgoing-2 << "Transfer-Encoding: chunked[\r][\n]"
11:45:37.641 [Test worker] DEBUG com.github.dockerjava.zerodep.shaded.org.apache.hc.client5.http.wire - http-outgoing-2 << "[\r][\n]"
11:45:37.642 [Test worker] DEBUG com.github.dockerjava.zerodep.shaded.org.apache.hc.client5.http.headers - http-outgoing-2 << HTTP/1.1 200 OK
11:45:37.642 [Test worker] DEBUG com.github.dockerjava.zerodep.shaded.org.apache.hc.client5.http.headers - http-outgoing-2 << Api-Version: 1.41
11:45:37.642 [Test worker] DEBUG com.github.dockerjava.zerodep.shaded.org.apache.hc.client5.http.headers - http-outgoing-2 << Content-Type: application/json
11:45:37.642 [Test worker] DEBUG com.github.dockerjava.zerodep.shaded.org.apache.hc.client5.http.headers - http-outgoing-2 << Date: Mon, 26 Sep 2022 02:45:37 GMT
11:45:37.642 [Test worker] DEBUG com.github.dockerjava.zerodep.shaded.org.apache.hc.client5.http.headers - http-outgoing-2 << Docker-Experimental: false
11:45:37.642 [Test worker] DEBUG com.github.dockerjava.zerodep.shaded.org.apache.hc.client5.http.headers - http-outgoing-2 << Ostype: linux
11:45:37.642 [Test worker] DEBUG com.github.dockerjava.zerodep.shaded.org.apache.hc.client5.http.headers - http-outgoing-2 << Server: Docker/20.10.11 (linux)
11:45:37.642 [Test worker] DEBUG com.github.dockerjava.zerodep.shaded.org.apache.hc.client5.http.headers - http-outgoing-2 << Transfer-Encoding: chunked
11:45:37.642 [Test worker] DEBUG com.github.dockerjava.zerodep.shaded.org.apache.hc.client5.http.impl.classic.MainClientExec - ex-00000017: connection can be kept alive for 3 MINUTES
11:45:37.642 [Test worker] DEBUG com.github.dockerjava.zerodep.shaded.org.apache.hc.client5.http.wire - http-outgoing-2 << "1882[\r][\n]"
11:45:37.642 [Test worker] DEBUG com.github.dockerjava.zerodep.shaded.org.apache.hc.client5.http.wire - http-outgoing-2 << "{"Id":"47a7ce05e61aa72bdced5a030ca6064519c62d122a5992816f04e0e528b5b17d","Created":"2022-09-26T02:45:36.042081626Z","Path":"docker-entrypoint.sh","Args":["mysqld"],"State":{"Status":"running","Running":true,"Paused":false,"Restarting":false,"OOMKilled":false,"Dead":false,"Pid":2251,"ExitCode":0,"Error":"","StartedAt":"2022-09-26T02:45:36.388226668Z","FinishedAt":"0001-01-01T00:00:00Z"},"Image":"sha256:5e229524f286e653111cb9d028bf1ba4c3490742c8cd18c84af22538f0e68575","ResolvConfPath":"/var/lib/docker/containers/47a7ce05e61aa72bdced5a030ca6064519c62d122a5992816f04e0e528b5b17d/resolv.conf","HostnamePath":"/var/lib/docker/containers/47a7ce05e61aa72bdced5a030ca6064519c62d122a5992816f04e0e528b5b17d/hostname","HostsPath":"/var/lib/docker/containers/47a7ce05e61aa72bdced5a030ca6064519c62d122a5992816f04e0e528b5b17d/hosts","LogPath":"/var/lib/docker/containers/47a7ce05e61aa72bdced5a030ca6064519c62d122a5992816f04e0e528b5b17d/47a7ce05e61aa72bdced5a030ca6064519c62d122a5992816f04e0e528b5b17d-json.log","Name":"/crazy_chaum","RestartCount":0,"Driver":"overlay2","Platform":"linux","MountLabel":"","ProcessLabel":"","AppArmorProfile":"","ExecIDs":null,"HostConfig":{"Binds":[],"ContainerIDFile":"","LogConfig":{"Type":"json-file","Config":{}},"NetworkMode":"default","PortBindings":{"3306/tcp":[{"HostIp":"0.0.0.0","HostPort":"0"}]},"RestartPolicy":{"Name":"","MaximumRetryCount":0},"AutoRemove":false,"VolumeDriver":"","VolumesFrom":[],"CapAdd":null,"CapDrop":null,"CgroupnsMode":"private","Dns":null,"DnsOptions":null,"DnsSearch":null,"ExtraHosts":[],"GroupAdd":null,"IpcMode":"shareable","Cgroup":"","Links":null,"OomScoreAdj":0,"PidMode":"","Privileged":false,"PublishAllPorts":false,"ReadonlyRootfs":false,"SecurityOpt":null,"UTSMode":"","UsernsMode":"","ShmSize":67108864,"Runtime":"runc","ConsoleSize":[0,0],"Isolation":"","CpuShares":0,"Memory":0,"NanoCpus":0,"CgroupParent":"","BlkioWeight":0,"BlkioWeightDevice":null,"BlkioDeviceReadBps":null,"BlkioDeviceWriteBps":null,"BlkioDeviceReadIOps":null,"BlkioDeviceWriteIOps":null,"CpuPeriod":0,"CpuQuota":0,"CpuRealtimePeriod":0,"CpuRealtimeRuntime":0,"CpusetCpus":"","CpusetMems":"","Devices":null,"DeviceCgroupRules":null,"DeviceRequests":null,"KernelMemory":0,"KernelMemoryTCP":0,"MemoryReservation":0,"MemorySwap":0,"MemorySwappiness":null,"OomKillDisable":null,"PidsLimit":null,"Ulimits":null,"CpuCount":0,"CpuPercent":0,"IOMaximumIOps":0,"IOMaximumBandwidth":0,"MaskedPaths":["/proc/asound","/proc/acpi","/proc/kcore","/proc/keys","/proc/latency_stats","/proc/timer_list","/proc/timer_stats","/proc/sched_debug","/proc/scsi","/sys/firmware"],"ReadonlyPaths":["/proc/bus","/proc/fs","/proc/irq","/proc/sys","/proc/sysrq-trigger"]},"GraphDriver":{"Data":{"LowerDir":"/var/lib/docker/overlay2/45da4782eb6c4075fef21a16271836d62c4e4726b16ef4c5ea199d4e626bdb39-init/diff:/var/lib/docker/overlay2/27a623f1ab748258e017a40f339844ef533377092bad4182aa320e9399893e13/diff:/var/lib/docker/overlay2/d7c1e4de558b6bbbdc3209a51fc73295262b5271709fe659d0e2e94f626eea74/diff:/var/lib/docker/overlay2/2df554f793c3600571e2f078ad2e20025d6b2e35f3d18881ead4f70e2cc26cb8/diff:/var/lib/docker/overlay2/feb23515577245ad51a24945de1e6bab842929569da912a2b4a33a48c6c2331f/diff:/var/lib/docker/overlay2/cc2cdbce154e19d9c4f376917b6c92ebd55b0b495124ffd2c9d7e9c82b6a95f9/diff:/var/lib/docker/overlay2/968467fe01280f82d26487386f320a15000815d63000d5ec89b47acca8f77ef2/diff:/var/lib/docker/overlay2/cc59daa314bbcaec43d6cd4064c7863b4b3976b989121dcf2e32c4710281f247/diff:/var/lib/docker/overlay2/dc5d8b1cf96cfd5d96d68fbed14248edf1244c1a4669ba07b0bab7f3d782f058/diff:/var/lib/docker/overlay2/dcca184158d696706cd99e62ffa3e5c42964eb57190bef35421cdf3f83a8c130/diff:/var/lib/docker/overlay2/a7f928596da67ce59f34b0ba4cee4a3b948b94f91ad0b0b6260dc54fb9b5a048/diff:/var/lib/docker/overlay2/6ac5adbfff6202b1faa13a2a2fd92625bdda668cdac1a1d2230becbb394e569f/diff","MergedDir":"/var/lib/docker/overlay2/45da4782eb6c4075fef21a16271836d62c4e4726b16ef4c5ea199d4e626bdb39/merged","UpperDir":"/var/lib/docker/overlay2/45da4782eb6c4075fef21a16271836d62c4e4726b16ef4c5ea199d4e626bdb39/diff","WorkDir":"/var/lib/docker/overlay2/45da4782eb6c4075fef21a16271836d62c4e4726b16ef4c5ea199d4e626bdb39/work"},"Name":"overlay2"},"Mounts":[{"Type":"volume","Name":"08668a73464516d2c615e247a561222f461f2385cff5615e53cc78e96456230c","Source":"/var/lib/docker/volumes/08668a73464516d2c615e247a561222f461f2385cff5615e53cc78e96456230c/_data","Destination":"/var/lib/mysql","Driver":"local","Mode":"","RW":true,"Propagation":""}],"Config":{"Hostname":"47a7ce05e61a","Domainname":"","User":"","AttachStdin":false,"AttachStdout":false,"AttachStderr":false,"ExposedPorts":{"3306/tcp":{},"33060/tcp":{}},"Tty":false,"OpenStdin":false,"StdinOnce":false,"Env":["MYSQL_DATABASE=lotification","MYSQL_PASSWORD=1234","MYSQL_USER=admin","MYSQL_ROOT_PASSWORD=1234","PATH=/usr/local/sbin:/usr/local/bin:/usr/sbin:/usr/bin:/sbin:/bin","GOSU_VERSION=1.14","MYSQL_MAJOR=8.0","MYSQL_VERSION=8.0.30-1.el8","MYSQL_SHELL_VERSION=8.0.30-1.el8"],"Cmd":["mysqld"],"Image":"mysql:8","Volumes":{"/var/lib/mysql":{}},"WorkingDir":"","Entrypoint":["docker-entrypoint.sh"],"OnBuild":null,"Labels":{"org.testcontainers":"true","org.testcontainers.sessionId":"c5b4bded-8a7b-4309-a94c-5bb153977152"}},"NetworkSettings":{"Bridge":"","SandboxID":"c87f478ec31081a2fc02a6d53fa5addc8f61962dea8dd5c17c1c641e1a25e99b","HairpinMode":false,"LinkLocalIPv6Address":"","LinkLocalIPv6PrefixLen":0,"Ports":{"3306/tcp":[{"HostIp":"0.0.0.0","HostPort":"63346"}],"33060/tcp":null},"SandboxKey":"/var/run/docker/netns/c87f478ec310","SecondaryIPAddresses":null,"SecondaryIPv6Addresses":null,"EndpointID":"7830774c518a6ae45bc93e5b48bd99e8a609aa29230b007326fa87b5ca32567f","Gateway":"172.17.0.1","GlobalIPv6Address":"","GlobalIPv6PrefixLen":0,"IPAddress":"172.17.0.4","IPPrefixLen":16,"IPv6Gateway":"","MacAddress":"02:42:ac:11:00:04","Networks":{"bridge":{"IPAMConfig":null,"Links":null,"Aliases":null,"NetworkID":"42b943ace1ba272d06317befbba08f853c5a08f211a0bdf3660599ced98f9c17","EndpointID":"7830774c518a6ae45bc93e5b48bd99e8a609aa29230b007326fa87b5ca32567f","Gateway":"172.17.0.1","IPAddress":"172.17.0.4","IPPrefixLen":16,"IPv6Gateway":"","GlobalIPv6Address":"","GlobalIPv6PrefixLen":0,"MacAddress":"02:42:ac:11:00:04","DriverOpts":null}}}}[\n]"
11:45:37.642 [Test worker] DEBUG com.github.dockerjava.zerodep.shaded.org.apache.hc.client5.http.wire - http-outgoing-2 << "[\r][\n]"
11:45:37.643 [Test worker] DEBUG com.github.dockerjava.zerodep.shaded.org.apache.hc.client5.http.wire - http-outgoing-2 << "0[\r][\n]"
11:45:37.643 [Test worker] DEBUG com.github.dockerjava.zerodep.shaded.org.apache.hc.client5.http.wire - http-outgoing-2 << "[\r][\n]"
11:45:37.643 [Test worker] DEBUG com.github.dockerjava.zerodep.shaded.org.apache.hc.client5.http.impl.classic.InternalHttpClient - ep-00000016: releasing valid endpoint
11:45:37.643 [Test worker] DEBUG com.github.dockerjava.zerodep.shaded.org.apache.hc.client5.http.impl.io.PoolingHttpClientConnectionManager - ep-00000016: releasing endpoint
11:45:37.643 [Test worker] DEBUG com.github.dockerjava.zerodep.shaded.org.apache.hc.client5.http.impl.io.PoolingHttpClientConnectionManager - ep-00000016: connection http-outgoing-2 can be kept alive for 3 MINUTES
11:45:37.643 [Test worker] DEBUG com.github.dockerjava.zerodep.shaded.org.apache.hc.client5.http.impl.io.PoolingHttpClientConnectionManager - ep-00000016: connection released [route: {}->unix://localhost:2375][total available: 1; route allocated: 1 of 2147483647; total allocated: 1 of 2147483647]
11:45:37.643 [Test worker] DEBUG ]]>&#x1f433;<![CDATA[ [mysql:8] - Trying to create JDBC connection using com.mysql.cj.jdbc.Driver to jdbc:mysql://localhost:63346/lotification?useSSL=false&allowPublicKeyRetrieval=true with properties: {password=1234, user=admin}
11:45:37.753 [Test worker] DEBUG org.testcontainers.shaded.com.github.dockerjava.core.command.AbstrDockerCmd - Cmd: 47a7ce05e61aa72bdced5a030ca6064519c62d122a5992816f04e0e528b5b17d,false
11:45:37.753 [Test worker] DEBUG org.testcontainers.shaded.com.github.dockerjava.core.exec.InspectContainerCmdExec - GET: DefaultWebTarget{path=[/containers/47a7ce05e61aa72bdced5a030ca6064519c62d122a5992816f04e0e528b5b17d/json], queryParams={}}
11:45:37.754 [Test worker] DEBUG com.github.dockerjava.zerodep.shaded.org.apache.hc.client5.http.impl.classic.InternalHttpClient - ex-00000018: preparing request execution
11:45:37.754 [Test worker] DEBUG com.github.dockerjava.zerodep.shaded.org.apache.hc.client5.http.protocol.RequestAddCookies - Cookie spec selected: strict
11:45:37.754 [Test worker] DEBUG com.github.dockerjava.zerodep.shaded.org.apache.hc.client5.http.protocol.RequestAuthCache - Auth cache not set in the context
11:45:37.754 [Test worker] DEBUG com.github.dockerjava.zerodep.shaded.org.apache.hc.client5.http.impl.classic.ProtocolExec - ex-00000018: target auth state: UNCHALLENGED
11:45:37.754 [Test worker] DEBUG com.github.dockerjava.zerodep.shaded.org.apache.hc.client5.http.impl.classic.ProtocolExec - ex-00000018: proxy auth state: UNCHALLENGED
11:45:37.754 [Test worker] DEBUG com.github.dockerjava.zerodep.shaded.org.apache.hc.client5.http.impl.classic.ConnectExec - ex-00000018: acquiring connection with route {}->unix://localhost:2375
11:45:37.754 [Test worker] DEBUG com.github.dockerjava.zerodep.shaded.org.apache.hc.client5.http.impl.classic.InternalHttpClient - ex-00000018: acquiring endpoint (3 MINUTES)
11:45:37.754 [Test worker] DEBUG com.github.dockerjava.zerodep.shaded.org.apache.hc.client5.http.impl.io.PoolingHttpClientConnectionManager - ex-00000018: endpoint lease request (3 MINUTES) [route: {}->unix://localhost:2375][total available: 1; route allocated: 1 of 2147483647; total allocated: 1 of 2147483647]
11:45:37.754 [Test worker] DEBUG com.github.dockerjava.zerodep.shaded.org.apache.hc.client5.http.impl.io.PoolingHttpClientConnectionManager - ex-00000018: endpoint leased [route: {}->unix://localhost:2375][total available: 0; route allocated: 1 of 2147483647; total allocated: 1 of 2147483647]
11:45:37.754 [Test worker] DEBUG com.github.dockerjava.zerodep.shaded.org.apache.hc.client5.http.impl.io.PoolingHttpClientConnectionManager - ex-00000018: acquired ep-00000017
11:45:37.754 [Test worker] DEBUG com.github.dockerjava.zerodep.shaded.org.apache.hc.client5.http.impl.classic.InternalHttpClient - ex-00000018: acquired endpoint ep-00000017
11:45:37.754 [Test worker] DEBUG com.github.dockerjava.zerodep.shaded.org.apache.hc.client5.http.impl.classic.MainClientExec - ex-00000018: executing GET /v1.32/containers/47a7ce05e61aa72bdced5a030ca6064519c62d122a5992816f04e0e528b5b17d/json HTTP/1.1
11:45:37.754 [Test worker] DEBUG com.github.dockerjava.zerodep.shaded.org.apache.hc.client5.http.impl.classic.InternalHttpClient - ep-00000017: start execution ex-00000018
11:45:37.754 [Test worker] DEBUG com.github.dockerjava.zerodep.shaded.org.apache.hc.client5.http.impl.io.PoolingHttpClientConnectionManager - ep-00000017: executing exchange ex-00000018 over http-outgoing-2
11:45:37.754 [Test worker] DEBUG com.github.dockerjava.zerodep.shaded.org.apache.hc.client5.http.headers - http-outgoing-2 >> GET /v1.32/containers/47a7ce05e61aa72bdced5a030ca6064519c62d122a5992816f04e0e528b5b17d/json HTTP/1.1
11:45:37.754 [Test worker] DEBUG com.github.dockerjava.zerodep.shaded.org.apache.hc.client5.http.headers - http-outgoing-2 >> accept: application/json
11:45:37.754 [Test worker] DEBUG com.github.dockerjava.zerodep.shaded.org.apache.hc.client5.http.headers - http-outgoing-2 >> x-tc-sid: c5b4bded-8a7b-4309-a94c-5bb153977152
11:45:37.754 [Test worker] DEBUG com.github.dockerjava.zerodep.shaded.org.apache.hc.client5.http.headers - http-outgoing-2 >> Accept-Encoding: gzip, x-gzip, deflate
11:45:37.754 [Test worker] DEBUG com.github.dockerjava.zerodep.shaded.org.apache.hc.client5.http.headers - http-outgoing-2 >> Host: localhost:2375
11:45:37.754 [Test worker] DEBUG com.github.dockerjava.zerodep.shaded.org.apache.hc.client5.http.headers - http-outgoing-2 >> Connection: keep-alive
11:45:37.754 [Test worker] DEBUG com.github.dockerjava.zerodep.shaded.org.apache.hc.client5.http.headers - http-outgoing-2 >> User-Agent: Apache-HttpClient/5.0.3 (Java/17.0.3)
11:45:37.754 [Test worker] DEBUG com.github.dockerjava.zerodep.shaded.org.apache.hc.client5.http.wire - http-outgoing-2 >> "GET /v1.32/containers/47a7ce05e61aa72bdced5a030ca6064519c62d122a5992816f04e0e528b5b17d/json HTTP/1.1[\r][\n]"
11:45:37.754 [Test worker] DEBUG com.github.dockerjava.zerodep.shaded.org.apache.hc.client5.http.wire - http-outgoing-2 >> "accept: application/json[\r][\n]"
11:45:37.754 [Test worker] DEBUG com.github.dockerjava.zerodep.shaded.org.apache.hc.client5.http.wire - http-outgoing-2 >> "x-tc-sid: c5b4bded-8a7b-4309-a94c-5bb153977152[\r][\n]"
11:45:37.754 [Test worker] DEBUG com.github.dockerjava.zerodep.shaded.org.apache.hc.client5.http.wire - http-outgoing-2 >> "Accept-Encoding: gzip, x-gzip, deflate[\r][\n]"
11:45:37.754 [Test worker] DEBUG com.github.dockerjava.zerodep.shaded.org.apache.hc.client5.http.wire - http-outgoing-2 >> "Host: localhost:2375[\r][\n]"
11:45:37.754 [Test worker] DEBUG com.github.dockerjava.zerodep.shaded.org.apache.hc.client5.http.wire - http-outgoing-2 >> "Connection: keep-alive[\r][\n]"
11:45:37.754 [Test worker] DEBUG com.github.dockerjava.zerodep.shaded.org.apache.hc.client5.http.wire - http-outgoing-2 >> "User-Agent: Apache-HttpClient/5.0.3 (Java/17.0.3)[\r][\n]"
11:45:37.754 [Test worker] DEBUG com.github.dockerjava.zerodep.shaded.org.apache.hc.client5.http.wire - http-outgoing-2 >> "[\r][\n]"
11:45:37.756 [Test worker] DEBUG com.github.dockerjava.zerodep.shaded.org.apache.hc.client5.http.wire - http-outgoing-2 << "HTTP/1.1 200 OK[\r][\n]"
11:45:37.756 [Test worker] DEBUG com.github.dockerjava.zerodep.shaded.org.apache.hc.client5.http.wire - http-outgoing-2 << "Api-Version: 1.41[\r][\n]"
11:45:37.756 [Test worker] DEBUG com.github.dockerjava.zerodep.shaded.org.apache.hc.client5.http.wire - http-outgoing-2 << "Content-Type: application/json[\r][\n]"
11:45:37.756 [Test worker] DEBUG com.github.dockerjava.zerodep.shaded.org.apache.hc.client5.http.wire - http-outgoing-2 << "Date: Mon, 26 Sep 2022 02:45:37 GMT[\r][\n]"
11:45:37.756 [Test worker] DEBUG com.github.dockerjava.zerodep.shaded.org.apache.hc.client5.http.wire - http-outgoing-2 << "Docker-Experimental: false[\r][\n]"
11:45:37.756 [Test worker] DEBUG com.github.dockerjava.zerodep.shaded.org.apache.hc.client5.http.wire - http-outgoing-2 << "Ostype: linux[\r][\n]"
11:45:37.756 [Test worker] DEBUG com.github.dockerjava.zerodep.shaded.org.apache.hc.client5.http.wire - http-outgoing-2 << "Server: Docker/20.10.11 (linux)[\r][\n]"
11:45:37.756 [Test worker] DEBUG com.github.dockerjava.zerodep.shaded.org.apache.hc.client5.http.wire - http-outgoing-2 << "Transfer-Encoding: chunked[\r][\n]"
11:45:37.756 [Test worker] DEBUG com.github.dockerjava.zerodep.shaded.org.apache.hc.client5.http.wire - http-outgoing-2 << "[\r][\n]"
11:45:37.757 [Test worker] DEBUG com.github.dockerjava.zerodep.shaded.org.apache.hc.client5.http.headers - http-outgoing-2 << HTTP/1.1 200 OK
11:45:37.757 [Test worker] DEBUG com.github.dockerjava.zerodep.shaded.org.apache.hc.client5.http.headers - http-outgoing-2 << Api-Version: 1.41
11:45:37.757 [Test worker] DEBUG com.github.dockerjava.zerodep.shaded.org.apache.hc.client5.http.headers - http-outgoing-2 << Content-Type: application/json
11:45:37.757 [Test worker] DEBUG com.github.dockerjava.zerodep.shaded.org.apache.hc.client5.http.headers - http-outgoing-2 << Date: Mon, 26 Sep 2022 02:45:37 GMT
11:45:37.757 [Test worker] DEBUG com.github.dockerjava.zerodep.shaded.org.apache.hc.client5.http.headers - http-outgoing-2 << Docker-Experimental: false
11:45:37.757 [Test worker] DEBUG com.github.dockerjava.zerodep.shaded.org.apache.hc.client5.http.headers - http-outgoing-2 << Ostype: linux
11:45:37.757 [Test worker] DEBUG com.github.dockerjava.zerodep.shaded.org.apache.hc.client5.http.headers - http-outgoing-2 << Server: Docker/20.10.11 (linux)
11:45:37.757 [Test worker] DEBUG com.github.dockerjava.zerodep.shaded.org.apache.hc.client5.http.headers - http-outgoing-2 << Transfer-Encoding: chunked
11:45:37.757 [Test worker] DEBUG com.github.dockerjava.zerodep.shaded.org.apache.hc.client5.http.impl.classic.MainClientExec - ex-00000018: connection can be kept alive for 3 MINUTES
11:45:37.757 [Test worker] DEBUG com.github.dockerjava.zerodep.shaded.org.apache.hc.client5.http.wire - http-outgoing-2 << "1882[\r][\n]"
11:45:37.757 [Test worker] DEBUG com.github.dockerjava.zerodep.shaded.org.apache.hc.client5.http.wire - http-outgoing-2 << "{"Id":"47a7ce05e61aa72bdced5a030ca6064519c62d122a5992816f04e0e528b5b17d","Created":"2022-09-26T02:45:36.042081626Z","Path":"docker-entrypoint.sh","Args":["mysqld"],"State":{"Status":"running","Running":true,"Paused":false,"Restarting":false,"OOMKilled":false,"Dead":false,"Pid":2251,"ExitCode":0,"Error":"","StartedAt":"2022-09-26T02:45:36.388226668Z","FinishedAt":"0001-01-01T00:00:00Z"},"Image":"sha256:5e229524f286e653111cb9d028bf1ba4c3490742c8cd18c84af22538f0e68575","ResolvConfPath":"/var/lib/docker/containers/47a7ce05e61aa72bdced5a030ca6064519c62d122a5992816f04e0e528b5b17d/resolv.conf","HostnamePath":"/var/lib/docker/containers/47a7ce05e61aa72bdced5a030ca6064519c62d122a5992816f04e0e528b5b17d/hostname","HostsPath":"/var/lib/docker/containers/47a7ce05e61aa72bdced5a030ca6064519c62d122a5992816f04e0e528b5b17d/hosts","LogPath":"/var/lib/docker/containers/47a7ce05e61aa72bdced5a030ca6064519c62d122a5992816f04e0e528b5b17d/47a7ce05e61aa72bdced5a030ca6064519c62d122a5992816f04e0e528b5b17d-json.log","Name":"/crazy_chaum","RestartCount":0,"Driver":"overlay2","Platform":"linux","MountLabel":"","ProcessLabel":"","AppArmorProfile":"","ExecIDs":null,"HostConfig":{"Binds":[],"ContainerIDFile":"","LogConfig":{"Type":"json-file","Config":{}},"NetworkMode":"default","PortBindings":{"3306/tcp":[{"HostIp":"0.0.0.0","HostPort":"0"}]},"RestartPolicy":{"Name":"","MaximumRetryCount":0},"AutoRemove":false,"VolumeDriver":"","VolumesFrom":[],"CapAdd":null,"CapDrop":null,"CgroupnsMode":"private","Dns":null,"DnsOptions":null,"DnsSearch":null,"ExtraHosts":[],"GroupAdd":null,"IpcMode":"shareable","Cgroup":"","Links":null,"OomScoreAdj":0,"PidMode":"","Privileged":false,"PublishAllPorts":false,"ReadonlyRootfs":false,"SecurityOpt":null,"UTSMode":"","UsernsMode":"","ShmSize":67108864,"Runtime":"runc","ConsoleSize":[0,0],"Isolation":"","CpuShares":0,"Memory":0,"NanoCpus":0,"CgroupParent":"","BlkioWeight":0,"BlkioWeightDevice":null,"BlkioDeviceReadBps":null,"BlkioDeviceWriteBps":null,"BlkioDeviceReadIOps":null,"BlkioDeviceWriteIOps":null,"CpuPeriod":0,"CpuQuota":0,"CpuRealtimePeriod":0,"CpuRealtimeRuntime":0,"CpusetCpus":"","CpusetMems":"","Devices":null,"DeviceCgroupRules":null,"DeviceRequests":null,"KernelMemory":0,"KernelMemoryTCP":0,"MemoryReservation":0,"MemorySwap":0,"MemorySwappiness":null,"OomKillDisable":null,"PidsLimit":null,"Ulimits":null,"CpuCount":0,"CpuPercent":0,"IOMaximumIOps":0,"IOMaximumBandwidth":0,"MaskedPaths":["/proc/asound","/proc/acpi","/proc/kcore","/proc/keys","/proc/latency_stats","/proc/timer_list","/proc/timer_stats","/proc/sched_debug","/proc/scsi","/sys/firmware"],"ReadonlyPaths":["/proc/bus","/proc/fs","/proc/irq","/proc/sys","/proc/sysrq-trigger"]},"GraphDriver":{"Data":{"LowerDir":"/var/lib/docker/overlay2/45da4782eb6c4075fef21a16271836d62c4e4726b16ef4c5ea199d4e626bdb39-init/diff:/var/lib/docker/overlay2/27a623f1ab748258e017a40f339844ef533377092bad4182aa320e9399893e13/diff:/var/lib/docker/overlay2/d7c1e4de558b6bbbdc3209a51fc73295262b5271709fe659d0e2e94f626eea74/diff:/var/lib/docker/overlay2/2df554f793c3600571e2f078ad2e20025d6b2e35f3d18881ead4f70e2cc26cb8/diff:/var/lib/docker/overlay2/feb23515577245ad51a24945de1e6bab842929569da912a2b4a33a48c6c2331f/diff:/var/lib/docker/overlay2/cc2cdbce154e19d9c4f376917b6c92ebd55b0b495124ffd2c9d7e9c82b6a95f9/diff:/var/lib/docker/overlay2/968467fe01280f82d26487386f320a15000815d63000d5ec89b47acca8f77ef2/diff:/var/lib/docker/overlay2/cc59daa314bbcaec43d6cd4064c7863b4b3976b989121dcf2e32c4710281f247/diff:/var/lib/docker/overlay2/dc5d8b1cf96cfd5d96d68fbed14248edf1244c1a4669ba07b0bab7f3d782f058/diff:/var/lib/docker/overlay2/dcca184158d696706cd99e62ffa3e5c42964eb57190bef35421cdf3f83a8c130/diff:/var/lib/docker/overlay2/a7f928596da67ce59f34b0ba4cee4a3b948b94f91ad0b0b6260dc54fb9b5a048/diff:/var/lib/docker/overlay2/6ac5adbfff6202b1faa13a2a2fd92625bdda668cdac1a1d2230becbb394e569f/diff","MergedDir":"/var/lib/docker/overlay2/45da4782eb6c4075fef21a16271836d62c4e4726b16ef4c5ea199d4e626bdb39/merged","UpperDir":"/var/lib/docker/overlay2/45da4782eb6c4075fef21a16271836d62c4e4726b16ef4c5ea199d4e626bdb39/diff","WorkDir":"/var/lib/docker/overlay2/45da4782eb6c4075fef21a16271836d62c4e4726b16ef4c5ea199d4e626bdb39/work"},"Name":"overlay2"},"Mounts":[{"Type":"volume","Name":"08668a73464516d2c615e247a561222f461f2385cff5615e53cc78e96456230c","Source":"/var/lib/docker/volumes/08668a73464516d2c615e247a561222f461f2385cff5615e53cc78e96456230c/_data","Destination":"/var/lib/mysql","Driver":"local","Mode":"","RW":true,"Propagation":""}],"Config":{"Hostname":"47a7ce05e61a","Domainname":"","User":"","AttachStdin":false,"AttachStdout":false,"AttachStderr":false,"ExposedPorts":{"3306/tcp":{},"33060/tcp":{}},"Tty":false,"OpenStdin":false,"StdinOnce":false,"Env":["MYSQL_DATABASE=lotification","MYSQL_PASSWORD=1234","MYSQL_USER=admin","MYSQL_ROOT_PASSWORD=1234","PATH=/usr/local/sbin:/usr/local/bin:/usr/sbin:/usr/bin:/sbin:/bin","GOSU_VERSION=1.14","MYSQL_MAJOR=8.0","MYSQL_VERSION=8.0.30-1.el8","MYSQL_SHELL_VERSION=8.0.30-1.el8"],"Cmd":["mysqld"],"Image":"mysql:8","Volumes":{"/var/lib/mysql":{}},"WorkingDir":"","Entrypoint":["docker-entrypoint.sh"],"OnBuild":null,"Labels":{"org.testcontainers":"true","org.testcontainers.sessionId":"c5b4bded-8a7b-4309-a94c-5bb153977152"}},"NetworkSettings":{"Bridge":"","SandboxID":"c87f478ec31081a2fc02a6d53fa5addc8f61962dea8dd5c17c1c641e1a25e99b","HairpinMode":false,"LinkLocalIPv6Address":"","LinkLocalIPv6PrefixLen":0,"Ports":{"3306/tcp":[{"HostIp":"0.0.0.0","HostPort":"63346"}],"33060/tcp":null},"SandboxKey":"/var/run/docker/netns/c87f478ec310","SecondaryIPAddresses":null,"SecondaryIPv6Addresses":null,"EndpointID":"7830774c518a6ae45bc93e5b48bd99e8a609aa29230b007326fa87b5ca32567f","Gateway":"172.17.0.1","GlobalIPv6Address":"","GlobalIPv6PrefixLen":0,"IPAddress":"172.17.0.4","IPPrefixLen":16,"IPv6Gateway":"","MacAddress":"02:42:ac:11:00:04","Networks":{"bridge":{"IPAMConfig":null,"Links":null,"Aliases":null,"NetworkID":"42b943ace1ba272d06317befbba08f853c5a08f211a0bdf3660599ced98f9c17","EndpointID":"7830774c518a6ae45bc93e5b48bd99e8a609aa29230b007326fa87b5ca32567f","Gateway":"172.17.0.1","IPAddress":"172.17.0.4","IPPrefixLen":16,"IPv6Gateway":"","GlobalIPv6Address":"","GlobalIPv6PrefixLen":0,"MacAddress":"02:42:ac:11:00:04","DriverOpts":null}}}}[\n]"
11:45:37.757 [Test worker] DEBUG com.github.dockerjava.zerodep.shaded.org.apache.hc.client5.http.wire - http-outgoing-2 << "[\r][\n]"
11:45:37.758 [Test worker] DEBUG com.github.dockerjava.zerodep.shaded.org.apache.hc.client5.http.wire - http-outgoing-2 << "0[\r][\n]"
11:45:37.758 [Test worker] DEBUG com.github.dockerjava.zerodep.shaded.org.apache.hc.client5.http.wire - http-outgoing-2 << "[\r][\n]"
11:45:37.758 [Test worker] DEBUG com.github.dockerjava.zerodep.shaded.org.apache.hc.client5.http.impl.classic.InternalHttpClient - ep-00000017: releasing valid endpoint
11:45:37.758 [Test worker] DEBUG com.github.dockerjava.zerodep.shaded.org.apache.hc.client5.http.impl.io.PoolingHttpClientConnectionManager - ep-00000017: releasing endpoint
11:45:37.758 [Test worker] DEBUG com.github.dockerjava.zerodep.shaded.org.apache.hc.client5.http.impl.io.PoolingHttpClientConnectionManager - ep-00000017: connection http-outgoing-2 can be kept alive for 3 MINUTES
11:45:37.758 [Test worker] DEBUG com.github.dockerjava.zerodep.shaded.org.apache.hc.client5.http.impl.io.PoolingHttpClientConnectionManager - ep-00000017: connection released [route: {}->unix://localhost:2375][total available: 1; route allocated: 1 of 2147483647; total allocated: 1 of 2147483647]
11:45:37.758 [Test worker] DEBUG ]]>&#x1f433;<![CDATA[ [mysql:8] - Trying to create JDBC connection using com.mysql.cj.jdbc.Driver to jdbc:mysql://localhost:63346/lotification?useSSL=false&allowPublicKeyRetrieval=true with properties: {password=1234, user=admin}
11:45:37.863 [Test worker] DEBUG org.testcontainers.shaded.com.github.dockerjava.core.command.AbstrDockerCmd - Cmd: 47a7ce05e61aa72bdced5a030ca6064519c62d122a5992816f04e0e528b5b17d,false
11:45:37.864 [Test worker] DEBUG org.testcontainers.shaded.com.github.dockerjava.core.exec.InspectContainerCmdExec - GET: DefaultWebTarget{path=[/containers/47a7ce05e61aa72bdced5a030ca6064519c62d122a5992816f04e0e528b5b17d/json], queryParams={}}
11:45:37.864 [Test worker] DEBUG com.github.dockerjava.zerodep.shaded.org.apache.hc.client5.http.impl.classic.InternalHttpClient - ex-00000019: preparing request execution
11:45:37.864 [Test worker] DEBUG com.github.dockerjava.zerodep.shaded.org.apache.hc.client5.http.protocol.RequestAddCookies - Cookie spec selected: strict
11:45:37.864 [Test worker] DEBUG com.github.dockerjava.zerodep.shaded.org.apache.hc.client5.http.protocol.RequestAuthCache - Auth cache not set in the context
11:45:37.864 [Test worker] DEBUG com.github.dockerjava.zerodep.shaded.org.apache.hc.client5.http.impl.classic.ProtocolExec - ex-00000019: target auth state: UNCHALLENGED
11:45:37.864 [Test worker] DEBUG com.github.dockerjava.zerodep.shaded.org.apache.hc.client5.http.impl.classic.ProtocolExec - ex-00000019: proxy auth state: UNCHALLENGED
11:45:37.864 [Test worker] DEBUG com.github.dockerjava.zerodep.shaded.org.apache.hc.client5.http.impl.classic.ConnectExec - ex-00000019: acquiring connection with route {}->unix://localhost:2375
11:45:37.864 [Test worker] DEBUG com.github.dockerjava.zerodep.shaded.org.apache.hc.client5.http.impl.classic.InternalHttpClient - ex-00000019: acquiring endpoint (3 MINUTES)
11:45:37.864 [Test worker] DEBUG com.github.dockerjava.zerodep.shaded.org.apache.hc.client5.http.impl.io.PoolingHttpClientConnectionManager - ex-00000019: endpoint lease request (3 MINUTES) [route: {}->unix://localhost:2375][total available: 1; route allocated: 1 of 2147483647; total allocated: 1 of 2147483647]
11:45:37.864 [Test worker] DEBUG com.github.dockerjava.zerodep.shaded.org.apache.hc.client5.http.impl.io.PoolingHttpClientConnectionManager - ex-00000019: endpoint leased [route: {}->unix://localhost:2375][total available: 0; route allocated: 1 of 2147483647; total allocated: 1 of 2147483647]
11:45:37.864 [Test worker] DEBUG com.github.dockerjava.zerodep.shaded.org.apache.hc.client5.http.impl.io.PoolingHttpClientConnectionManager - ex-00000019: acquired ep-00000018
11:45:37.864 [Test worker] DEBUG com.github.dockerjava.zerodep.shaded.org.apache.hc.client5.http.impl.classic.InternalHttpClient - ex-00000019: acquired endpoint ep-00000018
11:45:37.864 [Test worker] DEBUG com.github.dockerjava.zerodep.shaded.org.apache.hc.client5.http.impl.classic.MainClientExec - ex-00000019: executing GET /v1.32/containers/47a7ce05e61aa72bdced5a030ca6064519c62d122a5992816f04e0e528b5b17d/json HTTP/1.1
11:45:37.864 [Test worker] DEBUG com.github.dockerjava.zerodep.shaded.org.apache.hc.client5.http.impl.classic.InternalHttpClient - ep-00000018: start execution ex-00000019
11:45:37.864 [Test worker] DEBUG com.github.dockerjava.zerodep.shaded.org.apache.hc.client5.http.impl.io.PoolingHttpClientConnectionManager - ep-00000018: executing exchange ex-00000019 over http-outgoing-2
11:45:37.864 [Test worker] DEBUG com.github.dockerjava.zerodep.shaded.org.apache.hc.client5.http.headers - http-outgoing-2 >> GET /v1.32/containers/47a7ce05e61aa72bdced5a030ca6064519c62d122a5992816f04e0e528b5b17d/json HTTP/1.1
11:45:37.864 [Test worker] DEBUG com.github.dockerjava.zerodep.shaded.org.apache.hc.client5.http.headers - http-outgoing-2 >> accept: application/json
11:45:37.864 [Test worker] DEBUG com.github.dockerjava.zerodep.shaded.org.apache.hc.client5.http.headers - http-outgoing-2 >> x-tc-sid: c5b4bded-8a7b-4309-a94c-5bb153977152
11:45:37.864 [Test worker] DEBUG com.github.dockerjava.zerodep.shaded.org.apache.hc.client5.http.headers - http-outgoing-2 >> Accept-Encoding: gzip, x-gzip, deflate
11:45:37.864 [Test worker] DEBUG com.github.dockerjava.zerodep.shaded.org.apache.hc.client5.http.headers - http-outgoing-2 >> Host: localhost:2375
11:45:37.864 [Test worker] DEBUG com.github.dockerjava.zerodep.shaded.org.apache.hc.client5.http.headers - http-outgoing-2 >> Connection: keep-alive
11:45:37.864 [Test worker] DEBUG com.github.dockerjava.zerodep.shaded.org.apache.hc.client5.http.headers - http-outgoing-2 >> User-Agent: Apache-HttpClient/5.0.3 (Java/17.0.3)
11:45:37.864 [Test worker] DEBUG com.github.dockerjava.zerodep.shaded.org.apache.hc.client5.http.wire - http-outgoing-2 >> "GET /v1.32/containers/47a7ce05e61aa72bdced5a030ca6064519c62d122a5992816f04e0e528b5b17d/json HTTP/1.1[\r][\n]"
11:45:37.864 [Test worker] DEBUG com.github.dockerjava.zerodep.shaded.org.apache.hc.client5.http.wire - http-outgoing-2 >> "accept: application/json[\r][\n]"
11:45:37.864 [Test worker] DEBUG com.github.dockerjava.zerodep.shaded.org.apache.hc.client5.http.wire - http-outgoing-2 >> "x-tc-sid: c5b4bded-8a7b-4309-a94c-5bb153977152[\r][\n]"
11:45:37.864 [Test worker] DEBUG com.github.dockerjava.zerodep.shaded.org.apache.hc.client5.http.wire - http-outgoing-2 >> "Accept-Encoding: gzip, x-gzip, deflate[\r][\n]"
11:45:37.864 [Test worker] DEBUG com.github.dockerjava.zerodep.shaded.org.apache.hc.client5.http.wire - http-outgoing-2 >> "Host: localhost:2375[\r][\n]"
11:45:37.864 [Test worker] DEBUG com.github.dockerjava.zerodep.shaded.org.apache.hc.client5.http.wire - http-outgoing-2 >> "Connection: keep-alive[\r][\n]"
11:45:37.864 [Test worker] DEBUG com.github.dockerjava.zerodep.shaded.org.apache.hc.client5.http.wire - http-outgoing-2 >> "User-Agent: Apache-HttpClient/5.0.3 (Java/17.0.3)[\r][\n]"
11:45:37.864 [Test worker] DEBUG com.github.dockerjava.zerodep.shaded.org.apache.hc.client5.http.wire - http-outgoing-2 >> "[\r][\n]"
11:45:37.867 [Test worker] DEBUG com.github.dockerjava.zerodep.shaded.org.apache.hc.client5.http.wire - http-outgoing-2 << "HTTP/1.1 200 OK[\r][\n]"
11:45:37.867 [Test worker] DEBUG com.github.dockerjava.zerodep.shaded.org.apache.hc.client5.http.wire - http-outgoing-2 << "Api-Version: 1.41[\r][\n]"
11:45:37.867 [Test worker] DEBUG com.github.dockerjava.zerodep.shaded.org.apache.hc.client5.http.wire - http-outgoing-2 << "Content-Type: application/json[\r][\n]"
11:45:37.867 [Test worker] DEBUG com.github.dockerjava.zerodep.shaded.org.apache.hc.client5.http.wire - http-outgoing-2 << "Date: Mon, 26 Sep 2022 02:45:37 GMT[\r][\n]"
11:45:37.867 [Test worker] DEBUG com.github.dockerjava.zerodep.shaded.org.apache.hc.client5.http.wire - http-outgoing-2 << "Docker-Experimental: false[\r][\n]"
11:45:37.867 [Test worker] DEBUG com.github.dockerjava.zerodep.shaded.org.apache.hc.client5.http.wire - http-outgoing-2 << "Ostype: linux[\r][\n]"
11:45:37.867 [Test worker] DEBUG com.github.dockerjava.zerodep.shaded.org.apache.hc.client5.http.wire - http-outgoing-2 << "Server: Docker/20.10.11 (linux)[\r][\n]"
11:45:37.867 [Test worker] DEBUG com.github.dockerjava.zerodep.shaded.org.apache.hc.client5.http.wire - http-outgoing-2 << "Transfer-Encoding: chunked[\r][\n]"
11:45:37.867 [Test worker] DEBUG com.github.dockerjava.zerodep.shaded.org.apache.hc.client5.http.wire - http-outgoing-2 << "[\r][\n]"
11:45:37.867 [Test worker] DEBUG com.github.dockerjava.zerodep.shaded.org.apache.hc.client5.http.headers - http-outgoing-2 << HTTP/1.1 200 OK
11:45:37.867 [Test worker] DEBUG com.github.dockerjava.zerodep.shaded.org.apache.hc.client5.http.headers - http-outgoing-2 << Api-Version: 1.41
11:45:37.867 [Test worker] DEBUG com.github.dockerjava.zerodep.shaded.org.apache.hc.client5.http.headers - http-outgoing-2 << Content-Type: application/json
11:45:37.867 [Test worker] DEBUG com.github.dockerjava.zerodep.shaded.org.apache.hc.client5.http.headers - http-outgoing-2 << Date: Mon, 26 Sep 2022 02:45:37 GMT
11:45:37.867 [Test worker] DEBUG com.github.dockerjava.zerodep.shaded.org.apache.hc.client5.http.headers - http-outgoing-2 << Docker-Experimental: false
11:45:37.867 [Test worker] DEBUG com.github.dockerjava.zerodep.shaded.org.apache.hc.client5.http.headers - http-outgoing-2 << Ostype: linux
11:45:37.867 [Test worker] DEBUG com.github.dockerjava.zerodep.shaded.org.apache.hc.client5.http.headers - http-outgoing-2 << Server: Docker/20.10.11 (linux)
11:45:37.867 [Test worker] DEBUG com.github.dockerjava.zerodep.shaded.org.apache.hc.client5.http.headers - http-outgoing-2 << Transfer-Encoding: chunked
11:45:37.867 [Test worker] DEBUG com.github.dockerjava.zerodep.shaded.org.apache.hc.client5.http.impl.classic.MainClientExec - ex-00000019: connection can be kept alive for 3 MINUTES
11:45:37.867 [Test worker] DEBUG com.github.dockerjava.zerodep.shaded.org.apache.hc.client5.http.wire - http-outgoing-2 << "1882[\r][\n]"
11:45:37.867 [Test worker] DEBUG com.github.dockerjava.zerodep.shaded.org.apache.hc.client5.http.wire - http-outgoing-2 << "{"Id":"47a7ce05e61aa72bdced5a030ca6064519c62d122a5992816f04e0e528b5b17d","Created":"2022-09-26T02:45:36.042081626Z","Path":"docker-entrypoint.sh","Args":["mysqld"],"State":{"Status":"running","Running":true,"Paused":false,"Restarting":false,"OOMKilled":false,"Dead":false,"Pid":2251,"ExitCode":0,"Error":"","StartedAt":"2022-09-26T02:45:36.388226668Z","FinishedAt":"0001-01-01T00:00:00Z"},"Image":"sha256:5e229524f286e653111cb9d028bf1ba4c3490742c8cd18c84af22538f0e68575","ResolvConfPath":"/var/lib/docker/containers/47a7ce05e61aa72bdced5a030ca6064519c62d122a5992816f04e0e528b5b17d/resolv.conf","HostnamePath":"/var/lib/docker/containers/47a7ce05e61aa72bdced5a030ca6064519c62d122a5992816f04e0e528b5b17d/hostname","HostsPath":"/var/lib/docker/containers/47a7ce05e61aa72bdced5a030ca6064519c62d122a5992816f04e0e528b5b17d/hosts","LogPath":"/var/lib/docker/containers/47a7ce05e61aa72bdced5a030ca6064519c62d122a5992816f04e0e528b5b17d/47a7ce05e61aa72bdced5a030ca6064519c62d122a5992816f04e0e528b5b17d-json.log","Name":"/crazy_chaum","RestartCount":0,"Driver":"overlay2","Platform":"linux","MountLabel":"","ProcessLabel":"","AppArmorProfile":"","ExecIDs":null,"HostConfig":{"Binds":[],"ContainerIDFile":"","LogConfig":{"Type":"json-file","Config":{}},"NetworkMode":"default","PortBindings":{"3306/tcp":[{"HostIp":"0.0.0.0","HostPort":"0"}]},"RestartPolicy":{"Name":"","MaximumRetryCount":0},"AutoRemove":false,"VolumeDriver":"","VolumesFrom":[],"CapAdd":null,"CapDrop":null,"CgroupnsMode":"private","Dns":null,"DnsOptions":null,"DnsSearch":null,"ExtraHosts":[],"GroupAdd":null,"IpcMode":"shareable","Cgroup":"","Links":null,"OomScoreAdj":0,"PidMode":"","Privileged":false,"PublishAllPorts":false,"ReadonlyRootfs":false,"SecurityOpt":null,"UTSMode":"","UsernsMode":"","ShmSize":67108864,"Runtime":"runc","ConsoleSize":[0,0],"Isolation":"","CpuShares":0,"Memory":0,"NanoCpus":0,"CgroupParent":"","BlkioWeight":0,"BlkioWeightDevice":null,"BlkioDeviceReadBps":null,"BlkioDeviceWriteBps":null,"BlkioDeviceReadIOps":null,"BlkioDeviceWriteIOps":null,"CpuPeriod":0,"CpuQuota":0,"CpuRealtimePeriod":0,"CpuRealtimeRuntime":0,"CpusetCpus":"","CpusetMems":"","Devices":null,"DeviceCgroupRules":null,"DeviceRequests":null,"KernelMemory":0,"KernelMemoryTCP":0,"MemoryReservation":0,"MemorySwap":0,"MemorySwappiness":null,"OomKillDisable":null,"PidsLimit":null,"Ulimits":null,"CpuCount":0,"CpuPercent":0,"IOMaximumIOps":0,"IOMaximumBandwidth":0,"MaskedPaths":["/proc/asound","/proc/acpi","/proc/kcore","/proc/keys","/proc/latency_stats","/proc/timer_list","/proc/timer_stats","/proc/sched_debug","/proc/scsi","/sys/firmware"],"ReadonlyPaths":["/proc/bus","/proc/fs","/proc/irq","/proc/sys","/proc/sysrq-trigger"]},"GraphDriver":{"Data":{"LowerDir":"/var/lib/docker/overlay2/45da4782eb6c4075fef21a16271836d62c4e4726b16ef4c5ea199d4e626bdb39-init/diff:/var/lib/docker/overlay2/27a623f1ab748258e017a40f339844ef533377092bad4182aa320e9399893e13/diff:/var/lib/docker/overlay2/d7c1e4de558b6bbbdc3209a51fc73295262b5271709fe659d0e2e94f626eea74/diff:/var/lib/docker/overlay2/2df554f793c3600571e2f078ad2e20025d6b2e35f3d18881ead4f70e2cc26cb8/diff:/var/lib/docker/overlay2/feb23515577245ad51a24945de1e6bab842929569da912a2b4a33a48c6c2331f/diff:/var/lib/docker/overlay2/cc2cdbce154e19d9c4f376917b6c92ebd55b0b495124ffd2c9d7e9c82b6a95f9/diff:/var/lib/docker/overlay2/968467fe01280f82d26487386f320a15000815d63000d5ec89b47acca8f77ef2/diff:/var/lib/docker/overlay2/cc59daa314bbcaec43d6cd4064c7863b4b3976b989121dcf2e32c4710281f247/diff:/var/lib/docker/overlay2/dc5d8b1cf96cfd5d96d68fbed14248edf1244c1a4669ba07b0bab7f3d782f058/diff:/var/lib/docker/overlay2/dcca184158d696706cd99e62ffa3e5c42964eb57190bef35421cdf3f83a8c130/diff:/var/lib/docker/overlay2/a7f928596da67ce59f34b0ba4cee4a3b948b94f91ad0b0b6260dc54fb9b5a048/diff:/var/lib/docker/overlay2/6ac5adbfff6202b1faa13a2a2fd92625bdda668cdac1a1d2230becbb394e569f/diff","MergedDir":"/var/lib/docker/overlay2/45da4782eb6c4075fef21a16271836d62c4e4726b16ef4c5ea199d4e626bdb39/merged","UpperDir":"/var/lib/docker/overlay2/45da4782eb6c4075fef21a16271836d62c4e4726b16ef4c5ea199d4e626bdb39/diff","WorkDir":"/var/lib/docker/overlay2/45da4782eb6c4075fef21a16271836d62c4e4726b16ef4c5ea199d4e626bdb39/work"},"Name":"overlay2"},"Mounts":[{"Type":"volume","Name":"08668a73464516d2c615e247a561222f461f2385cff5615e53cc78e96456230c","Source":"/var/lib/docker/volumes/08668a73464516d2c615e247a561222f461f2385cff5615e53cc78e96456230c/_data","Destination":"/var/lib/mysql","Driver":"local","Mode":"","RW":true,"Propagation":""}],"Config":{"Hostname":"47a7ce05e61a","Domainname":"","User":"","AttachStdin":false,"AttachStdout":false,"AttachStderr":false,"ExposedPorts":{"3306/tcp":{},"33060/tcp":{}},"Tty":false,"OpenStdin":false,"StdinOnce":false,"Env":["MYSQL_DATABASE=lotification","MYSQL_PASSWORD=1234","MYSQL_USER=admin","MYSQL_ROOT_PASSWORD=1234","PATH=/usr/local/sbin:/usr/local/bin:/usr/sbin:/usr/bin:/sbin:/bin","GOSU_VERSION=1.14","MYSQL_MAJOR=8.0","MYSQL_VERSION=8.0.30-1.el8","MYSQL_SHELL_VERSION=8.0.30-1.el8"],"Cmd":["mysqld"],"Image":"mysql:8","Volumes":{"/var/lib/mysql":{}},"WorkingDir":"","Entrypoint":["docker-entrypoint.sh"],"OnBuild":null,"Labels":{"org.testcontainers":"true","org.testcontainers.sessionId":"c5b4bded-8a7b-4309-a94c-5bb153977152"}},"NetworkSettings":{"Bridge":"","SandboxID":"c87f478ec31081a2fc02a6d53fa5addc8f61962dea8dd5c17c1c641e1a25e99b","HairpinMode":false,"LinkLocalIPv6Address":"","LinkLocalIPv6PrefixLen":0,"Ports":{"3306/tcp":[{"HostIp":"0.0.0.0","HostPort":"63346"}],"33060/tcp":null},"SandboxKey":"/var/run/docker/netns/c87f478ec310","SecondaryIPAddresses":null,"SecondaryIPv6Addresses":null,"EndpointID":"7830774c518a6ae45bc93e5b48bd99e8a609aa29230b007326fa87b5ca32567f","Gateway":"172.17.0.1","GlobalIPv6Address":"","GlobalIPv6PrefixLen":0,"IPAddress":"172.17.0.4","IPPrefixLen":16,"IPv6Gateway":"","MacAddress":"02:42:ac:11:00:04","Networks":{"bridge":{"IPAMConfig":null,"Links":null,"Aliases":null,"NetworkID":"42b943ace1ba272d06317befbba08f853c5a08f211a0bdf3660599ced98f9c17","EndpointID":"7830774c518a6ae45bc93e5b48bd99e8a609aa29230b007326fa87b5ca32567f","Gateway":"172.17.0.1","IPAddress":"172.17.0.4","IPPrefixLen":16,"IPv6Gateway":"","GlobalIPv6Address":"","GlobalIPv6PrefixLen":0,"MacAddress":"02:42:ac:11:00:04","DriverOpts":null}}}}[\n]"
11:45:37.867 [Test worker] DEBUG com.github.dockerjava.zerodep.shaded.org.apache.hc.client5.http.wire - http-outgoing-2 << "[\r][\n]"
11:45:37.870 [Test worker] DEBUG com.github.dockerjava.zerodep.shaded.org.apache.hc.client5.http.wire - http-outgoing-2 << "0[\r][\n]"
11:45:37.870 [Test worker] DEBUG com.github.dockerjava.zerodep.shaded.org.apache.hc.client5.http.wire - http-outgoing-2 << "[\r][\n]"
11:45:37.870 [Test worker] DEBUG com.github.dockerjava.zerodep.shaded.org.apache.hc.client5.http.impl.classic.InternalHttpClient - ep-00000018: releasing valid endpoint
11:45:37.870 [Test worker] DEBUG com.github.dockerjava.zerodep.shaded.org.apache.hc.client5.http.impl.io.PoolingHttpClientConnectionManager - ep-00000018: releasing endpoint
11:45:37.870 [Test worker] DEBUG com.github.dockerjava.zerodep.shaded.org.apache.hc.client5.http.impl.io.PoolingHttpClientConnectionManager - ep-00000018: connection http-outgoing-2 can be kept alive for 3 MINUTES
11:45:37.870 [Test worker] DEBUG com.github.dockerjava.zerodep.shaded.org.apache.hc.client5.http.impl.io.PoolingHttpClientConnectionManager - ep-00000018: connection released [route: {}->unix://localhost:2375][total available: 1; route allocated: 1 of 2147483647; total allocated: 1 of 2147483647]
11:45:37.870 [Test worker] DEBUG ]]>&#x1f433;<![CDATA[ [mysql:8] - Trying to create JDBC connection using com.mysql.cj.jdbc.Driver to jdbc:mysql://localhost:63346/lotification?useSSL=false&allowPublicKeyRetrieval=true with properties: {password=1234, user=admin}
11:45:37.977 [Test worker] DEBUG org.testcontainers.shaded.com.github.dockerjava.core.command.AbstrDockerCmd - Cmd: 47a7ce05e61aa72bdced5a030ca6064519c62d122a5992816f04e0e528b5b17d,false
11:45:37.978 [Test worker] DEBUG org.testcontainers.shaded.com.github.dockerjava.core.exec.InspectContainerCmdExec - GET: DefaultWebTarget{path=[/containers/47a7ce05e61aa72bdced5a030ca6064519c62d122a5992816f04e0e528b5b17d/json], queryParams={}}
11:45:37.978 [Test worker] DEBUG com.github.dockerjava.zerodep.shaded.org.apache.hc.client5.http.impl.classic.InternalHttpClient - ex-0000001A: preparing request execution
11:45:37.979 [Test worker] DEBUG com.github.dockerjava.zerodep.shaded.org.apache.hc.client5.http.protocol.RequestAddCookies - Cookie spec selected: strict
11:45:37.979 [Test worker] DEBUG com.github.dockerjava.zerodep.shaded.org.apache.hc.client5.http.protocol.RequestAuthCache - Auth cache not set in the context
11:45:37.979 [Test worker] DEBUG com.github.dockerjava.zerodep.shaded.org.apache.hc.client5.http.impl.classic.ProtocolExec - ex-0000001A: target auth state: UNCHALLENGED
11:45:37.979 [Test worker] DEBUG com.github.dockerjava.zerodep.shaded.org.apache.hc.client5.http.impl.classic.ProtocolExec - ex-0000001A: proxy auth state: UNCHALLENGED
11:45:37.979 [Test worker] DEBUG com.github.dockerjava.zerodep.shaded.org.apache.hc.client5.http.impl.classic.ConnectExec - ex-0000001A: acquiring connection with route {}->unix://localhost:2375
11:45:37.979 [Test worker] DEBUG com.github.dockerjava.zerodep.shaded.org.apache.hc.client5.http.impl.classic.InternalHttpClient - ex-0000001A: acquiring endpoint (3 MINUTES)
11:45:37.979 [Test worker] DEBUG com.github.dockerjava.zerodep.shaded.org.apache.hc.client5.http.impl.io.PoolingHttpClientConnectionManager - ex-0000001A: endpoint lease request (3 MINUTES) [route: {}->unix://localhost:2375][total available: 1; route allocated: 1 of 2147483647; total allocated: 1 of 2147483647]
11:45:37.979 [Test worker] DEBUG com.github.dockerjava.zerodep.shaded.org.apache.hc.client5.http.impl.io.PoolingHttpClientConnectionManager - ex-0000001A: endpoint leased [route: {}->unix://localhost:2375][total available: 0; route allocated: 1 of 2147483647; total allocated: 1 of 2147483647]
11:45:37.979 [Test worker] DEBUG com.github.dockerjava.zerodep.shaded.org.apache.hc.client5.http.impl.io.PoolingHttpClientConnectionManager - ex-0000001A: acquired ep-00000019
11:45:37.979 [Test worker] DEBUG com.github.dockerjava.zerodep.shaded.org.apache.hc.client5.http.impl.classic.InternalHttpClient - ex-0000001A: acquired endpoint ep-00000019
11:45:37.979 [Test worker] DEBUG com.github.dockerjava.zerodep.shaded.org.apache.hc.client5.http.impl.classic.MainClientExec - ex-0000001A: executing GET /v1.32/containers/47a7ce05e61aa72bdced5a030ca6064519c62d122a5992816f04e0e528b5b17d/json HTTP/1.1
11:45:37.979 [Test worker] DEBUG com.github.dockerjava.zerodep.shaded.org.apache.hc.client5.http.impl.classic.InternalHttpClient - ep-00000019: start execution ex-0000001A
11:45:37.979 [Test worker] DEBUG com.github.dockerjava.zerodep.shaded.org.apache.hc.client5.http.impl.io.PoolingHttpClientConnectionManager - ep-00000019: executing exchange ex-0000001A over http-outgoing-2
11:45:37.979 [Test worker] DEBUG com.github.dockerjava.zerodep.shaded.org.apache.hc.client5.http.headers - http-outgoing-2 >> GET /v1.32/containers/47a7ce05e61aa72bdced5a030ca6064519c62d122a5992816f04e0e528b5b17d/json HTTP/1.1
11:45:37.979 [Test worker] DEBUG com.github.dockerjava.zerodep.shaded.org.apache.hc.client5.http.headers - http-outgoing-2 >> accept: application/json
11:45:37.979 [Test worker] DEBUG com.github.dockerjava.zerodep.shaded.org.apache.hc.client5.http.headers - http-outgoing-2 >> x-tc-sid: c5b4bded-8a7b-4309-a94c-5bb153977152
11:45:37.979 [Test worker] DEBUG com.github.dockerjava.zerodep.shaded.org.apache.hc.client5.http.headers - http-outgoing-2 >> Accept-Encoding: gzip, x-gzip, deflate
11:45:37.979 [Test worker] DEBUG com.github.dockerjava.zerodep.shaded.org.apache.hc.client5.http.headers - http-outgoing-2 >> Host: localhost:2375
11:45:37.979 [Test worker] DEBUG com.github.dockerjava.zerodep.shaded.org.apache.hc.client5.http.headers - http-outgoing-2 >> Connection: keep-alive
11:45:37.979 [Test worker] DEBUG com.github.dockerjava.zerodep.shaded.org.apache.hc.client5.http.headers - http-outgoing-2 >> User-Agent: Apache-HttpClient/5.0.3 (Java/17.0.3)
11:45:37.979 [Test worker] DEBUG com.github.dockerjava.zerodep.shaded.org.apache.hc.client5.http.wire - http-outgoing-2 >> "GET /v1.32/containers/47a7ce05e61aa72bdced5a030ca6064519c62d122a5992816f04e0e528b5b17d/json HTTP/1.1[\r][\n]"
11:45:37.979 [Test worker] DEBUG com.github.dockerjava.zerodep.shaded.org.apache.hc.client5.http.wire - http-outgoing-2 >> "accept: application/json[\r][\n]"
11:45:37.980 [Test worker] DEBUG com.github.dockerjava.zerodep.shaded.org.apache.hc.client5.http.wire - http-outgoing-2 >> "x-tc-sid: c5b4bded-8a7b-4309-a94c-5bb153977152[\r][\n]"
11:45:37.980 [Test worker] DEBUG com.github.dockerjava.zerodep.shaded.org.apache.hc.client5.http.wire - http-outgoing-2 >> "Accept-Encoding: gzip, x-gzip, deflate[\r][\n]"
11:45:37.980 [Test worker] DEBUG com.github.dockerjava.zerodep.shaded.org.apache.hc.client5.http.wire - http-outgoing-2 >> "Host: localhost:2375[\r][\n]"
11:45:37.980 [Test worker] DEBUG com.github.dockerjava.zerodep.shaded.org.apache.hc.client5.http.wire - http-outgoing-2 >> "Connection: keep-alive[\r][\n]"
11:45:37.980 [Test worker] DEBUG com.github.dockerjava.zerodep.shaded.org.apache.hc.client5.http.wire - http-outgoing-2 >> "User-Agent: Apache-HttpClient/5.0.3 (Java/17.0.3)[\r][\n]"
11:45:37.980 [Test worker] DEBUG com.github.dockerjava.zerodep.shaded.org.apache.hc.client5.http.wire - http-outgoing-2 >> "[\r][\n]"
11:45:37.982 [Test worker] DEBUG com.github.dockerjava.zerodep.shaded.org.apache.hc.client5.http.wire - http-outgoing-2 << "HTTP/1.1 200 OK[\r][\n]"
11:45:37.982 [Test worker] DEBUG com.github.dockerjava.zerodep.shaded.org.apache.hc.client5.http.wire - http-outgoing-2 << "Api-Version: 1.41[\r][\n]"
11:45:37.982 [Test worker] DEBUG com.github.dockerjava.zerodep.shaded.org.apache.hc.client5.http.wire - http-outgoing-2 << "Content-Type: application/json[\r][\n]"
11:45:37.982 [Test worker] DEBUG com.github.dockerjava.zerodep.shaded.org.apache.hc.client5.http.wire - http-outgoing-2 << "Date: Mon, 26 Sep 2022 02:45:37 GMT[\r][\n]"
11:45:37.982 [Test worker] DEBUG com.github.dockerjava.zerodep.shaded.org.apache.hc.client5.http.wire - http-outgoing-2 << "Docker-Experimental: false[\r][\n]"
11:45:37.982 [Test worker] DEBUG com.github.dockerjava.zerodep.shaded.org.apache.hc.client5.http.wire - http-outgoing-2 << "Ostype: linux[\r][\n]"
11:45:37.982 [Test worker] DEBUG com.github.dockerjava.zerodep.shaded.org.apache.hc.client5.http.wire - http-outgoing-2 << "Server: Docker/20.10.11 (linux)[\r][\n]"
11:45:37.982 [Test worker] DEBUG com.github.dockerjava.zerodep.shaded.org.apache.hc.client5.http.wire - http-outgoing-2 << "Transfer-Encoding: chunked[\r][\n]"
11:45:37.982 [Test worker] DEBUG com.github.dockerjava.zerodep.shaded.org.apache.hc.client5.http.wire - http-outgoing-2 << "[\r][\n]"
11:45:37.982 [Test worker] DEBUG com.github.dockerjava.zerodep.shaded.org.apache.hc.client5.http.headers - http-outgoing-2 << HTTP/1.1 200 OK
11:45:37.982 [Test worker] DEBUG com.github.dockerjava.zerodep.shaded.org.apache.hc.client5.http.headers - http-outgoing-2 << Api-Version: 1.41
11:45:37.982 [Test worker] DEBUG com.github.dockerjava.zerodep.shaded.org.apache.hc.client5.http.headers - http-outgoing-2 << Content-Type: application/json
11:45:37.982 [Test worker] DEBUG com.github.dockerjava.zerodep.shaded.org.apache.hc.client5.http.headers - http-outgoing-2 << Date: Mon, 26 Sep 2022 02:45:37 GMT
11:45:37.982 [Test worker] DEBUG com.github.dockerjava.zerodep.shaded.org.apache.hc.client5.http.headers - http-outgoing-2 << Docker-Experimental: false
11:45:37.982 [Test worker] DEBUG com.github.dockerjava.zerodep.shaded.org.apache.hc.client5.http.headers - http-outgoing-2 << Ostype: linux
11:45:37.982 [Test worker] DEBUG com.github.dockerjava.zerodep.shaded.org.apache.hc.client5.http.headers - http-outgoing-2 << Server: Docker/20.10.11 (linux)
11:45:37.982 [Test worker] DEBUG com.github.dockerjava.zerodep.shaded.org.apache.hc.client5.http.headers - http-outgoing-2 << Transfer-Encoding: chunked
11:45:37.982 [Test worker] DEBUG com.github.dockerjava.zerodep.shaded.org.apache.hc.client5.http.impl.classic.MainClientExec - ex-0000001A: connection can be kept alive for 3 MINUTES
11:45:37.982 [Test worker] DEBUG com.github.dockerjava.zerodep.shaded.org.apache.hc.client5.http.wire - http-outgoing-2 << "1882[\r][\n]"
11:45:37.982 [Test worker] DEBUG com.github.dockerjava.zerodep.shaded.org.apache.hc.client5.http.wire - http-outgoing-2 << "{"Id":"47a7ce05e61aa72bdced5a030ca6064519c62d122a5992816f04e0e528b5b17d","Created":"2022-09-26T02:45:36.042081626Z","Path":"docker-entrypoint.sh","Args":["mysqld"],"State":{"Status":"running","Running":true,"Paused":false,"Restarting":false,"OOMKilled":false,"Dead":false,"Pid":2251,"ExitCode":0,"Error":"","StartedAt":"2022-09-26T02:45:36.388226668Z","FinishedAt":"0001-01-01T00:00:00Z"},"Image":"sha256:5e229524f286e653111cb9d028bf1ba4c3490742c8cd18c84af22538f0e68575","ResolvConfPath":"/var/lib/docker/containers/47a7ce05e61aa72bdced5a030ca6064519c62d122a5992816f04e0e528b5b17d/resolv.conf","HostnamePath":"/var/lib/docker/containers/47a7ce05e61aa72bdced5a030ca6064519c62d122a5992816f04e0e528b5b17d/hostname","HostsPath":"/var/lib/docker/containers/47a7ce05e61aa72bdced5a030ca6064519c62d122a5992816f04e0e528b5b17d/hosts","LogPath":"/var/lib/docker/containers/47a7ce05e61aa72bdced5a030ca6064519c62d122a5992816f04e0e528b5b17d/47a7ce05e61aa72bdced5a030ca6064519c62d122a5992816f04e0e528b5b17d-json.log","Name":"/crazy_chaum","RestartCount":0,"Driver":"overlay2","Platform":"linux","MountLabel":"","ProcessLabel":"","AppArmorProfile":"","ExecIDs":null,"HostConfig":{"Binds":[],"ContainerIDFile":"","LogConfig":{"Type":"json-file","Config":{}},"NetworkMode":"default","PortBindings":{"3306/tcp":[{"HostIp":"0.0.0.0","HostPort":"0"}]},"RestartPolicy":{"Name":"","MaximumRetryCount":0},"AutoRemove":false,"VolumeDriver":"","VolumesFrom":[],"CapAdd":null,"CapDrop":null,"CgroupnsMode":"private","Dns":null,"DnsOptions":null,"DnsSearch":null,"ExtraHosts":[],"GroupAdd":null,"IpcMode":"shareable","Cgroup":"","Links":null,"OomScoreAdj":0,"PidMode":"","Privileged":false,"PublishAllPorts":false,"ReadonlyRootfs":false,"SecurityOpt":null,"UTSMode":"","UsernsMode":"","ShmSize":67108864,"Runtime":"runc","ConsoleSize":[0,0],"Isolation":"","CpuShares":0,"Memory":0,"NanoCpus":0,"CgroupParent":"","BlkioWeight":0,"BlkioWeightDevice":null,"BlkioDeviceReadBps":null,"BlkioDeviceWriteBps":null,"BlkioDeviceReadIOps":null,"BlkioDeviceWriteIOps":null,"CpuPeriod":0,"CpuQuota":0,"CpuRealtimePeriod":0,"CpuRealtimeRuntime":0,"CpusetCpus":"","CpusetMems":"","Devices":null,"DeviceCgroupRules":null,"DeviceRequests":null,"KernelMemory":0,"KernelMemoryTCP":0,"MemoryReservation":0,"MemorySwap":0,"MemorySwappiness":null,"OomKillDisable":null,"PidsLimit":null,"Ulimits":null,"CpuCount":0,"CpuPercent":0,"IOMaximumIOps":0,"IOMaximumBandwidth":0,"MaskedPaths":["/proc/asound","/proc/acpi","/proc/kcore","/proc/keys","/proc/latency_stats","/proc/timer_list","/proc/timer_stats","/proc/sched_debug","/proc/scsi","/sys/firmware"],"ReadonlyPaths":["/proc/bus","/proc/fs","/proc/irq","/proc/sys","/proc/sysrq-trigger"]},"GraphDriver":{"Data":{"LowerDir":"/var/lib/docker/overlay2/45da4782eb6c4075fef21a16271836d62c4e4726b16ef4c5ea199d4e626bdb39-init/diff:/var/lib/docker/overlay2/27a623f1ab748258e017a40f339844ef533377092bad4182aa320e9399893e13/diff:/var/lib/docker/overlay2/d7c1e4de558b6bbbdc3209a51fc73295262b5271709fe659d0e2e94f626eea74/diff:/var/lib/docker/overlay2/2df554f793c3600571e2f078ad2e20025d6b2e35f3d18881ead4f70e2cc26cb8/diff:/var/lib/docker/overlay2/feb23515577245ad51a24945de1e6bab842929569da912a2b4a33a48c6c2331f/diff:/var/lib/docker/overlay2/cc2cdbce154e19d9c4f376917b6c92ebd55b0b495124ffd2c9d7e9c82b6a95f9/diff:/var/lib/docker/overlay2/968467fe01280f82d26487386f320a15000815d63000d5ec89b47acca8f77ef2/diff:/var/lib/docker/overlay2/cc59daa314bbcaec43d6cd4064c7863b4b3976b989121dcf2e32c4710281f247/diff:/var/lib/docker/overlay2/dc5d8b1cf96cfd5d96d68fbed14248edf1244c1a4669ba07b0bab7f3d782f058/diff:/var/lib/docker/overlay2/dcca184158d696706cd99e62ffa3e5c42964eb57190bef35421cdf3f83a8c130/diff:/var/lib/docker/overlay2/a7f928596da67ce59f34b0ba4cee4a3b948b94f91ad0b0b6260dc54fb9b5a048/diff:/var/lib/docker/overlay2/6ac5adbfff6202b1faa13a2a2fd92625bdda668cdac1a1d2230becbb394e569f/diff","MergedDir":"/var/lib/docker/overlay2/45da4782eb6c4075fef21a16271836d62c4e4726b16ef4c5ea199d4e626bdb39/merged","UpperDir":"/var/lib/docker/overlay2/45da4782eb6c4075fef21a16271836d62c4e4726b16ef4c5ea199d4e626bdb39/diff","WorkDir":"/var/lib/docker/overlay2/45da4782eb6c4075fef21a16271836d62c4e4726b16ef4c5ea199d4e626bdb39/work"},"Name":"overlay2"},"Mounts":[{"Type":"volume","Name":"08668a73464516d2c615e247a561222f461f2385cff5615e53cc78e96456230c","Source":"/var/lib/docker/volumes/08668a73464516d2c615e247a561222f461f2385cff5615e53cc78e96456230c/_data","Destination":"/var/lib/mysql","Driver":"local","Mode":"","RW":true,"Propagation":""}],"Config":{"Hostname":"47a7ce05e61a","Domainname":"","User":"","AttachStdin":false,"AttachStdout":false,"AttachStderr":false,"ExposedPorts":{"3306/tcp":{},"33060/tcp":{}},"Tty":false,"OpenStdin":false,"StdinOnce":false,"Env":["MYSQL_DATABASE=lotification","MYSQL_PASSWORD=1234","MYSQL_USER=admin","MYSQL_ROOT_PASSWORD=1234","PATH=/usr/local/sbin:/usr/local/bin:/usr/sbin:/usr/bin:/sbin:/bin","GOSU_VERSION=1.14","MYSQL_MAJOR=8.0","MYSQL_VERSION=8.0.30-1.el8","MYSQL_SHELL_VERSION=8.0.30-1.el8"],"Cmd":["mysqld"],"Image":"mysql:8","Volumes":{"/var/lib/mysql":{}},"WorkingDir":"","Entrypoint":["docker-entrypoint.sh"],"OnBuild":null,"Labels":{"org.testcontainers":"true","org.testcontainers.sessionId":"c5b4bded-8a7b-4309-a94c-5bb153977152"}},"NetworkSettings":{"Bridge":"","SandboxID":"c87f478ec31081a2fc02a6d53fa5addc8f61962dea8dd5c17c1c641e1a25e99b","HairpinMode":false,"LinkLocalIPv6Address":"","LinkLocalIPv6PrefixLen":0,"Ports":{"3306/tcp":[{"HostIp":"0.0.0.0","HostPort":"63346"}],"33060/tcp":null},"SandboxKey":"/var/run/docker/netns/c87f478ec310","SecondaryIPAddresses":null,"SecondaryIPv6Addresses":null,"EndpointID":"7830774c518a6ae45bc93e5b48bd99e8a609aa29230b007326fa87b5ca32567f","Gateway":"172.17.0.1","GlobalIPv6Address":"","GlobalIPv6PrefixLen":0,"IPAddress":"172.17.0.4","IPPrefixLen":16,"IPv6Gateway":"","MacAddress":"02:42:ac:11:00:04","Networks":{"bridge":{"IPAMConfig":null,"Links":null,"Aliases":null,"NetworkID":"42b943ace1ba272d06317befbba08f853c5a08f211a0bdf3660599ced98f9c17","EndpointID":"7830774c518a6ae45bc93e5b48bd99e8a609aa29230b007326fa87b5ca32567f","Gateway":"172.17.0.1","IPAddress":"172.17.0.4","IPPrefixLen":16,"IPv6Gateway":"","GlobalIPv6Address":"","GlobalIPv6PrefixLen":0,"MacAddress":"02:42:ac:11:00:04","DriverOpts":null}}}}[\n]"
11:45:37.982 [Test worker] DEBUG com.github.dockerjava.zerodep.shaded.org.apache.hc.client5.http.wire - http-outgoing-2 << "[\r][\n]"
11:45:37.983 [Test worker] DEBUG com.github.dockerjava.zerodep.shaded.org.apache.hc.client5.http.wire - http-outgoing-2 << "0[\r][\n]"
11:45:37.983 [Test worker] DEBUG com.github.dockerjava.zerodep.shaded.org.apache.hc.client5.http.wire - http-outgoing-2 << "[\r][\n]"
11:45:37.983 [Test worker] DEBUG com.github.dockerjava.zerodep.shaded.org.apache.hc.client5.http.impl.classic.InternalHttpClient - ep-00000019: releasing valid endpoint
11:45:37.983 [Test worker] DEBUG com.github.dockerjava.zerodep.shaded.org.apache.hc.client5.http.impl.io.PoolingHttpClientConnectionManager - ep-00000019: releasing endpoint
11:45:37.983 [Test worker] DEBUG com.github.dockerjava.zerodep.shaded.org.apache.hc.client5.http.impl.io.PoolingHttpClientConnectionManager - ep-00000019: connection http-outgoing-2 can be kept alive for 3 MINUTES
11:45:37.983 [Test worker] DEBUG com.github.dockerjava.zerodep.shaded.org.apache.hc.client5.http.impl.io.PoolingHttpClientConnectionManager - ep-00000019: connection released [route: {}->unix://localhost:2375][total available: 1; route allocated: 1 of 2147483647; total allocated: 1 of 2147483647]
11:45:37.984 [Test worker] DEBUG ]]>&#x1f433;<![CDATA[ [mysql:8] - Trying to create JDBC connection using com.mysql.cj.jdbc.Driver to jdbc:mysql://localhost:63346/lotification?useSSL=false&allowPublicKeyRetrieval=true with properties: {password=1234, user=admin}
11:45:38.091 [Test worker] DEBUG org.testcontainers.shaded.com.github.dockerjava.core.command.AbstrDockerCmd - Cmd: 47a7ce05e61aa72bdced5a030ca6064519c62d122a5992816f04e0e528b5b17d,false
11:45:38.091 [Test worker] DEBUG org.testcontainers.shaded.com.github.dockerjava.core.exec.InspectContainerCmdExec - GET: DefaultWebTarget{path=[/containers/47a7ce05e61aa72bdced5a030ca6064519c62d122a5992816f04e0e528b5b17d/json], queryParams={}}
11:45:38.091 [Test worker] DEBUG com.github.dockerjava.zerodep.shaded.org.apache.hc.client5.http.impl.classic.InternalHttpClient - ex-0000001B: preparing request execution
11:45:38.091 [Test worker] DEBUG com.github.dockerjava.zerodep.shaded.org.apache.hc.client5.http.protocol.RequestAddCookies - Cookie spec selected: strict
11:45:38.091 [Test worker] DEBUG com.github.dockerjava.zerodep.shaded.org.apache.hc.client5.http.protocol.RequestAuthCache - Auth cache not set in the context
11:45:38.091 [Test worker] DEBUG com.github.dockerjava.zerodep.shaded.org.apache.hc.client5.http.impl.classic.ProtocolExec - ex-0000001B: target auth state: UNCHALLENGED
11:45:38.091 [Test worker] DEBUG com.github.dockerjava.zerodep.shaded.org.apache.hc.client5.http.impl.classic.ProtocolExec - ex-0000001B: proxy auth state: UNCHALLENGED
11:45:38.091 [Test worker] DEBUG com.github.dockerjava.zerodep.shaded.org.apache.hc.client5.http.impl.classic.ConnectExec - ex-0000001B: acquiring connection with route {}->unix://localhost:2375
11:45:38.091 [Test worker] DEBUG com.github.dockerjava.zerodep.shaded.org.apache.hc.client5.http.impl.classic.InternalHttpClient - ex-0000001B: acquiring endpoint (3 MINUTES)
11:45:38.091 [Test worker] DEBUG com.github.dockerjava.zerodep.shaded.org.apache.hc.client5.http.impl.io.PoolingHttpClientConnectionManager - ex-0000001B: endpoint lease request (3 MINUTES) [route: {}->unix://localhost:2375][total available: 1; route allocated: 1 of 2147483647; total allocated: 1 of 2147483647]
11:45:38.091 [Test worker] DEBUG com.github.dockerjava.zerodep.shaded.org.apache.hc.client5.http.impl.io.PoolingHttpClientConnectionManager - ex-0000001B: endpoint leased [route: {}->unix://localhost:2375][total available: 0; route allocated: 1 of 2147483647; total allocated: 1 of 2147483647]
11:45:38.091 [Test worker] DEBUG com.github.dockerjava.zerodep.shaded.org.apache.hc.client5.http.impl.io.PoolingHttpClientConnectionManager - ex-0000001B: acquired ep-0000001A
11:45:38.091 [Test worker] DEBUG com.github.dockerjava.zerodep.shaded.org.apache.hc.client5.http.impl.classic.InternalHttpClient - ex-0000001B: acquired endpoint ep-0000001A
11:45:38.091 [Test worker] DEBUG com.github.dockerjava.zerodep.shaded.org.apache.hc.client5.http.impl.classic.MainClientExec - ex-0000001B: executing GET /v1.32/containers/47a7ce05e61aa72bdced5a030ca6064519c62d122a5992816f04e0e528b5b17d/json HTTP/1.1
11:45:38.091 [Test worker] DEBUG com.github.dockerjava.zerodep.shaded.org.apache.hc.client5.http.impl.classic.InternalHttpClient - ep-0000001A: start execution ex-0000001B
11:45:38.091 [Test worker] DEBUG com.github.dockerjava.zerodep.shaded.org.apache.hc.client5.http.impl.io.PoolingHttpClientConnectionManager - ep-0000001A: executing exchange ex-0000001B over http-outgoing-2
11:45:38.091 [Test worker] DEBUG com.github.dockerjava.zerodep.shaded.org.apache.hc.client5.http.headers - http-outgoing-2 >> GET /v1.32/containers/47a7ce05e61aa72bdced5a030ca6064519c62d122a5992816f04e0e528b5b17d/json HTTP/1.1
11:45:38.091 [Test worker] DEBUG com.github.dockerjava.zerodep.shaded.org.apache.hc.client5.http.headers - http-outgoing-2 >> accept: application/json
11:45:38.091 [Test worker] DEBUG com.github.dockerjava.zerodep.shaded.org.apache.hc.client5.http.headers - http-outgoing-2 >> x-tc-sid: c5b4bded-8a7b-4309-a94c-5bb153977152
11:45:38.091 [Test worker] DEBUG com.github.dockerjava.zerodep.shaded.org.apache.hc.client5.http.headers - http-outgoing-2 >> Accept-Encoding: gzip, x-gzip, deflate
11:45:38.091 [Test worker] DEBUG com.github.dockerjava.zerodep.shaded.org.apache.hc.client5.http.headers - http-outgoing-2 >> Host: localhost:2375
11:45:38.091 [Test worker] DEBUG com.github.dockerjava.zerodep.shaded.org.apache.hc.client5.http.headers - http-outgoing-2 >> Connection: keep-alive
11:45:38.091 [Test worker] DEBUG com.github.dockerjava.zerodep.shaded.org.apache.hc.client5.http.headers - http-outgoing-2 >> User-Agent: Apache-HttpClient/5.0.3 (Java/17.0.3)
11:45:38.091 [Test worker] DEBUG com.github.dockerjava.zerodep.shaded.org.apache.hc.client5.http.wire - http-outgoing-2 >> "GET /v1.32/containers/47a7ce05e61aa72bdced5a030ca6064519c62d122a5992816f04e0e528b5b17d/json HTTP/1.1[\r][\n]"
11:45:38.091 [Test worker] DEBUG com.github.dockerjava.zerodep.shaded.org.apache.hc.client5.http.wire - http-outgoing-2 >> "accept: application/json[\r][\n]"
11:45:38.092 [Test worker] DEBUG com.github.dockerjava.zerodep.shaded.org.apache.hc.client5.http.wire - http-outgoing-2 >> "x-tc-sid: c5b4bded-8a7b-4309-a94c-5bb153977152[\r][\n]"
11:45:38.092 [Test worker] DEBUG com.github.dockerjava.zerodep.shaded.org.apache.hc.client5.http.wire - http-outgoing-2 >> "Accept-Encoding: gzip, x-gzip, deflate[\r][\n]"
11:45:38.092 [Test worker] DEBUG com.github.dockerjava.zerodep.shaded.org.apache.hc.client5.http.wire - http-outgoing-2 >> "Host: localhost:2375[\r][\n]"
11:45:38.092 [Test worker] DEBUG com.github.dockerjava.zerodep.shaded.org.apache.hc.client5.http.wire - http-outgoing-2 >> "Connection: keep-alive[\r][\n]"
11:45:38.092 [Test worker] DEBUG com.github.dockerjava.zerodep.shaded.org.apache.hc.client5.http.wire - http-outgoing-2 >> "User-Agent: Apache-HttpClient/5.0.3 (Java/17.0.3)[\r][\n]"
11:45:38.092 [Test worker] DEBUG com.github.dockerjava.zerodep.shaded.org.apache.hc.client5.http.wire - http-outgoing-2 >> "[\r][\n]"
11:45:38.094 [Test worker] DEBUG com.github.dockerjava.zerodep.shaded.org.apache.hc.client5.http.wire - http-outgoing-2 << "HTTP/1.1 200 OK[\r][\n]"
11:45:38.094 [Test worker] DEBUG com.github.dockerjava.zerodep.shaded.org.apache.hc.client5.http.wire - http-outgoing-2 << "Api-Version: 1.41[\r][\n]"
11:45:38.094 [Test worker] DEBUG com.github.dockerjava.zerodep.shaded.org.apache.hc.client5.http.wire - http-outgoing-2 << "Content-Type: application/json[\r][\n]"
11:45:38.094 [Test worker] DEBUG com.github.dockerjava.zerodep.shaded.org.apache.hc.client5.http.wire - http-outgoing-2 << "Date: Mon, 26 Sep 2022 02:45:38 GMT[\r][\n]"
11:45:38.094 [Test worker] DEBUG com.github.dockerjava.zerodep.shaded.org.apache.hc.client5.http.wire - http-outgoing-2 << "Docker-Experimental: false[\r][\n]"
11:45:38.094 [Test worker] DEBUG com.github.dockerjava.zerodep.shaded.org.apache.hc.client5.http.wire - http-outgoing-2 << "Ostype: linux[\r][\n]"
11:45:38.094 [Test worker] DEBUG com.github.dockerjava.zerodep.shaded.org.apache.hc.client5.http.wire - http-outgoing-2 << "Server: Docker/20.10.11 (linux)[\r][\n]"
11:45:38.094 [Test worker] DEBUG com.github.dockerjava.zerodep.shaded.org.apache.hc.client5.http.wire - http-outgoing-2 << "Transfer-Encoding: chunked[\r][\n]"
11:45:38.094 [Test worker] DEBUG com.github.dockerjava.zerodep.shaded.org.apache.hc.client5.http.wire - http-outgoing-2 << "[\r][\n]"
11:45:38.094 [Test worker] DEBUG com.github.dockerjava.zerodep.shaded.org.apache.hc.client5.http.headers - http-outgoing-2 << HTTP/1.1 200 OK
11:45:38.094 [Test worker] DEBUG com.github.dockerjava.zerodep.shaded.org.apache.hc.client5.http.headers - http-outgoing-2 << Api-Version: 1.41
11:45:38.094 [Test worker] DEBUG com.github.dockerjava.zerodep.shaded.org.apache.hc.client5.http.headers - http-outgoing-2 << Content-Type: application/json
11:45:38.094 [Test worker] DEBUG com.github.dockerjava.zerodep.shaded.org.apache.hc.client5.http.headers - http-outgoing-2 << Date: Mon, 26 Sep 2022 02:45:38 GMT
11:45:38.094 [Test worker] DEBUG com.github.dockerjava.zerodep.shaded.org.apache.hc.client5.http.headers - http-outgoing-2 << Docker-Experimental: false
11:45:38.094 [Test worker] DEBUG com.github.dockerjava.zerodep.shaded.org.apache.hc.client5.http.headers - http-outgoing-2 << Ostype: linux
11:45:38.094 [Test worker] DEBUG com.github.dockerjava.zerodep.shaded.org.apache.hc.client5.http.headers - http-outgoing-2 << Server: Docker/20.10.11 (linux)
11:45:38.094 [Test worker] DEBUG com.github.dockerjava.zerodep.shaded.org.apache.hc.client5.http.headers - http-outgoing-2 << Transfer-Encoding: chunked
11:45:38.094 [Test worker] DEBUG com.github.dockerjava.zerodep.shaded.org.apache.hc.client5.http.impl.classic.MainClientExec - ex-0000001B: connection can be kept alive for 3 MINUTES
11:45:38.095 [Test worker] DEBUG com.github.dockerjava.zerodep.shaded.org.apache.hc.client5.http.wire - http-outgoing-2 << "1882[\r][\n]"
11:45:38.095 [Test worker] DEBUG com.github.dockerjava.zerodep.shaded.org.apache.hc.client5.http.wire - http-outgoing-2 << "{"Id":"47a7ce05e61aa72bdced5a030ca6064519c62d122a5992816f04e0e528b5b17d","Created":"2022-09-26T02:45:36.042081626Z","Path":"docker-entrypoint.sh","Args":["mysqld"],"State":{"Status":"running","Running":true,"Paused":false,"Restarting":false,"OOMKilled":false,"Dead":false,"Pid":2251,"ExitCode":0,"Error":"","StartedAt":"2022-09-26T02:45:36.388226668Z","FinishedAt":"0001-01-01T00:00:00Z"},"Image":"sha256:5e229524f286e653111cb9d028bf1ba4c3490742c8cd18c84af22538f0e68575","ResolvConfPath":"/var/lib/docker/containers/47a7ce05e61aa72bdced5a030ca6064519c62d122a5992816f04e0e528b5b17d/resolv.conf","HostnamePath":"/var/lib/docker/containers/47a7ce05e61aa72bdced5a030ca6064519c62d122a5992816f04e0e528b5b17d/hostname","HostsPath":"/var/lib/docker/containers/47a7ce05e61aa72bdced5a030ca6064519c62d122a5992816f04e0e528b5b17d/hosts","LogPath":"/var/lib/docker/containers/47a7ce05e61aa72bdced5a030ca6064519c62d122a5992816f04e0e528b5b17d/47a7ce05e61aa72bdced5a030ca6064519c62d122a5992816f04e0e528b5b17d-json.log","Name":"/crazy_chaum","RestartCount":0,"Driver":"overlay2","Platform":"linux","MountLabel":"","ProcessLabel":"","AppArmorProfile":"","ExecIDs":null,"HostConfig":{"Binds":[],"ContainerIDFile":"","LogConfig":{"Type":"json-file","Config":{}},"NetworkMode":"default","PortBindings":{"3306/tcp":[{"HostIp":"0.0.0.0","HostPort":"0"}]},"RestartPolicy":{"Name":"","MaximumRetryCount":0},"AutoRemove":false,"VolumeDriver":"","VolumesFrom":[],"CapAdd":null,"CapDrop":null,"CgroupnsMode":"private","Dns":null,"DnsOptions":null,"DnsSearch":null,"ExtraHosts":[],"GroupAdd":null,"IpcMode":"shareable","Cgroup":"","Links":null,"OomScoreAdj":0,"PidMode":"","Privileged":false,"PublishAllPorts":false,"ReadonlyRootfs":false,"SecurityOpt":null,"UTSMode":"","UsernsMode":"","ShmSize":67108864,"Runtime":"runc","ConsoleSize":[0,0],"Isolation":"","CpuShares":0,"Memory":0,"NanoCpus":0,"CgroupParent":"","BlkioWeight":0,"BlkioWeightDevice":null,"BlkioDeviceReadBps":null,"BlkioDeviceWriteBps":null,"BlkioDeviceReadIOps":null,"BlkioDeviceWriteIOps":null,"CpuPeriod":0,"CpuQuota":0,"CpuRealtimePeriod":0,"CpuRealtimeRuntime":0,"CpusetCpus":"","CpusetMems":"","Devices":null,"DeviceCgroupRules":null,"DeviceRequests":null,"KernelMemory":0,"KernelMemoryTCP":0,"MemoryReservation":0,"MemorySwap":0,"MemorySwappiness":null,"OomKillDisable":null,"PidsLimit":null,"Ulimits":null,"CpuCount":0,"CpuPercent":0,"IOMaximumIOps":0,"IOMaximumBandwidth":0,"MaskedPaths":["/proc/asound","/proc/acpi","/proc/kcore","/proc/keys","/proc/latency_stats","/proc/timer_list","/proc/timer_stats","/proc/sched_debug","/proc/scsi","/sys/firmware"],"ReadonlyPaths":["/proc/bus","/proc/fs","/proc/irq","/proc/sys","/proc/sysrq-trigger"]},"GraphDriver":{"Data":{"LowerDir":"/var/lib/docker/overlay2/45da4782eb6c4075fef21a16271836d62c4e4726b16ef4c5ea199d4e626bdb39-init/diff:/var/lib/docker/overlay2/27a623f1ab748258e017a40f339844ef533377092bad4182aa320e9399893e13/diff:/var/lib/docker/overlay2/d7c1e4de558b6bbbdc3209a51fc73295262b5271709fe659d0e2e94f626eea74/diff:/var/lib/docker/overlay2/2df554f793c3600571e2f078ad2e20025d6b2e35f3d18881ead4f70e2cc26cb8/diff:/var/lib/docker/overlay2/feb23515577245ad51a24945de1e6bab842929569da912a2b4a33a48c6c2331f/diff:/var/lib/docker/overlay2/cc2cdbce154e19d9c4f376917b6c92ebd55b0b495124ffd2c9d7e9c82b6a95f9/diff:/var/lib/docker/overlay2/968467fe01280f82d26487386f320a15000815d63000d5ec89b47acca8f77ef2/diff:/var/lib/docker/overlay2/cc59daa314bbcaec43d6cd4064c7863b4b3976b989121dcf2e32c4710281f247/diff:/var/lib/docker/overlay2/dc5d8b1cf96cfd5d96d68fbed14248edf1244c1a4669ba07b0bab7f3d782f058/diff:/var/lib/docker/overlay2/dcca184158d696706cd99e62ffa3e5c42964eb57190bef35421cdf3f83a8c130/diff:/var/lib/docker/overlay2/a7f928596da67ce59f34b0ba4cee4a3b948b94f91ad0b0b6260dc54fb9b5a048/diff:/var/lib/docker/overlay2/6ac5adbfff6202b1faa13a2a2fd92625bdda668cdac1a1d2230becbb394e569f/diff","MergedDir":"/var/lib/docker/overlay2/45da4782eb6c4075fef21a16271836d62c4e4726b16ef4c5ea199d4e626bdb39/merged","UpperDir":"/var/lib/docker/overlay2/45da4782eb6c4075fef21a16271836d62c4e4726b16ef4c5ea199d4e626bdb39/diff","WorkDir":"/var/lib/docker/overlay2/45da4782eb6c4075fef21a16271836d62c4e4726b16ef4c5ea199d4e626bdb39/work"},"Name":"overlay2"},"Mounts":[{"Type":"volume","Name":"08668a73464516d2c615e247a561222f461f2385cff5615e53cc78e96456230c","Source":"/var/lib/docker/volumes/08668a73464516d2c615e247a561222f461f2385cff5615e53cc78e96456230c/_data","Destination":"/var/lib/mysql","Driver":"local","Mode":"","RW":true,"Propagation":""}],"Config":{"Hostname":"47a7ce05e61a","Domainname":"","User":"","AttachStdin":false,"AttachStdout":false,"AttachStderr":false,"ExposedPorts":{"3306/tcp":{},"33060/tcp":{}},"Tty":false,"OpenStdin":false,"StdinOnce":false,"Env":["MYSQL_DATABASE=lotification","MYSQL_PASSWORD=1234","MYSQL_USER=admin","MYSQL_ROOT_PASSWORD=1234","PATH=/usr/local/sbin:/usr/local/bin:/usr/sbin:/usr/bin:/sbin:/bin","GOSU_VERSION=1.14","MYSQL_MAJOR=8.0","MYSQL_VERSION=8.0.30-1.el8","MYSQL_SHELL_VERSION=8.0.30-1.el8"],"Cmd":["mysqld"],"Image":"mysql:8","Volumes":{"/var/lib/mysql":{}},"WorkingDir":"","Entrypoint":["docker-entrypoint.sh"],"OnBuild":null,"Labels":{"org.testcontainers":"true","org.testcontainers.sessionId":"c5b4bded-8a7b-4309-a94c-5bb153977152"}},"NetworkSettings":{"Bridge":"","SandboxID":"c87f478ec31081a2fc02a6d53fa5addc8f61962dea8dd5c17c1c641e1a25e99b","HairpinMode":false,"LinkLocalIPv6Address":"","LinkLocalIPv6PrefixLen":0,"Ports":{"3306/tcp":[{"HostIp":"0.0.0.0","HostPort":"63346"}],"33060/tcp":null},"SandboxKey":"/var/run/docker/netns/c87f478ec310","SecondaryIPAddresses":null,"SecondaryIPv6Addresses":null,"EndpointID":"7830774c518a6ae45bc93e5b48bd99e8a609aa29230b007326fa87b5ca32567f","Gateway":"172.17.0.1","GlobalIPv6Address":"","GlobalIPv6PrefixLen":0,"IPAddress":"172.17.0.4","IPPrefixLen":16,"IPv6Gateway":"","MacAddress":"02:42:ac:11:00:04","Networks":{"bridge":{"IPAMConfig":null,"Links":null,"Aliases":null,"NetworkID":"42b943ace1ba272d06317befbba08f853c5a08f211a0bdf3660599ced98f9c17","EndpointID":"7830774c518a6ae45bc93e5b48bd99e8a609aa29230b007326fa87b5ca32567f","Gateway":"172.17.0.1","IPAddress":"172.17.0.4","IPPrefixLen":16,"IPv6Gateway":"","GlobalIPv6Address":"","GlobalIPv6PrefixLen":0,"MacAddress":"02:42:ac:11:00:04","DriverOpts":null}}}}[\n]"
11:45:38.095 [Test worker] DEBUG com.github.dockerjava.zerodep.shaded.org.apache.hc.client5.http.wire - http-outgoing-2 << "[\r][\n]"
11:45:38.095 [Test worker] DEBUG com.github.dockerjava.zerodep.shaded.org.apache.hc.client5.http.wire - http-outgoing-2 << "0[\r][\n]"
11:45:38.095 [Test worker] DEBUG com.github.dockerjava.zerodep.shaded.org.apache.hc.client5.http.wire - http-outgoing-2 << "[\r][\n]"
11:45:38.095 [Test worker] DEBUG com.github.dockerjava.zerodep.shaded.org.apache.hc.client5.http.impl.classic.InternalHttpClient - ep-0000001A: releasing valid endpoint
11:45:38.095 [Test worker] DEBUG com.github.dockerjava.zerodep.shaded.org.apache.hc.client5.http.impl.io.PoolingHttpClientConnectionManager - ep-0000001A: releasing endpoint
11:45:38.095 [Test worker] DEBUG com.github.dockerjava.zerodep.shaded.org.apache.hc.client5.http.impl.io.PoolingHttpClientConnectionManager - ep-0000001A: connection http-outgoing-2 can be kept alive for 3 MINUTES
11:45:38.095 [Test worker] DEBUG com.github.dockerjava.zerodep.shaded.org.apache.hc.client5.http.impl.io.PoolingHttpClientConnectionManager - ep-0000001A: connection released [route: {}->unix://localhost:2375][total available: 1; route allocated: 1 of 2147483647; total allocated: 1 of 2147483647]
11:45:38.095 [Test worker] DEBUG ]]>&#x1f433;<![CDATA[ [mysql:8] - Trying to create JDBC connection using com.mysql.cj.jdbc.Driver to jdbc:mysql://localhost:63346/lotification?useSSL=false&allowPublicKeyRetrieval=true with properties: {password=1234, user=admin}
11:45:38.203 [Test worker] DEBUG org.testcontainers.shaded.com.github.dockerjava.core.command.AbstrDockerCmd - Cmd: 47a7ce05e61aa72bdced5a030ca6064519c62d122a5992816f04e0e528b5b17d,false
11:45:38.203 [Test worker] DEBUG org.testcontainers.shaded.com.github.dockerjava.core.exec.InspectContainerCmdExec - GET: DefaultWebTarget{path=[/containers/47a7ce05e61aa72bdced5a030ca6064519c62d122a5992816f04e0e528b5b17d/json], queryParams={}}
11:45:38.203 [Test worker] DEBUG com.github.dockerjava.zerodep.shaded.org.apache.hc.client5.http.impl.classic.InternalHttpClient - ex-0000001C: preparing request execution
11:45:38.203 [Test worker] DEBUG com.github.dockerjava.zerodep.shaded.org.apache.hc.client5.http.protocol.RequestAddCookies - Cookie spec selected: strict
11:45:38.204 [Test worker] DEBUG com.github.dockerjava.zerodep.shaded.org.apache.hc.client5.http.protocol.RequestAuthCache - Auth cache not set in the context
11:45:38.204 [Test worker] DEBUG com.github.dockerjava.zerodep.shaded.org.apache.hc.client5.http.impl.classic.ProtocolExec - ex-0000001C: target auth state: UNCHALLENGED
11:45:38.204 [Test worker] DEBUG com.github.dockerjava.zerodep.shaded.org.apache.hc.client5.http.impl.classic.ProtocolExec - ex-0000001C: proxy auth state: UNCHALLENGED
11:45:38.204 [Test worker] DEBUG com.github.dockerjava.zerodep.shaded.org.apache.hc.client5.http.impl.classic.ConnectExec - ex-0000001C: acquiring connection with route {}->unix://localhost:2375
11:45:38.204 [Test worker] DEBUG com.github.dockerjava.zerodep.shaded.org.apache.hc.client5.http.impl.classic.InternalHttpClient - ex-0000001C: acquiring endpoint (3 MINUTES)
11:45:38.204 [Test worker] DEBUG com.github.dockerjava.zerodep.shaded.org.apache.hc.client5.http.impl.io.PoolingHttpClientConnectionManager - ex-0000001C: endpoint lease request (3 MINUTES) [route: {}->unix://localhost:2375][total available: 1; route allocated: 1 of 2147483647; total allocated: 1 of 2147483647]
11:45:38.204 [Test worker] DEBUG com.github.dockerjava.zerodep.shaded.org.apache.hc.client5.http.impl.io.PoolingHttpClientConnectionManager - ex-0000001C: endpoint leased [route: {}->unix://localhost:2375][total available: 0; route allocated: 1 of 2147483647; total allocated: 1 of 2147483647]
11:45:38.204 [Test worker] DEBUG com.github.dockerjava.zerodep.shaded.org.apache.hc.client5.http.impl.io.PoolingHttpClientConnectionManager - ex-0000001C: acquired ep-0000001B
11:45:38.204 [Test worker] DEBUG com.github.dockerjava.zerodep.shaded.org.apache.hc.client5.http.impl.classic.InternalHttpClient - ex-0000001C: acquired endpoint ep-0000001B
11:45:38.204 [Test worker] DEBUG com.github.dockerjava.zerodep.shaded.org.apache.hc.client5.http.impl.classic.MainClientExec - ex-0000001C: executing GET /v1.32/containers/47a7ce05e61aa72bdced5a030ca6064519c62d122a5992816f04e0e528b5b17d/json HTTP/1.1
11:45:38.204 [Test worker] DEBUG com.github.dockerjava.zerodep.shaded.org.apache.hc.client5.http.impl.classic.InternalHttpClient - ep-0000001B: start execution ex-0000001C
11:45:38.204 [Test worker] DEBUG com.github.dockerjava.zerodep.shaded.org.apache.hc.client5.http.impl.io.PoolingHttpClientConnectionManager - ep-0000001B: executing exchange ex-0000001C over http-outgoing-2
11:45:38.204 [Test worker] DEBUG com.github.dockerjava.zerodep.shaded.org.apache.hc.client5.http.headers - http-outgoing-2 >> GET /v1.32/containers/47a7ce05e61aa72bdced5a030ca6064519c62d122a5992816f04e0e528b5b17d/json HTTP/1.1
11:45:38.204 [Test worker] DEBUG com.github.dockerjava.zerodep.shaded.org.apache.hc.client5.http.headers - http-outgoing-2 >> accept: application/json
11:45:38.204 [Test worker] DEBUG com.github.dockerjava.zerodep.shaded.org.apache.hc.client5.http.headers - http-outgoing-2 >> x-tc-sid: c5b4bded-8a7b-4309-a94c-5bb153977152
11:45:38.204 [Test worker] DEBUG com.github.dockerjava.zerodep.shaded.org.apache.hc.client5.http.headers - http-outgoing-2 >> Accept-Encoding: gzip, x-gzip, deflate
11:45:38.204 [Test worker] DEBUG com.github.dockerjava.zerodep.shaded.org.apache.hc.client5.http.headers - http-outgoing-2 >> Host: localhost:2375
11:45:38.204 [Test worker] DEBUG com.github.dockerjava.zerodep.shaded.org.apache.hc.client5.http.headers - http-outgoing-2 >> Connection: keep-alive
11:45:38.204 [Test worker] DEBUG com.github.dockerjava.zerodep.shaded.org.apache.hc.client5.http.headers - http-outgoing-2 >> User-Agent: Apache-HttpClient/5.0.3 (Java/17.0.3)
11:45:38.204 [Test worker] DEBUG com.github.dockerjava.zerodep.shaded.org.apache.hc.client5.http.wire - http-outgoing-2 >> "GET /v1.32/containers/47a7ce05e61aa72bdced5a030ca6064519c62d122a5992816f04e0e528b5b17d/json HTTP/1.1[\r][\n]"
11:45:38.204 [Test worker] DEBUG com.github.dockerjava.zerodep.shaded.org.apache.hc.client5.http.wire - http-outgoing-2 >> "accept: application/json[\r][\n]"
11:45:38.204 [Test worker] DEBUG com.github.dockerjava.zerodep.shaded.org.apache.hc.client5.http.wire - http-outgoing-2 >> "x-tc-sid: c5b4bded-8a7b-4309-a94c-5bb153977152[\r][\n]"
11:45:38.204 [Test worker] DEBUG com.github.dockerjava.zerodep.shaded.org.apache.hc.client5.http.wire - http-outgoing-2 >> "Accept-Encoding: gzip, x-gzip, deflate[\r][\n]"
11:45:38.204 [Test worker] DEBUG com.github.dockerjava.zerodep.shaded.org.apache.hc.client5.http.wire - http-outgoing-2 >> "Host: localhost:2375[\r][\n]"
11:45:38.204 [Test worker] DEBUG com.github.dockerjava.zerodep.shaded.org.apache.hc.client5.http.wire - http-outgoing-2 >> "Connection: keep-alive[\r][\n]"
11:45:38.204 [Test worker] DEBUG com.github.dockerjava.zerodep.shaded.org.apache.hc.client5.http.wire - http-outgoing-2 >> "User-Agent: Apache-HttpClient/5.0.3 (Java/17.0.3)[\r][\n]"
11:45:38.204 [Test worker] DEBUG com.github.dockerjava.zerodep.shaded.org.apache.hc.client5.http.wire - http-outgoing-2 >> "[\r][\n]"
11:45:38.206 [Test worker] DEBUG com.github.dockerjava.zerodep.shaded.org.apache.hc.client5.http.wire - http-outgoing-2 << "HTTP/1.1 200 OK[\r][\n]"
11:45:38.206 [Test worker] DEBUG com.github.dockerjava.zerodep.shaded.org.apache.hc.client5.http.wire - http-outgoing-2 << "Api-Version: 1.41[\r][\n]"
11:45:38.206 [Test worker] DEBUG com.github.dockerjava.zerodep.shaded.org.apache.hc.client5.http.wire - http-outgoing-2 << "Content-Type: application/json[\r][\n]"
11:45:38.206 [Test worker] DEBUG com.github.dockerjava.zerodep.shaded.org.apache.hc.client5.http.wire - http-outgoing-2 << "Date: Mon, 26 Sep 2022 02:45:38 GMT[\r][\n]"
11:45:38.206 [Test worker] DEBUG com.github.dockerjava.zerodep.shaded.org.apache.hc.client5.http.wire - http-outgoing-2 << "Docker-Experimental: false[\r][\n]"
11:45:38.206 [Test worker] DEBUG com.github.dockerjava.zerodep.shaded.org.apache.hc.client5.http.wire - http-outgoing-2 << "Ostype: linux[\r][\n]"
11:45:38.206 [Test worker] DEBUG com.github.dockerjava.zerodep.shaded.org.apache.hc.client5.http.wire - http-outgoing-2 << "Server: Docker/20.10.11 (linux)[\r][\n]"
11:45:38.206 [Test worker] DEBUG com.github.dockerjava.zerodep.shaded.org.apache.hc.client5.http.wire - http-outgoing-2 << "Transfer-Encoding: chunked[\r][\n]"
11:45:38.206 [Test worker] DEBUG com.github.dockerjava.zerodep.shaded.org.apache.hc.client5.http.wire - http-outgoing-2 << "[\r][\n]"
11:45:38.206 [Test worker] DEBUG com.github.dockerjava.zerodep.shaded.org.apache.hc.client5.http.headers - http-outgoing-2 << HTTP/1.1 200 OK
11:45:38.206 [Test worker] DEBUG com.github.dockerjava.zerodep.shaded.org.apache.hc.client5.http.headers - http-outgoing-2 << Api-Version: 1.41
11:45:38.207 [Test worker] DEBUG com.github.dockerjava.zerodep.shaded.org.apache.hc.client5.http.headers - http-outgoing-2 << Content-Type: application/json
11:45:38.208 [Test worker] DEBUG com.github.dockerjava.zerodep.shaded.org.apache.hc.client5.http.headers - http-outgoing-2 << Date: Mon, 26 Sep 2022 02:45:38 GMT
11:45:38.208 [Test worker] DEBUG com.github.dockerjava.zerodep.shaded.org.apache.hc.client5.http.headers - http-outgoing-2 << Docker-Experimental: false
11:45:38.208 [Test worker] DEBUG com.github.dockerjava.zerodep.shaded.org.apache.hc.client5.http.headers - http-outgoing-2 << Ostype: linux
11:45:38.208 [Test worker] DEBUG com.github.dockerjava.zerodep.shaded.org.apache.hc.client5.http.headers - http-outgoing-2 << Server: Docker/20.10.11 (linux)
11:45:38.208 [Test worker] DEBUG com.github.dockerjava.zerodep.shaded.org.apache.hc.client5.http.headers - http-outgoing-2 << Transfer-Encoding: chunked
11:45:38.208 [Test worker] DEBUG com.github.dockerjava.zerodep.shaded.org.apache.hc.client5.http.impl.classic.MainClientExec - ex-0000001C: connection can be kept alive for 3 MINUTES
11:45:38.208 [Test worker] DEBUG com.github.dockerjava.zerodep.shaded.org.apache.hc.client5.http.wire - http-outgoing-2 << "1882[\r][\n]"
11:45:38.208 [Test worker] DEBUG com.github.dockerjava.zerodep.shaded.org.apache.hc.client5.http.wire - http-outgoing-2 << "{"Id":"47a7ce05e61aa72bdced5a030ca6064519c62d122a5992816f04e0e528b5b17d","Created":"2022-09-26T02:45:36.042081626Z","Path":"docker-entrypoint.sh","Args":["mysqld"],"State":{"Status":"running","Running":true,"Paused":false,"Restarting":false,"OOMKilled":false,"Dead":false,"Pid":2251,"ExitCode":0,"Error":"","StartedAt":"2022-09-26T02:45:36.388226668Z","FinishedAt":"0001-01-01T00:00:00Z"},"Image":"sha256:5e229524f286e653111cb9d028bf1ba4c3490742c8cd18c84af22538f0e68575","ResolvConfPath":"/var/lib/docker/containers/47a7ce05e61aa72bdced5a030ca6064519c62d122a5992816f04e0e528b5b17d/resolv.conf","HostnamePath":"/var/lib/docker/containers/47a7ce05e61aa72bdced5a030ca6064519c62d122a5992816f04e0e528b5b17d/hostname","HostsPath":"/var/lib/docker/containers/47a7ce05e61aa72bdced5a030ca6064519c62d122a5992816f04e0e528b5b17d/hosts","LogPath":"/var/lib/docker/containers/47a7ce05e61aa72bdced5a030ca6064519c62d122a5992816f04e0e528b5b17d/47a7ce05e61aa72bdced5a030ca6064519c62d122a5992816f04e0e528b5b17d-json.log","Name":"/crazy_chaum","RestartCount":0,"Driver":"overlay2","Platform":"linux","MountLabel":"","ProcessLabel":"","AppArmorProfile":"","ExecIDs":null,"HostConfig":{"Binds":[],"ContainerIDFile":"","LogConfig":{"Type":"json-file","Config":{}},"NetworkMode":"default","PortBindings":{"3306/tcp":[{"HostIp":"0.0.0.0","HostPort":"0"}]},"RestartPolicy":{"Name":"","MaximumRetryCount":0},"AutoRemove":false,"VolumeDriver":"","VolumesFrom":[],"CapAdd":null,"CapDrop":null,"CgroupnsMode":"private","Dns":null,"DnsOptions":null,"DnsSearch":null,"ExtraHosts":[],"GroupAdd":null,"IpcMode":"shareable","Cgroup":"","Links":null,"OomScoreAdj":0,"PidMode":"","Privileged":false,"PublishAllPorts":false,"ReadonlyRootfs":false,"SecurityOpt":null,"UTSMode":"","UsernsMode":"","ShmSize":67108864,"Runtime":"runc","ConsoleSize":[0,0],"Isolation":"","CpuShares":0,"Memory":0,"NanoCpus":0,"CgroupParent":"","BlkioWeight":0,"BlkioWeightDevice":null,"BlkioDeviceReadBps":null,"BlkioDeviceWriteBps":null,"BlkioDeviceReadIOps":null,"BlkioDeviceWriteIOps":null,"CpuPeriod":0,"CpuQuota":0,"CpuRealtimePeriod":0,"CpuRealtimeRuntime":0,"CpusetCpus":"","CpusetMems":"","Devices":null,"DeviceCgroupRules":null,"DeviceRequests":null,"KernelMemory":0,"KernelMemoryTCP":0,"MemoryReservation":0,"MemorySwap":0,"MemorySwappiness":null,"OomKillDisable":null,"PidsLimit":null,"Ulimits":null,"CpuCount":0,"CpuPercent":0,"IOMaximumIOps":0,"IOMaximumBandwidth":0,"MaskedPaths":["/proc/asound","/proc/acpi","/proc/kcore","/proc/keys","/proc/latency_stats","/proc/timer_list","/proc/timer_stats","/proc/sched_debug","/proc/scsi","/sys/firmware"],"ReadonlyPaths":["/proc/bus","/proc/fs","/proc/irq","/proc/sys","/proc/sysrq-trigger"]},"GraphDriver":{"Data":{"LowerDir":"/var/lib/docker/overlay2/45da4782eb6c4075fef21a16271836d62c4e4726b16ef4c5ea199d4e626bdb39-init/diff:/var/lib/docker/overlay2/27a623f1ab748258e017a40f339844ef533377092bad4182aa320e9399893e13/diff:/var/lib/docker/overlay2/d7c1e4de558b6bbbdc3209a51fc73295262b5271709fe659d0e2e94f626eea74/diff:/var/lib/docker/overlay2/2df554f793c3600571e2f078ad2e20025d6b2e35f3d18881ead4f70e2cc26cb8/diff:/var/lib/docker/overlay2/feb23515577245ad51a24945de1e6bab842929569da912a2b4a33a48c6c2331f/diff:/var/lib/docker/overlay2/cc2cdbce154e19d9c4f376917b6c92ebd55b0b495124ffd2c9d7e9c82b6a95f9/diff:/var/lib/docker/overlay2/968467fe01280f82d26487386f320a15000815d63000d5ec89b47acca8f77ef2/diff:/var/lib/docker/overlay2/cc59daa314bbcaec43d6cd4064c7863b4b3976b989121dcf2e32c4710281f247/diff:/var/lib/docker/overlay2/dc5d8b1cf96cfd5d96d68fbed14248edf1244c1a4669ba07b0bab7f3d782f058/diff:/var/lib/docker/overlay2/dcca184158d696706cd99e62ffa3e5c42964eb57190bef35421cdf3f83a8c130/diff:/var/lib/docker/overlay2/a7f928596da67ce59f34b0ba4cee4a3b948b94f91ad0b0b6260dc54fb9b5a048/diff:/var/lib/docker/overlay2/6ac5adbfff6202b1faa13a2a2fd92625bdda668cdac1a1d2230becbb394e569f/diff","MergedDir":"/var/lib/docker/overlay2/45da4782eb6c4075fef21a16271836d62c4e4726b16ef4c5ea199d4e626bdb39/merged","UpperDir":"/var/lib/docker/overlay2/45da4782eb6c4075fef21a16271836d62c4e4726b16ef4c5ea199d4e626bdb39/diff","WorkDir":"/var/lib/docker/overlay2/45da4782eb6c4075fef21a16271836d62c4e4726b16ef4c5ea199d4e626bdb39/work"},"Name":"overlay2"},"Mounts":[{"Type":"volume","Name":"08668a73464516d2c615e247a561222f461f2385cff5615e53cc78e96456230c","Source":"/var/lib/docker/volumes/08668a73464516d2c615e247a561222f461f2385cff5615e53cc78e96456230c/_data","Destination":"/var/lib/mysql","Driver":"local","Mode":"","RW":true,"Propagation":""}],"Config":{"Hostname":"47a7ce05e61a","Domainname":"","User":"","AttachStdin":false,"AttachStdout":false,"AttachStderr":false,"ExposedPorts":{"3306/tcp":{},"33060/tcp":{}},"Tty":false,"OpenStdin":false,"StdinOnce":false,"Env":["MYSQL_DATABASE=lotification","MYSQL_PASSWORD=1234","MYSQL_USER=admin","MYSQL_ROOT_PASSWORD=1234","PATH=/usr/local/sbin:/usr/local/bin:/usr/sbin:/usr/bin:/sbin:/bin","GOSU_VERSION=1.14","MYSQL_MAJOR=8.0","MYSQL_VERSION=8.0.30-1.el8","MYSQL_SHELL_VERSION=8.0.30-1.el8"],"Cmd":["mysqld"],"Image":"mysql:8","Volumes":{"/var/lib/mysql":{}},"WorkingDir":"","Entrypoint":["docker-entrypoint.sh"],"OnBuild":null,"Labels":{"org.testcontainers":"true","org.testcontainers.sessionId":"c5b4bded-8a7b-4309-a94c-5bb153977152"}},"NetworkSettings":{"Bridge":"","SandboxID":"c87f478ec31081a2fc02a6d53fa5addc8f61962dea8dd5c17c1c641e1a25e99b","HairpinMode":false,"LinkLocalIPv6Address":"","LinkLocalIPv6PrefixLen":0,"Ports":{"3306/tcp":[{"HostIp":"0.0.0.0","HostPort":"63346"}],"33060/tcp":null},"SandboxKey":"/var/run/docker/netns/c87f478ec310","SecondaryIPAddresses":null,"SecondaryIPv6Addresses":null,"EndpointID":"7830774c518a6ae45bc93e5b48bd99e8a609aa29230b007326fa87b5ca32567f","Gateway":"172.17.0.1","GlobalIPv6Address":"","GlobalIPv6PrefixLen":0,"IPAddress":"172.17.0.4","IPPrefixLen":16,"IPv6Gateway":"","MacAddress":"02:42:ac:11:00:04","Networks":{"bridge":{"IPAMConfig":null,"Links":null,"Aliases":null,"NetworkID":"42b943ace1ba272d06317befbba08f853c5a08f211a0bdf3660599ced98f9c17","EndpointID":"7830774c518a6ae45bc93e5b48bd99e8a609aa29230b007326fa87b5ca32567f","Gateway":"172.17.0.1","IPAddress":"172.17.0.4","IPPrefixLen":16,"IPv6Gateway":"","GlobalIPv6Address":"","GlobalIPv6PrefixLen":0,"MacAddress":"02:42:ac:11:00:04","DriverOpts":null}}}}[\n]"
11:45:38.208 [Test worker] DEBUG com.github.dockerjava.zerodep.shaded.org.apache.hc.client5.http.wire - http-outgoing-2 << "[\r][\n]"
11:45:38.208 [Test worker] DEBUG com.github.dockerjava.zerodep.shaded.org.apache.hc.client5.http.wire - http-outgoing-2 << "0[\r][\n]"
11:45:38.208 [Test worker] DEBUG com.github.dockerjava.zerodep.shaded.org.apache.hc.client5.http.wire - http-outgoing-2 << "[\r][\n]"
11:45:38.209 [Test worker] DEBUG com.github.dockerjava.zerodep.shaded.org.apache.hc.client5.http.impl.classic.InternalHttpClient - ep-0000001B: releasing valid endpoint
11:45:38.209 [Test worker] DEBUG com.github.dockerjava.zerodep.shaded.org.apache.hc.client5.http.impl.io.PoolingHttpClientConnectionManager - ep-0000001B: releasing endpoint
11:45:38.209 [Test worker] DEBUG com.github.dockerjava.zerodep.shaded.org.apache.hc.client5.http.impl.io.PoolingHttpClientConnectionManager - ep-0000001B: connection http-outgoing-2 can be kept alive for 3 MINUTES
11:45:38.209 [Test worker] DEBUG com.github.dockerjava.zerodep.shaded.org.apache.hc.client5.http.impl.io.PoolingHttpClientConnectionManager - ep-0000001B: connection released [route: {}->unix://localhost:2375][total available: 1; route allocated: 1 of 2147483647; total allocated: 1 of 2147483647]
11:45:38.209 [Test worker] DEBUG ]]>&#x1f433;<![CDATA[ [mysql:8] - Trying to create JDBC connection using com.mysql.cj.jdbc.Driver to jdbc:mysql://localhost:63346/lotification?useSSL=false&allowPublicKeyRetrieval=true with properties: {password=1234, user=admin}
11:45:38.316 [Test worker] DEBUG org.testcontainers.shaded.com.github.dockerjava.core.command.AbstrDockerCmd - Cmd: 47a7ce05e61aa72bdced5a030ca6064519c62d122a5992816f04e0e528b5b17d,false
11:45:38.316 [Test worker] DEBUG org.testcontainers.shaded.com.github.dockerjava.core.exec.InspectContainerCmdExec - GET: DefaultWebTarget{path=[/containers/47a7ce05e61aa72bdced5a030ca6064519c62d122a5992816f04e0e528b5b17d/json], queryParams={}}
11:45:38.317 [Test worker] DEBUG com.github.dockerjava.zerodep.shaded.org.apache.hc.client5.http.impl.classic.InternalHttpClient - ex-0000001D: preparing request execution
11:45:38.317 [Test worker] DEBUG com.github.dockerjava.zerodep.shaded.org.apache.hc.client5.http.protocol.RequestAddCookies - Cookie spec selected: strict
11:45:38.317 [Test worker] DEBUG com.github.dockerjava.zerodep.shaded.org.apache.hc.client5.http.protocol.RequestAuthCache - Auth cache not set in the context
11:45:38.317 [Test worker] DEBUG com.github.dockerjava.zerodep.shaded.org.apache.hc.client5.http.impl.classic.ProtocolExec - ex-0000001D: target auth state: UNCHALLENGED
11:45:38.317 [Test worker] DEBUG com.github.dockerjava.zerodep.shaded.org.apache.hc.client5.http.impl.classic.ProtocolExec - ex-0000001D: proxy auth state: UNCHALLENGED
11:45:38.317 [Test worker] DEBUG com.github.dockerjava.zerodep.shaded.org.apache.hc.client5.http.impl.classic.ConnectExec - ex-0000001D: acquiring connection with route {}->unix://localhost:2375
11:45:38.317 [Test worker] DEBUG com.github.dockerjava.zerodep.shaded.org.apache.hc.client5.http.impl.classic.InternalHttpClient - ex-0000001D: acquiring endpoint (3 MINUTES)
11:45:38.317 [Test worker] DEBUG com.github.dockerjava.zerodep.shaded.org.apache.hc.client5.http.impl.io.PoolingHttpClientConnectionManager - ex-0000001D: endpoint lease request (3 MINUTES) [route: {}->unix://localhost:2375][total available: 1; route allocated: 1 of 2147483647; total allocated: 1 of 2147483647]
11:45:38.317 [Test worker] DEBUG com.github.dockerjava.zerodep.shaded.org.apache.hc.client5.http.impl.io.PoolingHttpClientConnectionManager - ex-0000001D: endpoint leased [route: {}->unix://localhost:2375][total available: 0; route allocated: 1 of 2147483647; total allocated: 1 of 2147483647]
11:45:38.317 [Test worker] DEBUG com.github.dockerjava.zerodep.shaded.org.apache.hc.client5.http.impl.io.PoolingHttpClientConnectionManager - ex-0000001D: acquired ep-0000001C
11:45:38.317 [Test worker] DEBUG com.github.dockerjava.zerodep.shaded.org.apache.hc.client5.http.impl.classic.InternalHttpClient - ex-0000001D: acquired endpoint ep-0000001C
11:45:38.317 [Test worker] DEBUG com.github.dockerjava.zerodep.shaded.org.apache.hc.client5.http.impl.classic.MainClientExec - ex-0000001D: executing GET /v1.32/containers/47a7ce05e61aa72bdced5a030ca6064519c62d122a5992816f04e0e528b5b17d/json HTTP/1.1
11:45:38.317 [Test worker] DEBUG com.github.dockerjava.zerodep.shaded.org.apache.hc.client5.http.impl.classic.InternalHttpClient - ep-0000001C: start execution ex-0000001D
11:45:38.317 [Test worker] DEBUG com.github.dockerjava.zerodep.shaded.org.apache.hc.client5.http.impl.io.PoolingHttpClientConnectionManager - ep-0000001C: executing exchange ex-0000001D over http-outgoing-2
11:45:38.317 [Test worker] DEBUG com.github.dockerjava.zerodep.shaded.org.apache.hc.client5.http.headers - http-outgoing-2 >> GET /v1.32/containers/47a7ce05e61aa72bdced5a030ca6064519c62d122a5992816f04e0e528b5b17d/json HTTP/1.1
11:45:38.317 [Test worker] DEBUG com.github.dockerjava.zerodep.shaded.org.apache.hc.client5.http.headers - http-outgoing-2 >> accept: application/json
11:45:38.317 [Test worker] DEBUG com.github.dockerjava.zerodep.shaded.org.apache.hc.client5.http.headers - http-outgoing-2 >> x-tc-sid: c5b4bded-8a7b-4309-a94c-5bb153977152
11:45:38.317 [Test worker] DEBUG com.github.dockerjava.zerodep.shaded.org.apache.hc.client5.http.headers - http-outgoing-2 >> Accept-Encoding: gzip, x-gzip, deflate
11:45:38.317 [Test worker] DEBUG com.github.dockerjava.zerodep.shaded.org.apache.hc.client5.http.headers - http-outgoing-2 >> Host: localhost:2375
11:45:38.317 [Test worker] DEBUG com.github.dockerjava.zerodep.shaded.org.apache.hc.client5.http.headers - http-outgoing-2 >> Connection: keep-alive
11:45:38.317 [Test worker] DEBUG com.github.dockerjava.zerodep.shaded.org.apache.hc.client5.http.headers - http-outgoing-2 >> User-Agent: Apache-HttpClient/5.0.3 (Java/17.0.3)
11:45:38.317 [Test worker] DEBUG com.github.dockerjava.zerodep.shaded.org.apache.hc.client5.http.wire - http-outgoing-2 >> "GET /v1.32/containers/47a7ce05e61aa72bdced5a030ca6064519c62d122a5992816f04e0e528b5b17d/json HTTP/1.1[\r][\n]"
11:45:38.317 [Test worker] DEBUG com.github.dockerjava.zerodep.shaded.org.apache.hc.client5.http.wire - http-outgoing-2 >> "accept: application/json[\r][\n]"
11:45:38.317 [Test worker] DEBUG com.github.dockerjava.zerodep.shaded.org.apache.hc.client5.http.wire - http-outgoing-2 >> "x-tc-sid: c5b4bded-8a7b-4309-a94c-5bb153977152[\r][\n]"
11:45:38.317 [Test worker] DEBUG com.github.dockerjava.zerodep.shaded.org.apache.hc.client5.http.wire - http-outgoing-2 >> "Accept-Encoding: gzip, x-gzip, deflate[\r][\n]"
11:45:38.317 [Test worker] DEBUG com.github.dockerjava.zerodep.shaded.org.apache.hc.client5.http.wire - http-outgoing-2 >> "Host: localhost:2375[\r][\n]"
11:45:38.317 [Test worker] DEBUG com.github.dockerjava.zerodep.shaded.org.apache.hc.client5.http.wire - http-outgoing-2 >> "Connection: keep-alive[\r][\n]"
11:45:38.317 [Test worker] DEBUG com.github.dockerjava.zerodep.shaded.org.apache.hc.client5.http.wire - http-outgoing-2 >> "User-Agent: Apache-HttpClient/5.0.3 (Java/17.0.3)[\r][\n]"
11:45:38.317 [Test worker] DEBUG com.github.dockerjava.zerodep.shaded.org.apache.hc.client5.http.wire - http-outgoing-2 >> "[\r][\n]"
11:45:38.320 [Test worker] DEBUG com.github.dockerjava.zerodep.shaded.org.apache.hc.client5.http.wire - http-outgoing-2 << "HTTP/1.1 200 OK[\r][\n]"
11:45:38.320 [Test worker] DEBUG com.github.dockerjava.zerodep.shaded.org.apache.hc.client5.http.wire - http-outgoing-2 << "Api-Version: 1.41[\r][\n]"
11:45:38.320 [Test worker] DEBUG com.github.dockerjava.zerodep.shaded.org.apache.hc.client5.http.wire - http-outgoing-2 << "Content-Type: application/json[\r][\n]"
11:45:38.320 [Test worker] DEBUG com.github.dockerjava.zerodep.shaded.org.apache.hc.client5.http.wire - http-outgoing-2 << "Date: Mon, 26 Sep 2022 02:45:38 GMT[\r][\n]"
11:45:38.320 [Test worker] DEBUG com.github.dockerjava.zerodep.shaded.org.apache.hc.client5.http.wire - http-outgoing-2 << "Docker-Experimental: false[\r][\n]"
11:45:38.320 [Test worker] DEBUG com.github.dockerjava.zerodep.shaded.org.apache.hc.client5.http.wire - http-outgoing-2 << "Ostype: linux[\r][\n]"
11:45:38.320 [Test worker] DEBUG com.github.dockerjava.zerodep.shaded.org.apache.hc.client5.http.wire - http-outgoing-2 << "Server: Docker/20.10.11 (linux)[\r][\n]"
11:45:38.320 [Test worker] DEBUG com.github.dockerjava.zerodep.shaded.org.apache.hc.client5.http.wire - http-outgoing-2 << "Transfer-Encoding: chunked[\r][\n]"
11:45:38.320 [Test worker] DEBUG com.github.dockerjava.zerodep.shaded.org.apache.hc.client5.http.wire - http-outgoing-2 << "[\r][\n]"
11:45:38.320 [Test worker] DEBUG com.github.dockerjava.zerodep.shaded.org.apache.hc.client5.http.headers - http-outgoing-2 << HTTP/1.1 200 OK
11:45:38.320 [Test worker] DEBUG com.github.dockerjava.zerodep.shaded.org.apache.hc.client5.http.headers - http-outgoing-2 << Api-Version: 1.41
11:45:38.320 [Test worker] DEBUG com.github.dockerjava.zerodep.shaded.org.apache.hc.client5.http.headers - http-outgoing-2 << Content-Type: application/json
11:45:38.320 [Test worker] DEBUG com.github.dockerjava.zerodep.shaded.org.apache.hc.client5.http.headers - http-outgoing-2 << Date: Mon, 26 Sep 2022 02:45:38 GMT
11:45:38.320 [Test worker] DEBUG com.github.dockerjava.zerodep.shaded.org.apache.hc.client5.http.headers - http-outgoing-2 << Docker-Experimental: false
11:45:38.320 [Test worker] DEBUG com.github.dockerjava.zerodep.shaded.org.apache.hc.client5.http.headers - http-outgoing-2 << Ostype: linux
11:45:38.320 [Test worker] DEBUG com.github.dockerjava.zerodep.shaded.org.apache.hc.client5.http.headers - http-outgoing-2 << Server: Docker/20.10.11 (linux)
11:45:38.320 [Test worker] DEBUG com.github.dockerjava.zerodep.shaded.org.apache.hc.client5.http.headers - http-outgoing-2 << Transfer-Encoding: chunked
11:45:38.320 [Test worker] DEBUG com.github.dockerjava.zerodep.shaded.org.apache.hc.client5.http.impl.classic.MainClientExec - ex-0000001D: connection can be kept alive for 3 MINUTES
11:45:38.320 [Test worker] DEBUG com.github.dockerjava.zerodep.shaded.org.apache.hc.client5.http.wire - http-outgoing-2 << "1882[\r][\n]"
11:45:38.320 [Test worker] DEBUG com.github.dockerjava.zerodep.shaded.org.apache.hc.client5.http.wire - http-outgoing-2 << "{"Id":"47a7ce05e61aa72bdced5a030ca6064519c62d122a5992816f04e0e528b5b17d","Created":"2022-09-26T02:45:36.042081626Z","Path":"docker-entrypoint.sh","Args":["mysqld"],"State":{"Status":"running","Running":true,"Paused":false,"Restarting":false,"OOMKilled":false,"Dead":false,"Pid":2251,"ExitCode":0,"Error":"","StartedAt":"2022-09-26T02:45:36.388226668Z","FinishedAt":"0001-01-01T00:00:00Z"},"Image":"sha256:5e229524f286e653111cb9d028bf1ba4c3490742c8cd18c84af22538f0e68575","ResolvConfPath":"/var/lib/docker/containers/47a7ce05e61aa72bdced5a030ca6064519c62d122a5992816f04e0e528b5b17d/resolv.conf","HostnamePath":"/var/lib/docker/containers/47a7ce05e61aa72bdced5a030ca6064519c62d122a5992816f04e0e528b5b17d/hostname","HostsPath":"/var/lib/docker/containers/47a7ce05e61aa72bdced5a030ca6064519c62d122a5992816f04e0e528b5b17d/hosts","LogPath":"/var/lib/docker/containers/47a7ce05e61aa72bdced5a030ca6064519c62d122a5992816f04e0e528b5b17d/47a7ce05e61aa72bdced5a030ca6064519c62d122a5992816f04e0e528b5b17d-json.log","Name":"/crazy_chaum","RestartCount":0,"Driver":"overlay2","Platform":"linux","MountLabel":"","ProcessLabel":"","AppArmorProfile":"","ExecIDs":null,"HostConfig":{"Binds":[],"ContainerIDFile":"","LogConfig":{"Type":"json-file","Config":{}},"NetworkMode":"default","PortBindings":{"3306/tcp":[{"HostIp":"0.0.0.0","HostPort":"0"}]},"RestartPolicy":{"Name":"","MaximumRetryCount":0},"AutoRemove":false,"VolumeDriver":"","VolumesFrom":[],"CapAdd":null,"CapDrop":null,"CgroupnsMode":"private","Dns":null,"DnsOptions":null,"DnsSearch":null,"ExtraHosts":[],"GroupAdd":null,"IpcMode":"shareable","Cgroup":"","Links":null,"OomScoreAdj":0,"PidMode":"","Privileged":false,"PublishAllPorts":false,"ReadonlyRootfs":false,"SecurityOpt":null,"UTSMode":"","UsernsMode":"","ShmSize":67108864,"Runtime":"runc","ConsoleSize":[0,0],"Isolation":"","CpuShares":0,"Memory":0,"NanoCpus":0,"CgroupParent":"","BlkioWeight":0,"BlkioWeightDevice":null,"BlkioDeviceReadBps":null,"BlkioDeviceWriteBps":null,"BlkioDeviceReadIOps":null,"BlkioDeviceWriteIOps":null,"CpuPeriod":0,"CpuQuota":0,"CpuRealtimePeriod":0,"CpuRealtimeRuntime":0,"CpusetCpus":"","CpusetMems":"","Devices":null,"DeviceCgroupRules":null,"DeviceRequests":null,"KernelMemory":0,"KernelMemoryTCP":0,"MemoryReservation":0,"MemorySwap":0,"MemorySwappiness":null,"OomKillDisable":null,"PidsLimit":null,"Ulimits":null,"CpuCount":0,"CpuPercent":0,"IOMaximumIOps":0,"IOMaximumBandwidth":0,"MaskedPaths":["/proc/asound","/proc/acpi","/proc/kcore","/proc/keys","/proc/latency_stats","/proc/timer_list","/proc/timer_stats","/proc/sched_debug","/proc/scsi","/sys/firmware"],"ReadonlyPaths":["/proc/bus","/proc/fs","/proc/irq","/proc/sys","/proc/sysrq-trigger"]},"GraphDriver":{"Data":{"LowerDir":"/var/lib/docker/overlay2/45da4782eb6c4075fef21a16271836d62c4e4726b16ef4c5ea199d4e626bdb39-init/diff:/var/lib/docker/overlay2/27a623f1ab748258e017a40f339844ef533377092bad4182aa320e9399893e13/diff:/var/lib/docker/overlay2/d7c1e4de558b6bbbdc3209a51fc73295262b5271709fe659d0e2e94f626eea74/diff:/var/lib/docker/overlay2/2df554f793c3600571e2f078ad2e20025d6b2e35f3d18881ead4f70e2cc26cb8/diff:/var/lib/docker/overlay2/feb23515577245ad51a24945de1e6bab842929569da912a2b4a33a48c6c2331f/diff:/var/lib/docker/overlay2/cc2cdbce154e19d9c4f376917b6c92ebd55b0b495124ffd2c9d7e9c82b6a95f9/diff:/var/lib/docker/overlay2/968467fe01280f82d26487386f320a15000815d63000d5ec89b47acca8f77ef2/diff:/var/lib/docker/overlay2/cc59daa314bbcaec43d6cd4064c7863b4b3976b989121dcf2e32c4710281f247/diff:/var/lib/docker/overlay2/dc5d8b1cf96cfd5d96d68fbed14248edf1244c1a4669ba07b0bab7f3d782f058/diff:/var/lib/docker/overlay2/dcca184158d696706cd99e62ffa3e5c42964eb57190bef35421cdf3f83a8c130/diff:/var/lib/docker/overlay2/a7f928596da67ce59f34b0ba4cee4a3b948b94f91ad0b0b6260dc54fb9b5a048/diff:/var/lib/docker/overlay2/6ac5adbfff6202b1faa13a2a2fd92625bdda668cdac1a1d2230becbb394e569f/diff","MergedDir":"/var/lib/docker/overlay2/45da4782eb6c4075fef21a16271836d62c4e4726b16ef4c5ea199d4e626bdb39/merged","UpperDir":"/var/lib/docker/overlay2/45da4782eb6c4075fef21a16271836d62c4e4726b16ef4c5ea199d4e626bdb39/diff","WorkDir":"/var/lib/docker/overlay2/45da4782eb6c4075fef21a16271836d62c4e4726b16ef4c5ea199d4e626bdb39/work"},"Name":"overlay2"},"Mounts":[{"Type":"volume","Name":"08668a73464516d2c615e247a561222f461f2385cff5615e53cc78e96456230c","Source":"/var/lib/docker/volumes/08668a73464516d2c615e247a561222f461f2385cff5615e53cc78e96456230c/_data","Destination":"/var/lib/mysql","Driver":"local","Mode":"","RW":true,"Propagation":""}],"Config":{"Hostname":"47a7ce05e61a","Domainname":"","User":"","AttachStdin":false,"AttachStdout":false,"AttachStderr":false,"ExposedPorts":{"3306/tcp":{},"33060/tcp":{}},"Tty":false,"OpenStdin":false,"StdinOnce":false,"Env":["MYSQL_DATABASE=lotification","MYSQL_PASSWORD=1234","MYSQL_USER=admin","MYSQL_ROOT_PASSWORD=1234","PATH=/usr/local/sbin:/usr/local/bin:/usr/sbin:/usr/bin:/sbin:/bin","GOSU_VERSION=1.14","MYSQL_MAJOR=8.0","MYSQL_VERSION=8.0.30-1.el8","MYSQL_SHELL_VERSION=8.0.30-1.el8"],"Cmd":["mysqld"],"Image":"mysql:8","Volumes":{"/var/lib/mysql":{}},"WorkingDir":"","Entrypoint":["docker-entrypoint.sh"],"OnBuild":null,"Labels":{"org.testcontainers":"true","org.testcontainers.sessionId":"c5b4bded-8a7b-4309-a94c-5bb153977152"}},"NetworkSettings":{"Bridge":"","SandboxID":"c87f478ec31081a2fc02a6d53fa5addc8f61962dea8dd5c17c1c641e1a25e99b","HairpinMode":false,"LinkLocalIPv6Address":"","LinkLocalIPv6PrefixLen":0,"Ports":{"3306/tcp":[{"HostIp":"0.0.0.0","HostPort":"63346"}],"33060/tcp":null},"SandboxKey":"/var/run/docker/netns/c87f478ec310","SecondaryIPAddresses":null,"SecondaryIPv6Addresses":null,"EndpointID":"7830774c518a6ae45bc93e5b48bd99e8a609aa29230b007326fa87b5ca32567f","Gateway":"172.17.0.1","GlobalIPv6Address":"","GlobalIPv6PrefixLen":0,"IPAddress":"172.17.0.4","IPPrefixLen":16,"IPv6Gateway":"","MacAddress":"02:42:ac:11:00:04","Networks":{"bridge":{"IPAMConfig":null,"Links":null,"Aliases":null,"NetworkID":"42b943ace1ba272d06317befbba08f853c5a08f211a0bdf3660599ced98f9c17","EndpointID":"7830774c518a6ae45bc93e5b48bd99e8a609aa29230b007326fa87b5ca32567f","Gateway":"172.17.0.1","IPAddress":"172.17.0.4","IPPrefixLen":16,"IPv6Gateway":"","GlobalIPv6Address":"","GlobalIPv6PrefixLen":0,"MacAddress":"02:42:ac:11:00:04","DriverOpts":null}}}}[\n]"
11:45:38.320 [Test worker] DEBUG com.github.dockerjava.zerodep.shaded.org.apache.hc.client5.http.wire - http-outgoing-2 << "[\r][\n]"
11:45:38.321 [Test worker] DEBUG com.github.dockerjava.zerodep.shaded.org.apache.hc.client5.http.wire - http-outgoing-2 << "0[\r][\n]"
11:45:38.321 [Test worker] DEBUG com.github.dockerjava.zerodep.shaded.org.apache.hc.client5.http.wire - http-outgoing-2 << "[\r][\n]"
11:45:38.321 [Test worker] DEBUG com.github.dockerjava.zerodep.shaded.org.apache.hc.client5.http.impl.classic.InternalHttpClient - ep-0000001C: releasing valid endpoint
11:45:38.321 [Test worker] DEBUG com.github.dockerjava.zerodep.shaded.org.apache.hc.client5.http.impl.io.PoolingHttpClientConnectionManager - ep-0000001C: releasing endpoint
11:45:38.321 [Test worker] DEBUG com.github.dockerjava.zerodep.shaded.org.apache.hc.client5.http.impl.io.PoolingHttpClientConnectionManager - ep-0000001C: connection http-outgoing-2 can be kept alive for 3 MINUTES
11:45:38.321 [Test worker] DEBUG com.github.dockerjava.zerodep.shaded.org.apache.hc.client5.http.impl.io.PoolingHttpClientConnectionManager - ep-0000001C: connection released [route: {}->unix://localhost:2375][total available: 1; route allocated: 1 of 2147483647; total allocated: 1 of 2147483647]
11:45:38.321 [Test worker] DEBUG ]]>&#x1f433;<![CDATA[ [mysql:8] - Trying to create JDBC connection using com.mysql.cj.jdbc.Driver to jdbc:mysql://localhost:63346/lotification?useSSL=false&allowPublicKeyRetrieval=true with properties: {password=1234, user=admin}
11:45:38.429 [Test worker] DEBUG org.testcontainers.shaded.com.github.dockerjava.core.command.AbstrDockerCmd - Cmd: 47a7ce05e61aa72bdced5a030ca6064519c62d122a5992816f04e0e528b5b17d,false
11:45:38.429 [Test worker] DEBUG org.testcontainers.shaded.com.github.dockerjava.core.exec.InspectContainerCmdExec - GET: DefaultWebTarget{path=[/containers/47a7ce05e61aa72bdced5a030ca6064519c62d122a5992816f04e0e528b5b17d/json], queryParams={}}
11:45:38.429 [Test worker] DEBUG com.github.dockerjava.zerodep.shaded.org.apache.hc.client5.http.impl.classic.InternalHttpClient - ex-0000001E: preparing request execution
11:45:38.429 [Test worker] DEBUG com.github.dockerjava.zerodep.shaded.org.apache.hc.client5.http.protocol.RequestAddCookies - Cookie spec selected: strict
11:45:38.429 [Test worker] DEBUG com.github.dockerjava.zerodep.shaded.org.apache.hc.client5.http.protocol.RequestAuthCache - Auth cache not set in the context
11:45:38.430 [Test worker] DEBUG com.github.dockerjava.zerodep.shaded.org.apache.hc.client5.http.impl.classic.ProtocolExec - ex-0000001E: target auth state: UNCHALLENGED
11:45:38.430 [Test worker] DEBUG com.github.dockerjava.zerodep.shaded.org.apache.hc.client5.http.impl.classic.ProtocolExec - ex-0000001E: proxy auth state: UNCHALLENGED
11:45:38.430 [Test worker] DEBUG com.github.dockerjava.zerodep.shaded.org.apache.hc.client5.http.impl.classic.ConnectExec - ex-0000001E: acquiring connection with route {}->unix://localhost:2375
11:45:38.430 [Test worker] DEBUG com.github.dockerjava.zerodep.shaded.org.apache.hc.client5.http.impl.classic.InternalHttpClient - ex-0000001E: acquiring endpoint (3 MINUTES)
11:45:38.430 [Test worker] DEBUG com.github.dockerjava.zerodep.shaded.org.apache.hc.client5.http.impl.io.PoolingHttpClientConnectionManager - ex-0000001E: endpoint lease request (3 MINUTES) [route: {}->unix://localhost:2375][total available: 1; route allocated: 1 of 2147483647; total allocated: 1 of 2147483647]
11:45:38.430 [Test worker] DEBUG com.github.dockerjava.zerodep.shaded.org.apache.hc.client5.http.impl.io.PoolingHttpClientConnectionManager - ex-0000001E: endpoint leased [route: {}->unix://localhost:2375][total available: 0; route allocated: 1 of 2147483647; total allocated: 1 of 2147483647]
11:45:38.430 [Test worker] DEBUG com.github.dockerjava.zerodep.shaded.org.apache.hc.client5.http.impl.io.PoolingHttpClientConnectionManager - ex-0000001E: acquired ep-0000001D
11:45:38.430 [Test worker] DEBUG com.github.dockerjava.zerodep.shaded.org.apache.hc.client5.http.impl.classic.InternalHttpClient - ex-0000001E: acquired endpoint ep-0000001D
11:45:38.430 [Test worker] DEBUG com.github.dockerjava.zerodep.shaded.org.apache.hc.client5.http.impl.classic.MainClientExec - ex-0000001E: executing GET /v1.32/containers/47a7ce05e61aa72bdced5a030ca6064519c62d122a5992816f04e0e528b5b17d/json HTTP/1.1
11:45:38.430 [Test worker] DEBUG com.github.dockerjava.zerodep.shaded.org.apache.hc.client5.http.impl.classic.InternalHttpClient - ep-0000001D: start execution ex-0000001E
11:45:38.430 [Test worker] DEBUG com.github.dockerjava.zerodep.shaded.org.apache.hc.client5.http.impl.io.PoolingHttpClientConnectionManager - ep-0000001D: executing exchange ex-0000001E over http-outgoing-2
11:45:38.430 [Test worker] DEBUG com.github.dockerjava.zerodep.shaded.org.apache.hc.client5.http.headers - http-outgoing-2 >> GET /v1.32/containers/47a7ce05e61aa72bdced5a030ca6064519c62d122a5992816f04e0e528b5b17d/json HTTP/1.1
11:45:38.430 [Test worker] DEBUG com.github.dockerjava.zerodep.shaded.org.apache.hc.client5.http.headers - http-outgoing-2 >> accept: application/json
11:45:38.430 [Test worker] DEBUG com.github.dockerjava.zerodep.shaded.org.apache.hc.client5.http.headers - http-outgoing-2 >> x-tc-sid: c5b4bded-8a7b-4309-a94c-5bb153977152
11:45:38.430 [Test worker] DEBUG com.github.dockerjava.zerodep.shaded.org.apache.hc.client5.http.headers - http-outgoing-2 >> Accept-Encoding: gzip, x-gzip, deflate
11:45:38.430 [Test worker] DEBUG com.github.dockerjava.zerodep.shaded.org.apache.hc.client5.http.headers - http-outgoing-2 >> Host: localhost:2375
11:45:38.430 [Test worker] DEBUG com.github.dockerjava.zerodep.shaded.org.apache.hc.client5.http.headers - http-outgoing-2 >> Connection: keep-alive
11:45:38.430 [Test worker] DEBUG com.github.dockerjava.zerodep.shaded.org.apache.hc.client5.http.headers - http-outgoing-2 >> User-Agent: Apache-HttpClient/5.0.3 (Java/17.0.3)
11:45:38.430 [Test worker] DEBUG com.github.dockerjava.zerodep.shaded.org.apache.hc.client5.http.wire - http-outgoing-2 >> "GET /v1.32/containers/47a7ce05e61aa72bdced5a030ca6064519c62d122a5992816f04e0e528b5b17d/json HTTP/1.1[\r][\n]"
11:45:38.430 [Test worker] DEBUG com.github.dockerjava.zerodep.shaded.org.apache.hc.client5.http.wire - http-outgoing-2 >> "accept: application/json[\r][\n]"
11:45:38.430 [Test worker] DEBUG com.github.dockerjava.zerodep.shaded.org.apache.hc.client5.http.wire - http-outgoing-2 >> "x-tc-sid: c5b4bded-8a7b-4309-a94c-5bb153977152[\r][\n]"
11:45:38.430 [Test worker] DEBUG com.github.dockerjava.zerodep.shaded.org.apache.hc.client5.http.wire - http-outgoing-2 >> "Accept-Encoding: gzip, x-gzip, deflate[\r][\n]"
11:45:38.430 [Test worker] DEBUG com.github.dockerjava.zerodep.shaded.org.apache.hc.client5.http.wire - http-outgoing-2 >> "Host: localhost:2375[\r][\n]"
11:45:38.430 [Test worker] DEBUG com.github.dockerjava.zerodep.shaded.org.apache.hc.client5.http.wire - http-outgoing-2 >> "Connection: keep-alive[\r][\n]"
11:45:38.430 [Test worker] DEBUG com.github.dockerjava.zerodep.shaded.org.apache.hc.client5.http.wire - http-outgoing-2 >> "User-Agent: Apache-HttpClient/5.0.3 (Java/17.0.3)[\r][\n]"
11:45:38.430 [Test worker] DEBUG com.github.dockerjava.zerodep.shaded.org.apache.hc.client5.http.wire - http-outgoing-2 >> "[\r][\n]"
11:45:38.433 [Test worker] DEBUG com.github.dockerjava.zerodep.shaded.org.apache.hc.client5.http.wire - http-outgoing-2 << "HTTP/1.1 200 OK[\r][\n]"
11:45:38.433 [Test worker] DEBUG com.github.dockerjava.zerodep.shaded.org.apache.hc.client5.http.wire - http-outgoing-2 << "Api-Version: 1.41[\r][\n]"
11:45:38.433 [Test worker] DEBUG com.github.dockerjava.zerodep.shaded.org.apache.hc.client5.http.wire - http-outgoing-2 << "Content-Type: application/json[\r][\n]"
11:45:38.433 [Test worker] DEBUG com.github.dockerjava.zerodep.shaded.org.apache.hc.client5.http.wire - http-outgoing-2 << "Date: Mon, 26 Sep 2022 02:45:38 GMT[\r][\n]"
11:45:38.433 [Test worker] DEBUG com.github.dockerjava.zerodep.shaded.org.apache.hc.client5.http.wire - http-outgoing-2 << "Docker-Experimental: false[\r][\n]"
11:45:38.433 [Test worker] DEBUG com.github.dockerjava.zerodep.shaded.org.apache.hc.client5.http.wire - http-outgoing-2 << "Ostype: linux[\r][\n]"
11:45:38.433 [Test worker] DEBUG com.github.dockerjava.zerodep.shaded.org.apache.hc.client5.http.wire - http-outgoing-2 << "Server: Docker/20.10.11 (linux)[\r][\n]"
11:45:38.433 [Test worker] DEBUG com.github.dockerjava.zerodep.shaded.org.apache.hc.client5.http.wire - http-outgoing-2 << "Transfer-Encoding: chunked[\r][\n]"
11:45:38.433 [Test worker] DEBUG com.github.dockerjava.zerodep.shaded.org.apache.hc.client5.http.wire - http-outgoing-2 << "[\r][\n]"
11:45:38.433 [Test worker] DEBUG com.github.dockerjava.zerodep.shaded.org.apache.hc.client5.http.headers - http-outgoing-2 << HTTP/1.1 200 OK
11:45:38.433 [Test worker] DEBUG com.github.dockerjava.zerodep.shaded.org.apache.hc.client5.http.headers - http-outgoing-2 << Api-Version: 1.41
11:45:38.433 [Test worker] DEBUG com.github.dockerjava.zerodep.shaded.org.apache.hc.client5.http.headers - http-outgoing-2 << Content-Type: application/json
11:45:38.433 [Test worker] DEBUG com.github.dockerjava.zerodep.shaded.org.apache.hc.client5.http.headers - http-outgoing-2 << Date: Mon, 26 Sep 2022 02:45:38 GMT
11:45:38.433 [Test worker] DEBUG com.github.dockerjava.zerodep.shaded.org.apache.hc.client5.http.headers - http-outgoing-2 << Docker-Experimental: false
11:45:38.433 [Test worker] DEBUG com.github.dockerjava.zerodep.shaded.org.apache.hc.client5.http.headers - http-outgoing-2 << Ostype: linux
11:45:38.433 [Test worker] DEBUG com.github.dockerjava.zerodep.shaded.org.apache.hc.client5.http.headers - http-outgoing-2 << Server: Docker/20.10.11 (linux)
11:45:38.433 [Test worker] DEBUG com.github.dockerjava.zerodep.shaded.org.apache.hc.client5.http.headers - http-outgoing-2 << Transfer-Encoding: chunked
11:45:38.433 [Test worker] DEBUG com.github.dockerjava.zerodep.shaded.org.apache.hc.client5.http.impl.classic.MainClientExec - ex-0000001E: connection can be kept alive for 3 MINUTES
11:45:38.433 [Test worker] DEBUG com.github.dockerjava.zerodep.shaded.org.apache.hc.client5.http.wire - http-outgoing-2 << "1882[\r][\n]"
11:45:38.433 [Test worker] DEBUG com.github.dockerjava.zerodep.shaded.org.apache.hc.client5.http.wire - http-outgoing-2 << "{"Id":"47a7ce05e61aa72bdced5a030ca6064519c62d122a5992816f04e0e528b5b17d","Created":"2022-09-26T02:45:36.042081626Z","Path":"docker-entrypoint.sh","Args":["mysqld"],"State":{"Status":"running","Running":true,"Paused":false,"Restarting":false,"OOMKilled":false,"Dead":false,"Pid":2251,"ExitCode":0,"Error":"","StartedAt":"2022-09-26T02:45:36.388226668Z","FinishedAt":"0001-01-01T00:00:00Z"},"Image":"sha256:5e229524f286e653111cb9d028bf1ba4c3490742c8cd18c84af22538f0e68575","ResolvConfPath":"/var/lib/docker/containers/47a7ce05e61aa72bdced5a030ca6064519c62d122a5992816f04e0e528b5b17d/resolv.conf","HostnamePath":"/var/lib/docker/containers/47a7ce05e61aa72bdced5a030ca6064519c62d122a5992816f04e0e528b5b17d/hostname","HostsPath":"/var/lib/docker/containers/47a7ce05e61aa72bdced5a030ca6064519c62d122a5992816f04e0e528b5b17d/hosts","LogPath":"/var/lib/docker/containers/47a7ce05e61aa72bdced5a030ca6064519c62d122a5992816f04e0e528b5b17d/47a7ce05e61aa72bdced5a030ca6064519c62d122a5992816f04e0e528b5b17d-json.log","Name":"/crazy_chaum","RestartCount":0,"Driver":"overlay2","Platform":"linux","MountLabel":"","ProcessLabel":"","AppArmorProfile":"","ExecIDs":null,"HostConfig":{"Binds":[],"ContainerIDFile":"","LogConfig":{"Type":"json-file","Config":{}},"NetworkMode":"default","PortBindings":{"3306/tcp":[{"HostIp":"0.0.0.0","HostPort":"0"}]},"RestartPolicy":{"Name":"","MaximumRetryCount":0},"AutoRemove":false,"VolumeDriver":"","VolumesFrom":[],"CapAdd":null,"CapDrop":null,"CgroupnsMode":"private","Dns":null,"DnsOptions":null,"DnsSearch":null,"ExtraHosts":[],"GroupAdd":null,"IpcMode":"shareable","Cgroup":"","Links":null,"OomScoreAdj":0,"PidMode":"","Privileged":false,"PublishAllPorts":false,"ReadonlyRootfs":false,"SecurityOpt":null,"UTSMode":"","UsernsMode":"","ShmSize":67108864,"Runtime":"runc","ConsoleSize":[0,0],"Isolation":"","CpuShares":0,"Memory":0,"NanoCpus":0,"CgroupParent":"","BlkioWeight":0,"BlkioWeightDevice":null,"BlkioDeviceReadBps":null,"BlkioDeviceWriteBps":null,"BlkioDeviceReadIOps":null,"BlkioDeviceWriteIOps":null,"CpuPeriod":0,"CpuQuota":0,"CpuRealtimePeriod":0,"CpuRealtimeRuntime":0,"CpusetCpus":"","CpusetMems":"","Devices":null,"DeviceCgroupRules":null,"DeviceRequests":null,"KernelMemory":0,"KernelMemoryTCP":0,"MemoryReservation":0,"MemorySwap":0,"MemorySwappiness":null,"OomKillDisable":null,"PidsLimit":null,"Ulimits":null,"CpuCount":0,"CpuPercent":0,"IOMaximumIOps":0,"IOMaximumBandwidth":0,"MaskedPaths":["/proc/asound","/proc/acpi","/proc/kcore","/proc/keys","/proc/latency_stats","/proc/timer_list","/proc/timer_stats","/proc/sched_debug","/proc/scsi","/sys/firmware"],"ReadonlyPaths":["/proc/bus","/proc/fs","/proc/irq","/proc/sys","/proc/sysrq-trigger"]},"GraphDriver":{"Data":{"LowerDir":"/var/lib/docker/overlay2/45da4782eb6c4075fef21a16271836d62c4e4726b16ef4c5ea199d4e626bdb39-init/diff:/var/lib/docker/overlay2/27a623f1ab748258e017a40f339844ef533377092bad4182aa320e9399893e13/diff:/var/lib/docker/overlay2/d7c1e4de558b6bbbdc3209a51fc73295262b5271709fe659d0e2e94f626eea74/diff:/var/lib/docker/overlay2/2df554f793c3600571e2f078ad2e20025d6b2e35f3d18881ead4f70e2cc26cb8/diff:/var/lib/docker/overlay2/feb23515577245ad51a24945de1e6bab842929569da912a2b4a33a48c6c2331f/diff:/var/lib/docker/overlay2/cc2cdbce154e19d9c4f376917b6c92ebd55b0b495124ffd2c9d7e9c82b6a95f9/diff:/var/lib/docker/overlay2/968467fe01280f82d26487386f320a15000815d63000d5ec89b47acca8f77ef2/diff:/var/lib/docker/overlay2/cc59daa314bbcaec43d6cd4064c7863b4b3976b989121dcf2e32c4710281f247/diff:/var/lib/docker/overlay2/dc5d8b1cf96cfd5d96d68fbed14248edf1244c1a4669ba07b0bab7f3d782f058/diff:/var/lib/docker/overlay2/dcca184158d696706cd99e62ffa3e5c42964eb57190bef35421cdf3f83a8c130/diff:/var/lib/docker/overlay2/a7f928596da67ce59f34b0ba4cee4a3b948b94f91ad0b0b6260dc54fb9b5a048/diff:/var/lib/docker/overlay2/6ac5adbfff6202b1faa13a2a2fd92625bdda668cdac1a1d2230becbb394e569f/diff","MergedDir":"/var/lib/docker/overlay2/45da4782eb6c4075fef21a16271836d62c4e4726b16ef4c5ea199d4e626bdb39/merged","UpperDir":"/var/lib/docker/overlay2/45da4782eb6c4075fef21a16271836d62c4e4726b16ef4c5ea199d4e626bdb39/diff","WorkDir":"/var/lib/docker/overlay2/45da4782eb6c4075fef21a16271836d62c4e4726b16ef4c5ea199d4e626bdb39/work"},"Name":"overlay2"},"Mounts":[{"Type":"volume","Name":"08668a73464516d2c615e247a561222f461f2385cff5615e53cc78e96456230c","Source":"/var/lib/docker/volumes/08668a73464516d2c615e247a561222f461f2385cff5615e53cc78e96456230c/_data","Destination":"/var/lib/mysql","Driver":"local","Mode":"","RW":true,"Propagation":""}],"Config":{"Hostname":"47a7ce05e61a","Domainname":"","User":"","AttachStdin":false,"AttachStdout":false,"AttachStderr":false,"ExposedPorts":{"3306/tcp":{},"33060/tcp":{}},"Tty":false,"OpenStdin":false,"StdinOnce":false,"Env":["MYSQL_DATABASE=lotification","MYSQL_PASSWORD=1234","MYSQL_USER=admin","MYSQL_ROOT_PASSWORD=1234","PATH=/usr/local/sbin:/usr/local/bin:/usr/sbin:/usr/bin:/sbin:/bin","GOSU_VERSION=1.14","MYSQL_MAJOR=8.0","MYSQL_VERSION=8.0.30-1.el8","MYSQL_SHELL_VERSION=8.0.30-1.el8"],"Cmd":["mysqld"],"Image":"mysql:8","Volumes":{"/var/lib/mysql":{}},"WorkingDir":"","Entrypoint":["docker-entrypoint.sh"],"OnBuild":null,"Labels":{"org.testcontainers":"true","org.testcontainers.sessionId":"c5b4bded-8a7b-4309-a94c-5bb153977152"}},"NetworkSettings":{"Bridge":"","SandboxID":"c87f478ec31081a2fc02a6d53fa5addc8f61962dea8dd5c17c1c641e1a25e99b","HairpinMode":false,"LinkLocalIPv6Address":"","LinkLocalIPv6PrefixLen":0,"Ports":{"3306/tcp":[{"HostIp":"0.0.0.0","HostPort":"63346"}],"33060/tcp":null},"SandboxKey":"/var/run/docker/netns/c87f478ec310","SecondaryIPAddresses":null,"SecondaryIPv6Addresses":null,"EndpointID":"7830774c518a6ae45bc93e5b48bd99e8a609aa29230b007326fa87b5ca32567f","Gateway":"172.17.0.1","GlobalIPv6Address":"","GlobalIPv6PrefixLen":0,"IPAddress":"172.17.0.4","IPPrefixLen":16,"IPv6Gateway":"","MacAddress":"02:42:ac:11:00:04","Networks":{"bridge":{"IPAMConfig":null,"Links":null,"Aliases":null,"NetworkID":"42b943ace1ba272d06317befbba08f853c5a08f211a0bdf3660599ced98f9c17","EndpointID":"7830774c518a6ae45bc93e5b48bd99e8a609aa29230b007326fa87b5ca32567f","Gateway":"172.17.0.1","IPAddress":"172.17.0.4","IPPrefixLen":16,"IPv6Gateway":"","GlobalIPv6Address":"","GlobalIPv6PrefixLen":0,"MacAddress":"02:42:ac:11:00:04","DriverOpts":null}}}}[\n]"
11:45:38.433 [Test worker] DEBUG com.github.dockerjava.zerodep.shaded.org.apache.hc.client5.http.wire - http-outgoing-2 << "[\r][\n]"
11:45:38.433 [Test worker] DEBUG com.github.dockerjava.zerodep.shaded.org.apache.hc.client5.http.wire - http-outgoing-2 << "0[\r][\n]"
11:45:38.433 [Test worker] DEBUG com.github.dockerjava.zerodep.shaded.org.apache.hc.client5.http.wire - http-outgoing-2 << "[\r][\n]"
11:45:38.434 [Test worker] DEBUG com.github.dockerjava.zerodep.shaded.org.apache.hc.client5.http.impl.classic.InternalHttpClient - ep-0000001D: releasing valid endpoint
11:45:38.434 [Test worker] DEBUG com.github.dockerjava.zerodep.shaded.org.apache.hc.client5.http.impl.io.PoolingHttpClientConnectionManager - ep-0000001D: releasing endpoint
11:45:38.434 [Test worker] DEBUG com.github.dockerjava.zerodep.shaded.org.apache.hc.client5.http.impl.io.PoolingHttpClientConnectionManager - ep-0000001D: connection http-outgoing-2 can be kept alive for 3 MINUTES
11:45:38.434 [Test worker] DEBUG com.github.dockerjava.zerodep.shaded.org.apache.hc.client5.http.impl.io.PoolingHttpClientConnectionManager - ep-0000001D: connection released [route: {}->unix://localhost:2375][total available: 1; route allocated: 1 of 2147483647; total allocated: 1 of 2147483647]
11:45:38.434 [Test worker] DEBUG ]]>&#x1f433;<![CDATA[ [mysql:8] - Trying to create JDBC connection using com.mysql.cj.jdbc.Driver to jdbc:mysql://localhost:63346/lotification?useSSL=false&allowPublicKeyRetrieval=true with properties: {password=1234, user=admin}
11:45:38.541 [Test worker] DEBUG org.testcontainers.shaded.com.github.dockerjava.core.command.AbstrDockerCmd - Cmd: 47a7ce05e61aa72bdced5a030ca6064519c62d122a5992816f04e0e528b5b17d,false
11:45:38.541 [Test worker] DEBUG org.testcontainers.shaded.com.github.dockerjava.core.exec.InspectContainerCmdExec - GET: DefaultWebTarget{path=[/containers/47a7ce05e61aa72bdced5a030ca6064519c62d122a5992816f04e0e528b5b17d/json], queryParams={}}
11:45:38.541 [Test worker] DEBUG com.github.dockerjava.zerodep.shaded.org.apache.hc.client5.http.impl.classic.InternalHttpClient - ex-0000001F: preparing request execution
11:45:38.542 [Test worker] DEBUG com.github.dockerjava.zerodep.shaded.org.apache.hc.client5.http.protocol.RequestAddCookies - Cookie spec selected: strict
11:45:38.542 [Test worker] DEBUG com.github.dockerjava.zerodep.shaded.org.apache.hc.client5.http.protocol.RequestAuthCache - Auth cache not set in the context
11:45:38.542 [Test worker] DEBUG com.github.dockerjava.zerodep.shaded.org.apache.hc.client5.http.impl.classic.ProtocolExec - ex-0000001F: target auth state: UNCHALLENGED
11:45:38.542 [Test worker] DEBUG com.github.dockerjava.zerodep.shaded.org.apache.hc.client5.http.impl.classic.ProtocolExec - ex-0000001F: proxy auth state: UNCHALLENGED
11:45:38.542 [Test worker] DEBUG com.github.dockerjava.zerodep.shaded.org.apache.hc.client5.http.impl.classic.ConnectExec - ex-0000001F: acquiring connection with route {}->unix://localhost:2375
11:45:38.542 [Test worker] DEBUG com.github.dockerjava.zerodep.shaded.org.apache.hc.client5.http.impl.classic.InternalHttpClient - ex-0000001F: acquiring endpoint (3 MINUTES)
11:45:38.542 [Test worker] DEBUG com.github.dockerjava.zerodep.shaded.org.apache.hc.client5.http.impl.io.PoolingHttpClientConnectionManager - ex-0000001F: endpoint lease request (3 MINUTES) [route: {}->unix://localhost:2375][total available: 1; route allocated: 1 of 2147483647; total allocated: 1 of 2147483647]
11:45:38.542 [Test worker] DEBUG com.github.dockerjava.zerodep.shaded.org.apache.hc.client5.http.impl.io.PoolingHttpClientConnectionManager - ex-0000001F: endpoint leased [route: {}->unix://localhost:2375][total available: 0; route allocated: 1 of 2147483647; total allocated: 1 of 2147483647]
11:45:38.542 [Test worker] DEBUG com.github.dockerjava.zerodep.shaded.org.apache.hc.client5.http.impl.io.PoolingHttpClientConnectionManager - ex-0000001F: acquired ep-0000001E
11:45:38.542 [Test worker] DEBUG com.github.dockerjava.zerodep.shaded.org.apache.hc.client5.http.impl.classic.InternalHttpClient - ex-0000001F: acquired endpoint ep-0000001E
11:45:38.542 [Test worker] DEBUG com.github.dockerjava.zerodep.shaded.org.apache.hc.client5.http.impl.classic.MainClientExec - ex-0000001F: executing GET /v1.32/containers/47a7ce05e61aa72bdced5a030ca6064519c62d122a5992816f04e0e528b5b17d/json HTTP/1.1
11:45:38.542 [Test worker] DEBUG com.github.dockerjava.zerodep.shaded.org.apache.hc.client5.http.impl.classic.InternalHttpClient - ep-0000001E: start execution ex-0000001F
11:45:38.542 [Test worker] DEBUG com.github.dockerjava.zerodep.shaded.org.apache.hc.client5.http.impl.io.PoolingHttpClientConnectionManager - ep-0000001E: executing exchange ex-0000001F over http-outgoing-2
11:45:38.542 [Test worker] DEBUG com.github.dockerjava.zerodep.shaded.org.apache.hc.client5.http.headers - http-outgoing-2 >> GET /v1.32/containers/47a7ce05e61aa72bdced5a030ca6064519c62d122a5992816f04e0e528b5b17d/json HTTP/1.1
11:45:38.542 [Test worker] DEBUG com.github.dockerjava.zerodep.shaded.org.apache.hc.client5.http.headers - http-outgoing-2 >> accept: application/json
11:45:38.542 [Test worker] DEBUG com.github.dockerjava.zerodep.shaded.org.apache.hc.client5.http.headers - http-outgoing-2 >> x-tc-sid: c5b4bded-8a7b-4309-a94c-5bb153977152
11:45:38.542 [Test worker] DEBUG com.github.dockerjava.zerodep.shaded.org.apache.hc.client5.http.headers - http-outgoing-2 >> Accept-Encoding: gzip, x-gzip, deflate
11:45:38.542 [Test worker] DEBUG com.github.dockerjava.zerodep.shaded.org.apache.hc.client5.http.headers - http-outgoing-2 >> Host: localhost:2375
11:45:38.542 [Test worker] DEBUG com.github.dockerjava.zerodep.shaded.org.apache.hc.client5.http.headers - http-outgoing-2 >> Connection: keep-alive
11:45:38.542 [Test worker] DEBUG com.github.dockerjava.zerodep.shaded.org.apache.hc.client5.http.headers - http-outgoing-2 >> User-Agent: Apache-HttpClient/5.0.3 (Java/17.0.3)
11:45:38.542 [Test worker] DEBUG com.github.dockerjava.zerodep.shaded.org.apache.hc.client5.http.wire - http-outgoing-2 >> "GET /v1.32/containers/47a7ce05e61aa72bdced5a030ca6064519c62d122a5992816f04e0e528b5b17d/json HTTP/1.1[\r][\n]"
11:45:38.542 [Test worker] DEBUG com.github.dockerjava.zerodep.shaded.org.apache.hc.client5.http.wire - http-outgoing-2 >> "accept: application/json[\r][\n]"
11:45:38.542 [Test worker] DEBUG com.github.dockerjava.zerodep.shaded.org.apache.hc.client5.http.wire - http-outgoing-2 >> "x-tc-sid: c5b4bded-8a7b-4309-a94c-5bb153977152[\r][\n]"
11:45:38.542 [Test worker] DEBUG com.github.dockerjava.zerodep.shaded.org.apache.hc.client5.http.wire - http-outgoing-2 >> "Accept-Encoding: gzip, x-gzip, deflate[\r][\n]"
11:45:38.542 [Test worker] DEBUG com.github.dockerjava.zerodep.shaded.org.apache.hc.client5.http.wire - http-outgoing-2 >> "Host: localhost:2375[\r][\n]"
11:45:38.542 [Test worker] DEBUG com.github.dockerjava.zerodep.shaded.org.apache.hc.client5.http.wire - http-outgoing-2 >> "Connection: keep-alive[\r][\n]"
11:45:38.542 [Test worker] DEBUG com.github.dockerjava.zerodep.shaded.org.apache.hc.client5.http.wire - http-outgoing-2 >> "User-Agent: Apache-HttpClient/5.0.3 (Java/17.0.3)[\r][\n]"
11:45:38.542 [Test worker] DEBUG com.github.dockerjava.zerodep.shaded.org.apache.hc.client5.http.wire - http-outgoing-2 >> "[\r][\n]"
11:45:38.545 [Test worker] DEBUG com.github.dockerjava.zerodep.shaded.org.apache.hc.client5.http.wire - http-outgoing-2 << "HTTP/1.1 200 OK[\r][\n]"
11:45:38.545 [Test worker] DEBUG com.github.dockerjava.zerodep.shaded.org.apache.hc.client5.http.wire - http-outgoing-2 << "Api-Version: 1.41[\r][\n]"
11:45:38.545 [Test worker] DEBUG com.github.dockerjava.zerodep.shaded.org.apache.hc.client5.http.wire - http-outgoing-2 << "Content-Type: application/json[\r][\n]"
11:45:38.545 [Test worker] DEBUG com.github.dockerjava.zerodep.shaded.org.apache.hc.client5.http.wire - http-outgoing-2 << "Date: Mon, 26 Sep 2022 02:45:38 GMT[\r][\n]"
11:45:38.545 [Test worker] DEBUG com.github.dockerjava.zerodep.shaded.org.apache.hc.client5.http.wire - http-outgoing-2 << "Docker-Experimental: false[\r][\n]"
11:45:38.545 [Test worker] DEBUG com.github.dockerjava.zerodep.shaded.org.apache.hc.client5.http.wire - http-outgoing-2 << "Ostype: linux[\r][\n]"
11:45:38.545 [Test worker] DEBUG com.github.dockerjava.zerodep.shaded.org.apache.hc.client5.http.wire - http-outgoing-2 << "Server: Docker/20.10.11 (linux)[\r][\n]"
11:45:38.545 [Test worker] DEBUG com.github.dockerjava.zerodep.shaded.org.apache.hc.client5.http.wire - http-outgoing-2 << "Transfer-Encoding: chunked[\r][\n]"
11:45:38.545 [Test worker] DEBUG com.github.dockerjava.zerodep.shaded.org.apache.hc.client5.http.wire - http-outgoing-2 << "[\r][\n]"
11:45:38.545 [Test worker] DEBUG com.github.dockerjava.zerodep.shaded.org.apache.hc.client5.http.headers - http-outgoing-2 << HTTP/1.1 200 OK
11:45:38.545 [Test worker] DEBUG com.github.dockerjava.zerodep.shaded.org.apache.hc.client5.http.headers - http-outgoing-2 << Api-Version: 1.41
11:45:38.545 [Test worker] DEBUG com.github.dockerjava.zerodep.shaded.org.apache.hc.client5.http.headers - http-outgoing-2 << Content-Type: application/json
11:45:38.545 [Test worker] DEBUG com.github.dockerjava.zerodep.shaded.org.apache.hc.client5.http.headers - http-outgoing-2 << Date: Mon, 26 Sep 2022 02:45:38 GMT
11:45:38.545 [Test worker] DEBUG com.github.dockerjava.zerodep.shaded.org.apache.hc.client5.http.headers - http-outgoing-2 << Docker-Experimental: false
11:45:38.545 [Test worker] DEBUG com.github.dockerjava.zerodep.shaded.org.apache.hc.client5.http.headers - http-outgoing-2 << Ostype: linux
11:45:38.545 [Test worker] DEBUG com.github.dockerjava.zerodep.shaded.org.apache.hc.client5.http.headers - http-outgoing-2 << Server: Docker/20.10.11 (linux)
11:45:38.545 [Test worker] DEBUG com.github.dockerjava.zerodep.shaded.org.apache.hc.client5.http.headers - http-outgoing-2 << Transfer-Encoding: chunked
11:45:38.545 [Test worker] DEBUG com.github.dockerjava.zerodep.shaded.org.apache.hc.client5.http.impl.classic.MainClientExec - ex-0000001F: connection can be kept alive for 3 MINUTES
11:45:38.546 [Test worker] DEBUG com.github.dockerjava.zerodep.shaded.org.apache.hc.client5.http.wire - http-outgoing-2 << "1882[\r][\n]"
11:45:38.546 [Test worker] DEBUG com.github.dockerjava.zerodep.shaded.org.apache.hc.client5.http.wire - http-outgoing-2 << "{"Id":"47a7ce05e61aa72bdced5a030ca6064519c62d122a5992816f04e0e528b5b17d","Created":"2022-09-26T02:45:36.042081626Z","Path":"docker-entrypoint.sh","Args":["mysqld"],"State":{"Status":"running","Running":true,"Paused":false,"Restarting":false,"OOMKilled":false,"Dead":false,"Pid":2251,"ExitCode":0,"Error":"","StartedAt":"2022-09-26T02:45:36.388226668Z","FinishedAt":"0001-01-01T00:00:00Z"},"Image":"sha256:5e229524f286e653111cb9d028bf1ba4c3490742c8cd18c84af22538f0e68575","ResolvConfPath":"/var/lib/docker/containers/47a7ce05e61aa72bdced5a030ca6064519c62d122a5992816f04e0e528b5b17d/resolv.conf","HostnamePath":"/var/lib/docker/containers/47a7ce05e61aa72bdced5a030ca6064519c62d122a5992816f04e0e528b5b17d/hostname","HostsPath":"/var/lib/docker/containers/47a7ce05e61aa72bdced5a030ca6064519c62d122a5992816f04e0e528b5b17d/hosts","LogPath":"/var/lib/docker/containers/47a7ce05e61aa72bdced5a030ca6064519c62d122a5992816f04e0e528b5b17d/47a7ce05e61aa72bdced5a030ca6064519c62d122a5992816f04e0e528b5b17d-json.log","Name":"/crazy_chaum","RestartCount":0,"Driver":"overlay2","Platform":"linux","MountLabel":"","ProcessLabel":"","AppArmorProfile":"","ExecIDs":null,"HostConfig":{"Binds":[],"ContainerIDFile":"","LogConfig":{"Type":"json-file","Config":{}},"NetworkMode":"default","PortBindings":{"3306/tcp":[{"HostIp":"0.0.0.0","HostPort":"0"}]},"RestartPolicy":{"Name":"","MaximumRetryCount":0},"AutoRemove":false,"VolumeDriver":"","VolumesFrom":[],"CapAdd":null,"CapDrop":null,"CgroupnsMode":"private","Dns":null,"DnsOptions":null,"DnsSearch":null,"ExtraHosts":[],"GroupAdd":null,"IpcMode":"shareable","Cgroup":"","Links":null,"OomScoreAdj":0,"PidMode":"","Privileged":false,"PublishAllPorts":false,"ReadonlyRootfs":false,"SecurityOpt":null,"UTSMode":"","UsernsMode":"","ShmSize":67108864,"Runtime":"runc","ConsoleSize":[0,0],"Isolation":"","CpuShares":0,"Memory":0,"NanoCpus":0,"CgroupParent":"","BlkioWeight":0,"BlkioWeightDevice":null,"BlkioDeviceReadBps":null,"BlkioDeviceWriteBps":null,"BlkioDeviceReadIOps":null,"BlkioDeviceWriteIOps":null,"CpuPeriod":0,"CpuQuota":0,"CpuRealtimePeriod":0,"CpuRealtimeRuntime":0,"CpusetCpus":"","CpusetMems":"","Devices":null,"DeviceCgroupRules":null,"DeviceRequests":null,"KernelMemory":0,"KernelMemoryTCP":0,"MemoryReservation":0,"MemorySwap":0,"MemorySwappiness":null,"OomKillDisable":null,"PidsLimit":null,"Ulimits":null,"CpuCount":0,"CpuPercent":0,"IOMaximumIOps":0,"IOMaximumBandwidth":0,"MaskedPaths":["/proc/asound","/proc/acpi","/proc/kcore","/proc/keys","/proc/latency_stats","/proc/timer_list","/proc/timer_stats","/proc/sched_debug","/proc/scsi","/sys/firmware"],"ReadonlyPaths":["/proc/bus","/proc/fs","/proc/irq","/proc/sys","/proc/sysrq-trigger"]},"GraphDriver":{"Data":{"LowerDir":"/var/lib/docker/overlay2/45da4782eb6c4075fef21a16271836d62c4e4726b16ef4c5ea199d4e626bdb39-init/diff:/var/lib/docker/overlay2/27a623f1ab748258e017a40f339844ef533377092bad4182aa320e9399893e13/diff:/var/lib/docker/overlay2/d7c1e4de558b6bbbdc3209a51fc73295262b5271709fe659d0e2e94f626eea74/diff:/var/lib/docker/overlay2/2df554f793c3600571e2f078ad2e20025d6b2e35f3d18881ead4f70e2cc26cb8/diff:/var/lib/docker/overlay2/feb23515577245ad51a24945de1e6bab842929569da912a2b4a33a48c6c2331f/diff:/var/lib/docker/overlay2/cc2cdbce154e19d9c4f376917b6c92ebd55b0b495124ffd2c9d7e9c82b6a95f9/diff:/var/lib/docker/overlay2/968467fe01280f82d26487386f320a15000815d63000d5ec89b47acca8f77ef2/diff:/var/lib/docker/overlay2/cc59daa314bbcaec43d6cd4064c7863b4b3976b989121dcf2e32c4710281f247/diff:/var/lib/docker/overlay2/dc5d8b1cf96cfd5d96d68fbed14248edf1244c1a4669ba07b0bab7f3d782f058/diff:/var/lib/docker/overlay2/dcca184158d696706cd99e62ffa3e5c42964eb57190bef35421cdf3f83a8c130/diff:/var/lib/docker/overlay2/a7f928596da67ce59f34b0ba4cee4a3b948b94f91ad0b0b6260dc54fb9b5a048/diff:/var/lib/docker/overlay2/6ac5adbfff6202b1faa13a2a2fd92625bdda668cdac1a1d2230becbb394e569f/diff","MergedDir":"/var/lib/docker/overlay2/45da4782eb6c4075fef21a16271836d62c4e4726b16ef4c5ea199d4e626bdb39/merged","UpperDir":"/var/lib/docker/overlay2/45da4782eb6c4075fef21a16271836d62c4e4726b16ef4c5ea199d4e626bdb39/diff","WorkDir":"/var/lib/docker/overlay2/45da4782eb6c4075fef21a16271836d62c4e4726b16ef4c5ea199d4e626bdb39/work"},"Name":"overlay2"},"Mounts":[{"Type":"volume","Name":"08668a73464516d2c615e247a561222f461f2385cff5615e53cc78e96456230c","Source":"/var/lib/docker/volumes/08668a73464516d2c615e247a561222f461f2385cff5615e53cc78e96456230c/_data","Destination":"/var/lib/mysql","Driver":"local","Mode":"","RW":true,"Propagation":""}],"Config":{"Hostname":"47a7ce05e61a","Domainname":"","User":"","AttachStdin":false,"AttachStdout":false,"AttachStderr":false,"ExposedPorts":{"3306/tcp":{},"33060/tcp":{}},"Tty":false,"OpenStdin":false,"StdinOnce":false,"Env":["MYSQL_DATABASE=lotification","MYSQL_PASSWORD=1234","MYSQL_USER=admin","MYSQL_ROOT_PASSWORD=1234","PATH=/usr/local/sbin:/usr/local/bin:/usr/sbin:/usr/bin:/sbin:/bin","GOSU_VERSION=1.14","MYSQL_MAJOR=8.0","MYSQL_VERSION=8.0.30-1.el8","MYSQL_SHELL_VERSION=8.0.30-1.el8"],"Cmd":["mysqld"],"Image":"mysql:8","Volumes":{"/var/lib/mysql":{}},"WorkingDir":"","Entrypoint":["docker-entrypoint.sh"],"OnBuild":null,"Labels":{"org.testcontainers":"true","org.testcontainers.sessionId":"c5b4bded-8a7b-4309-a94c-5bb153977152"}},"NetworkSettings":{"Bridge":"","SandboxID":"c87f478ec31081a2fc02a6d53fa5addc8f61962dea8dd5c17c1c641e1a25e99b","HairpinMode":false,"LinkLocalIPv6Address":"","LinkLocalIPv6PrefixLen":0,"Ports":{"3306/tcp":[{"HostIp":"0.0.0.0","HostPort":"63346"}],"33060/tcp":null},"SandboxKey":"/var/run/docker/netns/c87f478ec310","SecondaryIPAddresses":null,"SecondaryIPv6Addresses":null,"EndpointID":"7830774c518a6ae45bc93e5b48bd99e8a609aa29230b007326fa87b5ca32567f","Gateway":"172.17.0.1","GlobalIPv6Address":"","GlobalIPv6PrefixLen":0,"IPAddress":"172.17.0.4","IPPrefixLen":16,"IPv6Gateway":"","MacAddress":"02:42:ac:11:00:04","Networks":{"bridge":{"IPAMConfig":null,"Links":null,"Aliases":null,"NetworkID":"42b943ace1ba272d06317befbba08f853c5a08f211a0bdf3660599ced98f9c17","EndpointID":"7830774c518a6ae45bc93e5b48bd99e8a609aa29230b007326fa87b5ca32567f","Gateway":"172.17.0.1","IPAddress":"172.17.0.4","IPPrefixLen":16,"IPv6Gateway":"","GlobalIPv6Address":"","GlobalIPv6PrefixLen":0,"MacAddress":"02:42:ac:11:00:04","DriverOpts":null}}}}[\n]"
11:45:38.546 [Test worker] DEBUG com.github.dockerjava.zerodep.shaded.org.apache.hc.client5.http.wire - http-outgoing-2 << "[\r][\n]"
11:45:38.546 [Test worker] DEBUG com.github.dockerjava.zerodep.shaded.org.apache.hc.client5.http.wire - http-outgoing-2 << "0[\r][\n]"
11:45:38.546 [Test worker] DEBUG com.github.dockerjava.zerodep.shaded.org.apache.hc.client5.http.wire - http-outgoing-2 << "[\r][\n]"
11:45:38.546 [Test worker] DEBUG com.github.dockerjava.zerodep.shaded.org.apache.hc.client5.http.impl.classic.InternalHttpClient - ep-0000001E: releasing valid endpoint
11:45:38.546 [Test worker] DEBUG com.github.dockerjava.zerodep.shaded.org.apache.hc.client5.http.impl.io.PoolingHttpClientConnectionManager - ep-0000001E: releasing endpoint
11:45:38.546 [Test worker] DEBUG com.github.dockerjava.zerodep.shaded.org.apache.hc.client5.http.impl.io.PoolingHttpClientConnectionManager - ep-0000001E: connection http-outgoing-2 can be kept alive for 3 MINUTES
11:45:38.546 [Test worker] DEBUG com.github.dockerjava.zerodep.shaded.org.apache.hc.client5.http.impl.io.PoolingHttpClientConnectionManager - ep-0000001E: connection released [route: {}->unix://localhost:2375][total available: 1; route allocated: 1 of 2147483647; total allocated: 1 of 2147483647]
11:45:38.546 [Test worker] DEBUG ]]>&#x1f433;<![CDATA[ [mysql:8] - Trying to create JDBC connection using com.mysql.cj.jdbc.Driver to jdbc:mysql://localhost:63346/lotification?useSSL=false&allowPublicKeyRetrieval=true with properties: {password=1234, user=admin}
11:45:38.654 [Test worker] DEBUG org.testcontainers.shaded.com.github.dockerjava.core.command.AbstrDockerCmd - Cmd: 47a7ce05e61aa72bdced5a030ca6064519c62d122a5992816f04e0e528b5b17d,false
11:45:38.654 [Test worker] DEBUG org.testcontainers.shaded.com.github.dockerjava.core.exec.InspectContainerCmdExec - GET: DefaultWebTarget{path=[/containers/47a7ce05e61aa72bdced5a030ca6064519c62d122a5992816f04e0e528b5b17d/json], queryParams={}}
11:45:38.654 [Test worker] DEBUG com.github.dockerjava.zerodep.shaded.org.apache.hc.client5.http.impl.classic.InternalHttpClient - ex-00000020: preparing request execution
11:45:38.654 [Test worker] DEBUG com.github.dockerjava.zerodep.shaded.org.apache.hc.client5.http.protocol.RequestAddCookies - Cookie spec selected: strict
11:45:38.654 [Test worker] DEBUG com.github.dockerjava.zerodep.shaded.org.apache.hc.client5.http.protocol.RequestAuthCache - Auth cache not set in the context
11:45:38.654 [Test worker] DEBUG com.github.dockerjava.zerodep.shaded.org.apache.hc.client5.http.impl.classic.ProtocolExec - ex-00000020: target auth state: UNCHALLENGED
11:45:38.654 [Test worker] DEBUG com.github.dockerjava.zerodep.shaded.org.apache.hc.client5.http.impl.classic.ProtocolExec - ex-00000020: proxy auth state: UNCHALLENGED
11:45:38.654 [Test worker] DEBUG com.github.dockerjava.zerodep.shaded.org.apache.hc.client5.http.impl.classic.ConnectExec - ex-00000020: acquiring connection with route {}->unix://localhost:2375
11:45:38.654 [Test worker] DEBUG com.github.dockerjava.zerodep.shaded.org.apache.hc.client5.http.impl.classic.InternalHttpClient - ex-00000020: acquiring endpoint (3 MINUTES)
11:45:38.654 [Test worker] DEBUG com.github.dockerjava.zerodep.shaded.org.apache.hc.client5.http.impl.io.PoolingHttpClientConnectionManager - ex-00000020: endpoint lease request (3 MINUTES) [route: {}->unix://localhost:2375][total available: 1; route allocated: 1 of 2147483647; total allocated: 1 of 2147483647]
11:45:38.654 [Test worker] DEBUG com.github.dockerjava.zerodep.shaded.org.apache.hc.client5.http.impl.io.PoolingHttpClientConnectionManager - ex-00000020: endpoint leased [route: {}->unix://localhost:2375][total available: 0; route allocated: 1 of 2147483647; total allocated: 1 of 2147483647]
11:45:38.654 [Test worker] DEBUG com.github.dockerjava.zerodep.shaded.org.apache.hc.client5.http.impl.io.PoolingHttpClientConnectionManager - ex-00000020: acquired ep-0000001F
11:45:38.654 [Test worker] DEBUG com.github.dockerjava.zerodep.shaded.org.apache.hc.client5.http.impl.classic.InternalHttpClient - ex-00000020: acquired endpoint ep-0000001F
11:45:38.654 [Test worker] DEBUG com.github.dockerjava.zerodep.shaded.org.apache.hc.client5.http.impl.classic.MainClientExec - ex-00000020: executing GET /v1.32/containers/47a7ce05e61aa72bdced5a030ca6064519c62d122a5992816f04e0e528b5b17d/json HTTP/1.1
11:45:38.654 [Test worker] DEBUG com.github.dockerjava.zerodep.shaded.org.apache.hc.client5.http.impl.classic.InternalHttpClient - ep-0000001F: start execution ex-00000020
11:45:38.654 [Test worker] DEBUG com.github.dockerjava.zerodep.shaded.org.apache.hc.client5.http.impl.io.PoolingHttpClientConnectionManager - ep-0000001F: executing exchange ex-00000020 over http-outgoing-2
11:45:38.654 [Test worker] DEBUG com.github.dockerjava.zerodep.shaded.org.apache.hc.client5.http.headers - http-outgoing-2 >> GET /v1.32/containers/47a7ce05e61aa72bdced5a030ca6064519c62d122a5992816f04e0e528b5b17d/json HTTP/1.1
11:45:38.654 [Test worker] DEBUG com.github.dockerjava.zerodep.shaded.org.apache.hc.client5.http.headers - http-outgoing-2 >> accept: application/json
11:45:38.654 [Test worker] DEBUG com.github.dockerjava.zerodep.shaded.org.apache.hc.client5.http.headers - http-outgoing-2 >> x-tc-sid: c5b4bded-8a7b-4309-a94c-5bb153977152
11:45:38.654 [Test worker] DEBUG com.github.dockerjava.zerodep.shaded.org.apache.hc.client5.http.headers - http-outgoing-2 >> Accept-Encoding: gzip, x-gzip, deflate
11:45:38.654 [Test worker] DEBUG com.github.dockerjava.zerodep.shaded.org.apache.hc.client5.http.headers - http-outgoing-2 >> Host: localhost:2375
11:45:38.654 [Test worker] DEBUG com.github.dockerjava.zerodep.shaded.org.apache.hc.client5.http.headers - http-outgoing-2 >> Connection: keep-alive
11:45:38.654 [Test worker] DEBUG com.github.dockerjava.zerodep.shaded.org.apache.hc.client5.http.headers - http-outgoing-2 >> User-Agent: Apache-HttpClient/5.0.3 (Java/17.0.3)
11:45:38.654 [Test worker] DEBUG com.github.dockerjava.zerodep.shaded.org.apache.hc.client5.http.wire - http-outgoing-2 >> "GET /v1.32/containers/47a7ce05e61aa72bdced5a030ca6064519c62d122a5992816f04e0e528b5b17d/json HTTP/1.1[\r][\n]"
11:45:38.654 [Test worker] DEBUG com.github.dockerjava.zerodep.shaded.org.apache.hc.client5.http.wire - http-outgoing-2 >> "accept: application/json[\r][\n]"
11:45:38.654 [Test worker] DEBUG com.github.dockerjava.zerodep.shaded.org.apache.hc.client5.http.wire - http-outgoing-2 >> "x-tc-sid: c5b4bded-8a7b-4309-a94c-5bb153977152[\r][\n]"
11:45:38.654 [Test worker] DEBUG com.github.dockerjava.zerodep.shaded.org.apache.hc.client5.http.wire - http-outgoing-2 >> "Accept-Encoding: gzip, x-gzip, deflate[\r][\n]"
11:45:38.654 [Test worker] DEBUG com.github.dockerjava.zerodep.shaded.org.apache.hc.client5.http.wire - http-outgoing-2 >> "Host: localhost:2375[\r][\n]"
11:45:38.654 [Test worker] DEBUG com.github.dockerjava.zerodep.shaded.org.apache.hc.client5.http.wire - http-outgoing-2 >> "Connection: keep-alive[\r][\n]"
11:45:38.654 [Test worker] DEBUG com.github.dockerjava.zerodep.shaded.org.apache.hc.client5.http.wire - http-outgoing-2 >> "User-Agent: Apache-HttpClient/5.0.3 (Java/17.0.3)[\r][\n]"
11:45:38.654 [Test worker] DEBUG com.github.dockerjava.zerodep.shaded.org.apache.hc.client5.http.wire - http-outgoing-2 >> "[\r][\n]"
11:45:38.657 [Test worker] DEBUG com.github.dockerjava.zerodep.shaded.org.apache.hc.client5.http.wire - http-outgoing-2 << "HTTP/1.1 200 OK[\r][\n]"
11:45:38.657 [Test worker] DEBUG com.github.dockerjava.zerodep.shaded.org.apache.hc.client5.http.wire - http-outgoing-2 << "Api-Version: 1.41[\r][\n]"
11:45:38.657 [Test worker] DEBUG com.github.dockerjava.zerodep.shaded.org.apache.hc.client5.http.wire - http-outgoing-2 << "Content-Type: application/json[\r][\n]"
11:45:38.657 [Test worker] DEBUG com.github.dockerjava.zerodep.shaded.org.apache.hc.client5.http.wire - http-outgoing-2 << "Date: Mon, 26 Sep 2022 02:45:38 GMT[\r][\n]"
11:45:38.657 [Test worker] DEBUG com.github.dockerjava.zerodep.shaded.org.apache.hc.client5.http.wire - http-outgoing-2 << "Docker-Experimental: false[\r][\n]"
11:45:38.657 [Test worker] DEBUG com.github.dockerjava.zerodep.shaded.org.apache.hc.client5.http.wire - http-outgoing-2 << "Ostype: linux[\r][\n]"
11:45:38.657 [Test worker] DEBUG com.github.dockerjava.zerodep.shaded.org.apache.hc.client5.http.wire - http-outgoing-2 << "Server: Docker/20.10.11 (linux)[\r][\n]"
11:45:38.657 [Test worker] DEBUG com.github.dockerjava.zerodep.shaded.org.apache.hc.client5.http.wire - http-outgoing-2 << "Transfer-Encoding: chunked[\r][\n]"
11:45:38.657 [Test worker] DEBUG com.github.dockerjava.zerodep.shaded.org.apache.hc.client5.http.wire - http-outgoing-2 << "[\r][\n]"
11:45:38.657 [Test worker] DEBUG com.github.dockerjava.zerodep.shaded.org.apache.hc.client5.http.headers - http-outgoing-2 << HTTP/1.1 200 OK
11:45:38.657 [Test worker] DEBUG com.github.dockerjava.zerodep.shaded.org.apache.hc.client5.http.headers - http-outgoing-2 << Api-Version: 1.41
11:45:38.657 [Test worker] DEBUG com.github.dockerjava.zerodep.shaded.org.apache.hc.client5.http.headers - http-outgoing-2 << Content-Type: application/json
11:45:38.657 [Test worker] DEBUG com.github.dockerjava.zerodep.shaded.org.apache.hc.client5.http.headers - http-outgoing-2 << Date: Mon, 26 Sep 2022 02:45:38 GMT
11:45:38.657 [Test worker] DEBUG com.github.dockerjava.zerodep.shaded.org.apache.hc.client5.http.headers - http-outgoing-2 << Docker-Experimental: false
11:45:38.657 [Test worker] DEBUG com.github.dockerjava.zerodep.shaded.org.apache.hc.client5.http.headers - http-outgoing-2 << Ostype: linux
11:45:38.657 [Test worker] DEBUG com.github.dockerjava.zerodep.shaded.org.apache.hc.client5.http.headers - http-outgoing-2 << Server: Docker/20.10.11 (linux)
11:45:38.657 [Test worker] DEBUG com.github.dockerjava.zerodep.shaded.org.apache.hc.client5.http.headers - http-outgoing-2 << Transfer-Encoding: chunked
11:45:38.658 [Test worker] DEBUG com.github.dockerjava.zerodep.shaded.org.apache.hc.client5.http.impl.classic.MainClientExec - ex-00000020: connection can be kept alive for 3 MINUTES
11:45:38.658 [Test worker] DEBUG com.github.dockerjava.zerodep.shaded.org.apache.hc.client5.http.wire - http-outgoing-2 << "1882[\r][\n]"
11:45:38.658 [Test worker] DEBUG com.github.dockerjava.zerodep.shaded.org.apache.hc.client5.http.wire - http-outgoing-2 << "{"Id":"47a7ce05e61aa72bdced5a030ca6064519c62d122a5992816f04e0e528b5b17d","Created":"2022-09-26T02:45:36.042081626Z","Path":"docker-entrypoint.sh","Args":["mysqld"],"State":{"Status":"running","Running":true,"Paused":false,"Restarting":false,"OOMKilled":false,"Dead":false,"Pid":2251,"ExitCode":0,"Error":"","StartedAt":"2022-09-26T02:45:36.388226668Z","FinishedAt":"0001-01-01T00:00:00Z"},"Image":"sha256:5e229524f286e653111cb9d028bf1ba4c3490742c8cd18c84af22538f0e68575","ResolvConfPath":"/var/lib/docker/containers/47a7ce05e61aa72bdced5a030ca6064519c62d122a5992816f04e0e528b5b17d/resolv.conf","HostnamePath":"/var/lib/docker/containers/47a7ce05e61aa72bdced5a030ca6064519c62d122a5992816f04e0e528b5b17d/hostname","HostsPath":"/var/lib/docker/containers/47a7ce05e61aa72bdced5a030ca6064519c62d122a5992816f04e0e528b5b17d/hosts","LogPath":"/var/lib/docker/containers/47a7ce05e61aa72bdced5a030ca6064519c62d122a5992816f04e0e528b5b17d/47a7ce05e61aa72bdced5a030ca6064519c62d122a5992816f04e0e528b5b17d-json.log","Name":"/crazy_chaum","RestartCount":0,"Driver":"overlay2","Platform":"linux","MountLabel":"","ProcessLabel":"","AppArmorProfile":"","ExecIDs":null,"HostConfig":{"Binds":[],"ContainerIDFile":"","LogConfig":{"Type":"json-file","Config":{}},"NetworkMode":"default","PortBindings":{"3306/tcp":[{"HostIp":"0.0.0.0","HostPort":"0"}]},"RestartPolicy":{"Name":"","MaximumRetryCount":0},"AutoRemove":false,"VolumeDriver":"","VolumesFrom":[],"CapAdd":null,"CapDrop":null,"CgroupnsMode":"private","Dns":null,"DnsOptions":null,"DnsSearch":null,"ExtraHosts":[],"GroupAdd":null,"IpcMode":"shareable","Cgroup":"","Links":null,"OomScoreAdj":0,"PidMode":"","Privileged":false,"PublishAllPorts":false,"ReadonlyRootfs":false,"SecurityOpt":null,"UTSMode":"","UsernsMode":"","ShmSize":67108864,"Runtime":"runc","ConsoleSize":[0,0],"Isolation":"","CpuShares":0,"Memory":0,"NanoCpus":0,"CgroupParent":"","BlkioWeight":0,"BlkioWeightDevice":null,"BlkioDeviceReadBps":null,"BlkioDeviceWriteBps":null,"BlkioDeviceReadIOps":null,"BlkioDeviceWriteIOps":null,"CpuPeriod":0,"CpuQuota":0,"CpuRealtimePeriod":0,"CpuRealtimeRuntime":0,"CpusetCpus":"","CpusetMems":"","Devices":null,"DeviceCgroupRules":null,"DeviceRequests":null,"KernelMemory":0,"KernelMemoryTCP":0,"MemoryReservation":0,"MemorySwap":0,"MemorySwappiness":null,"OomKillDisable":null,"PidsLimit":null,"Ulimits":null,"CpuCount":0,"CpuPercent":0,"IOMaximumIOps":0,"IOMaximumBandwidth":0,"MaskedPaths":["/proc/asound","/proc/acpi","/proc/kcore","/proc/keys","/proc/latency_stats","/proc/timer_list","/proc/timer_stats","/proc/sched_debug","/proc/scsi","/sys/firmware"],"ReadonlyPaths":["/proc/bus","/proc/fs","/proc/irq","/proc/sys","/proc/sysrq-trigger"]},"GraphDriver":{"Data":{"LowerDir":"/var/lib/docker/overlay2/45da4782eb6c4075fef21a16271836d62c4e4726b16ef4c5ea199d4e626bdb39-init/diff:/var/lib/docker/overlay2/27a623f1ab748258e017a40f339844ef533377092bad4182aa320e9399893e13/diff:/var/lib/docker/overlay2/d7c1e4de558b6bbbdc3209a51fc73295262b5271709fe659d0e2e94f626eea74/diff:/var/lib/docker/overlay2/2df554f793c3600571e2f078ad2e20025d6b2e35f3d18881ead4f70e2cc26cb8/diff:/var/lib/docker/overlay2/feb23515577245ad51a24945de1e6bab842929569da912a2b4a33a48c6c2331f/diff:/var/lib/docker/overlay2/cc2cdbce154e19d9c4f376917b6c92ebd55b0b495124ffd2c9d7e9c82b6a95f9/diff:/var/lib/docker/overlay2/968467fe01280f82d26487386f320a15000815d63000d5ec89b47acca8f77ef2/diff:/var/lib/docker/overlay2/cc59daa314bbcaec43d6cd4064c7863b4b3976b989121dcf2e32c4710281f247/diff:/var/lib/docker/overlay2/dc5d8b1cf96cfd5d96d68fbed14248edf1244c1a4669ba07b0bab7f3d782f058/diff:/var/lib/docker/overlay2/dcca184158d696706cd99e62ffa3e5c42964eb57190bef35421cdf3f83a8c130/diff:/var/lib/docker/overlay2/a7f928596da67ce59f34b0ba4cee4a3b948b94f91ad0b0b6260dc54fb9b5a048/diff:/var/lib/docker/overlay2/6ac5adbfff6202b1faa13a2a2fd92625bdda668cdac1a1d2230becbb394e569f/diff","MergedDir":"/var/lib/docker/overlay2/45da4782eb6c4075fef21a16271836d62c4e4726b16ef4c5ea199d4e626bdb39/merged","UpperDir":"/var/lib/docker/overlay2/45da4782eb6c4075fef21a16271836d62c4e4726b16ef4c5ea199d4e626bdb39/diff","WorkDir":"/var/lib/docker/overlay2/45da4782eb6c4075fef21a16271836d62c4e4726b16ef4c5ea199d4e626bdb39/work"},"Name":"overlay2"},"Mounts":[{"Type":"volume","Name":"08668a73464516d2c615e247a561222f461f2385cff5615e53cc78e96456230c","Source":"/var/lib/docker/volumes/08668a73464516d2c615e247a561222f461f2385cff5615e53cc78e96456230c/_data","Destination":"/var/lib/mysql","Driver":"local","Mode":"","RW":true,"Propagation":""}],"Config":{"Hostname":"47a7ce05e61a","Domainname":"","User":"","AttachStdin":false,"AttachStdout":false,"AttachStderr":false,"ExposedPorts":{"3306/tcp":{},"33060/tcp":{}},"Tty":false,"OpenStdin":false,"StdinOnce":false,"Env":["MYSQL_DATABASE=lotification","MYSQL_PASSWORD=1234","MYSQL_USER=admin","MYSQL_ROOT_PASSWORD=1234","PATH=/usr/local/sbin:/usr/local/bin:/usr/sbin:/usr/bin:/sbin:/bin","GOSU_VERSION=1.14","MYSQL_MAJOR=8.0","MYSQL_VERSION=8.0.30-1.el8","MYSQL_SHELL_VERSION=8.0.30-1.el8"],"Cmd":["mysqld"],"Image":"mysql:8","Volumes":{"/var/lib/mysql":{}},"WorkingDir":"","Entrypoint":["docker-entrypoint.sh"],"OnBuild":null,"Labels":{"org.testcontainers":"true","org.testcontainers.sessionId":"c5b4bded-8a7b-4309-a94c-5bb153977152"}},"NetworkSettings":{"Bridge":"","SandboxID":"c87f478ec31081a2fc02a6d53fa5addc8f61962dea8dd5c17c1c641e1a25e99b","HairpinMode":false,"LinkLocalIPv6Address":"","LinkLocalIPv6PrefixLen":0,"Ports":{"3306/tcp":[{"HostIp":"0.0.0.0","HostPort":"63346"}],"33060/tcp":null},"SandboxKey":"/var/run/docker/netns/c87f478ec310","SecondaryIPAddresses":null,"SecondaryIPv6Addresses":null,"EndpointID":"7830774c518a6ae45bc93e5b48bd99e8a609aa29230b007326fa87b5ca32567f","Gateway":"172.17.0.1","GlobalIPv6Address":"","GlobalIPv6PrefixLen":0,"IPAddress":"172.17.0.4","IPPrefixLen":16,"IPv6Gateway":"","MacAddress":"02:42:ac:11:00:04","Networks":{"bridge":{"IPAMConfig":null,"Links":null,"Aliases":null,"NetworkID":"42b943ace1ba272d06317befbba08f853c5a08f211a0bdf3660599ced98f9c17","EndpointID":"7830774c518a6ae45bc93e5b48bd99e8a609aa29230b007326fa87b5ca32567f","Gateway":"172.17.0.1","IPAddress":"172.17.0.4","IPPrefixLen":16,"IPv6Gateway":"","GlobalIPv6Address":"","GlobalIPv6PrefixLen":0,"MacAddress":"02:42:ac:11:00:04","DriverOpts":null}}}}[\n]"
11:45:38.658 [Test worker] DEBUG com.github.dockerjava.zerodep.shaded.org.apache.hc.client5.http.wire - http-outgoing-2 << "[\r][\n]"
11:45:38.658 [Test worker] DEBUG com.github.dockerjava.zerodep.shaded.org.apache.hc.client5.http.wire - http-outgoing-2 << "0[\r][\n]"
11:45:38.658 [Test worker] DEBUG com.github.dockerjava.zerodep.shaded.org.apache.hc.client5.http.wire - http-outgoing-2 << "[\r][\n]"
11:45:38.658 [Test worker] DEBUG com.github.dockerjava.zerodep.shaded.org.apache.hc.client5.http.impl.classic.InternalHttpClient - ep-0000001F: releasing valid endpoint
11:45:38.658 [Test worker] DEBUG com.github.dockerjava.zerodep.shaded.org.apache.hc.client5.http.impl.io.PoolingHttpClientConnectionManager - ep-0000001F: releasing endpoint
11:45:38.658 [Test worker] DEBUG com.github.dockerjava.zerodep.shaded.org.apache.hc.client5.http.impl.io.PoolingHttpClientConnectionManager - ep-0000001F: connection http-outgoing-2 can be kept alive for 3 MINUTES
11:45:38.658 [Test worker] DEBUG com.github.dockerjava.zerodep.shaded.org.apache.hc.client5.http.impl.io.PoolingHttpClientConnectionManager - ep-0000001F: connection released [route: {}->unix://localhost:2375][total available: 1; route allocated: 1 of 2147483647; total allocated: 1 of 2147483647]
11:45:38.658 [Test worker] DEBUG ]]>&#x1f433;<![CDATA[ [mysql:8] - Trying to create JDBC connection using com.mysql.cj.jdbc.Driver to jdbc:mysql://localhost:63346/lotification?useSSL=false&allowPublicKeyRetrieval=true with properties: {password=1234, user=admin}
11:45:38.766 [Test worker] DEBUG org.testcontainers.shaded.com.github.dockerjava.core.command.AbstrDockerCmd - Cmd: 47a7ce05e61aa72bdced5a030ca6064519c62d122a5992816f04e0e528b5b17d,false
11:45:38.766 [Test worker] DEBUG org.testcontainers.shaded.com.github.dockerjava.core.exec.InspectContainerCmdExec - GET: DefaultWebTarget{path=[/containers/47a7ce05e61aa72bdced5a030ca6064519c62d122a5992816f04e0e528b5b17d/json], queryParams={}}
11:45:38.766 [Test worker] DEBUG com.github.dockerjava.zerodep.shaded.org.apache.hc.client5.http.impl.classic.InternalHttpClient - ex-00000021: preparing request execution
11:45:38.766 [Test worker] DEBUG com.github.dockerjava.zerodep.shaded.org.apache.hc.client5.http.protocol.RequestAddCookies - Cookie spec selected: strict
11:45:38.766 [Test worker] DEBUG com.github.dockerjava.zerodep.shaded.org.apache.hc.client5.http.protocol.RequestAuthCache - Auth cache not set in the context
11:45:38.766 [Test worker] DEBUG com.github.dockerjava.zerodep.shaded.org.apache.hc.client5.http.impl.classic.ProtocolExec - ex-00000021: target auth state: UNCHALLENGED
11:45:38.766 [Test worker] DEBUG com.github.dockerjava.zerodep.shaded.org.apache.hc.client5.http.impl.classic.ProtocolExec - ex-00000021: proxy auth state: UNCHALLENGED
11:45:38.766 [Test worker] DEBUG com.github.dockerjava.zerodep.shaded.org.apache.hc.client5.http.impl.classic.ConnectExec - ex-00000021: acquiring connection with route {}->unix://localhost:2375
11:45:38.766 [Test worker] DEBUG com.github.dockerjava.zerodep.shaded.org.apache.hc.client5.http.impl.classic.InternalHttpClient - ex-00000021: acquiring endpoint (3 MINUTES)
11:45:38.766 [Test worker] DEBUG com.github.dockerjava.zerodep.shaded.org.apache.hc.client5.http.impl.io.PoolingHttpClientConnectionManager - ex-00000021: endpoint lease request (3 MINUTES) [route: {}->unix://localhost:2375][total available: 1; route allocated: 1 of 2147483647; total allocated: 1 of 2147483647]
11:45:38.766 [Test worker] DEBUG com.github.dockerjava.zerodep.shaded.org.apache.hc.client5.http.impl.io.PoolingHttpClientConnectionManager - ex-00000021: endpoint leased [route: {}->unix://localhost:2375][total available: 0; route allocated: 1 of 2147483647; total allocated: 1 of 2147483647]
11:45:38.767 [Test worker] DEBUG com.github.dockerjava.zerodep.shaded.org.apache.hc.client5.http.impl.io.PoolingHttpClientConnectionManager - ex-00000021: acquired ep-00000020
11:45:38.767 [Test worker] DEBUG com.github.dockerjava.zerodep.shaded.org.apache.hc.client5.http.impl.classic.InternalHttpClient - ex-00000021: acquired endpoint ep-00000020
11:45:38.767 [Test worker] DEBUG com.github.dockerjava.zerodep.shaded.org.apache.hc.client5.http.impl.classic.MainClientExec - ex-00000021: executing GET /v1.32/containers/47a7ce05e61aa72bdced5a030ca6064519c62d122a5992816f04e0e528b5b17d/json HTTP/1.1
11:45:38.767 [Test worker] DEBUG com.github.dockerjava.zerodep.shaded.org.apache.hc.client5.http.impl.classic.InternalHttpClient - ep-00000020: start execution ex-00000021
11:45:38.767 [Test worker] DEBUG com.github.dockerjava.zerodep.shaded.org.apache.hc.client5.http.impl.io.PoolingHttpClientConnectionManager - ep-00000020: executing exchange ex-00000021 over http-outgoing-2
11:45:38.767 [Test worker] DEBUG com.github.dockerjava.zerodep.shaded.org.apache.hc.client5.http.headers - http-outgoing-2 >> GET /v1.32/containers/47a7ce05e61aa72bdced5a030ca6064519c62d122a5992816f04e0e528b5b17d/json HTTP/1.1
11:45:38.767 [Test worker] DEBUG com.github.dockerjava.zerodep.shaded.org.apache.hc.client5.http.headers - http-outgoing-2 >> accept: application/json
11:45:38.767 [Test worker] DEBUG com.github.dockerjava.zerodep.shaded.org.apache.hc.client5.http.headers - http-outgoing-2 >> x-tc-sid: c5b4bded-8a7b-4309-a94c-5bb153977152
11:45:38.767 [Test worker] DEBUG com.github.dockerjava.zerodep.shaded.org.apache.hc.client5.http.headers - http-outgoing-2 >> Accept-Encoding: gzip, x-gzip, deflate
11:45:38.767 [Test worker] DEBUG com.github.dockerjava.zerodep.shaded.org.apache.hc.client5.http.headers - http-outgoing-2 >> Host: localhost:2375
11:45:38.767 [Test worker] DEBUG com.github.dockerjava.zerodep.shaded.org.apache.hc.client5.http.headers - http-outgoing-2 >> Connection: keep-alive
11:45:38.767 [Test worker] DEBUG com.github.dockerjava.zerodep.shaded.org.apache.hc.client5.http.headers - http-outgoing-2 >> User-Agent: Apache-HttpClient/5.0.3 (Java/17.0.3)
11:45:38.767 [Test worker] DEBUG com.github.dockerjava.zerodep.shaded.org.apache.hc.client5.http.wire - http-outgoing-2 >> "GET /v1.32/containers/47a7ce05e61aa72bdced5a030ca6064519c62d122a5992816f04e0e528b5b17d/json HTTP/1.1[\r][\n]"
11:45:38.767 [Test worker] DEBUG com.github.dockerjava.zerodep.shaded.org.apache.hc.client5.http.wire - http-outgoing-2 >> "accept: application/json[\r][\n]"
11:45:38.767 [Test worker] DEBUG com.github.dockerjava.zerodep.shaded.org.apache.hc.client5.http.wire - http-outgoing-2 >> "x-tc-sid: c5b4bded-8a7b-4309-a94c-5bb153977152[\r][\n]"
11:45:38.767 [Test worker] DEBUG com.github.dockerjava.zerodep.shaded.org.apache.hc.client5.http.wire - http-outgoing-2 >> "Accept-Encoding: gzip, x-gzip, deflate[\r][\n]"
11:45:38.767 [Test worker] DEBUG com.github.dockerjava.zerodep.shaded.org.apache.hc.client5.http.wire - http-outgoing-2 >> "Host: localhost:2375[\r][\n]"
11:45:38.767 [Test worker] DEBUG com.github.dockerjava.zerodep.shaded.org.apache.hc.client5.http.wire - http-outgoing-2 >> "Connection: keep-alive[\r][\n]"
11:45:38.767 [Test worker] DEBUG com.github.dockerjava.zerodep.shaded.org.apache.hc.client5.http.wire - http-outgoing-2 >> "User-Agent: Apache-HttpClient/5.0.3 (Java/17.0.3)[\r][\n]"
11:45:38.767 [Test worker] DEBUG com.github.dockerjava.zerodep.shaded.org.apache.hc.client5.http.wire - http-outgoing-2 >> "[\r][\n]"
11:45:38.769 [Test worker] DEBUG com.github.dockerjava.zerodep.shaded.org.apache.hc.client5.http.wire - http-outgoing-2 << "HTTP/1.1 200 OK[\r][\n]"
11:45:38.769 [Test worker] DEBUG com.github.dockerjava.zerodep.shaded.org.apache.hc.client5.http.wire - http-outgoing-2 << "Api-Version: 1.41[\r][\n]"
11:45:38.769 [Test worker] DEBUG com.github.dockerjava.zerodep.shaded.org.apache.hc.client5.http.wire - http-outgoing-2 << "Content-Type: application/json[\r][\n]"
11:45:38.769 [Test worker] DEBUG com.github.dockerjava.zerodep.shaded.org.apache.hc.client5.http.wire - http-outgoing-2 << "Date: Mon, 26 Sep 2022 02:45:38 GMT[\r][\n]"
11:45:38.769 [Test worker] DEBUG com.github.dockerjava.zerodep.shaded.org.apache.hc.client5.http.wire - http-outgoing-2 << "Docker-Experimental: false[\r][\n]"
11:45:38.769 [Test worker] DEBUG com.github.dockerjava.zerodep.shaded.org.apache.hc.client5.http.wire - http-outgoing-2 << "Ostype: linux[\r][\n]"
11:45:38.769 [Test worker] DEBUG com.github.dockerjava.zerodep.shaded.org.apache.hc.client5.http.wire - http-outgoing-2 << "Server: Docker/20.10.11 (linux)[\r][\n]"
11:45:38.769 [Test worker] DEBUG com.github.dockerjava.zerodep.shaded.org.apache.hc.client5.http.wire - http-outgoing-2 << "Transfer-Encoding: chunked[\r][\n]"
11:45:38.769 [Test worker] DEBUG com.github.dockerjava.zerodep.shaded.org.apache.hc.client5.http.wire - http-outgoing-2 << "[\r][\n]"
11:45:38.769 [Test worker] DEBUG com.github.dockerjava.zerodep.shaded.org.apache.hc.client5.http.headers - http-outgoing-2 << HTTP/1.1 200 OK
11:45:38.769 [Test worker] DEBUG com.github.dockerjava.zerodep.shaded.org.apache.hc.client5.http.headers - http-outgoing-2 << Api-Version: 1.41
11:45:38.769 [Test worker] DEBUG com.github.dockerjava.zerodep.shaded.org.apache.hc.client5.http.headers - http-outgoing-2 << Content-Type: application/json
11:45:38.769 [Test worker] DEBUG com.github.dockerjava.zerodep.shaded.org.apache.hc.client5.http.headers - http-outgoing-2 << Date: Mon, 26 Sep 2022 02:45:38 GMT
11:45:38.769 [Test worker] DEBUG com.github.dockerjava.zerodep.shaded.org.apache.hc.client5.http.headers - http-outgoing-2 << Docker-Experimental: false
11:45:38.769 [Test worker] DEBUG com.github.dockerjava.zerodep.shaded.org.apache.hc.client5.http.headers - http-outgoing-2 << Ostype: linux
11:45:38.769 [Test worker] DEBUG com.github.dockerjava.zerodep.shaded.org.apache.hc.client5.http.headers - http-outgoing-2 << Server: Docker/20.10.11 (linux)
11:45:38.769 [Test worker] DEBUG com.github.dockerjava.zerodep.shaded.org.apache.hc.client5.http.headers - http-outgoing-2 << Transfer-Encoding: chunked
11:45:38.769 [Test worker] DEBUG com.github.dockerjava.zerodep.shaded.org.apache.hc.client5.http.impl.classic.MainClientExec - ex-00000021: connection can be kept alive for 3 MINUTES
11:45:38.769 [Test worker] DEBUG com.github.dockerjava.zerodep.shaded.org.apache.hc.client5.http.wire - http-outgoing-2 << "1882[\r][\n]"
11:45:38.770 [Test worker] DEBUG com.github.dockerjava.zerodep.shaded.org.apache.hc.client5.http.wire - http-outgoing-2 << "{"Id":"47a7ce05e61aa72bdced5a030ca6064519c62d122a5992816f04e0e528b5b17d","Created":"2022-09-26T02:45:36.042081626Z","Path":"docker-entrypoint.sh","Args":["mysqld"],"State":{"Status":"running","Running":true,"Paused":false,"Restarting":false,"OOMKilled":false,"Dead":false,"Pid":2251,"ExitCode":0,"Error":"","StartedAt":"2022-09-26T02:45:36.388226668Z","FinishedAt":"0001-01-01T00:00:00Z"},"Image":"sha256:5e229524f286e653111cb9d028bf1ba4c3490742c8cd18c84af22538f0e68575","ResolvConfPath":"/var/lib/docker/containers/47a7ce05e61aa72bdced5a030ca6064519c62d122a5992816f04e0e528b5b17d/resolv.conf","HostnamePath":"/var/lib/docker/containers/47a7ce05e61aa72bdced5a030ca6064519c62d122a5992816f04e0e528b5b17d/hostname","HostsPath":"/var/lib/docker/containers/47a7ce05e61aa72bdced5a030ca6064519c62d122a5992816f04e0e528b5b17d/hosts","LogPath":"/var/lib/docker/containers/47a7ce05e61aa72bdced5a030ca6064519c62d122a5992816f04e0e528b5b17d/47a7ce05e61aa72bdced5a030ca6064519c62d122a5992816f04e0e528b5b17d-json.log","Name":"/crazy_chaum","RestartCount":0,"Driver":"overlay2","Platform":"linux","MountLabel":"","ProcessLabel":"","AppArmorProfile":"","ExecIDs":null,"HostConfig":{"Binds":[],"ContainerIDFile":"","LogConfig":{"Type":"json-file","Config":{}},"NetworkMode":"default","PortBindings":{"3306/tcp":[{"HostIp":"0.0.0.0","HostPort":"0"}]},"RestartPolicy":{"Name":"","MaximumRetryCount":0},"AutoRemove":false,"VolumeDriver":"","VolumesFrom":[],"CapAdd":null,"CapDrop":null,"CgroupnsMode":"private","Dns":null,"DnsOptions":null,"DnsSearch":null,"ExtraHosts":[],"GroupAdd":null,"IpcMode":"shareable","Cgroup":"","Links":null,"OomScoreAdj":0,"PidMode":"","Privileged":false,"PublishAllPorts":false,"ReadonlyRootfs":false,"SecurityOpt":null,"UTSMode":"","UsernsMode":"","ShmSize":67108864,"Runtime":"runc","ConsoleSize":[0,0],"Isolation":"","CpuShares":0,"Memory":0,"NanoCpus":0,"CgroupParent":"","BlkioWeight":0,"BlkioWeightDevice":null,"BlkioDeviceReadBps":null,"BlkioDeviceWriteBps":null,"BlkioDeviceReadIOps":null,"BlkioDeviceWriteIOps":null,"CpuPeriod":0,"CpuQuota":0,"CpuRealtimePeriod":0,"CpuRealtimeRuntime":0,"CpusetCpus":"","CpusetMems":"","Devices":null,"DeviceCgroupRules":null,"DeviceRequests":null,"KernelMemory":0,"KernelMemoryTCP":0,"MemoryReservation":0,"MemorySwap":0,"MemorySwappiness":null,"OomKillDisable":null,"PidsLimit":null,"Ulimits":null,"CpuCount":0,"CpuPercent":0,"IOMaximumIOps":0,"IOMaximumBandwidth":0,"MaskedPaths":["/proc/asound","/proc/acpi","/proc/kcore","/proc/keys","/proc/latency_stats","/proc/timer_list","/proc/timer_stats","/proc/sched_debug","/proc/scsi","/sys/firmware"],"ReadonlyPaths":["/proc/bus","/proc/fs","/proc/irq","/proc/sys","/proc/sysrq-trigger"]},"GraphDriver":{"Data":{"LowerDir":"/var/lib/docker/overlay2/45da4782eb6c4075fef21a16271836d62c4e4726b16ef4c5ea199d4e626bdb39-init/diff:/var/lib/docker/overlay2/27a623f1ab748258e017a40f339844ef533377092bad4182aa320e9399893e13/diff:/var/lib/docker/overlay2/d7c1e4de558b6bbbdc3209a51fc73295262b5271709fe659d0e2e94f626eea74/diff:/var/lib/docker/overlay2/2df554f793c3600571e2f078ad2e20025d6b2e35f3d18881ead4f70e2cc26cb8/diff:/var/lib/docker/overlay2/feb23515577245ad51a24945de1e6bab842929569da912a2b4a33a48c6c2331f/diff:/var/lib/docker/overlay2/cc2cdbce154e19d9c4f376917b6c92ebd55b0b495124ffd2c9d7e9c82b6a95f9/diff:/var/lib/docker/overlay2/968467fe01280f82d26487386f320a15000815d63000d5ec89b47acca8f77ef2/diff:/var/lib/docker/overlay2/cc59daa314bbcaec43d6cd4064c7863b4b3976b989121dcf2e32c4710281f247/diff:/var/lib/docker/overlay2/dc5d8b1cf96cfd5d96d68fbed14248edf1244c1a4669ba07b0bab7f3d782f058/diff:/var/lib/docker/overlay2/dcca184158d696706cd99e62ffa3e5c42964eb57190bef35421cdf3f83a8c130/diff:/var/lib/docker/overlay2/a7f928596da67ce59f34b0ba4cee4a3b948b94f91ad0b0b6260dc54fb9b5a048/diff:/var/lib/docker/overlay2/6ac5adbfff6202b1faa13a2a2fd92625bdda668cdac1a1d2230becbb394e569f/diff","MergedDir":"/var/lib/docker/overlay2/45da4782eb6c4075fef21a16271836d62c4e4726b16ef4c5ea199d4e626bdb39/merged","UpperDir":"/var/lib/docker/overlay2/45da4782eb6c4075fef21a16271836d62c4e4726b16ef4c5ea199d4e626bdb39/diff","WorkDir":"/var/lib/docker/overlay2/45da4782eb6c4075fef21a16271836d62c4e4726b16ef4c5ea199d4e626bdb39/work"},"Name":"overlay2"},"Mounts":[{"Type":"volume","Name":"08668a73464516d2c615e247a561222f461f2385cff5615e53cc78e96456230c","Source":"/var/lib/docker/volumes/08668a73464516d2c615e247a561222f461f2385cff5615e53cc78e96456230c/_data","Destination":"/var/lib/mysql","Driver":"local","Mode":"","RW":true,"Propagation":""}],"Config":{"Hostname":"47a7ce05e61a","Domainname":"","User":"","AttachStdin":false,"AttachStdout":false,"AttachStderr":false,"ExposedPorts":{"3306/tcp":{},"33060/tcp":{}},"Tty":false,"OpenStdin":false,"StdinOnce":false,"Env":["MYSQL_DATABASE=lotification","MYSQL_PASSWORD=1234","MYSQL_USER=admin","MYSQL_ROOT_PASSWORD=1234","PATH=/usr/local/sbin:/usr/local/bin:/usr/sbin:/usr/bin:/sbin:/bin","GOSU_VERSION=1.14","MYSQL_MAJOR=8.0","MYSQL_VERSION=8.0.30-1.el8","MYSQL_SHELL_VERSION=8.0.30-1.el8"],"Cmd":["mysqld"],"Image":"mysql:8","Volumes":{"/var/lib/mysql":{}},"WorkingDir":"","Entrypoint":["docker-entrypoint.sh"],"OnBuild":null,"Labels":{"org.testcontainers":"true","org.testcontainers.sessionId":"c5b4bded-8a7b-4309-a94c-5bb153977152"}},"NetworkSettings":{"Bridge":"","SandboxID":"c87f478ec31081a2fc02a6d53fa5addc8f61962dea8dd5c17c1c641e1a25e99b","HairpinMode":false,"LinkLocalIPv6Address":"","LinkLocalIPv6PrefixLen":0,"Ports":{"3306/tcp":[{"HostIp":"0.0.0.0","HostPort":"63346"}],"33060/tcp":null},"SandboxKey":"/var/run/docker/netns/c87f478ec310","SecondaryIPAddresses":null,"SecondaryIPv6Addresses":null,"EndpointID":"7830774c518a6ae45bc93e5b48bd99e8a609aa29230b007326fa87b5ca32567f","Gateway":"172.17.0.1","GlobalIPv6Address":"","GlobalIPv6PrefixLen":0,"IPAddress":"172.17.0.4","IPPrefixLen":16,"IPv6Gateway":"","MacAddress":"02:42:ac:11:00:04","Networks":{"bridge":{"IPAMConfig":null,"Links":null,"Aliases":null,"NetworkID":"42b943ace1ba272d06317befbba08f853c5a08f211a0bdf3660599ced98f9c17","EndpointID":"7830774c518a6ae45bc93e5b48bd99e8a609aa29230b007326fa87b5ca32567f","Gateway":"172.17.0.1","IPAddress":"172.17.0.4","IPPrefixLen":16,"IPv6Gateway":"","GlobalIPv6Address":"","GlobalIPv6PrefixLen":0,"MacAddress":"02:42:ac:11:00:04","DriverOpts":null}}}}[\n]"
11:45:38.770 [Test worker] DEBUG com.github.dockerjava.zerodep.shaded.org.apache.hc.client5.http.wire - http-outgoing-2 << "[\r][\n]"
11:45:38.770 [Test worker] DEBUG com.github.dockerjava.zerodep.shaded.org.apache.hc.client5.http.wire - http-outgoing-2 << "0[\r][\n]"
11:45:38.770 [Test worker] DEBUG com.github.dockerjava.zerodep.shaded.org.apache.hc.client5.http.wire - http-outgoing-2 << "[\r][\n]"
11:45:38.770 [Test worker] DEBUG com.github.dockerjava.zerodep.shaded.org.apache.hc.client5.http.impl.classic.InternalHttpClient - ep-00000020: releasing valid endpoint
11:45:38.770 [Test worker] DEBUG com.github.dockerjava.zerodep.shaded.org.apache.hc.client5.http.impl.io.PoolingHttpClientConnectionManager - ep-00000020: releasing endpoint
11:45:38.770 [Test worker] DEBUG com.github.dockerjava.zerodep.shaded.org.apache.hc.client5.http.impl.io.PoolingHttpClientConnectionManager - ep-00000020: connection http-outgoing-2 can be kept alive for 3 MINUTES
11:45:38.770 [Test worker] DEBUG com.github.dockerjava.zerodep.shaded.org.apache.hc.client5.http.impl.io.PoolingHttpClientConnectionManager - ep-00000020: connection released [route: {}->unix://localhost:2375][total available: 1; route allocated: 1 of 2147483647; total allocated: 1 of 2147483647]
11:45:38.770 [Test worker] DEBUG ]]>&#x1f433;<![CDATA[ [mysql:8] - Trying to create JDBC connection using com.mysql.cj.jdbc.Driver to jdbc:mysql://localhost:63346/lotification?useSSL=false&allowPublicKeyRetrieval=true with properties: {password=1234, user=admin}
11:45:38.877 [Test worker] DEBUG org.testcontainers.shaded.com.github.dockerjava.core.command.AbstrDockerCmd - Cmd: 47a7ce05e61aa72bdced5a030ca6064519c62d122a5992816f04e0e528b5b17d,false
11:45:38.877 [Test worker] DEBUG org.testcontainers.shaded.com.github.dockerjava.core.exec.InspectContainerCmdExec - GET: DefaultWebTarget{path=[/containers/47a7ce05e61aa72bdced5a030ca6064519c62d122a5992816f04e0e528b5b17d/json], queryParams={}}
11:45:38.877 [Test worker] DEBUG com.github.dockerjava.zerodep.shaded.org.apache.hc.client5.http.impl.classic.InternalHttpClient - ex-00000022: preparing request execution
11:45:38.877 [Test worker] DEBUG com.github.dockerjava.zerodep.shaded.org.apache.hc.client5.http.protocol.RequestAddCookies - Cookie spec selected: strict
11:45:38.877 [Test worker] DEBUG com.github.dockerjava.zerodep.shaded.org.apache.hc.client5.http.protocol.RequestAuthCache - Auth cache not set in the context
11:45:38.877 [Test worker] DEBUG com.github.dockerjava.zerodep.shaded.org.apache.hc.client5.http.impl.classic.ProtocolExec - ex-00000022: target auth state: UNCHALLENGED
11:45:38.877 [Test worker] DEBUG com.github.dockerjava.zerodep.shaded.org.apache.hc.client5.http.impl.classic.ProtocolExec - ex-00000022: proxy auth state: UNCHALLENGED
11:45:38.878 [Test worker] DEBUG com.github.dockerjava.zerodep.shaded.org.apache.hc.client5.http.impl.classic.ConnectExec - ex-00000022: acquiring connection with route {}->unix://localhost:2375
11:45:38.878 [Test worker] DEBUG com.github.dockerjava.zerodep.shaded.org.apache.hc.client5.http.impl.classic.InternalHttpClient - ex-00000022: acquiring endpoint (3 MINUTES)
11:45:38.878 [Test worker] DEBUG com.github.dockerjava.zerodep.shaded.org.apache.hc.client5.http.impl.io.PoolingHttpClientConnectionManager - ex-00000022: endpoint lease request (3 MINUTES) [route: {}->unix://localhost:2375][total available: 1; route allocated: 1 of 2147483647; total allocated: 1 of 2147483647]
11:45:38.878 [Test worker] DEBUG com.github.dockerjava.zerodep.shaded.org.apache.hc.client5.http.impl.io.PoolingHttpClientConnectionManager - ex-00000022: endpoint leased [route: {}->unix://localhost:2375][total available: 0; route allocated: 1 of 2147483647; total allocated: 1 of 2147483647]
11:45:38.878 [Test worker] DEBUG com.github.dockerjava.zerodep.shaded.org.apache.hc.client5.http.impl.io.PoolingHttpClientConnectionManager - ex-00000022: acquired ep-00000021
11:45:38.878 [Test worker] DEBUG com.github.dockerjava.zerodep.shaded.org.apache.hc.client5.http.impl.classic.InternalHttpClient - ex-00000022: acquired endpoint ep-00000021
11:45:38.878 [Test worker] DEBUG com.github.dockerjava.zerodep.shaded.org.apache.hc.client5.http.impl.classic.MainClientExec - ex-00000022: executing GET /v1.32/containers/47a7ce05e61aa72bdced5a030ca6064519c62d122a5992816f04e0e528b5b17d/json HTTP/1.1
11:45:38.878 [Test worker] DEBUG com.github.dockerjava.zerodep.shaded.org.apache.hc.client5.http.impl.classic.InternalHttpClient - ep-00000021: start execution ex-00000022
11:45:38.878 [Test worker] DEBUG com.github.dockerjava.zerodep.shaded.org.apache.hc.client5.http.impl.io.PoolingHttpClientConnectionManager - ep-00000021: executing exchange ex-00000022 over http-outgoing-2
11:45:38.878 [Test worker] DEBUG com.github.dockerjava.zerodep.shaded.org.apache.hc.client5.http.headers - http-outgoing-2 >> GET /v1.32/containers/47a7ce05e61aa72bdced5a030ca6064519c62d122a5992816f04e0e528b5b17d/json HTTP/1.1
11:45:38.878 [Test worker] DEBUG com.github.dockerjava.zerodep.shaded.org.apache.hc.client5.http.headers - http-outgoing-2 >> accept: application/json
11:45:38.878 [Test worker] DEBUG com.github.dockerjava.zerodep.shaded.org.apache.hc.client5.http.headers - http-outgoing-2 >> x-tc-sid: c5b4bded-8a7b-4309-a94c-5bb153977152
11:45:38.878 [Test worker] DEBUG com.github.dockerjava.zerodep.shaded.org.apache.hc.client5.http.headers - http-outgoing-2 >> Accept-Encoding: gzip, x-gzip, deflate
11:45:38.878 [Test worker] DEBUG com.github.dockerjava.zerodep.shaded.org.apache.hc.client5.http.headers - http-outgoing-2 >> Host: localhost:2375
11:45:38.878 [Test worker] DEBUG com.github.dockerjava.zerodep.shaded.org.apache.hc.client5.http.headers - http-outgoing-2 >> Connection: keep-alive
11:45:38.878 [Test worker] DEBUG com.github.dockerjava.zerodep.shaded.org.apache.hc.client5.http.headers - http-outgoing-2 >> User-Agent: Apache-HttpClient/5.0.3 (Java/17.0.3)
11:45:38.878 [Test worker] DEBUG com.github.dockerjava.zerodep.shaded.org.apache.hc.client5.http.wire - http-outgoing-2 >> "GET /v1.32/containers/47a7ce05e61aa72bdced5a030ca6064519c62d122a5992816f04e0e528b5b17d/json HTTP/1.1[\r][\n]"
11:45:38.878 [Test worker] DEBUG com.github.dockerjava.zerodep.shaded.org.apache.hc.client5.http.wire - http-outgoing-2 >> "accept: application/json[\r][\n]"
11:45:38.878 [Test worker] DEBUG com.github.dockerjava.zerodep.shaded.org.apache.hc.client5.http.wire - http-outgoing-2 >> "x-tc-sid: c5b4bded-8a7b-4309-a94c-5bb153977152[\r][\n]"
11:45:38.878 [Test worker] DEBUG com.github.dockerjava.zerodep.shaded.org.apache.hc.client5.http.wire - http-outgoing-2 >> "Accept-Encoding: gzip, x-gzip, deflate[\r][\n]"
11:45:38.878 [Test worker] DEBUG com.github.dockerjava.zerodep.shaded.org.apache.hc.client5.http.wire - http-outgoing-2 >> "Host: localhost:2375[\r][\n]"
11:45:38.878 [Test worker] DEBUG com.github.dockerjava.zerodep.shaded.org.apache.hc.client5.http.wire - http-outgoing-2 >> "Connection: keep-alive[\r][\n]"
11:45:38.878 [Test worker] DEBUG com.github.dockerjava.zerodep.shaded.org.apache.hc.client5.http.wire - http-outgoing-2 >> "User-Agent: Apache-HttpClient/5.0.3 (Java/17.0.3)[\r][\n]"
11:45:38.878 [Test worker] DEBUG com.github.dockerjava.zerodep.shaded.org.apache.hc.client5.http.wire - http-outgoing-2 >> "[\r][\n]"
11:45:38.880 [Test worker] DEBUG com.github.dockerjava.zerodep.shaded.org.apache.hc.client5.http.wire - http-outgoing-2 << "HTTP/1.1 200 OK[\r][\n]"
11:45:38.880 [Test worker] DEBUG com.github.dockerjava.zerodep.shaded.org.apache.hc.client5.http.wire - http-outgoing-2 << "Api-Version: 1.41[\r][\n]"
11:45:38.880 [Test worker] DEBUG com.github.dockerjava.zerodep.shaded.org.apache.hc.client5.http.wire - http-outgoing-2 << "Content-Type: application/json[\r][\n]"
11:45:38.880 [Test worker] DEBUG com.github.dockerjava.zerodep.shaded.org.apache.hc.client5.http.wire - http-outgoing-2 << "Date: Mon, 26 Sep 2022 02:45:38 GMT[\r][\n]"
11:45:38.880 [Test worker] DEBUG com.github.dockerjava.zerodep.shaded.org.apache.hc.client5.http.wire - http-outgoing-2 << "Docker-Experimental: false[\r][\n]"
11:45:38.880 [Test worker] DEBUG com.github.dockerjava.zerodep.shaded.org.apache.hc.client5.http.wire - http-outgoing-2 << "Ostype: linux[\r][\n]"
11:45:38.880 [Test worker] DEBUG com.github.dockerjava.zerodep.shaded.org.apache.hc.client5.http.wire - http-outgoing-2 << "Server: Docker/20.10.11 (linux)[\r][\n]"
11:45:38.880 [Test worker] DEBUG com.github.dockerjava.zerodep.shaded.org.apache.hc.client5.http.wire - http-outgoing-2 << "Transfer-Encoding: chunked[\r][\n]"
11:45:38.880 [Test worker] DEBUG com.github.dockerjava.zerodep.shaded.org.apache.hc.client5.http.wire - http-outgoing-2 << "[\r][\n]"
11:45:38.880 [Test worker] DEBUG com.github.dockerjava.zerodep.shaded.org.apache.hc.client5.http.headers - http-outgoing-2 << HTTP/1.1 200 OK
11:45:38.880 [Test worker] DEBUG com.github.dockerjava.zerodep.shaded.org.apache.hc.client5.http.headers - http-outgoing-2 << Api-Version: 1.41
11:45:38.880 [Test worker] DEBUG com.github.dockerjava.zerodep.shaded.org.apache.hc.client5.http.headers - http-outgoing-2 << Content-Type: application/json
11:45:38.880 [Test worker] DEBUG com.github.dockerjava.zerodep.shaded.org.apache.hc.client5.http.headers - http-outgoing-2 << Date: Mon, 26 Sep 2022 02:45:38 GMT
11:45:38.880 [Test worker] DEBUG com.github.dockerjava.zerodep.shaded.org.apache.hc.client5.http.headers - http-outgoing-2 << Docker-Experimental: false
11:45:38.880 [Test worker] DEBUG com.github.dockerjava.zerodep.shaded.org.apache.hc.client5.http.headers - http-outgoing-2 << Ostype: linux
11:45:38.880 [Test worker] DEBUG com.github.dockerjava.zerodep.shaded.org.apache.hc.client5.http.headers - http-outgoing-2 << Server: Docker/20.10.11 (linux)
11:45:38.880 [Test worker] DEBUG com.github.dockerjava.zerodep.shaded.org.apache.hc.client5.http.headers - http-outgoing-2 << Transfer-Encoding: chunked
11:45:38.881 [Test worker] DEBUG com.github.dockerjava.zerodep.shaded.org.apache.hc.client5.http.impl.classic.MainClientExec - ex-00000022: connection can be kept alive for 3 MINUTES
11:45:38.881 [Test worker] DEBUG com.github.dockerjava.zerodep.shaded.org.apache.hc.client5.http.wire - http-outgoing-2 << "1882[\r][\n]"
11:45:38.881 [Test worker] DEBUG com.github.dockerjava.zerodep.shaded.org.apache.hc.client5.http.wire - http-outgoing-2 << "{"Id":"47a7ce05e61aa72bdced5a030ca6064519c62d122a5992816f04e0e528b5b17d","Created":"2022-09-26T02:45:36.042081626Z","Path":"docker-entrypoint.sh","Args":["mysqld"],"State":{"Status":"running","Running":true,"Paused":false,"Restarting":false,"OOMKilled":false,"Dead":false,"Pid":2251,"ExitCode":0,"Error":"","StartedAt":"2022-09-26T02:45:36.388226668Z","FinishedAt":"0001-01-01T00:00:00Z"},"Image":"sha256:5e229524f286e653111cb9d028bf1ba4c3490742c8cd18c84af22538f0e68575","ResolvConfPath":"/var/lib/docker/containers/47a7ce05e61aa72bdced5a030ca6064519c62d122a5992816f04e0e528b5b17d/resolv.conf","HostnamePath":"/var/lib/docker/containers/47a7ce05e61aa72bdced5a030ca6064519c62d122a5992816f04e0e528b5b17d/hostname","HostsPath":"/var/lib/docker/containers/47a7ce05e61aa72bdced5a030ca6064519c62d122a5992816f04e0e528b5b17d/hosts","LogPath":"/var/lib/docker/containers/47a7ce05e61aa72bdced5a030ca6064519c62d122a5992816f04e0e528b5b17d/47a7ce05e61aa72bdced5a030ca6064519c62d122a5992816f04e0e528b5b17d-json.log","Name":"/crazy_chaum","RestartCount":0,"Driver":"overlay2","Platform":"linux","MountLabel":"","ProcessLabel":"","AppArmorProfile":"","ExecIDs":null,"HostConfig":{"Binds":[],"ContainerIDFile":"","LogConfig":{"Type":"json-file","Config":{}},"NetworkMode":"default","PortBindings":{"3306/tcp":[{"HostIp":"0.0.0.0","HostPort":"0"}]},"RestartPolicy":{"Name":"","MaximumRetryCount":0},"AutoRemove":false,"VolumeDriver":"","VolumesFrom":[],"CapAdd":null,"CapDrop":null,"CgroupnsMode":"private","Dns":null,"DnsOptions":null,"DnsSearch":null,"ExtraHosts":[],"GroupAdd":null,"IpcMode":"shareable","Cgroup":"","Links":null,"OomScoreAdj":0,"PidMode":"","Privileged":false,"PublishAllPorts":false,"ReadonlyRootfs":false,"SecurityOpt":null,"UTSMode":"","UsernsMode":"","ShmSize":67108864,"Runtime":"runc","ConsoleSize":[0,0],"Isolation":"","CpuShares":0,"Memory":0,"NanoCpus":0,"CgroupParent":"","BlkioWeight":0,"BlkioWeightDevice":null,"BlkioDeviceReadBps":null,"BlkioDeviceWriteBps":null,"BlkioDeviceReadIOps":null,"BlkioDeviceWriteIOps":null,"CpuPeriod":0,"CpuQuota":0,"CpuRealtimePeriod":0,"CpuRealtimeRuntime":0,"CpusetCpus":"","CpusetMems":"","Devices":null,"DeviceCgroupRules":null,"DeviceRequests":null,"KernelMemory":0,"KernelMemoryTCP":0,"MemoryReservation":0,"MemorySwap":0,"MemorySwappiness":null,"OomKillDisable":null,"PidsLimit":null,"Ulimits":null,"CpuCount":0,"CpuPercent":0,"IOMaximumIOps":0,"IOMaximumBandwidth":0,"MaskedPaths":["/proc/asound","/proc/acpi","/proc/kcore","/proc/keys","/proc/latency_stats","/proc/timer_list","/proc/timer_stats","/proc/sched_debug","/proc/scsi","/sys/firmware"],"ReadonlyPaths":["/proc/bus","/proc/fs","/proc/irq","/proc/sys","/proc/sysrq-trigger"]},"GraphDriver":{"Data":{"LowerDir":"/var/lib/docker/overlay2/45da4782eb6c4075fef21a16271836d62c4e4726b16ef4c5ea199d4e626bdb39-init/diff:/var/lib/docker/overlay2/27a623f1ab748258e017a40f339844ef533377092bad4182aa320e9399893e13/diff:/var/lib/docker/overlay2/d7c1e4de558b6bbbdc3209a51fc73295262b5271709fe659d0e2e94f626eea74/diff:/var/lib/docker/overlay2/2df554f793c3600571e2f078ad2e20025d6b2e35f3d18881ead4f70e2cc26cb8/diff:/var/lib/docker/overlay2/feb23515577245ad51a24945de1e6bab842929569da912a2b4a33a48c6c2331f/diff:/var/lib/docker/overlay2/cc2cdbce154e19d9c4f376917b6c92ebd55b0b495124ffd2c9d7e9c82b6a95f9/diff:/var/lib/docker/overlay2/968467fe01280f82d26487386f320a15000815d63000d5ec89b47acca8f77ef2/diff:/var/lib/docker/overlay2/cc59daa314bbcaec43d6cd4064c7863b4b3976b989121dcf2e32c4710281f247/diff:/var/lib/docker/overlay2/dc5d8b1cf96cfd5d96d68fbed14248edf1244c1a4669ba07b0bab7f3d782f058/diff:/var/lib/docker/overlay2/dcca184158d696706cd99e62ffa3e5c42964eb57190bef35421cdf3f83a8c130/diff:/var/lib/docker/overlay2/a7f928596da67ce59f34b0ba4cee4a3b948b94f91ad0b0b6260dc54fb9b5a048/diff:/var/lib/docker/overlay2/6ac5adbfff6202b1faa13a2a2fd92625bdda668cdac1a1d2230becbb394e569f/diff","MergedDir":"/var/lib/docker/overlay2/45da4782eb6c4075fef21a16271836d62c4e4726b16ef4c5ea199d4e626bdb39/merged","UpperDir":"/var/lib/docker/overlay2/45da4782eb6c4075fef21a16271836d62c4e4726b16ef4c5ea199d4e626bdb39/diff","WorkDir":"/var/lib/docker/overlay2/45da4782eb6c4075fef21a16271836d62c4e4726b16ef4c5ea199d4e626bdb39/work"},"Name":"overlay2"},"Mounts":[{"Type":"volume","Name":"08668a73464516d2c615e247a561222f461f2385cff5615e53cc78e96456230c","Source":"/var/lib/docker/volumes/08668a73464516d2c615e247a561222f461f2385cff5615e53cc78e96456230c/_data","Destination":"/var/lib/mysql","Driver":"local","Mode":"","RW":true,"Propagation":""}],"Config":{"Hostname":"47a7ce05e61a","Domainname":"","User":"","AttachStdin":false,"AttachStdout":false,"AttachStderr":false,"ExposedPorts":{"3306/tcp":{},"33060/tcp":{}},"Tty":false,"OpenStdin":false,"StdinOnce":false,"Env":["MYSQL_DATABASE=lotification","MYSQL_PASSWORD=1234","MYSQL_USER=admin","MYSQL_ROOT_PASSWORD=1234","PATH=/usr/local/sbin:/usr/local/bin:/usr/sbin:/usr/bin:/sbin:/bin","GOSU_VERSION=1.14","MYSQL_MAJOR=8.0","MYSQL_VERSION=8.0.30-1.el8","MYSQL_SHELL_VERSION=8.0.30-1.el8"],"Cmd":["mysqld"],"Image":"mysql:8","Volumes":{"/var/lib/mysql":{}},"WorkingDir":"","Entrypoint":["docker-entrypoint.sh"],"OnBuild":null,"Labels":{"org.testcontainers":"true","org.testcontainers.sessionId":"c5b4bded-8a7b-4309-a94c-5bb153977152"}},"NetworkSettings":{"Bridge":"","SandboxID":"c87f478ec31081a2fc02a6d53fa5addc8f61962dea8dd5c17c1c641e1a25e99b","HairpinMode":false,"LinkLocalIPv6Address":"","LinkLocalIPv6PrefixLen":0,"Ports":{"3306/tcp":[{"HostIp":"0.0.0.0","HostPort":"63346"}],"33060/tcp":null},"SandboxKey":"/var/run/docker/netns/c87f478ec310","SecondaryIPAddresses":null,"SecondaryIPv6Addresses":null,"EndpointID":"7830774c518a6ae45bc93e5b48bd99e8a609aa29230b007326fa87b5ca32567f","Gateway":"172.17.0.1","GlobalIPv6Address":"","GlobalIPv6PrefixLen":0,"IPAddress":"172.17.0.4","IPPrefixLen":16,"IPv6Gateway":"","MacAddress":"02:42:ac:11:00:04","Networks":{"bridge":{"IPAMConfig":null,"Links":null,"Aliases":null,"NetworkID":"42b943ace1ba272d06317befbba08f853c5a08f211a0bdf3660599ced98f9c17","EndpointID":"7830774c518a6ae45bc93e5b48bd99e8a609aa29230b007326fa87b5ca32567f","Gateway":"172.17.0.1","IPAddress":"172.17.0.4","IPPrefixLen":16,"IPv6Gateway":"","GlobalIPv6Address":"","GlobalIPv6PrefixLen":0,"MacAddress":"02:42:ac:11:00:04","DriverOpts":null}}}}[\n]"
11:45:38.881 [Test worker] DEBUG com.github.dockerjava.zerodep.shaded.org.apache.hc.client5.http.wire - http-outgoing-2 << "[\r][\n]"
11:45:38.881 [Test worker] DEBUG com.github.dockerjava.zerodep.shaded.org.apache.hc.client5.http.wire - http-outgoing-2 << "0[\r][\n]"
11:45:38.881 [Test worker] DEBUG com.github.dockerjava.zerodep.shaded.org.apache.hc.client5.http.wire - http-outgoing-2 << "[\r][\n]"
11:45:38.881 [Test worker] DEBUG com.github.dockerjava.zerodep.shaded.org.apache.hc.client5.http.impl.classic.InternalHttpClient - ep-00000021: releasing valid endpoint
11:45:38.881 [Test worker] DEBUG com.github.dockerjava.zerodep.shaded.org.apache.hc.client5.http.impl.io.PoolingHttpClientConnectionManager - ep-00000021: releasing endpoint
11:45:38.881 [Test worker] DEBUG com.github.dockerjava.zerodep.shaded.org.apache.hc.client5.http.impl.io.PoolingHttpClientConnectionManager - ep-00000021: connection http-outgoing-2 can be kept alive for 3 MINUTES
11:45:38.881 [Test worker] DEBUG com.github.dockerjava.zerodep.shaded.org.apache.hc.client5.http.impl.io.PoolingHttpClientConnectionManager - ep-00000021: connection released [route: {}->unix://localhost:2375][total available: 1; route allocated: 1 of 2147483647; total allocated: 1 of 2147483647]
11:45:38.882 [Test worker] DEBUG ]]>&#x1f433;<![CDATA[ [mysql:8] - Trying to create JDBC connection using com.mysql.cj.jdbc.Driver to jdbc:mysql://localhost:63346/lotification?useSSL=false&allowPublicKeyRetrieval=true with properties: {password=1234, user=admin}
11:45:38.988 [Test worker] DEBUG org.testcontainers.shaded.com.github.dockerjava.core.command.AbstrDockerCmd - Cmd: 47a7ce05e61aa72bdced5a030ca6064519c62d122a5992816f04e0e528b5b17d,false
11:45:38.989 [Test worker] DEBUG org.testcontainers.shaded.com.github.dockerjava.core.exec.InspectContainerCmdExec - GET: DefaultWebTarget{path=[/containers/47a7ce05e61aa72bdced5a030ca6064519c62d122a5992816f04e0e528b5b17d/json], queryParams={}}
11:45:38.989 [Test worker] DEBUG com.github.dockerjava.zerodep.shaded.org.apache.hc.client5.http.impl.classic.InternalHttpClient - ex-00000023: preparing request execution
11:45:38.989 [Test worker] DEBUG com.github.dockerjava.zerodep.shaded.org.apache.hc.client5.http.protocol.RequestAddCookies - Cookie spec selected: strict
11:45:38.989 [Test worker] DEBUG com.github.dockerjava.zerodep.shaded.org.apache.hc.client5.http.protocol.RequestAuthCache - Auth cache not set in the context
11:45:38.989 [Test worker] DEBUG com.github.dockerjava.zerodep.shaded.org.apache.hc.client5.http.impl.classic.ProtocolExec - ex-00000023: target auth state: UNCHALLENGED
11:45:38.989 [Test worker] DEBUG com.github.dockerjava.zerodep.shaded.org.apache.hc.client5.http.impl.classic.ProtocolExec - ex-00000023: proxy auth state: UNCHALLENGED
11:45:38.989 [Test worker] DEBUG com.github.dockerjava.zerodep.shaded.org.apache.hc.client5.http.impl.classic.ConnectExec - ex-00000023: acquiring connection with route {}->unix://localhost:2375
11:45:38.989 [Test worker] DEBUG com.github.dockerjava.zerodep.shaded.org.apache.hc.client5.http.impl.classic.InternalHttpClient - ex-00000023: acquiring endpoint (3 MINUTES)
11:45:38.989 [Test worker] DEBUG com.github.dockerjava.zerodep.shaded.org.apache.hc.client5.http.impl.io.PoolingHttpClientConnectionManager - ex-00000023: endpoint lease request (3 MINUTES) [route: {}->unix://localhost:2375][total available: 1; route allocated: 1 of 2147483647; total allocated: 1 of 2147483647]
11:45:38.989 [Test worker] DEBUG com.github.dockerjava.zerodep.shaded.org.apache.hc.client5.http.impl.io.PoolingHttpClientConnectionManager - ex-00000023: endpoint leased [route: {}->unix://localhost:2375][total available: 0; route allocated: 1 of 2147483647; total allocated: 1 of 2147483647]
11:45:38.989 [Test worker] DEBUG com.github.dockerjava.zerodep.shaded.org.apache.hc.client5.http.impl.io.PoolingHttpClientConnectionManager - ex-00000023: acquired ep-00000022
11:45:38.989 [Test worker] DEBUG com.github.dockerjava.zerodep.shaded.org.apache.hc.client5.http.impl.classic.InternalHttpClient - ex-00000023: acquired endpoint ep-00000022
11:45:38.989 [Test worker] DEBUG com.github.dockerjava.zerodep.shaded.org.apache.hc.client5.http.impl.classic.MainClientExec - ex-00000023: executing GET /v1.32/containers/47a7ce05e61aa72bdced5a030ca6064519c62d122a5992816f04e0e528b5b17d/json HTTP/1.1
11:45:38.989 [Test worker] DEBUG com.github.dockerjava.zerodep.shaded.org.apache.hc.client5.http.impl.classic.InternalHttpClient - ep-00000022: start execution ex-00000023
11:45:38.989 [Test worker] DEBUG com.github.dockerjava.zerodep.shaded.org.apache.hc.client5.http.impl.io.PoolingHttpClientConnectionManager - ep-00000022: executing exchange ex-00000023 over http-outgoing-2
11:45:38.989 [Test worker] DEBUG com.github.dockerjava.zerodep.shaded.org.apache.hc.client5.http.headers - http-outgoing-2 >> GET /v1.32/containers/47a7ce05e61aa72bdced5a030ca6064519c62d122a5992816f04e0e528b5b17d/json HTTP/1.1
11:45:38.989 [Test worker] DEBUG com.github.dockerjava.zerodep.shaded.org.apache.hc.client5.http.headers - http-outgoing-2 >> accept: application/json
11:45:38.989 [Test worker] DEBUG com.github.dockerjava.zerodep.shaded.org.apache.hc.client5.http.headers - http-outgoing-2 >> x-tc-sid: c5b4bded-8a7b-4309-a94c-5bb153977152
11:45:38.989 [Test worker] DEBUG com.github.dockerjava.zerodep.shaded.org.apache.hc.client5.http.headers - http-outgoing-2 >> Accept-Encoding: gzip, x-gzip, deflate
11:45:38.989 [Test worker] DEBUG com.github.dockerjava.zerodep.shaded.org.apache.hc.client5.http.headers - http-outgoing-2 >> Host: localhost:2375
11:45:38.989 [Test worker] DEBUG com.github.dockerjava.zerodep.shaded.org.apache.hc.client5.http.headers - http-outgoing-2 >> Connection: keep-alive
11:45:38.989 [Test worker] DEBUG com.github.dockerjava.zerodep.shaded.org.apache.hc.client5.http.headers - http-outgoing-2 >> User-Agent: Apache-HttpClient/5.0.3 (Java/17.0.3)
11:45:38.989 [Test worker] DEBUG com.github.dockerjava.zerodep.shaded.org.apache.hc.client5.http.wire - http-outgoing-2 >> "GET /v1.32/containers/47a7ce05e61aa72bdced5a030ca6064519c62d122a5992816f04e0e528b5b17d/json HTTP/1.1[\r][\n]"
11:45:38.989 [Test worker] DEBUG com.github.dockerjava.zerodep.shaded.org.apache.hc.client5.http.wire - http-outgoing-2 >> "accept: application/json[\r][\n]"
11:45:38.989 [Test worker] DEBUG com.github.dockerjava.zerodep.shaded.org.apache.hc.client5.http.wire - http-outgoing-2 >> "x-tc-sid: c5b4bded-8a7b-4309-a94c-5bb153977152[\r][\n]"
11:45:38.989 [Test worker] DEBUG com.github.dockerjava.zerodep.shaded.org.apache.hc.client5.http.wire - http-outgoing-2 >> "Accept-Encoding: gzip, x-gzip, deflate[\r][\n]"
11:45:38.989 [Test worker] DEBUG com.github.dockerjava.zerodep.shaded.org.apache.hc.client5.http.wire - http-outgoing-2 >> "Host: localhost:2375[\r][\n]"
11:45:38.989 [Test worker] DEBUG com.github.dockerjava.zerodep.shaded.org.apache.hc.client5.http.wire - http-outgoing-2 >> "Connection: keep-alive[\r][\n]"
11:45:38.989 [Test worker] DEBUG com.github.dockerjava.zerodep.shaded.org.apache.hc.client5.http.wire - http-outgoing-2 >> "User-Agent: Apache-HttpClient/5.0.3 (Java/17.0.3)[\r][\n]"
11:45:38.989 [Test worker] DEBUG com.github.dockerjava.zerodep.shaded.org.apache.hc.client5.http.wire - http-outgoing-2 >> "[\r][\n]"
11:45:38.992 [Test worker] DEBUG com.github.dockerjava.zerodep.shaded.org.apache.hc.client5.http.wire - http-outgoing-2 << "HTTP/1.1 200 OK[\r][\n]"
11:45:38.992 [Test worker] DEBUG com.github.dockerjava.zerodep.shaded.org.apache.hc.client5.http.wire - http-outgoing-2 << "Api-Version: 1.41[\r][\n]"
11:45:38.992 [Test worker] DEBUG com.github.dockerjava.zerodep.shaded.org.apache.hc.client5.http.wire - http-outgoing-2 << "Content-Type: application/json[\r][\n]"
11:45:38.992 [Test worker] DEBUG com.github.dockerjava.zerodep.shaded.org.apache.hc.client5.http.wire - http-outgoing-2 << "Date: Mon, 26 Sep 2022 02:45:38 GMT[\r][\n]"
11:45:38.992 [Test worker] DEBUG com.github.dockerjava.zerodep.shaded.org.apache.hc.client5.http.wire - http-outgoing-2 << "Docker-Experimental: false[\r][\n]"
11:45:38.992 [Test worker] DEBUG com.github.dockerjava.zerodep.shaded.org.apache.hc.client5.http.wire - http-outgoing-2 << "Ostype: linux[\r][\n]"
11:45:38.992 [Test worker] DEBUG com.github.dockerjava.zerodep.shaded.org.apache.hc.client5.http.wire - http-outgoing-2 << "Server: Docker/20.10.11 (linux)[\r][\n]"
11:45:38.992 [Test worker] DEBUG com.github.dockerjava.zerodep.shaded.org.apache.hc.client5.http.wire - http-outgoing-2 << "Transfer-Encoding: chunked[\r][\n]"
11:45:38.992 [Test worker] DEBUG com.github.dockerjava.zerodep.shaded.org.apache.hc.client5.http.wire - http-outgoing-2 << "[\r][\n]"
11:45:38.992 [Test worker] DEBUG com.github.dockerjava.zerodep.shaded.org.apache.hc.client5.http.headers - http-outgoing-2 << HTTP/1.1 200 OK
11:45:38.992 [Test worker] DEBUG com.github.dockerjava.zerodep.shaded.org.apache.hc.client5.http.headers - http-outgoing-2 << Api-Version: 1.41
11:45:38.992 [Test worker] DEBUG com.github.dockerjava.zerodep.shaded.org.apache.hc.client5.http.headers - http-outgoing-2 << Content-Type: application/json
11:45:38.992 [Test worker] DEBUG com.github.dockerjava.zerodep.shaded.org.apache.hc.client5.http.headers - http-outgoing-2 << Date: Mon, 26 Sep 2022 02:45:38 GMT
11:45:38.992 [Test worker] DEBUG com.github.dockerjava.zerodep.shaded.org.apache.hc.client5.http.headers - http-outgoing-2 << Docker-Experimental: false
11:45:38.992 [Test worker] DEBUG com.github.dockerjava.zerodep.shaded.org.apache.hc.client5.http.headers - http-outgoing-2 << Ostype: linux
11:45:38.992 [Test worker] DEBUG com.github.dockerjava.zerodep.shaded.org.apache.hc.client5.http.headers - http-outgoing-2 << Server: Docker/20.10.11 (linux)
11:45:38.992 [Test worker] DEBUG com.github.dockerjava.zerodep.shaded.org.apache.hc.client5.http.headers - http-outgoing-2 << Transfer-Encoding: chunked
11:45:38.992 [Test worker] DEBUG com.github.dockerjava.zerodep.shaded.org.apache.hc.client5.http.impl.classic.MainClientExec - ex-00000023: connection can be kept alive for 3 MINUTES
11:45:38.992 [Test worker] DEBUG com.github.dockerjava.zerodep.shaded.org.apache.hc.client5.http.wire - http-outgoing-2 << "1882[\r][\n]"
11:45:38.992 [Test worker] DEBUG com.github.dockerjava.zerodep.shaded.org.apache.hc.client5.http.wire - http-outgoing-2 << "{"Id":"47a7ce05e61aa72bdced5a030ca6064519c62d122a5992816f04e0e528b5b17d","Created":"2022-09-26T02:45:36.042081626Z","Path":"docker-entrypoint.sh","Args":["mysqld"],"State":{"Status":"running","Running":true,"Paused":false,"Restarting":false,"OOMKilled":false,"Dead":false,"Pid":2251,"ExitCode":0,"Error":"","StartedAt":"2022-09-26T02:45:36.388226668Z","FinishedAt":"0001-01-01T00:00:00Z"},"Image":"sha256:5e229524f286e653111cb9d028bf1ba4c3490742c8cd18c84af22538f0e68575","ResolvConfPath":"/var/lib/docker/containers/47a7ce05e61aa72bdced5a030ca6064519c62d122a5992816f04e0e528b5b17d/resolv.conf","HostnamePath":"/var/lib/docker/containers/47a7ce05e61aa72bdced5a030ca6064519c62d122a5992816f04e0e528b5b17d/hostname","HostsPath":"/var/lib/docker/containers/47a7ce05e61aa72bdced5a030ca6064519c62d122a5992816f04e0e528b5b17d/hosts","LogPath":"/var/lib/docker/containers/47a7ce05e61aa72bdced5a030ca6064519c62d122a5992816f04e0e528b5b17d/47a7ce05e61aa72bdced5a030ca6064519c62d122a5992816f04e0e528b5b17d-json.log","Name":"/crazy_chaum","RestartCount":0,"Driver":"overlay2","Platform":"linux","MountLabel":"","ProcessLabel":"","AppArmorProfile":"","ExecIDs":null,"HostConfig":{"Binds":[],"ContainerIDFile":"","LogConfig":{"Type":"json-file","Config":{}},"NetworkMode":"default","PortBindings":{"3306/tcp":[{"HostIp":"0.0.0.0","HostPort":"0"}]},"RestartPolicy":{"Name":"","MaximumRetryCount":0},"AutoRemove":false,"VolumeDriver":"","VolumesFrom":[],"CapAdd":null,"CapDrop":null,"CgroupnsMode":"private","Dns":null,"DnsOptions":null,"DnsSearch":null,"ExtraHosts":[],"GroupAdd":null,"IpcMode":"shareable","Cgroup":"","Links":null,"OomScoreAdj":0,"PidMode":"","Privileged":false,"PublishAllPorts":false,"ReadonlyRootfs":false,"SecurityOpt":null,"UTSMode":"","UsernsMode":"","ShmSize":67108864,"Runtime":"runc","ConsoleSize":[0,0],"Isolation":"","CpuShares":0,"Memory":0,"NanoCpus":0,"CgroupParent":"","BlkioWeight":0,"BlkioWeightDevice":null,"BlkioDeviceReadBps":null,"BlkioDeviceWriteBps":null,"BlkioDeviceReadIOps":null,"BlkioDeviceWriteIOps":null,"CpuPeriod":0,"CpuQuota":0,"CpuRealtimePeriod":0,"CpuRealtimeRuntime":0,"CpusetCpus":"","CpusetMems":"","Devices":null,"DeviceCgroupRules":null,"DeviceRequests":null,"KernelMemory":0,"KernelMemoryTCP":0,"MemoryReservation":0,"MemorySwap":0,"MemorySwappiness":null,"OomKillDisable":null,"PidsLimit":null,"Ulimits":null,"CpuCount":0,"CpuPercent":0,"IOMaximumIOps":0,"IOMaximumBandwidth":0,"MaskedPaths":["/proc/asound","/proc/acpi","/proc/kcore","/proc/keys","/proc/latency_stats","/proc/timer_list","/proc/timer_stats","/proc/sched_debug","/proc/scsi","/sys/firmware"],"ReadonlyPaths":["/proc/bus","/proc/fs","/proc/irq","/proc/sys","/proc/sysrq-trigger"]},"GraphDriver":{"Data":{"LowerDir":"/var/lib/docker/overlay2/45da4782eb6c4075fef21a16271836d62c4e4726b16ef4c5ea199d4e626bdb39-init/diff:/var/lib/docker/overlay2/27a623f1ab748258e017a40f339844ef533377092bad4182aa320e9399893e13/diff:/var/lib/docker/overlay2/d7c1e4de558b6bbbdc3209a51fc73295262b5271709fe659d0e2e94f626eea74/diff:/var/lib/docker/overlay2/2df554f793c3600571e2f078ad2e20025d6b2e35f3d18881ead4f70e2cc26cb8/diff:/var/lib/docker/overlay2/feb23515577245ad51a24945de1e6bab842929569da912a2b4a33a48c6c2331f/diff:/var/lib/docker/overlay2/cc2cdbce154e19d9c4f376917b6c92ebd55b0b495124ffd2c9d7e9c82b6a95f9/diff:/var/lib/docker/overlay2/968467fe01280f82d26487386f320a15000815d63000d5ec89b47acca8f77ef2/diff:/var/lib/docker/overlay2/cc59daa314bbcaec43d6cd4064c7863b4b3976b989121dcf2e32c4710281f247/diff:/var/lib/docker/overlay2/dc5d8b1cf96cfd5d96d68fbed14248edf1244c1a4669ba07b0bab7f3d782f058/diff:/var/lib/docker/overlay2/dcca184158d696706cd99e62ffa3e5c42964eb57190bef35421cdf3f83a8c130/diff:/var/lib/docker/overlay2/a7f928596da67ce59f34b0ba4cee4a3b948b94f91ad0b0b6260dc54fb9b5a048/diff:/var/lib/docker/overlay2/6ac5adbfff6202b1faa13a2a2fd92625bdda668cdac1a1d2230becbb394e569f/diff","MergedDir":"/var/lib/docker/overlay2/45da4782eb6c4075fef21a16271836d62c4e4726b16ef4c5ea199d4e626bdb39/merged","UpperDir":"/var/lib/docker/overlay2/45da4782eb6c4075fef21a16271836d62c4e4726b16ef4c5ea199d4e626bdb39/diff","WorkDir":"/var/lib/docker/overlay2/45da4782eb6c4075fef21a16271836d62c4e4726b16ef4c5ea199d4e626bdb39/work"},"Name":"overlay2"},"Mounts":[{"Type":"volume","Name":"08668a73464516d2c615e247a561222f461f2385cff5615e53cc78e96456230c","Source":"/var/lib/docker/volumes/08668a73464516d2c615e247a561222f461f2385cff5615e53cc78e96456230c/_data","Destination":"/var/lib/mysql","Driver":"local","Mode":"","RW":true,"Propagation":""}],"Config":{"Hostname":"47a7ce05e61a","Domainname":"","User":"","AttachStdin":false,"AttachStdout":false,"AttachStderr":false,"ExposedPorts":{"3306/tcp":{},"33060/tcp":{}},"Tty":false,"OpenStdin":false,"StdinOnce":false,"Env":["MYSQL_DATABASE=lotification","MYSQL_PASSWORD=1234","MYSQL_USER=admin","MYSQL_ROOT_PASSWORD=1234","PATH=/usr/local/sbin:/usr/local/bin:/usr/sbin:/usr/bin:/sbin:/bin","GOSU_VERSION=1.14","MYSQL_MAJOR=8.0","MYSQL_VERSION=8.0.30-1.el8","MYSQL_SHELL_VERSION=8.0.30-1.el8"],"Cmd":["mysqld"],"Image":"mysql:8","Volumes":{"/var/lib/mysql":{}},"WorkingDir":"","Entrypoint":["docker-entrypoint.sh"],"OnBuild":null,"Labels":{"org.testcontainers":"true","org.testcontainers.sessionId":"c5b4bded-8a7b-4309-a94c-5bb153977152"}},"NetworkSettings":{"Bridge":"","SandboxID":"c87f478ec31081a2fc02a6d53fa5addc8f61962dea8dd5c17c1c641e1a25e99b","HairpinMode":false,"LinkLocalIPv6Address":"","LinkLocalIPv6PrefixLen":0,"Ports":{"3306/tcp":[{"HostIp":"0.0.0.0","HostPort":"63346"}],"33060/tcp":null},"SandboxKey":"/var/run/docker/netns/c87f478ec310","SecondaryIPAddresses":null,"SecondaryIPv6Addresses":null,"EndpointID":"7830774c518a6ae45bc93e5b48bd99e8a609aa29230b007326fa87b5ca32567f","Gateway":"172.17.0.1","GlobalIPv6Address":"","GlobalIPv6PrefixLen":0,"IPAddress":"172.17.0.4","IPPrefixLen":16,"IPv6Gateway":"","MacAddress":"02:42:ac:11:00:04","Networks":{"bridge":{"IPAMConfig":null,"Links":null,"Aliases":null,"NetworkID":"42b943ace1ba272d06317befbba08f853c5a08f211a0bdf3660599ced98f9c17","EndpointID":"7830774c518a6ae45bc93e5b48bd99e8a609aa29230b007326fa87b5ca32567f","Gateway":"172.17.0.1","IPAddress":"172.17.0.4","IPPrefixLen":16,"IPv6Gateway":"","GlobalIPv6Address":"","GlobalIPv6PrefixLen":0,"MacAddress":"02:42:ac:11:00:04","DriverOpts":null}}}}[\n]"
11:45:38.992 [Test worker] DEBUG com.github.dockerjava.zerodep.shaded.org.apache.hc.client5.http.wire - http-outgoing-2 << "[\r][\n]"
11:45:38.993 [Test worker] DEBUG com.github.dockerjava.zerodep.shaded.org.apache.hc.client5.http.wire - http-outgoing-2 << "0[\r][\n]"
11:45:38.993 [Test worker] DEBUG com.github.dockerjava.zerodep.shaded.org.apache.hc.client5.http.wire - http-outgoing-2 << "[\r][\n]"
11:45:38.993 [Test worker] DEBUG com.github.dockerjava.zerodep.shaded.org.apache.hc.client5.http.impl.classic.InternalHttpClient - ep-00000022: releasing valid endpoint
11:45:38.993 [Test worker] DEBUG com.github.dockerjava.zerodep.shaded.org.apache.hc.client5.http.impl.io.PoolingHttpClientConnectionManager - ep-00000022: releasing endpoint
11:45:38.993 [Test worker] DEBUG com.github.dockerjava.zerodep.shaded.org.apache.hc.client5.http.impl.io.PoolingHttpClientConnectionManager - ep-00000022: connection http-outgoing-2 can be kept alive for 3 MINUTES
11:45:38.993 [Test worker] DEBUG com.github.dockerjava.zerodep.shaded.org.apache.hc.client5.http.impl.io.PoolingHttpClientConnectionManager - ep-00000022: connection released [route: {}->unix://localhost:2375][total available: 1; route allocated: 1 of 2147483647; total allocated: 1 of 2147483647]
11:45:38.993 [Test worker] DEBUG ]]>&#x1f433;<![CDATA[ [mysql:8] - Trying to create JDBC connection using com.mysql.cj.jdbc.Driver to jdbc:mysql://localhost:63346/lotification?useSSL=false&allowPublicKeyRetrieval=true with properties: {password=1234, user=admin}
11:45:39.100 [Test worker] DEBUG org.testcontainers.shaded.com.github.dockerjava.core.command.AbstrDockerCmd - Cmd: 47a7ce05e61aa72bdced5a030ca6064519c62d122a5992816f04e0e528b5b17d,false
11:45:39.101 [Test worker] DEBUG org.testcontainers.shaded.com.github.dockerjava.core.exec.InspectContainerCmdExec - GET: DefaultWebTarget{path=[/containers/47a7ce05e61aa72bdced5a030ca6064519c62d122a5992816f04e0e528b5b17d/json], queryParams={}}
11:45:39.101 [Test worker] DEBUG com.github.dockerjava.zerodep.shaded.org.apache.hc.client5.http.impl.classic.InternalHttpClient - ex-00000024: preparing request execution
11:45:39.101 [Test worker] DEBUG com.github.dockerjava.zerodep.shaded.org.apache.hc.client5.http.protocol.RequestAddCookies - Cookie spec selected: strict
11:45:39.101 [Test worker] DEBUG com.github.dockerjava.zerodep.shaded.org.apache.hc.client5.http.protocol.RequestAuthCache - Auth cache not set in the context
11:45:39.101 [Test worker] DEBUG com.github.dockerjava.zerodep.shaded.org.apache.hc.client5.http.impl.classic.ProtocolExec - ex-00000024: target auth state: UNCHALLENGED
11:45:39.101 [Test worker] DEBUG com.github.dockerjava.zerodep.shaded.org.apache.hc.client5.http.impl.classic.ProtocolExec - ex-00000024: proxy auth state: UNCHALLENGED
11:45:39.101 [Test worker] DEBUG com.github.dockerjava.zerodep.shaded.org.apache.hc.client5.http.impl.classic.ConnectExec - ex-00000024: acquiring connection with route {}->unix://localhost:2375
11:45:39.101 [Test worker] DEBUG com.github.dockerjava.zerodep.shaded.org.apache.hc.client5.http.impl.classic.InternalHttpClient - ex-00000024: acquiring endpoint (3 MINUTES)
11:45:39.101 [Test worker] DEBUG com.github.dockerjava.zerodep.shaded.org.apache.hc.client5.http.impl.io.PoolingHttpClientConnectionManager - ex-00000024: endpoint lease request (3 MINUTES) [route: {}->unix://localhost:2375][total available: 1; route allocated: 1 of 2147483647; total allocated: 1 of 2147483647]
11:45:39.101 [Test worker] DEBUG com.github.dockerjava.zerodep.shaded.org.apache.hc.client5.http.impl.io.PoolingHttpClientConnectionManager - ex-00000024: endpoint leased [route: {}->unix://localhost:2375][total available: 0; route allocated: 1 of 2147483647; total allocated: 1 of 2147483647]
11:45:39.101 [Test worker] DEBUG com.github.dockerjava.zerodep.shaded.org.apache.hc.client5.http.impl.io.PoolingHttpClientConnectionManager - ex-00000024: acquired ep-00000023
11:45:39.102 [Test worker] DEBUG com.github.dockerjava.zerodep.shaded.org.apache.hc.client5.http.impl.classic.InternalHttpClient - ex-00000024: acquired endpoint ep-00000023
11:45:39.102 [Test worker] DEBUG com.github.dockerjava.zerodep.shaded.org.apache.hc.client5.http.impl.classic.MainClientExec - ex-00000024: executing GET /v1.32/containers/47a7ce05e61aa72bdced5a030ca6064519c62d122a5992816f04e0e528b5b17d/json HTTP/1.1
11:45:39.102 [Test worker] DEBUG com.github.dockerjava.zerodep.shaded.org.apache.hc.client5.http.impl.classic.InternalHttpClient - ep-00000023: start execution ex-00000024
11:45:39.102 [Test worker] DEBUG com.github.dockerjava.zerodep.shaded.org.apache.hc.client5.http.impl.io.PoolingHttpClientConnectionManager - ep-00000023: executing exchange ex-00000024 over http-outgoing-2
11:45:39.102 [Test worker] DEBUG com.github.dockerjava.zerodep.shaded.org.apache.hc.client5.http.headers - http-outgoing-2 >> GET /v1.32/containers/47a7ce05e61aa72bdced5a030ca6064519c62d122a5992816f04e0e528b5b17d/json HTTP/1.1
11:45:39.102 [Test worker] DEBUG com.github.dockerjava.zerodep.shaded.org.apache.hc.client5.http.headers - http-outgoing-2 >> accept: application/json
11:45:39.102 [Test worker] DEBUG com.github.dockerjava.zerodep.shaded.org.apache.hc.client5.http.headers - http-outgoing-2 >> x-tc-sid: c5b4bded-8a7b-4309-a94c-5bb153977152
11:45:39.102 [Test worker] DEBUG com.github.dockerjava.zerodep.shaded.org.apache.hc.client5.http.headers - http-outgoing-2 >> Accept-Encoding: gzip, x-gzip, deflate
11:45:39.102 [Test worker] DEBUG com.github.dockerjava.zerodep.shaded.org.apache.hc.client5.http.headers - http-outgoing-2 >> Host: localhost:2375
11:45:39.102 [Test worker] DEBUG com.github.dockerjava.zerodep.shaded.org.apache.hc.client5.http.headers - http-outgoing-2 >> Connection: keep-alive
11:45:39.102 [Test worker] DEBUG com.github.dockerjava.zerodep.shaded.org.apache.hc.client5.http.headers - http-outgoing-2 >> User-Agent: Apache-HttpClient/5.0.3 (Java/17.0.3)
11:45:39.102 [Test worker] DEBUG com.github.dockerjava.zerodep.shaded.org.apache.hc.client5.http.wire - http-outgoing-2 >> "GET /v1.32/containers/47a7ce05e61aa72bdced5a030ca6064519c62d122a5992816f04e0e528b5b17d/json HTTP/1.1[\r][\n]"
11:45:39.102 [Test worker] DEBUG com.github.dockerjava.zerodep.shaded.org.apache.hc.client5.http.wire - http-outgoing-2 >> "accept: application/json[\r][\n]"
11:45:39.102 [Test worker] DEBUG com.github.dockerjava.zerodep.shaded.org.apache.hc.client5.http.wire - http-outgoing-2 >> "x-tc-sid: c5b4bded-8a7b-4309-a94c-5bb153977152[\r][\n]"
11:45:39.102 [Test worker] DEBUG com.github.dockerjava.zerodep.shaded.org.apache.hc.client5.http.wire - http-outgoing-2 >> "Accept-Encoding: gzip, x-gzip, deflate[\r][\n]"
11:45:39.102 [Test worker] DEBUG com.github.dockerjava.zerodep.shaded.org.apache.hc.client5.http.wire - http-outgoing-2 >> "Host: localhost:2375[\r][\n]"
11:45:39.102 [Test worker] DEBUG com.github.dockerjava.zerodep.shaded.org.apache.hc.client5.http.wire - http-outgoing-2 >> "Connection: keep-alive[\r][\n]"
11:45:39.102 [Test worker] DEBUG com.github.dockerjava.zerodep.shaded.org.apache.hc.client5.http.wire - http-outgoing-2 >> "User-Agent: Apache-HttpClient/5.0.3 (Java/17.0.3)[\r][\n]"
11:45:39.102 [Test worker] DEBUG com.github.dockerjava.zerodep.shaded.org.apache.hc.client5.http.wire - http-outgoing-2 >> "[\r][\n]"
11:45:39.104 [Test worker] DEBUG com.github.dockerjava.zerodep.shaded.org.apache.hc.client5.http.wire - http-outgoing-2 << "HTTP/1.1 200 OK[\r][\n]"
11:45:39.104 [Test worker] DEBUG com.github.dockerjava.zerodep.shaded.org.apache.hc.client5.http.wire - http-outgoing-2 << "Api-Version: 1.41[\r][\n]"
11:45:39.104 [Test worker] DEBUG com.github.dockerjava.zerodep.shaded.org.apache.hc.client5.http.wire - http-outgoing-2 << "Content-Type: application/json[\r][\n]"
11:45:39.104 [Test worker] DEBUG com.github.dockerjava.zerodep.shaded.org.apache.hc.client5.http.wire - http-outgoing-2 << "Date: Mon, 26 Sep 2022 02:45:39 GMT[\r][\n]"
11:45:39.104 [Test worker] DEBUG com.github.dockerjava.zerodep.shaded.org.apache.hc.client5.http.wire - http-outgoing-2 << "Docker-Experimental: false[\r][\n]"
11:45:39.104 [Test worker] DEBUG com.github.dockerjava.zerodep.shaded.org.apache.hc.client5.http.wire - http-outgoing-2 << "Ostype: linux[\r][\n]"
11:45:39.104 [Test worker] DEBUG com.github.dockerjava.zerodep.shaded.org.apache.hc.client5.http.wire - http-outgoing-2 << "Server: Docker/20.10.11 (linux)[\r][\n]"
11:45:39.104 [Test worker] DEBUG com.github.dockerjava.zerodep.shaded.org.apache.hc.client5.http.wire - http-outgoing-2 << "Transfer-Encoding: chunked[\r][\n]"
11:45:39.104 [Test worker] DEBUG com.github.dockerjava.zerodep.shaded.org.apache.hc.client5.http.wire - http-outgoing-2 << "[\r][\n]"
11:45:39.104 [Test worker] DEBUG com.github.dockerjava.zerodep.shaded.org.apache.hc.client5.http.headers - http-outgoing-2 << HTTP/1.1 200 OK
11:45:39.104 [Test worker] DEBUG com.github.dockerjava.zerodep.shaded.org.apache.hc.client5.http.headers - http-outgoing-2 << Api-Version: 1.41
11:45:39.104 [Test worker] DEBUG com.github.dockerjava.zerodep.shaded.org.apache.hc.client5.http.headers - http-outgoing-2 << Content-Type: application/json
11:45:39.104 [Test worker] DEBUG com.github.dockerjava.zerodep.shaded.org.apache.hc.client5.http.headers - http-outgoing-2 << Date: Mon, 26 Sep 2022 02:45:39 GMT
11:45:39.104 [Test worker] DEBUG com.github.dockerjava.zerodep.shaded.org.apache.hc.client5.http.headers - http-outgoing-2 << Docker-Experimental: false
11:45:39.104 [Test worker] DEBUG com.github.dockerjava.zerodep.shaded.org.apache.hc.client5.http.headers - http-outgoing-2 << Ostype: linux
11:45:39.104 [Test worker] DEBUG com.github.dockerjava.zerodep.shaded.org.apache.hc.client5.http.headers - http-outgoing-2 << Server: Docker/20.10.11 (linux)
11:45:39.104 [Test worker] DEBUG com.github.dockerjava.zerodep.shaded.org.apache.hc.client5.http.headers - http-outgoing-2 << Transfer-Encoding: chunked
11:45:39.104 [Test worker] DEBUG com.github.dockerjava.zerodep.shaded.org.apache.hc.client5.http.impl.classic.MainClientExec - ex-00000024: connection can be kept alive for 3 MINUTES
11:45:39.105 [Test worker] DEBUG com.github.dockerjava.zerodep.shaded.org.apache.hc.client5.http.wire - http-outgoing-2 << "1882[\r][\n]"
11:45:39.105 [Test worker] DEBUG com.github.dockerjava.zerodep.shaded.org.apache.hc.client5.http.wire - http-outgoing-2 << "{"Id":"47a7ce05e61aa72bdced5a030ca6064519c62d122a5992816f04e0e528b5b17d","Created":"2022-09-26T02:45:36.042081626Z","Path":"docker-entrypoint.sh","Args":["mysqld"],"State":{"Status":"running","Running":true,"Paused":false,"Restarting":false,"OOMKilled":false,"Dead":false,"Pid":2251,"ExitCode":0,"Error":"","StartedAt":"2022-09-26T02:45:36.388226668Z","FinishedAt":"0001-01-01T00:00:00Z"},"Image":"sha256:5e229524f286e653111cb9d028bf1ba4c3490742c8cd18c84af22538f0e68575","ResolvConfPath":"/var/lib/docker/containers/47a7ce05e61aa72bdced5a030ca6064519c62d122a5992816f04e0e528b5b17d/resolv.conf","HostnamePath":"/var/lib/docker/containers/47a7ce05e61aa72bdced5a030ca6064519c62d122a5992816f04e0e528b5b17d/hostname","HostsPath":"/var/lib/docker/containers/47a7ce05e61aa72bdced5a030ca6064519c62d122a5992816f04e0e528b5b17d/hosts","LogPath":"/var/lib/docker/containers/47a7ce05e61aa72bdced5a030ca6064519c62d122a5992816f04e0e528b5b17d/47a7ce05e61aa72bdced5a030ca6064519c62d122a5992816f04e0e528b5b17d-json.log","Name":"/crazy_chaum","RestartCount":0,"Driver":"overlay2","Platform":"linux","MountLabel":"","ProcessLabel":"","AppArmorProfile":"","ExecIDs":null,"HostConfig":{"Binds":[],"ContainerIDFile":"","LogConfig":{"Type":"json-file","Config":{}},"NetworkMode":"default","PortBindings":{"3306/tcp":[{"HostIp":"0.0.0.0","HostPort":"0"}]},"RestartPolicy":{"Name":"","MaximumRetryCount":0},"AutoRemove":false,"VolumeDriver":"","VolumesFrom":[],"CapAdd":null,"CapDrop":null,"CgroupnsMode":"private","Dns":null,"DnsOptions":null,"DnsSearch":null,"ExtraHosts":[],"GroupAdd":null,"IpcMode":"shareable","Cgroup":"","Links":null,"OomScoreAdj":0,"PidMode":"","Privileged":false,"PublishAllPorts":false,"ReadonlyRootfs":false,"SecurityOpt":null,"UTSMode":"","UsernsMode":"","ShmSize":67108864,"Runtime":"runc","ConsoleSize":[0,0],"Isolation":"","CpuShares":0,"Memory":0,"NanoCpus":0,"CgroupParent":"","BlkioWeight":0,"BlkioWeightDevice":null,"BlkioDeviceReadBps":null,"BlkioDeviceWriteBps":null,"BlkioDeviceReadIOps":null,"BlkioDeviceWriteIOps":null,"CpuPeriod":0,"CpuQuota":0,"CpuRealtimePeriod":0,"CpuRealtimeRuntime":0,"CpusetCpus":"","CpusetMems":"","Devices":null,"DeviceCgroupRules":null,"DeviceRequests":null,"KernelMemory":0,"KernelMemoryTCP":0,"MemoryReservation":0,"MemorySwap":0,"MemorySwappiness":null,"OomKillDisable":null,"PidsLimit":null,"Ulimits":null,"CpuCount":0,"CpuPercent":0,"IOMaximumIOps":0,"IOMaximumBandwidth":0,"MaskedPaths":["/proc/asound","/proc/acpi","/proc/kcore","/proc/keys","/proc/latency_stats","/proc/timer_list","/proc/timer_stats","/proc/sched_debug","/proc/scsi","/sys/firmware"],"ReadonlyPaths":["/proc/bus","/proc/fs","/proc/irq","/proc/sys","/proc/sysrq-trigger"]},"GraphDriver":{"Data":{"LowerDir":"/var/lib/docker/overlay2/45da4782eb6c4075fef21a16271836d62c4e4726b16ef4c5ea199d4e626bdb39-init/diff:/var/lib/docker/overlay2/27a623f1ab748258e017a40f339844ef533377092bad4182aa320e9399893e13/diff:/var/lib/docker/overlay2/d7c1e4de558b6bbbdc3209a51fc73295262b5271709fe659d0e2e94f626eea74/diff:/var/lib/docker/overlay2/2df554f793c3600571e2f078ad2e20025d6b2e35f3d18881ead4f70e2cc26cb8/diff:/var/lib/docker/overlay2/feb23515577245ad51a24945de1e6bab842929569da912a2b4a33a48c6c2331f/diff:/var/lib/docker/overlay2/cc2cdbce154e19d9c4f376917b6c92ebd55b0b495124ffd2c9d7e9c82b6a95f9/diff:/var/lib/docker/overlay2/968467fe01280f82d26487386f320a15000815d63000d5ec89b47acca8f77ef2/diff:/var/lib/docker/overlay2/cc59daa314bbcaec43d6cd4064c7863b4b3976b989121dcf2e32c4710281f247/diff:/var/lib/docker/overlay2/dc5d8b1cf96cfd5d96d68fbed14248edf1244c1a4669ba07b0bab7f3d782f058/diff:/var/lib/docker/overlay2/dcca184158d696706cd99e62ffa3e5c42964eb57190bef35421cdf3f83a8c130/diff:/var/lib/docker/overlay2/a7f928596da67ce59f34b0ba4cee4a3b948b94f91ad0b0b6260dc54fb9b5a048/diff:/var/lib/docker/overlay2/6ac5adbfff6202b1faa13a2a2fd92625bdda668cdac1a1d2230becbb394e569f/diff","MergedDir":"/var/lib/docker/overlay2/45da4782eb6c4075fef21a16271836d62c4e4726b16ef4c5ea199d4e626bdb39/merged","UpperDir":"/var/lib/docker/overlay2/45da4782eb6c4075fef21a16271836d62c4e4726b16ef4c5ea199d4e626bdb39/diff","WorkDir":"/var/lib/docker/overlay2/45da4782eb6c4075fef21a16271836d62c4e4726b16ef4c5ea199d4e626bdb39/work"},"Name":"overlay2"},"Mounts":[{"Type":"volume","Name":"08668a73464516d2c615e247a561222f461f2385cff5615e53cc78e96456230c","Source":"/var/lib/docker/volumes/08668a73464516d2c615e247a561222f461f2385cff5615e53cc78e96456230c/_data","Destination":"/var/lib/mysql","Driver":"local","Mode":"","RW":true,"Propagation":""}],"Config":{"Hostname":"47a7ce05e61a","Domainname":"","User":"","AttachStdin":false,"AttachStdout":false,"AttachStderr":false,"ExposedPorts":{"3306/tcp":{},"33060/tcp":{}},"Tty":false,"OpenStdin":false,"StdinOnce":false,"Env":["MYSQL_DATABASE=lotification","MYSQL_PASSWORD=1234","MYSQL_USER=admin","MYSQL_ROOT_PASSWORD=1234","PATH=/usr/local/sbin:/usr/local/bin:/usr/sbin:/usr/bin:/sbin:/bin","GOSU_VERSION=1.14","MYSQL_MAJOR=8.0","MYSQL_VERSION=8.0.30-1.el8","MYSQL_SHELL_VERSION=8.0.30-1.el8"],"Cmd":["mysqld"],"Image":"mysql:8","Volumes":{"/var/lib/mysql":{}},"WorkingDir":"","Entrypoint":["docker-entrypoint.sh"],"OnBuild":null,"Labels":{"org.testcontainers":"true","org.testcontainers.sessionId":"c5b4bded-8a7b-4309-a94c-5bb153977152"}},"NetworkSettings":{"Bridge":"","SandboxID":"c87f478ec31081a2fc02a6d53fa5addc8f61962dea8dd5c17c1c641e1a25e99b","HairpinMode":false,"LinkLocalIPv6Address":"","LinkLocalIPv6PrefixLen":0,"Ports":{"3306/tcp":[{"HostIp":"0.0.0.0","HostPort":"63346"}],"33060/tcp":null},"SandboxKey":"/var/run/docker/netns/c87f478ec310","SecondaryIPAddresses":null,"SecondaryIPv6Addresses":null,"EndpointID":"7830774c518a6ae45bc93e5b48bd99e8a609aa29230b007326fa87b5ca32567f","Gateway":"172.17.0.1","GlobalIPv6Address":"","GlobalIPv6PrefixLen":0,"IPAddress":"172.17.0.4","IPPrefixLen":16,"IPv6Gateway":"","MacAddress":"02:42:ac:11:00:04","Networks":{"bridge":{"IPAMConfig":null,"Links":null,"Aliases":null,"NetworkID":"42b943ace1ba272d06317befbba08f853c5a08f211a0bdf3660599ced98f9c17","EndpointID":"7830774c518a6ae45bc93e5b48bd99e8a609aa29230b007326fa87b5ca32567f","Gateway":"172.17.0.1","IPAddress":"172.17.0.4","IPPrefixLen":16,"IPv6Gateway":"","GlobalIPv6Address":"","GlobalIPv6PrefixLen":0,"MacAddress":"02:42:ac:11:00:04","DriverOpts":null}}}}[\n]"
11:45:39.105 [Test worker] DEBUG com.github.dockerjava.zerodep.shaded.org.apache.hc.client5.http.wire - http-outgoing-2 << "[\r][\n]"
11:45:39.107 [Test worker] DEBUG com.github.dockerjava.zerodep.shaded.org.apache.hc.client5.http.wire - http-outgoing-2 << "0[\r][\n]"
11:45:39.107 [Test worker] DEBUG com.github.dockerjava.zerodep.shaded.org.apache.hc.client5.http.wire - http-outgoing-2 << "[\r][\n]"
11:45:39.107 [Test worker] DEBUG com.github.dockerjava.zerodep.shaded.org.apache.hc.client5.http.impl.classic.InternalHttpClient - ep-00000023: releasing valid endpoint
11:45:39.107 [Test worker] DEBUG com.github.dockerjava.zerodep.shaded.org.apache.hc.client5.http.impl.io.PoolingHttpClientConnectionManager - ep-00000023: releasing endpoint
11:45:39.107 [Test worker] DEBUG com.github.dockerjava.zerodep.shaded.org.apache.hc.client5.http.impl.io.PoolingHttpClientConnectionManager - ep-00000023: connection http-outgoing-2 can be kept alive for 3 MINUTES
11:45:39.108 [Test worker] DEBUG com.github.dockerjava.zerodep.shaded.org.apache.hc.client5.http.impl.io.PoolingHttpClientConnectionManager - ep-00000023: connection released [route: {}->unix://localhost:2375][total available: 1; route allocated: 1 of 2147483647; total allocated: 1 of 2147483647]
11:45:39.108 [Test worker] DEBUG ]]>&#x1f433;<![CDATA[ [mysql:8] - Trying to create JDBC connection using com.mysql.cj.jdbc.Driver to jdbc:mysql://localhost:63346/lotification?useSSL=false&allowPublicKeyRetrieval=true with properties: {password=1234, user=admin}
11:45:39.214 [Test worker] DEBUG org.testcontainers.shaded.com.github.dockerjava.core.command.AbstrDockerCmd - Cmd: 47a7ce05e61aa72bdced5a030ca6064519c62d122a5992816f04e0e528b5b17d,false
11:45:39.215 [Test worker] DEBUG org.testcontainers.shaded.com.github.dockerjava.core.exec.InspectContainerCmdExec - GET: DefaultWebTarget{path=[/containers/47a7ce05e61aa72bdced5a030ca6064519c62d122a5992816f04e0e528b5b17d/json], queryParams={}}
11:45:39.215 [Test worker] DEBUG com.github.dockerjava.zerodep.shaded.org.apache.hc.client5.http.impl.classic.InternalHttpClient - ex-00000025: preparing request execution
11:45:39.215 [Test worker] DEBUG com.github.dockerjava.zerodep.shaded.org.apache.hc.client5.http.protocol.RequestAddCookies - Cookie spec selected: strict
11:45:39.215 [Test worker] DEBUG com.github.dockerjava.zerodep.shaded.org.apache.hc.client5.http.protocol.RequestAuthCache - Auth cache not set in the context
11:45:39.215 [Test worker] DEBUG com.github.dockerjava.zerodep.shaded.org.apache.hc.client5.http.impl.classic.ProtocolExec - ex-00000025: target auth state: UNCHALLENGED
11:45:39.215 [Test worker] DEBUG com.github.dockerjava.zerodep.shaded.org.apache.hc.client5.http.impl.classic.ProtocolExec - ex-00000025: proxy auth state: UNCHALLENGED
11:45:39.215 [Test worker] DEBUG com.github.dockerjava.zerodep.shaded.org.apache.hc.client5.http.impl.classic.ConnectExec - ex-00000025: acquiring connection with route {}->unix://localhost:2375
11:45:39.215 [Test worker] DEBUG com.github.dockerjava.zerodep.shaded.org.apache.hc.client5.http.impl.classic.InternalHttpClient - ex-00000025: acquiring endpoint (3 MINUTES)
11:45:39.215 [Test worker] DEBUG com.github.dockerjava.zerodep.shaded.org.apache.hc.client5.http.impl.io.PoolingHttpClientConnectionManager - ex-00000025: endpoint lease request (3 MINUTES) [route: {}->unix://localhost:2375][total available: 1; route allocated: 1 of 2147483647; total allocated: 1 of 2147483647]
11:45:39.215 [Test worker] DEBUG com.github.dockerjava.zerodep.shaded.org.apache.hc.client5.http.impl.io.PoolingHttpClientConnectionManager - ex-00000025: endpoint leased [route: {}->unix://localhost:2375][total available: 0; route allocated: 1 of 2147483647; total allocated: 1 of 2147483647]
11:45:39.215 [Test worker] DEBUG com.github.dockerjava.zerodep.shaded.org.apache.hc.client5.http.impl.io.PoolingHttpClientConnectionManager - ex-00000025: acquired ep-00000024
11:45:39.215 [Test worker] DEBUG com.github.dockerjava.zerodep.shaded.org.apache.hc.client5.http.impl.classic.InternalHttpClient - ex-00000025: acquired endpoint ep-00000024
11:45:39.215 [Test worker] DEBUG com.github.dockerjava.zerodep.shaded.org.apache.hc.client5.http.impl.classic.MainClientExec - ex-00000025: executing GET /v1.32/containers/47a7ce05e61aa72bdced5a030ca6064519c62d122a5992816f04e0e528b5b17d/json HTTP/1.1
11:45:39.215 [Test worker] DEBUG com.github.dockerjava.zerodep.shaded.org.apache.hc.client5.http.impl.classic.InternalHttpClient - ep-00000024: start execution ex-00000025
11:45:39.215 [Test worker] DEBUG com.github.dockerjava.zerodep.shaded.org.apache.hc.client5.http.impl.io.PoolingHttpClientConnectionManager - ep-00000024: executing exchange ex-00000025 over http-outgoing-2
11:45:39.215 [Test worker] DEBUG com.github.dockerjava.zerodep.shaded.org.apache.hc.client5.http.headers - http-outgoing-2 >> GET /v1.32/containers/47a7ce05e61aa72bdced5a030ca6064519c62d122a5992816f04e0e528b5b17d/json HTTP/1.1
11:45:39.215 [Test worker] DEBUG com.github.dockerjava.zerodep.shaded.org.apache.hc.client5.http.headers - http-outgoing-2 >> accept: application/json
11:45:39.215 [Test worker] DEBUG com.github.dockerjava.zerodep.shaded.org.apache.hc.client5.http.headers - http-outgoing-2 >> x-tc-sid: c5b4bded-8a7b-4309-a94c-5bb153977152
11:45:39.215 [Test worker] DEBUG com.github.dockerjava.zerodep.shaded.org.apache.hc.client5.http.headers - http-outgoing-2 >> Accept-Encoding: gzip, x-gzip, deflate
11:45:39.215 [Test worker] DEBUG com.github.dockerjava.zerodep.shaded.org.apache.hc.client5.http.headers - http-outgoing-2 >> Host: localhost:2375
11:45:39.215 [Test worker] DEBUG com.github.dockerjava.zerodep.shaded.org.apache.hc.client5.http.headers - http-outgoing-2 >> Connection: keep-alive
11:45:39.215 [Test worker] DEBUG com.github.dockerjava.zerodep.shaded.org.apache.hc.client5.http.headers - http-outgoing-2 >> User-Agent: Apache-HttpClient/5.0.3 (Java/17.0.3)
11:45:39.215 [Test worker] DEBUG com.github.dockerjava.zerodep.shaded.org.apache.hc.client5.http.wire - http-outgoing-2 >> "GET /v1.32/containers/47a7ce05e61aa72bdced5a030ca6064519c62d122a5992816f04e0e528b5b17d/json HTTP/1.1[\r][\n]"
11:45:39.215 [Test worker] DEBUG com.github.dockerjava.zerodep.shaded.org.apache.hc.client5.http.wire - http-outgoing-2 >> "accept: application/json[\r][\n]"
11:45:39.215 [Test worker] DEBUG com.github.dockerjava.zerodep.shaded.org.apache.hc.client5.http.wire - http-outgoing-2 >> "x-tc-sid: c5b4bded-8a7b-4309-a94c-5bb153977152[\r][\n]"
11:45:39.215 [Test worker] DEBUG com.github.dockerjava.zerodep.shaded.org.apache.hc.client5.http.wire - http-outgoing-2 >> "Accept-Encoding: gzip, x-gzip, deflate[\r][\n]"
11:45:39.215 [Test worker] DEBUG com.github.dockerjava.zerodep.shaded.org.apache.hc.client5.http.wire - http-outgoing-2 >> "Host: localhost:2375[\r][\n]"
11:45:39.215 [Test worker] DEBUG com.github.dockerjava.zerodep.shaded.org.apache.hc.client5.http.wire - http-outgoing-2 >> "Connection: keep-alive[\r][\n]"
11:45:39.215 [Test worker] DEBUG com.github.dockerjava.zerodep.shaded.org.apache.hc.client5.http.wire - http-outgoing-2 >> "User-Agent: Apache-HttpClient/5.0.3 (Java/17.0.3)[\r][\n]"
11:45:39.215 [Test worker] DEBUG com.github.dockerjava.zerodep.shaded.org.apache.hc.client5.http.wire - http-outgoing-2 >> "[\r][\n]"
11:45:39.217 [Test worker] DEBUG com.github.dockerjava.zerodep.shaded.org.apache.hc.client5.http.wire - http-outgoing-2 << "HTTP/1.1 200 OK[\r][\n]"
11:45:39.217 [Test worker] DEBUG com.github.dockerjava.zerodep.shaded.org.apache.hc.client5.http.wire - http-outgoing-2 << "Api-Version: 1.41[\r][\n]"
11:45:39.217 [Test worker] DEBUG com.github.dockerjava.zerodep.shaded.org.apache.hc.client5.http.wire - http-outgoing-2 << "Content-Type: application/json[\r][\n]"
11:45:39.217 [Test worker] DEBUG com.github.dockerjava.zerodep.shaded.org.apache.hc.client5.http.wire - http-outgoing-2 << "Date: Mon, 26 Sep 2022 02:45:39 GMT[\r][\n]"
11:45:39.217 [Test worker] DEBUG com.github.dockerjava.zerodep.shaded.org.apache.hc.client5.http.wire - http-outgoing-2 << "Docker-Experimental: false[\r][\n]"
11:45:39.217 [Test worker] DEBUG com.github.dockerjava.zerodep.shaded.org.apache.hc.client5.http.wire - http-outgoing-2 << "Ostype: linux[\r][\n]"
11:45:39.217 [Test worker] DEBUG com.github.dockerjava.zerodep.shaded.org.apache.hc.client5.http.wire - http-outgoing-2 << "Server: Docker/20.10.11 (linux)[\r][\n]"
11:45:39.217 [Test worker] DEBUG com.github.dockerjava.zerodep.shaded.org.apache.hc.client5.http.wire - http-outgoing-2 << "Transfer-Encoding: chunked[\r][\n]"
11:45:39.217 [Test worker] DEBUG com.github.dockerjava.zerodep.shaded.org.apache.hc.client5.http.wire - http-outgoing-2 << "[\r][\n]"
11:45:39.217 [Test worker] DEBUG com.github.dockerjava.zerodep.shaded.org.apache.hc.client5.http.headers - http-outgoing-2 << HTTP/1.1 200 OK
11:45:39.217 [Test worker] DEBUG com.github.dockerjava.zerodep.shaded.org.apache.hc.client5.http.headers - http-outgoing-2 << Api-Version: 1.41
11:45:39.217 [Test worker] DEBUG com.github.dockerjava.zerodep.shaded.org.apache.hc.client5.http.headers - http-outgoing-2 << Content-Type: application/json
11:45:39.217 [Test worker] DEBUG com.github.dockerjava.zerodep.shaded.org.apache.hc.client5.http.headers - http-outgoing-2 << Date: Mon, 26 Sep 2022 02:45:39 GMT
11:45:39.217 [Test worker] DEBUG com.github.dockerjava.zerodep.shaded.org.apache.hc.client5.http.headers - http-outgoing-2 << Docker-Experimental: false
11:45:39.217 [Test worker] DEBUG com.github.dockerjava.zerodep.shaded.org.apache.hc.client5.http.headers - http-outgoing-2 << Ostype: linux
11:45:39.217 [Test worker] DEBUG com.github.dockerjava.zerodep.shaded.org.apache.hc.client5.http.headers - http-outgoing-2 << Server: Docker/20.10.11 (linux)
11:45:39.217 [Test worker] DEBUG com.github.dockerjava.zerodep.shaded.org.apache.hc.client5.http.headers - http-outgoing-2 << Transfer-Encoding: chunked
11:45:39.217 [Test worker] DEBUG com.github.dockerjava.zerodep.shaded.org.apache.hc.client5.http.impl.classic.MainClientExec - ex-00000025: connection can be kept alive for 3 MINUTES
11:45:39.218 [Test worker] DEBUG com.github.dockerjava.zerodep.shaded.org.apache.hc.client5.http.wire - http-outgoing-2 << "1882[\r][\n]"
11:45:39.218 [Test worker] DEBUG com.github.dockerjava.zerodep.shaded.org.apache.hc.client5.http.wire - http-outgoing-2 << "{"Id":"47a7ce05e61aa72bdced5a030ca6064519c62d122a5992816f04e0e528b5b17d","Created":"2022-09-26T02:45:36.042081626Z","Path":"docker-entrypoint.sh","Args":["mysqld"],"State":{"Status":"running","Running":true,"Paused":false,"Restarting":false,"OOMKilled":false,"Dead":false,"Pid":2251,"ExitCode":0,"Error":"","StartedAt":"2022-09-26T02:45:36.388226668Z","FinishedAt":"0001-01-01T00:00:00Z"},"Image":"sha256:5e229524f286e653111cb9d028bf1ba4c3490742c8cd18c84af22538f0e68575","ResolvConfPath":"/var/lib/docker/containers/47a7ce05e61aa72bdced5a030ca6064519c62d122a5992816f04e0e528b5b17d/resolv.conf","HostnamePath":"/var/lib/docker/containers/47a7ce05e61aa72bdced5a030ca6064519c62d122a5992816f04e0e528b5b17d/hostname","HostsPath":"/var/lib/docker/containers/47a7ce05e61aa72bdced5a030ca6064519c62d122a5992816f04e0e528b5b17d/hosts","LogPath":"/var/lib/docker/containers/47a7ce05e61aa72bdced5a030ca6064519c62d122a5992816f04e0e528b5b17d/47a7ce05e61aa72bdced5a030ca6064519c62d122a5992816f04e0e528b5b17d-json.log","Name":"/crazy_chaum","RestartCount":0,"Driver":"overlay2","Platform":"linux","MountLabel":"","ProcessLabel":"","AppArmorProfile":"","ExecIDs":null,"HostConfig":{"Binds":[],"ContainerIDFile":"","LogConfig":{"Type":"json-file","Config":{}},"NetworkMode":"default","PortBindings":{"3306/tcp":[{"HostIp":"0.0.0.0","HostPort":"0"}]},"RestartPolicy":{"Name":"","MaximumRetryCount":0},"AutoRemove":false,"VolumeDriver":"","VolumesFrom":[],"CapAdd":null,"CapDrop":null,"CgroupnsMode":"private","Dns":null,"DnsOptions":null,"DnsSearch":null,"ExtraHosts":[],"GroupAdd":null,"IpcMode":"shareable","Cgroup":"","Links":null,"OomScoreAdj":0,"PidMode":"","Privileged":false,"PublishAllPorts":false,"ReadonlyRootfs":false,"SecurityOpt":null,"UTSMode":"","UsernsMode":"","ShmSize":67108864,"Runtime":"runc","ConsoleSize":[0,0],"Isolation":"","CpuShares":0,"Memory":0,"NanoCpus":0,"CgroupParent":"","BlkioWeight":0,"BlkioWeightDevice":null,"BlkioDeviceReadBps":null,"BlkioDeviceWriteBps":null,"BlkioDeviceReadIOps":null,"BlkioDeviceWriteIOps":null,"CpuPeriod":0,"CpuQuota":0,"CpuRealtimePeriod":0,"CpuRealtimeRuntime":0,"CpusetCpus":"","CpusetMems":"","Devices":null,"DeviceCgroupRules":null,"DeviceRequests":null,"KernelMemory":0,"KernelMemoryTCP":0,"MemoryReservation":0,"MemorySwap":0,"MemorySwappiness":null,"OomKillDisable":null,"PidsLimit":null,"Ulimits":null,"CpuCount":0,"CpuPercent":0,"IOMaximumIOps":0,"IOMaximumBandwidth":0,"MaskedPaths":["/proc/asound","/proc/acpi","/proc/kcore","/proc/keys","/proc/latency_stats","/proc/timer_list","/proc/timer_stats","/proc/sched_debug","/proc/scsi","/sys/firmware"],"ReadonlyPaths":["/proc/bus","/proc/fs","/proc/irq","/proc/sys","/proc/sysrq-trigger"]},"GraphDriver":{"Data":{"LowerDir":"/var/lib/docker/overlay2/45da4782eb6c4075fef21a16271836d62c4e4726b16ef4c5ea199d4e626bdb39-init/diff:/var/lib/docker/overlay2/27a623f1ab748258e017a40f339844ef533377092bad4182aa320e9399893e13/diff:/var/lib/docker/overlay2/d7c1e4de558b6bbbdc3209a51fc73295262b5271709fe659d0e2e94f626eea74/diff:/var/lib/docker/overlay2/2df554f793c3600571e2f078ad2e20025d6b2e35f3d18881ead4f70e2cc26cb8/diff:/var/lib/docker/overlay2/feb23515577245ad51a24945de1e6bab842929569da912a2b4a33a48c6c2331f/diff:/var/lib/docker/overlay2/cc2cdbce154e19d9c4f376917b6c92ebd55b0b495124ffd2c9d7e9c82b6a95f9/diff:/var/lib/docker/overlay2/968467fe01280f82d26487386f320a15000815d63000d5ec89b47acca8f77ef2/diff:/var/lib/docker/overlay2/cc59daa314bbcaec43d6cd4064c7863b4b3976b989121dcf2e32c4710281f247/diff:/var/lib/docker/overlay2/dc5d8b1cf96cfd5d96d68fbed14248edf1244c1a4669ba07b0bab7f3d782f058/diff:/var/lib/docker/overlay2/dcca184158d696706cd99e62ffa3e5c42964eb57190bef35421cdf3f83a8c130/diff:/var/lib/docker/overlay2/a7f928596da67ce59f34b0ba4cee4a3b948b94f91ad0b0b6260dc54fb9b5a048/diff:/var/lib/docker/overlay2/6ac5adbfff6202b1faa13a2a2fd92625bdda668cdac1a1d2230becbb394e569f/diff","MergedDir":"/var/lib/docker/overlay2/45da4782eb6c4075fef21a16271836d62c4e4726b16ef4c5ea199d4e626bdb39/merged","UpperDir":"/var/lib/docker/overlay2/45da4782eb6c4075fef21a16271836d62c4e4726b16ef4c5ea199d4e626bdb39/diff","WorkDir":"/var/lib/docker/overlay2/45da4782eb6c4075fef21a16271836d62c4e4726b16ef4c5ea199d4e626bdb39/work"},"Name":"overlay2"},"Mounts":[{"Type":"volume","Name":"08668a73464516d2c615e247a561222f461f2385cff5615e53cc78e96456230c","Source":"/var/lib/docker/volumes/08668a73464516d2c615e247a561222f461f2385cff5615e53cc78e96456230c/_data","Destination":"/var/lib/mysql","Driver":"local","Mode":"","RW":true,"Propagation":""}],"Config":{"Hostname":"47a7ce05e61a","Domainname":"","User":"","AttachStdin":false,"AttachStdout":false,"AttachStderr":false,"ExposedPorts":{"3306/tcp":{},"33060/tcp":{}},"Tty":false,"OpenStdin":false,"StdinOnce":false,"Env":["MYSQL_DATABASE=lotification","MYSQL_PASSWORD=1234","MYSQL_USER=admin","MYSQL_ROOT_PASSWORD=1234","PATH=/usr/local/sbin:/usr/local/bin:/usr/sbin:/usr/bin:/sbin:/bin","GOSU_VERSION=1.14","MYSQL_MAJOR=8.0","MYSQL_VERSION=8.0.30-1.el8","MYSQL_SHELL_VERSION=8.0.30-1.el8"],"Cmd":["mysqld"],"Image":"mysql:8","Volumes":{"/var/lib/mysql":{}},"WorkingDir":"","Entrypoint":["docker-entrypoint.sh"],"OnBuild":null,"Labels":{"org.testcontainers":"true","org.testcontainers.sessionId":"c5b4bded-8a7b-4309-a94c-5bb153977152"}},"NetworkSettings":{"Bridge":"","SandboxID":"c87f478ec31081a2fc02a6d53fa5addc8f61962dea8dd5c17c1c641e1a25e99b","HairpinMode":false,"LinkLocalIPv6Address":"","LinkLocalIPv6PrefixLen":0,"Ports":{"3306/tcp":[{"HostIp":"0.0.0.0","HostPort":"63346"}],"33060/tcp":null},"SandboxKey":"/var/run/docker/netns/c87f478ec310","SecondaryIPAddresses":null,"SecondaryIPv6Addresses":null,"EndpointID":"7830774c518a6ae45bc93e5b48bd99e8a609aa29230b007326fa87b5ca32567f","Gateway":"172.17.0.1","GlobalIPv6Address":"","GlobalIPv6PrefixLen":0,"IPAddress":"172.17.0.4","IPPrefixLen":16,"IPv6Gateway":"","MacAddress":"02:42:ac:11:00:04","Networks":{"bridge":{"IPAMConfig":null,"Links":null,"Aliases":null,"NetworkID":"42b943ace1ba272d06317befbba08f853c5a08f211a0bdf3660599ced98f9c17","EndpointID":"7830774c518a6ae45bc93e5b48bd99e8a609aa29230b007326fa87b5ca32567f","Gateway":"172.17.0.1","IPAddress":"172.17.0.4","IPPrefixLen":16,"IPv6Gateway":"","GlobalIPv6Address":"","GlobalIPv6PrefixLen":0,"MacAddress":"02:42:ac:11:00:04","DriverOpts":null}}}}[\n]"
11:45:39.218 [Test worker] DEBUG com.github.dockerjava.zerodep.shaded.org.apache.hc.client5.http.wire - http-outgoing-2 << "[\r][\n]"
11:45:39.218 [Test worker] DEBUG com.github.dockerjava.zerodep.shaded.org.apache.hc.client5.http.wire - http-outgoing-2 << "0[\r][\n]"
11:45:39.218 [Test worker] DEBUG com.github.dockerjava.zerodep.shaded.org.apache.hc.client5.http.wire - http-outgoing-2 << "[\r][\n]"
11:45:39.218 [Test worker] DEBUG com.github.dockerjava.zerodep.shaded.org.apache.hc.client5.http.impl.classic.InternalHttpClient - ep-00000024: releasing valid endpoint
11:45:39.218 [Test worker] DEBUG com.github.dockerjava.zerodep.shaded.org.apache.hc.client5.http.impl.io.PoolingHttpClientConnectionManager - ep-00000024: releasing endpoint
11:45:39.218 [Test worker] DEBUG com.github.dockerjava.zerodep.shaded.org.apache.hc.client5.http.impl.io.PoolingHttpClientConnectionManager - ep-00000024: connection http-outgoing-2 can be kept alive for 3 MINUTES
11:45:39.219 [Test worker] DEBUG com.github.dockerjava.zerodep.shaded.org.apache.hc.client5.http.impl.io.PoolingHttpClientConnectionManager - ep-00000024: connection released [route: {}->unix://localhost:2375][total available: 1; route allocated: 1 of 2147483647; total allocated: 1 of 2147483647]
11:45:39.219 [Test worker] DEBUG ]]>&#x1f433;<![CDATA[ [mysql:8] - Trying to create JDBC connection using com.mysql.cj.jdbc.Driver to jdbc:mysql://localhost:63346/lotification?useSSL=false&allowPublicKeyRetrieval=true with properties: {password=1234, user=admin}
11:45:39.322 [Test worker] DEBUG org.testcontainers.shaded.com.github.dockerjava.core.command.AbstrDockerCmd - Cmd: 47a7ce05e61aa72bdced5a030ca6064519c62d122a5992816f04e0e528b5b17d,false
11:45:39.322 [Test worker] DEBUG org.testcontainers.shaded.com.github.dockerjava.core.exec.InspectContainerCmdExec - GET: DefaultWebTarget{path=[/containers/47a7ce05e61aa72bdced5a030ca6064519c62d122a5992816f04e0e528b5b17d/json], queryParams={}}
11:45:39.322 [Test worker] DEBUG com.github.dockerjava.zerodep.shaded.org.apache.hc.client5.http.impl.classic.InternalHttpClient - ex-00000026: preparing request execution
11:45:39.322 [Test worker] DEBUG com.github.dockerjava.zerodep.shaded.org.apache.hc.client5.http.protocol.RequestAddCookies - Cookie spec selected: strict
11:45:39.322 [Test worker] DEBUG com.github.dockerjava.zerodep.shaded.org.apache.hc.client5.http.protocol.RequestAuthCache - Auth cache not set in the context
11:45:39.322 [Test worker] DEBUG com.github.dockerjava.zerodep.shaded.org.apache.hc.client5.http.impl.classic.ProtocolExec - ex-00000026: target auth state: UNCHALLENGED
11:45:39.322 [Test worker] DEBUG com.github.dockerjava.zerodep.shaded.org.apache.hc.client5.http.impl.classic.ProtocolExec - ex-00000026: proxy auth state: UNCHALLENGED
11:45:39.322 [Test worker] DEBUG com.github.dockerjava.zerodep.shaded.org.apache.hc.client5.http.impl.classic.ConnectExec - ex-00000026: acquiring connection with route {}->unix://localhost:2375
11:45:39.322 [Test worker] DEBUG com.github.dockerjava.zerodep.shaded.org.apache.hc.client5.http.impl.classic.InternalHttpClient - ex-00000026: acquiring endpoint (3 MINUTES)
11:45:39.322 [Test worker] DEBUG com.github.dockerjava.zerodep.shaded.org.apache.hc.client5.http.impl.io.PoolingHttpClientConnectionManager - ex-00000026: endpoint lease request (3 MINUTES) [route: {}->unix://localhost:2375][total available: 1; route allocated: 1 of 2147483647; total allocated: 1 of 2147483647]
11:45:39.323 [Test worker] DEBUG com.github.dockerjava.zerodep.shaded.org.apache.hc.client5.http.impl.io.PoolingHttpClientConnectionManager - ex-00000026: endpoint leased [route: {}->unix://localhost:2375][total available: 0; route allocated: 1 of 2147483647; total allocated: 1 of 2147483647]
11:45:39.323 [Test worker] DEBUG com.github.dockerjava.zerodep.shaded.org.apache.hc.client5.http.impl.io.PoolingHttpClientConnectionManager - ex-00000026: acquired ep-00000025
11:45:39.323 [Test worker] DEBUG com.github.dockerjava.zerodep.shaded.org.apache.hc.client5.http.impl.classic.InternalHttpClient - ex-00000026: acquired endpoint ep-00000025
11:45:39.323 [Test worker] DEBUG com.github.dockerjava.zerodep.shaded.org.apache.hc.client5.http.impl.classic.MainClientExec - ex-00000026: executing GET /v1.32/containers/47a7ce05e61aa72bdced5a030ca6064519c62d122a5992816f04e0e528b5b17d/json HTTP/1.1
11:45:39.323 [Test worker] DEBUG com.github.dockerjava.zerodep.shaded.org.apache.hc.client5.http.impl.classic.InternalHttpClient - ep-00000025: start execution ex-00000026
11:45:39.323 [Test worker] DEBUG com.github.dockerjava.zerodep.shaded.org.apache.hc.client5.http.impl.io.PoolingHttpClientConnectionManager - ep-00000025: executing exchange ex-00000026 over http-outgoing-2
11:45:39.323 [Test worker] DEBUG com.github.dockerjava.zerodep.shaded.org.apache.hc.client5.http.headers - http-outgoing-2 >> GET /v1.32/containers/47a7ce05e61aa72bdced5a030ca6064519c62d122a5992816f04e0e528b5b17d/json HTTP/1.1
11:45:39.323 [Test worker] DEBUG com.github.dockerjava.zerodep.shaded.org.apache.hc.client5.http.headers - http-outgoing-2 >> accept: application/json
11:45:39.323 [Test worker] DEBUG com.github.dockerjava.zerodep.shaded.org.apache.hc.client5.http.headers - http-outgoing-2 >> x-tc-sid: c5b4bded-8a7b-4309-a94c-5bb153977152
11:45:39.323 [Test worker] DEBUG com.github.dockerjava.zerodep.shaded.org.apache.hc.client5.http.headers - http-outgoing-2 >> Accept-Encoding: gzip, x-gzip, deflate
11:45:39.323 [Test worker] DEBUG com.github.dockerjava.zerodep.shaded.org.apache.hc.client5.http.headers - http-outgoing-2 >> Host: localhost:2375
11:45:39.323 [Test worker] DEBUG com.github.dockerjava.zerodep.shaded.org.apache.hc.client5.http.headers - http-outgoing-2 >> Connection: keep-alive
11:45:39.323 [Test worker] DEBUG com.github.dockerjava.zerodep.shaded.org.apache.hc.client5.http.headers - http-outgoing-2 >> User-Agent: Apache-HttpClient/5.0.3 (Java/17.0.3)
11:45:39.323 [Test worker] DEBUG com.github.dockerjava.zerodep.shaded.org.apache.hc.client5.http.wire - http-outgoing-2 >> "GET /v1.32/containers/47a7ce05e61aa72bdced5a030ca6064519c62d122a5992816f04e0e528b5b17d/json HTTP/1.1[\r][\n]"
11:45:39.323 [Test worker] DEBUG com.github.dockerjava.zerodep.shaded.org.apache.hc.client5.http.wire - http-outgoing-2 >> "accept: application/json[\r][\n]"
11:45:39.323 [Test worker] DEBUG com.github.dockerjava.zerodep.shaded.org.apache.hc.client5.http.wire - http-outgoing-2 >> "x-tc-sid: c5b4bded-8a7b-4309-a94c-5bb153977152[\r][\n]"
11:45:39.323 [Test worker] DEBUG com.github.dockerjava.zerodep.shaded.org.apache.hc.client5.http.wire - http-outgoing-2 >> "Accept-Encoding: gzip, x-gzip, deflate[\r][\n]"
11:45:39.323 [Test worker] DEBUG com.github.dockerjava.zerodep.shaded.org.apache.hc.client5.http.wire - http-outgoing-2 >> "Host: localhost:2375[\r][\n]"
11:45:39.323 [Test worker] DEBUG com.github.dockerjava.zerodep.shaded.org.apache.hc.client5.http.wire - http-outgoing-2 >> "Connection: keep-alive[\r][\n]"
11:45:39.323 [Test worker] DEBUG com.github.dockerjava.zerodep.shaded.org.apache.hc.client5.http.wire - http-outgoing-2 >> "User-Agent: Apache-HttpClient/5.0.3 (Java/17.0.3)[\r][\n]"
11:45:39.323 [Test worker] DEBUG com.github.dockerjava.zerodep.shaded.org.apache.hc.client5.http.wire - http-outgoing-2 >> "[\r][\n]"
11:45:39.325 [Test worker] DEBUG com.github.dockerjava.zerodep.shaded.org.apache.hc.client5.http.wire - http-outgoing-2 << "HTTP/1.1 200 OK[\r][\n]"
11:45:39.325 [Test worker] DEBUG com.github.dockerjava.zerodep.shaded.org.apache.hc.client5.http.wire - http-outgoing-2 << "Api-Version: 1.41[\r][\n]"
11:45:39.325 [Test worker] DEBUG com.github.dockerjava.zerodep.shaded.org.apache.hc.client5.http.wire - http-outgoing-2 << "Content-Type: application/json[\r][\n]"
11:45:39.325 [Test worker] DEBUG com.github.dockerjava.zerodep.shaded.org.apache.hc.client5.http.wire - http-outgoing-2 << "Date: Mon, 26 Sep 2022 02:45:39 GMT[\r][\n]"
11:45:39.325 [Test worker] DEBUG com.github.dockerjava.zerodep.shaded.org.apache.hc.client5.http.wire - http-outgoing-2 << "Docker-Experimental: false[\r][\n]"
11:45:39.325 [Test worker] DEBUG com.github.dockerjava.zerodep.shaded.org.apache.hc.client5.http.wire - http-outgoing-2 << "Ostype: linux[\r][\n]"
11:45:39.325 [Test worker] DEBUG com.github.dockerjava.zerodep.shaded.org.apache.hc.client5.http.wire - http-outgoing-2 << "Server: Docker/20.10.11 (linux)[\r][\n]"
11:45:39.325 [Test worker] DEBUG com.github.dockerjava.zerodep.shaded.org.apache.hc.client5.http.wire - http-outgoing-2 << "Transfer-Encoding: chunked[\r][\n]"
11:45:39.325 [Test worker] DEBUG com.github.dockerjava.zerodep.shaded.org.apache.hc.client5.http.wire - http-outgoing-2 << "[\r][\n]"
11:45:39.325 [Test worker] DEBUG com.github.dockerjava.zerodep.shaded.org.apache.hc.client5.http.headers - http-outgoing-2 << HTTP/1.1 200 OK
11:45:39.325 [Test worker] DEBUG com.github.dockerjava.zerodep.shaded.org.apache.hc.client5.http.headers - http-outgoing-2 << Api-Version: 1.41
11:45:39.325 [Test worker] DEBUG com.github.dockerjava.zerodep.shaded.org.apache.hc.client5.http.headers - http-outgoing-2 << Content-Type: application/json
11:45:39.325 [Test worker] DEBUG com.github.dockerjava.zerodep.shaded.org.apache.hc.client5.http.headers - http-outgoing-2 << Date: Mon, 26 Sep 2022 02:45:39 GMT
11:45:39.325 [Test worker] DEBUG com.github.dockerjava.zerodep.shaded.org.apache.hc.client5.http.headers - http-outgoing-2 << Docker-Experimental: false
11:45:39.325 [Test worker] DEBUG com.github.dockerjava.zerodep.shaded.org.apache.hc.client5.http.headers - http-outgoing-2 << Ostype: linux
11:45:39.325 [Test worker] DEBUG com.github.dockerjava.zerodep.shaded.org.apache.hc.client5.http.headers - http-outgoing-2 << Server: Docker/20.10.11 (linux)
11:45:39.325 [Test worker] DEBUG com.github.dockerjava.zerodep.shaded.org.apache.hc.client5.http.headers - http-outgoing-2 << Transfer-Encoding: chunked
11:45:39.325 [Test worker] DEBUG com.github.dockerjava.zerodep.shaded.org.apache.hc.client5.http.impl.classic.MainClientExec - ex-00000026: connection can be kept alive for 3 MINUTES
11:45:39.325 [Test worker] DEBUG com.github.dockerjava.zerodep.shaded.org.apache.hc.client5.http.wire - http-outgoing-2 << "1882[\r][\n]"
11:45:39.325 [Test worker] DEBUG com.github.dockerjava.zerodep.shaded.org.apache.hc.client5.http.wire - http-outgoing-2 << "{"Id":"47a7ce05e61aa72bdced5a030ca6064519c62d122a5992816f04e0e528b5b17d","Created":"2022-09-26T02:45:36.042081626Z","Path":"docker-entrypoint.sh","Args":["mysqld"],"State":{"Status":"running","Running":true,"Paused":false,"Restarting":false,"OOMKilled":false,"Dead":false,"Pid":2251,"ExitCode":0,"Error":"","StartedAt":"2022-09-26T02:45:36.388226668Z","FinishedAt":"0001-01-01T00:00:00Z"},"Image":"sha256:5e229524f286e653111cb9d028bf1ba4c3490742c8cd18c84af22538f0e68575","ResolvConfPath":"/var/lib/docker/containers/47a7ce05e61aa72bdced5a030ca6064519c62d122a5992816f04e0e528b5b17d/resolv.conf","HostnamePath":"/var/lib/docker/containers/47a7ce05e61aa72bdced5a030ca6064519c62d122a5992816f04e0e528b5b17d/hostname","HostsPath":"/var/lib/docker/containers/47a7ce05e61aa72bdced5a030ca6064519c62d122a5992816f04e0e528b5b17d/hosts","LogPath":"/var/lib/docker/containers/47a7ce05e61aa72bdced5a030ca6064519c62d122a5992816f04e0e528b5b17d/47a7ce05e61aa72bdced5a030ca6064519c62d122a5992816f04e0e528b5b17d-json.log","Name":"/crazy_chaum","RestartCount":0,"Driver":"overlay2","Platform":"linux","MountLabel":"","ProcessLabel":"","AppArmorProfile":"","ExecIDs":null,"HostConfig":{"Binds":[],"ContainerIDFile":"","LogConfig":{"Type":"json-file","Config":{}},"NetworkMode":"default","PortBindings":{"3306/tcp":[{"HostIp":"0.0.0.0","HostPort":"0"}]},"RestartPolicy":{"Name":"","MaximumRetryCount":0},"AutoRemove":false,"VolumeDriver":"","VolumesFrom":[],"CapAdd":null,"CapDrop":null,"CgroupnsMode":"private","Dns":null,"DnsOptions":null,"DnsSearch":null,"ExtraHosts":[],"GroupAdd":null,"IpcMode":"shareable","Cgroup":"","Links":null,"OomScoreAdj":0,"PidMode":"","Privileged":false,"PublishAllPorts":false,"ReadonlyRootfs":false,"SecurityOpt":null,"UTSMode":"","UsernsMode":"","ShmSize":67108864,"Runtime":"runc","ConsoleSize":[0,0],"Isolation":"","CpuShares":0,"Memory":0,"NanoCpus":0,"CgroupParent":"","BlkioWeight":0,"BlkioWeightDevice":null,"BlkioDeviceReadBps":null,"BlkioDeviceWriteBps":null,"BlkioDeviceReadIOps":null,"BlkioDeviceWriteIOps":null,"CpuPeriod":0,"CpuQuota":0,"CpuRealtimePeriod":0,"CpuRealtimeRuntime":0,"CpusetCpus":"","CpusetMems":"","Devices":null,"DeviceCgroupRules":null,"DeviceRequests":null,"KernelMemory":0,"KernelMemoryTCP":0,"MemoryReservation":0,"MemorySwap":0,"MemorySwappiness":null,"OomKillDisable":null,"PidsLimit":null,"Ulimits":null,"CpuCount":0,"CpuPercent":0,"IOMaximumIOps":0,"IOMaximumBandwidth":0,"MaskedPaths":["/proc/asound","/proc/acpi","/proc/kcore","/proc/keys","/proc/latency_stats","/proc/timer_list","/proc/timer_stats","/proc/sched_debug","/proc/scsi","/sys/firmware"],"ReadonlyPaths":["/proc/bus","/proc/fs","/proc/irq","/proc/sys","/proc/sysrq-trigger"]},"GraphDriver":{"Data":{"LowerDir":"/var/lib/docker/overlay2/45da4782eb6c4075fef21a16271836d62c4e4726b16ef4c5ea199d4e626bdb39-init/diff:/var/lib/docker/overlay2/27a623f1ab748258e017a40f339844ef533377092bad4182aa320e9399893e13/diff:/var/lib/docker/overlay2/d7c1e4de558b6bbbdc3209a51fc73295262b5271709fe659d0e2e94f626eea74/diff:/var/lib/docker/overlay2/2df554f793c3600571e2f078ad2e20025d6b2e35f3d18881ead4f70e2cc26cb8/diff:/var/lib/docker/overlay2/feb23515577245ad51a24945de1e6bab842929569da912a2b4a33a48c6c2331f/diff:/var/lib/docker/overlay2/cc2cdbce154e19d9c4f376917b6c92ebd55b0b495124ffd2c9d7e9c82b6a95f9/diff:/var/lib/docker/overlay2/968467fe01280f82d26487386f320a15000815d63000d5ec89b47acca8f77ef2/diff:/var/lib/docker/overlay2/cc59daa314bbcaec43d6cd4064c7863b4b3976b989121dcf2e32c4710281f247/diff:/var/lib/docker/overlay2/dc5d8b1cf96cfd5d96d68fbed14248edf1244c1a4669ba07b0bab7f3d782f058/diff:/var/lib/docker/overlay2/dcca184158d696706cd99e62ffa3e5c42964eb57190bef35421cdf3f83a8c130/diff:/var/lib/docker/overlay2/a7f928596da67ce59f34b0ba4cee4a3b948b94f91ad0b0b6260dc54fb9b5a048/diff:/var/lib/docker/overlay2/6ac5adbfff6202b1faa13a2a2fd92625bdda668cdac1a1d2230becbb394e569f/diff","MergedDir":"/var/lib/docker/overlay2/45da4782eb6c4075fef21a16271836d62c4e4726b16ef4c5ea199d4e626bdb39/merged","UpperDir":"/var/lib/docker/overlay2/45da4782eb6c4075fef21a16271836d62c4e4726b16ef4c5ea199d4e626bdb39/diff","WorkDir":"/var/lib/docker/overlay2/45da4782eb6c4075fef21a16271836d62c4e4726b16ef4c5ea199d4e626bdb39/work"},"Name":"overlay2"},"Mounts":[{"Type":"volume","Name":"08668a73464516d2c615e247a561222f461f2385cff5615e53cc78e96456230c","Source":"/var/lib/docker/volumes/08668a73464516d2c615e247a561222f461f2385cff5615e53cc78e96456230c/_data","Destination":"/var/lib/mysql","Driver":"local","Mode":"","RW":true,"Propagation":""}],"Config":{"Hostname":"47a7ce05e61a","Domainname":"","User":"","AttachStdin":false,"AttachStdout":false,"AttachStderr":false,"ExposedPorts":{"3306/tcp":{},"33060/tcp":{}},"Tty":false,"OpenStdin":false,"StdinOnce":false,"Env":["MYSQL_DATABASE=lotification","MYSQL_PASSWORD=1234","MYSQL_USER=admin","MYSQL_ROOT_PASSWORD=1234","PATH=/usr/local/sbin:/usr/local/bin:/usr/sbin:/usr/bin:/sbin:/bin","GOSU_VERSION=1.14","MYSQL_MAJOR=8.0","MYSQL_VERSION=8.0.30-1.el8","MYSQL_SHELL_VERSION=8.0.30-1.el8"],"Cmd":["mysqld"],"Image":"mysql:8","Volumes":{"/var/lib/mysql":{}},"WorkingDir":"","Entrypoint":["docker-entrypoint.sh"],"OnBuild":null,"Labels":{"org.testcontainers":"true","org.testcontainers.sessionId":"c5b4bded-8a7b-4309-a94c-5bb153977152"}},"NetworkSettings":{"Bridge":"","SandboxID":"c87f478ec31081a2fc02a6d53fa5addc8f61962dea8dd5c17c1c641e1a25e99b","HairpinMode":false,"LinkLocalIPv6Address":"","LinkLocalIPv6PrefixLen":0,"Ports":{"3306/tcp":[{"HostIp":"0.0.0.0","HostPort":"63346"}],"33060/tcp":null},"SandboxKey":"/var/run/docker/netns/c87f478ec310","SecondaryIPAddresses":null,"SecondaryIPv6Addresses":null,"EndpointID":"7830774c518a6ae45bc93e5b48bd99e8a609aa29230b007326fa87b5ca32567f","Gateway":"172.17.0.1","GlobalIPv6Address":"","GlobalIPv6PrefixLen":0,"IPAddress":"172.17.0.4","IPPrefixLen":16,"IPv6Gateway":"","MacAddress":"02:42:ac:11:00:04","Networks":{"bridge":{"IPAMConfig":null,"Links":null,"Aliases":null,"NetworkID":"42b943ace1ba272d06317befbba08f853c5a08f211a0bdf3660599ced98f9c17","EndpointID":"7830774c518a6ae45bc93e5b48bd99e8a609aa29230b007326fa87b5ca32567f","Gateway":"172.17.0.1","IPAddress":"172.17.0.4","IPPrefixLen":16,"IPv6Gateway":"","GlobalIPv6Address":"","GlobalIPv6PrefixLen":0,"MacAddress":"02:42:ac:11:00:04","DriverOpts":null}}}}[\n]"
11:45:39.325 [Test worker] DEBUG com.github.dockerjava.zerodep.shaded.org.apache.hc.client5.http.wire - http-outgoing-2 << "[\r][\n]"
11:45:39.326 [Test worker] DEBUG com.github.dockerjava.zerodep.shaded.org.apache.hc.client5.http.wire - http-outgoing-2 << "0[\r][\n]"
11:45:39.326 [Test worker] DEBUG com.github.dockerjava.zerodep.shaded.org.apache.hc.client5.http.wire - http-outgoing-2 << "[\r][\n]"
11:45:39.326 [Test worker] DEBUG com.github.dockerjava.zerodep.shaded.org.apache.hc.client5.http.impl.classic.InternalHttpClient - ep-00000025: releasing valid endpoint
11:45:39.326 [Test worker] DEBUG com.github.dockerjava.zerodep.shaded.org.apache.hc.client5.http.impl.io.PoolingHttpClientConnectionManager - ep-00000025: releasing endpoint
11:45:39.326 [Test worker] DEBUG com.github.dockerjava.zerodep.shaded.org.apache.hc.client5.http.impl.io.PoolingHttpClientConnectionManager - ep-00000025: connection http-outgoing-2 can be kept alive for 3 MINUTES
11:45:39.326 [Test worker] DEBUG com.github.dockerjava.zerodep.shaded.org.apache.hc.client5.http.impl.io.PoolingHttpClientConnectionManager - ep-00000025: connection released [route: {}->unix://localhost:2375][total available: 1; route allocated: 1 of 2147483647; total allocated: 1 of 2147483647]
11:45:39.326 [Test worker] DEBUG ]]>&#x1f433;<![CDATA[ [mysql:8] - Trying to create JDBC connection using com.mysql.cj.jdbc.Driver to jdbc:mysql://localhost:63346/lotification?useSSL=false&allowPublicKeyRetrieval=true with properties: {password=1234, user=admin}
11:45:39.434 [Test worker] DEBUG org.testcontainers.shaded.com.github.dockerjava.core.command.AbstrDockerCmd - Cmd: 47a7ce05e61aa72bdced5a030ca6064519c62d122a5992816f04e0e528b5b17d,false
11:45:39.434 [Test worker] DEBUG org.testcontainers.shaded.com.github.dockerjava.core.exec.InspectContainerCmdExec - GET: DefaultWebTarget{path=[/containers/47a7ce05e61aa72bdced5a030ca6064519c62d122a5992816f04e0e528b5b17d/json], queryParams={}}
11:45:39.434 [Test worker] DEBUG com.github.dockerjava.zerodep.shaded.org.apache.hc.client5.http.impl.classic.InternalHttpClient - ex-00000027: preparing request execution
11:45:39.434 [Test worker] DEBUG com.github.dockerjava.zerodep.shaded.org.apache.hc.client5.http.protocol.RequestAddCookies - Cookie spec selected: strict
11:45:39.434 [Test worker] DEBUG com.github.dockerjava.zerodep.shaded.org.apache.hc.client5.http.protocol.RequestAuthCache - Auth cache not set in the context
11:45:39.434 [Test worker] DEBUG com.github.dockerjava.zerodep.shaded.org.apache.hc.client5.http.impl.classic.ProtocolExec - ex-00000027: target auth state: UNCHALLENGED
11:45:39.434 [Test worker] DEBUG com.github.dockerjava.zerodep.shaded.org.apache.hc.client5.http.impl.classic.ProtocolExec - ex-00000027: proxy auth state: UNCHALLENGED
11:45:39.434 [Test worker] DEBUG com.github.dockerjava.zerodep.shaded.org.apache.hc.client5.http.impl.classic.ConnectExec - ex-00000027: acquiring connection with route {}->unix://localhost:2375
11:45:39.434 [Test worker] DEBUG com.github.dockerjava.zerodep.shaded.org.apache.hc.client5.http.impl.classic.InternalHttpClient - ex-00000027: acquiring endpoint (3 MINUTES)
11:45:39.434 [Test worker] DEBUG com.github.dockerjava.zerodep.shaded.org.apache.hc.client5.http.impl.io.PoolingHttpClientConnectionManager - ex-00000027: endpoint lease request (3 MINUTES) [route: {}->unix://localhost:2375][total available: 1; route allocated: 1 of 2147483647; total allocated: 1 of 2147483647]
11:45:39.434 [Test worker] DEBUG com.github.dockerjava.zerodep.shaded.org.apache.hc.client5.http.impl.io.PoolingHttpClientConnectionManager - ex-00000027: endpoint leased [route: {}->unix://localhost:2375][total available: 0; route allocated: 1 of 2147483647; total allocated: 1 of 2147483647]
11:45:39.434 [Test worker] DEBUG com.github.dockerjava.zerodep.shaded.org.apache.hc.client5.http.impl.io.PoolingHttpClientConnectionManager - ex-00000027: acquired ep-00000026
11:45:39.434 [Test worker] DEBUG com.github.dockerjava.zerodep.shaded.org.apache.hc.client5.http.impl.classic.InternalHttpClient - ex-00000027: acquired endpoint ep-00000026
11:45:39.434 [Test worker] DEBUG com.github.dockerjava.zerodep.shaded.org.apache.hc.client5.http.impl.classic.MainClientExec - ex-00000027: executing GET /v1.32/containers/47a7ce05e61aa72bdced5a030ca6064519c62d122a5992816f04e0e528b5b17d/json HTTP/1.1
11:45:39.434 [Test worker] DEBUG com.github.dockerjava.zerodep.shaded.org.apache.hc.client5.http.impl.classic.InternalHttpClient - ep-00000026: start execution ex-00000027
11:45:39.434 [Test worker] DEBUG com.github.dockerjava.zerodep.shaded.org.apache.hc.client5.http.impl.io.PoolingHttpClientConnectionManager - ep-00000026: executing exchange ex-00000027 over http-outgoing-2
11:45:39.434 [Test worker] DEBUG com.github.dockerjava.zerodep.shaded.org.apache.hc.client5.http.headers - http-outgoing-2 >> GET /v1.32/containers/47a7ce05e61aa72bdced5a030ca6064519c62d122a5992816f04e0e528b5b17d/json HTTP/1.1
11:45:39.434 [Test worker] DEBUG com.github.dockerjava.zerodep.shaded.org.apache.hc.client5.http.headers - http-outgoing-2 >> accept: application/json
11:45:39.434 [Test worker] DEBUG com.github.dockerjava.zerodep.shaded.org.apache.hc.client5.http.headers - http-outgoing-2 >> x-tc-sid: c5b4bded-8a7b-4309-a94c-5bb153977152
11:45:39.434 [Test worker] DEBUG com.github.dockerjava.zerodep.shaded.org.apache.hc.client5.http.headers - http-outgoing-2 >> Accept-Encoding: gzip, x-gzip, deflate
11:45:39.434 [Test worker] DEBUG com.github.dockerjava.zerodep.shaded.org.apache.hc.client5.http.headers - http-outgoing-2 >> Host: localhost:2375
11:45:39.434 [Test worker] DEBUG com.github.dockerjava.zerodep.shaded.org.apache.hc.client5.http.headers - http-outgoing-2 >> Connection: keep-alive
11:45:39.434 [Test worker] DEBUG com.github.dockerjava.zerodep.shaded.org.apache.hc.client5.http.headers - http-outgoing-2 >> User-Agent: Apache-HttpClient/5.0.3 (Java/17.0.3)
11:45:39.434 [Test worker] DEBUG com.github.dockerjava.zerodep.shaded.org.apache.hc.client5.http.wire - http-outgoing-2 >> "GET /v1.32/containers/47a7ce05e61aa72bdced5a030ca6064519c62d122a5992816f04e0e528b5b17d/json HTTP/1.1[\r][\n]"
11:45:39.434 [Test worker] DEBUG com.github.dockerjava.zerodep.shaded.org.apache.hc.client5.http.wire - http-outgoing-2 >> "accept: application/json[\r][\n]"
11:45:39.434 [Test worker] DEBUG com.github.dockerjava.zerodep.shaded.org.apache.hc.client5.http.wire - http-outgoing-2 >> "x-tc-sid: c5b4bded-8a7b-4309-a94c-5bb153977152[\r][\n]"
11:45:39.434 [Test worker] DEBUG com.github.dockerjava.zerodep.shaded.org.apache.hc.client5.http.wire - http-outgoing-2 >> "Accept-Encoding: gzip, x-gzip, deflate[\r][\n]"
11:45:39.434 [Test worker] DEBUG com.github.dockerjava.zerodep.shaded.org.apache.hc.client5.http.wire - http-outgoing-2 >> "Host: localhost:2375[\r][\n]"
11:45:39.434 [Test worker] DEBUG com.github.dockerjava.zerodep.shaded.org.apache.hc.client5.http.wire - http-outgoing-2 >> "Connection: keep-alive[\r][\n]"
11:45:39.434 [Test worker] DEBUG com.github.dockerjava.zerodep.shaded.org.apache.hc.client5.http.wire - http-outgoing-2 >> "User-Agent: Apache-HttpClient/5.0.3 (Java/17.0.3)[\r][\n]"
11:45:39.434 [Test worker] DEBUG com.github.dockerjava.zerodep.shaded.org.apache.hc.client5.http.wire - http-outgoing-2 >> "[\r][\n]"
11:45:39.436 [Test worker] DEBUG com.github.dockerjava.zerodep.shaded.org.apache.hc.client5.http.wire - http-outgoing-2 << "HTTP/1.1 200 OK[\r][\n]"
11:45:39.436 [Test worker] DEBUG com.github.dockerjava.zerodep.shaded.org.apache.hc.client5.http.wire - http-outgoing-2 << "Api-Version: 1.41[\r][\n]"
11:45:39.436 [Test worker] DEBUG com.github.dockerjava.zerodep.shaded.org.apache.hc.client5.http.wire - http-outgoing-2 << "Content-Type: application/json[\r][\n]"
11:45:39.436 [Test worker] DEBUG com.github.dockerjava.zerodep.shaded.org.apache.hc.client5.http.wire - http-outgoing-2 << "Date: Mon, 26 Sep 2022 02:45:39 GMT[\r][\n]"
11:45:39.436 [Test worker] DEBUG com.github.dockerjava.zerodep.shaded.org.apache.hc.client5.http.wire - http-outgoing-2 << "Docker-Experimental: false[\r][\n]"
11:45:39.436 [Test worker] DEBUG com.github.dockerjava.zerodep.shaded.org.apache.hc.client5.http.wire - http-outgoing-2 << "Ostype: linux[\r][\n]"
11:45:39.436 [Test worker] DEBUG com.github.dockerjava.zerodep.shaded.org.apache.hc.client5.http.wire - http-outgoing-2 << "Server: Docker/20.10.11 (linux)[\r][\n]"
11:45:39.436 [Test worker] DEBUG com.github.dockerjava.zerodep.shaded.org.apache.hc.client5.http.wire - http-outgoing-2 << "Transfer-Encoding: chunked[\r][\n]"
11:45:39.436 [Test worker] DEBUG com.github.dockerjava.zerodep.shaded.org.apache.hc.client5.http.wire - http-outgoing-2 << "[\r][\n]"
11:45:39.437 [Test worker] DEBUG com.github.dockerjava.zerodep.shaded.org.apache.hc.client5.http.headers - http-outgoing-2 << HTTP/1.1 200 OK
11:45:39.437 [Test worker] DEBUG com.github.dockerjava.zerodep.shaded.org.apache.hc.client5.http.headers - http-outgoing-2 << Api-Version: 1.41
11:45:39.437 [Test worker] DEBUG com.github.dockerjava.zerodep.shaded.org.apache.hc.client5.http.headers - http-outgoing-2 << Content-Type: application/json
11:45:39.437 [Test worker] DEBUG com.github.dockerjava.zerodep.shaded.org.apache.hc.client5.http.headers - http-outgoing-2 << Date: Mon, 26 Sep 2022 02:45:39 GMT
11:45:39.437 [Test worker] DEBUG com.github.dockerjava.zerodep.shaded.org.apache.hc.client5.http.headers - http-outgoing-2 << Docker-Experimental: false
11:45:39.437 [Test worker] DEBUG com.github.dockerjava.zerodep.shaded.org.apache.hc.client5.http.headers - http-outgoing-2 << Ostype: linux
11:45:39.437 [Test worker] DEBUG com.github.dockerjava.zerodep.shaded.org.apache.hc.client5.http.headers - http-outgoing-2 << Server: Docker/20.10.11 (linux)
11:45:39.437 [Test worker] DEBUG com.github.dockerjava.zerodep.shaded.org.apache.hc.client5.http.headers - http-outgoing-2 << Transfer-Encoding: chunked
11:45:39.437 [Test worker] DEBUG com.github.dockerjava.zerodep.shaded.org.apache.hc.client5.http.impl.classic.MainClientExec - ex-00000027: connection can be kept alive for 3 MINUTES
11:45:39.437 [Test worker] DEBUG com.github.dockerjava.zerodep.shaded.org.apache.hc.client5.http.wire - http-outgoing-2 << "1882[\r][\n]"
11:45:39.437 [Test worker] DEBUG com.github.dockerjava.zerodep.shaded.org.apache.hc.client5.http.wire - http-outgoing-2 << "{"Id":"47a7ce05e61aa72bdced5a030ca6064519c62d122a5992816f04e0e528b5b17d","Created":"2022-09-26T02:45:36.042081626Z","Path":"docker-entrypoint.sh","Args":["mysqld"],"State":{"Status":"running","Running":true,"Paused":false,"Restarting":false,"OOMKilled":false,"Dead":false,"Pid":2251,"ExitCode":0,"Error":"","StartedAt":"2022-09-26T02:45:36.388226668Z","FinishedAt":"0001-01-01T00:00:00Z"},"Image":"sha256:5e229524f286e653111cb9d028bf1ba4c3490742c8cd18c84af22538f0e68575","ResolvConfPath":"/var/lib/docker/containers/47a7ce05e61aa72bdced5a030ca6064519c62d122a5992816f04e0e528b5b17d/resolv.conf","HostnamePath":"/var/lib/docker/containers/47a7ce05e61aa72bdced5a030ca6064519c62d122a5992816f04e0e528b5b17d/hostname","HostsPath":"/var/lib/docker/containers/47a7ce05e61aa72bdced5a030ca6064519c62d122a5992816f04e0e528b5b17d/hosts","LogPath":"/var/lib/docker/containers/47a7ce05e61aa72bdced5a030ca6064519c62d122a5992816f04e0e528b5b17d/47a7ce05e61aa72bdced5a030ca6064519c62d122a5992816f04e0e528b5b17d-json.log","Name":"/crazy_chaum","RestartCount":0,"Driver":"overlay2","Platform":"linux","MountLabel":"","ProcessLabel":"","AppArmorProfile":"","ExecIDs":null,"HostConfig":{"Binds":[],"ContainerIDFile":"","LogConfig":{"Type":"json-file","Config":{}},"NetworkMode":"default","PortBindings":{"3306/tcp":[{"HostIp":"0.0.0.0","HostPort":"0"}]},"RestartPolicy":{"Name":"","MaximumRetryCount":0},"AutoRemove":false,"VolumeDriver":"","VolumesFrom":[],"CapAdd":null,"CapDrop":null,"CgroupnsMode":"private","Dns":null,"DnsOptions":null,"DnsSearch":null,"ExtraHosts":[],"GroupAdd":null,"IpcMode":"shareable","Cgroup":"","Links":null,"OomScoreAdj":0,"PidMode":"","Privileged":false,"PublishAllPorts":false,"ReadonlyRootfs":false,"SecurityOpt":null,"UTSMode":"","UsernsMode":"","ShmSize":67108864,"Runtime":"runc","ConsoleSize":[0,0],"Isolation":"","CpuShares":0,"Memory":0,"NanoCpus":0,"CgroupParent":"","BlkioWeight":0,"BlkioWeightDevice":null,"BlkioDeviceReadBps":null,"BlkioDeviceWriteBps":null,"BlkioDeviceReadIOps":null,"BlkioDeviceWriteIOps":null,"CpuPeriod":0,"CpuQuota":0,"CpuRealtimePeriod":0,"CpuRealtimeRuntime":0,"CpusetCpus":"","CpusetMems":"","Devices":null,"DeviceCgroupRules":null,"DeviceRequests":null,"KernelMemory":0,"KernelMemoryTCP":0,"MemoryReservation":0,"MemorySwap":0,"MemorySwappiness":null,"OomKillDisable":null,"PidsLimit":null,"Ulimits":null,"CpuCount":0,"CpuPercent":0,"IOMaximumIOps":0,"IOMaximumBandwidth":0,"MaskedPaths":["/proc/asound","/proc/acpi","/proc/kcore","/proc/keys","/proc/latency_stats","/proc/timer_list","/proc/timer_stats","/proc/sched_debug","/proc/scsi","/sys/firmware"],"ReadonlyPaths":["/proc/bus","/proc/fs","/proc/irq","/proc/sys","/proc/sysrq-trigger"]},"GraphDriver":{"Data":{"LowerDir":"/var/lib/docker/overlay2/45da4782eb6c4075fef21a16271836d62c4e4726b16ef4c5ea199d4e626bdb39-init/diff:/var/lib/docker/overlay2/27a623f1ab748258e017a40f339844ef533377092bad4182aa320e9399893e13/diff:/var/lib/docker/overlay2/d7c1e4de558b6bbbdc3209a51fc73295262b5271709fe659d0e2e94f626eea74/diff:/var/lib/docker/overlay2/2df554f793c3600571e2f078ad2e20025d6b2e35f3d18881ead4f70e2cc26cb8/diff:/var/lib/docker/overlay2/feb23515577245ad51a24945de1e6bab842929569da912a2b4a33a48c6c2331f/diff:/var/lib/docker/overlay2/cc2cdbce154e19d9c4f376917b6c92ebd55b0b495124ffd2c9d7e9c82b6a95f9/diff:/var/lib/docker/overlay2/968467fe01280f82d26487386f320a15000815d63000d5ec89b47acca8f77ef2/diff:/var/lib/docker/overlay2/cc59daa314bbcaec43d6cd4064c7863b4b3976b989121dcf2e32c4710281f247/diff:/var/lib/docker/overlay2/dc5d8b1cf96cfd5d96d68fbed14248edf1244c1a4669ba07b0bab7f3d782f058/diff:/var/lib/docker/overlay2/dcca184158d696706cd99e62ffa3e5c42964eb57190bef35421cdf3f83a8c130/diff:/var/lib/docker/overlay2/a7f928596da67ce59f34b0ba4cee4a3b948b94f91ad0b0b6260dc54fb9b5a048/diff:/var/lib/docker/overlay2/6ac5adbfff6202b1faa13a2a2fd92625bdda668cdac1a1d2230becbb394e569f/diff","MergedDir":"/var/lib/docker/overlay2/45da4782eb6c4075fef21a16271836d62c4e4726b16ef4c5ea199d4e626bdb39/merged","UpperDir":"/var/lib/docker/overlay2/45da4782eb6c4075fef21a16271836d62c4e4726b16ef4c5ea199d4e626bdb39/diff","WorkDir":"/var/lib/docker/overlay2/45da4782eb6c4075fef21a16271836d62c4e4726b16ef4c5ea199d4e626bdb39/work"},"Name":"overlay2"},"Mounts":[{"Type":"volume","Name":"08668a73464516d2c615e247a561222f461f2385cff5615e53cc78e96456230c","Source":"/var/lib/docker/volumes/08668a73464516d2c615e247a561222f461f2385cff5615e53cc78e96456230c/_data","Destination":"/var/lib/mysql","Driver":"local","Mode":"","RW":true,"Propagation":""}],"Config":{"Hostname":"47a7ce05e61a","Domainname":"","User":"","AttachStdin":false,"AttachStdout":false,"AttachStderr":false,"ExposedPorts":{"3306/tcp":{},"33060/tcp":{}},"Tty":false,"OpenStdin":false,"StdinOnce":false,"Env":["MYSQL_DATABASE=lotification","MYSQL_PASSWORD=1234","MYSQL_USER=admin","MYSQL_ROOT_PASSWORD=1234","PATH=/usr/local/sbin:/usr/local/bin:/usr/sbin:/usr/bin:/sbin:/bin","GOSU_VERSION=1.14","MYSQL_MAJOR=8.0","MYSQL_VERSION=8.0.30-1.el8","MYSQL_SHELL_VERSION=8.0.30-1.el8"],"Cmd":["mysqld"],"Image":"mysql:8","Volumes":{"/var/lib/mysql":{}},"WorkingDir":"","Entrypoint":["docker-entrypoint.sh"],"OnBuild":null,"Labels":{"org.testcontainers":"true","org.testcontainers.sessionId":"c5b4bded-8a7b-4309-a94c-5bb153977152"}},"NetworkSettings":{"Bridge":"","SandboxID":"c87f478ec31081a2fc02a6d53fa5addc8f61962dea8dd5c17c1c641e1a25e99b","HairpinMode":false,"LinkLocalIPv6Address":"","LinkLocalIPv6PrefixLen":0,"Ports":{"3306/tcp":[{"HostIp":"0.0.0.0","HostPort":"63346"}],"33060/tcp":null},"SandboxKey":"/var/run/docker/netns/c87f478ec310","SecondaryIPAddresses":null,"SecondaryIPv6Addresses":null,"EndpointID":"7830774c518a6ae45bc93e5b48bd99e8a609aa29230b007326fa87b5ca32567f","Gateway":"172.17.0.1","GlobalIPv6Address":"","GlobalIPv6PrefixLen":0,"IPAddress":"172.17.0.4","IPPrefixLen":16,"IPv6Gateway":"","MacAddress":"02:42:ac:11:00:04","Networks":{"bridge":{"IPAMConfig":null,"Links":null,"Aliases":null,"NetworkID":"42b943ace1ba272d06317befbba08f853c5a08f211a0bdf3660599ced98f9c17","EndpointID":"7830774c518a6ae45bc93e5b48bd99e8a609aa29230b007326fa87b5ca32567f","Gateway":"172.17.0.1","IPAddress":"172.17.0.4","IPPrefixLen":16,"IPv6Gateway":"","GlobalIPv6Address":"","GlobalIPv6PrefixLen":0,"MacAddress":"02:42:ac:11:00:04","DriverOpts":null}}}}[\n]"
11:45:39.437 [Test worker] DEBUG com.github.dockerjava.zerodep.shaded.org.apache.hc.client5.http.wire - http-outgoing-2 << "[\r][\n]"
11:45:39.438 [Test worker] DEBUG com.github.dockerjava.zerodep.shaded.org.apache.hc.client5.http.wire - http-outgoing-2 << "0[\r][\n]"
11:45:39.438 [Test worker] DEBUG com.github.dockerjava.zerodep.shaded.org.apache.hc.client5.http.wire - http-outgoing-2 << "[\r][\n]"
11:45:39.438 [Test worker] DEBUG com.github.dockerjava.zerodep.shaded.org.apache.hc.client5.http.impl.classic.InternalHttpClient - ep-00000026: releasing valid endpoint
11:45:39.438 [Test worker] DEBUG com.github.dockerjava.zerodep.shaded.org.apache.hc.client5.http.impl.io.PoolingHttpClientConnectionManager - ep-00000026: releasing endpoint
11:45:39.438 [Test worker] DEBUG com.github.dockerjava.zerodep.shaded.org.apache.hc.client5.http.impl.io.PoolingHttpClientConnectionManager - ep-00000026: connection http-outgoing-2 can be kept alive for 3 MINUTES
11:45:39.438 [Test worker] DEBUG com.github.dockerjava.zerodep.shaded.org.apache.hc.client5.http.impl.io.PoolingHttpClientConnectionManager - ep-00000026: connection released [route: {}->unix://localhost:2375][total available: 1; route allocated: 1 of 2147483647; total allocated: 1 of 2147483647]
11:45:39.438 [Test worker] DEBUG ]]>&#x1f433;<![CDATA[ [mysql:8] - Trying to create JDBC connection using com.mysql.cj.jdbc.Driver to jdbc:mysql://localhost:63346/lotification?useSSL=false&allowPublicKeyRetrieval=true with properties: {password=1234, user=admin}
11:45:39.545 [Test worker] DEBUG org.testcontainers.shaded.com.github.dockerjava.core.command.AbstrDockerCmd - Cmd: 47a7ce05e61aa72bdced5a030ca6064519c62d122a5992816f04e0e528b5b17d,false
11:45:39.545 [Test worker] DEBUG org.testcontainers.shaded.com.github.dockerjava.core.exec.InspectContainerCmdExec - GET: DefaultWebTarget{path=[/containers/47a7ce05e61aa72bdced5a030ca6064519c62d122a5992816f04e0e528b5b17d/json], queryParams={}}
11:45:39.545 [Test worker] DEBUG com.github.dockerjava.zerodep.shaded.org.apache.hc.client5.http.impl.classic.InternalHttpClient - ex-00000028: preparing request execution
11:45:39.545 [Test worker] DEBUG com.github.dockerjava.zerodep.shaded.org.apache.hc.client5.http.protocol.RequestAddCookies - Cookie spec selected: strict
11:45:39.545 [Test worker] DEBUG com.github.dockerjava.zerodep.shaded.org.apache.hc.client5.http.protocol.RequestAuthCache - Auth cache not set in the context
11:45:39.545 [Test worker] DEBUG com.github.dockerjava.zerodep.shaded.org.apache.hc.client5.http.impl.classic.ProtocolExec - ex-00000028: target auth state: UNCHALLENGED
11:45:39.545 [Test worker] DEBUG com.github.dockerjava.zerodep.shaded.org.apache.hc.client5.http.impl.classic.ProtocolExec - ex-00000028: proxy auth state: UNCHALLENGED
11:45:39.545 [Test worker] DEBUG com.github.dockerjava.zerodep.shaded.org.apache.hc.client5.http.impl.classic.ConnectExec - ex-00000028: acquiring connection with route {}->unix://localhost:2375
11:45:39.545 [Test worker] DEBUG com.github.dockerjava.zerodep.shaded.org.apache.hc.client5.http.impl.classic.InternalHttpClient - ex-00000028: acquiring endpoint (3 MINUTES)
11:45:39.546 [Test worker] DEBUG com.github.dockerjava.zerodep.shaded.org.apache.hc.client5.http.impl.io.PoolingHttpClientConnectionManager - ex-00000028: endpoint lease request (3 MINUTES) [route: {}->unix://localhost:2375][total available: 1; route allocated: 1 of 2147483647; total allocated: 1 of 2147483647]
11:45:39.546 [Test worker] DEBUG com.github.dockerjava.zerodep.shaded.org.apache.hc.client5.http.impl.io.PoolingHttpClientConnectionManager - ex-00000028: endpoint leased [route: {}->unix://localhost:2375][total available: 0; route allocated: 1 of 2147483647; total allocated: 1 of 2147483647]
11:45:39.546 [Test worker] DEBUG com.github.dockerjava.zerodep.shaded.org.apache.hc.client5.http.impl.io.PoolingHttpClientConnectionManager - ex-00000028: acquired ep-00000027
11:45:39.546 [Test worker] DEBUG com.github.dockerjava.zerodep.shaded.org.apache.hc.client5.http.impl.classic.InternalHttpClient - ex-00000028: acquired endpoint ep-00000027
11:45:39.546 [Test worker] DEBUG com.github.dockerjava.zerodep.shaded.org.apache.hc.client5.http.impl.classic.MainClientExec - ex-00000028: executing GET /v1.32/containers/47a7ce05e61aa72bdced5a030ca6064519c62d122a5992816f04e0e528b5b17d/json HTTP/1.1
11:45:39.546 [Test worker] DEBUG com.github.dockerjava.zerodep.shaded.org.apache.hc.client5.http.impl.classic.InternalHttpClient - ep-00000027: start execution ex-00000028
11:45:39.546 [Test worker] DEBUG com.github.dockerjava.zerodep.shaded.org.apache.hc.client5.http.impl.io.PoolingHttpClientConnectionManager - ep-00000027: executing exchange ex-00000028 over http-outgoing-2
11:45:39.546 [Test worker] DEBUG com.github.dockerjava.zerodep.shaded.org.apache.hc.client5.http.headers - http-outgoing-2 >> GET /v1.32/containers/47a7ce05e61aa72bdced5a030ca6064519c62d122a5992816f04e0e528b5b17d/json HTTP/1.1
11:45:39.546 [Test worker] DEBUG com.github.dockerjava.zerodep.shaded.org.apache.hc.client5.http.headers - http-outgoing-2 >> accept: application/json
11:45:39.546 [Test worker] DEBUG com.github.dockerjava.zerodep.shaded.org.apache.hc.client5.http.headers - http-outgoing-2 >> x-tc-sid: c5b4bded-8a7b-4309-a94c-5bb153977152
11:45:39.546 [Test worker] DEBUG com.github.dockerjava.zerodep.shaded.org.apache.hc.client5.http.headers - http-outgoing-2 >> Accept-Encoding: gzip, x-gzip, deflate
11:45:39.546 [Test worker] DEBUG com.github.dockerjava.zerodep.shaded.org.apache.hc.client5.http.headers - http-outgoing-2 >> Host: localhost:2375
11:45:39.546 [Test worker] DEBUG com.github.dockerjava.zerodep.shaded.org.apache.hc.client5.http.headers - http-outgoing-2 >> Connection: keep-alive
11:45:39.546 [Test worker] DEBUG com.github.dockerjava.zerodep.shaded.org.apache.hc.client5.http.headers - http-outgoing-2 >> User-Agent: Apache-HttpClient/5.0.3 (Java/17.0.3)
11:45:39.546 [Test worker] DEBUG com.github.dockerjava.zerodep.shaded.org.apache.hc.client5.http.wire - http-outgoing-2 >> "GET /v1.32/containers/47a7ce05e61aa72bdced5a030ca6064519c62d122a5992816f04e0e528b5b17d/json HTTP/1.1[\r][\n]"
11:45:39.546 [Test worker] DEBUG com.github.dockerjava.zerodep.shaded.org.apache.hc.client5.http.wire - http-outgoing-2 >> "accept: application/json[\r][\n]"
11:45:39.546 [Test worker] DEBUG com.github.dockerjava.zerodep.shaded.org.apache.hc.client5.http.wire - http-outgoing-2 >> "x-tc-sid: c5b4bded-8a7b-4309-a94c-5bb153977152[\r][\n]"
11:45:39.546 [Test worker] DEBUG com.github.dockerjava.zerodep.shaded.org.apache.hc.client5.http.wire - http-outgoing-2 >> "Accept-Encoding: gzip, x-gzip, deflate[\r][\n]"
11:45:39.546 [Test worker] DEBUG com.github.dockerjava.zerodep.shaded.org.apache.hc.client5.http.wire - http-outgoing-2 >> "Host: localhost:2375[\r][\n]"
11:45:39.546 [Test worker] DEBUG com.github.dockerjava.zerodep.shaded.org.apache.hc.client5.http.wire - http-outgoing-2 >> "Connection: keep-alive[\r][\n]"
11:45:39.546 [Test worker] DEBUG com.github.dockerjava.zerodep.shaded.org.apache.hc.client5.http.wire - http-outgoing-2 >> "User-Agent: Apache-HttpClient/5.0.3 (Java/17.0.3)[\r][\n]"
11:45:39.546 [Test worker] DEBUG com.github.dockerjava.zerodep.shaded.org.apache.hc.client5.http.wire - http-outgoing-2 >> "[\r][\n]"
11:45:39.549 [Test worker] DEBUG com.github.dockerjava.zerodep.shaded.org.apache.hc.client5.http.wire - http-outgoing-2 << "HTTP/1.1 200 OK[\r][\n]"
11:45:39.549 [Test worker] DEBUG com.github.dockerjava.zerodep.shaded.org.apache.hc.client5.http.wire - http-outgoing-2 << "Api-Version: 1.41[\r][\n]"
11:45:39.549 [Test worker] DEBUG com.github.dockerjava.zerodep.shaded.org.apache.hc.client5.http.wire - http-outgoing-2 << "Content-Type: application/json[\r][\n]"
11:45:39.549 [Test worker] DEBUG com.github.dockerjava.zerodep.shaded.org.apache.hc.client5.http.wire - http-outgoing-2 << "Date: Mon, 26 Sep 2022 02:45:39 GMT[\r][\n]"
11:45:39.549 [Test worker] DEBUG com.github.dockerjava.zerodep.shaded.org.apache.hc.client5.http.wire - http-outgoing-2 << "Docker-Experimental: false[\r][\n]"
11:45:39.549 [Test worker] DEBUG com.github.dockerjava.zerodep.shaded.org.apache.hc.client5.http.wire - http-outgoing-2 << "Ostype: linux[\r][\n]"
11:45:39.549 [Test worker] DEBUG com.github.dockerjava.zerodep.shaded.org.apache.hc.client5.http.wire - http-outgoing-2 << "Server: Docker/20.10.11 (linux)[\r][\n]"
11:45:39.549 [Test worker] DEBUG com.github.dockerjava.zerodep.shaded.org.apache.hc.client5.http.wire - http-outgoing-2 << "Transfer-Encoding: chunked[\r][\n]"
11:45:39.549 [Test worker] DEBUG com.github.dockerjava.zerodep.shaded.org.apache.hc.client5.http.wire - http-outgoing-2 << "[\r][\n]"
11:45:39.549 [Test worker] DEBUG com.github.dockerjava.zerodep.shaded.org.apache.hc.client5.http.headers - http-outgoing-2 << HTTP/1.1 200 OK
11:45:39.549 [Test worker] DEBUG com.github.dockerjava.zerodep.shaded.org.apache.hc.client5.http.headers - http-outgoing-2 << Api-Version: 1.41
11:45:39.549 [Test worker] DEBUG com.github.dockerjava.zerodep.shaded.org.apache.hc.client5.http.headers - http-outgoing-2 << Content-Type: application/json
11:45:39.549 [Test worker] DEBUG com.github.dockerjava.zerodep.shaded.org.apache.hc.client5.http.headers - http-outgoing-2 << Date: Mon, 26 Sep 2022 02:45:39 GMT
11:45:39.549 [Test worker] DEBUG com.github.dockerjava.zerodep.shaded.org.apache.hc.client5.http.headers - http-outgoing-2 << Docker-Experimental: false
11:45:39.549 [Test worker] DEBUG com.github.dockerjava.zerodep.shaded.org.apache.hc.client5.http.headers - http-outgoing-2 << Ostype: linux
11:45:39.549 [Test worker] DEBUG com.github.dockerjava.zerodep.shaded.org.apache.hc.client5.http.headers - http-outgoing-2 << Server: Docker/20.10.11 (linux)
11:45:39.549 [Test worker] DEBUG com.github.dockerjava.zerodep.shaded.org.apache.hc.client5.http.headers - http-outgoing-2 << Transfer-Encoding: chunked
11:45:39.549 [Test worker] DEBUG com.github.dockerjava.zerodep.shaded.org.apache.hc.client5.http.impl.classic.MainClientExec - ex-00000028: connection can be kept alive for 3 MINUTES
11:45:39.550 [Test worker] DEBUG com.github.dockerjava.zerodep.shaded.org.apache.hc.client5.http.wire - http-outgoing-2 << "1882[\r][\n]"
11:45:39.550 [Test worker] DEBUG com.github.dockerjava.zerodep.shaded.org.apache.hc.client5.http.wire - http-outgoing-2 << "{"Id":"47a7ce05e61aa72bdced5a030ca6064519c62d122a5992816f04e0e528b5b17d","Created":"2022-09-26T02:45:36.042081626Z","Path":"docker-entrypoint.sh","Args":["mysqld"],"State":{"Status":"running","Running":true,"Paused":false,"Restarting":false,"OOMKilled":false,"Dead":false,"Pid":2251,"ExitCode":0,"Error":"","StartedAt":"2022-09-26T02:45:36.388226668Z","FinishedAt":"0001-01-01T00:00:00Z"},"Image":"sha256:5e229524f286e653111cb9d028bf1ba4c3490742c8cd18c84af22538f0e68575","ResolvConfPath":"/var/lib/docker/containers/47a7ce05e61aa72bdced5a030ca6064519c62d122a5992816f04e0e528b5b17d/resolv.conf","HostnamePath":"/var/lib/docker/containers/47a7ce05e61aa72bdced5a030ca6064519c62d122a5992816f04e0e528b5b17d/hostname","HostsPath":"/var/lib/docker/containers/47a7ce05e61aa72bdced5a030ca6064519c62d122a5992816f04e0e528b5b17d/hosts","LogPath":"/var/lib/docker/containers/47a7ce05e61aa72bdced5a030ca6064519c62d122a5992816f04e0e528b5b17d/47a7ce05e61aa72bdced5a030ca6064519c62d122a5992816f04e0e528b5b17d-json.log","Name":"/crazy_chaum","RestartCount":0,"Driver":"overlay2","Platform":"linux","MountLabel":"","ProcessLabel":"","AppArmorProfile":"","ExecIDs":null,"HostConfig":{"Binds":[],"ContainerIDFile":"","LogConfig":{"Type":"json-file","Config":{}},"NetworkMode":"default","PortBindings":{"3306/tcp":[{"HostIp":"0.0.0.0","HostPort":"0"}]},"RestartPolicy":{"Name":"","MaximumRetryCount":0},"AutoRemove":false,"VolumeDriver":"","VolumesFrom":[],"CapAdd":null,"CapDrop":null,"CgroupnsMode":"private","Dns":null,"DnsOptions":null,"DnsSearch":null,"ExtraHosts":[],"GroupAdd":null,"IpcMode":"shareable","Cgroup":"","Links":null,"OomScoreAdj":0,"PidMode":"","Privileged":false,"PublishAllPorts":false,"ReadonlyRootfs":false,"SecurityOpt":null,"UTSMode":"","UsernsMode":"","ShmSize":67108864,"Runtime":"runc","ConsoleSize":[0,0],"Isolation":"","CpuShares":0,"Memory":0,"NanoCpus":0,"CgroupParent":"","BlkioWeight":0,"BlkioWeightDevice":null,"BlkioDeviceReadBps":null,"BlkioDeviceWriteBps":null,"BlkioDeviceReadIOps":null,"BlkioDeviceWriteIOps":null,"CpuPeriod":0,"CpuQuota":0,"CpuRealtimePeriod":0,"CpuRealtimeRuntime":0,"CpusetCpus":"","CpusetMems":"","Devices":null,"DeviceCgroupRules":null,"DeviceRequests":null,"KernelMemory":0,"KernelMemoryTCP":0,"MemoryReservation":0,"MemorySwap":0,"MemorySwappiness":null,"OomKillDisable":null,"PidsLimit":null,"Ulimits":null,"CpuCount":0,"CpuPercent":0,"IOMaximumIOps":0,"IOMaximumBandwidth":0,"MaskedPaths":["/proc/asound","/proc/acpi","/proc/kcore","/proc/keys","/proc/latency_stats","/proc/timer_list","/proc/timer_stats","/proc/sched_debug","/proc/scsi","/sys/firmware"],"ReadonlyPaths":["/proc/bus","/proc/fs","/proc/irq","/proc/sys","/proc/sysrq-trigger"]},"GraphDriver":{"Data":{"LowerDir":"/var/lib/docker/overlay2/45da4782eb6c4075fef21a16271836d62c4e4726b16ef4c5ea199d4e626bdb39-init/diff:/var/lib/docker/overlay2/27a623f1ab748258e017a40f339844ef533377092bad4182aa320e9399893e13/diff:/var/lib/docker/overlay2/d7c1e4de558b6bbbdc3209a51fc73295262b5271709fe659d0e2e94f626eea74/diff:/var/lib/docker/overlay2/2df554f793c3600571e2f078ad2e20025d6b2e35f3d18881ead4f70e2cc26cb8/diff:/var/lib/docker/overlay2/feb23515577245ad51a24945de1e6bab842929569da912a2b4a33a48c6c2331f/diff:/var/lib/docker/overlay2/cc2cdbce154e19d9c4f376917b6c92ebd55b0b495124ffd2c9d7e9c82b6a95f9/diff:/var/lib/docker/overlay2/968467fe01280f82d26487386f320a15000815d63000d5ec89b47acca8f77ef2/diff:/var/lib/docker/overlay2/cc59daa314bbcaec43d6cd4064c7863b4b3976b989121dcf2e32c4710281f247/diff:/var/lib/docker/overlay2/dc5d8b1cf96cfd5d96d68fbed14248edf1244c1a4669ba07b0bab7f3d782f058/diff:/var/lib/docker/overlay2/dcca184158d696706cd99e62ffa3e5c42964eb57190bef35421cdf3f83a8c130/diff:/var/lib/docker/overlay2/a7f928596da67ce59f34b0ba4cee4a3b948b94f91ad0b0b6260dc54fb9b5a048/diff:/var/lib/docker/overlay2/6ac5adbfff6202b1faa13a2a2fd92625bdda668cdac1a1d2230becbb394e569f/diff","MergedDir":"/var/lib/docker/overlay2/45da4782eb6c4075fef21a16271836d62c4e4726b16ef4c5ea199d4e626bdb39/merged","UpperDir":"/var/lib/docker/overlay2/45da4782eb6c4075fef21a16271836d62c4e4726b16ef4c5ea199d4e626bdb39/diff","WorkDir":"/var/lib/docker/overlay2/45da4782eb6c4075fef21a16271836d62c4e4726b16ef4c5ea199d4e626bdb39/work"},"Name":"overlay2"},"Mounts":[{"Type":"volume","Name":"08668a73464516d2c615e247a561222f461f2385cff5615e53cc78e96456230c","Source":"/var/lib/docker/volumes/08668a73464516d2c615e247a561222f461f2385cff5615e53cc78e96456230c/_data","Destination":"/var/lib/mysql","Driver":"local","Mode":"","RW":true,"Propagation":""}],"Config":{"Hostname":"47a7ce05e61a","Domainname":"","User":"","AttachStdin":false,"AttachStdout":false,"AttachStderr":false,"ExposedPorts":{"3306/tcp":{},"33060/tcp":{}},"Tty":false,"OpenStdin":false,"StdinOnce":false,"Env":["MYSQL_DATABASE=lotification","MYSQL_PASSWORD=1234","MYSQL_USER=admin","MYSQL_ROOT_PASSWORD=1234","PATH=/usr/local/sbin:/usr/local/bin:/usr/sbin:/usr/bin:/sbin:/bin","GOSU_VERSION=1.14","MYSQL_MAJOR=8.0","MYSQL_VERSION=8.0.30-1.el8","MYSQL_SHELL_VERSION=8.0.30-1.el8"],"Cmd":["mysqld"],"Image":"mysql:8","Volumes":{"/var/lib/mysql":{}},"WorkingDir":"","Entrypoint":["docker-entrypoint.sh"],"OnBuild":null,"Labels":{"org.testcontainers":"true","org.testcontainers.sessionId":"c5b4bded-8a7b-4309-a94c-5bb153977152"}},"NetworkSettings":{"Bridge":"","SandboxID":"c87f478ec31081a2fc02a6d53fa5addc8f61962dea8dd5c17c1c641e1a25e99b","HairpinMode":false,"LinkLocalIPv6Address":"","LinkLocalIPv6PrefixLen":0,"Ports":{"3306/tcp":[{"HostIp":"0.0.0.0","HostPort":"63346"}],"33060/tcp":null},"SandboxKey":"/var/run/docker/netns/c87f478ec310","SecondaryIPAddresses":null,"SecondaryIPv6Addresses":null,"EndpointID":"7830774c518a6ae45bc93e5b48bd99e8a609aa29230b007326fa87b5ca32567f","Gateway":"172.17.0.1","GlobalIPv6Address":"","GlobalIPv6PrefixLen":0,"IPAddress":"172.17.0.4","IPPrefixLen":16,"IPv6Gateway":"","MacAddress":"02:42:ac:11:00:04","Networks":{"bridge":{"IPAMConfig":null,"Links":null,"Aliases":null,"NetworkID":"42b943ace1ba272d06317befbba08f853c5a08f211a0bdf3660599ced98f9c17","EndpointID":"7830774c518a6ae45bc93e5b48bd99e8a609aa29230b007326fa87b5ca32567f","Gateway":"172.17.0.1","IPAddress":"172.17.0.4","IPPrefixLen":16,"IPv6Gateway":"","GlobalIPv6Address":"","GlobalIPv6PrefixLen":0,"MacAddress":"02:42:ac:11:00:04","DriverOpts":null}}}}[\n]"
11:45:39.550 [Test worker] DEBUG com.github.dockerjava.zerodep.shaded.org.apache.hc.client5.http.wire - http-outgoing-2 << "[\r][\n]"
11:45:39.550 [Test worker] DEBUG com.github.dockerjava.zerodep.shaded.org.apache.hc.client5.http.wire - http-outgoing-2 << "0[\r][\n]"
11:45:39.550 [Test worker] DEBUG com.github.dockerjava.zerodep.shaded.org.apache.hc.client5.http.wire - http-outgoing-2 << "[\r][\n]"
11:45:39.550 [Test worker] DEBUG com.github.dockerjava.zerodep.shaded.org.apache.hc.client5.http.impl.classic.InternalHttpClient - ep-00000027: releasing valid endpoint
11:45:39.550 [Test worker] DEBUG com.github.dockerjava.zerodep.shaded.org.apache.hc.client5.http.impl.io.PoolingHttpClientConnectionManager - ep-00000027: releasing endpoint
11:45:39.550 [Test worker] DEBUG com.github.dockerjava.zerodep.shaded.org.apache.hc.client5.http.impl.io.PoolingHttpClientConnectionManager - ep-00000027: connection http-outgoing-2 can be kept alive for 3 MINUTES
11:45:39.550 [Test worker] DEBUG com.github.dockerjava.zerodep.shaded.org.apache.hc.client5.http.impl.io.PoolingHttpClientConnectionManager - ep-00000027: connection released [route: {}->unix://localhost:2375][total available: 1; route allocated: 1 of 2147483647; total allocated: 1 of 2147483647]
11:45:39.550 [Test worker] DEBUG ]]>&#x1f433;<![CDATA[ [mysql:8] - Trying to create JDBC connection using com.mysql.cj.jdbc.Driver to jdbc:mysql://localhost:63346/lotification?useSSL=false&allowPublicKeyRetrieval=true with properties: {password=1234, user=admin}
11:45:39.658 [Test worker] DEBUG org.testcontainers.shaded.com.github.dockerjava.core.command.AbstrDockerCmd - Cmd: 47a7ce05e61aa72bdced5a030ca6064519c62d122a5992816f04e0e528b5b17d,false
11:45:39.658 [Test worker] DEBUG org.testcontainers.shaded.com.github.dockerjava.core.exec.InspectContainerCmdExec - GET: DefaultWebTarget{path=[/containers/47a7ce05e61aa72bdced5a030ca6064519c62d122a5992816f04e0e528b5b17d/json], queryParams={}}
11:45:39.658 [Test worker] DEBUG com.github.dockerjava.zerodep.shaded.org.apache.hc.client5.http.impl.classic.InternalHttpClient - ex-00000029: preparing request execution
11:45:39.658 [Test worker] DEBUG com.github.dockerjava.zerodep.shaded.org.apache.hc.client5.http.protocol.RequestAddCookies - Cookie spec selected: strict
11:45:39.658 [Test worker] DEBUG com.github.dockerjava.zerodep.shaded.org.apache.hc.client5.http.protocol.RequestAuthCache - Auth cache not set in the context
11:45:39.658 [Test worker] DEBUG com.github.dockerjava.zerodep.shaded.org.apache.hc.client5.http.impl.classic.ProtocolExec - ex-00000029: target auth state: UNCHALLENGED
11:45:39.658 [Test worker] DEBUG com.github.dockerjava.zerodep.shaded.org.apache.hc.client5.http.impl.classic.ProtocolExec - ex-00000029: proxy auth state: UNCHALLENGED
11:45:39.658 [Test worker] DEBUG com.github.dockerjava.zerodep.shaded.org.apache.hc.client5.http.impl.classic.ConnectExec - ex-00000029: acquiring connection with route {}->unix://localhost:2375
11:45:39.658 [Test worker] DEBUG com.github.dockerjava.zerodep.shaded.org.apache.hc.client5.http.impl.classic.InternalHttpClient - ex-00000029: acquiring endpoint (3 MINUTES)
11:45:39.658 [Test worker] DEBUG com.github.dockerjava.zerodep.shaded.org.apache.hc.client5.http.impl.io.PoolingHttpClientConnectionManager - ex-00000029: endpoint lease request (3 MINUTES) [route: {}->unix://localhost:2375][total available: 1; route allocated: 1 of 2147483647; total allocated: 1 of 2147483647]
11:45:39.658 [Test worker] DEBUG com.github.dockerjava.zerodep.shaded.org.apache.hc.client5.http.impl.io.PoolingHttpClientConnectionManager - ex-00000029: endpoint leased [route: {}->unix://localhost:2375][total available: 0; route allocated: 1 of 2147483647; total allocated: 1 of 2147483647]
11:45:39.658 [Test worker] DEBUG com.github.dockerjava.zerodep.shaded.org.apache.hc.client5.http.impl.io.PoolingHttpClientConnectionManager - ex-00000029: acquired ep-00000028
11:45:39.659 [Test worker] DEBUG com.github.dockerjava.zerodep.shaded.org.apache.hc.client5.http.impl.classic.InternalHttpClient - ex-00000029: acquired endpoint ep-00000028
11:45:39.659 [Test worker] DEBUG com.github.dockerjava.zerodep.shaded.org.apache.hc.client5.http.impl.classic.MainClientExec - ex-00000029: executing GET /v1.32/containers/47a7ce05e61aa72bdced5a030ca6064519c62d122a5992816f04e0e528b5b17d/json HTTP/1.1
11:45:39.659 [Test worker] DEBUG com.github.dockerjava.zerodep.shaded.org.apache.hc.client5.http.impl.classic.InternalHttpClient - ep-00000028: start execution ex-00000029
11:45:39.659 [Test worker] DEBUG com.github.dockerjava.zerodep.shaded.org.apache.hc.client5.http.impl.io.PoolingHttpClientConnectionManager - ep-00000028: executing exchange ex-00000029 over http-outgoing-2
11:45:39.659 [Test worker] DEBUG com.github.dockerjava.zerodep.shaded.org.apache.hc.client5.http.headers - http-outgoing-2 >> GET /v1.32/containers/47a7ce05e61aa72bdced5a030ca6064519c62d122a5992816f04e0e528b5b17d/json HTTP/1.1
11:45:39.659 [Test worker] DEBUG com.github.dockerjava.zerodep.shaded.org.apache.hc.client5.http.headers - http-outgoing-2 >> accept: application/json
11:45:39.659 [Test worker] DEBUG com.github.dockerjava.zerodep.shaded.org.apache.hc.client5.http.headers - http-outgoing-2 >> x-tc-sid: c5b4bded-8a7b-4309-a94c-5bb153977152
11:45:39.659 [Test worker] DEBUG com.github.dockerjava.zerodep.shaded.org.apache.hc.client5.http.headers - http-outgoing-2 >> Accept-Encoding: gzip, x-gzip, deflate
11:45:39.659 [Test worker] DEBUG com.github.dockerjava.zerodep.shaded.org.apache.hc.client5.http.headers - http-outgoing-2 >> Host: localhost:2375
11:45:39.659 [Test worker] DEBUG com.github.dockerjava.zerodep.shaded.org.apache.hc.client5.http.headers - http-outgoing-2 >> Connection: keep-alive
11:45:39.659 [Test worker] DEBUG com.github.dockerjava.zerodep.shaded.org.apache.hc.client5.http.headers - http-outgoing-2 >> User-Agent: Apache-HttpClient/5.0.3 (Java/17.0.3)
11:45:39.659 [Test worker] DEBUG com.github.dockerjava.zerodep.shaded.org.apache.hc.client5.http.wire - http-outgoing-2 >> "GET /v1.32/containers/47a7ce05e61aa72bdced5a030ca6064519c62d122a5992816f04e0e528b5b17d/json HTTP/1.1[\r][\n]"
11:45:39.659 [Test worker] DEBUG com.github.dockerjava.zerodep.shaded.org.apache.hc.client5.http.wire - http-outgoing-2 >> "accept: application/json[\r][\n]"
11:45:39.659 [Test worker] DEBUG com.github.dockerjava.zerodep.shaded.org.apache.hc.client5.http.wire - http-outgoing-2 >> "x-tc-sid: c5b4bded-8a7b-4309-a94c-5bb153977152[\r][\n]"
11:45:39.659 [Test worker] DEBUG com.github.dockerjava.zerodep.shaded.org.apache.hc.client5.http.wire - http-outgoing-2 >> "Accept-Encoding: gzip, x-gzip, deflate[\r][\n]"
11:45:39.659 [Test worker] DEBUG com.github.dockerjava.zerodep.shaded.org.apache.hc.client5.http.wire - http-outgoing-2 >> "Host: localhost:2375[\r][\n]"
11:45:39.659 [Test worker] DEBUG com.github.dockerjava.zerodep.shaded.org.apache.hc.client5.http.wire - http-outgoing-2 >> "Connection: keep-alive[\r][\n]"
11:45:39.659 [Test worker] DEBUG com.github.dockerjava.zerodep.shaded.org.apache.hc.client5.http.wire - http-outgoing-2 >> "User-Agent: Apache-HttpClient/5.0.3 (Java/17.0.3)[\r][\n]"
11:45:39.659 [Test worker] DEBUG com.github.dockerjava.zerodep.shaded.org.apache.hc.client5.http.wire - http-outgoing-2 >> "[\r][\n]"
11:45:39.661 [Test worker] DEBUG com.github.dockerjava.zerodep.shaded.org.apache.hc.client5.http.wire - http-outgoing-2 << "HTTP/1.1 200 OK[\r][\n]"
11:45:39.661 [Test worker] DEBUG com.github.dockerjava.zerodep.shaded.org.apache.hc.client5.http.wire - http-outgoing-2 << "Api-Version: 1.41[\r][\n]"
11:45:39.661 [Test worker] DEBUG com.github.dockerjava.zerodep.shaded.org.apache.hc.client5.http.wire - http-outgoing-2 << "Content-Type: application/json[\r][\n]"
11:45:39.661 [Test worker] DEBUG com.github.dockerjava.zerodep.shaded.org.apache.hc.client5.http.wire - http-outgoing-2 << "Date: Mon, 26 Sep 2022 02:45:39 GMT[\r][\n]"
11:45:39.661 [Test worker] DEBUG com.github.dockerjava.zerodep.shaded.org.apache.hc.client5.http.wire - http-outgoing-2 << "Docker-Experimental: false[\r][\n]"
11:45:39.661 [Test worker] DEBUG com.github.dockerjava.zerodep.shaded.org.apache.hc.client5.http.wire - http-outgoing-2 << "Ostype: linux[\r][\n]"
11:45:39.661 [Test worker] DEBUG com.github.dockerjava.zerodep.shaded.org.apache.hc.client5.http.wire - http-outgoing-2 << "Server: Docker/20.10.11 (linux)[\r][\n]"
11:45:39.661 [Test worker] DEBUG com.github.dockerjava.zerodep.shaded.org.apache.hc.client5.http.wire - http-outgoing-2 << "Transfer-Encoding: chunked[\r][\n]"
11:45:39.661 [Test worker] DEBUG com.github.dockerjava.zerodep.shaded.org.apache.hc.client5.http.wire - http-outgoing-2 << "[\r][\n]"
11:45:39.661 [Test worker] DEBUG com.github.dockerjava.zerodep.shaded.org.apache.hc.client5.http.headers - http-outgoing-2 << HTTP/1.1 200 OK
11:45:39.661 [Test worker] DEBUG com.github.dockerjava.zerodep.shaded.org.apache.hc.client5.http.headers - http-outgoing-2 << Api-Version: 1.41
11:45:39.661 [Test worker] DEBUG com.github.dockerjava.zerodep.shaded.org.apache.hc.client5.http.headers - http-outgoing-2 << Content-Type: application/json
11:45:39.661 [Test worker] DEBUG com.github.dockerjava.zerodep.shaded.org.apache.hc.client5.http.headers - http-outgoing-2 << Date: Mon, 26 Sep 2022 02:45:39 GMT
11:45:39.661 [Test worker] DEBUG com.github.dockerjava.zerodep.shaded.org.apache.hc.client5.http.headers - http-outgoing-2 << Docker-Experimental: false
11:45:39.661 [Test worker] DEBUG com.github.dockerjava.zerodep.shaded.org.apache.hc.client5.http.headers - http-outgoing-2 << Ostype: linux
11:45:39.661 [Test worker] DEBUG com.github.dockerjava.zerodep.shaded.org.apache.hc.client5.http.headers - http-outgoing-2 << Server: Docker/20.10.11 (linux)
11:45:39.661 [Test worker] DEBUG com.github.dockerjava.zerodep.shaded.org.apache.hc.client5.http.headers - http-outgoing-2 << Transfer-Encoding: chunked
11:45:39.661 [Test worker] DEBUG com.github.dockerjava.zerodep.shaded.org.apache.hc.client5.http.impl.classic.MainClientExec - ex-00000029: connection can be kept alive for 3 MINUTES
11:45:39.661 [Test worker] DEBUG com.github.dockerjava.zerodep.shaded.org.apache.hc.client5.http.wire - http-outgoing-2 << "1882[\r][\n]"
11:45:39.661 [Test worker] DEBUG com.github.dockerjava.zerodep.shaded.org.apache.hc.client5.http.wire - http-outgoing-2 << "{"Id":"47a7ce05e61aa72bdced5a030ca6064519c62d122a5992816f04e0e528b5b17d","Created":"2022-09-26T02:45:36.042081626Z","Path":"docker-entrypoint.sh","Args":["mysqld"],"State":{"Status":"running","Running":true,"Paused":false,"Restarting":false,"OOMKilled":false,"Dead":false,"Pid":2251,"ExitCode":0,"Error":"","StartedAt":"2022-09-26T02:45:36.388226668Z","FinishedAt":"0001-01-01T00:00:00Z"},"Image":"sha256:5e229524f286e653111cb9d028bf1ba4c3490742c8cd18c84af22538f0e68575","ResolvConfPath":"/var/lib/docker/containers/47a7ce05e61aa72bdced5a030ca6064519c62d122a5992816f04e0e528b5b17d/resolv.conf","HostnamePath":"/var/lib/docker/containers/47a7ce05e61aa72bdced5a030ca6064519c62d122a5992816f04e0e528b5b17d/hostname","HostsPath":"/var/lib/docker/containers/47a7ce05e61aa72bdced5a030ca6064519c62d122a5992816f04e0e528b5b17d/hosts","LogPath":"/var/lib/docker/containers/47a7ce05e61aa72bdced5a030ca6064519c62d122a5992816f04e0e528b5b17d/47a7ce05e61aa72bdced5a030ca6064519c62d122a5992816f04e0e528b5b17d-json.log","Name":"/crazy_chaum","RestartCount":0,"Driver":"overlay2","Platform":"linux","MountLabel":"","ProcessLabel":"","AppArmorProfile":"","ExecIDs":null,"HostConfig":{"Binds":[],"ContainerIDFile":"","LogConfig":{"Type":"json-file","Config":{}},"NetworkMode":"default","PortBindings":{"3306/tcp":[{"HostIp":"0.0.0.0","HostPort":"0"}]},"RestartPolicy":{"Name":"","MaximumRetryCount":0},"AutoRemove":false,"VolumeDriver":"","VolumesFrom":[],"CapAdd":null,"CapDrop":null,"CgroupnsMode":"private","Dns":null,"DnsOptions":null,"DnsSearch":null,"ExtraHosts":[],"GroupAdd":null,"IpcMode":"shareable","Cgroup":"","Links":null,"OomScoreAdj":0,"PidMode":"","Privileged":false,"PublishAllPorts":false,"ReadonlyRootfs":false,"SecurityOpt":null,"UTSMode":"","UsernsMode":"","ShmSize":67108864,"Runtime":"runc","ConsoleSize":[0,0],"Isolation":"","CpuShares":0,"Memory":0,"NanoCpus":0,"CgroupParent":"","BlkioWeight":0,"BlkioWeightDevice":null,"BlkioDeviceReadBps":null,"BlkioDeviceWriteBps":null,"BlkioDeviceReadIOps":null,"BlkioDeviceWriteIOps":null,"CpuPeriod":0,"CpuQuota":0,"CpuRealtimePeriod":0,"CpuRealtimeRuntime":0,"CpusetCpus":"","CpusetMems":"","Devices":null,"DeviceCgroupRules":null,"DeviceRequests":null,"KernelMemory":0,"KernelMemoryTCP":0,"MemoryReservation":0,"MemorySwap":0,"MemorySwappiness":null,"OomKillDisable":null,"PidsLimit":null,"Ulimits":null,"CpuCount":0,"CpuPercent":0,"IOMaximumIOps":0,"IOMaximumBandwidth":0,"MaskedPaths":["/proc/asound","/proc/acpi","/proc/kcore","/proc/keys","/proc/latency_stats","/proc/timer_list","/proc/timer_stats","/proc/sched_debug","/proc/scsi","/sys/firmware"],"ReadonlyPaths":["/proc/bus","/proc/fs","/proc/irq","/proc/sys","/proc/sysrq-trigger"]},"GraphDriver":{"Data":{"LowerDir":"/var/lib/docker/overlay2/45da4782eb6c4075fef21a16271836d62c4e4726b16ef4c5ea199d4e626bdb39-init/diff:/var/lib/docker/overlay2/27a623f1ab748258e017a40f339844ef533377092bad4182aa320e9399893e13/diff:/var/lib/docker/overlay2/d7c1e4de558b6bbbdc3209a51fc73295262b5271709fe659d0e2e94f626eea74/diff:/var/lib/docker/overlay2/2df554f793c3600571e2f078ad2e20025d6b2e35f3d18881ead4f70e2cc26cb8/diff:/var/lib/docker/overlay2/feb23515577245ad51a24945de1e6bab842929569da912a2b4a33a48c6c2331f/diff:/var/lib/docker/overlay2/cc2cdbce154e19d9c4f376917b6c92ebd55b0b495124ffd2c9d7e9c82b6a95f9/diff:/var/lib/docker/overlay2/968467fe01280f82d26487386f320a15000815d63000d5ec89b47acca8f77ef2/diff:/var/lib/docker/overlay2/cc59daa314bbcaec43d6cd4064c7863b4b3976b989121dcf2e32c4710281f247/diff:/var/lib/docker/overlay2/dc5d8b1cf96cfd5d96d68fbed14248edf1244c1a4669ba07b0bab7f3d782f058/diff:/var/lib/docker/overlay2/dcca184158d696706cd99e62ffa3e5c42964eb57190bef35421cdf3f83a8c130/diff:/var/lib/docker/overlay2/a7f928596da67ce59f34b0ba4cee4a3b948b94f91ad0b0b6260dc54fb9b5a048/diff:/var/lib/docker/overlay2/6ac5adbfff6202b1faa13a2a2fd92625bdda668cdac1a1d2230becbb394e569f/diff","MergedDir":"/var/lib/docker/overlay2/45da4782eb6c4075fef21a16271836d62c4e4726b16ef4c5ea199d4e626bdb39/merged","UpperDir":"/var/lib/docker/overlay2/45da4782eb6c4075fef21a16271836d62c4e4726b16ef4c5ea199d4e626bdb39/diff","WorkDir":"/var/lib/docker/overlay2/45da4782eb6c4075fef21a16271836d62c4e4726b16ef4c5ea199d4e626bdb39/work"},"Name":"overlay2"},"Mounts":[{"Type":"volume","Name":"08668a73464516d2c615e247a561222f461f2385cff5615e53cc78e96456230c","Source":"/var/lib/docker/volumes/08668a73464516d2c615e247a561222f461f2385cff5615e53cc78e96456230c/_data","Destination":"/var/lib/mysql","Driver":"local","Mode":"","RW":true,"Propagation":""}],"Config":{"Hostname":"47a7ce05e61a","Domainname":"","User":"","AttachStdin":false,"AttachStdout":false,"AttachStderr":false,"ExposedPorts":{"3306/tcp":{},"33060/tcp":{}},"Tty":false,"OpenStdin":false,"StdinOnce":false,"Env":["MYSQL_DATABASE=lotification","MYSQL_PASSWORD=1234","MYSQL_USER=admin","MYSQL_ROOT_PASSWORD=1234","PATH=/usr/local/sbin:/usr/local/bin:/usr/sbin:/usr/bin:/sbin:/bin","GOSU_VERSION=1.14","MYSQL_MAJOR=8.0","MYSQL_VERSION=8.0.30-1.el8","MYSQL_SHELL_VERSION=8.0.30-1.el8"],"Cmd":["mysqld"],"Image":"mysql:8","Volumes":{"/var/lib/mysql":{}},"WorkingDir":"","Entrypoint":["docker-entrypoint.sh"],"OnBuild":null,"Labels":{"org.testcontainers":"true","org.testcontainers.sessionId":"c5b4bded-8a7b-4309-a94c-5bb153977152"}},"NetworkSettings":{"Bridge":"","SandboxID":"c87f478ec31081a2fc02a6d53fa5addc8f61962dea8dd5c17c1c641e1a25e99b","HairpinMode":false,"LinkLocalIPv6Address":"","LinkLocalIPv6PrefixLen":0,"Ports":{"3306/tcp":[{"HostIp":"0.0.0.0","HostPort":"63346"}],"33060/tcp":null},"SandboxKey":"/var/run/docker/netns/c87f478ec310","SecondaryIPAddresses":null,"SecondaryIPv6Addresses":null,"EndpointID":"7830774c518a6ae45bc93e5b48bd99e8a609aa29230b007326fa87b5ca32567f","Gateway":"172.17.0.1","GlobalIPv6Address":"","GlobalIPv6PrefixLen":0,"IPAddress":"172.17.0.4","IPPrefixLen":16,"IPv6Gateway":"","MacAddress":"02:42:ac:11:00:04","Networks":{"bridge":{"IPAMConfig":null,"Links":null,"Aliases":null,"NetworkID":"42b943ace1ba272d06317befbba08f853c5a08f211a0bdf3660599ced98f9c17","EndpointID":"7830774c518a6ae45bc93e5b48bd99e8a609aa29230b007326fa87b5ca32567f","Gateway":"172.17.0.1","IPAddress":"172.17.0.4","IPPrefixLen":16,"IPv6Gateway":"","GlobalIPv6Address":"","GlobalIPv6PrefixLen":0,"MacAddress":"02:42:ac:11:00:04","DriverOpts":null}}}}[\n]"
11:45:39.661 [Test worker] DEBUG com.github.dockerjava.zerodep.shaded.org.apache.hc.client5.http.wire - http-outgoing-2 << "[\r][\n]"
11:45:39.662 [Test worker] DEBUG com.github.dockerjava.zerodep.shaded.org.apache.hc.client5.http.wire - http-outgoing-2 << "0[\r][\n]"
11:45:39.662 [Test worker] DEBUG com.github.dockerjava.zerodep.shaded.org.apache.hc.client5.http.wire - http-outgoing-2 << "[\r][\n]"
11:45:39.662 [Test worker] DEBUG com.github.dockerjava.zerodep.shaded.org.apache.hc.client5.http.impl.classic.InternalHttpClient - ep-00000028: releasing valid endpoint
11:45:39.662 [Test worker] DEBUG com.github.dockerjava.zerodep.shaded.org.apache.hc.client5.http.impl.io.PoolingHttpClientConnectionManager - ep-00000028: releasing endpoint
11:45:39.662 [Test worker] DEBUG com.github.dockerjava.zerodep.shaded.org.apache.hc.client5.http.impl.io.PoolingHttpClientConnectionManager - ep-00000028: connection http-outgoing-2 can be kept alive for 3 MINUTES
11:45:39.662 [Test worker] DEBUG com.github.dockerjava.zerodep.shaded.org.apache.hc.client5.http.impl.io.PoolingHttpClientConnectionManager - ep-00000028: connection released [route: {}->unix://localhost:2375][total available: 1; route allocated: 1 of 2147483647; total allocated: 1 of 2147483647]
11:45:39.662 [Test worker] DEBUG ]]>&#x1f433;<![CDATA[ [mysql:8] - Trying to create JDBC connection using com.mysql.cj.jdbc.Driver to jdbc:mysql://localhost:63346/lotification?useSSL=false&allowPublicKeyRetrieval=true with properties: {password=1234, user=admin}
11:45:39.766 [Test worker] DEBUG org.testcontainers.shaded.com.github.dockerjava.core.command.AbstrDockerCmd - Cmd: 47a7ce05e61aa72bdced5a030ca6064519c62d122a5992816f04e0e528b5b17d,false
11:45:39.767 [Test worker] DEBUG org.testcontainers.shaded.com.github.dockerjava.core.exec.InspectContainerCmdExec - GET: DefaultWebTarget{path=[/containers/47a7ce05e61aa72bdced5a030ca6064519c62d122a5992816f04e0e528b5b17d/json], queryParams={}}
11:45:39.767 [Test worker] DEBUG com.github.dockerjava.zerodep.shaded.org.apache.hc.client5.http.impl.classic.InternalHttpClient - ex-0000002A: preparing request execution
11:45:39.767 [Test worker] DEBUG com.github.dockerjava.zerodep.shaded.org.apache.hc.client5.http.protocol.RequestAddCookies - Cookie spec selected: strict
11:45:39.767 [Test worker] DEBUG com.github.dockerjava.zerodep.shaded.org.apache.hc.client5.http.protocol.RequestAuthCache - Auth cache not set in the context
11:45:39.767 [Test worker] DEBUG com.github.dockerjava.zerodep.shaded.org.apache.hc.client5.http.impl.classic.ProtocolExec - ex-0000002A: target auth state: UNCHALLENGED
11:45:39.767 [Test worker] DEBUG com.github.dockerjava.zerodep.shaded.org.apache.hc.client5.http.impl.classic.ProtocolExec - ex-0000002A: proxy auth state: UNCHALLENGED
11:45:39.767 [Test worker] DEBUG com.github.dockerjava.zerodep.shaded.org.apache.hc.client5.http.impl.classic.ConnectExec - ex-0000002A: acquiring connection with route {}->unix://localhost:2375
11:45:39.767 [Test worker] DEBUG com.github.dockerjava.zerodep.shaded.org.apache.hc.client5.http.impl.classic.InternalHttpClient - ex-0000002A: acquiring endpoint (3 MINUTES)
11:45:39.767 [Test worker] DEBUG com.github.dockerjava.zerodep.shaded.org.apache.hc.client5.http.impl.io.PoolingHttpClientConnectionManager - ex-0000002A: endpoint lease request (3 MINUTES) [route: {}->unix://localhost:2375][total available: 1; route allocated: 1 of 2147483647; total allocated: 1 of 2147483647]
11:45:39.767 [Test worker] DEBUG com.github.dockerjava.zerodep.shaded.org.apache.hc.client5.http.impl.io.PoolingHttpClientConnectionManager - ex-0000002A: endpoint leased [route: {}->unix://localhost:2375][total available: 0; route allocated: 1 of 2147483647; total allocated: 1 of 2147483647]
11:45:39.767 [Test worker] DEBUG com.github.dockerjava.zerodep.shaded.org.apache.hc.client5.http.impl.io.PoolingHttpClientConnectionManager - ex-0000002A: acquired ep-00000029
11:45:39.767 [Test worker] DEBUG com.github.dockerjava.zerodep.shaded.org.apache.hc.client5.http.impl.classic.InternalHttpClient - ex-0000002A: acquired endpoint ep-00000029
11:45:39.767 [Test worker] DEBUG com.github.dockerjava.zerodep.shaded.org.apache.hc.client5.http.impl.classic.MainClientExec - ex-0000002A: executing GET /v1.32/containers/47a7ce05e61aa72bdced5a030ca6064519c62d122a5992816f04e0e528b5b17d/json HTTP/1.1
11:45:39.767 [Test worker] DEBUG com.github.dockerjava.zerodep.shaded.org.apache.hc.client5.http.impl.classic.InternalHttpClient - ep-00000029: start execution ex-0000002A
11:45:39.767 [Test worker] DEBUG com.github.dockerjava.zerodep.shaded.org.apache.hc.client5.http.impl.io.PoolingHttpClientConnectionManager - ep-00000029: executing exchange ex-0000002A over http-outgoing-2
11:45:39.767 [Test worker] DEBUG com.github.dockerjava.zerodep.shaded.org.apache.hc.client5.http.headers - http-outgoing-2 >> GET /v1.32/containers/47a7ce05e61aa72bdced5a030ca6064519c62d122a5992816f04e0e528b5b17d/json HTTP/1.1
11:45:39.767 [Test worker] DEBUG com.github.dockerjava.zerodep.shaded.org.apache.hc.client5.http.headers - http-outgoing-2 >> accept: application/json
11:45:39.767 [Test worker] DEBUG com.github.dockerjava.zerodep.shaded.org.apache.hc.client5.http.headers - http-outgoing-2 >> x-tc-sid: c5b4bded-8a7b-4309-a94c-5bb153977152
11:45:39.767 [Test worker] DEBUG com.github.dockerjava.zerodep.shaded.org.apache.hc.client5.http.headers - http-outgoing-2 >> Accept-Encoding: gzip, x-gzip, deflate
11:45:39.767 [Test worker] DEBUG com.github.dockerjava.zerodep.shaded.org.apache.hc.client5.http.headers - http-outgoing-2 >> Host: localhost:2375
11:45:39.767 [Test worker] DEBUG com.github.dockerjava.zerodep.shaded.org.apache.hc.client5.http.headers - http-outgoing-2 >> Connection: keep-alive
11:45:39.767 [Test worker] DEBUG com.github.dockerjava.zerodep.shaded.org.apache.hc.client5.http.headers - http-outgoing-2 >> User-Agent: Apache-HttpClient/5.0.3 (Java/17.0.3)
11:45:39.767 [Test worker] DEBUG com.github.dockerjava.zerodep.shaded.org.apache.hc.client5.http.wire - http-outgoing-2 >> "GET /v1.32/containers/47a7ce05e61aa72bdced5a030ca6064519c62d122a5992816f04e0e528b5b17d/json HTTP/1.1[\r][\n]"
11:45:39.767 [Test worker] DEBUG com.github.dockerjava.zerodep.shaded.org.apache.hc.client5.http.wire - http-outgoing-2 >> "accept: application/json[\r][\n]"
11:45:39.767 [Test worker] DEBUG com.github.dockerjava.zerodep.shaded.org.apache.hc.client5.http.wire - http-outgoing-2 >> "x-tc-sid: c5b4bded-8a7b-4309-a94c-5bb153977152[\r][\n]"
11:45:39.767 [Test worker] DEBUG com.github.dockerjava.zerodep.shaded.org.apache.hc.client5.http.wire - http-outgoing-2 >> "Accept-Encoding: gzip, x-gzip, deflate[\r][\n]"
11:45:39.767 [Test worker] DEBUG com.github.dockerjava.zerodep.shaded.org.apache.hc.client5.http.wire - http-outgoing-2 >> "Host: localhost:2375[\r][\n]"
11:45:39.767 [Test worker] DEBUG com.github.dockerjava.zerodep.shaded.org.apache.hc.client5.http.wire - http-outgoing-2 >> "Connection: keep-alive[\r][\n]"
11:45:39.767 [Test worker] DEBUG com.github.dockerjava.zerodep.shaded.org.apache.hc.client5.http.wire - http-outgoing-2 >> "User-Agent: Apache-HttpClient/5.0.3 (Java/17.0.3)[\r][\n]"
11:45:39.767 [Test worker] DEBUG com.github.dockerjava.zerodep.shaded.org.apache.hc.client5.http.wire - http-outgoing-2 >> "[\r][\n]"
11:45:39.770 [Test worker] DEBUG com.github.dockerjava.zerodep.shaded.org.apache.hc.client5.http.wire - http-outgoing-2 << "HTTP/1.1 200 OK[\r][\n]"
11:45:39.770 [Test worker] DEBUG com.github.dockerjava.zerodep.shaded.org.apache.hc.client5.http.wire - http-outgoing-2 << "Api-Version: 1.41[\r][\n]"
11:45:39.770 [Test worker] DEBUG com.github.dockerjava.zerodep.shaded.org.apache.hc.client5.http.wire - http-outgoing-2 << "Content-Type: application/json[\r][\n]"
11:45:39.770 [Test worker] DEBUG com.github.dockerjava.zerodep.shaded.org.apache.hc.client5.http.wire - http-outgoing-2 << "Date: Mon, 26 Sep 2022 02:45:39 GMT[\r][\n]"
11:45:39.770 [Test worker] DEBUG com.github.dockerjava.zerodep.shaded.org.apache.hc.client5.http.wire - http-outgoing-2 << "Docker-Experimental: false[\r][\n]"
11:45:39.770 [Test worker] DEBUG com.github.dockerjava.zerodep.shaded.org.apache.hc.client5.http.wire - http-outgoing-2 << "Ostype: linux[\r][\n]"
11:45:39.770 [Test worker] DEBUG com.github.dockerjava.zerodep.shaded.org.apache.hc.client5.http.wire - http-outgoing-2 << "Server: Docker/20.10.11 (linux)[\r][\n]"
11:45:39.770 [Test worker] DEBUG com.github.dockerjava.zerodep.shaded.org.apache.hc.client5.http.wire - http-outgoing-2 << "Transfer-Encoding: chunked[\r][\n]"
11:45:39.770 [Test worker] DEBUG com.github.dockerjava.zerodep.shaded.org.apache.hc.client5.http.wire - http-outgoing-2 << "[\r][\n]"
11:45:39.770 [Test worker] DEBUG com.github.dockerjava.zerodep.shaded.org.apache.hc.client5.http.headers - http-outgoing-2 << HTTP/1.1 200 OK
11:45:39.770 [Test worker] DEBUG com.github.dockerjava.zerodep.shaded.org.apache.hc.client5.http.headers - http-outgoing-2 << Api-Version: 1.41
11:45:39.770 [Test worker] DEBUG com.github.dockerjava.zerodep.shaded.org.apache.hc.client5.http.headers - http-outgoing-2 << Content-Type: application/json
11:45:39.770 [Test worker] DEBUG com.github.dockerjava.zerodep.shaded.org.apache.hc.client5.http.headers - http-outgoing-2 << Date: Mon, 26 Sep 2022 02:45:39 GMT
11:45:39.770 [Test worker] DEBUG com.github.dockerjava.zerodep.shaded.org.apache.hc.client5.http.headers - http-outgoing-2 << Docker-Experimental: false
11:45:39.770 [Test worker] DEBUG com.github.dockerjava.zerodep.shaded.org.apache.hc.client5.http.headers - http-outgoing-2 << Ostype: linux
11:45:39.770 [Test worker] DEBUG com.github.dockerjava.zerodep.shaded.org.apache.hc.client5.http.headers - http-outgoing-2 << Server: Docker/20.10.11 (linux)
11:45:39.770 [Test worker] DEBUG com.github.dockerjava.zerodep.shaded.org.apache.hc.client5.http.headers - http-outgoing-2 << Transfer-Encoding: chunked
11:45:39.770 [Test worker] DEBUG com.github.dockerjava.zerodep.shaded.org.apache.hc.client5.http.impl.classic.MainClientExec - ex-0000002A: connection can be kept alive for 3 MINUTES
11:45:39.770 [Test worker] DEBUG com.github.dockerjava.zerodep.shaded.org.apache.hc.client5.http.wire - http-outgoing-2 << "1882[\r][\n]"
11:45:39.770 [Test worker] DEBUG com.github.dockerjava.zerodep.shaded.org.apache.hc.client5.http.wire - http-outgoing-2 << "{"Id":"47a7ce05e61aa72bdced5a030ca6064519c62d122a5992816f04e0e528b5b17d","Created":"2022-09-26T02:45:36.042081626Z","Path":"docker-entrypoint.sh","Args":["mysqld"],"State":{"Status":"running","Running":true,"Paused":false,"Restarting":false,"OOMKilled":false,"Dead":false,"Pid":2251,"ExitCode":0,"Error":"","StartedAt":"2022-09-26T02:45:36.388226668Z","FinishedAt":"0001-01-01T00:00:00Z"},"Image":"sha256:5e229524f286e653111cb9d028bf1ba4c3490742c8cd18c84af22538f0e68575","ResolvConfPath":"/var/lib/docker/containers/47a7ce05e61aa72bdced5a030ca6064519c62d122a5992816f04e0e528b5b17d/resolv.conf","HostnamePath":"/var/lib/docker/containers/47a7ce05e61aa72bdced5a030ca6064519c62d122a5992816f04e0e528b5b17d/hostname","HostsPath":"/var/lib/docker/containers/47a7ce05e61aa72bdced5a030ca6064519c62d122a5992816f04e0e528b5b17d/hosts","LogPath":"/var/lib/docker/containers/47a7ce05e61aa72bdced5a030ca6064519c62d122a5992816f04e0e528b5b17d/47a7ce05e61aa72bdced5a030ca6064519c62d122a5992816f04e0e528b5b17d-json.log","Name":"/crazy_chaum","RestartCount":0,"Driver":"overlay2","Platform":"linux","MountLabel":"","ProcessLabel":"","AppArmorProfile":"","ExecIDs":null,"HostConfig":{"Binds":[],"ContainerIDFile":"","LogConfig":{"Type":"json-file","Config":{}},"NetworkMode":"default","PortBindings":{"3306/tcp":[{"HostIp":"0.0.0.0","HostPort":"0"}]},"RestartPolicy":{"Name":"","MaximumRetryCount":0},"AutoRemove":false,"VolumeDriver":"","VolumesFrom":[],"CapAdd":null,"CapDrop":null,"CgroupnsMode":"private","Dns":null,"DnsOptions":null,"DnsSearch":null,"ExtraHosts":[],"GroupAdd":null,"IpcMode":"shareable","Cgroup":"","Links":null,"OomScoreAdj":0,"PidMode":"","Privileged":false,"PublishAllPorts":false,"ReadonlyRootfs":false,"SecurityOpt":null,"UTSMode":"","UsernsMode":"","ShmSize":67108864,"Runtime":"runc","ConsoleSize":[0,0],"Isolation":"","CpuShares":0,"Memory":0,"NanoCpus":0,"CgroupParent":"","BlkioWeight":0,"BlkioWeightDevice":null,"BlkioDeviceReadBps":null,"BlkioDeviceWriteBps":null,"BlkioDeviceReadIOps":null,"BlkioDeviceWriteIOps":null,"CpuPeriod":0,"CpuQuota":0,"CpuRealtimePeriod":0,"CpuRealtimeRuntime":0,"CpusetCpus":"","CpusetMems":"","Devices":null,"DeviceCgroupRules":null,"DeviceRequests":null,"KernelMemory":0,"KernelMemoryTCP":0,"MemoryReservation":0,"MemorySwap":0,"MemorySwappiness":null,"OomKillDisable":null,"PidsLimit":null,"Ulimits":null,"CpuCount":0,"CpuPercent":0,"IOMaximumIOps":0,"IOMaximumBandwidth":0,"MaskedPaths":["/proc/asound","/proc/acpi","/proc/kcore","/proc/keys","/proc/latency_stats","/proc/timer_list","/proc/timer_stats","/proc/sched_debug","/proc/scsi","/sys/firmware"],"ReadonlyPaths":["/proc/bus","/proc/fs","/proc/irq","/proc/sys","/proc/sysrq-trigger"]},"GraphDriver":{"Data":{"LowerDir":"/var/lib/docker/overlay2/45da4782eb6c4075fef21a16271836d62c4e4726b16ef4c5ea199d4e626bdb39-init/diff:/var/lib/docker/overlay2/27a623f1ab748258e017a40f339844ef533377092bad4182aa320e9399893e13/diff:/var/lib/docker/overlay2/d7c1e4de558b6bbbdc3209a51fc73295262b5271709fe659d0e2e94f626eea74/diff:/var/lib/docker/overlay2/2df554f793c3600571e2f078ad2e20025d6b2e35f3d18881ead4f70e2cc26cb8/diff:/var/lib/docker/overlay2/feb23515577245ad51a24945de1e6bab842929569da912a2b4a33a48c6c2331f/diff:/var/lib/docker/overlay2/cc2cdbce154e19d9c4f376917b6c92ebd55b0b495124ffd2c9d7e9c82b6a95f9/diff:/var/lib/docker/overlay2/968467fe01280f82d26487386f320a15000815d63000d5ec89b47acca8f77ef2/diff:/var/lib/docker/overlay2/cc59daa314bbcaec43d6cd4064c7863b4b3976b989121dcf2e32c4710281f247/diff:/var/lib/docker/overlay2/dc5d8b1cf96cfd5d96d68fbed14248edf1244c1a4669ba07b0bab7f3d782f058/diff:/var/lib/docker/overlay2/dcca184158d696706cd99e62ffa3e5c42964eb57190bef35421cdf3f83a8c130/diff:/var/lib/docker/overlay2/a7f928596da67ce59f34b0ba4cee4a3b948b94f91ad0b0b6260dc54fb9b5a048/diff:/var/lib/docker/overlay2/6ac5adbfff6202b1faa13a2a2fd92625bdda668cdac1a1d2230becbb394e569f/diff","MergedDir":"/var/lib/docker/overlay2/45da4782eb6c4075fef21a16271836d62c4e4726b16ef4c5ea199d4e626bdb39/merged","UpperDir":"/var/lib/docker/overlay2/45da4782eb6c4075fef21a16271836d62c4e4726b16ef4c5ea199d4e626bdb39/diff","WorkDir":"/var/lib/docker/overlay2/45da4782eb6c4075fef21a16271836d62c4e4726b16ef4c5ea199d4e626bdb39/work"},"Name":"overlay2"},"Mounts":[{"Type":"volume","Name":"08668a73464516d2c615e247a561222f461f2385cff5615e53cc78e96456230c","Source":"/var/lib/docker/volumes/08668a73464516d2c615e247a561222f461f2385cff5615e53cc78e96456230c/_data","Destination":"/var/lib/mysql","Driver":"local","Mode":"","RW":true,"Propagation":""}],"Config":{"Hostname":"47a7ce05e61a","Domainname":"","User":"","AttachStdin":false,"AttachStdout":false,"AttachStderr":false,"ExposedPorts":{"3306/tcp":{},"33060/tcp":{}},"Tty":false,"OpenStdin":false,"StdinOnce":false,"Env":["MYSQL_DATABASE=lotification","MYSQL_PASSWORD=1234","MYSQL_USER=admin","MYSQL_ROOT_PASSWORD=1234","PATH=/usr/local/sbin:/usr/local/bin:/usr/sbin:/usr/bin:/sbin:/bin","GOSU_VERSION=1.14","MYSQL_MAJOR=8.0","MYSQL_VERSION=8.0.30-1.el8","MYSQL_SHELL_VERSION=8.0.30-1.el8"],"Cmd":["mysqld"],"Image":"mysql:8","Volumes":{"/var/lib/mysql":{}},"WorkingDir":"","Entrypoint":["docker-entrypoint.sh"],"OnBuild":null,"Labels":{"org.testcontainers":"true","org.testcontainers.sessionId":"c5b4bded-8a7b-4309-a94c-5bb153977152"}},"NetworkSettings":{"Bridge":"","SandboxID":"c87f478ec31081a2fc02a6d53fa5addc8f61962dea8dd5c17c1c641e1a25e99b","HairpinMode":false,"LinkLocalIPv6Address":"","LinkLocalIPv6PrefixLen":0,"Ports":{"3306/tcp":[{"HostIp":"0.0.0.0","HostPort":"63346"}],"33060/tcp":null},"SandboxKey":"/var/run/docker/netns/c87f478ec310","SecondaryIPAddresses":null,"SecondaryIPv6Addresses":null,"EndpointID":"7830774c518a6ae45bc93e5b48bd99e8a609aa29230b007326fa87b5ca32567f","Gateway":"172.17.0.1","GlobalIPv6Address":"","GlobalIPv6PrefixLen":0,"IPAddress":"172.17.0.4","IPPrefixLen":16,"IPv6Gateway":"","MacAddress":"02:42:ac:11:00:04","Networks":{"bridge":{"IPAMConfig":null,"Links":null,"Aliases":null,"NetworkID":"42b943ace1ba272d06317befbba08f853c5a08f211a0bdf3660599ced98f9c17","EndpointID":"7830774c518a6ae45bc93e5b48bd99e8a609aa29230b007326fa87b5ca32567f","Gateway":"172.17.0.1","IPAddress":"172.17.0.4","IPPrefixLen":16,"IPv6Gateway":"","GlobalIPv6Address":"","GlobalIPv6PrefixLen":0,"MacAddress":"02:42:ac:11:00:04","DriverOpts":null}}}}[\n]"
11:45:39.770 [Test worker] DEBUG com.github.dockerjava.zerodep.shaded.org.apache.hc.client5.http.wire - http-outgoing-2 << "[\r][\n]"
11:45:39.771 [Test worker] DEBUG com.github.dockerjava.zerodep.shaded.org.apache.hc.client5.http.wire - http-outgoing-2 << "0[\r][\n]"
11:45:39.771 [Test worker] DEBUG com.github.dockerjava.zerodep.shaded.org.apache.hc.client5.http.wire - http-outgoing-2 << "[\r][\n]"
11:45:39.771 [Test worker] DEBUG com.github.dockerjava.zerodep.shaded.org.apache.hc.client5.http.impl.classic.InternalHttpClient - ep-00000029: releasing valid endpoint
11:45:39.771 [Test worker] DEBUG com.github.dockerjava.zerodep.shaded.org.apache.hc.client5.http.impl.io.PoolingHttpClientConnectionManager - ep-00000029: releasing endpoint
11:45:39.771 [Test worker] DEBUG com.github.dockerjava.zerodep.shaded.org.apache.hc.client5.http.impl.io.PoolingHttpClientConnectionManager - ep-00000029: connection http-outgoing-2 can be kept alive for 3 MINUTES
11:45:39.771 [Test worker] DEBUG com.github.dockerjava.zerodep.shaded.org.apache.hc.client5.http.impl.io.PoolingHttpClientConnectionManager - ep-00000029: connection released [route: {}->unix://localhost:2375][total available: 1; route allocated: 1 of 2147483647; total allocated: 1 of 2147483647]
11:45:39.771 [Test worker] DEBUG ]]>&#x1f433;<![CDATA[ [mysql:8] - Trying to create JDBC connection using com.mysql.cj.jdbc.Driver to jdbc:mysql://localhost:63346/lotification?useSSL=false&allowPublicKeyRetrieval=true with properties: {password=1234, user=admin}
11:45:39.874 [Test worker] DEBUG org.testcontainers.shaded.com.github.dockerjava.core.command.AbstrDockerCmd - Cmd: 47a7ce05e61aa72bdced5a030ca6064519c62d122a5992816f04e0e528b5b17d,false
11:45:39.874 [Test worker] DEBUG org.testcontainers.shaded.com.github.dockerjava.core.exec.InspectContainerCmdExec - GET: DefaultWebTarget{path=[/containers/47a7ce05e61aa72bdced5a030ca6064519c62d122a5992816f04e0e528b5b17d/json], queryParams={}}
11:45:39.874 [Test worker] DEBUG com.github.dockerjava.zerodep.shaded.org.apache.hc.client5.http.impl.classic.InternalHttpClient - ex-0000002B: preparing request execution
11:45:39.874 [Test worker] DEBUG com.github.dockerjava.zerodep.shaded.org.apache.hc.client5.http.protocol.RequestAddCookies - Cookie spec selected: strict
11:45:39.874 [Test worker] DEBUG com.github.dockerjava.zerodep.shaded.org.apache.hc.client5.http.protocol.RequestAuthCache - Auth cache not set in the context
11:45:39.874 [Test worker] DEBUG com.github.dockerjava.zerodep.shaded.org.apache.hc.client5.http.impl.classic.ProtocolExec - ex-0000002B: target auth state: UNCHALLENGED
11:45:39.874 [Test worker] DEBUG com.github.dockerjava.zerodep.shaded.org.apache.hc.client5.http.impl.classic.ProtocolExec - ex-0000002B: proxy auth state: UNCHALLENGED
11:45:39.874 [Test worker] DEBUG com.github.dockerjava.zerodep.shaded.org.apache.hc.client5.http.impl.classic.ConnectExec - ex-0000002B: acquiring connection with route {}->unix://localhost:2375
11:45:39.874 [Test worker] DEBUG com.github.dockerjava.zerodep.shaded.org.apache.hc.client5.http.impl.classic.InternalHttpClient - ex-0000002B: acquiring endpoint (3 MINUTES)
11:45:39.874 [Test worker] DEBUG com.github.dockerjava.zerodep.shaded.org.apache.hc.client5.http.impl.io.PoolingHttpClientConnectionManager - ex-0000002B: endpoint lease request (3 MINUTES) [route: {}->unix://localhost:2375][total available: 1; route allocated: 1 of 2147483647; total allocated: 1 of 2147483647]
11:45:39.875 [Test worker] DEBUG com.github.dockerjava.zerodep.shaded.org.apache.hc.client5.http.impl.io.PoolingHttpClientConnectionManager - ex-0000002B: endpoint leased [route: {}->unix://localhost:2375][total available: 0; route allocated: 1 of 2147483647; total allocated: 1 of 2147483647]
11:45:39.875 [Test worker] DEBUG com.github.dockerjava.zerodep.shaded.org.apache.hc.client5.http.impl.io.PoolingHttpClientConnectionManager - ex-0000002B: acquired ep-0000002A
11:45:39.875 [Test worker] DEBUG com.github.dockerjava.zerodep.shaded.org.apache.hc.client5.http.impl.classic.InternalHttpClient - ex-0000002B: acquired endpoint ep-0000002A
11:45:39.875 [Test worker] DEBUG com.github.dockerjava.zerodep.shaded.org.apache.hc.client5.http.impl.classic.MainClientExec - ex-0000002B: executing GET /v1.32/containers/47a7ce05e61aa72bdced5a030ca6064519c62d122a5992816f04e0e528b5b17d/json HTTP/1.1
11:45:39.875 [Test worker] DEBUG com.github.dockerjava.zerodep.shaded.org.apache.hc.client5.http.impl.classic.InternalHttpClient - ep-0000002A: start execution ex-0000002B
11:45:39.875 [Test worker] DEBUG com.github.dockerjava.zerodep.shaded.org.apache.hc.client5.http.impl.io.PoolingHttpClientConnectionManager - ep-0000002A: executing exchange ex-0000002B over http-outgoing-2
11:45:39.875 [Test worker] DEBUG com.github.dockerjava.zerodep.shaded.org.apache.hc.client5.http.headers - http-outgoing-2 >> GET /v1.32/containers/47a7ce05e61aa72bdced5a030ca6064519c62d122a5992816f04e0e528b5b17d/json HTTP/1.1
11:45:39.875 [Test worker] DEBUG com.github.dockerjava.zerodep.shaded.org.apache.hc.client5.http.headers - http-outgoing-2 >> accept: application/json
11:45:39.875 [Test worker] DEBUG com.github.dockerjava.zerodep.shaded.org.apache.hc.client5.http.headers - http-outgoing-2 >> x-tc-sid: c5b4bded-8a7b-4309-a94c-5bb153977152
11:45:39.875 [Test worker] DEBUG com.github.dockerjava.zerodep.shaded.org.apache.hc.client5.http.headers - http-outgoing-2 >> Accept-Encoding: gzip, x-gzip, deflate
11:45:39.875 [Test worker] DEBUG com.github.dockerjava.zerodep.shaded.org.apache.hc.client5.http.headers - http-outgoing-2 >> Host: localhost:2375
11:45:39.875 [Test worker] DEBUG com.github.dockerjava.zerodep.shaded.org.apache.hc.client5.http.headers - http-outgoing-2 >> Connection: keep-alive
11:45:39.875 [Test worker] DEBUG com.github.dockerjava.zerodep.shaded.org.apache.hc.client5.http.headers - http-outgoing-2 >> User-Agent: Apache-HttpClient/5.0.3 (Java/17.0.3)
11:45:39.875 [Test worker] DEBUG com.github.dockerjava.zerodep.shaded.org.apache.hc.client5.http.wire - http-outgoing-2 >> "GET /v1.32/containers/47a7ce05e61aa72bdced5a030ca6064519c62d122a5992816f04e0e528b5b17d/json HTTP/1.1[\r][\n]"
11:45:39.875 [Test worker] DEBUG com.github.dockerjava.zerodep.shaded.org.apache.hc.client5.http.wire - http-outgoing-2 >> "accept: application/json[\r][\n]"
11:45:39.875 [Test worker] DEBUG com.github.dockerjava.zerodep.shaded.org.apache.hc.client5.http.wire - http-outgoing-2 >> "x-tc-sid: c5b4bded-8a7b-4309-a94c-5bb153977152[\r][\n]"
11:45:39.875 [Test worker] DEBUG com.github.dockerjava.zerodep.shaded.org.apache.hc.client5.http.wire - http-outgoing-2 >> "Accept-Encoding: gzip, x-gzip, deflate[\r][\n]"
11:45:39.875 [Test worker] DEBUG com.github.dockerjava.zerodep.shaded.org.apache.hc.client5.http.wire - http-outgoing-2 >> "Host: localhost:2375[\r][\n]"
11:45:39.875 [Test worker] DEBUG com.github.dockerjava.zerodep.shaded.org.apache.hc.client5.http.wire - http-outgoing-2 >> "Connection: keep-alive[\r][\n]"
11:45:39.875 [Test worker] DEBUG com.github.dockerjava.zerodep.shaded.org.apache.hc.client5.http.wire - http-outgoing-2 >> "User-Agent: Apache-HttpClient/5.0.3 (Java/17.0.3)[\r][\n]"
11:45:39.875 [Test worker] DEBUG com.github.dockerjava.zerodep.shaded.org.apache.hc.client5.http.wire - http-outgoing-2 >> "[\r][\n]"
11:45:39.877 [Test worker] DEBUG com.github.dockerjava.zerodep.shaded.org.apache.hc.client5.http.wire - http-outgoing-2 << "HTTP/1.1 200 OK[\r][\n]"
11:45:39.877 [Test worker] DEBUG com.github.dockerjava.zerodep.shaded.org.apache.hc.client5.http.wire - http-outgoing-2 << "Api-Version: 1.41[\r][\n]"
11:45:39.877 [Test worker] DEBUG com.github.dockerjava.zerodep.shaded.org.apache.hc.client5.http.wire - http-outgoing-2 << "Content-Type: application/json[\r][\n]"
11:45:39.877 [Test worker] DEBUG com.github.dockerjava.zerodep.shaded.org.apache.hc.client5.http.wire - http-outgoing-2 << "Date: Mon, 26 Sep 2022 02:45:39 GMT[\r][\n]"
11:45:39.877 [Test worker] DEBUG com.github.dockerjava.zerodep.shaded.org.apache.hc.client5.http.wire - http-outgoing-2 << "Docker-Experimental: false[\r][\n]"
11:45:39.877 [Test worker] DEBUG com.github.dockerjava.zerodep.shaded.org.apache.hc.client5.http.wire - http-outgoing-2 << "Ostype: linux[\r][\n]"
11:45:39.877 [Test worker] DEBUG com.github.dockerjava.zerodep.shaded.org.apache.hc.client5.http.wire - http-outgoing-2 << "Server: Docker/20.10.11 (linux)[\r][\n]"
11:45:39.877 [Test worker] DEBUG com.github.dockerjava.zerodep.shaded.org.apache.hc.client5.http.wire - http-outgoing-2 << "Transfer-Encoding: chunked[\r][\n]"
11:45:39.877 [Test worker] DEBUG com.github.dockerjava.zerodep.shaded.org.apache.hc.client5.http.wire - http-outgoing-2 << "[\r][\n]"
11:45:39.877 [Test worker] DEBUG com.github.dockerjava.zerodep.shaded.org.apache.hc.client5.http.headers - http-outgoing-2 << HTTP/1.1 200 OK
11:45:39.877 [Test worker] DEBUG com.github.dockerjava.zerodep.shaded.org.apache.hc.client5.http.headers - http-outgoing-2 << Api-Version: 1.41
11:45:39.877 [Test worker] DEBUG com.github.dockerjava.zerodep.shaded.org.apache.hc.client5.http.headers - http-outgoing-2 << Content-Type: application/json
11:45:39.877 [Test worker] DEBUG com.github.dockerjava.zerodep.shaded.org.apache.hc.client5.http.headers - http-outgoing-2 << Date: Mon, 26 Sep 2022 02:45:39 GMT
11:45:39.877 [Test worker] DEBUG com.github.dockerjava.zerodep.shaded.org.apache.hc.client5.http.headers - http-outgoing-2 << Docker-Experimental: false
11:45:39.877 [Test worker] DEBUG com.github.dockerjava.zerodep.shaded.org.apache.hc.client5.http.headers - http-outgoing-2 << Ostype: linux
11:45:39.877 [Test worker] DEBUG com.github.dockerjava.zerodep.shaded.org.apache.hc.client5.http.headers - http-outgoing-2 << Server: Docker/20.10.11 (linux)
11:45:39.877 [Test worker] DEBUG com.github.dockerjava.zerodep.shaded.org.apache.hc.client5.http.headers - http-outgoing-2 << Transfer-Encoding: chunked
11:45:39.878 [Test worker] DEBUG com.github.dockerjava.zerodep.shaded.org.apache.hc.client5.http.impl.classic.MainClientExec - ex-0000002B: connection can be kept alive for 3 MINUTES
11:45:39.878 [Test worker] DEBUG com.github.dockerjava.zerodep.shaded.org.apache.hc.client5.http.wire - http-outgoing-2 << "1882[\r][\n]"
11:45:39.878 [Test worker] DEBUG com.github.dockerjava.zerodep.shaded.org.apache.hc.client5.http.wire - http-outgoing-2 << "{"Id":"47a7ce05e61aa72bdced5a030ca6064519c62d122a5992816f04e0e528b5b17d","Created":"2022-09-26T02:45:36.042081626Z","Path":"docker-entrypoint.sh","Args":["mysqld"],"State":{"Status":"running","Running":true,"Paused":false,"Restarting":false,"OOMKilled":false,"Dead":false,"Pid":2251,"ExitCode":0,"Error":"","StartedAt":"2022-09-26T02:45:36.388226668Z","FinishedAt":"0001-01-01T00:00:00Z"},"Image":"sha256:5e229524f286e653111cb9d028bf1ba4c3490742c8cd18c84af22538f0e68575","ResolvConfPath":"/var/lib/docker/containers/47a7ce05e61aa72bdced5a030ca6064519c62d122a5992816f04e0e528b5b17d/resolv.conf","HostnamePath":"/var/lib/docker/containers/47a7ce05e61aa72bdced5a030ca6064519c62d122a5992816f04e0e528b5b17d/hostname","HostsPath":"/var/lib/docker/containers/47a7ce05e61aa72bdced5a030ca6064519c62d122a5992816f04e0e528b5b17d/hosts","LogPath":"/var/lib/docker/containers/47a7ce05e61aa72bdced5a030ca6064519c62d122a5992816f04e0e528b5b17d/47a7ce05e61aa72bdced5a030ca6064519c62d122a5992816f04e0e528b5b17d-json.log","Name":"/crazy_chaum","RestartCount":0,"Driver":"overlay2","Platform":"linux","MountLabel":"","ProcessLabel":"","AppArmorProfile":"","ExecIDs":null,"HostConfig":{"Binds":[],"ContainerIDFile":"","LogConfig":{"Type":"json-file","Config":{}},"NetworkMode":"default","PortBindings":{"3306/tcp":[{"HostIp":"0.0.0.0","HostPort":"0"}]},"RestartPolicy":{"Name":"","MaximumRetryCount":0},"AutoRemove":false,"VolumeDriver":"","VolumesFrom":[],"CapAdd":null,"CapDrop":null,"CgroupnsMode":"private","Dns":null,"DnsOptions":null,"DnsSearch":null,"ExtraHosts":[],"GroupAdd":null,"IpcMode":"shareable","Cgroup":"","Links":null,"OomScoreAdj":0,"PidMode":"","Privileged":false,"PublishAllPorts":false,"ReadonlyRootfs":false,"SecurityOpt":null,"UTSMode":"","UsernsMode":"","ShmSize":67108864,"Runtime":"runc","ConsoleSize":[0,0],"Isolation":"","CpuShares":0,"Memory":0,"NanoCpus":0,"CgroupParent":"","BlkioWeight":0,"BlkioWeightDevice":null,"BlkioDeviceReadBps":null,"BlkioDeviceWriteBps":null,"BlkioDeviceReadIOps":null,"BlkioDeviceWriteIOps":null,"CpuPeriod":0,"CpuQuota":0,"CpuRealtimePeriod":0,"CpuRealtimeRuntime":0,"CpusetCpus":"","CpusetMems":"","Devices":null,"DeviceCgroupRules":null,"DeviceRequests":null,"KernelMemory":0,"KernelMemoryTCP":0,"MemoryReservation":0,"MemorySwap":0,"MemorySwappiness":null,"OomKillDisable":null,"PidsLimit":null,"Ulimits":null,"CpuCount":0,"CpuPercent":0,"IOMaximumIOps":0,"IOMaximumBandwidth":0,"MaskedPaths":["/proc/asound","/proc/acpi","/proc/kcore","/proc/keys","/proc/latency_stats","/proc/timer_list","/proc/timer_stats","/proc/sched_debug","/proc/scsi","/sys/firmware"],"ReadonlyPaths":["/proc/bus","/proc/fs","/proc/irq","/proc/sys","/proc/sysrq-trigger"]},"GraphDriver":{"Data":{"LowerDir":"/var/lib/docker/overlay2/45da4782eb6c4075fef21a16271836d62c4e4726b16ef4c5ea199d4e626bdb39-init/diff:/var/lib/docker/overlay2/27a623f1ab748258e017a40f339844ef533377092bad4182aa320e9399893e13/diff:/var/lib/docker/overlay2/d7c1e4de558b6bbbdc3209a51fc73295262b5271709fe659d0e2e94f626eea74/diff:/var/lib/docker/overlay2/2df554f793c3600571e2f078ad2e20025d6b2e35f3d18881ead4f70e2cc26cb8/diff:/var/lib/docker/overlay2/feb23515577245ad51a24945de1e6bab842929569da912a2b4a33a48c6c2331f/diff:/var/lib/docker/overlay2/cc2cdbce154e19d9c4f376917b6c92ebd55b0b495124ffd2c9d7e9c82b6a95f9/diff:/var/lib/docker/overlay2/968467fe01280f82d26487386f320a15000815d63000d5ec89b47acca8f77ef2/diff:/var/lib/docker/overlay2/cc59daa314bbcaec43d6cd4064c7863b4b3976b989121dcf2e32c4710281f247/diff:/var/lib/docker/overlay2/dc5d8b1cf96cfd5d96d68fbed14248edf1244c1a4669ba07b0bab7f3d782f058/diff:/var/lib/docker/overlay2/dcca184158d696706cd99e62ffa3e5c42964eb57190bef35421cdf3f83a8c130/diff:/var/lib/docker/overlay2/a7f928596da67ce59f34b0ba4cee4a3b948b94f91ad0b0b6260dc54fb9b5a048/diff:/var/lib/docker/overlay2/6ac5adbfff6202b1faa13a2a2fd92625bdda668cdac1a1d2230becbb394e569f/diff","MergedDir":"/var/lib/docker/overlay2/45da4782eb6c4075fef21a16271836d62c4e4726b16ef4c5ea199d4e626bdb39/merged","UpperDir":"/var/lib/docker/overlay2/45da4782eb6c4075fef21a16271836d62c4e4726b16ef4c5ea199d4e626bdb39/diff","WorkDir":"/var/lib/docker/overlay2/45da4782eb6c4075fef21a16271836d62c4e4726b16ef4c5ea199d4e626bdb39/work"},"Name":"overlay2"},"Mounts":[{"Type":"volume","Name":"08668a73464516d2c615e247a561222f461f2385cff5615e53cc78e96456230c","Source":"/var/lib/docker/volumes/08668a73464516d2c615e247a561222f461f2385cff5615e53cc78e96456230c/_data","Destination":"/var/lib/mysql","Driver":"local","Mode":"","RW":true,"Propagation":""}],"Config":{"Hostname":"47a7ce05e61a","Domainname":"","User":"","AttachStdin":false,"AttachStdout":false,"AttachStderr":false,"ExposedPorts":{"3306/tcp":{},"33060/tcp":{}},"Tty":false,"OpenStdin":false,"StdinOnce":false,"Env":["MYSQL_DATABASE=lotification","MYSQL_PASSWORD=1234","MYSQL_USER=admin","MYSQL_ROOT_PASSWORD=1234","PATH=/usr/local/sbin:/usr/local/bin:/usr/sbin:/usr/bin:/sbin:/bin","GOSU_VERSION=1.14","MYSQL_MAJOR=8.0","MYSQL_VERSION=8.0.30-1.el8","MYSQL_SHELL_VERSION=8.0.30-1.el8"],"Cmd":["mysqld"],"Image":"mysql:8","Volumes":{"/var/lib/mysql":{}},"WorkingDir":"","Entrypoint":["docker-entrypoint.sh"],"OnBuild":null,"Labels":{"org.testcontainers":"true","org.testcontainers.sessionId":"c5b4bded-8a7b-4309-a94c-5bb153977152"}},"NetworkSettings":{"Bridge":"","SandboxID":"c87f478ec31081a2fc02a6d53fa5addc8f61962dea8dd5c17c1c641e1a25e99b","HairpinMode":false,"LinkLocalIPv6Address":"","LinkLocalIPv6PrefixLen":0,"Ports":{"3306/tcp":[{"HostIp":"0.0.0.0","HostPort":"63346"}],"33060/tcp":null},"SandboxKey":"/var/run/docker/netns/c87f478ec310","SecondaryIPAddresses":null,"SecondaryIPv6Addresses":null,"EndpointID":"7830774c518a6ae45bc93e5b48bd99e8a609aa29230b007326fa87b5ca32567f","Gateway":"172.17.0.1","GlobalIPv6Address":"","GlobalIPv6PrefixLen":0,"IPAddress":"172.17.0.4","IPPrefixLen":16,"IPv6Gateway":"","MacAddress":"02:42:ac:11:00:04","Networks":{"bridge":{"IPAMConfig":null,"Links":null,"Aliases":null,"NetworkID":"42b943ace1ba272d06317befbba08f853c5a08f211a0bdf3660599ced98f9c17","EndpointID":"7830774c518a6ae45bc93e5b48bd99e8a609aa29230b007326fa87b5ca32567f","Gateway":"172.17.0.1","IPAddress":"172.17.0.4","IPPrefixLen":16,"IPv6Gateway":"","GlobalIPv6Address":"","GlobalIPv6PrefixLen":0,"MacAddress":"02:42:ac:11:00:04","DriverOpts":null}}}}[\n]"
11:45:39.878 [Test worker] DEBUG com.github.dockerjava.zerodep.shaded.org.apache.hc.client5.http.wire - http-outgoing-2 << "[\r][\n]"
11:45:39.878 [Test worker] DEBUG com.github.dockerjava.zerodep.shaded.org.apache.hc.client5.http.wire - http-outgoing-2 << "0[\r][\n]"
11:45:39.878 [Test worker] DEBUG com.github.dockerjava.zerodep.shaded.org.apache.hc.client5.http.wire - http-outgoing-2 << "[\r][\n]"
11:45:39.878 [Test worker] DEBUG com.github.dockerjava.zerodep.shaded.org.apache.hc.client5.http.impl.classic.InternalHttpClient - ep-0000002A: releasing valid endpoint
11:45:39.878 [Test worker] DEBUG com.github.dockerjava.zerodep.shaded.org.apache.hc.client5.http.impl.io.PoolingHttpClientConnectionManager - ep-0000002A: releasing endpoint
11:45:39.878 [Test worker] DEBUG com.github.dockerjava.zerodep.shaded.org.apache.hc.client5.http.impl.io.PoolingHttpClientConnectionManager - ep-0000002A: connection http-outgoing-2 can be kept alive for 3 MINUTES
11:45:39.878 [Test worker] DEBUG com.github.dockerjava.zerodep.shaded.org.apache.hc.client5.http.impl.io.PoolingHttpClientConnectionManager - ep-0000002A: connection released [route: {}->unix://localhost:2375][total available: 1; route allocated: 1 of 2147483647; total allocated: 1 of 2147483647]
11:45:39.879 [Test worker] DEBUG ]]>&#x1f433;<![CDATA[ [mysql:8] - Trying to create JDBC connection using com.mysql.cj.jdbc.Driver to jdbc:mysql://localhost:63346/lotification?useSSL=false&allowPublicKeyRetrieval=true with properties: {password=1234, user=admin}
11:45:39.984 [Test worker] DEBUG org.testcontainers.shaded.com.github.dockerjava.core.command.AbstrDockerCmd - Cmd: 47a7ce05e61aa72bdced5a030ca6064519c62d122a5992816f04e0e528b5b17d,false
11:45:39.984 [Test worker] DEBUG org.testcontainers.shaded.com.github.dockerjava.core.exec.InspectContainerCmdExec - GET: DefaultWebTarget{path=[/containers/47a7ce05e61aa72bdced5a030ca6064519c62d122a5992816f04e0e528b5b17d/json], queryParams={}}
11:45:39.984 [Test worker] DEBUG com.github.dockerjava.zerodep.shaded.org.apache.hc.client5.http.impl.classic.InternalHttpClient - ex-0000002C: preparing request execution
11:45:39.984 [Test worker] DEBUG com.github.dockerjava.zerodep.shaded.org.apache.hc.client5.http.protocol.RequestAddCookies - Cookie spec selected: strict
11:45:39.984 [Test worker] DEBUG com.github.dockerjava.zerodep.shaded.org.apache.hc.client5.http.protocol.RequestAuthCache - Auth cache not set in the context
11:45:39.984 [Test worker] DEBUG com.github.dockerjava.zerodep.shaded.org.apache.hc.client5.http.impl.classic.ProtocolExec - ex-0000002C: target auth state: UNCHALLENGED
11:45:39.984 [Test worker] DEBUG com.github.dockerjava.zerodep.shaded.org.apache.hc.client5.http.impl.classic.ProtocolExec - ex-0000002C: proxy auth state: UNCHALLENGED
11:45:39.984 [Test worker] DEBUG com.github.dockerjava.zerodep.shaded.org.apache.hc.client5.http.impl.classic.ConnectExec - ex-0000002C: acquiring connection with route {}->unix://localhost:2375
11:45:39.984 [Test worker] DEBUG com.github.dockerjava.zerodep.shaded.org.apache.hc.client5.http.impl.classic.InternalHttpClient - ex-0000002C: acquiring endpoint (3 MINUTES)
11:45:39.984 [Test worker] DEBUG com.github.dockerjava.zerodep.shaded.org.apache.hc.client5.http.impl.io.PoolingHttpClientConnectionManager - ex-0000002C: endpoint lease request (3 MINUTES) [route: {}->unix://localhost:2375][total available: 1; route allocated: 1 of 2147483647; total allocated: 1 of 2147483647]
11:45:39.984 [Test worker] DEBUG com.github.dockerjava.zerodep.shaded.org.apache.hc.client5.http.impl.io.PoolingHttpClientConnectionManager - ex-0000002C: endpoint leased [route: {}->unix://localhost:2375][total available: 0; route allocated: 1 of 2147483647; total allocated: 1 of 2147483647]
11:45:39.985 [Test worker] DEBUG com.github.dockerjava.zerodep.shaded.org.apache.hc.client5.http.impl.io.PoolingHttpClientConnectionManager - ex-0000002C: acquired ep-0000002B
11:45:39.985 [Test worker] DEBUG com.github.dockerjava.zerodep.shaded.org.apache.hc.client5.http.impl.classic.InternalHttpClient - ex-0000002C: acquired endpoint ep-0000002B
11:45:39.985 [Test worker] DEBUG com.github.dockerjava.zerodep.shaded.org.apache.hc.client5.http.impl.classic.MainClientExec - ex-0000002C: executing GET /v1.32/containers/47a7ce05e61aa72bdced5a030ca6064519c62d122a5992816f04e0e528b5b17d/json HTTP/1.1
11:45:39.985 [Test worker] DEBUG com.github.dockerjava.zerodep.shaded.org.apache.hc.client5.http.impl.classic.InternalHttpClient - ep-0000002B: start execution ex-0000002C
11:45:39.985 [Test worker] DEBUG com.github.dockerjava.zerodep.shaded.org.apache.hc.client5.http.impl.io.PoolingHttpClientConnectionManager - ep-0000002B: executing exchange ex-0000002C over http-outgoing-2
11:45:39.985 [Test worker] DEBUG com.github.dockerjava.zerodep.shaded.org.apache.hc.client5.http.headers - http-outgoing-2 >> GET /v1.32/containers/47a7ce05e61aa72bdced5a030ca6064519c62d122a5992816f04e0e528b5b17d/json HTTP/1.1
11:45:39.985 [Test worker] DEBUG com.github.dockerjava.zerodep.shaded.org.apache.hc.client5.http.headers - http-outgoing-2 >> accept: application/json
11:45:39.985 [Test worker] DEBUG com.github.dockerjava.zerodep.shaded.org.apache.hc.client5.http.headers - http-outgoing-2 >> x-tc-sid: c5b4bded-8a7b-4309-a94c-5bb153977152
11:45:39.985 [Test worker] DEBUG com.github.dockerjava.zerodep.shaded.org.apache.hc.client5.http.headers - http-outgoing-2 >> Accept-Encoding: gzip, x-gzip, deflate
11:45:39.985 [Test worker] DEBUG com.github.dockerjava.zerodep.shaded.org.apache.hc.client5.http.headers - http-outgoing-2 >> Host: localhost:2375
11:45:39.985 [Test worker] DEBUG com.github.dockerjava.zerodep.shaded.org.apache.hc.client5.http.headers - http-outgoing-2 >> Connection: keep-alive
11:45:39.985 [Test worker] DEBUG com.github.dockerjava.zerodep.shaded.org.apache.hc.client5.http.headers - http-outgoing-2 >> User-Agent: Apache-HttpClient/5.0.3 (Java/17.0.3)
11:45:39.985 [Test worker] DEBUG com.github.dockerjava.zerodep.shaded.org.apache.hc.client5.http.wire - http-outgoing-2 >> "GET /v1.32/containers/47a7ce05e61aa72bdced5a030ca6064519c62d122a5992816f04e0e528b5b17d/json HTTP/1.1[\r][\n]"
11:45:39.985 [Test worker] DEBUG com.github.dockerjava.zerodep.shaded.org.apache.hc.client5.http.wire - http-outgoing-2 >> "accept: application/json[\r][\n]"
11:45:39.985 [Test worker] DEBUG com.github.dockerjava.zerodep.shaded.org.apache.hc.client5.http.wire - http-outgoing-2 >> "x-tc-sid: c5b4bded-8a7b-4309-a94c-5bb153977152[\r][\n]"
11:45:39.985 [Test worker] DEBUG com.github.dockerjava.zerodep.shaded.org.apache.hc.client5.http.wire - http-outgoing-2 >> "Accept-Encoding: gzip, x-gzip, deflate[\r][\n]"
11:45:39.985 [Test worker] DEBUG com.github.dockerjava.zerodep.shaded.org.apache.hc.client5.http.wire - http-outgoing-2 >> "Host: localhost:2375[\r][\n]"
11:45:39.985 [Test worker] DEBUG com.github.dockerjava.zerodep.shaded.org.apache.hc.client5.http.wire - http-outgoing-2 >> "Connection: keep-alive[\r][\n]"
11:45:39.985 [Test worker] DEBUG com.github.dockerjava.zerodep.shaded.org.apache.hc.client5.http.wire - http-outgoing-2 >> "User-Agent: Apache-HttpClient/5.0.3 (Java/17.0.3)[\r][\n]"
11:45:39.985 [Test worker] DEBUG com.github.dockerjava.zerodep.shaded.org.apache.hc.client5.http.wire - http-outgoing-2 >> "[\r][\n]"
11:45:39.987 [Test worker] DEBUG com.github.dockerjava.zerodep.shaded.org.apache.hc.client5.http.wire - http-outgoing-2 << "HTTP/1.1 200 OK[\r][\n]"
11:45:39.987 [Test worker] DEBUG com.github.dockerjava.zerodep.shaded.org.apache.hc.client5.http.wire - http-outgoing-2 << "Api-Version: 1.41[\r][\n]"
11:45:39.987 [Test worker] DEBUG com.github.dockerjava.zerodep.shaded.org.apache.hc.client5.http.wire - http-outgoing-2 << "Content-Type: application/json[\r][\n]"
11:45:39.987 [Test worker] DEBUG com.github.dockerjava.zerodep.shaded.org.apache.hc.client5.http.wire - http-outgoing-2 << "Date: Mon, 26 Sep 2022 02:45:39 GMT[\r][\n]"
11:45:39.987 [Test worker] DEBUG com.github.dockerjava.zerodep.shaded.org.apache.hc.client5.http.wire - http-outgoing-2 << "Docker-Experimental: false[\r][\n]"
11:45:39.987 [Test worker] DEBUG com.github.dockerjava.zerodep.shaded.org.apache.hc.client5.http.wire - http-outgoing-2 << "Ostype: linux[\r][\n]"
11:45:39.987 [Test worker] DEBUG com.github.dockerjava.zerodep.shaded.org.apache.hc.client5.http.wire - http-outgoing-2 << "Server: Docker/20.10.11 (linux)[\r][\n]"
11:45:39.987 [Test worker] DEBUG com.github.dockerjava.zerodep.shaded.org.apache.hc.client5.http.wire - http-outgoing-2 << "Transfer-Encoding: chunked[\r][\n]"
11:45:39.987 [Test worker] DEBUG com.github.dockerjava.zerodep.shaded.org.apache.hc.client5.http.wire - http-outgoing-2 << "[\r][\n]"
11:45:39.987 [Test worker] DEBUG com.github.dockerjava.zerodep.shaded.org.apache.hc.client5.http.headers - http-outgoing-2 << HTTP/1.1 200 OK
11:45:39.987 [Test worker] DEBUG com.github.dockerjava.zerodep.shaded.org.apache.hc.client5.http.headers - http-outgoing-2 << Api-Version: 1.41
11:45:39.987 [Test worker] DEBUG com.github.dockerjava.zerodep.shaded.org.apache.hc.client5.http.headers - http-outgoing-2 << Content-Type: application/json
11:45:39.987 [Test worker] DEBUG com.github.dockerjava.zerodep.shaded.org.apache.hc.client5.http.headers - http-outgoing-2 << Date: Mon, 26 Sep 2022 02:45:39 GMT
11:45:39.987 [Test worker] DEBUG com.github.dockerjava.zerodep.shaded.org.apache.hc.client5.http.headers - http-outgoing-2 << Docker-Experimental: false
11:45:39.987 [Test worker] DEBUG com.github.dockerjava.zerodep.shaded.org.apache.hc.client5.http.headers - http-outgoing-2 << Ostype: linux
11:45:39.987 [Test worker] DEBUG com.github.dockerjava.zerodep.shaded.org.apache.hc.client5.http.headers - http-outgoing-2 << Server: Docker/20.10.11 (linux)
11:45:39.987 [Test worker] DEBUG com.github.dockerjava.zerodep.shaded.org.apache.hc.client5.http.headers - http-outgoing-2 << Transfer-Encoding: chunked
11:45:39.987 [Test worker] DEBUG com.github.dockerjava.zerodep.shaded.org.apache.hc.client5.http.impl.classic.MainClientExec - ex-0000002C: connection can be kept alive for 3 MINUTES
11:45:39.987 [Test worker] DEBUG com.github.dockerjava.zerodep.shaded.org.apache.hc.client5.http.wire - http-outgoing-2 << "1882[\r][\n]"
11:45:39.987 [Test worker] DEBUG com.github.dockerjava.zerodep.shaded.org.apache.hc.client5.http.wire - http-outgoing-2 << "{"Id":"47a7ce05e61aa72bdced5a030ca6064519c62d122a5992816f04e0e528b5b17d","Created":"2022-09-26T02:45:36.042081626Z","Path":"docker-entrypoint.sh","Args":["mysqld"],"State":{"Status":"running","Running":true,"Paused":false,"Restarting":false,"OOMKilled":false,"Dead":false,"Pid":2251,"ExitCode":0,"Error":"","StartedAt":"2022-09-26T02:45:36.388226668Z","FinishedAt":"0001-01-01T00:00:00Z"},"Image":"sha256:5e229524f286e653111cb9d028bf1ba4c3490742c8cd18c84af22538f0e68575","ResolvConfPath":"/var/lib/docker/containers/47a7ce05e61aa72bdced5a030ca6064519c62d122a5992816f04e0e528b5b17d/resolv.conf","HostnamePath":"/var/lib/docker/containers/47a7ce05e61aa72bdced5a030ca6064519c62d122a5992816f04e0e528b5b17d/hostname","HostsPath":"/var/lib/docker/containers/47a7ce05e61aa72bdced5a030ca6064519c62d122a5992816f04e0e528b5b17d/hosts","LogPath":"/var/lib/docker/containers/47a7ce05e61aa72bdced5a030ca6064519c62d122a5992816f04e0e528b5b17d/47a7ce05e61aa72bdced5a030ca6064519c62d122a5992816f04e0e528b5b17d-json.log","Name":"/crazy_chaum","RestartCount":0,"Driver":"overlay2","Platform":"linux","MountLabel":"","ProcessLabel":"","AppArmorProfile":"","ExecIDs":null,"HostConfig":{"Binds":[],"ContainerIDFile":"","LogConfig":{"Type":"json-file","Config":{}},"NetworkMode":"default","PortBindings":{"3306/tcp":[{"HostIp":"0.0.0.0","HostPort":"0"}]},"RestartPolicy":{"Name":"","MaximumRetryCount":0},"AutoRemove":false,"VolumeDriver":"","VolumesFrom":[],"CapAdd":null,"CapDrop":null,"CgroupnsMode":"private","Dns":null,"DnsOptions":null,"DnsSearch":null,"ExtraHosts":[],"GroupAdd":null,"IpcMode":"shareable","Cgroup":"","Links":null,"OomScoreAdj":0,"PidMode":"","Privileged":false,"PublishAllPorts":false,"ReadonlyRootfs":false,"SecurityOpt":null,"UTSMode":"","UsernsMode":"","ShmSize":67108864,"Runtime":"runc","ConsoleSize":[0,0],"Isolation":"","CpuShares":0,"Memory":0,"NanoCpus":0,"CgroupParent":"","BlkioWeight":0,"BlkioWeightDevice":null,"BlkioDeviceReadBps":null,"BlkioDeviceWriteBps":null,"BlkioDeviceReadIOps":null,"BlkioDeviceWriteIOps":null,"CpuPeriod":0,"CpuQuota":0,"CpuRealtimePeriod":0,"CpuRealtimeRuntime":0,"CpusetCpus":"","CpusetMems":"","Devices":null,"DeviceCgroupRules":null,"DeviceRequests":null,"KernelMemory":0,"KernelMemoryTCP":0,"MemoryReservation":0,"MemorySwap":0,"MemorySwappiness":null,"OomKillDisable":null,"PidsLimit":null,"Ulimits":null,"CpuCount":0,"CpuPercent":0,"IOMaximumIOps":0,"IOMaximumBandwidth":0,"MaskedPaths":["/proc/asound","/proc/acpi","/proc/kcore","/proc/keys","/proc/latency_stats","/proc/timer_list","/proc/timer_stats","/proc/sched_debug","/proc/scsi","/sys/firmware"],"ReadonlyPaths":["/proc/bus","/proc/fs","/proc/irq","/proc/sys","/proc/sysrq-trigger"]},"GraphDriver":{"Data":{"LowerDir":"/var/lib/docker/overlay2/45da4782eb6c4075fef21a16271836d62c4e4726b16ef4c5ea199d4e626bdb39-init/diff:/var/lib/docker/overlay2/27a623f1ab748258e017a40f339844ef533377092bad4182aa320e9399893e13/diff:/var/lib/docker/overlay2/d7c1e4de558b6bbbdc3209a51fc73295262b5271709fe659d0e2e94f626eea74/diff:/var/lib/docker/overlay2/2df554f793c3600571e2f078ad2e20025d6b2e35f3d18881ead4f70e2cc26cb8/diff:/var/lib/docker/overlay2/feb23515577245ad51a24945de1e6bab842929569da912a2b4a33a48c6c2331f/diff:/var/lib/docker/overlay2/cc2cdbce154e19d9c4f376917b6c92ebd55b0b495124ffd2c9d7e9c82b6a95f9/diff:/var/lib/docker/overlay2/968467fe01280f82d26487386f320a15000815d63000d5ec89b47acca8f77ef2/diff:/var/lib/docker/overlay2/cc59daa314bbcaec43d6cd4064c7863b4b3976b989121dcf2e32c4710281f247/diff:/var/lib/docker/overlay2/dc5d8b1cf96cfd5d96d68fbed14248edf1244c1a4669ba07b0bab7f3d782f058/diff:/var/lib/docker/overlay2/dcca184158d696706cd99e62ffa3e5c42964eb57190bef35421cdf3f83a8c130/diff:/var/lib/docker/overlay2/a7f928596da67ce59f34b0ba4cee4a3b948b94f91ad0b0b6260dc54fb9b5a048/diff:/var/lib/docker/overlay2/6ac5adbfff6202b1faa13a2a2fd92625bdda668cdac1a1d2230becbb394e569f/diff","MergedDir":"/var/lib/docker/overlay2/45da4782eb6c4075fef21a16271836d62c4e4726b16ef4c5ea199d4e626bdb39/merged","UpperDir":"/var/lib/docker/overlay2/45da4782eb6c4075fef21a16271836d62c4e4726b16ef4c5ea199d4e626bdb39/diff",""
11:45:39.987 [Test worker] DEBUG com.github.dockerjava.zerodep.shaded.org.apache.hc.client5.http.wire - http-outgoing-2 << "WorkDir":"/var/lib/docker/overlay2/45da4782eb6c4075fef21a16271836d62c4e4726b16ef4c5ea199d4e626bdb39/work"},"Name":"overlay2"},"Mounts":[{"Type":"volume","Name":"08668a73464516d2c615e247a561222f461f2385cff5615e53cc78e96456230c","Source":"/var/lib/docker/volumes/08668a73464516d2c615e247a561222f461f2385cff5615e53cc78e96456230c/_data","Destination":"/var/lib/mysql","Driver":"local","Mode":"","RW":true,"Propagation":""}],"Config":{"Hostname":"47a7ce05e61a","Domainname":"","User":"","AttachStdin":false,"AttachStdout":false,"AttachStderr":false,"ExposedPorts":{"3306/tcp":{},"33060/tcp":{}},"Tty":false,"OpenStdin":false,"StdinOnce":false,"Env":["MYSQL_DATABASE=lotification","MYSQL_PASSWORD=1234","MYSQL_USER=admin","MYSQL_ROOT_PASSWORD=1234","PATH=/usr/local/sbin:/usr/local/bin:/usr/sbin:/usr/bin:/sbin:/bin","GOSU_VERSION=1.14","MYSQL_MAJOR=8.0","MYSQL_VERSION=8.0.30-1.el8","MYSQL_SHELL_VERSION=8.0.30-1.el8"],"Cmd":["mysqld"],"Image":"mysql:8","Volumes":{"/var/lib/mysql":{}},"WorkingDir":"","Entrypoint":["docker-entrypoint.sh"],"OnBuild":null,"Labels":{"org.testcontainers":"true","org.testcontainers.sessionId":"c5b4bded-8a7b-4309-a94c-5bb153977152"}},"NetworkSettings":{"Bridge":"","SandboxID":"c87f478ec31081a2fc02a6d53fa5addc8f61962dea8dd5c17c1c641e1a25e99b","HairpinMode":false,"LinkLocalIPv6Address":"","LinkLocalIPv6PrefixLen":0,"Ports":{"3306/tcp":[{"HostIp":"0.0.0.0","HostPort":"63346"}],"33060/tcp":null},"SandboxKey":"/var/run/docker/netns/c87f478ec310","SecondaryIPAddresses":null,"SecondaryIPv6Addresses":null,"EndpointID":"7830774c518a6ae45bc93e5b48bd99e8a609aa29230b007326fa87b5ca32567f","Gateway":"172.17.0.1","GlobalIPv6Address":"","GlobalIPv6PrefixLen":0,"IPAddress":"172.17.0.4","IPPrefixLen":16,"IPv6Gateway":"","MacAddress":"02:42:ac:11:00:04","Networks":{"bridge":{"IPAMConfig":null,"Links":null,"Aliases":null,"NetworkID":"42b943ace1ba272d06317befbba08f853c5a08f211a0bdf3660599ced98f9c17","EndpointID":"7830774c518a6ae45bc93e5b48bd99e8a609aa29230b007326fa87b5ca32567f","Gateway":"172.17.0.1","IPAddress":"172.17.0.4","IPPrefixLen":16,"IPv6Gateway":"","GlobalIPv6Address":"","GlobalIPv6PrefixLen":0,"MacAddress":"02:42:ac:11:00:04","DriverOpts":null}}}}[\n]"
11:45:39.988 [Test worker] DEBUG com.github.dockerjava.zerodep.shaded.org.apache.hc.client5.http.wire - http-outgoing-2 << "[\r][\n]"
11:45:39.988 [Test worker] DEBUG com.github.dockerjava.zerodep.shaded.org.apache.hc.client5.http.wire - http-outgoing-2 << "0[\r][\n]"
11:45:39.988 [Test worker] DEBUG com.github.dockerjava.zerodep.shaded.org.apache.hc.client5.http.wire - http-outgoing-2 << "[\r][\n]"
11:45:39.988 [Test worker] DEBUG com.github.dockerjava.zerodep.shaded.org.apache.hc.client5.http.impl.classic.InternalHttpClient - ep-0000002B: releasing valid endpoint
11:45:39.988 [Test worker] DEBUG com.github.dockerjava.zerodep.shaded.org.apache.hc.client5.http.impl.io.PoolingHttpClientConnectionManager - ep-0000002B: releasing endpoint
11:45:39.988 [Test worker] DEBUG com.github.dockerjava.zerodep.shaded.org.apache.hc.client5.http.impl.io.PoolingHttpClientConnectionManager - ep-0000002B: connection http-outgoing-2 can be kept alive for 3 MINUTES
11:45:39.988 [Test worker] DEBUG com.github.dockerjava.zerodep.shaded.org.apache.hc.client5.http.impl.io.PoolingHttpClientConnectionManager - ep-0000002B: connection released [route: {}->unix://localhost:2375][total available: 1; route allocated: 1 of 2147483647; total allocated: 1 of 2147483647]
11:45:39.988 [Test worker] DEBUG ]]>&#x1f433;<![CDATA[ [mysql:8] - Trying to create JDBC connection using com.mysql.cj.jdbc.Driver to jdbc:mysql://localhost:63346/lotification?useSSL=false&allowPublicKeyRetrieval=true with properties: {password=1234, user=admin}
11:45:40.095 [Test worker] DEBUG org.testcontainers.shaded.com.github.dockerjava.core.command.AbstrDockerCmd - Cmd: 47a7ce05e61aa72bdced5a030ca6064519c62d122a5992816f04e0e528b5b17d,false
11:45:40.096 [Test worker] DEBUG org.testcontainers.shaded.com.github.dockerjava.core.exec.InspectContainerCmdExec - GET: DefaultWebTarget{path=[/containers/47a7ce05e61aa72bdced5a030ca6064519c62d122a5992816f04e0e528b5b17d/json], queryParams={}}
11:45:40.096 [Test worker] DEBUG com.github.dockerjava.zerodep.shaded.org.apache.hc.client5.http.impl.classic.InternalHttpClient - ex-0000002D: preparing request execution
11:45:40.096 [Test worker] DEBUG com.github.dockerjava.zerodep.shaded.org.apache.hc.client5.http.protocol.RequestAddCookies - Cookie spec selected: strict
11:45:40.096 [Test worker] DEBUG com.github.dockerjava.zerodep.shaded.org.apache.hc.client5.http.protocol.RequestAuthCache - Auth cache not set in the context
11:45:40.096 [Test worker] DEBUG com.github.dockerjava.zerodep.shaded.org.apache.hc.client5.http.impl.classic.ProtocolExec - ex-0000002D: target auth state: UNCHALLENGED
11:45:40.096 [Test worker] DEBUG com.github.dockerjava.zerodep.shaded.org.apache.hc.client5.http.impl.classic.ProtocolExec - ex-0000002D: proxy auth state: UNCHALLENGED
11:45:40.096 [Test worker] DEBUG com.github.dockerjava.zerodep.shaded.org.apache.hc.client5.http.impl.classic.ConnectExec - ex-0000002D: acquiring connection with route {}->unix://localhost:2375
11:45:40.096 [Test worker] DEBUG com.github.dockerjava.zerodep.shaded.org.apache.hc.client5.http.impl.classic.InternalHttpClient - ex-0000002D: acquiring endpoint (3 MINUTES)
11:45:40.096 [Test worker] DEBUG com.github.dockerjava.zerodep.shaded.org.apache.hc.client5.http.impl.io.PoolingHttpClientConnectionManager - ex-0000002D: endpoint lease request (3 MINUTES) [route: {}->unix://localhost:2375][total available: 1; route allocated: 1 of 2147483647; total allocated: 1 of 2147483647]
11:45:40.096 [Test worker] DEBUG com.github.dockerjava.zerodep.shaded.org.apache.hc.client5.http.impl.io.PoolingHttpClientConnectionManager - ex-0000002D: endpoint leased [route: {}->unix://localhost:2375][total available: 0; route allocated: 1 of 2147483647; total allocated: 1 of 2147483647]
11:45:40.096 [Test worker] DEBUG com.github.dockerjava.zerodep.shaded.org.apache.hc.client5.http.impl.io.PoolingHttpClientConnectionManager - ex-0000002D: acquired ep-0000002C
11:45:40.096 [Test worker] DEBUG com.github.dockerjava.zerodep.shaded.org.apache.hc.client5.http.impl.classic.InternalHttpClient - ex-0000002D: acquired endpoint ep-0000002C
11:45:40.096 [Test worker] DEBUG com.github.dockerjava.zerodep.shaded.org.apache.hc.client5.http.impl.classic.MainClientExec - ex-0000002D: executing GET /v1.32/containers/47a7ce05e61aa72bdced5a030ca6064519c62d122a5992816f04e0e528b5b17d/json HTTP/1.1
11:45:40.096 [Test worker] DEBUG com.github.dockerjava.zerodep.shaded.org.apache.hc.client5.http.impl.classic.InternalHttpClient - ep-0000002C: start execution ex-0000002D
11:45:40.096 [Test worker] DEBUG com.github.dockerjava.zerodep.shaded.org.apache.hc.client5.http.impl.io.PoolingHttpClientConnectionManager - ep-0000002C: executing exchange ex-0000002D over http-outgoing-2
11:45:40.096 [Test worker] DEBUG com.github.dockerjava.zerodep.shaded.org.apache.hc.client5.http.headers - http-outgoing-2 >> GET /v1.32/containers/47a7ce05e61aa72bdced5a030ca6064519c62d122a5992816f04e0e528b5b17d/json HTTP/1.1
11:45:40.096 [Test worker] DEBUG com.github.dockerjava.zerodep.shaded.org.apache.hc.client5.http.headers - http-outgoing-2 >> accept: application/json
11:45:40.096 [Test worker] DEBUG com.github.dockerjava.zerodep.shaded.org.apache.hc.client5.http.headers - http-outgoing-2 >> x-tc-sid: c5b4bded-8a7b-4309-a94c-5bb153977152
11:45:40.096 [Test worker] DEBUG com.github.dockerjava.zerodep.shaded.org.apache.hc.client5.http.headers - http-outgoing-2 >> Accept-Encoding: gzip, x-gzip, deflate
11:45:40.096 [Test worker] DEBUG com.github.dockerjava.zerodep.shaded.org.apache.hc.client5.http.headers - http-outgoing-2 >> Host: localhost:2375
11:45:40.096 [Test worker] DEBUG com.github.dockerjava.zerodep.shaded.org.apache.hc.client5.http.headers - http-outgoing-2 >> Connection: keep-alive
11:45:40.096 [Test worker] DEBUG com.github.dockerjava.zerodep.shaded.org.apache.hc.client5.http.headers - http-outgoing-2 >> User-Agent: Apache-HttpClient/5.0.3 (Java/17.0.3)
11:45:40.096 [Test worker] DEBUG com.github.dockerjava.zerodep.shaded.org.apache.hc.client5.http.wire - http-outgoing-2 >> "GET /v1.32/containers/47a7ce05e61aa72bdced5a030ca6064519c62d122a5992816f04e0e528b5b17d/json HTTP/1.1[\r][\n]"
11:45:40.096 [Test worker] DEBUG com.github.dockerjava.zerodep.shaded.org.apache.hc.client5.http.wire - http-outgoing-2 >> "accept: application/json[\r][\n]"
11:45:40.096 [Test worker] DEBUG com.github.dockerjava.zerodep.shaded.org.apache.hc.client5.http.wire - http-outgoing-2 >> "x-tc-sid: c5b4bded-8a7b-4309-a94c-5bb153977152[\r][\n]"
11:45:40.096 [Test worker] DEBUG com.github.dockerjava.zerodep.shaded.org.apache.hc.client5.http.wire - http-outgoing-2 >> "Accept-Encoding: gzip, x-gzip, deflate[\r][\n]"
11:45:40.096 [Test worker] DEBUG com.github.dockerjava.zerodep.shaded.org.apache.hc.client5.http.wire - http-outgoing-2 >> "Host: localhost:2375[\r][\n]"
11:45:40.096 [Test worker] DEBUG com.github.dockerjava.zerodep.shaded.org.apache.hc.client5.http.wire - http-outgoing-2 >> "Connection: keep-alive[\r][\n]"
11:45:40.096 [Test worker] DEBUG com.github.dockerjava.zerodep.shaded.org.apache.hc.client5.http.wire - http-outgoing-2 >> "User-Agent: Apache-HttpClient/5.0.3 (Java/17.0.3)[\r][\n]"
11:45:40.096 [Test worker] DEBUG com.github.dockerjava.zerodep.shaded.org.apache.hc.client5.http.wire - http-outgoing-2 >> "[\r][\n]"
11:45:40.098 [Test worker] DEBUG com.github.dockerjava.zerodep.shaded.org.apache.hc.client5.http.wire - http-outgoing-2 << "HTTP/1.1 200 OK[\r][\n]"
11:45:40.098 [Test worker] DEBUG com.github.dockerjava.zerodep.shaded.org.apache.hc.client5.http.wire - http-outgoing-2 << "Api-Version: 1.41[\r][\n]"
11:45:40.098 [Test worker] DEBUG com.github.dockerjava.zerodep.shaded.org.apache.hc.client5.http.wire - http-outgoing-2 << "Content-Type: application/json[\r][\n]"
11:45:40.098 [Test worker] DEBUG com.github.dockerjava.zerodep.shaded.org.apache.hc.client5.http.wire - http-outgoing-2 << "Date: Mon, 26 Sep 2022 02:45:40 GMT[\r][\n]"
11:45:40.098 [Test worker] DEBUG com.github.dockerjava.zerodep.shaded.org.apache.hc.client5.http.wire - http-outgoing-2 << "Docker-Experimental: false[\r][\n]"
11:45:40.098 [Test worker] DEBUG com.github.dockerjava.zerodep.shaded.org.apache.hc.client5.http.wire - http-outgoing-2 << "Ostype: linux[\r][\n]"
11:45:40.098 [Test worker] DEBUG com.github.dockerjava.zerodep.shaded.org.apache.hc.client5.http.wire - http-outgoing-2 << "Server: Docker/20.10.11 (linux)[\r][\n]"
11:45:40.098 [Test worker] DEBUG com.github.dockerjava.zerodep.shaded.org.apache.hc.client5.http.wire - http-outgoing-2 << "Transfer-Encoding: chunked[\r][\n]"
11:45:40.098 [Test worker] DEBUG com.github.dockerjava.zerodep.shaded.org.apache.hc.client5.http.wire - http-outgoing-2 << "[\r][\n]"
11:45:40.098 [Test worker] DEBUG com.github.dockerjava.zerodep.shaded.org.apache.hc.client5.http.headers - http-outgoing-2 << HTTP/1.1 200 OK
11:45:40.098 [Test worker] DEBUG com.github.dockerjava.zerodep.shaded.org.apache.hc.client5.http.headers - http-outgoing-2 << Api-Version: 1.41
11:45:40.098 [Test worker] DEBUG com.github.dockerjava.zerodep.shaded.org.apache.hc.client5.http.headers - http-outgoing-2 << Content-Type: application/json
11:45:40.098 [Test worker] DEBUG com.github.dockerjava.zerodep.shaded.org.apache.hc.client5.http.headers - http-outgoing-2 << Date: Mon, 26 Sep 2022 02:45:40 GMT
11:45:40.098 [Test worker] DEBUG com.github.dockerjava.zerodep.shaded.org.apache.hc.client5.http.headers - http-outgoing-2 << Docker-Experimental: false
11:45:40.098 [Test worker] DEBUG com.github.dockerjava.zerodep.shaded.org.apache.hc.client5.http.headers - http-outgoing-2 << Ostype: linux
11:45:40.098 [Test worker] DEBUG com.github.dockerjava.zerodep.shaded.org.apache.hc.client5.http.headers - http-outgoing-2 << Server: Docker/20.10.11 (linux)
11:45:40.098 [Test worker] DEBUG com.github.dockerjava.zerodep.shaded.org.apache.hc.client5.http.headers - http-outgoing-2 << Transfer-Encoding: chunked
11:45:40.098 [Test worker] DEBUG com.github.dockerjava.zerodep.shaded.org.apache.hc.client5.http.impl.classic.MainClientExec - ex-0000002D: connection can be kept alive for 3 MINUTES
11:45:40.098 [Test worker] DEBUG com.github.dockerjava.zerodep.shaded.org.apache.hc.client5.http.wire - http-outgoing-2 << "1882[\r][\n]"
11:45:40.098 [Test worker] DEBUG com.github.dockerjava.zerodep.shaded.org.apache.hc.client5.http.wire - http-outgoing-2 << "{"Id":"47a7ce05e61aa72bdced5a030ca6064519c62d122a5992816f04e0e528b5b17d","Created":"2022-09-26T02:45:36.042081626Z","Path":"docker-entrypoint.sh","Args":["mysqld"],"State":{"Status":"running","Running":true,"Paused":false,"Restarting":false,"OOMKilled":false,"Dead":false,"Pid":2251,"ExitCode":0,"Error":"","StartedAt":"2022-09-26T02:45:36.388226668Z","FinishedAt":"0001-01-01T00:00:00Z"},"Image":"sha256:5e229524f286e653111cb9d028bf1ba4c3490742c8cd18c84af22538f0e68575","ResolvConfPath":"/var/lib/docker/containers/47a7ce05e61aa72bdced5a030ca6064519c62d122a5992816f04e0e528b5b17d/resolv.conf","HostnamePath":"/var/lib/docker/containers/47a7ce05e61aa72bdced5a030ca6064519c62d122a5992816f04e0e528b5b17d/hostname","HostsPath":"/var/lib/docker/containers/47a7ce05e61aa72bdced5a030ca6064519c62d122a5992816f04e0e528b5b17d/hosts","LogPath":"/var/lib/docker/containers/47a7ce05e61aa72bdced5a030ca6064519c62d122a5992816f04e0e528b5b17d/47a7ce05e61aa72bdced5a030ca6064519c62d122a5992816f04e0e528b5b17d-json.log","Name":"/crazy_chaum","RestartCount":0,"Driver":"overlay2","Platform":"linux","MountLabel":"","ProcessLabel":"","AppArmorProfile":"","ExecIDs":null,"HostConfig":{"Binds":[],"ContainerIDFile":"","LogConfig":{"Type":"json-file","Config":{}},"NetworkMode":"default","PortBindings":{"3306/tcp":[{"HostIp":"0.0.0.0","HostPort":"0"}]},"RestartPolicy":{"Name":"","MaximumRetryCount":0},"AutoRemove":false,"VolumeDriver":"","VolumesFrom":[],"CapAdd":null,"CapDrop":null,"CgroupnsMode":"private","Dns":null,"DnsOptions":null,"DnsSearch":null,"ExtraHosts":[],"GroupAdd":null,"IpcMode":"shareable","Cgroup":"","Links":null,"OomScoreAdj":0,"PidMode":"","Privileged":false,"PublishAllPorts":false,"ReadonlyRootfs":false,"SecurityOpt":null,"UTSMode":"","UsernsMode":"","ShmSize":67108864,"Runtime":"runc","ConsoleSize":[0,0],"Isolation":"","CpuShares":0,"Memory":0,"NanoCpus":0,"CgroupParent":"","BlkioWeight":0,"BlkioWeightDevice":null,"BlkioDeviceReadBps":null,"BlkioDeviceWriteBps":null,"BlkioDeviceReadIOps":null,"BlkioDeviceWriteIOps":null,"CpuPeriod":0,"CpuQuota":0,"CpuRealtimePeriod":0,"CpuRealtimeRuntime":0,"CpusetCpus":"","CpusetMems":"","Devices":null,"DeviceCgroupRules":null,"DeviceRequests":null,"KernelMemory":0,"KernelMemoryTCP":0,"MemoryReservation":0,"MemorySwap":0,"MemorySwappiness":null,"OomKillDisable":null,"PidsLimit":null,"Ulimits":null,"CpuCount":0,"CpuPercent":0,"IOMaximumIOps":0,"IOMaximumBandwidth":0,"MaskedPaths":["/proc/asound","/proc/acpi","/proc/kcore","/proc/keys","/proc/latency_stats","/proc/timer_list","/proc/timer_stats","/proc/sched_debug","/proc/scsi","/sys/firmware"],"ReadonlyPaths":["/proc/bus","/proc/fs","/proc/irq","/proc/sys","/proc/sysrq-trigger"]},"GraphDriver":{"Data":{"LowerDir":"/var/lib/docker/overlay2/45da4782eb6c4075fef21a16271836d62c4e4726b16ef4c5ea199d4e626bdb39-init/diff:/var/lib/docker/overlay2/27a623f1ab748258e017a40f339844ef533377092bad4182aa320e9399893e13/diff:/var/lib/docker/overlay2/d7c1e4de558b6bbbdc3209a51fc73295262b5271709fe659d0e2e94f626eea74/diff:/var/lib/docker/overlay2/2df554f793c3600571e2f078ad2e20025d6b2e35f3d18881ead4f70e2cc26cb8/diff:/var/lib/docker/overlay2/feb23515577245ad51a24945de1e6bab842929569da912a2b4a33a48c6c2331f/diff:/var/lib/docker/overlay2/cc2cdbce154e19d9c4f376917b6c92ebd55b0b495124ffd2c9d7e9c82b6a95f9/diff:/var/lib/docker/overlay2/968467fe01280f82d26487386f320a15000815d63000d5ec89b47acca8f77ef2/diff:/var/lib/docker/overlay2/cc59daa314bbcaec43d6cd4064c7863b4b3976b989121dcf2e32c4710281f247/diff:/var/lib/docker/overlay2/dc5d8b1cf96cfd5d96d68fbed14248edf1244c1a4669ba07b0bab7f3d782f058/diff:/var/lib/docker/overlay2/dcca184158d696706cd99e62ffa3e5c42964eb57190bef35421cdf3f83a8c130/diff:/var/lib/docker/overlay2/a7f928596da67ce59f34b0ba4cee4a3b948b94f91ad0b0b6260dc54fb9b5a048/diff:/var/lib/docker/overlay2/6ac5adbfff6202b1faa13a2a2fd92625bdda668cdac1a1d2230becbb394e569f/diff","MergedDir":"/var/lib/docker/overlay2/45da4782eb6c4075fef21a16271836d62c4e4726b16ef4c5ea199d4e626bdb39/merged","UpperDir":"/var/lib/docker/overlay2/45da4782eb6c4075fef21a16271836d62c4e4726b16ef4c5ea199d4e626bdb39/diff","WorkDir":"/var/lib/docker/overlay2/45da4782eb6c4075fef21a16271836d62c4e4726b16ef4c5ea199d4e626bdb39/work"},"Name":"overlay2"},"Mounts":[{"Type":"volume","Name":"08668a73464516d2c615e247a561222f461f2385cff5615e53cc78e96456230c","Source":"/var/lib/docker/volumes/08668a73464516d2c615e247a561222f461f2385cff5615e53cc78e96456230c/_data","Destination":"/var/lib/mysql","Driver":"local","Mode":"","RW":true,"Propagation":""}],"Config":{"Hostname":"47a7ce05e61a","Domainname":"","User":"","AttachStdin":false,"AttachStdout":false,"AttachStderr":false,"ExposedPorts":{"3306/tcp":{},"33060/tcp":{}},"Tty":false,"OpenStdin":false,"StdinOnce":false,"Env":["MYSQL_DATABASE=lotification","MYSQL_PASSWORD=1234","MYSQL_USER=admin","MYSQL_ROOT_PASSWORD=1234","PATH=/usr/local/sbin:/usr/local/bin:/usr/sbin:/usr/bin:/sbin:/bin","GOSU_VERSION=1.14","MYSQL_MAJOR=8.0","MYSQL_VERSION=8.0.30-1.el8","MYSQL_SHELL_VERSION=8.0.30-1.el8"],"Cmd":["mysqld"],"Image":"mysql:8","Volumes":{"/var/lib/mysql":{}},"WorkingDir":"","Entrypoint":["docker-entrypoint.sh"],"OnBuild":null,"Labels":{"org.testcontainers":"true","org.testcontainers.sessionId":"c5b4bded-8a7b-4309-a94c-5bb153977152"}},"NetworkSettings":{"Bridge":"","SandboxID":"c87f478ec31081a2fc02a6d53fa5addc8f61962dea8dd5c17c1c641e1a25e99b","HairpinMode":false,"LinkLocalIPv6Address":"","LinkLocalIPv6PrefixLen":0,"Ports":{"3306/tcp":[{"HostIp":"0.0.0.0","HostPort":"63346"}],"33060/tcp":null},"SandboxKey":"/var/run/docker/netns/c87f478ec310","SecondaryIPAddresses":null,"SecondaryIPv6Addresses":null,"EndpointID":"7830774c518a6ae45bc93e5b48bd99e8a609aa29230b007326fa87b5ca32567f","Gateway":"172.17.0.1","GlobalIPv6Address":"","GlobalIPv6PrefixLen":0,"IPAddress":"172.17.0.4","IPPrefixLen":16,"IPv6Gateway":"","MacAddress":"02:42:ac:11:00:04","Networks":{"bridge":{"IPAMConfig":null,"Links":null,"Aliases":null,"NetworkID":"42b943ace1ba272d06317befbba08f853c5a08f211a0bdf3660599ced98f9c17","EndpointID":"7830774c518a6ae45bc93e5b48bd99e8a609aa29230b007326fa87b5ca32567f","Gateway":"172.17.0.1","IPAddress":"172.17.0.4","IPPrefixLen":16,"IPv6Gateway":"","GlobalIPv6Address":"","GlobalIPv6PrefixLen":0,"MacAddress":"02:42:ac:11:00:04","DriverOpts":null}}}}[\n]"
11:45:40.098 [Test worker] DEBUG com.github.dockerjava.zerodep.shaded.org.apache.hc.client5.http.wire - http-outgoing-2 << "[\r][\n]"
11:45:40.099 [Test worker] DEBUG com.github.dockerjava.zerodep.shaded.org.apache.hc.client5.http.wire - http-outgoing-2 << "0[\r][\n]"
11:45:40.099 [Test worker] DEBUG com.github.dockerjava.zerodep.shaded.org.apache.hc.client5.http.wire - http-outgoing-2 << "[\r][\n]"
11:45:40.099 [Test worker] DEBUG com.github.dockerjava.zerodep.shaded.org.apache.hc.client5.http.impl.classic.InternalHttpClient - ep-0000002C: releasing valid endpoint
11:45:40.099 [Test worker] DEBUG com.github.dockerjava.zerodep.shaded.org.apache.hc.client5.http.impl.io.PoolingHttpClientConnectionManager - ep-0000002C: releasing endpoint
11:45:40.099 [Test worker] DEBUG com.github.dockerjava.zerodep.shaded.org.apache.hc.client5.http.impl.io.PoolingHttpClientConnectionManager - ep-0000002C: connection http-outgoing-2 can be kept alive for 3 MINUTES
11:45:40.099 [Test worker] DEBUG com.github.dockerjava.zerodep.shaded.org.apache.hc.client5.http.impl.io.PoolingHttpClientConnectionManager - ep-0000002C: connection released [route: {}->unix://localhost:2375][total available: 1; route allocated: 1 of 2147483647; total allocated: 1 of 2147483647]
11:45:40.099 [Test worker] DEBUG ]]>&#x1f433;<![CDATA[ [mysql:8] - Trying to create JDBC connection using com.mysql.cj.jdbc.Driver to jdbc:mysql://localhost:63346/lotification?useSSL=false&allowPublicKeyRetrieval=true with properties: {password=1234, user=admin}
11:45:40.202 [Test worker] DEBUG org.testcontainers.shaded.com.github.dockerjava.core.command.AbstrDockerCmd - Cmd: 47a7ce05e61aa72bdced5a030ca6064519c62d122a5992816f04e0e528b5b17d,false
11:45:40.202 [Test worker] DEBUG org.testcontainers.shaded.com.github.dockerjava.core.exec.InspectContainerCmdExec - GET: DefaultWebTarget{path=[/containers/47a7ce05e61aa72bdced5a030ca6064519c62d122a5992816f04e0e528b5b17d/json], queryParams={}}
11:45:40.203 [Test worker] DEBUG com.github.dockerjava.zerodep.shaded.org.apache.hc.client5.http.impl.classic.InternalHttpClient - ex-0000002E: preparing request execution
11:45:40.203 [Test worker] DEBUG com.github.dockerjava.zerodep.shaded.org.apache.hc.client5.http.protocol.RequestAddCookies - Cookie spec selected: strict
11:45:40.203 [Test worker] DEBUG com.github.dockerjava.zerodep.shaded.org.apache.hc.client5.http.protocol.RequestAuthCache - Auth cache not set in the context
11:45:40.203 [Test worker] DEBUG com.github.dockerjava.zerodep.shaded.org.apache.hc.client5.http.impl.classic.ProtocolExec - ex-0000002E: target auth state: UNCHALLENGED
11:45:40.203 [Test worker] DEBUG com.github.dockerjava.zerodep.shaded.org.apache.hc.client5.http.impl.classic.ProtocolExec - ex-0000002E: proxy auth state: UNCHALLENGED
11:45:40.203 [Test worker] DEBUG com.github.dockerjava.zerodep.shaded.org.apache.hc.client5.http.impl.classic.ConnectExec - ex-0000002E: acquiring connection with route {}->unix://localhost:2375
11:45:40.203 [Test worker] DEBUG com.github.dockerjava.zerodep.shaded.org.apache.hc.client5.http.impl.classic.InternalHttpClient - ex-0000002E: acquiring endpoint (3 MINUTES)
11:45:40.203 [Test worker] DEBUG com.github.dockerjava.zerodep.shaded.org.apache.hc.client5.http.impl.io.PoolingHttpClientConnectionManager - ex-0000002E: endpoint lease request (3 MINUTES) [route: {}->unix://localhost:2375][total available: 1; route allocated: 1 of 2147483647; total allocated: 1 of 2147483647]
11:45:40.203 [Test worker] DEBUG com.github.dockerjava.zerodep.shaded.org.apache.hc.client5.http.impl.io.PoolingHttpClientConnectionManager - ex-0000002E: endpoint leased [route: {}->unix://localhost:2375][total available: 0; route allocated: 1 of 2147483647; total allocated: 1 of 2147483647]
11:45:40.203 [Test worker] DEBUG com.github.dockerjava.zerodep.shaded.org.apache.hc.client5.http.impl.io.PoolingHttpClientConnectionManager - ex-0000002E: acquired ep-0000002D
11:45:40.203 [Test worker] DEBUG com.github.dockerjava.zerodep.shaded.org.apache.hc.client5.http.impl.classic.InternalHttpClient - ex-0000002E: acquired endpoint ep-0000002D
11:45:40.203 [Test worker] DEBUG com.github.dockerjava.zerodep.shaded.org.apache.hc.client5.http.impl.classic.MainClientExec - ex-0000002E: executing GET /v1.32/containers/47a7ce05e61aa72bdced5a030ca6064519c62d122a5992816f04e0e528b5b17d/json HTTP/1.1
11:45:40.203 [Test worker] DEBUG com.github.dockerjava.zerodep.shaded.org.apache.hc.client5.http.impl.classic.InternalHttpClient - ep-0000002D: start execution ex-0000002E
11:45:40.203 [Test worker] DEBUG com.github.dockerjava.zerodep.shaded.org.apache.hc.client5.http.impl.io.PoolingHttpClientConnectionManager - ep-0000002D: executing exchange ex-0000002E over http-outgoing-2
11:45:40.203 [Test worker] DEBUG com.github.dockerjava.zerodep.shaded.org.apache.hc.client5.http.headers - http-outgoing-2 >> GET /v1.32/containers/47a7ce05e61aa72bdced5a030ca6064519c62d122a5992816f04e0e528b5b17d/json HTTP/1.1
11:45:40.203 [Test worker] DEBUG com.github.dockerjava.zerodep.shaded.org.apache.hc.client5.http.headers - http-outgoing-2 >> accept: application/json
11:45:40.203 [Test worker] DEBUG com.github.dockerjava.zerodep.shaded.org.apache.hc.client5.http.headers - http-outgoing-2 >> x-tc-sid: c5b4bded-8a7b-4309-a94c-5bb153977152
11:45:40.203 [Test worker] DEBUG com.github.dockerjava.zerodep.shaded.org.apache.hc.client5.http.headers - http-outgoing-2 >> Accept-Encoding: gzip, x-gzip, deflate
11:45:40.203 [Test worker] DEBUG com.github.dockerjava.zerodep.shaded.org.apache.hc.client5.http.headers - http-outgoing-2 >> Host: localhost:2375
11:45:40.203 [Test worker] DEBUG com.github.dockerjava.zerodep.shaded.org.apache.hc.client5.http.headers - http-outgoing-2 >> Connection: keep-alive
11:45:40.203 [Test worker] DEBUG com.github.dockerjava.zerodep.shaded.org.apache.hc.client5.http.headers - http-outgoing-2 >> User-Agent: Apache-HttpClient/5.0.3 (Java/17.0.3)
11:45:40.203 [Test worker] DEBUG com.github.dockerjava.zerodep.shaded.org.apache.hc.client5.http.wire - http-outgoing-2 >> "GET /v1.32/containers/47a7ce05e61aa72bdced5a030ca6064519c62d122a5992816f04e0e528b5b17d/json HTTP/1.1[\r][\n]"
11:45:40.203 [Test worker] DEBUG com.github.dockerjava.zerodep.shaded.org.apache.hc.client5.http.wire - http-outgoing-2 >> "accept: application/json[\r][\n]"
11:45:40.203 [Test worker] DEBUG com.github.dockerjava.zerodep.shaded.org.apache.hc.client5.http.wire - http-outgoing-2 >> "x-tc-sid: c5b4bded-8a7b-4309-a94c-5bb153977152[\r][\n]"
11:45:40.203 [Test worker] DEBUG com.github.dockerjava.zerodep.shaded.org.apache.hc.client5.http.wire - http-outgoing-2 >> "Accept-Encoding: gzip, x-gzip, deflate[\r][\n]"
11:45:40.203 [Test worker] DEBUG com.github.dockerjava.zerodep.shaded.org.apache.hc.client5.http.wire - http-outgoing-2 >> "Host: localhost:2375[\r][\n]"
11:45:40.203 [Test worker] DEBUG com.github.dockerjava.zerodep.shaded.org.apache.hc.client5.http.wire - http-outgoing-2 >> "Connection: keep-alive[\r][\n]"
11:45:40.203 [Test worker] DEBUG com.github.dockerjava.zerodep.shaded.org.apache.hc.client5.http.wire - http-outgoing-2 >> "User-Agent: Apache-HttpClient/5.0.3 (Java/17.0.3)[\r][\n]"
11:45:40.203 [Test worker] DEBUG com.github.dockerjava.zerodep.shaded.org.apache.hc.client5.http.wire - http-outgoing-2 >> "[\r][\n]"
11:45:40.205 [Test worker] DEBUG com.github.dockerjava.zerodep.shaded.org.apache.hc.client5.http.wire - http-outgoing-2 << "HTTP/1.1 200 OK[\r][\n]"
11:45:40.205 [Test worker] DEBUG com.github.dockerjava.zerodep.shaded.org.apache.hc.client5.http.wire - http-outgoing-2 << "Api-Version: 1.41[\r][\n]"
11:45:40.205 [Test worker] DEBUG com.github.dockerjava.zerodep.shaded.org.apache.hc.client5.http.wire - http-outgoing-2 << "Content-Type: application/json[\r][\n]"
11:45:40.205 [Test worker] DEBUG com.github.dockerjava.zerodep.shaded.org.apache.hc.client5.http.wire - http-outgoing-2 << "Date: Mon, 26 Sep 2022 02:45:40 GMT[\r][\n]"
11:45:40.205 [Test worker] DEBUG com.github.dockerjava.zerodep.shaded.org.apache.hc.client5.http.wire - http-outgoing-2 << "Docker-Experimental: false[\r][\n]"
11:45:40.205 [Test worker] DEBUG com.github.dockerjava.zerodep.shaded.org.apache.hc.client5.http.wire - http-outgoing-2 << "Ostype: linux[\r][\n]"
11:45:40.205 [Test worker] DEBUG com.github.dockerjava.zerodep.shaded.org.apache.hc.client5.http.wire - http-outgoing-2 << "Server: Docker/20.10.11 (linux)[\r][\n]"
11:45:40.205 [Test worker] DEBUG com.github.dockerjava.zerodep.shaded.org.apache.hc.client5.http.wire - http-outgoing-2 << "Transfer-Encoding: chunked[\r][\n]"
11:45:40.205 [Test worker] DEBUG com.github.dockerjava.zerodep.shaded.org.apache.hc.client5.http.wire - http-outgoing-2 << "[\r][\n]"
11:45:40.205 [Test worker] DEBUG com.github.dockerjava.zerodep.shaded.org.apache.hc.client5.http.headers - http-outgoing-2 << HTTP/1.1 200 OK
11:45:40.205 [Test worker] DEBUG com.github.dockerjava.zerodep.shaded.org.apache.hc.client5.http.headers - http-outgoing-2 << Api-Version: 1.41
11:45:40.205 [Test worker] DEBUG com.github.dockerjava.zerodep.shaded.org.apache.hc.client5.http.headers - http-outgoing-2 << Content-Type: application/json
11:45:40.205 [Test worker] DEBUG com.github.dockerjava.zerodep.shaded.org.apache.hc.client5.http.headers - http-outgoing-2 << Date: Mon, 26 Sep 2022 02:45:40 GMT
11:45:40.205 [Test worker] DEBUG com.github.dockerjava.zerodep.shaded.org.apache.hc.client5.http.headers - http-outgoing-2 << Docker-Experimental: false
11:45:40.205 [Test worker] DEBUG com.github.dockerjava.zerodep.shaded.org.apache.hc.client5.http.headers - http-outgoing-2 << Ostype: linux
11:45:40.205 [Test worker] DEBUG com.github.dockerjava.zerodep.shaded.org.apache.hc.client5.http.headers - http-outgoing-2 << Server: Docker/20.10.11 (linux)
11:45:40.205 [Test worker] DEBUG com.github.dockerjava.zerodep.shaded.org.apache.hc.client5.http.headers - http-outgoing-2 << Transfer-Encoding: chunked
11:45:40.206 [Test worker] DEBUG com.github.dockerjava.zerodep.shaded.org.apache.hc.client5.http.impl.classic.MainClientExec - ex-0000002E: connection can be kept alive for 3 MINUTES
11:45:40.206 [Test worker] DEBUG com.github.dockerjava.zerodep.shaded.org.apache.hc.client5.http.wire - http-outgoing-2 << "1882[\r][\n]"
11:45:40.206 [Test worker] DEBUG com.github.dockerjava.zerodep.shaded.org.apache.hc.client5.http.wire - http-outgoing-2 << "{"Id":"47a7ce05e61aa72bdced5a030ca6064519c62d122a5992816f04e0e528b5b17d","Created":"2022-09-26T02:45:36.042081626Z","Path":"docker-entrypoint.sh","Args":["mysqld"],"State":{"Status":"running","Running":true,"Paused":false,"Restarting":false,"OOMKilled":false,"Dead":false,"Pid":2251,"ExitCode":0,"Error":"","StartedAt":"2022-09-26T02:45:36.388226668Z","FinishedAt":"0001-01-01T00:00:00Z"},"Image":"sha256:5e229524f286e653111cb9d028bf1ba4c3490742c8cd18c84af22538f0e68575","ResolvConfPath":"/var/lib/docker/containers/47a7ce05e61aa72bdced5a030ca6064519c62d122a5992816f04e0e528b5b17d/resolv.conf","HostnamePath":"/var/lib/docker/containers/47a7ce05e61aa72bdced5a030ca6064519c62d122a5992816f04e0e528b5b17d/hostname","HostsPath":"/var/lib/docker/containers/47a7ce05e61aa72bdced5a030ca6064519c62d122a5992816f04e0e528b5b17d/hosts","LogPath":"/var/lib/docker/containers/47a7ce05e61aa72bdced5a030ca6064519c62d122a5992816f04e0e528b5b17d/47a7ce05e61aa72bdced5a030ca6064519c62d122a5992816f04e0e528b5b17d-json.log","Name":"/crazy_chaum","RestartCount":0,"Driver":"overlay2","Platform":"linux","MountLabel":"","ProcessLabel":"","AppArmorProfile":"","ExecIDs":null,"HostConfig":{"Binds":[],"ContainerIDFile":"","LogConfig":{"Type":"json-file","Config":{}},"NetworkMode":"default","PortBindings":{"3306/tcp":[{"HostIp":"0.0.0.0","HostPort":"0"}]},"RestartPolicy":{"Name":"","MaximumRetryCount":0},"AutoRemove":false,"VolumeDriver":"","VolumesFrom":[],"CapAdd":null,"CapDrop":null,"CgroupnsMode":"private","Dns":null,"DnsOptions":null,"DnsSearch":null,"ExtraHosts":[],"GroupAdd":null,"IpcMode":"shareable","Cgroup":"","Links":null,"OomScoreAdj":0,"PidMode":"","Privileged":false,"PublishAllPorts":false,"ReadonlyRootfs":false,"SecurityOpt":null,"UTSMode":"","UsernsMode":"","ShmSize":67108864,"Runtime":"runc","ConsoleSize":[0,0],"Isolation":"","CpuShares":0,"Memory":0,"NanoCpus":0,"CgroupParent":"","BlkioWeight":0,"BlkioWeightDevice":null,"BlkioDeviceReadBps":null,"BlkioDeviceWriteBps":null,"BlkioDeviceReadIOps":null,"BlkioDeviceWriteIOps":null,"CpuPeriod":0,"CpuQuota":0,"CpuRealtimePeriod":0,"CpuRealtimeRuntime":0,"CpusetCpus":"","CpusetMems":"","Devices":null,"DeviceCgroupRules":null,"DeviceRequests":null,"KernelMemory":0,"KernelMemoryTCP":0,"MemoryReservation":0,"MemorySwap":0,"MemorySwappiness":null,"OomKillDisable":null,"PidsLimit":null,"Ulimits":null,"CpuCount":0,"CpuPercent":0,"IOMaximumIOps":0,"IOMaximumBandwidth":0,"MaskedPaths":["/proc/asound","/proc/acpi","/proc/kcore","/proc/keys","/proc/latency_stats","/proc/timer_list","/proc/timer_stats","/proc/sched_debug","/proc/scsi","/sys/firmware"],"ReadonlyPaths":["/proc/bus","/proc/fs","/proc/irq","/proc/sys","/proc/sysrq-trigger"]},"GraphDriver":{"Data":{"LowerDir":"/var/lib/docker/overlay2/45da4782eb6c4075fef21a16271836d62c4e4726b16ef4c5ea199d4e626bdb39-init/diff:/var/lib/docker/overlay2/27a623f1ab748258e017a40f339844ef533377092bad4182aa320e9399893e13/diff:/var/lib/docker/overlay2/d7c1e4de558b6bbbdc3209a51fc73295262b5271709fe659d0e2e94f626eea74/diff:/var/lib/docker/overlay2/2df554f793c3600571e2f078ad2e20025d6b2e35f3d18881ead4f70e2cc26cb8/diff:/var/lib/docker/overlay2/feb23515577245ad51a24945de1e6bab842929569da912a2b4a33a48c6c2331f/diff:/var/lib/docker/overlay2/cc2cdbce154e19d9c4f376917b6c92ebd55b0b495124ffd2c9d7e9c82b6a95f9/diff:/var/lib/docker/overlay2/968467fe01280f82d26487386f320a15000815d63000d5ec89b47acca8f77ef2/diff:/var/lib/docker/overlay2/cc59daa314bbcaec43d6cd4064c7863b4b3976b989121dcf2e32c4710281f247/diff:/var/lib/docker/overlay2/dc5d8b1cf96cfd5d96d68fbed14248edf1244c1a4669ba07b0bab7f3d782f058/diff:/var/lib/docker/overlay2/dcca184158d696706cd99e62ffa3e5c42964eb57190bef35421cdf3f83a8c130/diff:/var/lib/docker/overlay2/a7f928596da67ce59f34b0ba4cee4a3b948b94f91ad0b0b6260dc54fb9b5a048/diff:/var/lib/docker/overlay2/6ac5adbfff6202b1faa13a2a2fd92625bdda668cdac1a1d2230becbb394e569f/diff","MergedDir":"/var/lib/docker/overlay2/45da4782eb6c4075fef21a16271836d62c4e4726b16ef4c5ea199d4e626bdb39/merged","UpperDir":"/var/lib/docker/overlay2/45da4782eb6c4075fef21a16271836d62c4e4726b16ef4c5ea199d4e626bdb39/diff","WorkDir":"/var/lib/docker/overlay2/45da4782eb6c4075fef21a16271836d62c4e4726b16ef4c5ea199d4e626bdb39/work"},"Name":"overlay2"},"Mounts":[{"Type":"volume","Name":"08668a73464516d2c615e247a561222f461f2385cff5615e53cc78e96456230c","Source":"/var/lib/docker/volumes/08668a73464516d2c615e247a561222f461f2385cff5615e53cc78e96456230c/_data","Destination":"/var/lib/mysql","Driver":"local","Mode":"","RW":true,"Propagation":""}],"Config":{"Hostname":"47a7ce05e61a","Domainname":"","User":"","AttachStdin":false,"AttachStdout":false,"AttachStderr":false,"ExposedPorts":{"3306/tcp":{},"33060/tcp":{}},"Tty":false,"OpenStdin":false,"StdinOnce":false,"Env":["MYSQL_DATABASE=lotification","MYSQL_PASSWORD=1234","MYSQL_USER=admin","MYSQL_ROOT_PASSWORD=1234","PATH=/usr/local/sbin:/usr/local/bin:/usr/sbin:/usr/bin:/sbin:/bin","GOSU_VERSION=1.14","MYSQL_MAJOR=8.0","MYSQL_VERSION=8.0.30-1.el8","MYSQL_SHELL_VERSION=8.0.30-1.el8"],"Cmd":["mysqld"],"Image":"mysql:8","Volumes":{"/var/lib/mysql":{}},"WorkingDir":"","Entrypoint":["docker-entrypoint.sh"],"OnBuild":null,"Labels":{"org.testcontainers":"true","org.testcontainers.sessionId":"c5b4bded-8a7b-4309-a94c-5bb153977152"}},"NetworkSettings":{"Bridge":"","SandboxID":"c87f478ec31081a2fc02a6d53fa5addc8f61962dea8dd5c17c1c641e1a25e99b","HairpinMode":false,"LinkLocalIPv6Address":"","LinkLocalIPv6PrefixLen":0,"Ports":{"3306/tcp":[{"HostIp":"0.0.0.0","HostPort":"63346"}],"33060/tcp":null},"SandboxKey":"/var/run/docker/netns/c87f478ec310","SecondaryIPAddresses":null,"SecondaryIPv6Addresses":null,"EndpointID":"7830774c518a6ae45bc93e5b48bd99e8a609aa29230b007326fa87b5ca32567f","Gateway":"172.17.0.1","GlobalIPv6Address":"","GlobalIPv6PrefixLen":0,"IPAddress":"172.17.0.4","IPPrefixLen":16,"IPv6Gateway":"","MacAddress":"02:42:ac:11:00:04","Networks":{"bridge":{"IPAMConfig":null,"Links":null,"Aliases":null,"NetworkID":"42b943ace1ba272d06317befbba08f853c5a08f211a0bdf3660599ced98f9c17","EndpointID":"7830774c518a6ae45bc93e5b48bd99e8a609aa29230b007326fa87b5ca32567f","Gateway":"172.17.0.1","IPAddress":"172.17.0.4","IPPrefixLen":16,"IPv6Gateway":"","GlobalIPv6Address":"","GlobalIPv6PrefixLen":0,"MacAddress":"02:42:ac:11:00:04","DriverOpts":null}}}}[\n]"
11:45:40.206 [Test worker] DEBUG com.github.dockerjava.zerodep.shaded.org.apache.hc.client5.http.wire - http-outgoing-2 << "[\r][\n]"
11:45:40.206 [Test worker] DEBUG com.github.dockerjava.zerodep.shaded.org.apache.hc.client5.http.wire - http-outgoing-2 << "0[\r][\n]"
11:45:40.206 [Test worker] DEBUG com.github.dockerjava.zerodep.shaded.org.apache.hc.client5.http.wire - http-outgoing-2 << "[\r][\n]"
11:45:40.206 [Test worker] DEBUG com.github.dockerjava.zerodep.shaded.org.apache.hc.client5.http.impl.classic.InternalHttpClient - ep-0000002D: releasing valid endpoint
11:45:40.206 [Test worker] DEBUG com.github.dockerjava.zerodep.shaded.org.apache.hc.client5.http.impl.io.PoolingHttpClientConnectionManager - ep-0000002D: releasing endpoint
11:45:40.206 [Test worker] DEBUG com.github.dockerjava.zerodep.shaded.org.apache.hc.client5.http.impl.io.PoolingHttpClientConnectionManager - ep-0000002D: connection http-outgoing-2 can be kept alive for 3 MINUTES
11:45:40.207 [Test worker] DEBUG com.github.dockerjava.zerodep.shaded.org.apache.hc.client5.http.impl.io.PoolingHttpClientConnectionManager - ep-0000002D: connection released [route: {}->unix://localhost:2375][total available: 1; route allocated: 1 of 2147483647; total allocated: 1 of 2147483647]
11:45:40.207 [Test worker] DEBUG ]]>&#x1f433;<![CDATA[ [mysql:8] - Trying to create JDBC connection using com.mysql.cj.jdbc.Driver to jdbc:mysql://localhost:63346/lotification?useSSL=false&allowPublicKeyRetrieval=true with properties: {password=1234, user=admin}
11:45:40.314 [Test worker] DEBUG org.testcontainers.shaded.com.github.dockerjava.core.command.AbstrDockerCmd - Cmd: 47a7ce05e61aa72bdced5a030ca6064519c62d122a5992816f04e0e528b5b17d,false
11:45:40.315 [Test worker] DEBUG org.testcontainers.shaded.com.github.dockerjava.core.exec.InspectContainerCmdExec - GET: DefaultWebTarget{path=[/containers/47a7ce05e61aa72bdced5a030ca6064519c62d122a5992816f04e0e528b5b17d/json], queryParams={}}
11:45:40.316 [Test worker] DEBUG com.github.dockerjava.zerodep.shaded.org.apache.hc.client5.http.impl.classic.InternalHttpClient - ex-0000002F: preparing request execution
11:45:40.316 [Test worker] DEBUG com.github.dockerjava.zerodep.shaded.org.apache.hc.client5.http.protocol.RequestAddCookies - Cookie spec selected: strict
11:45:40.316 [Test worker] DEBUG com.github.dockerjava.zerodep.shaded.org.apache.hc.client5.http.protocol.RequestAuthCache - Auth cache not set in the context
11:45:40.316 [Test worker] DEBUG com.github.dockerjava.zerodep.shaded.org.apache.hc.client5.http.impl.classic.ProtocolExec - ex-0000002F: target auth state: UNCHALLENGED
11:45:40.316 [Test worker] DEBUG com.github.dockerjava.zerodep.shaded.org.apache.hc.client5.http.impl.classic.ProtocolExec - ex-0000002F: proxy auth state: UNCHALLENGED
11:45:40.316 [Test worker] DEBUG com.github.dockerjava.zerodep.shaded.org.apache.hc.client5.http.impl.classic.ConnectExec - ex-0000002F: acquiring connection with route {}->unix://localhost:2375
11:45:40.316 [Test worker] DEBUG com.github.dockerjava.zerodep.shaded.org.apache.hc.client5.http.impl.classic.InternalHttpClient - ex-0000002F: acquiring endpoint (3 MINUTES)
11:45:40.316 [Test worker] DEBUG com.github.dockerjava.zerodep.shaded.org.apache.hc.client5.http.impl.io.PoolingHttpClientConnectionManager - ex-0000002F: endpoint lease request (3 MINUTES) [route: {}->unix://localhost:2375][total available: 1; route allocated: 1 of 2147483647; total allocated: 1 of 2147483647]
11:45:40.316 [Test worker] DEBUG com.github.dockerjava.zerodep.shaded.org.apache.hc.client5.http.impl.io.PoolingHttpClientConnectionManager - ex-0000002F: endpoint leased [route: {}->unix://localhost:2375][total available: 0; route allocated: 1 of 2147483647; total allocated: 1 of 2147483647]
11:45:40.316 [Test worker] DEBUG com.github.dockerjava.zerodep.shaded.org.apache.hc.client5.http.impl.io.PoolingHttpClientConnectionManager - ex-0000002F: acquired ep-0000002E
11:45:40.316 [Test worker] DEBUG com.github.dockerjava.zerodep.shaded.org.apache.hc.client5.http.impl.classic.InternalHttpClient - ex-0000002F: acquired endpoint ep-0000002E
11:45:40.316 [Test worker] DEBUG com.github.dockerjava.zerodep.shaded.org.apache.hc.client5.http.impl.classic.MainClientExec - ex-0000002F: executing GET /v1.32/containers/47a7ce05e61aa72bdced5a030ca6064519c62d122a5992816f04e0e528b5b17d/json HTTP/1.1
11:45:40.317 [Test worker] DEBUG com.github.dockerjava.zerodep.shaded.org.apache.hc.client5.http.impl.classic.InternalHttpClient - ep-0000002E: start execution ex-0000002F
11:45:40.317 [Test worker] DEBUG com.github.dockerjava.zerodep.shaded.org.apache.hc.client5.http.impl.io.PoolingHttpClientConnectionManager - ep-0000002E: executing exchange ex-0000002F over http-outgoing-2
11:45:40.317 [Test worker] DEBUG com.github.dockerjava.zerodep.shaded.org.apache.hc.client5.http.headers - http-outgoing-2 >> GET /v1.32/containers/47a7ce05e61aa72bdced5a030ca6064519c62d122a5992816f04e0e528b5b17d/json HTTP/1.1
11:45:40.317 [Test worker] DEBUG com.github.dockerjava.zerodep.shaded.org.apache.hc.client5.http.headers - http-outgoing-2 >> accept: application/json
11:45:40.317 [Test worker] DEBUG com.github.dockerjava.zerodep.shaded.org.apache.hc.client5.http.headers - http-outgoing-2 >> x-tc-sid: c5b4bded-8a7b-4309-a94c-5bb153977152
11:45:40.317 [Test worker] DEBUG com.github.dockerjava.zerodep.shaded.org.apache.hc.client5.http.headers - http-outgoing-2 >> Accept-Encoding: gzip, x-gzip, deflate
11:45:40.317 [Test worker] DEBUG com.github.dockerjava.zerodep.shaded.org.apache.hc.client5.http.headers - http-outgoing-2 >> Host: localhost:2375
11:45:40.317 [Test worker] DEBUG com.github.dockerjava.zerodep.shaded.org.apache.hc.client5.http.headers - http-outgoing-2 >> Connection: keep-alive
11:45:40.317 [Test worker] DEBUG com.github.dockerjava.zerodep.shaded.org.apache.hc.client5.http.headers - http-outgoing-2 >> User-Agent: Apache-HttpClient/5.0.3 (Java/17.0.3)
11:45:40.317 [Test worker] DEBUG com.github.dockerjava.zerodep.shaded.org.apache.hc.client5.http.wire - http-outgoing-2 >> "GET /v1.32/containers/47a7ce05e61aa72bdced5a030ca6064519c62d122a5992816f04e0e528b5b17d/json HTTP/1.1[\r][\n]"
11:45:40.317 [Test worker] DEBUG com.github.dockerjava.zerodep.shaded.org.apache.hc.client5.http.wire - http-outgoing-2 >> "accept: application/json[\r][\n]"
11:45:40.317 [Test worker] DEBUG com.github.dockerjava.zerodep.shaded.org.apache.hc.client5.http.wire - http-outgoing-2 >> "x-tc-sid: c5b4bded-8a7b-4309-a94c-5bb153977152[\r][\n]"
11:45:40.317 [Test worker] DEBUG com.github.dockerjava.zerodep.shaded.org.apache.hc.client5.http.wire - http-outgoing-2 >> "Accept-Encoding: gzip, x-gzip, deflate[\r][\n]"
11:45:40.317 [Test worker] DEBUG com.github.dockerjava.zerodep.shaded.org.apache.hc.client5.http.wire - http-outgoing-2 >> "Host: localhost:2375[\r][\n]"
11:45:40.317 [Test worker] DEBUG com.github.dockerjava.zerodep.shaded.org.apache.hc.client5.http.wire - http-outgoing-2 >> "Connection: keep-alive[\r][\n]"
11:45:40.317 [Test worker] DEBUG com.github.dockerjava.zerodep.shaded.org.apache.hc.client5.http.wire - http-outgoing-2 >> "User-Agent: Apache-HttpClient/5.0.3 (Java/17.0.3)[\r][\n]"
11:45:40.317 [Test worker] DEBUG com.github.dockerjava.zerodep.shaded.org.apache.hc.client5.http.wire - http-outgoing-2 >> "[\r][\n]"
11:45:40.319 [Test worker] DEBUG com.github.dockerjava.zerodep.shaded.org.apache.hc.client5.http.wire - http-outgoing-2 << "HTTP/1.1 200 OK[\r][\n]"
11:45:40.319 [Test worker] DEBUG com.github.dockerjava.zerodep.shaded.org.apache.hc.client5.http.wire - http-outgoing-2 << "Api-Version: 1.41[\r][\n]"
11:45:40.319 [Test worker] DEBUG com.github.dockerjava.zerodep.shaded.org.apache.hc.client5.http.wire - http-outgoing-2 << "Content-Type: application/json[\r][\n]"
11:45:40.319 [Test worker] DEBUG com.github.dockerjava.zerodep.shaded.org.apache.hc.client5.http.wire - http-outgoing-2 << "Date: Mon, 26 Sep 2022 02:45:40 GMT[\r][\n]"
11:45:40.319 [Test worker] DEBUG com.github.dockerjava.zerodep.shaded.org.apache.hc.client5.http.wire - http-outgoing-2 << "Docker-Experimental: false[\r][\n]"
11:45:40.319 [Test worker] DEBUG com.github.dockerjava.zerodep.shaded.org.apache.hc.client5.http.wire - http-outgoing-2 << "Ostype: linux[\r][\n]"
11:45:40.319 [Test worker] DEBUG com.github.dockerjava.zerodep.shaded.org.apache.hc.client5.http.wire - http-outgoing-2 << "Server: Docker/20.10.11 (linux)[\r][\n]"
11:45:40.319 [Test worker] DEBUG com.github.dockerjava.zerodep.shaded.org.apache.hc.client5.http.wire - http-outgoing-2 << "Transfer-Encoding: chunked[\r][\n]"
11:45:40.319 [Test worker] DEBUG com.github.dockerjava.zerodep.shaded.org.apache.hc.client5.http.wire - http-outgoing-2 << "[\r][\n]"
11:45:40.319 [Test worker] DEBUG com.github.dockerjava.zerodep.shaded.org.apache.hc.client5.http.headers - http-outgoing-2 << HTTP/1.1 200 OK
11:45:40.319 [Test worker] DEBUG com.github.dockerjava.zerodep.shaded.org.apache.hc.client5.http.headers - http-outgoing-2 << Api-Version: 1.41
11:45:40.319 [Test worker] DEBUG com.github.dockerjava.zerodep.shaded.org.apache.hc.client5.http.headers - http-outgoing-2 << Content-Type: application/json
11:45:40.320 [Test worker] DEBUG com.github.dockerjava.zerodep.shaded.org.apache.hc.client5.http.headers - http-outgoing-2 << Date: Mon, 26 Sep 2022 02:45:40 GMT
11:45:40.320 [Test worker] DEBUG com.github.dockerjava.zerodep.shaded.org.apache.hc.client5.http.headers - http-outgoing-2 << Docker-Experimental: false
11:45:40.320 [Test worker] DEBUG com.github.dockerjava.zerodep.shaded.org.apache.hc.client5.http.headers - http-outgoing-2 << Ostype: linux
11:45:40.320 [Test worker] DEBUG com.github.dockerjava.zerodep.shaded.org.apache.hc.client5.http.headers - http-outgoing-2 << Server: Docker/20.10.11 (linux)
11:45:40.320 [Test worker] DEBUG com.github.dockerjava.zerodep.shaded.org.apache.hc.client5.http.headers - http-outgoing-2 << Transfer-Encoding: chunked
11:45:40.320 [Test worker] DEBUG com.github.dockerjava.zerodep.shaded.org.apache.hc.client5.http.impl.classic.MainClientExec - ex-0000002F: connection can be kept alive for 3 MINUTES
11:45:40.320 [Test worker] DEBUG com.github.dockerjava.zerodep.shaded.org.apache.hc.client5.http.wire - http-outgoing-2 << "1882[\r][\n]"
11:45:40.320 [Test worker] DEBUG com.github.dockerjava.zerodep.shaded.org.apache.hc.client5.http.wire - http-outgoing-2 << "{"Id":"47a7ce05e61aa72bdced5a030ca6064519c62d122a5992816f04e0e528b5b17d","Created":"2022-09-26T02:45:36.042081626Z","Path":"docker-entrypoint.sh","Args":["mysqld"],"State":{"Status":"running","Running":true,"Paused":false,"Restarting":false,"OOMKilled":false,"Dead":false,"Pid":2251,"ExitCode":0,"Error":"","StartedAt":"2022-09-26T02:45:36.388226668Z","FinishedAt":"0001-01-01T00:00:00Z"},"Image":"sha256:5e229524f286e653111cb9d028bf1ba4c3490742c8cd18c84af22538f0e68575","ResolvConfPath":"/var/lib/docker/containers/47a7ce05e61aa72bdced5a030ca6064519c62d122a5992816f04e0e528b5b17d/resolv.conf","HostnamePath":"/var/lib/docker/containers/47a7ce05e61aa72bdced5a030ca6064519c62d122a5992816f04e0e528b5b17d/hostname","HostsPath":"/var/lib/docker/containers/47a7ce05e61aa72bdced5a030ca6064519c62d122a5992816f04e0e528b5b17d/hosts","LogPath":"/var/lib/docker/containers/47a7ce05e61aa72bdced5a030ca6064519c62d122a5992816f04e0e528b5b17d/47a7ce05e61aa72bdced5a030ca6064519c62d122a5992816f04e0e528b5b17d-json.log","Name":"/crazy_chaum","RestartCount":0,"Driver":"overlay2","Platform":"linux","MountLabel":"","ProcessLabel":"","AppArmorProfile":"","ExecIDs":null,"HostConfig":{"Binds":[],"ContainerIDFile":"","LogConfig":{"Type":"json-file","Config":{}},"NetworkMode":"default","PortBindings":{"3306/tcp":[{"HostIp":"0.0.0.0","HostPort":"0"}]},"RestartPolicy":{"Name":"","MaximumRetryCount":0},"AutoRemove":false,"VolumeDriver":"","VolumesFrom":[],"CapAdd":null,"CapDrop":null,"CgroupnsMode":"private","Dns":null,"DnsOptions":null,"DnsSearch":null,"ExtraHosts":[],"GroupAdd":null,"IpcMode":"shareable","Cgroup":"","Links":null,"OomScoreAdj":0,"PidMode":"","Privileged":false,"PublishAllPorts":false,"ReadonlyRootfs":false,"SecurityOpt":null,"UTSMode":"","UsernsMode":"","ShmSize":67108864,"Runtime":"runc","ConsoleSize":[0,0],"Isolation":"","CpuShares":0,"Memory":0,"NanoCpus":0,"CgroupParent":"","BlkioWeight":0,"BlkioWeightDevice":null,"BlkioDeviceReadBps":null,"BlkioDeviceWriteBps":null,"BlkioDeviceReadIOps":null,"BlkioDeviceWriteIOps":null,"CpuPeriod":0,"CpuQuota":0,"CpuRealtimePeriod":0,"CpuRealtimeRuntime":0,"CpusetCpus":"","CpusetMems":"","Devices":null,"DeviceCgroupRules":null,"DeviceRequests":null,"KernelMemory":0,"KernelMemoryTCP":0,"MemoryReservation":0,"MemorySwap":0,"MemorySwappiness":null,"OomKillDisable":null,"PidsLimit":null,"Ulimits":null,"CpuCount":0,"CpuPercent":0,"IOMaximumIOps":0,"IOMaximumBandwidth":0,"MaskedPaths":["/proc/asound","/proc/acpi","/proc/kcore","/proc/keys","/proc/latency_stats","/proc/timer_list","/proc/timer_stats","/proc/sched_debug","/proc/scsi","/sys/firmware"],"ReadonlyPaths":["/proc/bus","/proc/fs","/proc/irq","/proc/sys","/proc/sysrq-trigger"]},"GraphDriver":{"Data":{"LowerDir":"/var/lib/docker/overlay2/45da4782eb6c4075fef21a16271836d62c4e4726b16ef4c5ea199d4e626bdb39-init/diff:/var/lib/docker/overlay2/27a623f1ab748258e017a40f339844ef533377092bad4182aa320e9399893e13/diff:/var/lib/docker/overlay2/d7c1e4de558b6bbbdc3209a51fc73295262b5271709fe659d0e2e94f626eea74/diff:/var/lib/docker/overlay2/2df554f793c3600571e2f078ad2e20025d6b2e35f3d18881ead4f70e2cc26cb8/diff:/var/lib/docker/overlay2/feb23515577245ad51a24945de1e6bab842929569da912a2b4a33a48c6c2331f/diff:/var/lib/docker/overlay2/cc2cdbce154e19d9c4f376917b6c92ebd55b0b495124ffd2c9d7e9c82b6a95f9/diff:/var/lib/docker/overlay2/968467fe01280f82d26487386f320a15000815d63000d5ec89b47acca8f77ef2/diff:/var/lib/docker/overlay2/cc59daa314bbcaec43d6cd4064c7863b4b3976b989121dcf2e32c4710281f247/diff:/var/lib/docker/overlay2/dc5d8b1cf96cfd5d96d68fbed14248edf1244c1a4669ba07b0bab7f3d782f058/diff:/var/lib/docker/overlay2/dcca184158d696706cd99e62ffa3e5c42964eb57190bef35421cdf3f83a8c130/diff:/var/lib/docker/overlay2/a7f928596da67ce59f34b0ba4cee4a3b948b94f91ad0b0b6260dc54fb9b5a048/diff:/var/lib/docker/overlay2/6ac5adbfff6202b1faa13a2a2fd92625bdda668cdac1a1d2230becbb394e569f/diff","MergedDir":"/var/lib/docker/overlay2/45da4782eb6c4075fef21a16271836d62c4e4726b16ef4c5ea199d4e626bdb39/merged","UpperDir":"/var/lib/docker/overlay2/45da4782eb6c4075fef21a16271836d62c4e4726b16ef4c5ea199d4e626bdb39/diff","WorkDir":"/var/lib/docker/overlay2/45da4782eb6c4075fef21a16271836d62c4e4726b16ef4c5ea199d4e626bdb39/work"},"Name":"overlay2"},"Mounts":[{"Type":"volume","Name":"08668a73464516d2c615e247a561222f461f2385cff5615e53cc78e96456230c","Source":"/var/lib/docker/volumes/08668a73464516d2c615e247a561222f461f2385cff5615e53cc78e96456230c/_data","Destination":"/var/lib/mysql","Driver":"local","Mode":"","RW":true,"Propagation":""}],"Config":{"Hostname":"47a7ce05e61a","Domainname":"","User":"","AttachStdin":false,"AttachStdout":false,"AttachStderr":false,"ExposedPorts":{"3306/tcp":{},"33060/tcp":{}},"Tty":false,"OpenStdin":false,"StdinOnce":false,"Env":["MYSQL_DATABASE=lotification","MYSQL_PASSWORD=1234","MYSQL_USER=admin","MYSQL_ROOT_PASSWORD=1234","PATH=/usr/local/sbin:/usr/local/bin:/usr/sbin:/usr/bin:/sbin:/bin","GOSU_VERSION=1.14","MYSQL_MAJOR=8.0","MYSQL_VERSION=8.0.30-1.el8","MYSQL_SHELL_VERSION=8.0.30-1.el8"],"Cmd":["mysqld"],"Image":"mysql:8","Volumes":{"/var/lib/mysql":{}},"WorkingDir":"","Entrypoint":["docker-entrypoint.sh"],"OnBuild":null,"Labels":{"org.testcontainers":"true","org.testcontainers.sessionId":"c5b4bded-8a7b-4309-a94c-5bb153977152"}},"NetworkSettings":{"Bridge":"","SandboxID":"c87f478ec31081a2fc02a6d53fa5addc8f61962dea8dd5c17c1c641e1a25e99b","HairpinMode":false,"LinkLocalIPv6Address":"","LinkLocalIPv6PrefixLen":0,"Ports":{"3306/tcp":[{"HostIp":"0.0.0.0","HostPort":"63346"}],"33060/tcp":null},"SandboxKey":"/var/run/docker/netns/c87f478ec310","SecondaryIPAddresses":null,"SecondaryIPv6Addresses":null,"EndpointID":"7830774c518a6ae45bc93e5b48bd99e8a609aa29230b007326fa87b5ca32567f","Gateway":"172.17.0.1","GlobalIPv6Address":"","GlobalIPv6PrefixLen":0,"IPAddress":"172.17.0.4","IPPrefixLen":16,"IPv6Gateway":"","MacAddress":"02:42:ac:11:00:04","Networks":{"bridge":{"IPAMConfig":null,"Links":null,"Aliases":null,"NetworkID":"42b943ace1ba272d06317befbba08f853c5a08f211a0bdf3660599ced98f9c17","EndpointID":"7830774c518a6ae45bc93e5b48bd99e8a609aa29230b007326fa87b5ca32567f","Gateway":"172.17.0.1","IPAddress":"172.17.0.4","IPPrefixLen":16,"IPv6Gateway":"","GlobalIPv6Address":"","GlobalIPv6PrefixLen":0,"MacAddress":"02:42:ac:11:00:04","DriverOpts":null}}}}[\n]"
11:45:40.320 [Test worker] DEBUG com.github.dockerjava.zerodep.shaded.org.apache.hc.client5.http.wire - http-outgoing-2 << "[\r][\n]"
11:45:40.321 [Test worker] DEBUG com.github.dockerjava.zerodep.shaded.org.apache.hc.client5.http.wire - http-outgoing-2 << "0[\r][\n]"
11:45:40.321 [Test worker] DEBUG com.github.dockerjava.zerodep.shaded.org.apache.hc.client5.http.wire - http-outgoing-2 << "[\r][\n]"
11:45:40.321 [Test worker] DEBUG com.github.dockerjava.zerodep.shaded.org.apache.hc.client5.http.impl.classic.InternalHttpClient - ep-0000002E: releasing valid endpoint
11:45:40.321 [Test worker] DEBUG com.github.dockerjava.zerodep.shaded.org.apache.hc.client5.http.impl.io.PoolingHttpClientConnectionManager - ep-0000002E: releasing endpoint
11:45:40.321 [Test worker] DEBUG com.github.dockerjava.zerodep.shaded.org.apache.hc.client5.http.impl.io.PoolingHttpClientConnectionManager - ep-0000002E: connection http-outgoing-2 can be kept alive for 3 MINUTES
11:45:40.321 [Test worker] DEBUG com.github.dockerjava.zerodep.shaded.org.apache.hc.client5.http.impl.io.PoolingHttpClientConnectionManager - ep-0000002E: connection released [route: {}->unix://localhost:2375][total available: 1; route allocated: 1 of 2147483647; total allocated: 1 of 2147483647]
11:45:40.321 [Test worker] DEBUG ]]>&#x1f433;<![CDATA[ [mysql:8] - Trying to create JDBC connection using com.mysql.cj.jdbc.Driver to jdbc:mysql://localhost:63346/lotification?useSSL=false&allowPublicKeyRetrieval=true with properties: {password=1234, user=admin}
11:45:40.426 [Test worker] DEBUG org.testcontainers.shaded.com.github.dockerjava.core.command.AbstrDockerCmd - Cmd: 47a7ce05e61aa72bdced5a030ca6064519c62d122a5992816f04e0e528b5b17d,false
11:45:40.426 [Test worker] DEBUG org.testcontainers.shaded.com.github.dockerjava.core.exec.InspectContainerCmdExec - GET: DefaultWebTarget{path=[/containers/47a7ce05e61aa72bdced5a030ca6064519c62d122a5992816f04e0e528b5b17d/json], queryParams={}}
11:45:40.426 [Test worker] DEBUG com.github.dockerjava.zerodep.shaded.org.apache.hc.client5.http.impl.classic.InternalHttpClient - ex-00000030: preparing request execution
11:45:40.426 [Test worker] DEBUG com.github.dockerjava.zerodep.shaded.org.apache.hc.client5.http.protocol.RequestAddCookies - Cookie spec selected: strict
11:45:40.426 [Test worker] DEBUG com.github.dockerjava.zerodep.shaded.org.apache.hc.client5.http.protocol.RequestAuthCache - Auth cache not set in the context
11:45:40.426 [Test worker] DEBUG com.github.dockerjava.zerodep.shaded.org.apache.hc.client5.http.impl.classic.ProtocolExec - ex-00000030: target auth state: UNCHALLENGED
11:45:40.426 [Test worker] DEBUG com.github.dockerjava.zerodep.shaded.org.apache.hc.client5.http.impl.classic.ProtocolExec - ex-00000030: proxy auth state: UNCHALLENGED
11:45:40.426 [Test worker] DEBUG com.github.dockerjava.zerodep.shaded.org.apache.hc.client5.http.impl.classic.ConnectExec - ex-00000030: acquiring connection with route {}->unix://localhost:2375
11:45:40.426 [Test worker] DEBUG com.github.dockerjava.zerodep.shaded.org.apache.hc.client5.http.impl.classic.InternalHttpClient - ex-00000030: acquiring endpoint (3 MINUTES)
11:45:40.426 [Test worker] DEBUG com.github.dockerjava.zerodep.shaded.org.apache.hc.client5.http.impl.io.PoolingHttpClientConnectionManager - ex-00000030: endpoint lease request (3 MINUTES) [route: {}->unix://localhost:2375][total available: 1; route allocated: 1 of 2147483647; total allocated: 1 of 2147483647]
11:45:40.426 [Test worker] DEBUG com.github.dockerjava.zerodep.shaded.org.apache.hc.client5.http.impl.io.PoolingHttpClientConnectionManager - ex-00000030: endpoint leased [route: {}->unix://localhost:2375][total available: 0; route allocated: 1 of 2147483647; total allocated: 1 of 2147483647]
11:45:40.426 [Test worker] DEBUG com.github.dockerjava.zerodep.shaded.org.apache.hc.client5.http.impl.io.PoolingHttpClientConnectionManager - ex-00000030: acquired ep-0000002F
11:45:40.426 [Test worker] DEBUG com.github.dockerjava.zerodep.shaded.org.apache.hc.client5.http.impl.classic.InternalHttpClient - ex-00000030: acquired endpoint ep-0000002F
11:45:40.426 [Test worker] DEBUG com.github.dockerjava.zerodep.shaded.org.apache.hc.client5.http.impl.classic.MainClientExec - ex-00000030: executing GET /v1.32/containers/47a7ce05e61aa72bdced5a030ca6064519c62d122a5992816f04e0e528b5b17d/json HTTP/1.1
11:45:40.426 [Test worker] DEBUG com.github.dockerjava.zerodep.shaded.org.apache.hc.client5.http.impl.classic.InternalHttpClient - ep-0000002F: start execution ex-00000030
11:45:40.426 [Test worker] DEBUG com.github.dockerjava.zerodep.shaded.org.apache.hc.client5.http.impl.io.PoolingHttpClientConnectionManager - ep-0000002F: executing exchange ex-00000030 over http-outgoing-2
11:45:40.426 [Test worker] DEBUG com.github.dockerjava.zerodep.shaded.org.apache.hc.client5.http.headers - http-outgoing-2 >> GET /v1.32/containers/47a7ce05e61aa72bdced5a030ca6064519c62d122a5992816f04e0e528b5b17d/json HTTP/1.1
11:45:40.426 [Test worker] DEBUG com.github.dockerjava.zerodep.shaded.org.apache.hc.client5.http.headers - http-outgoing-2 >> accept: application/json
11:45:40.426 [Test worker] DEBUG com.github.dockerjava.zerodep.shaded.org.apache.hc.client5.http.headers - http-outgoing-2 >> x-tc-sid: c5b4bded-8a7b-4309-a94c-5bb153977152
11:45:40.426 [Test worker] DEBUG com.github.dockerjava.zerodep.shaded.org.apache.hc.client5.http.headers - http-outgoing-2 >> Accept-Encoding: gzip, x-gzip, deflate
11:45:40.426 [Test worker] DEBUG com.github.dockerjava.zerodep.shaded.org.apache.hc.client5.http.headers - http-outgoing-2 >> Host: localhost:2375
11:45:40.426 [Test worker] DEBUG com.github.dockerjava.zerodep.shaded.org.apache.hc.client5.http.headers - http-outgoing-2 >> Connection: keep-alive
11:45:40.426 [Test worker] DEBUG com.github.dockerjava.zerodep.shaded.org.apache.hc.client5.http.headers - http-outgoing-2 >> User-Agent: Apache-HttpClient/5.0.3 (Java/17.0.3)
11:45:40.426 [Test worker] DEBUG com.github.dockerjava.zerodep.shaded.org.apache.hc.client5.http.wire - http-outgoing-2 >> "GET /v1.32/containers/47a7ce05e61aa72bdced5a030ca6064519c62d122a5992816f04e0e528b5b17d/json HTTP/1.1[\r][\n]"
11:45:40.426 [Test worker] DEBUG com.github.dockerjava.zerodep.shaded.org.apache.hc.client5.http.wire - http-outgoing-2 >> "accept: application/json[\r][\n]"
11:45:40.426 [Test worker] DEBUG com.github.dockerjava.zerodep.shaded.org.apache.hc.client5.http.wire - http-outgoing-2 >> "x-tc-sid: c5b4bded-8a7b-4309-a94c-5bb153977152[\r][\n]"
11:45:40.426 [Test worker] DEBUG com.github.dockerjava.zerodep.shaded.org.apache.hc.client5.http.wire - http-outgoing-2 >> "Accept-Encoding: gzip, x-gzip, deflate[\r][\n]"
11:45:40.426 [Test worker] DEBUG com.github.dockerjava.zerodep.shaded.org.apache.hc.client5.http.wire - http-outgoing-2 >> "Host: localhost:2375[\r][\n]"
11:45:40.426 [Test worker] DEBUG com.github.dockerjava.zerodep.shaded.org.apache.hc.client5.http.wire - http-outgoing-2 >> "Connection: keep-alive[\r][\n]"
11:45:40.426 [Test worker] DEBUG com.github.dockerjava.zerodep.shaded.org.apache.hc.client5.http.wire - http-outgoing-2 >> "User-Agent: Apache-HttpClient/5.0.3 (Java/17.0.3)[\r][\n]"
11:45:40.426 [Test worker] DEBUG com.github.dockerjava.zerodep.shaded.org.apache.hc.client5.http.wire - http-outgoing-2 >> "[\r][\n]"
11:45:40.431 [Test worker] DEBUG com.github.dockerjava.zerodep.shaded.org.apache.hc.client5.http.wire - http-outgoing-2 << "HTTP/1.1 200 OK[\r][\n]"
11:45:40.431 [Test worker] DEBUG com.github.dockerjava.zerodep.shaded.org.apache.hc.client5.http.wire - http-outgoing-2 << "Api-Version: 1.41[\r][\n]"
11:45:40.431 [Test worker] DEBUG com.github.dockerjava.zerodep.shaded.org.apache.hc.client5.http.wire - http-outgoing-2 << "Content-Type: application/json[\r][\n]"
11:45:40.431 [Test worker] DEBUG com.github.dockerjava.zerodep.shaded.org.apache.hc.client5.http.wire - http-outgoing-2 << "Date: Mon, 26 Sep 2022 02:45:40 GMT[\r][\n]"
11:45:40.431 [Test worker] DEBUG com.github.dockerjava.zerodep.shaded.org.apache.hc.client5.http.wire - http-outgoing-2 << "Docker-Experimental: false[\r][\n]"
11:45:40.431 [Test worker] DEBUG com.github.dockerjava.zerodep.shaded.org.apache.hc.client5.http.wire - http-outgoing-2 << "Ostype: linux[\r][\n]"
11:45:40.431 [Test worker] DEBUG com.github.dockerjava.zerodep.shaded.org.apache.hc.client5.http.wire - http-outgoing-2 << "Server: Docker/20.10.11 (linux)[\r][\n]"
11:45:40.431 [Test worker] DEBUG com.github.dockerjava.zerodep.shaded.org.apache.hc.client5.http.wire - http-outgoing-2 << "Transfer-Encoding: chunked[\r][\n]"
11:45:40.431 [Test worker] DEBUG com.github.dockerjava.zerodep.shaded.org.apache.hc.client5.http.wire - http-outgoing-2 << "[\r][\n]"
11:45:40.431 [Test worker] DEBUG com.github.dockerjava.zerodep.shaded.org.apache.hc.client5.http.headers - http-outgoing-2 << HTTP/1.1 200 OK
11:45:40.431 [Test worker] DEBUG com.github.dockerjava.zerodep.shaded.org.apache.hc.client5.http.headers - http-outgoing-2 << Api-Version: 1.41
11:45:40.431 [Test worker] DEBUG com.github.dockerjava.zerodep.shaded.org.apache.hc.client5.http.headers - http-outgoing-2 << Content-Type: application/json
11:45:40.431 [Test worker] DEBUG com.github.dockerjava.zerodep.shaded.org.apache.hc.client5.http.headers - http-outgoing-2 << Date: Mon, 26 Sep 2022 02:45:40 GMT
11:45:40.431 [Test worker] DEBUG com.github.dockerjava.zerodep.shaded.org.apache.hc.client5.http.headers - http-outgoing-2 << Docker-Experimental: false
11:45:40.431 [Test worker] DEBUG com.github.dockerjava.zerodep.shaded.org.apache.hc.client5.http.headers - http-outgoing-2 << Ostype: linux
11:45:40.431 [Test worker] DEBUG com.github.dockerjava.zerodep.shaded.org.apache.hc.client5.http.headers - http-outgoing-2 << Server: Docker/20.10.11 (linux)
11:45:40.431 [Test worker] DEBUG com.github.dockerjava.zerodep.shaded.org.apache.hc.client5.http.headers - http-outgoing-2 << Transfer-Encoding: chunked
11:45:40.431 [Test worker] DEBUG com.github.dockerjava.zerodep.shaded.org.apache.hc.client5.http.impl.classic.MainClientExec - ex-00000030: connection can be kept alive for 3 MINUTES
11:45:40.431 [Test worker] DEBUG com.github.dockerjava.zerodep.shaded.org.apache.hc.client5.http.wire - http-outgoing-2 << "1882[\r][\n]"
11:45:40.431 [Test worker] DEBUG com.github.dockerjava.zerodep.shaded.org.apache.hc.client5.http.wire - http-outgoing-2 << "{"Id":"47a7ce05e61aa72bdced5a030ca6064519c62d122a5992816f04e0e528b5b17d","Created":"2022-09-26T02:45:36.042081626Z","Path":"docker-entrypoint.sh","Args":["mysqld"],"State":{"Status":"running","Running":true,"Paused":false,"Restarting":false,"OOMKilled":false,"Dead":false,"Pid":2251,"ExitCode":0,"Error":"","StartedAt":"2022-09-26T02:45:36.388226668Z","FinishedAt":"0001-01-01T00:00:00Z"},"Image":"sha256:5e229524f286e653111cb9d028bf1ba4c3490742c8cd18c84af22538f0e68575","ResolvConfPath":"/var/lib/docker/containers/47a7ce05e61aa72bdced5a030ca6064519c62d122a5992816f04e0e528b5b17d/resolv.conf","HostnamePath":"/var/lib/docker/containers/47a7ce05e61aa72bdced5a030ca6064519c62d122a5992816f04e0e528b5b17d/hostname","HostsPath":"/var/lib/docker/containers/47a7ce05e61aa72bdced5a030ca6064519c62d122a5992816f04e0e528b5b17d/hosts","LogPath":"/var/lib/docker/containers/47a7ce05e61aa72bdced5a030ca6064519c62d122a5992816f04e0e528b5b17d/47a7ce05e61aa72bdced5a030ca6064519c62d122a5992816f04e0e528b5b17d-json.log","Name":"/crazy_chaum","RestartCount":0,"Driver":"overlay2","Platform":"linux","MountLabel":"","ProcessLabel":"","AppArmorProfile":"","ExecIDs":null,"HostConfig":{"Binds":[],"ContainerIDFile":"","LogConfig":{"Type":"json-file","Config":{}},"NetworkMode":"default","PortBindings":{"3306/tcp":[{"HostIp":"0.0.0.0","HostPort":"0"}]},"RestartPolicy":{"Name":"","MaximumRetryCount":0},"AutoRemove":false,"VolumeDriver":"","VolumesFrom":[],"CapAdd":null,"CapDrop":null,"CgroupnsMode":"private","Dns":null,"DnsOptions":null,"DnsSearch":null,"ExtraHosts":[],"GroupAdd":null,"IpcMode":"shareable","Cgroup":"","Links":null,"OomScoreAdj":0,"PidMode":"","Privileged":false,"PublishAllPorts":false,"ReadonlyRootfs":false,"SecurityOpt":null,"UTSMode":"","UsernsMode":"","ShmSize":67108864,"Runtime":"runc","ConsoleSize":[0,0],"Isolation":"","CpuShares":0,"Memory":0,"NanoCpus":0,"CgroupParent":"","BlkioWeight":0,"BlkioWeightDevice":null,"BlkioDeviceReadBps":null,"BlkioDeviceWriteBps":null,"BlkioDeviceReadIOps":null,"BlkioDeviceWriteIOps":null,"CpuPeriod":0,"CpuQuota":0,"CpuRealtimePeriod":0,"CpuRealtimeRuntime":0,"CpusetCpus":"","CpusetMems":"","Devices":null,"DeviceCgroupRules":null,"DeviceRequests":null,"KernelMemory":0,"KernelMemoryTCP":0,"MemoryReservation":0,"MemorySwap":0,"MemorySwappiness":null,"OomKillDisable":null,"PidsLimit":null,"Ulimits":null,"CpuCount":0,"CpuPercent":0,"IOMaximumIOps":0,"IOMaximumBandwidth":0,"MaskedPaths":["/proc/asound","/proc/acpi","/proc/kcore","/proc/keys","/proc/latency_stats","/proc/timer_list","/proc/timer_stats","/proc/sched_debug","/proc/scsi","/sys/firmware"],"ReadonlyPaths":["/proc/bus","/proc/fs","/proc/irq","/proc/sys","/proc/sysrq-trigger"]},"GraphDriver":{"Data":{"LowerDir":"/var/lib/docker/overlay2/45da4782eb6c4075fef21a16271836d62c4e4726b16ef4c5ea199d4e626bdb39-init/diff:/var/lib/docker/overlay2/27a623f1ab748258e017a40f339844ef533377092bad4182aa320e9399893e13/diff:/var/lib/docker/overlay2/d7c1e4de558b6bbbdc3209a51fc73295262b5271709fe659d0e2e94f626eea74/diff:/var/lib/docker/overlay2/2df554f793c3600571e2f078ad2e20025d6b2e35f3d18881ead4f70e2cc26cb8/diff:/var/lib/docker/overlay2/feb23515577245ad51a24945de1e6bab842929569da912a2b4a33a48c6c2331f/diff:/var/lib/docker/overlay2/cc2cdbce154e19d9c4f376917b6c92ebd55b0b495124ffd2c9d7e9c82b6a95f9/diff:/var/lib/docker/overlay2/968467fe01280f82d26487386f320a15000815d63000d5ec89b47acca8f77ef2/diff:/var/lib/docker/overlay2/cc59daa314bbcaec43d6cd4064c7863b4b3976b989121dcf2e32c4710281f247/diff:/var/lib/docker/overlay2/dc5d8b1cf96cfd5d96d68fbed14248edf1244c1a4669ba07b0bab7f3d782f058/diff:/var/lib/docker/overlay2/dcca184158d696706cd99e62ffa3e5c42964eb57190bef35421cdf3f83a8c130/diff:/var/lib/docker/overlay2/a7f928596da67ce59f34b0ba4cee4a3b948b94f91ad0b0b6260dc54fb9b5a048/diff:/var/lib/docker/overlay2/6ac5adbfff6202b1faa13a2a2fd92625bdda668cdac1a1d2230becbb394e569f/diff","MergedDir":"/var/lib/docker/overlay2/45da4782eb6c4075fef21a16271836d62c4e4726b16ef4c5ea199d4e626bdb39/merged","UpperDir":"/var/lib/docker/overlay2/45da4782eb6c4075fef21a16271836d62c4e4726b16ef4c5ea199d4e626bdb39/diff","WorkDir":"/var/lib/docker/overlay2/45da4782eb6c4075fef21a16271836d62c4e4726b16ef4c5ea199d4e626bdb39/work"},"Name":"overlay2"},"Mounts":[{"Type":"volume","Name":"08668a73464516d2c615e247a561222f461f2385cff5615e53cc78e96456230c","Source":"/var/lib/docker/volumes/08668a73464516d2c615e247a561222f461f2385cff5615e53cc78e96456230c/_data","Destination":"/var/lib/mysql","Driver":"local","Mode":"","RW":true,"Propagation":""}],"Config":{"Hostname":"47a7ce05e61a","Domainname":"","User":"","AttachStdin":false,"AttachStdout":false,"AttachStderr":false,"ExposedPorts":{"3306/tcp":{},"33060/tcp":{}},"Tty":false,"OpenStdin":false,"StdinOnce":false,"Env":["MYSQL_DATABASE=lotification","MYSQL_PASSWORD=1234","MYSQL_USER=admin","MYSQL_ROOT_PASSWORD=1234","PATH=/usr/local/sbin:/usr/local/bin:/usr/sbin:/usr/bin:/sbin:/bin","GOSU_VERSION=1.14","MYSQL_MAJOR=8.0","MYSQL_VERSION=8.0.30-1.el8","MYSQL_SHELL_VERSION=8.0.30-1.el8"],"Cmd":["mysqld"],"Image":"mysql:8","Volumes":{"/var/lib/mysql":{}},"WorkingDir":"","Entrypoint":["docker-entrypoint.sh"],"OnBuild":null,"Labels":{"org.testcontainers":"true","org.testcontainers.sessionId":"c5b4bded-8a7b-4309-a94c-5bb153977152"}},"NetworkSettings":{"Bridge":"","SandboxID":"c87f478ec31081a2fc02a6d53fa5addc8f61962dea8dd5c17c1c641e1a25e99b","HairpinMode":false,"LinkLocalIPv6Address":"","LinkLocalIPv6PrefixLen":0,"Ports":{"3306/tcp":[{"HostIp":"0.0.0.0","HostPort":"63346"}],"33060/tcp":null},"SandboxKey":"/var/run/docker/netns/c87f478ec310","SecondaryIPAddresses":null,"SecondaryIPv6Addresses":null,"EndpointID":"7830774c518a6ae45bc93e5b48bd99e8a609aa29230b007326fa87b5ca32567f","Gateway":"172.17.0.1","GlobalIPv6Address":"","GlobalIPv6PrefixLen":0,"IPAddress":"172.17.0.4","IPPrefixLen":16,"IPv6Gateway":"","MacAddress":"02:42:ac:11:00:04","Networks":{"bridge":{"IPAMConfig":null,"Links":null,"Aliases":null,"NetworkID":"42b943ace1ba272d06317befbba08f853c5a08f211a0bdf3660599ced98f9c17","EndpointID":"7830774c518a6ae45bc93e5b48bd99e8a609aa29230b007326fa87b5ca32567f","Gateway":"172.17.0.1","IPAddress":"172.17.0.4","IPPrefixLen":16,"IPv6Gateway":"","GlobalIPv6Address":"","GlobalIPv6PrefixLen":0,"MacAddress":"02:42:ac:11:00:04","DriverOpts":null}}}}[\n]"
11:45:40.431 [Test worker] DEBUG com.github.dockerjava.zerodep.shaded.org.apache.hc.client5.http.wire - http-outgoing-2 << "[\r][\n]"
11:45:40.432 [Test worker] DEBUG com.github.dockerjava.zerodep.shaded.org.apache.hc.client5.http.wire - http-outgoing-2 << "0[\r][\n]"
11:45:40.432 [Test worker] DEBUG com.github.dockerjava.zerodep.shaded.org.apache.hc.client5.http.wire - http-outgoing-2 << "[\r][\n]"
11:45:40.432 [Test worker] DEBUG com.github.dockerjava.zerodep.shaded.org.apache.hc.client5.http.impl.classic.InternalHttpClient - ep-0000002F: releasing valid endpoint
11:45:40.432 [Test worker] DEBUG com.github.dockerjava.zerodep.shaded.org.apache.hc.client5.http.impl.io.PoolingHttpClientConnectionManager - ep-0000002F: releasing endpoint
11:45:40.432 [Test worker] DEBUG com.github.dockerjava.zerodep.shaded.org.apache.hc.client5.http.impl.io.PoolingHttpClientConnectionManager - ep-0000002F: connection http-outgoing-2 can be kept alive for 3 MINUTES
11:45:40.432 [Test worker] DEBUG com.github.dockerjava.zerodep.shaded.org.apache.hc.client5.http.impl.io.PoolingHttpClientConnectionManager - ep-0000002F: connection released [route: {}->unix://localhost:2375][total available: 1; route allocated: 1 of 2147483647; total allocated: 1 of 2147483647]
11:45:40.432 [Test worker] DEBUG ]]>&#x1f433;<![CDATA[ [mysql:8] - Trying to create JDBC connection using com.mysql.cj.jdbc.Driver to jdbc:mysql://localhost:63346/lotification?useSSL=false&allowPublicKeyRetrieval=true with properties: {password=1234, user=admin}
11:45:40.541 [Test worker] DEBUG org.testcontainers.shaded.com.github.dockerjava.core.command.AbstrDockerCmd - Cmd: 47a7ce05e61aa72bdced5a030ca6064519c62d122a5992816f04e0e528b5b17d,false
11:45:40.541 [Test worker] DEBUG org.testcontainers.shaded.com.github.dockerjava.core.exec.InspectContainerCmdExec - GET: DefaultWebTarget{path=[/containers/47a7ce05e61aa72bdced5a030ca6064519c62d122a5992816f04e0e528b5b17d/json], queryParams={}}
11:45:40.541 [Test worker] DEBUG com.github.dockerjava.zerodep.shaded.org.apache.hc.client5.http.impl.classic.InternalHttpClient - ex-00000031: preparing request execution
11:45:40.541 [Test worker] DEBUG com.github.dockerjava.zerodep.shaded.org.apache.hc.client5.http.protocol.RequestAddCookies - Cookie spec selected: strict
11:45:40.541 [Test worker] DEBUG com.github.dockerjava.zerodep.shaded.org.apache.hc.client5.http.protocol.RequestAuthCache - Auth cache not set in the context
11:45:40.541 [Test worker] DEBUG com.github.dockerjava.zerodep.shaded.org.apache.hc.client5.http.impl.classic.ProtocolExec - ex-00000031: target auth state: UNCHALLENGED
11:45:40.541 [Test worker] DEBUG com.github.dockerjava.zerodep.shaded.org.apache.hc.client5.http.impl.classic.ProtocolExec - ex-00000031: proxy auth state: UNCHALLENGED
11:45:40.541 [Test worker] DEBUG com.github.dockerjava.zerodep.shaded.org.apache.hc.client5.http.impl.classic.ConnectExec - ex-00000031: acquiring connection with route {}->unix://localhost:2375
11:45:40.541 [Test worker] DEBUG com.github.dockerjava.zerodep.shaded.org.apache.hc.client5.http.impl.classic.InternalHttpClient - ex-00000031: acquiring endpoint (3 MINUTES)
11:45:40.541 [Test worker] DEBUG com.github.dockerjava.zerodep.shaded.org.apache.hc.client5.http.impl.io.PoolingHttpClientConnectionManager - ex-00000031: endpoint lease request (3 MINUTES) [route: {}->unix://localhost:2375][total available: 1; route allocated: 1 of 2147483647; total allocated: 1 of 2147483647]
11:45:40.541 [Test worker] DEBUG com.github.dockerjava.zerodep.shaded.org.apache.hc.client5.http.impl.io.PoolingHttpClientConnectionManager - ex-00000031: endpoint leased [route: {}->unix://localhost:2375][total available: 0; route allocated: 1 of 2147483647; total allocated: 1 of 2147483647]
11:45:40.541 [Test worker] DEBUG com.github.dockerjava.zerodep.shaded.org.apache.hc.client5.http.impl.io.PoolingHttpClientConnectionManager - ex-00000031: acquired ep-00000030
11:45:40.541 [Test worker] DEBUG com.github.dockerjava.zerodep.shaded.org.apache.hc.client5.http.impl.classic.InternalHttpClient - ex-00000031: acquired endpoint ep-00000030
11:45:40.541 [Test worker] DEBUG com.github.dockerjava.zerodep.shaded.org.apache.hc.client5.http.impl.classic.MainClientExec - ex-00000031: executing GET /v1.32/containers/47a7ce05e61aa72bdced5a030ca6064519c62d122a5992816f04e0e528b5b17d/json HTTP/1.1
11:45:40.541 [Test worker] DEBUG com.github.dockerjava.zerodep.shaded.org.apache.hc.client5.http.impl.classic.InternalHttpClient - ep-00000030: start execution ex-00000031
11:45:40.541 [Test worker] DEBUG com.github.dockerjava.zerodep.shaded.org.apache.hc.client5.http.impl.io.PoolingHttpClientConnectionManager - ep-00000030: executing exchange ex-00000031 over http-outgoing-2
11:45:40.541 [Test worker] DEBUG com.github.dockerjava.zerodep.shaded.org.apache.hc.client5.http.headers - http-outgoing-2 >> GET /v1.32/containers/47a7ce05e61aa72bdced5a030ca6064519c62d122a5992816f04e0e528b5b17d/json HTTP/1.1
11:45:40.541 [Test worker] DEBUG com.github.dockerjava.zerodep.shaded.org.apache.hc.client5.http.headers - http-outgoing-2 >> accept: application/json
11:45:40.541 [Test worker] DEBUG com.github.dockerjava.zerodep.shaded.org.apache.hc.client5.http.headers - http-outgoing-2 >> x-tc-sid: c5b4bded-8a7b-4309-a94c-5bb153977152
11:45:40.541 [Test worker] DEBUG com.github.dockerjava.zerodep.shaded.org.apache.hc.client5.http.headers - http-outgoing-2 >> Accept-Encoding: gzip, x-gzip, deflate
11:45:40.541 [Test worker] DEBUG com.github.dockerjava.zerodep.shaded.org.apache.hc.client5.http.headers - http-outgoing-2 >> Host: localhost:2375
11:45:40.541 [Test worker] DEBUG com.github.dockerjava.zerodep.shaded.org.apache.hc.client5.http.headers - http-outgoing-2 >> Connection: keep-alive
11:45:40.541 [Test worker] DEBUG com.github.dockerjava.zerodep.shaded.org.apache.hc.client5.http.headers - http-outgoing-2 >> User-Agent: Apache-HttpClient/5.0.3 (Java/17.0.3)
11:45:40.541 [Test worker] DEBUG com.github.dockerjava.zerodep.shaded.org.apache.hc.client5.http.wire - http-outgoing-2 >> "GET /v1.32/containers/47a7ce05e61aa72bdced5a030ca6064519c62d122a5992816f04e0e528b5b17d/json HTTP/1.1[\r][\n]"
11:45:40.541 [Test worker] DEBUG com.github.dockerjava.zerodep.shaded.org.apache.hc.client5.http.wire - http-outgoing-2 >> "accept: application/json[\r][\n]"
11:45:40.541 [Test worker] DEBUG com.github.dockerjava.zerodep.shaded.org.apache.hc.client5.http.wire - http-outgoing-2 >> "x-tc-sid: c5b4bded-8a7b-4309-a94c-5bb153977152[\r][\n]"
11:45:40.541 [Test worker] DEBUG com.github.dockerjava.zerodep.shaded.org.apache.hc.client5.http.wire - http-outgoing-2 >> "Accept-Encoding: gzip, x-gzip, deflate[\r][\n]"
11:45:40.541 [Test worker] DEBUG com.github.dockerjava.zerodep.shaded.org.apache.hc.client5.http.wire - http-outgoing-2 >> "Host: localhost:2375[\r][\n]"
11:45:40.541 [Test worker] DEBUG com.github.dockerjava.zerodep.shaded.org.apache.hc.client5.http.wire - http-outgoing-2 >> "Connection: keep-alive[\r][\n]"
11:45:40.541 [Test worker] DEBUG com.github.dockerjava.zerodep.shaded.org.apache.hc.client5.http.wire - http-outgoing-2 >> "User-Agent: Apache-HttpClient/5.0.3 (Java/17.0.3)[\r][\n]"
11:45:40.541 [Test worker] DEBUG com.github.dockerjava.zerodep.shaded.org.apache.hc.client5.http.wire - http-outgoing-2 >> "[\r][\n]"
11:45:40.544 [Test worker] DEBUG com.github.dockerjava.zerodep.shaded.org.apache.hc.client5.http.wire - http-outgoing-2 << "HTTP/1.1 200 OK[\r][\n]"
11:45:40.544 [Test worker] DEBUG com.github.dockerjava.zerodep.shaded.org.apache.hc.client5.http.wire - http-outgoing-2 << "Api-Version: 1.41[\r][\n]"
11:45:40.544 [Test worker] DEBUG com.github.dockerjava.zerodep.shaded.org.apache.hc.client5.http.wire - http-outgoing-2 << "Content-Type: application/json[\r][\n]"
11:45:40.544 [Test worker] DEBUG com.github.dockerjava.zerodep.shaded.org.apache.hc.client5.http.wire - http-outgoing-2 << "Date: Mon, 26 Sep 2022 02:45:40 GMT[\r][\n]"
11:45:40.544 [Test worker] DEBUG com.github.dockerjava.zerodep.shaded.org.apache.hc.client5.http.wire - http-outgoing-2 << "Docker-Experimental: false[\r][\n]"
11:45:40.544 [Test worker] DEBUG com.github.dockerjava.zerodep.shaded.org.apache.hc.client5.http.wire - http-outgoing-2 << "Ostype: linux[\r][\n]"
11:45:40.544 [Test worker] DEBUG com.github.dockerjava.zerodep.shaded.org.apache.hc.client5.http.wire - http-outgoing-2 << "Server: Docker/20.10.11 (linux)[\r][\n]"
11:45:40.544 [Test worker] DEBUG com.github.dockerjava.zerodep.shaded.org.apache.hc.client5.http.wire - http-outgoing-2 << "Transfer-Encoding: chunked[\r][\n]"
11:45:40.544 [Test worker] DEBUG com.github.dockerjava.zerodep.shaded.org.apache.hc.client5.http.wire - http-outgoing-2 << "[\r][\n]"
11:45:40.544 [Test worker] DEBUG com.github.dockerjava.zerodep.shaded.org.apache.hc.client5.http.headers - http-outgoing-2 << HTTP/1.1 200 OK
11:45:40.544 [Test worker] DEBUG com.github.dockerjava.zerodep.shaded.org.apache.hc.client5.http.headers - http-outgoing-2 << Api-Version: 1.41
11:45:40.544 [Test worker] DEBUG com.github.dockerjava.zerodep.shaded.org.apache.hc.client5.http.headers - http-outgoing-2 << Content-Type: application/json
11:45:40.544 [Test worker] DEBUG com.github.dockerjava.zerodep.shaded.org.apache.hc.client5.http.headers - http-outgoing-2 << Date: Mon, 26 Sep 2022 02:45:40 GMT
11:45:40.544 [Test worker] DEBUG com.github.dockerjava.zerodep.shaded.org.apache.hc.client5.http.headers - http-outgoing-2 << Docker-Experimental: false
11:45:40.544 [Test worker] DEBUG com.github.dockerjava.zerodep.shaded.org.apache.hc.client5.http.headers - http-outgoing-2 << Ostype: linux
11:45:40.544 [Test worker] DEBUG com.github.dockerjava.zerodep.shaded.org.apache.hc.client5.http.headers - http-outgoing-2 << Server: Docker/20.10.11 (linux)
11:45:40.544 [Test worker] DEBUG com.github.dockerjava.zerodep.shaded.org.apache.hc.client5.http.headers - http-outgoing-2 << Transfer-Encoding: chunked
11:45:40.544 [Test worker] DEBUG com.github.dockerjava.zerodep.shaded.org.apache.hc.client5.http.impl.classic.MainClientExec - ex-00000031: connection can be kept alive for 3 MINUTES
11:45:40.545 [Test worker] DEBUG com.github.dockerjava.zerodep.shaded.org.apache.hc.client5.http.wire - http-outgoing-2 << "1882[\r][\n]"
11:45:40.545 [Test worker] DEBUG com.github.dockerjava.zerodep.shaded.org.apache.hc.client5.http.wire - http-outgoing-2 << "{"Id":"47a7ce05e61aa72bdced5a030ca6064519c62d122a5992816f04e0e528b5b17d","Created":"2022-09-26T02:45:36.042081626Z","Path":"docker-entrypoint.sh","Args":["mysqld"],"State":{"Status":"running","Running":true,"Paused":false,"Restarting":false,"OOMKilled":false,"Dead":false,"Pid":2251,"ExitCode":0,"Error":"","StartedAt":"2022-09-26T02:45:36.388226668Z","FinishedAt":"0001-01-01T00:00:00Z"},"Image":"sha256:5e229524f286e653111cb9d028bf1ba4c3490742c8cd18c84af22538f0e68575","ResolvConfPath":"/var/lib/docker/containers/47a7ce05e61aa72bdced5a030ca6064519c62d122a5992816f04e0e528b5b17d/resolv.conf","HostnamePath":"/var/lib/docker/containers/47a7ce05e61aa72bdced5a030ca6064519c62d122a5992816f04e0e528b5b17d/hostname","HostsPath":"/var/lib/docker/containers/47a7ce05e61aa72bdced5a030ca6064519c62d122a5992816f04e0e528b5b17d/hosts","LogPath":"/var/lib/docker/containers/47a7ce05e61aa72bdced5a030ca6064519c62d122a5992816f04e0e528b5b17d/47a7ce05e61aa72bdced5a030ca6064519c62d122a5992816f04e0e528b5b17d-json.log","Name":"/crazy_chaum","RestartCount":0,"Driver":"overlay2","Platform":"linux","MountLabel":"","ProcessLabel":"","AppArmorProfile":"","ExecIDs":null,"HostConfig":{"Binds":[],"ContainerIDFile":"","LogConfig":{"Type":"json-file","Config":{}},"NetworkMode":"default","PortBindings":{"3306/tcp":[{"HostIp":"0.0.0.0","HostPort":"0"}]},"RestartPolicy":{"Name":"","MaximumRetryCount":0},"AutoRemove":false,"VolumeDriver":"","VolumesFrom":[],"CapAdd":null,"CapDrop":null,"CgroupnsMode":"private","Dns":null,"DnsOptions":null,"DnsSearch":null,"ExtraHosts":[],"GroupAdd":null,"IpcMode":"shareable","Cgroup":"","Links":null,"OomScoreAdj":0,"PidMode":"","Privileged":false,"PublishAllPorts":false,"ReadonlyRootfs":false,"SecurityOpt":null,"UTSMode":"","UsernsMode":"","ShmSize":67108864,"Runtime":"runc","ConsoleSize":[0,0],"Isolation":"","CpuShares":0,"Memory":0,"NanoCpus":0,"CgroupParent":"","BlkioWeight":0,"BlkioWeightDevice":null,"BlkioDeviceReadBps":null,"BlkioDeviceWriteBps":null,"BlkioDeviceReadIOps":null,"BlkioDeviceWriteIOps":null,"CpuPeriod":0,"CpuQuota":0,"CpuRealtimePeriod":0,"CpuRealtimeRuntime":0,"CpusetCpus":"","CpusetMems":"","Devices":null,"DeviceCgroupRules":null,"DeviceRequests":null,"KernelMemory":0,"KernelMemoryTCP":0,"MemoryReservation":0,"MemorySwap":0,"MemorySwappiness":null,"OomKillDisable":null,"PidsLimit":null,"Ulimits":null,"CpuCount":0,"CpuPercent":0,"IOMaximumIOps":0,"IOMaximumBandwidth":0,"MaskedPaths":["/proc/asound","/proc/acpi","/proc/kcore","/proc/keys","/proc/latency_stats","/proc/timer_list","/proc/timer_stats","/proc/sched_debug","/proc/scsi","/sys/firmware"],"ReadonlyPaths":["/proc/bus","/proc/fs","/proc/irq","/proc/sys","/proc/sysrq-trigger"]},"GraphDriver":{"Data":{"LowerDir":"/var/lib/docker/overlay2/45da4782eb6c4075fef21a16271836d62c4e4726b16ef4c5ea199d4e626bdb39-init/diff:/var/lib/docker/overlay2/27a623f1ab748258e017a40f339844ef533377092bad4182aa320e9399893e13/diff:/var/lib/docker/overlay2/d7c1e4de558b6bbbdc3209a51fc73295262b5271709fe659d0e2e94f626eea74/diff:/var/lib/docker/overlay2/2df554f793c3600571e2f078ad2e20025d6b2e35f3d18881ead4f70e2cc26cb8/diff:/var/lib/docker/overlay2/feb23515577245ad51a24945de1e6bab842929569da912a2b4a33a48c6c2331f/diff:/var/lib/docker/overlay2/cc2cdbce154e19d9c4f376917b6c92ebd55b0b495124ffd2c9d7e9c82b6a95f9/diff:/var/lib/docker/overlay2/968467fe01280f82d26487386f320a15000815d63000d5ec89b47acca8f77ef2/diff:/var/lib/docker/overlay2/cc59daa314bbcaec43d6cd4064c7863b4b3976b989121dcf2e32c4710281f247/diff:/var/lib/docker/overlay2/dc5d8b1cf96cfd5d96d68fbed14248edf1244c1a4669ba07b0bab7f3d782f058/diff:/var/lib/docker/overlay2/dcca184158d696706cd99e62ffa3e5c42964eb57190bef35421cdf3f83a8c130/diff:/var/lib/docker/overlay2/a7f928596da67ce59f34b0ba4cee4a3b948b94f91ad0b0b6260dc54fb9b5a048/diff:/var/lib/docker/overlay2/6ac5adbfff6202b1faa13a2a2fd92625bdda668cdac1a1d2230becbb394e569f/diff","MergedDir":"/var/lib/docker/overlay2/45da4782eb6c4075fef21a16271836d62c4e4726b16ef4c5ea199d4e626bdb39/merged","UpperDir":"/var/lib/docker/overlay2/45da4782eb6c4075fef21a16271836d62c4e4726b16ef4c5ea199d4e626bdb39/diff","WorkDir":"/var/lib/docker/overlay2/45da4782eb6c4075fef21a16271836d62c4e4726b16ef4c5ea199d4e626bdb39/work"},"Name":"overlay2"},"Mounts":[{"Type":"volume","Name":"08668a73464516d2c615e247a561222f461f2385cff5615e53cc78e96456230c","Source":"/var/lib/docker/volumes/08668a73464516d2c615e247a561222f461f2385cff5615e53cc78e96456230c/_data","Destination":"/var/lib/mysql","Driver":"local","Mode":"","RW":true,"Propagation":""}],"Config":{"Hostname":"47a7ce05e61a","Domainname":"","User":"","AttachStdin":false,"AttachStdout":false,"AttachStderr":false,"ExposedPorts":{"3306/tcp":{},"33060/tcp":{}},"Tty":false,"OpenStdin":false,"StdinOnce":false,"Env":["MYSQL_DATABASE=lotification","MYSQL_PASSWORD=1234","MYSQL_USER=admin","MYSQL_ROOT_PASSWORD=1234","PATH=/usr/local/sbin:/usr/local/bin:/usr/sbin:/usr/bin:/sbin:/bin","GOSU_VERSION=1.14","MYSQL_MAJOR=8.0","MYSQL_VERSION=8.0.30-1.el8","MYSQL_SHELL_VERSION=8.0.30-1.el8"],"Cmd":["mysqld"],"Image":"mysql:8","Volumes":{"/var/lib/mysql":{}},"WorkingDir":"","Entrypoint":["docker-entrypoint.sh"],"OnBuild":null,"Labels":{"org.testcontainers":"true","org.testcontainers.sessionId":"c5b4bded-8a7b-4309-a94c-5bb153977152"}},"NetworkSettings":{"Bridge":"","SandboxID":"c87f478ec31081a2fc02a6d53fa5addc8f61962dea8dd5c17c1c641e1a25e99b","HairpinMode":false,"LinkLocalIPv6Address":"","LinkLocalIPv6PrefixLen":0,"Ports":{"3306/tcp":[{"HostIp":"0.0.0.0","HostPort":"63346"}],"33060/tcp":null},"SandboxKey":"/var/run/docker/netns/c87f478ec310","SecondaryIPAddresses":null,"SecondaryIPv6Addresses":null,"EndpointID":"7830774c518a6ae45bc93e5b48bd99e8a609aa29230b007326fa87b5ca32567f","Gateway":"172.17.0.1","GlobalIPv6Address":"","GlobalIPv6PrefixLen":0,"IPAddress":"172.17.0.4","IPPrefixLen":16,"IPv6Gateway":"","MacAddress":"02:42:ac:11:00:04","Networks":{"bridge":{"IPAMConfig":null,"Links":null,"Aliases":null,"NetworkID":"42b943ace1ba272d06317befbba08f853c5a08f211a0bdf3660599ced98f9c17","EndpointID":"7830774c518a6ae45bc93e5b48bd99e8a609aa29230b007326fa87b5ca32567f","Gateway":"172.17.0.1","IPAddress":"172.17.0.4","IPPrefixLen":16,"IPv6Gateway":"","GlobalIPv6Address":"","GlobalIPv6PrefixLen":0,"MacAddress":"02:42:ac:11:00:04","DriverOpts":null}}}}[\n]"
11:45:40.545 [Test worker] DEBUG com.github.dockerjava.zerodep.shaded.org.apache.hc.client5.http.wire - http-outgoing-2 << "[\r][\n]"
11:45:40.545 [Test worker] DEBUG com.github.dockerjava.zerodep.shaded.org.apache.hc.client5.http.wire - http-outgoing-2 << "0[\r][\n]"
11:45:40.545 [Test worker] DEBUG com.github.dockerjava.zerodep.shaded.org.apache.hc.client5.http.wire - http-outgoing-2 << "[\r][\n]"
11:45:40.545 [Test worker] DEBUG com.github.dockerjava.zerodep.shaded.org.apache.hc.client5.http.impl.classic.InternalHttpClient - ep-00000030: releasing valid endpoint
11:45:40.545 [Test worker] DEBUG com.github.dockerjava.zerodep.shaded.org.apache.hc.client5.http.impl.io.PoolingHttpClientConnectionManager - ep-00000030: releasing endpoint
11:45:40.545 [Test worker] DEBUG com.github.dockerjava.zerodep.shaded.org.apache.hc.client5.http.impl.io.PoolingHttpClientConnectionManager - ep-00000030: connection http-outgoing-2 can be kept alive for 3 MINUTES
11:45:40.545 [Test worker] DEBUG com.github.dockerjava.zerodep.shaded.org.apache.hc.client5.http.impl.io.PoolingHttpClientConnectionManager - ep-00000030: connection released [route: {}->unix://localhost:2375][total available: 1; route allocated: 1 of 2147483647; total allocated: 1 of 2147483647]
11:45:40.545 [Test worker] DEBUG ]]>&#x1f433;<![CDATA[ [mysql:8] - Trying to create JDBC connection using com.mysql.cj.jdbc.Driver to jdbc:mysql://localhost:63346/lotification?useSSL=false&allowPublicKeyRetrieval=true with properties: {password=1234, user=admin}
11:45:40.652 [Test worker] DEBUG org.testcontainers.shaded.com.github.dockerjava.core.command.AbstrDockerCmd - Cmd: 47a7ce05e61aa72bdced5a030ca6064519c62d122a5992816f04e0e528b5b17d,false
11:45:40.652 [Test worker] DEBUG org.testcontainers.shaded.com.github.dockerjava.core.exec.InspectContainerCmdExec - GET: DefaultWebTarget{path=[/containers/47a7ce05e61aa72bdced5a030ca6064519c62d122a5992816f04e0e528b5b17d/json], queryParams={}}
11:45:40.652 [Test worker] DEBUG com.github.dockerjava.zerodep.shaded.org.apache.hc.client5.http.impl.classic.InternalHttpClient - ex-00000032: preparing request execution
11:45:40.652 [Test worker] DEBUG com.github.dockerjava.zerodep.shaded.org.apache.hc.client5.http.protocol.RequestAddCookies - Cookie spec selected: strict
11:45:40.652 [Test worker] DEBUG com.github.dockerjava.zerodep.shaded.org.apache.hc.client5.http.protocol.RequestAuthCache - Auth cache not set in the context
11:45:40.652 [Test worker] DEBUG com.github.dockerjava.zerodep.shaded.org.apache.hc.client5.http.impl.classic.ProtocolExec - ex-00000032: target auth state: UNCHALLENGED
11:45:40.652 [Test worker] DEBUG com.github.dockerjava.zerodep.shaded.org.apache.hc.client5.http.impl.classic.ProtocolExec - ex-00000032: proxy auth state: UNCHALLENGED
11:45:40.652 [Test worker] DEBUG com.github.dockerjava.zerodep.shaded.org.apache.hc.client5.http.impl.classic.ConnectExec - ex-00000032: acquiring connection with route {}->unix://localhost:2375
11:45:40.652 [Test worker] DEBUG com.github.dockerjava.zerodep.shaded.org.apache.hc.client5.http.impl.classic.InternalHttpClient - ex-00000032: acquiring endpoint (3 MINUTES)
11:45:40.652 [Test worker] DEBUG com.github.dockerjava.zerodep.shaded.org.apache.hc.client5.http.impl.io.PoolingHttpClientConnectionManager - ex-00000032: endpoint lease request (3 MINUTES) [route: {}->unix://localhost:2375][total available: 1; route allocated: 1 of 2147483647; total allocated: 1 of 2147483647]
11:45:40.652 [Test worker] DEBUG com.github.dockerjava.zerodep.shaded.org.apache.hc.client5.http.impl.io.PoolingHttpClientConnectionManager - ex-00000032: endpoint leased [route: {}->unix://localhost:2375][total available: 0; route allocated: 1 of 2147483647; total allocated: 1 of 2147483647]
11:45:40.652 [Test worker] DEBUG com.github.dockerjava.zerodep.shaded.org.apache.hc.client5.http.impl.io.PoolingHttpClientConnectionManager - ex-00000032: acquired ep-00000031
11:45:40.652 [Test worker] DEBUG com.github.dockerjava.zerodep.shaded.org.apache.hc.client5.http.impl.classic.InternalHttpClient - ex-00000032: acquired endpoint ep-00000031
11:45:40.652 [Test worker] DEBUG com.github.dockerjava.zerodep.shaded.org.apache.hc.client5.http.impl.classic.MainClientExec - ex-00000032: executing GET /v1.32/containers/47a7ce05e61aa72bdced5a030ca6064519c62d122a5992816f04e0e528b5b17d/json HTTP/1.1
11:45:40.652 [Test worker] DEBUG com.github.dockerjava.zerodep.shaded.org.apache.hc.client5.http.impl.classic.InternalHttpClient - ep-00000031: start execution ex-00000032
11:45:40.652 [Test worker] DEBUG com.github.dockerjava.zerodep.shaded.org.apache.hc.client5.http.impl.io.PoolingHttpClientConnectionManager - ep-00000031: executing exchange ex-00000032 over http-outgoing-2
11:45:40.652 [Test worker] DEBUG com.github.dockerjava.zerodep.shaded.org.apache.hc.client5.http.headers - http-outgoing-2 >> GET /v1.32/containers/47a7ce05e61aa72bdced5a030ca6064519c62d122a5992816f04e0e528b5b17d/json HTTP/1.1
11:45:40.652 [Test worker] DEBUG com.github.dockerjava.zerodep.shaded.org.apache.hc.client5.http.headers - http-outgoing-2 >> accept: application/json
11:45:40.652 [Test worker] DEBUG com.github.dockerjava.zerodep.shaded.org.apache.hc.client5.http.headers - http-outgoing-2 >> x-tc-sid: c5b4bded-8a7b-4309-a94c-5bb153977152
11:45:40.652 [Test worker] DEBUG com.github.dockerjava.zerodep.shaded.org.apache.hc.client5.http.headers - http-outgoing-2 >> Accept-Encoding: gzip, x-gzip, deflate
11:45:40.652 [Test worker] DEBUG com.github.dockerjava.zerodep.shaded.org.apache.hc.client5.http.headers - http-outgoing-2 >> Host: localhost:2375
11:45:40.652 [Test worker] DEBUG com.github.dockerjava.zerodep.shaded.org.apache.hc.client5.http.headers - http-outgoing-2 >> Connection: keep-alive
11:45:40.652 [Test worker] DEBUG com.github.dockerjava.zerodep.shaded.org.apache.hc.client5.http.headers - http-outgoing-2 >> User-Agent: Apache-HttpClient/5.0.3 (Java/17.0.3)
11:45:40.652 [Test worker] DEBUG com.github.dockerjava.zerodep.shaded.org.apache.hc.client5.http.wire - http-outgoing-2 >> "GET /v1.32/containers/47a7ce05e61aa72bdced5a030ca6064519c62d122a5992816f04e0e528b5b17d/json HTTP/1.1[\r][\n]"
11:45:40.652 [Test worker] DEBUG com.github.dockerjava.zerodep.shaded.org.apache.hc.client5.http.wire - http-outgoing-2 >> "accept: application/json[\r][\n]"
11:45:40.652 [Test worker] DEBUG com.github.dockerjava.zerodep.shaded.org.apache.hc.client5.http.wire - http-outgoing-2 >> "x-tc-sid: c5b4bded-8a7b-4309-a94c-5bb153977152[\r][\n]"
11:45:40.652 [Test worker] DEBUG com.github.dockerjava.zerodep.shaded.org.apache.hc.client5.http.wire - http-outgoing-2 >> "Accept-Encoding: gzip, x-gzip, deflate[\r][\n]"
11:45:40.652 [Test worker] DEBUG com.github.dockerjava.zerodep.shaded.org.apache.hc.client5.http.wire - http-outgoing-2 >> "Host: localhost:2375[\r][\n]"
11:45:40.652 [Test worker] DEBUG com.github.dockerjava.zerodep.shaded.org.apache.hc.client5.http.wire - http-outgoing-2 >> "Connection: keep-alive[\r][\n]"
11:45:40.652 [Test worker] DEBUG com.github.dockerjava.zerodep.shaded.org.apache.hc.client5.http.wire - http-outgoing-2 >> "User-Agent: Apache-HttpClient/5.0.3 (Java/17.0.3)[\r][\n]"
11:45:40.652 [Test worker] DEBUG com.github.dockerjava.zerodep.shaded.org.apache.hc.client5.http.wire - http-outgoing-2 >> "[\r][\n]"
11:45:40.655 [Test worker] DEBUG com.github.dockerjava.zerodep.shaded.org.apache.hc.client5.http.wire - http-outgoing-2 << "HTTP/1.1 200 OK[\r][\n]"
11:45:40.655 [Test worker] DEBUG com.github.dockerjava.zerodep.shaded.org.apache.hc.client5.http.wire - http-outgoing-2 << "Api-Version: 1.41[\r][\n]"
11:45:40.655 [Test worker] DEBUG com.github.dockerjava.zerodep.shaded.org.apache.hc.client5.http.wire - http-outgoing-2 << "Content-Type: application/json[\r][\n]"
11:45:40.655 [Test worker] DEBUG com.github.dockerjava.zerodep.shaded.org.apache.hc.client5.http.wire - http-outgoing-2 << "Date: Mon, 26 Sep 2022 02:45:40 GMT[\r][\n]"
11:45:40.655 [Test worker] DEBUG com.github.dockerjava.zerodep.shaded.org.apache.hc.client5.http.wire - http-outgoing-2 << "Docker-Experimental: false[\r][\n]"
11:45:40.655 [Test worker] DEBUG com.github.dockerjava.zerodep.shaded.org.apache.hc.client5.http.wire - http-outgoing-2 << "Ostype: linux[\r][\n]"
11:45:40.655 [Test worker] DEBUG com.github.dockerjava.zerodep.shaded.org.apache.hc.client5.http.wire - http-outgoing-2 << "Server: Docker/20.10.11 (linux)[\r][\n]"
11:45:40.655 [Test worker] DEBUG com.github.dockerjava.zerodep.shaded.org.apache.hc.client5.http.wire - http-outgoing-2 << "Transfer-Encoding: chunked[\r][\n]"
11:45:40.655 [Test worker] DEBUG com.github.dockerjava.zerodep.shaded.org.apache.hc.client5.http.wire - http-outgoing-2 << "[\r][\n]"
11:45:40.655 [Test worker] DEBUG com.github.dockerjava.zerodep.shaded.org.apache.hc.client5.http.headers - http-outgoing-2 << HTTP/1.1 200 OK
11:45:40.655 [Test worker] DEBUG com.github.dockerjava.zerodep.shaded.org.apache.hc.client5.http.headers - http-outgoing-2 << Api-Version: 1.41
11:45:40.655 [Test worker] DEBUG com.github.dockerjava.zerodep.shaded.org.apache.hc.client5.http.headers - http-outgoing-2 << Content-Type: application/json
11:45:40.655 [Test worker] DEBUG com.github.dockerjava.zerodep.shaded.org.apache.hc.client5.http.headers - http-outgoing-2 << Date: Mon, 26 Sep 2022 02:45:40 GMT
11:45:40.655 [Test worker] DEBUG com.github.dockerjava.zerodep.shaded.org.apache.hc.client5.http.headers - http-outgoing-2 << Docker-Experimental: false
11:45:40.655 [Test worker] DEBUG com.github.dockerjava.zerodep.shaded.org.apache.hc.client5.http.headers - http-outgoing-2 << Ostype: linux
11:45:40.655 [Test worker] DEBUG com.github.dockerjava.zerodep.shaded.org.apache.hc.client5.http.headers - http-outgoing-2 << Server: Docker/20.10.11 (linux)
11:45:40.655 [Test worker] DEBUG com.github.dockerjava.zerodep.shaded.org.apache.hc.client5.http.headers - http-outgoing-2 << Transfer-Encoding: chunked
11:45:40.655 [Test worker] DEBUG com.github.dockerjava.zerodep.shaded.org.apache.hc.client5.http.impl.classic.MainClientExec - ex-00000032: connection can be kept alive for 3 MINUTES
11:45:40.655 [Test worker] DEBUG com.github.dockerjava.zerodep.shaded.org.apache.hc.client5.http.wire - http-outgoing-2 << "1882[\r][\n]"
11:45:40.655 [Test worker] DEBUG com.github.dockerjava.zerodep.shaded.org.apache.hc.client5.http.wire - http-outgoing-2 << "{"Id":"47a7ce05e61aa72bdced5a030ca6064519c62d122a5992816f04e0e528b5b17d","Created":"2022-09-26T02:45:36.042081626Z","Path":"docker-entrypoint.sh","Args":["mysqld"],"State":{"Status":"running","Running":true,"Paused":false,"Restarting":false,"OOMKilled":false,"Dead":false,"Pid":2251,"ExitCode":0,"Error":"","StartedAt":"2022-09-26T02:45:36.388226668Z","FinishedAt":"0001-01-01T00:00:00Z"},"Image":"sha256:5e229524f286e653111cb9d028bf1ba4c3490742c8cd18c84af22538f0e68575","ResolvConfPath":"/var/lib/docker/containers/47a7ce05e61aa72bdced5a030ca6064519c62d122a5992816f04e0e528b5b17d/resolv.conf","HostnamePath":"/var/lib/docker/containers/47a7ce05e61aa72bdced5a030ca6064519c62d122a5992816f04e0e528b5b17d/hostname","HostsPath":"/var/lib/docker/containers/47a7ce05e61aa72bdced5a030ca6064519c62d122a5992816f04e0e528b5b17d/hosts","LogPath":"/var/lib/docker/containers/47a7ce05e61aa72bdced5a030ca6064519c62d122a5992816f04e0e528b5b17d/47a7ce05e61aa72bdced5a030ca6064519c62d122a5992816f04e0e528b5b17d-json.log","Name":"/crazy_chaum","RestartCount":0,"Driver":"overlay2","Platform":"linux","MountLabel":"","ProcessLabel":"","AppArmorProfile":"","ExecIDs":null,"HostConfig":{"Binds":[],"ContainerIDFile":"","LogConfig":{"Type":"json-file","Config":{}},"NetworkMode":"default","PortBindings":{"3306/tcp":[{"HostIp":"0.0.0.0","HostPort":"0"}]},"RestartPolicy":{"Name":"","MaximumRetryCount":0},"AutoRemove":false,"VolumeDriver":"","VolumesFrom":[],"CapAdd":null,"CapDrop":null,"CgroupnsMode":"private","Dns":null,"DnsOptions":null,"DnsSearch":null,"ExtraHosts":[],"GroupAdd":null,"IpcMode":"shareable","Cgroup":"","Links":null,"OomScoreAdj":0,"PidMode":"","Privileged":false,"PublishAllPorts":false,"ReadonlyRootfs":false,"SecurityOpt":null,"UTSMode":"","UsernsMode":"","ShmSize":67108864,"Runtime":"runc","ConsoleSize":[0,0],"Isolation":"","CpuShares":0,"Memory":0,"NanoCpus":0,"CgroupParent":"","BlkioWeight":0,"BlkioWeightDevice":null,"BlkioDeviceReadBps":null,"BlkioDeviceWriteBps":null,"BlkioDeviceReadIOps":null,"BlkioDeviceWriteIOps":null,"CpuPeriod":0,"CpuQuota":0,"CpuRealtimePeriod":0,"CpuRealtimeRuntime":0,"CpusetCpus":"","CpusetMems":"","Devices":null,"DeviceCgroupRules":null,"DeviceRequests":null,"KernelMemory":0,"KernelMemoryTCP":0,"MemoryReservation":0,"MemorySwap":0,"MemorySwappiness":null,"OomKillDisable":null,"PidsLimit":null,"Ulimits":null,"CpuCount":0,"CpuPercent":0,"IOMaximumIOps":0,"IOMaximumBandwidth":0,"MaskedPaths":["/proc/asound","/proc/acpi","/proc/kcore","/proc/keys","/proc/latency_stats","/proc/timer_list","/proc/timer_stats","/proc/sched_debug","/proc/scsi","/sys/firmware"],"ReadonlyPaths":["/proc/bus","/proc/fs","/proc/irq","/proc/sys","/proc/sysrq-trigger"]},"GraphDriver":{"Data":{"LowerDir":"/var/lib/docker/overlay2/45da4782eb6c4075fef21a16271836d62c4e4726b16ef4c5ea199d4e626bdb39-init/diff:/var/lib/docker/overlay2/27a623f1ab748258e017a40f339844ef533377092bad4182aa320e9399893e13/diff:/var/lib/docker/overlay2/d7c1e4de558b6bbbdc3209a51fc73295262b5271709fe659d0e2e94f626eea74/diff:/var/lib/docker/overlay2/2df554f793c3600571e2f078ad2e20025d6b2e35f3d18881ead4f70e2cc26cb8/diff:/var/lib/docker/overlay2/feb23515577245ad51a24945de1e6bab842929569da912a2b4a33a48c6c2331f/diff:/var/lib/docker/overlay2/cc2cdbce154e19d9c4f376917b6c92ebd55b0b495124ffd2c9d7e9c82b6a95f9/diff:/var/lib/docker/overlay2/968467fe01280f82d26487386f320a15000815d63000d5ec89b47acca8f77ef2/diff:/var/lib/docker/overlay2/cc59daa314bbcaec43d6cd4064c7863b4b3976b989121dcf2e32c4710281f247/diff:/var/lib/docker/overlay2/dc5d8b1cf96cfd5d96d68fbed14248edf1244c1a4669ba07b0bab7f3d782f058/diff:/var/lib/docker/overlay2/dcca184158d696706cd99e62ffa3e5c42964eb57190bef35421cdf3f83a8c130/diff:/var/lib/docker/overlay2/a7f928596da67ce59f34b0ba4cee4a3b948b94f91ad0b0b6260dc54fb9b5a048/diff:/var/lib/docker/overlay2/6ac5adbfff6202b1faa13a2a2fd92625bdda668cdac1a1d2230becbb394e569f/diff","MergedDir":"/var/lib/docker/overlay2/45da4782eb6c4075fef21a16271836d62c4e4726b16ef4c5ea199d4e626bdb39/merged","UpperDir":"/var/lib/docker/overlay2/45da4782eb6c4075fef21a16271836d62c4e4726b16ef4c5ea199d4e626bdb39/diff","WorkDir":"/var/lib/docker/overlay2/45da4782eb6c4075fef21a16271836d62c4e4726b16ef4c5ea199d4e626bdb39/work"},"Name":"overlay2"},"Mounts":[{"Type":"volume","Name":"08668a73464516d2c615e247a561222f461f2385cff5615e53cc78e96456230c","Source":"/var/lib/docker/volumes/08668a73464516d2c615e247a561222f461f2385cff5615e53cc78e96456230c/_data","Destination":"/var/lib/mysql","Driver":"local","Mode":"","RW":true,"Propagation":""}],"Config":{"Hostname":"47a7ce05e61a","Domainname":"","User":"","AttachStdin":false,"AttachStdout":false,"AttachStderr":false,"ExposedPorts":{"3306/tcp":{},"33060/tcp":{}},"Tty":false,"OpenStdin":false,"StdinOnce":false,"Env":["MYSQL_DATABASE=lotification","MYSQL_PASSWORD=1234","MYSQL_USER=admin","MYSQL_ROOT_PASSWORD=1234","PATH=/usr/local/sbin:/usr/local/bin:/usr/sbin:/usr/bin:/sbin:/bin","GOSU_VERSION=1.14","MYSQL_MAJOR=8.0","MYSQL_VERSION=8.0.30-1.el8","MYSQL_SHELL_VERSION=8.0.30-1.el8"],"Cmd":["mysqld"],"Image":"mysql:8","Volumes":{"/var/lib/mysql":{}},"WorkingDir":"","Entrypoint":["docker-entrypoint.sh"],"OnBuild":null,"Labels":{"org.testcontainers":"true","org.testcontainers.sessionId":"c5b4bded-8a7b-4309-a94c-5bb153977152"}},"NetworkSettings":{"Bridge":"","SandboxID":"c87f478ec31081a2fc02a6d53fa5addc8f61962dea8dd5c17c1c641e1a25e99b","HairpinMode":false,"LinkLocalIPv6Address":"","LinkLocalIPv6PrefixLen":0,"Ports":{"3306/tcp":[{"HostIp":"0.0.0.0","HostPort":"63346"}],"33060/tcp":null},"SandboxKey":"/var/run/docker/netns/c87f478ec310","SecondaryIPAddresses":null,"SecondaryIPv6Addresses":null,"EndpointID":"7830774c518a6ae45bc93e5b48bd99e8a609aa29230b007326fa87b5ca32567f","Gateway":"172.17.0.1","GlobalIPv6Address":"","GlobalIPv6PrefixLen":0,"IPAddress":"172.17.0.4","IPPrefixLen":16,"IPv6Gateway":"","MacAddress":"02:42:ac:11:00:04","Networks":{"bridge":{"IPAMConfig":null,"Links":null,"Aliases":null,"NetworkID":"42b943ace1ba272d06317befbba08f853c5a08f211a0bdf3660599ced98f9c17","EndpointID":"7830774c518a6ae45bc93e5b48bd99e8a609aa29230b007326fa87b5ca32567f","Gateway":"172.17.0.1","IPAddress":"172.17.0.4","IPPrefixLen":16,"IPv6Gateway":"","GlobalIPv6Address":"","GlobalIPv6PrefixLen":0,"MacAddress":"02:42:ac:11:00:04","DriverOpts":null}}}}[\n]"
11:45:40.655 [Test worker] DEBUG com.github.dockerjava.zerodep.shaded.org.apache.hc.client5.http.wire - http-outgoing-2 << "[\r][\n]"
11:45:40.655 [Test worker] DEBUG com.github.dockerjava.zerodep.shaded.org.apache.hc.client5.http.wire - http-outgoing-2 << "0[\r][\n]"
11:45:40.655 [Test worker] DEBUG com.github.dockerjava.zerodep.shaded.org.apache.hc.client5.http.wire - http-outgoing-2 << "[\r][\n]"
11:45:40.655 [Test worker] DEBUG com.github.dockerjava.zerodep.shaded.org.apache.hc.client5.http.impl.classic.InternalHttpClient - ep-00000031: releasing valid endpoint
11:45:40.655 [Test worker] DEBUG com.github.dockerjava.zerodep.shaded.org.apache.hc.client5.http.impl.io.PoolingHttpClientConnectionManager - ep-00000031: releasing endpoint
11:45:40.656 [Test worker] DEBUG com.github.dockerjava.zerodep.shaded.org.apache.hc.client5.http.impl.io.PoolingHttpClientConnectionManager - ep-00000031: connection http-outgoing-2 can be kept alive for 3 MINUTES
11:45:40.656 [Test worker] DEBUG com.github.dockerjava.zerodep.shaded.org.apache.hc.client5.http.impl.io.PoolingHttpClientConnectionManager - ep-00000031: connection released [route: {}->unix://localhost:2375][total available: 1; route allocated: 1 of 2147483647; total allocated: 1 of 2147483647]
11:45:40.656 [Test worker] DEBUG ]]>&#x1f433;<![CDATA[ [mysql:8] - Trying to create JDBC connection using com.mysql.cj.jdbc.Driver to jdbc:mysql://localhost:63346/lotification?useSSL=false&allowPublicKeyRetrieval=true with properties: {password=1234, user=admin}
11:45:40.763 [Test worker] DEBUG org.testcontainers.shaded.com.github.dockerjava.core.command.AbstrDockerCmd - Cmd: 47a7ce05e61aa72bdced5a030ca6064519c62d122a5992816f04e0e528b5b17d,false
11:45:40.763 [Test worker] DEBUG org.testcontainers.shaded.com.github.dockerjava.core.exec.InspectContainerCmdExec - GET: DefaultWebTarget{path=[/containers/47a7ce05e61aa72bdced5a030ca6064519c62d122a5992816f04e0e528b5b17d/json], queryParams={}}
11:45:40.763 [Test worker] DEBUG com.github.dockerjava.zerodep.shaded.org.apache.hc.client5.http.impl.classic.InternalHttpClient - ex-00000033: preparing request execution
11:45:40.763 [Test worker] DEBUG com.github.dockerjava.zerodep.shaded.org.apache.hc.client5.http.protocol.RequestAddCookies - Cookie spec selected: strict
11:45:40.763 [Test worker] DEBUG com.github.dockerjava.zerodep.shaded.org.apache.hc.client5.http.protocol.RequestAuthCache - Auth cache not set in the context
11:45:40.763 [Test worker] DEBUG com.github.dockerjava.zerodep.shaded.org.apache.hc.client5.http.impl.classic.ProtocolExec - ex-00000033: target auth state: UNCHALLENGED
11:45:40.763 [Test worker] DEBUG com.github.dockerjava.zerodep.shaded.org.apache.hc.client5.http.impl.classic.ProtocolExec - ex-00000033: proxy auth state: UNCHALLENGED
11:45:40.763 [Test worker] DEBUG com.github.dockerjava.zerodep.shaded.org.apache.hc.client5.http.impl.classic.ConnectExec - ex-00000033: acquiring connection with route {}->unix://localhost:2375
11:45:40.763 [Test worker] DEBUG com.github.dockerjava.zerodep.shaded.org.apache.hc.client5.http.impl.classic.InternalHttpClient - ex-00000033: acquiring endpoint (3 MINUTES)
11:45:40.763 [Test worker] DEBUG com.github.dockerjava.zerodep.shaded.org.apache.hc.client5.http.impl.io.PoolingHttpClientConnectionManager - ex-00000033: endpoint lease request (3 MINUTES) [route: {}->unix://localhost:2375][total available: 1; route allocated: 1 of 2147483647; total allocated: 1 of 2147483647]
11:45:40.763 [Test worker] DEBUG com.github.dockerjava.zerodep.shaded.org.apache.hc.client5.http.impl.io.PoolingHttpClientConnectionManager - ex-00000033: endpoint leased [route: {}->unix://localhost:2375][total available: 0; route allocated: 1 of 2147483647; total allocated: 1 of 2147483647]
11:45:40.763 [Test worker] DEBUG com.github.dockerjava.zerodep.shaded.org.apache.hc.client5.http.impl.io.PoolingHttpClientConnectionManager - ex-00000033: acquired ep-00000032
11:45:40.763 [Test worker] DEBUG com.github.dockerjava.zerodep.shaded.org.apache.hc.client5.http.impl.classic.InternalHttpClient - ex-00000033: acquired endpoint ep-00000032
11:45:40.763 [Test worker] DEBUG com.github.dockerjava.zerodep.shaded.org.apache.hc.client5.http.impl.classic.MainClientExec - ex-00000033: executing GET /v1.32/containers/47a7ce05e61aa72bdced5a030ca6064519c62d122a5992816f04e0e528b5b17d/json HTTP/1.1
11:45:40.763 [Test worker] DEBUG com.github.dockerjava.zerodep.shaded.org.apache.hc.client5.http.impl.classic.InternalHttpClient - ep-00000032: start execution ex-00000033
11:45:40.763 [Test worker] DEBUG com.github.dockerjava.zerodep.shaded.org.apache.hc.client5.http.impl.io.PoolingHttpClientConnectionManager - ep-00000032: executing exchange ex-00000033 over http-outgoing-2
11:45:40.764 [Test worker] DEBUG com.github.dockerjava.zerodep.shaded.org.apache.hc.client5.http.headers - http-outgoing-2 >> GET /v1.32/containers/47a7ce05e61aa72bdced5a030ca6064519c62d122a5992816f04e0e528b5b17d/json HTTP/1.1
11:45:40.764 [Test worker] DEBUG com.github.dockerjava.zerodep.shaded.org.apache.hc.client5.http.headers - http-outgoing-2 >> accept: application/json
11:45:40.764 [Test worker] DEBUG com.github.dockerjava.zerodep.shaded.org.apache.hc.client5.http.headers - http-outgoing-2 >> x-tc-sid: c5b4bded-8a7b-4309-a94c-5bb153977152
11:45:40.764 [Test worker] DEBUG com.github.dockerjava.zerodep.shaded.org.apache.hc.client5.http.headers - http-outgoing-2 >> Accept-Encoding: gzip, x-gzip, deflate
11:45:40.764 [Test worker] DEBUG com.github.dockerjava.zerodep.shaded.org.apache.hc.client5.http.headers - http-outgoing-2 >> Host: localhost:2375
11:45:40.764 [Test worker] DEBUG com.github.dockerjava.zerodep.shaded.org.apache.hc.client5.http.headers - http-outgoing-2 >> Connection: keep-alive
11:45:40.764 [Test worker] DEBUG com.github.dockerjava.zerodep.shaded.org.apache.hc.client5.http.headers - http-outgoing-2 >> User-Agent: Apache-HttpClient/5.0.3 (Java/17.0.3)
11:45:40.764 [Test worker] DEBUG com.github.dockerjava.zerodep.shaded.org.apache.hc.client5.http.wire - http-outgoing-2 >> "GET /v1.32/containers/47a7ce05e61aa72bdced5a030ca6064519c62d122a5992816f04e0e528b5b17d/json HTTP/1.1[\r][\n]"
11:45:40.764 [Test worker] DEBUG com.github.dockerjava.zerodep.shaded.org.apache.hc.client5.http.wire - http-outgoing-2 >> "accept: application/json[\r][\n]"
11:45:40.764 [Test worker] DEBUG com.github.dockerjava.zerodep.shaded.org.apache.hc.client5.http.wire - http-outgoing-2 >> "x-tc-sid: c5b4bded-8a7b-4309-a94c-5bb153977152[\r][\n]"
11:45:40.764 [Test worker] DEBUG com.github.dockerjava.zerodep.shaded.org.apache.hc.client5.http.wire - http-outgoing-2 >> "Accept-Encoding: gzip, x-gzip, deflate[\r][\n]"
11:45:40.764 [Test worker] DEBUG com.github.dockerjava.zerodep.shaded.org.apache.hc.client5.http.wire - http-outgoing-2 >> "Host: localhost:2375[\r][\n]"
11:45:40.764 [Test worker] DEBUG com.github.dockerjava.zerodep.shaded.org.apache.hc.client5.http.wire - http-outgoing-2 >> "Connection: keep-alive[\r][\n]"
11:45:40.764 [Test worker] DEBUG com.github.dockerjava.zerodep.shaded.org.apache.hc.client5.http.wire - http-outgoing-2 >> "User-Agent: Apache-HttpClient/5.0.3 (Java/17.0.3)[\r][\n]"
11:45:40.764 [Test worker] DEBUG com.github.dockerjava.zerodep.shaded.org.apache.hc.client5.http.wire - http-outgoing-2 >> "[\r][\n]"
11:45:40.766 [Test worker] DEBUG com.github.dockerjava.zerodep.shaded.org.apache.hc.client5.http.wire - http-outgoing-2 << "HTTP/1.1 200 OK[\r][\n]"
11:45:40.766 [Test worker] DEBUG com.github.dockerjava.zerodep.shaded.org.apache.hc.client5.http.wire - http-outgoing-2 << "Api-Version: 1.41[\r][\n]"
11:45:40.766 [Test worker] DEBUG com.github.dockerjava.zerodep.shaded.org.apache.hc.client5.http.wire - http-outgoing-2 << "Content-Type: application/json[\r][\n]"
11:45:40.766 [Test worker] DEBUG com.github.dockerjava.zerodep.shaded.org.apache.hc.client5.http.wire - http-outgoing-2 << "Date: Mon, 26 Sep 2022 02:45:40 GMT[\r][\n]"
11:45:40.766 [Test worker] DEBUG com.github.dockerjava.zerodep.shaded.org.apache.hc.client5.http.wire - http-outgoing-2 << "Docker-Experimental: false[\r][\n]"
11:45:40.766 [Test worker] DEBUG com.github.dockerjava.zerodep.shaded.org.apache.hc.client5.http.wire - http-outgoing-2 << "Ostype: linux[\r][\n]"
11:45:40.766 [Test worker] DEBUG com.github.dockerjava.zerodep.shaded.org.apache.hc.client5.http.wire - http-outgoing-2 << "Server: Docker/20.10.11 (linux)[\r][\n]"
11:45:40.766 [Test worker] DEBUG com.github.dockerjava.zerodep.shaded.org.apache.hc.client5.http.wire - http-outgoing-2 << "Transfer-Encoding: chunked[\r][\n]"
11:45:40.766 [Test worker] DEBUG com.github.dockerjava.zerodep.shaded.org.apache.hc.client5.http.wire - http-outgoing-2 << "[\r][\n]"
11:45:40.766 [Test worker] DEBUG com.github.dockerjava.zerodep.shaded.org.apache.hc.client5.http.headers - http-outgoing-2 << HTTP/1.1 200 OK
11:45:40.766 [Test worker] DEBUG com.github.dockerjava.zerodep.shaded.org.apache.hc.client5.http.headers - http-outgoing-2 << Api-Version: 1.41
11:45:40.766 [Test worker] DEBUG com.github.dockerjava.zerodep.shaded.org.apache.hc.client5.http.headers - http-outgoing-2 << Content-Type: application/json
11:45:40.766 [Test worker] DEBUG com.github.dockerjava.zerodep.shaded.org.apache.hc.client5.http.headers - http-outgoing-2 << Date: Mon, 26 Sep 2022 02:45:40 GMT
11:45:40.766 [Test worker] DEBUG com.github.dockerjava.zerodep.shaded.org.apache.hc.client5.http.headers - http-outgoing-2 << Docker-Experimental: false
11:45:40.766 [Test worker] DEBUG com.github.dockerjava.zerodep.shaded.org.apache.hc.client5.http.headers - http-outgoing-2 << Ostype: linux
11:45:40.766 [Test worker] DEBUG com.github.dockerjava.zerodep.shaded.org.apache.hc.client5.http.headers - http-outgoing-2 << Server: Docker/20.10.11 (linux)
11:45:40.766 [Test worker] DEBUG com.github.dockerjava.zerodep.shaded.org.apache.hc.client5.http.headers - http-outgoing-2 << Transfer-Encoding: chunked
11:45:40.766 [Test worker] DEBUG com.github.dockerjava.zerodep.shaded.org.apache.hc.client5.http.impl.classic.MainClientExec - ex-00000033: connection can be kept alive for 3 MINUTES
11:45:40.766 [Test worker] DEBUG com.github.dockerjava.zerodep.shaded.org.apache.hc.client5.http.wire - http-outgoing-2 << "1882[\r][\n]"
11:45:40.766 [Test worker] DEBUG com.github.dockerjava.zerodep.shaded.org.apache.hc.client5.http.wire - http-outgoing-2 << "{"Id":"47a7ce05e61aa72bdced5a030ca6064519c62d122a5992816f04e0e528b5b17d","Created":"2022-09-26T02:45:36.042081626Z","Path":"docker-entrypoint.sh","Args":["mysqld"],"State":{"Status":"running","Running":true,"Paused":false,"Restarting":false,"OOMKilled":false,"Dead":false,"Pid":2251,"ExitCode":0,"Error":"","StartedAt":"2022-09-26T02:45:36.388226668Z","FinishedAt":"0001-01-01T00:00:00Z"},"Image":"sha256:5e229524f286e653111cb9d028bf1ba4c3490742c8cd18c84af22538f0e68575","ResolvConfPath":"/var/lib/docker/containers/47a7ce05e61aa72bdced5a030ca6064519c62d122a5992816f04e0e528b5b17d/resolv.conf","HostnamePath":"/var/lib/docker/containers/47a7ce05e61aa72bdced5a030ca6064519c62d122a5992816f04e0e528b5b17d/hostname","HostsPath":"/var/lib/docker/containers/47a7ce05e61aa72bdced5a030ca6064519c62d122a5992816f04e0e528b5b17d/hosts","LogPath":"/var/lib/docker/containers/47a7ce05e61aa72bdced5a030ca6064519c62d122a5992816f04e0e528b5b17d/47a7ce05e61aa72bdced5a030ca6064519c62d122a5992816f04e0e528b5b17d-json.log","Name":"/crazy_chaum","RestartCount":0,"Driver":"overlay2","Platform":"linux","MountLabel":"","ProcessLabel":"","AppArmorProfile":"","ExecIDs":null,"HostConfig":{"Binds":[],"ContainerIDFile":"","LogConfig":{"Type":"json-file","Config":{}},"NetworkMode":"default","PortBindings":{"3306/tcp":[{"HostIp":"0.0.0.0","HostPort":"0"}]},"RestartPolicy":{"Name":"","MaximumRetryCount":0},"AutoRemove":false,"VolumeDriver":"","VolumesFrom":[],"CapAdd":null,"CapDrop":null,"CgroupnsMode":"private","Dns":null,"DnsOptions":null,"DnsSearch":null,"ExtraHosts":[],"GroupAdd":null,"IpcMode":"shareable","Cgroup":"","Links":null,"OomScoreAdj":0,"PidMode":"","Privileged":false,"PublishAllPorts":false,"ReadonlyRootfs":false,"SecurityOpt":null,"UTSMode":"","UsernsMode":"","ShmSize":67108864,"Runtime":"runc","ConsoleSize":[0,0],"Isolation":"","CpuShares":0,"Memory":0,"NanoCpus":0,"CgroupParent":"","BlkioWeight":0,"BlkioWeightDevice":null,"BlkioDeviceReadBps":null,"BlkioDeviceWriteBps":null,"BlkioDeviceReadIOps":null,"BlkioDeviceWriteIOps":null,"CpuPeriod":0,"CpuQuota":0,"CpuRealtimePeriod":0,"CpuRealtimeRuntime":0,"CpusetCpus":"","CpusetMems":"","Devices":null,"DeviceCgroupRules":null,"DeviceRequests":null,"KernelMemory":0,"KernelMemoryTCP":0,"MemoryReservation":0,"MemorySwap":0,"MemorySwappiness":null,"OomKillDisable":null,"PidsLimit":null,"Ulimits":null,"CpuCount":0,"CpuPercent":0,"IOMaximumIOps":0,"IOMaximumBandwidth":0,"MaskedPaths":["/proc/asound","/proc/acpi","/proc/kcore","/proc/keys","/proc/latency_stats","/proc/timer_list","/proc/timer_stats","/proc/sched_debug","/proc/scsi","/sys/firmware"],"ReadonlyPaths":["/proc/bus","/proc/fs","/proc/irq","/proc/sys","/proc/sysrq-trigger"]},"GraphDriver":{"Data":{"LowerDir":"/var/lib/docker/overlay2/45da4782eb6c4075fef21a16271836d62c4e4726b16ef4c5ea199d4e626bdb39-init/diff:/var/lib/docker/overlay2/27a623f1ab748258e017a40f339844ef533377092bad4182aa320e9399893e13/diff:/var/lib/docker/overlay2/d7c1e4de558b6bbbdc3209a51fc73295262b5271709fe659d0e2e94f626eea74/diff:/var/lib/docker/overlay2/2df554f793c3600571e2f078ad2e20025d6b2e35f3d18881ead4f70e2cc26cb8/diff:/var/lib/docker/overlay2/feb23515577245ad51a24945de1e6bab842929569da912a2b4a33a48c6c2331f/diff:/var/lib/docker/overlay2/cc2cdbce154e19d9c4f376917b6c92ebd55b0b495124ffd2c9d7e9c82b6a95f9/diff:/var/lib/docker/overlay2/968467fe01280f82d26487386f320a15000815d63000d5ec89b47acca8f77ef2/diff:/var/lib/docker/overlay2/cc59daa314bbcaec43d6cd4064c7863b4b3976b989121dcf2e32c4710281f247/diff:/var/lib/docker/overlay2/dc5d8b1cf96cfd5d96d68fbed14248edf1244c1a4669ba07b0bab7f3d782f058/diff:/var/lib/docker/overlay2/dcca184158d696706cd99e62ffa3e5c42964eb57190bef35421cdf3f83a8c130/diff:/var/lib/docker/overlay2/a7f928596da67ce59f34b0ba4cee4a3b948b94f91ad0b0b6260dc54fb9b5a048/diff:/var/lib/docker/overlay2/6ac5adbfff6202b1faa13a2a2fd92625bdda668cdac1a1d2230becbb394e569f/diff","MergedDir":"/var/lib/docker/overlay2/45da4782eb6c4075fef21a16271836d62c4e4726b16ef4c5ea199d4e626bdb39/merged","UpperDir":"/var/lib/docker/overlay2/45da4782eb6c4075fef21a16271836d62c4e4726b16ef4c5ea199d4e626bdb39/diff","WorkDir":"/var/lib/docker/overlay2/45da4782eb6c4075fef21a16271836d62c4e4726b16ef4c5ea199d4e626bdb39/work"},"Name":"overlay2"},"Mounts":[{"Type":"volume","Name":"08668a73464516d2c615e247a561222f461f2385cff5615e53cc78e96456230c","Source":"/var/lib/docker/volumes/08668a73464516d2c615e247a561222f461f2385cff5615e53cc78e96456230c/_data","Destination":"/var/lib/mysql","Driver":"local","Mode":"","RW":true,"Propagation":""}],"Config":{"Hostname":"47a7ce05e61a","Domainname":"","User":"","AttachStdin":false,"AttachStdout":false,"AttachStderr":false,"ExposedPorts":{"3306/tcp":{},"33060/tcp":{}},"Tty":false,"OpenStdin":false,"StdinOnce":false,"Env":["MYSQL_DATABASE=lotification","MYSQL_PASSWORD=1234","MYSQL_USER=admin","MYSQL_ROOT_PASSWORD=1234","PATH=/usr/local/sbin:/usr/local/bin:/usr/sbin:/usr/bin:/sbin:/bin","GOSU_VERSION=1.14","MYSQL_MAJOR=8.0","MYSQL_VERSION=8.0.30-1.el8","MYSQL_SHELL_VERSION=8.0.30-1.el8"],"Cmd":["mysqld"],"Image":"mysql:8","Volumes":{"/var/lib/mysql":{}},"WorkingDir":"","Entrypoint":["docker-entrypoint.sh"],"OnBuild":null,"Labels":{"org.testcontainers":"true","org.testcontainers.sessionId":"c5b4bded-8a7b-4309-a94c-5bb153977152"}},"NetworkSettings":{"Bridge":"","SandboxID":"c87f478ec31081a2fc02a6d53fa5addc8f61962dea8dd5c17c1c641e1a25e99b","HairpinMode":false,"LinkLocalIPv6Address":"","LinkLocalIPv6PrefixLen":0,"Ports":{"3306/tcp":[{"HostIp":"0.0.0.0","HostPort":"63346"}],"33060/tcp":null},"SandboxKey":"/var/run/docker/netns/c87f478ec310","SecondaryIPAddresses":null,"SecondaryIPv6Addresses":null,"EndpointID":"7830774c518a6ae45bc93e5b48bd99e8a609aa29230b007326fa87b5ca32567f","Gateway":"172.17.0.1","GlobalIPv6Address":"","GlobalIPv6PrefixLen":0,"IPAddress":"172.17.0.4","IPPrefixLen":16,"IPv6Gateway":"","MacAddress":"02:42:ac:11:00:04","Networks":{"bridge":{"IPAMConfig":null,"Links":null,"Aliases":null,"NetworkID":"42b943ace1ba272d06317befbba08f853c5a08f211a0bdf3660599ced98f9c17","EndpointID":"7830774c518a6ae45bc93e5b48bd99e8a609aa29230b007326fa87b5ca32567f","Gateway":"172.17.0.1","IPAddress":"172.17.0.4","IPPrefixLen":16,"IPv6Gateway":"","GlobalIPv6Address":"","GlobalIPv6PrefixLen":0,"MacAddress":"02:42:ac:11:00:04","DriverOpts":null}}}}[\n]"
11:45:40.766 [Test worker] DEBUG com.github.dockerjava.zerodep.shaded.org.apache.hc.client5.http.wire - http-outgoing-2 << "[\r][\n]"
11:45:40.767 [Test worker] DEBUG com.github.dockerjava.zerodep.shaded.org.apache.hc.client5.http.wire - http-outgoing-2 << "0[\r][\n]"
11:45:40.767 [Test worker] DEBUG com.github.dockerjava.zerodep.shaded.org.apache.hc.client5.http.wire - http-outgoing-2 << "[\r][\n]"
11:45:40.767 [Test worker] DEBUG com.github.dockerjava.zerodep.shaded.org.apache.hc.client5.http.impl.classic.InternalHttpClient - ep-00000032: releasing valid endpoint
11:45:40.767 [Test worker] DEBUG com.github.dockerjava.zerodep.shaded.org.apache.hc.client5.http.impl.io.PoolingHttpClientConnectionManager - ep-00000032: releasing endpoint
11:45:40.767 [Test worker] DEBUG com.github.dockerjava.zerodep.shaded.org.apache.hc.client5.http.impl.io.PoolingHttpClientConnectionManager - ep-00000032: connection http-outgoing-2 can be kept alive for 3 MINUTES
11:45:40.767 [Test worker] DEBUG com.github.dockerjava.zerodep.shaded.org.apache.hc.client5.http.impl.io.PoolingHttpClientConnectionManager - ep-00000032: connection released [route: {}->unix://localhost:2375][total available: 1; route allocated: 1 of 2147483647; total allocated: 1 of 2147483647]
11:45:40.767 [Test worker] DEBUG ]]>&#x1f433;<![CDATA[ [mysql:8] - Trying to create JDBC connection using com.mysql.cj.jdbc.Driver to jdbc:mysql://localhost:63346/lotification?useSSL=false&allowPublicKeyRetrieval=true with properties: {password=1234, user=admin}
11:45:40.874 [Test worker] DEBUG org.testcontainers.shaded.com.github.dockerjava.core.command.AbstrDockerCmd - Cmd: 47a7ce05e61aa72bdced5a030ca6064519c62d122a5992816f04e0e528b5b17d,false
11:45:40.874 [Test worker] DEBUG org.testcontainers.shaded.com.github.dockerjava.core.exec.InspectContainerCmdExec - GET: DefaultWebTarget{path=[/containers/47a7ce05e61aa72bdced5a030ca6064519c62d122a5992816f04e0e528b5b17d/json], queryParams={}}
11:45:40.875 [Test worker] DEBUG com.github.dockerjava.zerodep.shaded.org.apache.hc.client5.http.impl.classic.InternalHttpClient - ex-00000034: preparing request execution
11:45:40.875 [Test worker] DEBUG com.github.dockerjava.zerodep.shaded.org.apache.hc.client5.http.protocol.RequestAddCookies - Cookie spec selected: strict
11:45:40.875 [Test worker] DEBUG com.github.dockerjava.zerodep.shaded.org.apache.hc.client5.http.protocol.RequestAuthCache - Auth cache not set in the context
11:45:40.875 [Test worker] DEBUG com.github.dockerjava.zerodep.shaded.org.apache.hc.client5.http.impl.classic.ProtocolExec - ex-00000034: target auth state: UNCHALLENGED
11:45:40.875 [Test worker] DEBUG com.github.dockerjava.zerodep.shaded.org.apache.hc.client5.http.impl.classic.ProtocolExec - ex-00000034: proxy auth state: UNCHALLENGED
11:45:40.875 [Test worker] DEBUG com.github.dockerjava.zerodep.shaded.org.apache.hc.client5.http.impl.classic.ConnectExec - ex-00000034: acquiring connection with route {}->unix://localhost:2375
11:45:40.875 [Test worker] DEBUG com.github.dockerjava.zerodep.shaded.org.apache.hc.client5.http.impl.classic.InternalHttpClient - ex-00000034: acquiring endpoint (3 MINUTES)
11:45:40.875 [Test worker] DEBUG com.github.dockerjava.zerodep.shaded.org.apache.hc.client5.http.impl.io.PoolingHttpClientConnectionManager - ex-00000034: endpoint lease request (3 MINUTES) [route: {}->unix://localhost:2375][total available: 1; route allocated: 1 of 2147483647; total allocated: 1 of 2147483647]
11:45:40.875 [Test worker] DEBUG com.github.dockerjava.zerodep.shaded.org.apache.hc.client5.http.impl.io.PoolingHttpClientConnectionManager - ex-00000034: endpoint leased [route: {}->unix://localhost:2375][total available: 0; route allocated: 1 of 2147483647; total allocated: 1 of 2147483647]
11:45:40.875 [Test worker] DEBUG com.github.dockerjava.zerodep.shaded.org.apache.hc.client5.http.impl.io.PoolingHttpClientConnectionManager - ex-00000034: acquired ep-00000033
11:45:40.875 [Test worker] DEBUG com.github.dockerjava.zerodep.shaded.org.apache.hc.client5.http.impl.classic.InternalHttpClient - ex-00000034: acquired endpoint ep-00000033
11:45:40.875 [Test worker] DEBUG com.github.dockerjava.zerodep.shaded.org.apache.hc.client5.http.impl.classic.MainClientExec - ex-00000034: executing GET /v1.32/containers/47a7ce05e61aa72bdced5a030ca6064519c62d122a5992816f04e0e528b5b17d/json HTTP/1.1
11:45:40.875 [Test worker] DEBUG com.github.dockerjava.zerodep.shaded.org.apache.hc.client5.http.impl.classic.InternalHttpClient - ep-00000033: start execution ex-00000034
11:45:40.875 [Test worker] DEBUG com.github.dockerjava.zerodep.shaded.org.apache.hc.client5.http.impl.io.PoolingHttpClientConnectionManager - ep-00000033: executing exchange ex-00000034 over http-outgoing-2
11:45:40.875 [Test worker] DEBUG com.github.dockerjava.zerodep.shaded.org.apache.hc.client5.http.headers - http-outgoing-2 >> GET /v1.32/containers/47a7ce05e61aa72bdced5a030ca6064519c62d122a5992816f04e0e528b5b17d/json HTTP/1.1
11:45:40.875 [Test worker] DEBUG com.github.dockerjava.zerodep.shaded.org.apache.hc.client5.http.headers - http-outgoing-2 >> accept: application/json
11:45:40.875 [Test worker] DEBUG com.github.dockerjava.zerodep.shaded.org.apache.hc.client5.http.headers - http-outgoing-2 >> x-tc-sid: c5b4bded-8a7b-4309-a94c-5bb153977152
11:45:40.875 [Test worker] DEBUG com.github.dockerjava.zerodep.shaded.org.apache.hc.client5.http.headers - http-outgoing-2 >> Accept-Encoding: gzip, x-gzip, deflate
11:45:40.875 [Test worker] DEBUG com.github.dockerjava.zerodep.shaded.org.apache.hc.client5.http.headers - http-outgoing-2 >> Host: localhost:2375
11:45:40.875 [Test worker] DEBUG com.github.dockerjava.zerodep.shaded.org.apache.hc.client5.http.headers - http-outgoing-2 >> Connection: keep-alive
11:45:40.875 [Test worker] DEBUG com.github.dockerjava.zerodep.shaded.org.apache.hc.client5.http.headers - http-outgoing-2 >> User-Agent: Apache-HttpClient/5.0.3 (Java/17.0.3)
11:45:40.875 [Test worker] DEBUG com.github.dockerjava.zerodep.shaded.org.apache.hc.client5.http.wire - http-outgoing-2 >> "GET /v1.32/containers/47a7ce05e61aa72bdced5a030ca6064519c62d122a5992816f04e0e528b5b17d/json HTTP/1.1[\r][\n]"
11:45:40.875 [Test worker] DEBUG com.github.dockerjava.zerodep.shaded.org.apache.hc.client5.http.wire - http-outgoing-2 >> "accept: application/json[\r][\n]"
11:45:40.875 [Test worker] DEBUG com.github.dockerjava.zerodep.shaded.org.apache.hc.client5.http.wire - http-outgoing-2 >> "x-tc-sid: c5b4bded-8a7b-4309-a94c-5bb153977152[\r][\n]"
11:45:40.875 [Test worker] DEBUG com.github.dockerjava.zerodep.shaded.org.apache.hc.client5.http.wire - http-outgoing-2 >> "Accept-Encoding: gzip, x-gzip, deflate[\r][\n]"
11:45:40.875 [Test worker] DEBUG com.github.dockerjava.zerodep.shaded.org.apache.hc.client5.http.wire - http-outgoing-2 >> "Host: localhost:2375[\r][\n]"
11:45:40.875 [Test worker] DEBUG com.github.dockerjava.zerodep.shaded.org.apache.hc.client5.http.wire - http-outgoing-2 >> "Connection: keep-alive[\r][\n]"
11:45:40.875 [Test worker] DEBUG com.github.dockerjava.zerodep.shaded.org.apache.hc.client5.http.wire - http-outgoing-2 >> "User-Agent: Apache-HttpClient/5.0.3 (Java/17.0.3)[\r][\n]"
11:45:40.875 [Test worker] DEBUG com.github.dockerjava.zerodep.shaded.org.apache.hc.client5.http.wire - http-outgoing-2 >> "[\r][\n]"
11:45:40.877 [Test worker] DEBUG com.github.dockerjava.zerodep.shaded.org.apache.hc.client5.http.wire - http-outgoing-2 << "HTTP/1.1 200 OK[\r][\n]"
11:45:40.877 [Test worker] DEBUG com.github.dockerjava.zerodep.shaded.org.apache.hc.client5.http.wire - http-outgoing-2 << "Api-Version: 1.41[\r][\n]"
11:45:40.877 [Test worker] DEBUG com.github.dockerjava.zerodep.shaded.org.apache.hc.client5.http.wire - http-outgoing-2 << "Content-Type: application/json[\r][\n]"
11:45:40.877 [Test worker] DEBUG com.github.dockerjava.zerodep.shaded.org.apache.hc.client5.http.wire - http-outgoing-2 << "Date: Mon, 26 Sep 2022 02:45:40 GMT[\r][\n]"
11:45:40.877 [Test worker] DEBUG com.github.dockerjava.zerodep.shaded.org.apache.hc.client5.http.wire - http-outgoing-2 << "Docker-Experimental: false[\r][\n]"
11:45:40.877 [Test worker] DEBUG com.github.dockerjava.zerodep.shaded.org.apache.hc.client5.http.wire - http-outgoing-2 << "Ostype: linux[\r][\n]"
11:45:40.877 [Test worker] DEBUG com.github.dockerjava.zerodep.shaded.org.apache.hc.client5.http.wire - http-outgoing-2 << "Server: Docker/20.10.11 (linux)[\r][\n]"
11:45:40.877 [Test worker] DEBUG com.github.dockerjava.zerodep.shaded.org.apache.hc.client5.http.wire - http-outgoing-2 << "Transfer-Encoding: chunked[\r][\n]"
11:45:40.877 [Test worker] DEBUG com.github.dockerjava.zerodep.shaded.org.apache.hc.client5.http.wire - http-outgoing-2 << "[\r][\n]"
11:45:40.877 [Test worker] DEBUG com.github.dockerjava.zerodep.shaded.org.apache.hc.client5.http.headers - http-outgoing-2 << HTTP/1.1 200 OK
11:45:40.877 [Test worker] DEBUG com.github.dockerjava.zerodep.shaded.org.apache.hc.client5.http.headers - http-outgoing-2 << Api-Version: 1.41
11:45:40.877 [Test worker] DEBUG com.github.dockerjava.zerodep.shaded.org.apache.hc.client5.http.headers - http-outgoing-2 << Content-Type: application/json
11:45:40.877 [Test worker] DEBUG com.github.dockerjava.zerodep.shaded.org.apache.hc.client5.http.headers - http-outgoing-2 << Date: Mon, 26 Sep 2022 02:45:40 GMT
11:45:40.877 [Test worker] DEBUG com.github.dockerjava.zerodep.shaded.org.apache.hc.client5.http.headers - http-outgoing-2 << Docker-Experimental: false
11:45:40.877 [Test worker] DEBUG com.github.dockerjava.zerodep.shaded.org.apache.hc.client5.http.headers - http-outgoing-2 << Ostype: linux
11:45:40.877 [Test worker] DEBUG com.github.dockerjava.zerodep.shaded.org.apache.hc.client5.http.headers - http-outgoing-2 << Server: Docker/20.10.11 (linux)
11:45:40.877 [Test worker] DEBUG com.github.dockerjava.zerodep.shaded.org.apache.hc.client5.http.headers - http-outgoing-2 << Transfer-Encoding: chunked
11:45:40.877 [Test worker] DEBUG com.github.dockerjava.zerodep.shaded.org.apache.hc.client5.http.impl.classic.MainClientExec - ex-00000034: connection can be kept alive for 3 MINUTES
11:45:40.877 [Test worker] DEBUG com.github.dockerjava.zerodep.shaded.org.apache.hc.client5.http.wire - http-outgoing-2 << "1882[\r][\n]"
11:45:40.878 [Test worker] DEBUG com.github.dockerjava.zerodep.shaded.org.apache.hc.client5.http.wire - http-outgoing-2 << "{"Id":"47a7ce05e61aa72bdced5a030ca6064519c62d122a5992816f04e0e528b5b17d","Created":"2022-09-26T02:45:36.042081626Z","Path":"docker-entrypoint.sh","Args":["mysqld"],"State":{"Status":"running","Running":true,"Paused":false,"Restarting":false,"OOMKilled":false,"Dead":false,"Pid":2251,"ExitCode":0,"Error":"","StartedAt":"2022-09-26T02:45:36.388226668Z","FinishedAt":"0001-01-01T00:00:00Z"},"Image":"sha256:5e229524f286e653111cb9d028bf1ba4c3490742c8cd18c84af22538f0e68575","ResolvConfPath":"/var/lib/docker/containers/47a7ce05e61aa72bdced5a030ca6064519c62d122a5992816f04e0e528b5b17d/resolv.conf","HostnamePath":"/var/lib/docker/containers/47a7ce05e61aa72bdced5a030ca6064519c62d122a5992816f04e0e528b5b17d/hostname","HostsPath":"/var/lib/docker/containers/47a7ce05e61aa72bdced5a030ca6064519c62d122a5992816f04e0e528b5b17d/hosts","LogPath":"/var/lib/docker/containers/47a7ce05e61aa72bdced5a030ca6064519c62d122a5992816f04e0e528b5b17d/47a7ce05e61aa72bdced5a030ca6064519c62d122a5992816f04e0e528b5b17d-json.log","Name":"/crazy_chaum","RestartCount":0,"Driver":"overlay2","Platform":"linux","MountLabel":"","ProcessLabel":"","AppArmorProfile":"","ExecIDs":null,"HostConfig":{"Binds":[],"ContainerIDFile":"","LogConfig":{"Type":"json-file","Config":{}},"NetworkMode":"default","PortBindings":{"3306/tcp":[{"HostIp":"0.0.0.0","HostPort":"0"}]},"RestartPolicy":{"Name":"","MaximumRetryCount":0},"AutoRemove":false,"VolumeDriver":"","VolumesFrom":[],"CapAdd":null,"CapDrop":null,"CgroupnsMode":"private","Dns":null,"DnsOptions":null,"DnsSearch":null,"ExtraHosts":[],"GroupAdd":null,"IpcMode":"shareable","Cgroup":"","Links":null,"OomScoreAdj":0,"PidMode":"","Privileged":false,"PublishAllPorts":false,"ReadonlyRootfs":false,"SecurityOpt":null,"UTSMode":"","UsernsMode":"","ShmSize":67108864,"Runtime":"runc","ConsoleSize":[0,0],"Isolation":"","CpuShares":0,"Memory":0,"NanoCpus":0,"CgroupParent":"","BlkioWeight":0,"BlkioWeightDevice":null,"BlkioDeviceReadBps":null,"BlkioDeviceWriteBps":null,"BlkioDeviceReadIOps":null,"BlkioDeviceWriteIOps":null,"CpuPeriod":0,"CpuQuota":0,"CpuRealtimePeriod":0,"CpuRealtimeRuntime":0,"CpusetCpus":"","CpusetMems":"","Devices":null,"DeviceCgroupRules":null,"DeviceRequests":null,"KernelMemory":0,"KernelMemoryTCP":0,"MemoryReservation":0,"MemorySwap":0,"MemorySwappiness":null,"OomKillDisable":null,"PidsLimit":null,"Ulimits":null,"CpuCount":0,"CpuPercent":0,"IOMaximumIOps":0,"IOMaximumBandwidth":0,"MaskedPaths":["/proc/asound","/proc/acpi","/proc/kcore","/proc/keys","/proc/latency_stats","/proc/timer_list","/proc/timer_stats","/proc/sched_debug","/proc/scsi","/sys/firmware"],"ReadonlyPaths":["/proc/bus","/proc/fs","/proc/irq","/proc/sys","/proc/sysrq-trigger"]},"GraphDriver":{"Data":{"LowerDir":"/var/lib/docker/overlay2/45da4782eb6c4075fef21a16271836d62c4e4726b16ef4c5ea199d4e626bdb39-init/diff:/var/lib/docker/overlay2/27a623f1ab748258e017a40f339844ef533377092bad4182aa320e9399893e13/diff:/var/lib/docker/overlay2/d7c1e4de558b6bbbdc3209a51fc73295262b5271709fe659d0e2e94f626eea74/diff:/var/lib/docker/overlay2/2df554f793c3600571e2f078ad2e20025d6b2e35f3d18881ead4f70e2cc26cb8/diff:/var/lib/docker/overlay2/feb23515577245ad51a24945de1e6bab842929569da912a2b4a33a48c6c2331f/diff:/var/lib/docker/overlay2/cc2cdbce154e19d9c4f376917b6c92ebd55b0b495124ffd2c9d7e9c82b6a95f9/diff:/var/lib/docker/overlay2/968467fe01280f82d26487386f320a15000815d63000d5ec89b47acca8f77ef2/diff:/var/lib/docker/overlay2/cc59daa314bbcaec43d6cd4064c7863b4b3976b989121dcf2e32c4710281f247/diff:/var/lib/docker/overlay2/dc5d8b1cf96cfd5d96d68fbed14248edf1244c1a4669ba07b0bab7f3d782f058/diff:/var/lib/docker/overlay2/dcca184158d696706cd99e62ffa3e5c42964eb57190bef35421cdf3f83a8c130/diff:/var/lib/docker/overlay2/a7f928596da67ce59f34b0ba4cee4a3b948b94f91ad0b0b6260dc54fb9b5a048/diff:/var/lib/docker/overlay2/6ac5adbfff6202b1faa13a2a2fd92625bdda668cdac1a1d2230becbb394e569f/diff","MergedDir":"/var/lib/docker/overlay2/45da4782eb6c4075fef21a16271836d62c4e4726b16ef4c5ea199d4e626bdb39/merged","UpperDir":"/var/lib/docker/overlay2/45da4782eb6c4075fef21a16271836d62c4e4726b16ef4c5ea199d4e626bdb39/diff","WorkDir":"/var/lib/docker/overlay2/45da4782eb6c4075fef21a16271836d62c4e4726b16ef4c5ea199d4e626bdb39/work"},"Name":"overlay2"},"Mounts":[{"Type":"volume","Name":"08668a73464516d2c615e247a561222f461f2385cff5615e53cc78e96456230c","Source":"/var/lib/docker/volumes/08668a73464516d2c615e247a561222f461f2385cff5615e53cc78e96456230c/_data","Destination":"/var/lib/mysql","Driver":"local","Mode":"","RW":true,"Propagation":""}],"Config":{"Hostname":"47a7ce05e61a","Domainname":"","User":"","AttachStdin":false,"AttachStdout":false,"AttachStderr":false,"ExposedPorts":{"3306/tcp":{},"33060/tcp":{}},"Tty":false,"OpenStdin":false,"StdinOnce":false,"Env":["MYSQL_DATABASE=lotification","MYSQL_PASSWORD=1234","MYSQL_USER=admin","MYSQL_ROOT_PASSWORD=1234","PATH=/usr/local/sbin:/usr/local/bin:/usr/sbin:/usr/bin:/sbin:/bin","GOSU_VERSION=1.14","MYSQL_MAJOR=8.0","MYSQL_VERSION=8.0.30-1.el8","MYSQL_SHELL_VERSION=8.0.30-1.el8"],"Cmd":["mysqld"],"Image":"mysql:8","Volumes":{"/var/lib/mysql":{}},"WorkingDir":"","Entrypoint":["docker-entrypoint.sh"],"OnBuild":null,"Labels":{"org.testcontainers":"true","org.testcontainers.sessionId":"c5b4bded-8a7b-4309-a94c-5bb153977152"}},"NetworkSettings":{"Bridge":"","SandboxID":"c87f478ec31081a2fc02a6d53fa5addc8f61962dea8dd5c17c1c641e1a25e99b","HairpinMode":false,"LinkLocalIPv6Address":"","LinkLocalIPv6PrefixLen":0,"Ports":{"3306/tcp":[{"HostIp":"0.0.0.0","HostPort":"63346"}],"33060/tcp":null},"SandboxKey":"/var/run/docker/netns/c87f478ec310","SecondaryIPAddresses":null,"SecondaryIPv6Addresses":null,"EndpointID":"7830774c518a6ae45bc93e5b48bd99e8a609aa29230b007326fa87b5ca32567f","Gateway":"172.17.0.1","GlobalIPv6Address":"","GlobalIPv6PrefixLen":0,"IPAddress":"172.17.0.4","IPPrefixLen":16,"IPv6Gateway":"","MacAddress":"02:42:ac:11:00:04","Networks":{"bridge":{"IPAMConfig":null,"Links":null,"Aliases":null,"NetworkID":"42b943ace1ba272d06317befbba08f853c5a08f211a0bdf3660599ced98f9c17","EndpointID":"7830774c518a6ae45bc93e5b48bd99e8a609aa29230b007326fa87b5ca32567f","Gateway":"172.17.0.1","IPAddress":"172.17.0.4","IPPrefixLen":16,"IPv6Gateway":"","GlobalIPv6Address":"","GlobalIPv6PrefixLen":0,"MacAddress":"02:42:ac:11:00:04","DriverOpts":null}}}}[\n]"
11:45:40.878 [Test worker] DEBUG com.github.dockerjava.zerodep.shaded.org.apache.hc.client5.http.wire - http-outgoing-2 << "[\r][\n]"
11:45:40.878 [Test worker] DEBUG com.github.dockerjava.zerodep.shaded.org.apache.hc.client5.http.wire - http-outgoing-2 << "0[\r][\n]"
11:45:40.878 [Test worker] DEBUG com.github.dockerjava.zerodep.shaded.org.apache.hc.client5.http.wire - http-outgoing-2 << "[\r][\n]"
11:45:40.878 [Test worker] DEBUG com.github.dockerjava.zerodep.shaded.org.apache.hc.client5.http.impl.classic.InternalHttpClient - ep-00000033: releasing valid endpoint
11:45:40.878 [Test worker] DEBUG com.github.dockerjava.zerodep.shaded.org.apache.hc.client5.http.impl.io.PoolingHttpClientConnectionManager - ep-00000033: releasing endpoint
11:45:40.878 [Test worker] DEBUG com.github.dockerjava.zerodep.shaded.org.apache.hc.client5.http.impl.io.PoolingHttpClientConnectionManager - ep-00000033: connection http-outgoing-2 can be kept alive for 3 MINUTES
11:45:40.878 [Test worker] DEBUG com.github.dockerjava.zerodep.shaded.org.apache.hc.client5.http.impl.io.PoolingHttpClientConnectionManager - ep-00000033: connection released [route: {}->unix://localhost:2375][total available: 1; route allocated: 1 of 2147483647; total allocated: 1 of 2147483647]
11:45:40.878 [Test worker] DEBUG ]]>&#x1f433;<![CDATA[ [mysql:8] - Trying to create JDBC connection using com.mysql.cj.jdbc.Driver to jdbc:mysql://localhost:63346/lotification?useSSL=false&allowPublicKeyRetrieval=true with properties: {password=1234, user=admin}
11:45:40.985 [Test worker] DEBUG org.testcontainers.shaded.com.github.dockerjava.core.command.AbstrDockerCmd - Cmd: 47a7ce05e61aa72bdced5a030ca6064519c62d122a5992816f04e0e528b5b17d,false
11:45:40.986 [Test worker] DEBUG org.testcontainers.shaded.com.github.dockerjava.core.exec.InspectContainerCmdExec - GET: DefaultWebTarget{path=[/containers/47a7ce05e61aa72bdced5a030ca6064519c62d122a5992816f04e0e528b5b17d/json], queryParams={}}
11:45:40.987 [Test worker] DEBUG com.github.dockerjava.zerodep.shaded.org.apache.hc.client5.http.impl.classic.InternalHttpClient - ex-00000035: preparing request execution
11:45:40.987 [Test worker] DEBUG com.github.dockerjava.zerodep.shaded.org.apache.hc.client5.http.protocol.RequestAddCookies - Cookie spec selected: strict
11:45:40.987 [Test worker] DEBUG com.github.dockerjava.zerodep.shaded.org.apache.hc.client5.http.protocol.RequestAuthCache - Auth cache not set in the context
11:45:40.987 [Test worker] DEBUG com.github.dockerjava.zerodep.shaded.org.apache.hc.client5.http.impl.classic.ProtocolExec - ex-00000035: target auth state: UNCHALLENGED
11:45:40.987 [Test worker] DEBUG com.github.dockerjava.zerodep.shaded.org.apache.hc.client5.http.impl.classic.ProtocolExec - ex-00000035: proxy auth state: UNCHALLENGED
11:45:40.987 [Test worker] DEBUG com.github.dockerjava.zerodep.shaded.org.apache.hc.client5.http.impl.classic.ConnectExec - ex-00000035: acquiring connection with route {}->unix://localhost:2375
11:45:40.987 [Test worker] DEBUG com.github.dockerjava.zerodep.shaded.org.apache.hc.client5.http.impl.classic.InternalHttpClient - ex-00000035: acquiring endpoint (3 MINUTES)
11:45:40.987 [Test worker] DEBUG com.github.dockerjava.zerodep.shaded.org.apache.hc.client5.http.impl.io.PoolingHttpClientConnectionManager - ex-00000035: endpoint lease request (3 MINUTES) [route: {}->unix://localhost:2375][total available: 1; route allocated: 1 of 2147483647; total allocated: 1 of 2147483647]
11:45:40.987 [Test worker] DEBUG com.github.dockerjava.zerodep.shaded.org.apache.hc.client5.http.impl.io.PoolingHttpClientConnectionManager - ex-00000035: endpoint leased [route: {}->unix://localhost:2375][total available: 0; route allocated: 1 of 2147483647; total allocated: 1 of 2147483647]
11:45:40.987 [Test worker] DEBUG com.github.dockerjava.zerodep.shaded.org.apache.hc.client5.http.impl.io.PoolingHttpClientConnectionManager - ex-00000035: acquired ep-00000034
11:45:40.987 [Test worker] DEBUG com.github.dockerjava.zerodep.shaded.org.apache.hc.client5.http.impl.classic.InternalHttpClient - ex-00000035: acquired endpoint ep-00000034
11:45:40.987 [Test worker] DEBUG com.github.dockerjava.zerodep.shaded.org.apache.hc.client5.http.impl.classic.MainClientExec - ex-00000035: executing GET /v1.32/containers/47a7ce05e61aa72bdced5a030ca6064519c62d122a5992816f04e0e528b5b17d/json HTTP/1.1
11:45:40.987 [Test worker] DEBUG com.github.dockerjava.zerodep.shaded.org.apache.hc.client5.http.impl.classic.InternalHttpClient - ep-00000034: start execution ex-00000035
11:45:40.987 [Test worker] DEBUG com.github.dockerjava.zerodep.shaded.org.apache.hc.client5.http.impl.io.PoolingHttpClientConnectionManager - ep-00000034: executing exchange ex-00000035 over http-outgoing-2
11:45:40.987 [Test worker] DEBUG com.github.dockerjava.zerodep.shaded.org.apache.hc.client5.http.headers - http-outgoing-2 >> GET /v1.32/containers/47a7ce05e61aa72bdced5a030ca6064519c62d122a5992816f04e0e528b5b17d/json HTTP/1.1
11:45:40.987 [Test worker] DEBUG com.github.dockerjava.zerodep.shaded.org.apache.hc.client5.http.headers - http-outgoing-2 >> accept: application/json
11:45:40.987 [Test worker] DEBUG com.github.dockerjava.zerodep.shaded.org.apache.hc.client5.http.headers - http-outgoing-2 >> x-tc-sid: c5b4bded-8a7b-4309-a94c-5bb153977152
11:45:40.987 [Test worker] DEBUG com.github.dockerjava.zerodep.shaded.org.apache.hc.client5.http.headers - http-outgoing-2 >> Accept-Encoding: gzip, x-gzip, deflate
11:45:40.987 [Test worker] DEBUG com.github.dockerjava.zerodep.shaded.org.apache.hc.client5.http.headers - http-outgoing-2 >> Host: localhost:2375
11:45:40.987 [Test worker] DEBUG com.github.dockerjava.zerodep.shaded.org.apache.hc.client5.http.headers - http-outgoing-2 >> Connection: keep-alive
11:45:40.987 [Test worker] DEBUG com.github.dockerjava.zerodep.shaded.org.apache.hc.client5.http.headers - http-outgoing-2 >> User-Agent: Apache-HttpClient/5.0.3 (Java/17.0.3)
11:45:40.987 [Test worker] DEBUG com.github.dockerjava.zerodep.shaded.org.apache.hc.client5.http.wire - http-outgoing-2 >> "GET /v1.32/containers/47a7ce05e61aa72bdced5a030ca6064519c62d122a5992816f04e0e528b5b17d/json HTTP/1.1[\r][\n]"
11:45:40.987 [Test worker] DEBUG com.github.dockerjava.zerodep.shaded.org.apache.hc.client5.http.wire - http-outgoing-2 >> "accept: application/json[\r][\n]"
11:45:40.987 [Test worker] DEBUG com.github.dockerjava.zerodep.shaded.org.apache.hc.client5.http.wire - http-outgoing-2 >> "x-tc-sid: c5b4bded-8a7b-4309-a94c-5bb153977152[\r][\n]"
11:45:40.987 [Test worker] DEBUG com.github.dockerjava.zerodep.shaded.org.apache.hc.client5.http.wire - http-outgoing-2 >> "Accept-Encoding: gzip, x-gzip, deflate[\r][\n]"
11:45:40.987 [Test worker] DEBUG com.github.dockerjava.zerodep.shaded.org.apache.hc.client5.http.wire - http-outgoing-2 >> "Host: localhost:2375[\r][\n]"
11:45:40.987 [Test worker] DEBUG com.github.dockerjava.zerodep.shaded.org.apache.hc.client5.http.wire - http-outgoing-2 >> "Connection: keep-alive[\r][\n]"
11:45:40.987 [Test worker] DEBUG com.github.dockerjava.zerodep.shaded.org.apache.hc.client5.http.wire - http-outgoing-2 >> "User-Agent: Apache-HttpClient/5.0.3 (Java/17.0.3)[\r][\n]"
11:45:40.987 [Test worker] DEBUG com.github.dockerjava.zerodep.shaded.org.apache.hc.client5.http.wire - http-outgoing-2 >> "[\r][\n]"
11:45:40.990 [Test worker] DEBUG com.github.dockerjava.zerodep.shaded.org.apache.hc.client5.http.wire - http-outgoing-2 << "HTTP/1.1 200 OK[\r][\n]"
11:45:40.990 [Test worker] DEBUG com.github.dockerjava.zerodep.shaded.org.apache.hc.client5.http.wire - http-outgoing-2 << "Api-Version: 1.41[\r][\n]"
11:45:40.990 [Test worker] DEBUG com.github.dockerjava.zerodep.shaded.org.apache.hc.client5.http.wire - http-outgoing-2 << "Content-Type: application/json[\r][\n]"
11:45:40.990 [Test worker] DEBUG com.github.dockerjava.zerodep.shaded.org.apache.hc.client5.http.wire - http-outgoing-2 << "Date: Mon, 26 Sep 2022 02:45:40 GMT[\r][\n]"
11:45:40.990 [Test worker] DEBUG com.github.dockerjava.zerodep.shaded.org.apache.hc.client5.http.wire - http-outgoing-2 << "Docker-Experimental: false[\r][\n]"
11:45:40.990 [Test worker] DEBUG com.github.dockerjava.zerodep.shaded.org.apache.hc.client5.http.wire - http-outgoing-2 << "Ostype: linux[\r][\n]"
11:45:40.990 [Test worker] DEBUG com.github.dockerjava.zerodep.shaded.org.apache.hc.client5.http.wire - http-outgoing-2 << "Server: Docker/20.10.11 (linux)[\r][\n]"
11:45:40.990 [Test worker] DEBUG com.github.dockerjava.zerodep.shaded.org.apache.hc.client5.http.wire - http-outgoing-2 << "Transfer-Encoding: chunked[\r][\n]"
11:45:40.990 [Test worker] DEBUG com.github.dockerjava.zerodep.shaded.org.apache.hc.client5.http.wire - http-outgoing-2 << "[\r][\n]"
11:45:40.990 [Test worker] DEBUG com.github.dockerjava.zerodep.shaded.org.apache.hc.client5.http.headers - http-outgoing-2 << HTTP/1.1 200 OK
11:45:40.990 [Test worker] DEBUG com.github.dockerjava.zerodep.shaded.org.apache.hc.client5.http.headers - http-outgoing-2 << Api-Version: 1.41
11:45:40.990 [Test worker] DEBUG com.github.dockerjava.zerodep.shaded.org.apache.hc.client5.http.headers - http-outgoing-2 << Content-Type: application/json
11:45:40.990 [Test worker] DEBUG com.github.dockerjava.zerodep.shaded.org.apache.hc.client5.http.headers - http-outgoing-2 << Date: Mon, 26 Sep 2022 02:45:40 GMT
11:45:40.990 [Test worker] DEBUG com.github.dockerjava.zerodep.shaded.org.apache.hc.client5.http.headers - http-outgoing-2 << Docker-Experimental: false
11:45:40.990 [Test worker] DEBUG com.github.dockerjava.zerodep.shaded.org.apache.hc.client5.http.headers - http-outgoing-2 << Ostype: linux
11:45:40.990 [Test worker] DEBUG com.github.dockerjava.zerodep.shaded.org.apache.hc.client5.http.headers - http-outgoing-2 << Server: Docker/20.10.11 (linux)
11:45:40.990 [Test worker] DEBUG com.github.dockerjava.zerodep.shaded.org.apache.hc.client5.http.headers - http-outgoing-2 << Transfer-Encoding: chunked
11:45:40.990 [Test worker] DEBUG com.github.dockerjava.zerodep.shaded.org.apache.hc.client5.http.impl.classic.MainClientExec - ex-00000035: connection can be kept alive for 3 MINUTES
11:45:40.990 [Test worker] DEBUG com.github.dockerjava.zerodep.shaded.org.apache.hc.client5.http.wire - http-outgoing-2 << "1882[\r][\n]"
11:45:40.990 [Test worker] DEBUG com.github.dockerjava.zerodep.shaded.org.apache.hc.client5.http.wire - http-outgoing-2 << "{"Id":"47a7ce05e61aa72bdced5a030ca6064519c62d122a5992816f04e0e528b5b17d","Created":"2022-09-26T02:45:36.042081626Z","Path":"docker-entrypoint.sh","Args":["mysqld"],"State":{"Status":"running","Running":true,"Paused":false,"Restarting":false,"OOMKilled":false,"Dead":false,"Pid":2251,"ExitCode":0,"Error":"","StartedAt":"2022-09-26T02:45:36.388226668Z","FinishedAt":"0001-01-01T00:00:00Z"},"Image":"sha256:5e229524f286e653111cb9d028bf1ba4c3490742c8cd18c84af22538f0e68575","ResolvConfPath":"/var/lib/docker/containers/47a7ce05e61aa72bdced5a030ca6064519c62d122a5992816f04e0e528b5b17d/resolv.conf","HostnamePath":"/var/lib/docker/containers/47a7ce05e61aa72bdced5a030ca6064519c62d122a5992816f04e0e528b5b17d/hostname","HostsPath":"/var/lib/docker/containers/47a7ce05e61aa72bdced5a030ca6064519c62d122a5992816f04e0e528b5b17d/hosts","LogPath":"/var/lib/docker/containers/47a7ce05e61aa72bdced5a030ca6064519c62d122a5992816f04e0e528b5b17d/47a7ce05e61aa72bdced5a030ca6064519c62d122a5992816f04e0e528b5b17d-json.log","Name":"/crazy_chaum","RestartCount":0,"Driver":"overlay2","Platform":"linux","MountLabel":"","ProcessLabel":"","AppArmorProfile":"","ExecIDs":null,"HostConfig":{"Binds":[],"ContainerIDFile":"","LogConfig":{"Type":"json-file","Config":{}},"NetworkMode":"default","PortBindings":{"3306/tcp":[{"HostIp":"0.0.0.0","HostPort":"0"}]},"RestartPolicy":{"Name":"","MaximumRetryCount":0},"AutoRemove":false,"VolumeDriver":"","VolumesFrom":[],"CapAdd":null,"CapDrop":null,"CgroupnsMode":"private","Dns":null,"DnsOptions":null,"DnsSearch":null,"ExtraHosts":[],"GroupAdd":null,"IpcMode":"shareable","Cgroup":"","Links":null,"OomScoreAdj":0,"PidMode":"","Privileged":false,"PublishAllPorts":false,"ReadonlyRootfs":false,"SecurityOpt":null,"UTSMode":"","UsernsMode":"","ShmSize":67108864,"Runtime":"runc","ConsoleSize":[0,0],"Isolation":"","CpuShares":0,"Memory":0,"NanoCpus":0,"CgroupParent":"","BlkioWeight":0,"BlkioWeightDevice":null,"BlkioDeviceReadBps":null,"BlkioDeviceWriteBps":null,"BlkioDeviceReadIOps":null,"BlkioDeviceWriteIOps":null,"CpuPeriod":0,"CpuQuota":0,"CpuRealtimePeriod":0,"CpuRealtimeRuntime":0,"CpusetCpus":"","CpusetMems":"","Devices":null,"DeviceCgroupRules":null,"DeviceRequests":null,"KernelMemory":0,"KernelMemoryTCP":0,"MemoryReservation":0,"MemorySwap":0,"MemorySwappiness":null,"OomKillDisable":null,"PidsLimit":null,"Ulimits":null,"CpuCount":0,"CpuPercent":0,"IOMaximumIOps":0,"IOMaximumBandwidth":0,"MaskedPaths":["/proc/asound","/proc/acpi","/proc/kcore","/proc/keys","/proc/latency_stats","/proc/timer_list","/proc/timer_stats","/proc/sched_debug","/proc/scsi","/sys/firmware"],"ReadonlyPaths":["/proc/bus","/proc/fs","/proc/irq","/proc/sys","/proc/sysrq-trigger"]},"GraphDriver":{"Data":{"LowerDir":"/var/lib/docker/overlay2/45da4782eb6c4075fef21a16271836d62c4e4726b16ef4c5ea199d4e626bdb39-init/diff:/var/lib/docker/overlay2/27a623f1ab748258e017a40f339844ef533377092bad4182aa320e9399893e13/diff:/var/lib/docker/overlay2/d7c1e4de558b6bbbdc3209a51fc73295262b5271709fe659d0e2e94f626eea74/diff:/var/lib/docker/overlay2/2df554f793c3600571e2f078ad2e20025d6b2e35f3d18881ead4f70e2cc26cb8/diff:/var/lib/docker/overlay2/feb23515577245ad51a24945de1e6bab842929569da912a2b4a33a48c6c2331f/diff:/var/lib/docker/overlay2/cc2cdbce154e19d9c4f376917b6c92ebd55b0b495124ffd2c9d7e9c82b6a95f9/diff:/var/lib/docker/overlay2/968467fe01280f82d26487386f320a15000815d63000d5ec89b47acca8f77ef2/diff:/var/lib/docker/overlay2/cc59daa314bbcaec43d6cd4064c7863b4b3976b989121dcf2e32c4710281f247/diff:/var/lib/docker/overlay2/dc5d8b1cf96cfd5d96d68fbed14248edf1244c1a4669ba07b0bab7f3d782f058/diff:/var/lib/docker/overlay2/dcca184158d696706cd99e62ffa3e5c42964eb57190bef35421cdf3f83a8c130/diff:/var/lib/docker/overlay2/a7f928596da67ce59f34b0ba4cee4a3b948b94f91ad0b0b6260dc54fb9b5a048/diff:/var/lib/docker/overlay2/6ac5adbfff6202b1faa13a2a2fd92625bdda668cdac1a1d2230becbb394e569f/diff","MergedDir":"/var/lib/docker/overlay2/45da4782eb6c4075fef21a16271836d62c4e4726b16ef4c5ea199d4e626bdb39/merged","UpperDir":"/var/lib/docker/overlay2/45da4782eb6c4075fef21a16271836d62c4e4726b16ef4c5ea199d4e626bdb39/diff","WorkDir":"/var/lib/docker/overlay2/45da4782eb6c4075fef21a16271836d62c4e4726b16ef4c5ea199d4e626bdb39/work"},"Name":"overlay2"},"Mounts":[{"Type":"volume","Name":"08668a73464516d2c615e247a561222f461f2385cff5615e53cc78e96456230c","Source":"/var/lib/docker/volumes/08668a73464516d2c615e247a561222f461f2385cff5615e53cc78e96456230c/_data","Destination":"/var/lib/mysql","Driver":"local","Mode":"","RW":true,"Propagation":""}],"Config":{"Hostname":"47a7ce05e61a","Domainname":"","User":"","AttachStdin":false,"AttachStdout":false,"AttachStderr":false,"ExposedPorts":{"3306/tcp":{},"33060/tcp":{}},"Tty":false,"OpenStdin":false,"StdinOnce":false,"Env":["MYSQL_DATABASE=lotification","MYSQL_PASSWORD=1234","MYSQL_USER=admin","MYSQL_ROOT_PASSWORD=1234","PATH=/usr/local/sbin:/usr/local/bin:/usr/sbin:/usr/bin:/sbin:/bin","GOSU_VERSION=1.14","MYSQL_MAJOR=8.0","MYSQL_VERSION=8.0.30-1.el8","MYSQL_SHELL_VERSION=8.0.30-1.el8"],"Cmd":["mysqld"],"Image":"mysql:8","Volumes":{"/var/lib/mysql":{}},"WorkingDir":"","Entrypoint":["docker-entrypoint.sh"],"OnBuild":null,"Labels":{"org.testcontainers":"true","org.testcontainers.sessionId":"c5b4bded-8a7b-4309-a94c-5bb153977152"}},"NetworkSettings":{"Bridge":"","SandboxID":"c87f478ec31081a2fc02a6d53fa5addc8f61962dea8dd5c17c1c641e1a25e99b","HairpinMode":false,"LinkLocalIPv6Address":"","LinkLocalIPv6PrefixLen":0,"Ports":{"3306/tcp":[{"HostIp":"0.0.0.0","HostPort":"63346"}],"33060/tcp":null},"SandboxKey":"/var/run/docker/netns/c87f478ec310","SecondaryIPAddresses":null,"SecondaryIPv6Addresses":null,"EndpointID":"7830774c518a6ae45bc93e5b48bd99e8a609aa29230b007326fa87b5ca32567f","Gateway":"172.17.0.1","GlobalIPv6Address":"","GlobalIPv6PrefixLen":0,"IPAddress":"172.17.0.4","IPPrefixLen":16,"IPv6Gateway":"","MacAddress":"02:42:ac:11:00:04","Networks":{"bridge":{"IPAMConfig":null,"Links":null,"Aliases":null,"NetworkID":"42b943ace1ba272d06317befbba08f853c5a08f211a0bdf3660599ced98f9c17","EndpointID":"7830774c518a6ae45bc93e5b48bd99e8a609aa29230b007326fa87b5ca32567f","Gateway":"172.17.0.1","IPAddress":"172.17.0.4","IPPrefixLen":16,"IPv6Gateway":"","GlobalIPv6Address":"","GlobalIPv6PrefixLen":0,"MacAddress":"02:42:ac:11:00:04","DriverOpts":null}}}}[\n]"
11:45:40.990 [Test worker] DEBUG com.github.dockerjava.zerodep.shaded.org.apache.hc.client5.http.wire - http-outgoing-2 << "[\r][\n]"
11:45:40.991 [Test worker] DEBUG com.github.dockerjava.zerodep.shaded.org.apache.hc.client5.http.wire - http-outgoing-2 << "0[\r][\n]"
11:45:40.991 [Test worker] DEBUG com.github.dockerjava.zerodep.shaded.org.apache.hc.client5.http.wire - http-outgoing-2 << "[\r][\n]"
11:45:40.991 [Test worker] DEBUG com.github.dockerjava.zerodep.shaded.org.apache.hc.client5.http.impl.classic.InternalHttpClient - ep-00000034: releasing valid endpoint
11:45:40.991 [Test worker] DEBUG com.github.dockerjava.zerodep.shaded.org.apache.hc.client5.http.impl.io.PoolingHttpClientConnectionManager - ep-00000034: releasing endpoint
11:45:40.991 [Test worker] DEBUG com.github.dockerjava.zerodep.shaded.org.apache.hc.client5.http.impl.io.PoolingHttpClientConnectionManager - ep-00000034: connection http-outgoing-2 can be kept alive for 3 MINUTES
11:45:40.991 [Test worker] DEBUG com.github.dockerjava.zerodep.shaded.org.apache.hc.client5.http.impl.io.PoolingHttpClientConnectionManager - ep-00000034: connection released [route: {}->unix://localhost:2375][total available: 1; route allocated: 1 of 2147483647; total allocated: 1 of 2147483647]
11:45:40.991 [Test worker] DEBUG ]]>&#x1f433;<![CDATA[ [mysql:8] - Trying to create JDBC connection using com.mysql.cj.jdbc.Driver to jdbc:mysql://localhost:63346/lotification?useSSL=false&allowPublicKeyRetrieval=true with properties: {password=1234, user=admin}
11:45:41.099 [Test worker] DEBUG org.testcontainers.shaded.com.github.dockerjava.core.command.AbstrDockerCmd - Cmd: 47a7ce05e61aa72bdced5a030ca6064519c62d122a5992816f04e0e528b5b17d,false
11:45:41.099 [Test worker] DEBUG org.testcontainers.shaded.com.github.dockerjava.core.exec.InspectContainerCmdExec - GET: DefaultWebTarget{path=[/containers/47a7ce05e61aa72bdced5a030ca6064519c62d122a5992816f04e0e528b5b17d/json], queryParams={}}
11:45:41.099 [Test worker] DEBUG com.github.dockerjava.zerodep.shaded.org.apache.hc.client5.http.impl.classic.InternalHttpClient - ex-00000036: preparing request execution
11:45:41.100 [Test worker] DEBUG com.github.dockerjava.zerodep.shaded.org.apache.hc.client5.http.protocol.RequestAddCookies - Cookie spec selected: strict
11:45:41.100 [Test worker] DEBUG com.github.dockerjava.zerodep.shaded.org.apache.hc.client5.http.protocol.RequestAuthCache - Auth cache not set in the context
11:45:41.100 [Test worker] DEBUG com.github.dockerjava.zerodep.shaded.org.apache.hc.client5.http.impl.classic.ProtocolExec - ex-00000036: target auth state: UNCHALLENGED
11:45:41.100 [Test worker] DEBUG com.github.dockerjava.zerodep.shaded.org.apache.hc.client5.http.impl.classic.ProtocolExec - ex-00000036: proxy auth state: UNCHALLENGED
11:45:41.100 [Test worker] DEBUG com.github.dockerjava.zerodep.shaded.org.apache.hc.client5.http.impl.classic.ConnectExec - ex-00000036: acquiring connection with route {}->unix://localhost:2375
11:45:41.100 [Test worker] DEBUG com.github.dockerjava.zerodep.shaded.org.apache.hc.client5.http.impl.classic.InternalHttpClient - ex-00000036: acquiring endpoint (3 MINUTES)
11:45:41.100 [Test worker] DEBUG com.github.dockerjava.zerodep.shaded.org.apache.hc.client5.http.impl.io.PoolingHttpClientConnectionManager - ex-00000036: endpoint lease request (3 MINUTES) [route: {}->unix://localhost:2375][total available: 1; route allocated: 1 of 2147483647; total allocated: 1 of 2147483647]
11:45:41.100 [Test worker] DEBUG com.github.dockerjava.zerodep.shaded.org.apache.hc.client5.http.impl.io.PoolingHttpClientConnectionManager - ex-00000036: endpoint leased [route: {}->unix://localhost:2375][total available: 0; route allocated: 1 of 2147483647; total allocated: 1 of 2147483647]
11:45:41.100 [Test worker] DEBUG com.github.dockerjava.zerodep.shaded.org.apache.hc.client5.http.impl.io.PoolingHttpClientConnectionManager - ex-00000036: acquired ep-00000035
11:45:41.100 [Test worker] DEBUG com.github.dockerjava.zerodep.shaded.org.apache.hc.client5.http.impl.classic.InternalHttpClient - ex-00000036: acquired endpoint ep-00000035
11:45:41.100 [Test worker] DEBUG com.github.dockerjava.zerodep.shaded.org.apache.hc.client5.http.impl.classic.MainClientExec - ex-00000036: executing GET /v1.32/containers/47a7ce05e61aa72bdced5a030ca6064519c62d122a5992816f04e0e528b5b17d/json HTTP/1.1
11:45:41.100 [Test worker] DEBUG com.github.dockerjava.zerodep.shaded.org.apache.hc.client5.http.impl.classic.InternalHttpClient - ep-00000035: start execution ex-00000036
11:45:41.100 [Test worker] DEBUG com.github.dockerjava.zerodep.shaded.org.apache.hc.client5.http.impl.io.PoolingHttpClientConnectionManager - ep-00000035: executing exchange ex-00000036 over http-outgoing-2
11:45:41.100 [Test worker] DEBUG com.github.dockerjava.zerodep.shaded.org.apache.hc.client5.http.headers - http-outgoing-2 >> GET /v1.32/containers/47a7ce05e61aa72bdced5a030ca6064519c62d122a5992816f04e0e528b5b17d/json HTTP/1.1
11:45:41.100 [Test worker] DEBUG com.github.dockerjava.zerodep.shaded.org.apache.hc.client5.http.headers - http-outgoing-2 >> accept: application/json
11:45:41.100 [Test worker] DEBUG com.github.dockerjava.zerodep.shaded.org.apache.hc.client5.http.headers - http-outgoing-2 >> x-tc-sid: c5b4bded-8a7b-4309-a94c-5bb153977152
11:45:41.100 [Test worker] DEBUG com.github.dockerjava.zerodep.shaded.org.apache.hc.client5.http.headers - http-outgoing-2 >> Accept-Encoding: gzip, x-gzip, deflate
11:45:41.100 [Test worker] DEBUG com.github.dockerjava.zerodep.shaded.org.apache.hc.client5.http.headers - http-outgoing-2 >> Host: localhost:2375
11:45:41.100 [Test worker] DEBUG com.github.dockerjava.zerodep.shaded.org.apache.hc.client5.http.headers - http-outgoing-2 >> Connection: keep-alive
11:45:41.100 [Test worker] DEBUG com.github.dockerjava.zerodep.shaded.org.apache.hc.client5.http.headers - http-outgoing-2 >> User-Agent: Apache-HttpClient/5.0.3 (Java/17.0.3)
11:45:41.100 [Test worker] DEBUG com.github.dockerjava.zerodep.shaded.org.apache.hc.client5.http.wire - http-outgoing-2 >> "GET /v1.32/containers/47a7ce05e61aa72bdced5a030ca6064519c62d122a5992816f04e0e528b5b17d/json HTTP/1.1[\r][\n]"
11:45:41.100 [Test worker] DEBUG com.github.dockerjava.zerodep.shaded.org.apache.hc.client5.http.wire - http-outgoing-2 >> "accept: application/json[\r][\n]"
11:45:41.100 [Test worker] DEBUG com.github.dockerjava.zerodep.shaded.org.apache.hc.client5.http.wire - http-outgoing-2 >> "x-tc-sid: c5b4bded-8a7b-4309-a94c-5bb153977152[\r][\n]"
11:45:41.100 [Test worker] DEBUG com.github.dockerjava.zerodep.shaded.org.apache.hc.client5.http.wire - http-outgoing-2 >> "Accept-Encoding: gzip, x-gzip, deflate[\r][\n]"
11:45:41.100 [Test worker] DEBUG com.github.dockerjava.zerodep.shaded.org.apache.hc.client5.http.wire - http-outgoing-2 >> "Host: localhost:2375[\r][\n]"
11:45:41.100 [Test worker] DEBUG com.github.dockerjava.zerodep.shaded.org.apache.hc.client5.http.wire - http-outgoing-2 >> "Connection: keep-alive[\r][\n]"
11:45:41.100 [Test worker] DEBUG com.github.dockerjava.zerodep.shaded.org.apache.hc.client5.http.wire - http-outgoing-2 >> "User-Agent: Apache-HttpClient/5.0.3 (Java/17.0.3)[\r][\n]"
11:45:41.100 [Test worker] DEBUG com.github.dockerjava.zerodep.shaded.org.apache.hc.client5.http.wire - http-outgoing-2 >> "[\r][\n]"
11:45:41.103 [Test worker] DEBUG com.github.dockerjava.zerodep.shaded.org.apache.hc.client5.http.wire - http-outgoing-2 << "HTTP/1.1 200 OK[\r][\n]"
11:45:41.103 [Test worker] DEBUG com.github.dockerjava.zerodep.shaded.org.apache.hc.client5.http.wire - http-outgoing-2 << "Api-Version: 1.41[\r][\n]"
11:45:41.103 [Test worker] DEBUG com.github.dockerjava.zerodep.shaded.org.apache.hc.client5.http.wire - http-outgoing-2 << "Content-Type: application/json[\r][\n]"
11:45:41.103 [Test worker] DEBUG com.github.dockerjava.zerodep.shaded.org.apache.hc.client5.http.wire - http-outgoing-2 << "Date: Mon, 26 Sep 2022 02:45:41 GMT[\r][\n]"
11:45:41.103 [Test worker] DEBUG com.github.dockerjava.zerodep.shaded.org.apache.hc.client5.http.wire - http-outgoing-2 << "Docker-Experimental: false[\r][\n]"
11:45:41.103 [Test worker] DEBUG com.github.dockerjava.zerodep.shaded.org.apache.hc.client5.http.wire - http-outgoing-2 << "Ostype: linux[\r][\n]"
11:45:41.103 [Test worker] DEBUG com.github.dockerjava.zerodep.shaded.org.apache.hc.client5.http.wire - http-outgoing-2 << "Server: Docker/20.10.11 (linux)[\r][\n]"
11:45:41.103 [Test worker] DEBUG com.github.dockerjava.zerodep.shaded.org.apache.hc.client5.http.wire - http-outgoing-2 << "Transfer-Encoding: chunked[\r][\n]"
11:45:41.103 [Test worker] DEBUG com.github.dockerjava.zerodep.shaded.org.apache.hc.client5.http.wire - http-outgoing-2 << "[\r][\n]"
11:45:41.103 [Test worker] DEBUG com.github.dockerjava.zerodep.shaded.org.apache.hc.client5.http.headers - http-outgoing-2 << HTTP/1.1 200 OK
11:45:41.103 [Test worker] DEBUG com.github.dockerjava.zerodep.shaded.org.apache.hc.client5.http.headers - http-outgoing-2 << Api-Version: 1.41
11:45:41.103 [Test worker] DEBUG com.github.dockerjava.zerodep.shaded.org.apache.hc.client5.http.headers - http-outgoing-2 << Content-Type: application/json
11:45:41.103 [Test worker] DEBUG com.github.dockerjava.zerodep.shaded.org.apache.hc.client5.http.headers - http-outgoing-2 << Date: Mon, 26 Sep 2022 02:45:41 GMT
11:45:41.103 [Test worker] DEBUG com.github.dockerjava.zerodep.shaded.org.apache.hc.client5.http.headers - http-outgoing-2 << Docker-Experimental: false
11:45:41.103 [Test worker] DEBUG com.github.dockerjava.zerodep.shaded.org.apache.hc.client5.http.headers - http-outgoing-2 << Ostype: linux
11:45:41.103 [Test worker] DEBUG com.github.dockerjava.zerodep.shaded.org.apache.hc.client5.http.headers - http-outgoing-2 << Server: Docker/20.10.11 (linux)
11:45:41.103 [Test worker] DEBUG com.github.dockerjava.zerodep.shaded.org.apache.hc.client5.http.headers - http-outgoing-2 << Transfer-Encoding: chunked
11:45:41.103 [Test worker] DEBUG com.github.dockerjava.zerodep.shaded.org.apache.hc.client5.http.impl.classic.MainClientExec - ex-00000036: connection can be kept alive for 3 MINUTES
11:45:41.103 [Test worker] DEBUG com.github.dockerjava.zerodep.shaded.org.apache.hc.client5.http.wire - http-outgoing-2 << "1882[\r][\n]"
11:45:41.103 [Test worker] DEBUG com.github.dockerjava.zerodep.shaded.org.apache.hc.client5.http.wire - http-outgoing-2 << "{"Id":"47a7ce05e61aa72bdced5a030ca6064519c62d122a5992816f04e0e528b5b17d","Created":"2022-09-26T02:45:36.042081626Z","Path":"docker-entrypoint.sh","Args":["mysqld"],"State":{"Status":"running","Running":true,"Paused":false,"Restarting":false,"OOMKilled":false,"Dead":false,"Pid":2251,"ExitCode":0,"Error":"","StartedAt":"2022-09-26T02:45:36.388226668Z","FinishedAt":"0001-01-01T00:00:00Z"},"Image":"sha256:5e229524f286e653111cb9d028bf1ba4c3490742c8cd18c84af22538f0e68575","ResolvConfPath":"/var/lib/docker/containers/47a7ce05e61aa72bdced5a030ca6064519c62d122a5992816f04e0e528b5b17d/resolv.conf","HostnamePath":"/var/lib/docker/containers/47a7ce05e61aa72bdced5a030ca6064519c62d122a5992816f04e0e528b5b17d/hostname","HostsPath":"/var/lib/docker/containers/47a7ce05e61aa72bdced5a030ca6064519c62d122a5992816f04e0e528b5b17d/hosts","LogPath":"/var/lib/docker/containers/47a7ce05e61aa72bdced5a030ca6064519c62d122a5992816f04e0e528b5b17d/47a7ce05e61aa72bdced5a030ca6064519c62d122a5992816f04e0e528b5b17d-json.log","Name":"/crazy_chaum","RestartCount":0,"Driver":"overlay2","Platform":"linux","MountLabel":"","ProcessLabel":"","AppArmorProfile":"","ExecIDs":null,"HostConfig":{"Binds":[],"ContainerIDFile":"","LogConfig":{"Type":"json-file","Config":{}},"NetworkMode":"default","PortBindings":{"3306/tcp":[{"HostIp":"0.0.0.0","HostPort":"0"}]},"RestartPolicy":{"Name":"","MaximumRetryCount":0},"AutoRemove":false,"VolumeDriver":"","VolumesFrom":[],"CapAdd":null,"CapDrop":null,"CgroupnsMode":"private","Dns":null,"DnsOptions":null,"DnsSearch":null,"ExtraHosts":[],"GroupAdd":null,"IpcMode":"shareable","Cgroup":"","Links":null,"OomScoreAdj":0,"PidMode":"","Privileged":false,"PublishAllPorts":false,"ReadonlyRootfs":false,"SecurityOpt":null,"UTSMode":"","UsernsMode":"","ShmSize":67108864,"Runtime":"runc","ConsoleSize":[0,0],"Isolation":"","CpuShares":0,"Memory":0,"NanoCpus":0,"CgroupParent":"","BlkioWeight":0,"BlkioWeightDevice":null,"BlkioDeviceReadBps":null,"BlkioDeviceWriteBps":null,"BlkioDeviceReadIOps":null,"BlkioDeviceWriteIOps":null,"CpuPeriod":0,"CpuQuota":0,"CpuRealtimePeriod":0,"CpuRealtimeRuntime":0,"CpusetCpus":"","CpusetMems":"","Devices":null,"DeviceCgroupRules":null,"DeviceRequests":null,"KernelMemory":0,"KernelMemoryTCP":0,"MemoryReservation":0,"MemorySwap":0,"MemorySwappiness":null,"OomKillDisable":null,"PidsLimit":null,"Ulimits":null,"CpuCount":0,"CpuPercent":0,"IOMaximumIOps":0,"IOMaximumBandwidth":0,"MaskedPaths":["/proc/asound","/proc/acpi","/proc/kcore","/proc/keys","/proc/latency_stats","/proc/timer_list","/proc/timer_stats","/proc/sched_debug","/proc/scsi","/sys/firmware"],"ReadonlyPaths":["/proc/bus","/proc/fs","/proc/irq","/proc/sys","/proc/sysrq-trigger"]},"GraphDriver":{"Data":{"LowerDir":"/var/lib/docker/overlay2/45da4782eb6c4075fef21a16271836d62c4e4726b16ef4c5ea199d4e626bdb39-init/diff:/var/lib/docker/overlay2/27a623f1ab748258e017a40f339844ef533377092bad4182aa320e9399893e13/diff:/var/lib/docker/overlay2/d7c1e4de558b6bbbdc3209a51fc73295262b5271709fe659d0e2e94f626eea74/diff:/var/lib/docker/overlay2/2df554f793c3600571e2f078ad2e20025d6b2e35f3d18881ead4f70e2cc26cb8/diff:/var/lib/docker/overlay2/feb23515577245ad51a24945de1e6bab842929569da912a2b4a33a48c6c2331f/diff:/var/lib/docker/overlay2/cc2cdbce154e19d9c4f376917b6c92ebd55b0b495124ffd2c9d7e9c82b6a95f9/diff:/var/lib/docker/overlay2/968467fe01280f82d26487386f320a15000815d63000d5ec89b47acca8f77ef2/diff:/var/lib/docker/overlay2/cc59daa314bbcaec43d6cd4064c7863b4b3976b989121dcf2e32c4710281f247/diff:/var/lib/docker/overlay2/dc5d8b1cf96cfd5d96d68fbed14248edf1244c1a4669ba07b0bab7f3d782f058/diff:/var/lib/docker/overlay2/dcca184158d696706cd99e62ffa3e5c42964eb57190bef35421cdf3f83a8c130/diff:/var/lib/docker/overlay2/a7f928596da67ce59f34b0ba4cee4a3b948b94f91ad0b0b6260dc54fb9b5a048/diff:/var/lib/docker/overlay2/6ac5adbfff6202b1faa13a2a2fd92625bdda668cdac1a1d2230becbb394e569f/diff","MergedDir":"/var/lib/docker/overlay2/45da4782eb6c4075fef21a16271836d62c4e4726b16ef4c5ea199d4e626bdb39/merged","UpperDir":"/var/lib/docker/overlay2/45da4782eb6c4075fef21a16271836d62c4e4726b16ef4c5ea199d4e626bdb39/diff","WorkDir":"/var/lib/docker/overlay2/45da4782eb6c4075fef21a16271836d62c4e4726b16ef4c5ea199d4e626bdb39/work"},"Name":"overlay2"},"Mounts":[{"Type":"volume","Name":"08668a73464516d2c615e247a561222f461f2385cff5615e53cc78e96456230c","Source":"/var/lib/docker/volumes/08668a73464516d2c615e247a561222f461f2385cff5615e53cc78e96456230c/_data","Destination":"/var/lib/mysql","Driver":"local","Mode":"","RW":true,"Propagation":""}],"Config":{"Hostname":"47a7ce05e61a","Domainname":"","User":"","AttachStdin":false,"AttachStdout":false,"AttachStderr":false,"ExposedPorts":{"3306/tcp":{},"33060/tcp":{}},"Tty":false,"OpenStdin":false,"StdinOnce":false,"Env":["MYSQL_DATABASE=lotification","MYSQL_PASSWORD=1234","MYSQL_USER=admin","MYSQL_ROOT_PASSWORD=1234","PATH=/usr/local/sbin:/usr/local/bin:/usr/sbin:/usr/bin:/sbin:/bin","GOSU_VERSION=1.14","MYSQL_MAJOR=8.0","MYSQL_VERSION=8.0.30-1.el8","MYSQL_SHELL_VERSION=8.0.30-1.el8"],"Cmd":["mysqld"],"Image":"mysql:8","Volumes":{"/var/lib/mysql":{}},"WorkingDir":"","Entrypoint":["docker-entrypoint.sh"],"OnBuild":null,"Labels":{"org.testcontainers":"true","org.testcontainers.sessionId":"c5b4bded-8a7b-4309-a94c-5bb153977152"}},"NetworkSettings":{"Bridge":"","SandboxID":"c87f478ec31081a2fc02a6d53fa5addc8f61962dea8dd5c17c1c641e1a25e99b","HairpinMode":false,"LinkLocalIPv6Address":"","LinkLocalIPv6PrefixLen":0,"Ports":{"3306/tcp":[{"HostIp":"0.0.0.0","HostPort":"63346"}],"33060/tcp":null},"SandboxKey":"/var/run/docker/netns/c87f478ec310","SecondaryIPAddresses":null,"SecondaryIPv6Addresses":null,"EndpointID":"7830774c518a6ae45bc93e5b48bd99e8a609aa29230b007326fa87b5ca32567f","Gateway":"172.17.0.1","GlobalIPv6Address":"","GlobalIPv6PrefixLen":0,"IPAddress":"172.17.0.4","IPPrefixLen":16,"IPv6Gateway":"","MacAddress":"02:42:ac:11:00:04","Networks":{"bridge":{"IPAMConfig":null,"Links":null,"Aliases":null,"NetworkID":"42b943ace1ba272d06317befbba08f853c5a08f211a0bdf3660599ced98f9c17","EndpointID":"7830774c518a6ae45bc93e5b48bd99e8a609aa29230b007326fa87b5ca32567f","Gateway":"172.17.0.1","IPAddress":"172.17.0.4","IPPrefixLen":16,"IPv6Gateway":"","GlobalIPv6Address":"","GlobalIPv6PrefixLen":0,"MacAddress":"02:42:ac:11:00:04","DriverOpts":null}}}}[\n]"
11:45:41.103 [Test worker] DEBUG com.github.dockerjava.zerodep.shaded.org.apache.hc.client5.http.wire - http-outgoing-2 << "[\r][\n]"
11:45:41.104 [Test worker] DEBUG com.github.dockerjava.zerodep.shaded.org.apache.hc.client5.http.wire - http-outgoing-2 << "0[\r][\n]"
11:45:41.104 [Test worker] DEBUG com.github.dockerjava.zerodep.shaded.org.apache.hc.client5.http.wire - http-outgoing-2 << "[\r][\n]"
11:45:41.104 [Test worker] DEBUG com.github.dockerjava.zerodep.shaded.org.apache.hc.client5.http.impl.classic.InternalHttpClient - ep-00000035: releasing valid endpoint
11:45:41.104 [Test worker] DEBUG com.github.dockerjava.zerodep.shaded.org.apache.hc.client5.http.impl.io.PoolingHttpClientConnectionManager - ep-00000035: releasing endpoint
11:45:41.104 [Test worker] DEBUG com.github.dockerjava.zerodep.shaded.org.apache.hc.client5.http.impl.io.PoolingHttpClientConnectionManager - ep-00000035: connection http-outgoing-2 can be kept alive for 3 MINUTES
11:45:41.104 [Test worker] DEBUG com.github.dockerjava.zerodep.shaded.org.apache.hc.client5.http.impl.io.PoolingHttpClientConnectionManager - ep-00000035: connection released [route: {}->unix://localhost:2375][total available: 1; route allocated: 1 of 2147483647; total allocated: 1 of 2147483647]
11:45:41.104 [Test worker] DEBUG ]]>&#x1f433;<![CDATA[ [mysql:8] - Trying to create JDBC connection using com.mysql.cj.jdbc.Driver to jdbc:mysql://localhost:63346/lotification?useSSL=false&allowPublicKeyRetrieval=true with properties: {password=1234, user=admin}
11:45:41.211 [Test worker] DEBUG org.testcontainers.shaded.com.github.dockerjava.core.command.AbstrDockerCmd - Cmd: 47a7ce05e61aa72bdced5a030ca6064519c62d122a5992816f04e0e528b5b17d,false
11:45:41.212 [Test worker] DEBUG org.testcontainers.shaded.com.github.dockerjava.core.exec.InspectContainerCmdExec - GET: DefaultWebTarget{path=[/containers/47a7ce05e61aa72bdced5a030ca6064519c62d122a5992816f04e0e528b5b17d/json], queryParams={}}
11:45:41.212 [Test worker] DEBUG com.github.dockerjava.zerodep.shaded.org.apache.hc.client5.http.impl.classic.InternalHttpClient - ex-00000037: preparing request execution
11:45:41.212 [Test worker] DEBUG com.github.dockerjava.zerodep.shaded.org.apache.hc.client5.http.protocol.RequestAddCookies - Cookie spec selected: strict
11:45:41.212 [Test worker] DEBUG com.github.dockerjava.zerodep.shaded.org.apache.hc.client5.http.protocol.RequestAuthCache - Auth cache not set in the context
11:45:41.212 [Test worker] DEBUG com.github.dockerjava.zerodep.shaded.org.apache.hc.client5.http.impl.classic.ProtocolExec - ex-00000037: target auth state: UNCHALLENGED
11:45:41.212 [Test worker] DEBUG com.github.dockerjava.zerodep.shaded.org.apache.hc.client5.http.impl.classic.ProtocolExec - ex-00000037: proxy auth state: UNCHALLENGED
11:45:41.212 [Test worker] DEBUG com.github.dockerjava.zerodep.shaded.org.apache.hc.client5.http.impl.classic.ConnectExec - ex-00000037: acquiring connection with route {}->unix://localhost:2375
11:45:41.212 [Test worker] DEBUG com.github.dockerjava.zerodep.shaded.org.apache.hc.client5.http.impl.classic.InternalHttpClient - ex-00000037: acquiring endpoint (3 MINUTES)
11:45:41.212 [Test worker] DEBUG com.github.dockerjava.zerodep.shaded.org.apache.hc.client5.http.impl.io.PoolingHttpClientConnectionManager - ex-00000037: endpoint lease request (3 MINUTES) [route: {}->unix://localhost:2375][total available: 1; route allocated: 1 of 2147483647; total allocated: 1 of 2147483647]
11:45:41.212 [Test worker] DEBUG com.github.dockerjava.zerodep.shaded.org.apache.hc.client5.http.impl.io.PoolingHttpClientConnectionManager - ex-00000037: endpoint leased [route: {}->unix://localhost:2375][total available: 0; route allocated: 1 of 2147483647; total allocated: 1 of 2147483647]
11:45:41.212 [Test worker] DEBUG com.github.dockerjava.zerodep.shaded.org.apache.hc.client5.http.impl.io.PoolingHttpClientConnectionManager - ex-00000037: acquired ep-00000036
11:45:41.212 [Test worker] DEBUG com.github.dockerjava.zerodep.shaded.org.apache.hc.client5.http.impl.classic.InternalHttpClient - ex-00000037: acquired endpoint ep-00000036
11:45:41.212 [Test worker] DEBUG com.github.dockerjava.zerodep.shaded.org.apache.hc.client5.http.impl.classic.MainClientExec - ex-00000037: executing GET /v1.32/containers/47a7ce05e61aa72bdced5a030ca6064519c62d122a5992816f04e0e528b5b17d/json HTTP/1.1
11:45:41.212 [Test worker] DEBUG com.github.dockerjava.zerodep.shaded.org.apache.hc.client5.http.impl.classic.InternalHttpClient - ep-00000036: start execution ex-00000037
11:45:41.212 [Test worker] DEBUG com.github.dockerjava.zerodep.shaded.org.apache.hc.client5.http.impl.io.PoolingHttpClientConnectionManager - ep-00000036: executing exchange ex-00000037 over http-outgoing-2
11:45:41.212 [Test worker] DEBUG com.github.dockerjava.zerodep.shaded.org.apache.hc.client5.http.headers - http-outgoing-2 >> GET /v1.32/containers/47a7ce05e61aa72bdced5a030ca6064519c62d122a5992816f04e0e528b5b17d/json HTTP/1.1
11:45:41.212 [Test worker] DEBUG com.github.dockerjava.zerodep.shaded.org.apache.hc.client5.http.headers - http-outgoing-2 >> accept: application/json
11:45:41.212 [Test worker] DEBUG com.github.dockerjava.zerodep.shaded.org.apache.hc.client5.http.headers - http-outgoing-2 >> x-tc-sid: c5b4bded-8a7b-4309-a94c-5bb153977152
11:45:41.212 [Test worker] DEBUG com.github.dockerjava.zerodep.shaded.org.apache.hc.client5.http.headers - http-outgoing-2 >> Accept-Encoding: gzip, x-gzip, deflate
11:45:41.212 [Test worker] DEBUG com.github.dockerjava.zerodep.shaded.org.apache.hc.client5.http.headers - http-outgoing-2 >> Host: localhost:2375
11:45:41.212 [Test worker] DEBUG com.github.dockerjava.zerodep.shaded.org.apache.hc.client5.http.headers - http-outgoing-2 >> Connection: keep-alive
11:45:41.212 [Test worker] DEBUG com.github.dockerjava.zerodep.shaded.org.apache.hc.client5.http.headers - http-outgoing-2 >> User-Agent: Apache-HttpClient/5.0.3 (Java/17.0.3)
11:45:41.212 [Test worker] DEBUG com.github.dockerjava.zerodep.shaded.org.apache.hc.client5.http.wire - http-outgoing-2 >> "GET /v1.32/containers/47a7ce05e61aa72bdced5a030ca6064519c62d122a5992816f04e0e528b5b17d/json HTTP/1.1[\r][\n]"
11:45:41.212 [Test worker] DEBUG com.github.dockerjava.zerodep.shaded.org.apache.hc.client5.http.wire - http-outgoing-2 >> "accept: application/json[\r][\n]"
11:45:41.212 [Test worker] DEBUG com.github.dockerjava.zerodep.shaded.org.apache.hc.client5.http.wire - http-outgoing-2 >> "x-tc-sid: c5b4bded-8a7b-4309-a94c-5bb153977152[\r][\n]"
11:45:41.212 [Test worker] DEBUG com.github.dockerjava.zerodep.shaded.org.apache.hc.client5.http.wire - http-outgoing-2 >> "Accept-Encoding: gzip, x-gzip, deflate[\r][\n]"
11:45:41.212 [Test worker] DEBUG com.github.dockerjava.zerodep.shaded.org.apache.hc.client5.http.wire - http-outgoing-2 >> "Host: localhost:2375[\r][\n]"
11:45:41.212 [Test worker] DEBUG com.github.dockerjava.zerodep.shaded.org.apache.hc.client5.http.wire - http-outgoing-2 >> "Connection: keep-alive[\r][\n]"
11:45:41.212 [Test worker] DEBUG com.github.dockerjava.zerodep.shaded.org.apache.hc.client5.http.wire - http-outgoing-2 >> "User-Agent: Apache-HttpClient/5.0.3 (Java/17.0.3)[\r][\n]"
11:45:41.212 [Test worker] DEBUG com.github.dockerjava.zerodep.shaded.org.apache.hc.client5.http.wire - http-outgoing-2 >> "[\r][\n]"
11:45:41.214 [Test worker] DEBUG com.github.dockerjava.zerodep.shaded.org.apache.hc.client5.http.wire - http-outgoing-2 << "HTTP/1.1 200 OK[\r][\n]"
11:45:41.214 [Test worker] DEBUG com.github.dockerjava.zerodep.shaded.org.apache.hc.client5.http.wire - http-outgoing-2 << "Api-Version: 1.41[\r][\n]"
11:45:41.214 [Test worker] DEBUG com.github.dockerjava.zerodep.shaded.org.apache.hc.client5.http.wire - http-outgoing-2 << "Content-Type: application/json[\r][\n]"
11:45:41.214 [Test worker] DEBUG com.github.dockerjava.zerodep.shaded.org.apache.hc.client5.http.wire - http-outgoing-2 << "Date: Mon, 26 Sep 2022 02:45:41 GMT[\r][\n]"
11:45:41.214 [Test worker] DEBUG com.github.dockerjava.zerodep.shaded.org.apache.hc.client5.http.wire - http-outgoing-2 << "Docker-Experimental: false[\r][\n]"
11:45:41.214 [Test worker] DEBUG com.github.dockerjava.zerodep.shaded.org.apache.hc.client5.http.wire - http-outgoing-2 << "Ostype: linux[\r][\n]"
11:45:41.214 [Test worker] DEBUG com.github.dockerjava.zerodep.shaded.org.apache.hc.client5.http.wire - http-outgoing-2 << "Server: Docker/20.10.11 (linux)[\r][\n]"
11:45:41.214 [Test worker] DEBUG com.github.dockerjava.zerodep.shaded.org.apache.hc.client5.http.wire - http-outgoing-2 << "Transfer-Encoding: chunked[\r][\n]"
11:45:41.214 [Test worker] DEBUG com.github.dockerjava.zerodep.shaded.org.apache.hc.client5.http.wire - http-outgoing-2 << "[\r][\n]"
11:45:41.214 [Test worker] DEBUG com.github.dockerjava.zerodep.shaded.org.apache.hc.client5.http.headers - http-outgoing-2 << HTTP/1.1 200 OK
11:45:41.214 [Test worker] DEBUG com.github.dockerjava.zerodep.shaded.org.apache.hc.client5.http.headers - http-outgoing-2 << Api-Version: 1.41
11:45:41.214 [Test worker] DEBUG com.github.dockerjava.zerodep.shaded.org.apache.hc.client5.http.headers - http-outgoing-2 << Content-Type: application/json
11:45:41.214 [Test worker] DEBUG com.github.dockerjava.zerodep.shaded.org.apache.hc.client5.http.headers - http-outgoing-2 << Date: Mon, 26 Sep 2022 02:45:41 GMT
11:45:41.214 [Test worker] DEBUG com.github.dockerjava.zerodep.shaded.org.apache.hc.client5.http.headers - http-outgoing-2 << Docker-Experimental: false
11:45:41.214 [Test worker] DEBUG com.github.dockerjava.zerodep.shaded.org.apache.hc.client5.http.headers - http-outgoing-2 << Ostype: linux
11:45:41.214 [Test worker] DEBUG com.github.dockerjava.zerodep.shaded.org.apache.hc.client5.http.headers - http-outgoing-2 << Server: Docker/20.10.11 (linux)
11:45:41.214 [Test worker] DEBUG com.github.dockerjava.zerodep.shaded.org.apache.hc.client5.http.headers - http-outgoing-2 << Transfer-Encoding: chunked
11:45:41.214 [Test worker] DEBUG com.github.dockerjava.zerodep.shaded.org.apache.hc.client5.http.impl.classic.MainClientExec - ex-00000037: connection can be kept alive for 3 MINUTES
11:45:41.214 [Test worker] DEBUG com.github.dockerjava.zerodep.shaded.org.apache.hc.client5.http.wire - http-outgoing-2 << "1882[\r][\n]"
11:45:41.214 [Test worker] DEBUG com.github.dockerjava.zerodep.shaded.org.apache.hc.client5.http.wire - http-outgoing-2 << "{"Id":"47a7ce05e61aa72bdced5a030ca6064519c62d122a5992816f04e0e528b5b17d","Created":"2022-09-26T02:45:36.042081626Z","Path":"docker-entrypoint.sh","Args":["mysqld"],"State":{"Status":"running","Running":true,"Paused":false,"Restarting":false,"OOMKilled":false,"Dead":false,"Pid":2251,"ExitCode":0,"Error":"","StartedAt":"2022-09-26T02:45:36.388226668Z","FinishedAt":"0001-01-01T00:00:00Z"},"Image":"sha256:5e229524f286e653111cb9d028bf1ba4c3490742c8cd18c84af22538f0e68575","ResolvConfPath":"/var/lib/docker/containers/47a7ce05e61aa72bdced5a030ca6064519c62d122a5992816f04e0e528b5b17d/resolv.conf","HostnamePath":"/var/lib/docker/containers/47a7ce05e61aa72bdced5a030ca6064519c62d122a5992816f04e0e528b5b17d/hostname","HostsPath":"/var/lib/docker/containers/47a7ce05e61aa72bdced5a030ca6064519c62d122a5992816f04e0e528b5b17d/hosts","LogPath":"/var/lib/docker/containers/47a7ce05e61aa72bdced5a030ca6064519c62d122a5992816f04e0e528b5b17d/47a7ce05e61aa72bdced5a030ca6064519c62d122a5992816f04e0e528b5b17d-json.log","Name":"/crazy_chaum","RestartCount":0,"Driver":"overlay2","Platform":"linux","MountLabel":"","ProcessLabel":"","AppArmorProfile":"","ExecIDs":null,"HostConfig":{"Binds":[],"ContainerIDFile":"","LogConfig":{"Type":"json-file","Config":{}},"NetworkMode":"default","PortBindings":{"3306/tcp":[{"HostIp":"0.0.0.0","HostPort":"0"}]},"RestartPolicy":{"Name":"","MaximumRetryCount":0},"AutoRemove":false,"VolumeDriver":"","VolumesFrom":[],"CapAdd":null,"CapDrop":null,"CgroupnsMode":"private","Dns":null,"DnsOptions":null,"DnsSearch":null,"ExtraHosts":[],"GroupAdd":null,"IpcMode":"shareable","Cgroup":"","Links":null,"OomScoreAdj":0,"PidMode":"","Privileged":false,"PublishAllPorts":false,"ReadonlyRootfs":false,"SecurityOpt":null,"UTSMode":"","UsernsMode":"","ShmSize":67108864,"Runtime":"runc","ConsoleSize":[0,0],"Isolation":"","CpuShares":0,"Memory":0,"NanoCpus":0,"CgroupParent":"","BlkioWeight":0,"BlkioWeightDevice":null,"BlkioDeviceReadBps":null,"BlkioDeviceWriteBps":null,"BlkioDeviceReadIOps":null,"BlkioDeviceWriteIOps":null,"CpuPeriod":0,"CpuQuota":0,"CpuRealtimePeriod":0,"CpuRealtimeRuntime":0,"CpusetCpus":"","CpusetMems":"","Devices":null,"DeviceCgroupRules":null,"DeviceRequests":null,"KernelMemory":0,"KernelMemoryTCP":0,"MemoryReservation":0,"MemorySwap":0,"MemorySwappiness":null,"OomKillDisable":null,"PidsLimit":null,"Ulimits":null,"CpuCount":0,"CpuPercent":0,"IOMaximumIOps":0,"IOMaximumBandwidth":0,"MaskedPaths":["/proc/asound","/proc/acpi","/proc/kcore","/proc/keys","/proc/latency_stats","/proc/timer_list","/proc/timer_stats","/proc/sched_debug","/proc/scsi","/sys/firmware"],"ReadonlyPaths":["/proc/bus","/proc/fs","/proc/irq","/proc/sys","/proc/sysrq-trigger"]},"GraphDriver":{"Data":{"LowerDir":"/var/lib/docker/overlay2/45da4782eb6c4075fef21a16271836d62c4e4726b16ef4c5ea199d4e626bdb39-init/diff:/var/lib/docker/overlay2/27a623f1ab748258e017a40f339844ef533377092bad4182aa320e9399893e13/diff:/var/lib/docker/overlay2/d7c1e4de558b6bbbdc3209a51fc73295262b5271709fe659d0e2e94f626eea74/diff:/var/lib/docker/overlay2/2df554f793c3600571e2f078ad2e20025d6b2e35f3d18881ead4f70e2cc26cb8/diff:/var/lib/docker/overlay2/feb23515577245ad51a24945de1e6bab842929569da912a2b4a33a48c6c2331f/diff:/var/lib/docker/overlay2/cc2cdbce154e19d9c4f376917b6c92ebd55b0b495124ffd2c9d7e9c82b6a95f9/diff:/var/lib/docker/overlay2/968467fe01280f82d26487386f320a15000815d63000d5ec89b47acca8f77ef2/diff:/var/lib/docker/overlay2/cc59daa314bbcaec43d6cd4064c7863b4b3976b989121dcf2e32c4710281f247/diff:/var/lib/docker/overlay2/dc5d8b1cf96cfd5d96d68fbed14248edf1244c1a4669ba07b0bab7f3d782f058/diff:/var/lib/docker/overlay2/dcca184158d696706cd99e62ffa3e5c42964eb57190bef35421cdf3f83a8c130/diff:/var/lib/docker/overlay2/a7f928596da67ce59f34b0ba4cee4a3b948b94f91ad0b0b6260dc54fb9b5a048/diff:/var/lib/docker/overlay2/6ac5adbfff6202b1faa13a2a2fd92625bdda668cdac1a1d2230becbb394e569f/diff","MergedDir":"/var/lib/docker/overlay2/45da4782eb6c4075fef21a16271836d62c4e4726b16ef4c5ea199d4e626bdb39/merged","UpperDir":"/var/lib/docker/overlay2/45da4782eb6c4075fef21a16271836d62c4e4726b16ef4c5ea199d4e626bdb39/diff","WorkDir":"/var/lib/docker/overlay2/45da4782eb6c4075fef21a16271836d62c4e4726b16ef4c5ea199d4e626bdb39/work"},"Name":"overlay2"},"Mounts":[{"Type":"volume","Name":"08668a73464516d2c615e247a561222f461f2385cff5615e53cc78e96456230c","Source":"/var/lib/docker/volumes/08668a73464516d2c615e247a561222f461f2385cff5615e53cc78e96456230c/_data","Destination":"/var/lib/mysql","Driver":"local","Mode":"","RW":true,"Propagation":""}],"Config":{"Hostname":"47a7ce05e61a","Domainname":"","User":"","AttachStdin":false,"AttachStdout":false,"AttachStderr":false,"ExposedPorts":{"3306/tcp":{},"33060/tcp":{}},"Tty":false,"OpenStdin":false,"StdinOnce":false,"Env":["MYSQL_DATABASE=lotification","MYSQL_PASSWORD=1234","MYSQL_USER=admin","MYSQL_ROOT_PASSWORD=1234","PATH=/usr/local/sbin:/usr/local/bin:/usr/sbin:/usr/bin:/sbin:/bin","GOSU_VERSION=1.14","MYSQL_MAJOR=8.0","MYSQL_VERSION=8.0.30-1.el8","MYSQL_SHELL_VERSION=8.0.30-1.el8"],"Cmd":["mysqld"],"Image":"mysql:8","Volumes":{"/var/lib/mysql":{}},"WorkingDir":"","Entrypoint":["docker-entrypoint.sh"],"OnBuild":null,"Labels":{"org.testcontainers":"true","org.testcontainers.sessionId":"c5b4bded-8a7b-4309-a94c-5bb153977152"}},"NetworkSettings":{"Bridge":"","SandboxID":"c87f478ec31081a2fc02a6d53fa5addc8f61962dea8dd5c17c1c641e1a25e99b","HairpinMode":false,"LinkLocalIPv6Address":"","LinkLocalIPv6PrefixLen":0,"Ports":{"3306/tcp":[{"HostIp":"0.0.0.0","HostPort":"63346"}],"33060/tcp":null},"SandboxKey":"/var/run/docker/netns/c87f478ec310","SecondaryIPAddresses":null,"SecondaryIPv6Addresses":null,"EndpointID":"7830774c518a6ae45bc93e5b48bd99e8a609aa29230b007326fa87b5ca32567f","Gateway":"172.17.0.1","GlobalIPv6Address":"","GlobalIPv6PrefixLen":0,"IPAddress":"172.17.0.4","IPPrefixLen":16,"IPv6Gateway":"","MacAddress":"02:42:ac:11:00:04","Networks":{"bridge":{"IPAMConfig":null,"Links":null,"Aliases":null,"NetworkID":"42b943ace1ba272d06317befbba08f853c5a08f211a0bdf3660599ced98f9c17","EndpointID":"7830774c518a6ae45bc93e5b48bd99e8a609aa29230b007326fa87b5ca32567f","Gateway":"172.17.0.1","IPAddress":"172.17.0.4","IPPrefixLen":16,"IPv6Gateway":"","GlobalIPv6Address":"","GlobalIPv6PrefixLen":0,"MacAddress":"02:42:ac:11:00:04","DriverOpts":null}}}}[\n]"
11:45:41.215 [Test worker] DEBUG com.github.dockerjava.zerodep.shaded.org.apache.hc.client5.http.wire - http-outgoing-2 << "[\r][\n]"
11:45:41.215 [Test worker] DEBUG com.github.dockerjava.zerodep.shaded.org.apache.hc.client5.http.wire - http-outgoing-2 << "0[\r][\n]"
11:45:41.215 [Test worker] DEBUG com.github.dockerjava.zerodep.shaded.org.apache.hc.client5.http.wire - http-outgoing-2 << "[\r][\n]"
11:45:41.215 [Test worker] DEBUG com.github.dockerjava.zerodep.shaded.org.apache.hc.client5.http.impl.classic.InternalHttpClient - ep-00000036: releasing valid endpoint
11:45:41.215 [Test worker] DEBUG com.github.dockerjava.zerodep.shaded.org.apache.hc.client5.http.impl.io.PoolingHttpClientConnectionManager - ep-00000036: releasing endpoint
11:45:41.215 [Test worker] DEBUG com.github.dockerjava.zerodep.shaded.org.apache.hc.client5.http.impl.io.PoolingHttpClientConnectionManager - ep-00000036: connection http-outgoing-2 can be kept alive for 3 MINUTES
11:45:41.215 [Test worker] DEBUG com.github.dockerjava.zerodep.shaded.org.apache.hc.client5.http.impl.io.PoolingHttpClientConnectionManager - ep-00000036: connection released [route: {}->unix://localhost:2375][total available: 1; route allocated: 1 of 2147483647; total allocated: 1 of 2147483647]
11:45:41.215 [Test worker] DEBUG ]]>&#x1f433;<![CDATA[ [mysql:8] - Trying to create JDBC connection using com.mysql.cj.jdbc.Driver to jdbc:mysql://localhost:63346/lotification?useSSL=false&allowPublicKeyRetrieval=true with properties: {password=1234, user=admin}
11:45:41.321 [Test worker] DEBUG org.testcontainers.shaded.com.github.dockerjava.core.command.AbstrDockerCmd - Cmd: 47a7ce05e61aa72bdced5a030ca6064519c62d122a5992816f04e0e528b5b17d,false
11:45:41.323 [Test worker] DEBUG org.testcontainers.shaded.com.github.dockerjava.core.exec.InspectContainerCmdExec - GET: DefaultWebTarget{path=[/containers/47a7ce05e61aa72bdced5a030ca6064519c62d122a5992816f04e0e528b5b17d/json], queryParams={}}
11:45:41.323 [Test worker] DEBUG com.github.dockerjava.zerodep.shaded.org.apache.hc.client5.http.impl.classic.InternalHttpClient - ex-00000038: preparing request execution
11:45:41.323 [Test worker] DEBUG com.github.dockerjava.zerodep.shaded.org.apache.hc.client5.http.protocol.RequestAddCookies - Cookie spec selected: strict
11:45:41.323 [Test worker] DEBUG com.github.dockerjava.zerodep.shaded.org.apache.hc.client5.http.protocol.RequestAuthCache - Auth cache not set in the context
11:45:41.323 [Test worker] DEBUG com.github.dockerjava.zerodep.shaded.org.apache.hc.client5.http.impl.classic.ProtocolExec - ex-00000038: target auth state: UNCHALLENGED
11:45:41.323 [Test worker] DEBUG com.github.dockerjava.zerodep.shaded.org.apache.hc.client5.http.impl.classic.ProtocolExec - ex-00000038: proxy auth state: UNCHALLENGED
11:45:41.323 [Test worker] DEBUG com.github.dockerjava.zerodep.shaded.org.apache.hc.client5.http.impl.classic.ConnectExec - ex-00000038: acquiring connection with route {}->unix://localhost:2375
11:45:41.323 [Test worker] DEBUG com.github.dockerjava.zerodep.shaded.org.apache.hc.client5.http.impl.classic.InternalHttpClient - ex-00000038: acquiring endpoint (3 MINUTES)
11:45:41.323 [Test worker] DEBUG com.github.dockerjava.zerodep.shaded.org.apache.hc.client5.http.impl.io.PoolingHttpClientConnectionManager - ex-00000038: endpoint lease request (3 MINUTES) [route: {}->unix://localhost:2375][total available: 1; route allocated: 1 of 2147483647; total allocated: 1 of 2147483647]
11:45:41.324 [Test worker] DEBUG com.github.dockerjava.zerodep.shaded.org.apache.hc.client5.http.impl.io.PoolingHttpClientConnectionManager - ex-00000038: endpoint leased [route: {}->unix://localhost:2375][total available: 0; route allocated: 1 of 2147483647; total allocated: 1 of 2147483647]
11:45:41.324 [Test worker] DEBUG com.github.dockerjava.zerodep.shaded.org.apache.hc.client5.http.impl.io.PoolingHttpClientConnectionManager - ex-00000038: acquired ep-00000037
11:45:41.324 [Test worker] DEBUG com.github.dockerjava.zerodep.shaded.org.apache.hc.client5.http.impl.classic.InternalHttpClient - ex-00000038: acquired endpoint ep-00000037
11:45:41.324 [Test worker] DEBUG com.github.dockerjava.zerodep.shaded.org.apache.hc.client5.http.impl.classic.MainClientExec - ex-00000038: executing GET /v1.32/containers/47a7ce05e61aa72bdced5a030ca6064519c62d122a5992816f04e0e528b5b17d/json HTTP/1.1
11:45:41.324 [Test worker] DEBUG com.github.dockerjava.zerodep.shaded.org.apache.hc.client5.http.impl.classic.InternalHttpClient - ep-00000037: start execution ex-00000038
11:45:41.324 [Test worker] DEBUG com.github.dockerjava.zerodep.shaded.org.apache.hc.client5.http.impl.io.PoolingHttpClientConnectionManager - ep-00000037: executing exchange ex-00000038 over http-outgoing-2
11:45:41.324 [Test worker] DEBUG com.github.dockerjava.zerodep.shaded.org.apache.hc.client5.http.headers - http-outgoing-2 >> GET /v1.32/containers/47a7ce05e61aa72bdced5a030ca6064519c62d122a5992816f04e0e528b5b17d/json HTTP/1.1
11:45:41.324 [Test worker] DEBUG com.github.dockerjava.zerodep.shaded.org.apache.hc.client5.http.headers - http-outgoing-2 >> accept: application/json
11:45:41.324 [Test worker] DEBUG com.github.dockerjava.zerodep.shaded.org.apache.hc.client5.http.headers - http-outgoing-2 >> x-tc-sid: c5b4bded-8a7b-4309-a94c-5bb153977152
11:45:41.324 [Test worker] DEBUG com.github.dockerjava.zerodep.shaded.org.apache.hc.client5.http.headers - http-outgoing-2 >> Accept-Encoding: gzip, x-gzip, deflate
11:45:41.324 [Test worker] DEBUG com.github.dockerjava.zerodep.shaded.org.apache.hc.client5.http.headers - http-outgoing-2 >> Host: localhost:2375
11:45:41.324 [Test worker] DEBUG com.github.dockerjava.zerodep.shaded.org.apache.hc.client5.http.headers - http-outgoing-2 >> Connection: keep-alive
11:45:41.324 [Test worker] DEBUG com.github.dockerjava.zerodep.shaded.org.apache.hc.client5.http.headers - http-outgoing-2 >> User-Agent: Apache-HttpClient/5.0.3 (Java/17.0.3)
11:45:41.324 [Test worker] DEBUG com.github.dockerjava.zerodep.shaded.org.apache.hc.client5.http.wire - http-outgoing-2 >> "GET /v1.32/containers/47a7ce05e61aa72bdced5a030ca6064519c62d122a5992816f04e0e528b5b17d/json HTTP/1.1[\r][\n]"
11:45:41.324 [Test worker] DEBUG com.github.dockerjava.zerodep.shaded.org.apache.hc.client5.http.wire - http-outgoing-2 >> "accept: application/json[\r][\n]"
11:45:41.324 [Test worker] DEBUG com.github.dockerjava.zerodep.shaded.org.apache.hc.client5.http.wire - http-outgoing-2 >> "x-tc-sid: c5b4bded-8a7b-4309-a94c-5bb153977152[\r][\n]"
11:45:41.324 [Test worker] DEBUG com.github.dockerjava.zerodep.shaded.org.apache.hc.client5.http.wire - http-outgoing-2 >> "Accept-Encoding: gzip, x-gzip, deflate[\r][\n]"
11:45:41.324 [Test worker] DEBUG com.github.dockerjava.zerodep.shaded.org.apache.hc.client5.http.wire - http-outgoing-2 >> "Host: localhost:2375[\r][\n]"
11:45:41.324 [Test worker] DEBUG com.github.dockerjava.zerodep.shaded.org.apache.hc.client5.http.wire - http-outgoing-2 >> "Connection: keep-alive[\r][\n]"
11:45:41.324 [Test worker] DEBUG com.github.dockerjava.zerodep.shaded.org.apache.hc.client5.http.wire - http-outgoing-2 >> "User-Agent: Apache-HttpClient/5.0.3 (Java/17.0.3)[\r][\n]"
11:45:41.324 [Test worker] DEBUG com.github.dockerjava.zerodep.shaded.org.apache.hc.client5.http.wire - http-outgoing-2 >> "[\r][\n]"
11:45:41.331 [Test worker] DEBUG com.github.dockerjava.zerodep.shaded.org.apache.hc.client5.http.wire - http-outgoing-2 << "HTTP/1.1 200 OK[\r][\n]"
11:45:41.331 [Test worker] DEBUG com.github.dockerjava.zerodep.shaded.org.apache.hc.client5.http.wire - http-outgoing-2 << "Api-Version: 1.41[\r][\n]"
11:45:41.331 [Test worker] DEBUG com.github.dockerjava.zerodep.shaded.org.apache.hc.client5.http.wire - http-outgoing-2 << "Content-Type: application/json[\r][\n]"
11:45:41.331 [Test worker] DEBUG com.github.dockerjava.zerodep.shaded.org.apache.hc.client5.http.wire - http-outgoing-2 << "Date: Mon, 26 Sep 2022 02:45:41 GMT[\r][\n]"
11:45:41.331 [Test worker] DEBUG com.github.dockerjava.zerodep.shaded.org.apache.hc.client5.http.wire - http-outgoing-2 << "Docker-Experimental: false[\r][\n]"
11:45:41.331 [Test worker] DEBUG com.github.dockerjava.zerodep.shaded.org.apache.hc.client5.http.wire - http-outgoing-2 << "Ostype: linux[\r][\n]"
11:45:41.331 [Test worker] DEBUG com.github.dockerjava.zerodep.shaded.org.apache.hc.client5.http.wire - http-outgoing-2 << "Server: Docker/20.10.11 (linux)[\r][\n]"
11:45:41.331 [Test worker] DEBUG com.github.dockerjava.zerodep.shaded.org.apache.hc.client5.http.wire - http-outgoing-2 << "Transfer-Encoding: chunked[\r][\n]"
11:45:41.331 [Test worker] DEBUG com.github.dockerjava.zerodep.shaded.org.apache.hc.client5.http.wire - http-outgoing-2 << "[\r][\n]"
11:45:41.331 [Test worker] DEBUG com.github.dockerjava.zerodep.shaded.org.apache.hc.client5.http.wire - http-outgoing-2 << "1882[\r][\n]"
11:45:41.331 [Test worker] DEBUG com.github.dockerjava.zerodep.shaded.org.apache.hc.client5.http.wire - http-outgoing-2 << "{"Id":"47a7ce05e61aa72bdced5a030ca6064519c62d122a5992816f04e0e528b5b17d","Created":"2022-09-26T02:45:36.042081626Z","Path":"docker-entrypoint.sh","Args":["mysqld"],"State":{"Status":"running","Running":true,"Paused":false,"Restarting":false,"OOMKilled":false,"Dead":false,"Pid":2251,"ExitCode":0,"Error":"","StartedAt":"2022-09-26T02:45:36.388226668Z","FinishedAt":"0001-01-01T00:00:00Z"},"Image":"sha256:5e229524f286e653111cb9d028bf1ba4c3490742c8cd18c84af22538f0e68575","ResolvConfPath":"/var/lib/docker/containers/47a7ce05e61aa72bdced5a030ca6064519c62d122a5992816f04e0e528b5b17d/resolv.conf","HostnamePath":"/var/lib/docker/containers/47a7ce05e61aa72bdced5a030ca6064519c62d122a5992816f04e0e528b5b17d/hostname","HostsPath":"/var/lib/docker/containers/47a7ce05e61aa72bdced5a030ca6064519c62d122a5992816f04e0e528b5b17d/hosts","LogPath":"/var/lib/docker/containers/47a7ce05e61aa72bdced5a030ca6064519c62d122a5992816f04e0e528b5b17d/47a7ce05e61aa72bdced5a030ca6064519c62d122a5992816f04e0e528b5b17d-json.log","Name":"/crazy_chaum","RestartCount":0,"Driver":"overlay2","Platform":"linux","MountLabel":"","ProcessLabel":"","AppArmorProfile":"","ExecIDs":null,"HostConfig":{"Binds":[],"ContainerIDFile":"","LogConfig":{"Type":"json-file","Config":{}},"NetworkMode":"default","PortBindings":{"3306/tcp":[{"HostIp":"0.0.0.0","HostPort":"0"}]},"RestartPolicy":{"Name":"","MaximumRetryCount":0},"AutoRemove":false,"VolumeDriver":"","VolumesFrom":[],"CapAdd":null,"CapDrop":null,"CgroupnsMode":"private","Dns":null,"DnsOptions":null,"DnsSearch":null,"ExtraHosts":[],"GroupAdd":null,"IpcMode":"shareable","Cgroup":"","Links":null,"OomScoreAdj":0,"PidMode":"","Privileged":false,"PublishAllPorts":false,"ReadonlyRootfs":false,"SecurityOpt":null,"UTSMode":"","UsernsMode":"","ShmSize":67108864,"Runtime":"runc","ConsoleSize":[0,0],"Isolation":"","CpuShares":0,"Memory":0,"NanoCpus":0,"CgroupParent":"","BlkioWeight":0,"BlkioWeightDevice":null,"BlkioDeviceReadBps":null,"BlkioDeviceWriteBps":null,"BlkioDeviceReadIOps":null,"BlkioDeviceWriteIOps":null,"CpuPeriod":0,"CpuQuota":0,"CpuRealtimePeriod":0,"CpuRealtimeRuntime":0,"CpusetCpus":"","CpusetMems":"","Devices":null,"DeviceCgroupRules":null,"DeviceRequests":null,"KernelMemory":0,"KernelMemoryTCP":0,"MemoryReservation":0,"MemorySwap":0,"MemorySwappiness":null,"OomKillDisable":null,"PidsLimit":null,"Ulimits":null,"CpuCount":0,"CpuPercent":0,"IOMaximumIOps":0,"IOMaximumBandwidth":0,"MaskedPaths":["/proc/asound","/proc/acpi","/proc/kcore","/proc/keys","/proc/latency_stats","/proc/timer_list","/proc/timer_stats","/proc/sched_debug","/proc/scsi","/sys/firmware"],"ReadonlyPaths":["/proc/bus","/proc/fs","/proc/irq","/proc/sys","/proc/sysrq-trigger"]},"GraphDriver":{"Data":{"LowerDir":"/var/lib/docker/overlay2/45da4782eb6c4075fef21a16271836d62c4e4726b16ef4c5ea199d4e626bdb39-init/diff:/var/lib/docker/overlay2/27a623f1ab748258e017a40f339844ef533377092bad4182aa320e9399893e13/diff:/var/lib/docker/overlay2/d7c1e4de558b6bbbdc3209a51fc73295262b5271709fe659d0e2e94f626eea74/diff:/var/lib/docker/overlay2/2df554f793c3600571e2f078ad2e20025d6b2e35f3d18881ead4f70e2cc26cb8/diff:/var/lib/docker/overlay2/feb23515577245ad51a24945de1e6bab842929569da912a2b4a33a48c6c2331f/diff:/var/lib/docker/overlay2/cc2cdbce154e19d9c4f376917b6c92ebd55b0b495124ffd2c9d7e9c82b6a95f9/diff:/var/lib/docker/overlay2/968467fe01280f82d26487386f320a15000815d63000d5ec89b47acca8f77ef2/diff:/var/lib/docker/overlay2/cc59daa314bbcaec43d6cd4064c7863b4b3976b989121dcf2e32c4710281f247/diff:/var/lib/docker/overlay2/dc5d8b1cf96cfd5d96d68fbed14248edf1244c1a4669ba07b0bab7f3d782f058/diff:/var/lib/docker/overlay2/dcca184158d696706cd99e62ffa3e5c42964eb57190bef35421cdf3f83a8c130/diff:/var/lib/docker/overlay2/a7f928596da67ce59f34b0ba4cee4a3b948b94f91ad0b0b6260dc54fb9b5a048/diff:/var/lib/docker/overlay2/6ac5adbfff6202b1faa13a2a2fd92625bdda668cdac1a1d2230becbb394e569f/diff","MergedDir":"/var/lib/docker/overlay2/45da4782eb6c4075fef21a16271836d62c4e4726b16ef4c5ea199d4e626bdb39/merged","UpperDir":"/var/lib/docker/overlay2/45da4782eb6c4075fef21a16271836d62c4e4726b16ef4c5ea199d4e626bdb39/diff","WorkDir":"/var/lib/docker/overlay2/45da4782eb6c4075fef21a16271836d62c4e4726b16ef4c5ea199d4e626bdb39/work"},"Name":"overlay2"},"Mounts":[{"Type":"volume","Name":"08668a73464516d2c615e247a561222f461f2385cff5615e53cc78e96456230c","Source":"/var/lib/docker/volumes/08668a73464516d2c615e247a561222f461f2385cff5615e53cc78e96456230c/_data","Destination":"/var/lib/mysql","Driver":"local","Mode":"","RW":true,"Propagation":""}],"Config":{"Hostname":"47a7ce05e61a","Domainname":"","User":"","AttachStdin":false,"AttachStdout":false,"AttachStderr":false,"ExposedPorts":{"3306/tcp":{},"33060/tcp":{}},"Tty":false,"OpenStdin":false,"StdinOnce":false,"Env":["MYSQL_DATABASE=lotification","MYSQL_PASSWORD=1234","MYSQL_USER=admin","MYSQL_ROOT_PASSWORD=1234","PATH=/usr/local/sbin:/usr/local/bin:/usr/sbin:/usr/bin:/sbin:/bin","GOSU_VERSION=1.14","MYSQL_MAJOR=8.0","MYSQL_VERSION=8.0.30-1.el8","MYSQL_SHELL_VERSION=8.0.30-1.el8"],"Cmd":["mysqld"],"Image":"mysql:8","Volumes":{"/var/lib/mysql":{}},"WorkingDir":"","Entrypoint":["docker-entrypoint.sh"],"OnBuild":null,"Labels":{"org.testcontainers":"true","org.testcontainers.sessionId":"c5b4bded-8a7b-4309-a94c-5bb153977152"}},"NetworkSettings":{"Bridge":"","SandboxID":"c87f478ec31081a2fc02a6d53fa5addc8f61962dea8dd5c17c1c641e1a25e99b","HairpinMode":false,"LinkLocalIPv6Address":"","LinkLocalIPv6PrefixLen":0,"Ports":{"3306/tcp":[{"HostIp":"0.0.0.0","HostPort":"63346"}],"33060/tcp":null},"SandboxKey":"/var/run/docker/netns/c87f478ec310","SecondaryIPAddresses":null,"SecondaryIPv6Addresses":null,"EndpointID":"7830774c518a6ae45bc93e5b48bd99e8a609aa29230b007326fa87b5ca32567f","Gateway":"172.17.0.1","GlobalIPv6Address":"","GlobalIPv6PrefixLen":0,"IPAddress":"172.17.0.4","IPPrefixLen":16,"IPv6Gateway":"","MacAddress":"02:42:ac:11:00:04","Networks":{"bridge":{"IPAMConfig":null,"Links":null,"Aliases":null,"NetworkID":"42b943ace1ba272d06317befbba08f853c5a08f211a0bdf3660599ced98f9c17","EndpointID":"7830774c518a6ae45bc93e5b48bd99e8a609aa29230b007326fa87b5ca32567f","Gateway":"172.17.0.1","IPAddress":"172.17.0.4","IPPrefixLen":16,"IPv6Gateway":"","GlobalIPv6Address":"","GlobalIPv6PrefixLen":0,"MacAddress":"02:42:ac:11:00:04","DriverOpts":null}}}}[\n]"
11:45:41.331 [Test worker] DEBUG com.github.dockerjava.zerodep.shaded.org.apache.hc.client5.http.wire - http-outgoing-2 << "[\r][\n]"
11:45:41.331 [Test worker] DEBUG com.github.dockerjava.zerodep.shaded.org.apache.hc.client5.http.wire - http-outgoing-2 << "0[\r][\n]"
11:45:41.331 [Test worker] DEBUG com.github.dockerjava.zerodep.shaded.org.apache.hc.client5.http.wire - http-outgoing-2 << "[\r][\n]"
11:45:41.331 [Test worker] DEBUG com.github.dockerjava.zerodep.shaded.org.apache.hc.client5.http.headers - http-outgoing-2 << HTTP/1.1 200 OK
11:45:41.331 [Test worker] DEBUG com.github.dockerjava.zerodep.shaded.org.apache.hc.client5.http.headers - http-outgoing-2 << Api-Version: 1.41
11:45:41.331 [Test worker] DEBUG com.github.dockerjava.zerodep.shaded.org.apache.hc.client5.http.headers - http-outgoing-2 << Content-Type: application/json
11:45:41.331 [Test worker] DEBUG com.github.dockerjava.zerodep.shaded.org.apache.hc.client5.http.headers - http-outgoing-2 << Date: Mon, 26 Sep 2022 02:45:41 GMT
11:45:41.331 [Test worker] DEBUG com.github.dockerjava.zerodep.shaded.org.apache.hc.client5.http.headers - http-outgoing-2 << Docker-Experimental: false
11:45:41.331 [Test worker] DEBUG com.github.dockerjava.zerodep.shaded.org.apache.hc.client5.http.headers - http-outgoing-2 << Ostype: linux
11:45:41.331 [Test worker] DEBUG com.github.dockerjava.zerodep.shaded.org.apache.hc.client5.http.headers - http-outgoing-2 << Server: Docker/20.10.11 (linux)
11:45:41.331 [Test worker] DEBUG com.github.dockerjava.zerodep.shaded.org.apache.hc.client5.http.headers - http-outgoing-2 << Transfer-Encoding: chunked
11:45:41.331 [Test worker] DEBUG com.github.dockerjava.zerodep.shaded.org.apache.hc.client5.http.impl.classic.MainClientExec - ex-00000038: connection can be kept alive for 3 MINUTES
11:45:41.331 [Test worker] DEBUG com.github.dockerjava.zerodep.shaded.org.apache.hc.client5.http.impl.classic.InternalHttpClient - ep-00000037: releasing valid endpoint
11:45:41.331 [Test worker] DEBUG com.github.dockerjava.zerodep.shaded.org.apache.hc.client5.http.impl.io.PoolingHttpClientConnectionManager - ep-00000037: releasing endpoint
11:45:41.332 [Test worker] DEBUG com.github.dockerjava.zerodep.shaded.org.apache.hc.client5.http.impl.io.PoolingHttpClientConnectionManager - ep-00000037: connection http-outgoing-2 can be kept alive for 3 MINUTES
11:45:41.332 [Test worker] DEBUG com.github.dockerjava.zerodep.shaded.org.apache.hc.client5.http.impl.io.PoolingHttpClientConnectionManager - ep-00000037: connection released [route: {}->unix://localhost:2375][total available: 1; route allocated: 1 of 2147483647; total allocated: 1 of 2147483647]
11:45:41.332 [Test worker] DEBUG ]]>&#x1f433;<![CDATA[ [mysql:8] - Trying to create JDBC connection using com.mysql.cj.jdbc.Driver to jdbc:mysql://localhost:63346/lotification?useSSL=false&allowPublicKeyRetrieval=true with properties: {password=1234, user=admin}
11:45:41.445 [Test worker] DEBUG org.testcontainers.shaded.com.github.dockerjava.core.command.AbstrDockerCmd - Cmd: 47a7ce05e61aa72bdced5a030ca6064519c62d122a5992816f04e0e528b5b17d,false
11:45:41.446 [Test worker] DEBUG org.testcontainers.shaded.com.github.dockerjava.core.exec.InspectContainerCmdExec - GET: DefaultWebTarget{path=[/containers/47a7ce05e61aa72bdced5a030ca6064519c62d122a5992816f04e0e528b5b17d/json], queryParams={}}
11:45:41.446 [Test worker] DEBUG com.github.dockerjava.zerodep.shaded.org.apache.hc.client5.http.impl.classic.InternalHttpClient - ex-00000039: preparing request execution
11:45:41.446 [Test worker] DEBUG com.github.dockerjava.zerodep.shaded.org.apache.hc.client5.http.protocol.RequestAddCookies - Cookie spec selected: strict
11:45:41.446 [Test worker] DEBUG com.github.dockerjava.zerodep.shaded.org.apache.hc.client5.http.protocol.RequestAuthCache - Auth cache not set in the context
11:45:41.446 [Test worker] DEBUG com.github.dockerjava.zerodep.shaded.org.apache.hc.client5.http.impl.classic.ProtocolExec - ex-00000039: target auth state: UNCHALLENGED
11:45:41.446 [Test worker] DEBUG com.github.dockerjava.zerodep.shaded.org.apache.hc.client5.http.impl.classic.ProtocolExec - ex-00000039: proxy auth state: UNCHALLENGED
11:45:41.446 [Test worker] DEBUG com.github.dockerjava.zerodep.shaded.org.apache.hc.client5.http.impl.classic.ConnectExec - ex-00000039: acquiring connection with route {}->unix://localhost:2375
11:45:41.446 [Test worker] DEBUG com.github.dockerjava.zerodep.shaded.org.apache.hc.client5.http.impl.classic.InternalHttpClient - ex-00000039: acquiring endpoint (3 MINUTES)
11:45:41.446 [Test worker] DEBUG com.github.dockerjava.zerodep.shaded.org.apache.hc.client5.http.impl.io.PoolingHttpClientConnectionManager - ex-00000039: endpoint lease request (3 MINUTES) [route: {}->unix://localhost:2375][total available: 1; route allocated: 1 of 2147483647; total allocated: 1 of 2147483647]
11:45:41.446 [Test worker] DEBUG com.github.dockerjava.zerodep.shaded.org.apache.hc.client5.http.impl.io.PoolingHttpClientConnectionManager - ex-00000039: endpoint leased [route: {}->unix://localhost:2375][total available: 0; route allocated: 1 of 2147483647; total allocated: 1 of 2147483647]
11:45:41.446 [Test worker] DEBUG com.github.dockerjava.zerodep.shaded.org.apache.hc.client5.http.impl.io.PoolingHttpClientConnectionManager - ex-00000039: acquired ep-00000038
11:45:41.446 [Test worker] DEBUG com.github.dockerjava.zerodep.shaded.org.apache.hc.client5.http.impl.classic.InternalHttpClient - ex-00000039: acquired endpoint ep-00000038
11:45:41.446 [Test worker] DEBUG com.github.dockerjava.zerodep.shaded.org.apache.hc.client5.http.impl.classic.MainClientExec - ex-00000039: executing GET /v1.32/containers/47a7ce05e61aa72bdced5a030ca6064519c62d122a5992816f04e0e528b5b17d/json HTTP/1.1
11:45:41.446 [Test worker] DEBUG com.github.dockerjava.zerodep.shaded.org.apache.hc.client5.http.impl.classic.InternalHttpClient - ep-00000038: start execution ex-00000039
11:45:41.446 [Test worker] DEBUG com.github.dockerjava.zerodep.shaded.org.apache.hc.client5.http.impl.io.PoolingHttpClientConnectionManager - ep-00000038: executing exchange ex-00000039 over http-outgoing-2
11:45:41.446 [Test worker] DEBUG com.github.dockerjava.zerodep.shaded.org.apache.hc.client5.http.headers - http-outgoing-2 >> GET /v1.32/containers/47a7ce05e61aa72bdced5a030ca6064519c62d122a5992816f04e0e528b5b17d/json HTTP/1.1
11:45:41.446 [Test worker] DEBUG com.github.dockerjava.zerodep.shaded.org.apache.hc.client5.http.headers - http-outgoing-2 >> accept: application/json
11:45:41.446 [Test worker] DEBUG com.github.dockerjava.zerodep.shaded.org.apache.hc.client5.http.headers - http-outgoing-2 >> x-tc-sid: c5b4bded-8a7b-4309-a94c-5bb153977152
11:45:41.446 [Test worker] DEBUG com.github.dockerjava.zerodep.shaded.org.apache.hc.client5.http.headers - http-outgoing-2 >> Accept-Encoding: gzip, x-gzip, deflate
11:45:41.446 [Test worker] DEBUG com.github.dockerjava.zerodep.shaded.org.apache.hc.client5.http.headers - http-outgoing-2 >> Host: localhost:2375
11:45:41.446 [Test worker] DEBUG com.github.dockerjava.zerodep.shaded.org.apache.hc.client5.http.headers - http-outgoing-2 >> Connection: keep-alive
11:45:41.446 [Test worker] DEBUG com.github.dockerjava.zerodep.shaded.org.apache.hc.client5.http.headers - http-outgoing-2 >> User-Agent: Apache-HttpClient/5.0.3 (Java/17.0.3)
11:45:41.446 [Test worker] DEBUG com.github.dockerjava.zerodep.shaded.org.apache.hc.client5.http.wire - http-outgoing-2 >> "GET /v1.32/containers/47a7ce05e61aa72bdced5a030ca6064519c62d122a5992816f04e0e528b5b17d/json HTTP/1.1[\r][\n]"
11:45:41.446 [Test worker] DEBUG com.github.dockerjava.zerodep.shaded.org.apache.hc.client5.http.wire - http-outgoing-2 >> "accept: application/json[\r][\n]"
11:45:41.446 [Test worker] DEBUG com.github.dockerjava.zerodep.shaded.org.apache.hc.client5.http.wire - http-outgoing-2 >> "x-tc-sid: c5b4bded-8a7b-4309-a94c-5bb153977152[\r][\n]"
11:45:41.446 [Test worker] DEBUG com.github.dockerjava.zerodep.shaded.org.apache.hc.client5.http.wire - http-outgoing-2 >> "Accept-Encoding: gzip, x-gzip, deflate[\r][\n]"
11:45:41.446 [Test worker] DEBUG com.github.dockerjava.zerodep.shaded.org.apache.hc.client5.http.wire - http-outgoing-2 >> "Host: localhost:2375[\r][\n]"
11:45:41.446 [Test worker] DEBUG com.github.dockerjava.zerodep.shaded.org.apache.hc.client5.http.wire - http-outgoing-2 >> "Connection: keep-alive[\r][\n]"
11:45:41.446 [Test worker] DEBUG com.github.dockerjava.zerodep.shaded.org.apache.hc.client5.http.wire - http-outgoing-2 >> "User-Agent: Apache-HttpClient/5.0.3 (Java/17.0.3)[\r][\n]"
11:45:41.446 [Test worker] DEBUG com.github.dockerjava.zerodep.shaded.org.apache.hc.client5.http.wire - http-outgoing-2 >> "[\r][\n]"
11:45:41.478 [Test worker] DEBUG com.github.dockerjava.zerodep.shaded.org.apache.hc.client5.http.wire - http-outgoing-2 << "HTTP/1.1 200 OK[\r][\n]"
11:45:41.478 [Test worker] DEBUG com.github.dockerjava.zerodep.shaded.org.apache.hc.client5.http.wire - http-outgoing-2 << "Api-Version: 1.41[\r][\n]"
11:45:41.478 [Test worker] DEBUG com.github.dockerjava.zerodep.shaded.org.apache.hc.client5.http.wire - http-outgoing-2 << "Content-Type: application/json[\r][\n]"
11:45:41.478 [Test worker] DEBUG com.github.dockerjava.zerodep.shaded.org.apache.hc.client5.http.wire - http-outgoing-2 << "Date: Mon, 26 Sep 2022 02:45:41 GMT[\r][\n]"
11:45:41.478 [Test worker] DEBUG com.github.dockerjava.zerodep.shaded.org.apache.hc.client5.http.wire - http-outgoing-2 << "Docker-Experimental: false[\r][\n]"
11:45:41.478 [Test worker] DEBUG com.github.dockerjava.zerodep.shaded.org.apache.hc.client5.http.wire - http-outgoing-2 << "Ostype: linux[\r][\n]"
11:45:41.478 [Test worker] DEBUG com.github.dockerjava.zerodep.shaded.org.apache.hc.client5.http.wire - http-outgoing-2 << "Server: Docker/20.10.11 (linux)[\r][\n]"
11:45:41.478 [Test worker] DEBUG com.github.dockerjava.zerodep.shaded.org.apache.hc.client5.http.wire - http-outgoing-2 << "Transfer-Encoding: chunked[\r][\n]"
11:45:41.478 [Test worker] DEBUG com.github.dockerjava.zerodep.shaded.org.apache.hc.client5.http.wire - http-outgoing-2 << "[\r][\n]"
11:45:41.478 [Test worker] DEBUG com.github.dockerjava.zerodep.shaded.org.apache.hc.client5.http.headers - http-outgoing-2 << HTTP/1.1 200 OK
11:45:41.478 [Test worker] DEBUG com.github.dockerjava.zerodep.shaded.org.apache.hc.client5.http.headers - http-outgoing-2 << Api-Version: 1.41
11:45:41.478 [Test worker] DEBUG com.github.dockerjava.zerodep.shaded.org.apache.hc.client5.http.headers - http-outgoing-2 << Content-Type: application/json
11:45:41.478 [Test worker] DEBUG com.github.dockerjava.zerodep.shaded.org.apache.hc.client5.http.headers - http-outgoing-2 << Date: Mon, 26 Sep 2022 02:45:41 GMT
11:45:41.478 [Test worker] DEBUG com.github.dockerjava.zerodep.shaded.org.apache.hc.client5.http.headers - http-outgoing-2 << Docker-Experimental: false
11:45:41.478 [Test worker] DEBUG com.github.dockerjava.zerodep.shaded.org.apache.hc.client5.http.headers - http-outgoing-2 << Ostype: linux
11:45:41.478 [Test worker] DEBUG com.github.dockerjava.zerodep.shaded.org.apache.hc.client5.http.headers - http-outgoing-2 << Server: Docker/20.10.11 (linux)
11:45:41.478 [Test worker] DEBUG com.github.dockerjava.zerodep.shaded.org.apache.hc.client5.http.headers - http-outgoing-2 << Transfer-Encoding: chunked
11:45:41.479 [Test worker] DEBUG com.github.dockerjava.zerodep.shaded.org.apache.hc.client5.http.impl.classic.MainClientExec - ex-00000039: connection can be kept alive for 3 MINUTES
11:45:41.479 [Test worker] DEBUG com.github.dockerjava.zerodep.shaded.org.apache.hc.client5.http.wire - http-outgoing-2 << "1882[\r][\n]"
11:45:41.479 [Test worker] DEBUG com.github.dockerjava.zerodep.shaded.org.apache.hc.client5.http.wire - http-outgoing-2 << "{"Id":"47a7ce05e61aa72bdced5a030ca6064519c62d122a5992816f04e0e528b5b17d","Created":"2022-09-26T02:45:36.042081626Z","Path":"docker-entrypoint.sh","Args":["mysqld"],"State":{"Status":"running","Running":true,"Paused":false,"Restarting":false,"OOMKilled":false,"Dead":false,"Pid":2251,"ExitCode":0,"Error":"","StartedAt":"2022-09-26T02:45:36.388226668Z","FinishedAt":"0001-01-01T00:00:00Z"},"Image":"sha256:5e229524f286e653111cb9d028bf1ba4c3490742c8cd18c84af22538f0e68575","ResolvConfPath":"/var/lib/docker/containers/47a7ce05e61aa72bdced5a030ca6064519c62d122a5992816f04e0e528b5b17d/resolv.conf","HostnamePath":"/var/lib/docker/containers/47a7ce05e61aa72bdced5a030ca6064519c62d122a5992816f04e0e528b5b17d/hostname","HostsPath":"/var/lib/docker/containers/47a7ce05e61aa72bdced5a030ca6064519c62d122a5992816f04e0e528b5b17d/hosts","LogPath":"/var/lib/docker/containers/47a7ce05e61aa72bdced5a030ca6064519c62d122a5992816f04e0e528b5b17d/47a7ce05e61aa72bdced5a030ca6064519c62d122a5992816f04e0e528b5b17d-json.log","Name":"/crazy_chaum","RestartCount":0,"Driver":"overlay2","Platform":"linux","MountLabel":"","ProcessLabel":"","AppArmorProfile":"","ExecIDs":null,"HostConfig":{"Binds":[],"ContainerIDFile":"","LogConfig":{"Type":"json-file","Config":{}},"NetworkMode":"default","PortBindings":{"3306/tcp":[{"HostIp":"0.0.0.0","HostPort":"0"}]},"RestartPolicy":{"Name":"","MaximumRetryCount":0},"AutoRemove":false,"VolumeDriver":"","VolumesFrom":[],"CapAdd":null,"CapDrop":null,"CgroupnsMode":"private","Dns":null,"DnsOptions":null,"DnsSearch":null,"ExtraHosts":[],"GroupAdd":null,"IpcMode":"shareable","Cgroup":"","Links":null,"OomScoreAdj":0,"PidMode":"","Privileged":false,"PublishAllPorts":false,"ReadonlyRootfs":false,"SecurityOpt":null,"UTSMode":"","UsernsMode":"","ShmSize":67108864,"Runtime":"runc","ConsoleSize":[0,0],"Isolation":"","CpuShares":0,"Memory":0,"NanoCpus":0,"CgroupParent":"","BlkioWeight":0,"BlkioWeightDevice":null,"BlkioDeviceReadBps":null,"BlkioDeviceWriteBps":null,"BlkioDeviceReadIOps":null,"BlkioDeviceWriteIOps":null,"CpuPeriod":0,"CpuQuota":0,"CpuRealtimePeriod":0,"CpuRealtimeRuntime":0,"CpusetCpus":"","CpusetMems":"","Devices":null,"DeviceCgroupRules":null,"DeviceRequests":null,"KernelMemory":0,"KernelMemoryTCP":0,"MemoryReservation":0,"MemorySwap":0,"MemorySwappiness":null,"OomKillDisable":null,"PidsLimit":null,"Ulimits":null,"CpuCount":0,"CpuPercent":0,"IOMaximumIOps":0,"IOMaximumBandwidth":0,"MaskedPaths":["/proc/asound","/proc/acpi","/proc/kcore","/proc/keys","/proc/latency_stats","/proc/timer_list","/proc/timer_stats","/proc/sched_debug","/proc/scsi","/sys/firmware"],"ReadonlyPaths":["/proc/bus","/proc/fs","/proc/irq","/proc/sys","/proc/sysrq-trigger"]},"GraphDriver":{"Data":{"LowerDir":"/var/lib/docker/overlay2/45da4782eb6c4075fef21a16271836d62c4e4726b16ef4c5ea199d4e626bdb39-init/diff:/var/lib/docker/overlay2/27a623f1ab748258e017a40f339844ef533377092bad4182aa320e9399893e13/diff:/var/lib/docker/overlay2/d7c1e4de558b6bbbdc3209a51fc73295262b5271709fe659d0e2e94f626eea74/diff:/var/lib/docker/overlay2/2df554f793c3600571e2f078ad2e20025d6b2e35f3d18881ead4f70e2cc26cb8/diff:/var/lib/docker/overlay2/feb23515577245ad51a24945de1e6bab842929569da912a2b4a33a48c6c2331f/diff:/var/lib/docker/overlay2/cc2cdbce154e19d9c4f376917b6c92ebd55b0b495124ffd2c9d7e9c82b6a95f9/diff:/var/lib/docker/overlay2/968467fe01280f82d26487386f320a15000815d63000d5ec89b47acca8f77ef2/diff:/var/lib/docker/overlay2/cc59daa314bbcaec43d6cd4064c7863b4b3976b989121dcf2e32c4710281f247/diff:/var/lib/docker/overlay2/dc5d8b1cf96cfd5d96d68fbed14248edf1244c1a4669ba07b0bab7f3d782f058/diff:/var/lib/docker/overlay2/dcca184158d696706cd99e62ffa3e5c42964eb57190bef35421cdf3f83a8c130/diff:/var/lib/docker/overlay2/a7f928596da67ce59f34b0ba4cee4a3b948b94f91ad0b0b6260dc54fb9b5a048/diff:/var/lib/docker/overlay2/6ac5adbfff6202b1faa13a2a2fd92625bdda668cdac1a1d2230becbb394e569f/diff","MergedDir":"/var/lib/docker/overlay2/45da4782eb6c4075fef21a16271836d62c4e4726b16ef4c5ea199d4e626bdb39/merged","UpperDir":"/var/lib/docker/overlay2/45da4782eb6c4075fef21a16271836d62c4e4726b16ef4c5ea199d4e626bdb39/diff","WorkDir":"/var/lib/docker/overlay2/45da4782eb6c4075fef21a16271836d62c4e4726b16ef4c5ea199d4e626bdb39/work"},"Name":"overlay2"},"Mounts":[{"Type":"volume","Name":"08668a73464516d2c615e247a561222f461f2385cff5615e53cc78e96456230c","Source":"/var/lib/docker/volumes/08668a73464516d2c615e247a561222f461f2385cff5615e53cc78e96456230c/_data","Destination":"/var/lib/mysql","Driver":"local","Mode":"","RW":true,"Propagation":""}],"Config":{"Hostname":"47a7ce05e61a","Domainname":"","User":"","AttachStdin":false,"AttachStdout":false,"AttachStderr":false,"ExposedPorts":{"3306/tcp":{},"33060/tcp":{}},"Tty":false,"OpenStdin":false,"StdinOnce":false,"Env":["MYSQL_DATABASE=lotification","MYSQL_PASSWORD=1234","MYSQL_USER=admin","MYSQL_ROOT_PASSWORD=1234","PATH=/usr/local/sbin:/usr/local/bin:/usr/sbin:/usr/bin:/sbin:/bin","GOSU_VERSION=1.14","MYSQL_MAJOR=8.0","MYSQL_VERSION=8.0.30-1.el8","MYSQL_SHELL_VERSION=8.0.30-1.el8"],"Cmd":["mysqld"],"Image":"mysql:8","Volumes":{"/var/lib/mysql":{}},"WorkingDir":"","Entrypoint":["docker-entrypoint.sh"],"OnBuild":null,"Labels":{"org.testcontainers":"true","org.testcontainers.sessionId":"c5b4bded-8a7b-4309-a94c-5bb153977152"}},"NetworkSettings":{"Bridge":"","SandboxID":"c87f478ec31081a2fc02a6d53fa5addc8f61962dea8dd5c17c1c641e1a25e99b","HairpinMode":false,"LinkLocalIPv6Address":"","LinkLocalIPv6PrefixLen":0,"Ports":{"3306/tcp":[{"HostIp":"0.0.0.0","HostPort":"63346"}],"33060/tcp":null},"SandboxKey":"/var/run/docker/netns/c87f478ec310","SecondaryIPAddresses":null,"SecondaryIPv6Addresses":null,"EndpointID":"7830774c518a6ae45bc93e5b48bd99e8a609aa29230b007326fa87b5ca32567f","Gateway":"172.17.0.1","GlobalIPv6Address":"","GlobalIPv6PrefixLen":0,"IPAddress":"172.17.0.4","IPPrefixLen":16,"IPv6Gateway":"","MacAddress":"02:42:ac:11:00:04","Networks":{"bridge":{"IPAMConfig":null,"Links":null,"Aliases":null,"NetworkID":"42b943ace1ba272d06317befbba08f853c5a08f211a0bdf3660599ced98f9c17","EndpointID":"7830774c518a6ae45bc93e5b48bd99e8a609aa29230b007326fa87b5ca32567f","Gateway":"172.17.0.1","IPAddress":"172.17.0.4","IPPrefixLen":16,"IPv6Gateway":"","GlobalIPv6Address":"","GlobalIPv6PrefixLen":0,"MacAddress":"02:42:ac:11:00:04","DriverOpts":null}}}}[\n]"
11:45:41.479 [Test worker] DEBUG com.github.dockerjava.zerodep.shaded.org.apache.hc.client5.http.wire - http-outgoing-2 << "[\r][\n]"
11:45:41.481 [Test worker] DEBUG com.github.dockerjava.zerodep.shaded.org.apache.hc.client5.http.wire - http-outgoing-2 << "0[\r][\n]"
11:45:41.481 [Test worker] DEBUG com.github.dockerjava.zerodep.shaded.org.apache.hc.client5.http.wire - http-outgoing-2 << "[\r][\n]"
11:45:41.481 [Test worker] DEBUG com.github.dockerjava.zerodep.shaded.org.apache.hc.client5.http.impl.classic.InternalHttpClient - ep-00000038: releasing valid endpoint
11:45:41.481 [Test worker] DEBUG com.github.dockerjava.zerodep.shaded.org.apache.hc.client5.http.impl.io.PoolingHttpClientConnectionManager - ep-00000038: releasing endpoint
11:45:41.481 [Test worker] DEBUG com.github.dockerjava.zerodep.shaded.org.apache.hc.client5.http.impl.io.PoolingHttpClientConnectionManager - ep-00000038: connection http-outgoing-2 can be kept alive for 3 MINUTES
11:45:41.481 [Test worker] DEBUG com.github.dockerjava.zerodep.shaded.org.apache.hc.client5.http.impl.io.PoolingHttpClientConnectionManager - ep-00000038: connection released [route: {}->unix://localhost:2375][total available: 1; route allocated: 1 of 2147483647; total allocated: 1 of 2147483647]
11:45:41.481 [Test worker] DEBUG ]]>&#x1f433;<![CDATA[ [mysql:8] - Trying to create JDBC connection using com.mysql.cj.jdbc.Driver to jdbc:mysql://localhost:63346/lotification?useSSL=false&allowPublicKeyRetrieval=true with properties: {password=1234, user=admin}
11:45:41.587 [Test worker] DEBUG org.testcontainers.shaded.com.github.dockerjava.core.command.AbstrDockerCmd - Cmd: 47a7ce05e61aa72bdced5a030ca6064519c62d122a5992816f04e0e528b5b17d,false
11:45:41.587 [Test worker] DEBUG org.testcontainers.shaded.com.github.dockerjava.core.exec.InspectContainerCmdExec - GET: DefaultWebTarget{path=[/containers/47a7ce05e61aa72bdced5a030ca6064519c62d122a5992816f04e0e528b5b17d/json], queryParams={}}
11:45:41.587 [Test worker] DEBUG com.github.dockerjava.zerodep.shaded.org.apache.hc.client5.http.impl.classic.InternalHttpClient - ex-0000003A: preparing request execution
11:45:41.587 [Test worker] DEBUG com.github.dockerjava.zerodep.shaded.org.apache.hc.client5.http.protocol.RequestAddCookies - Cookie spec selected: strict
11:45:41.587 [Test worker] DEBUG com.github.dockerjava.zerodep.shaded.org.apache.hc.client5.http.protocol.RequestAuthCache - Auth cache not set in the context
11:45:41.588 [Test worker] DEBUG com.github.dockerjava.zerodep.shaded.org.apache.hc.client5.http.impl.classic.ProtocolExec - ex-0000003A: target auth state: UNCHALLENGED
11:45:41.588 [Test worker] DEBUG com.github.dockerjava.zerodep.shaded.org.apache.hc.client5.http.impl.classic.ProtocolExec - ex-0000003A: proxy auth state: UNCHALLENGED
11:45:41.588 [Test worker] DEBUG com.github.dockerjava.zerodep.shaded.org.apache.hc.client5.http.impl.classic.ConnectExec - ex-0000003A: acquiring connection with route {}->unix://localhost:2375
11:45:41.588 [Test worker] DEBUG com.github.dockerjava.zerodep.shaded.org.apache.hc.client5.http.impl.classic.InternalHttpClient - ex-0000003A: acquiring endpoint (3 MINUTES)
11:45:41.588 [Test worker] DEBUG com.github.dockerjava.zerodep.shaded.org.apache.hc.client5.http.impl.io.PoolingHttpClientConnectionManager - ex-0000003A: endpoint lease request (3 MINUTES) [route: {}->unix://localhost:2375][total available: 1; route allocated: 1 of 2147483647; total allocated: 1 of 2147483647]
11:45:41.588 [Test worker] DEBUG com.github.dockerjava.zerodep.shaded.org.apache.hc.client5.http.impl.io.PoolingHttpClientConnectionManager - ex-0000003A: endpoint leased [route: {}->unix://localhost:2375][total available: 0; route allocated: 1 of 2147483647; total allocated: 1 of 2147483647]
11:45:41.588 [Test worker] DEBUG com.github.dockerjava.zerodep.shaded.org.apache.hc.client5.http.impl.io.PoolingHttpClientConnectionManager - ex-0000003A: acquired ep-00000039
11:45:41.588 [Test worker] DEBUG com.github.dockerjava.zerodep.shaded.org.apache.hc.client5.http.impl.classic.InternalHttpClient - ex-0000003A: acquired endpoint ep-00000039
11:45:41.588 [Test worker] DEBUG com.github.dockerjava.zerodep.shaded.org.apache.hc.client5.http.impl.classic.MainClientExec - ex-0000003A: executing GET /v1.32/containers/47a7ce05e61aa72bdced5a030ca6064519c62d122a5992816f04e0e528b5b17d/json HTTP/1.1
11:45:41.588 [Test worker] DEBUG com.github.dockerjava.zerodep.shaded.org.apache.hc.client5.http.impl.classic.InternalHttpClient - ep-00000039: start execution ex-0000003A
11:45:41.588 [Test worker] DEBUG com.github.dockerjava.zerodep.shaded.org.apache.hc.client5.http.impl.io.PoolingHttpClientConnectionManager - ep-00000039: executing exchange ex-0000003A over http-outgoing-2
11:45:41.588 [Test worker] DEBUG com.github.dockerjava.zerodep.shaded.org.apache.hc.client5.http.headers - http-outgoing-2 >> GET /v1.32/containers/47a7ce05e61aa72bdced5a030ca6064519c62d122a5992816f04e0e528b5b17d/json HTTP/1.1
11:45:41.588 [Test worker] DEBUG com.github.dockerjava.zerodep.shaded.org.apache.hc.client5.http.headers - http-outgoing-2 >> accept: application/json
11:45:41.588 [Test worker] DEBUG com.github.dockerjava.zerodep.shaded.org.apache.hc.client5.http.headers - http-outgoing-2 >> x-tc-sid: c5b4bded-8a7b-4309-a94c-5bb153977152
11:45:41.588 [Test worker] DEBUG com.github.dockerjava.zerodep.shaded.org.apache.hc.client5.http.headers - http-outgoing-2 >> Accept-Encoding: gzip, x-gzip, deflate
11:45:41.588 [Test worker] DEBUG com.github.dockerjava.zerodep.shaded.org.apache.hc.client5.http.headers - http-outgoing-2 >> Host: localhost:2375
11:45:41.588 [Test worker] DEBUG com.github.dockerjava.zerodep.shaded.org.apache.hc.client5.http.headers - http-outgoing-2 >> Connection: keep-alive
11:45:41.588 [Test worker] DEBUG com.github.dockerjava.zerodep.shaded.org.apache.hc.client5.http.headers - http-outgoing-2 >> User-Agent: Apache-HttpClient/5.0.3 (Java/17.0.3)
11:45:41.588 [Test worker] DEBUG com.github.dockerjava.zerodep.shaded.org.apache.hc.client5.http.wire - http-outgoing-2 >> "GET /v1.32/containers/47a7ce05e61aa72bdced5a030ca6064519c62d122a5992816f04e0e528b5b17d/json HTTP/1.1[\r][\n]"
11:45:41.588 [Test worker] DEBUG com.github.dockerjava.zerodep.shaded.org.apache.hc.client5.http.wire - http-outgoing-2 >> "accept: application/json[\r][\n]"
11:45:41.588 [Test worker] DEBUG com.github.dockerjava.zerodep.shaded.org.apache.hc.client5.http.wire - http-outgoing-2 >> "x-tc-sid: c5b4bded-8a7b-4309-a94c-5bb153977152[\r][\n]"
11:45:41.588 [Test worker] DEBUG com.github.dockerjava.zerodep.shaded.org.apache.hc.client5.http.wire - http-outgoing-2 >> "Accept-Encoding: gzip, x-gzip, deflate[\r][\n]"
11:45:41.588 [Test worker] DEBUG com.github.dockerjava.zerodep.shaded.org.apache.hc.client5.http.wire - http-outgoing-2 >> "Host: localhost:2375[\r][\n]"
11:45:41.588 [Test worker] DEBUG com.github.dockerjava.zerodep.shaded.org.apache.hc.client5.http.wire - http-outgoing-2 >> "Connection: keep-alive[\r][\n]"
11:45:41.588 [Test worker] DEBUG com.github.dockerjava.zerodep.shaded.org.apache.hc.client5.http.wire - http-outgoing-2 >> "User-Agent: Apache-HttpClient/5.0.3 (Java/17.0.3)[\r][\n]"
11:45:41.588 [Test worker] DEBUG com.github.dockerjava.zerodep.shaded.org.apache.hc.client5.http.wire - http-outgoing-2 >> "[\r][\n]"
11:45:41.590 [Test worker] DEBUG com.github.dockerjava.zerodep.shaded.org.apache.hc.client5.http.wire - http-outgoing-2 << "HTTP/1.1 200 OK[\r][\n]"
11:45:41.590 [Test worker] DEBUG com.github.dockerjava.zerodep.shaded.org.apache.hc.client5.http.wire - http-outgoing-2 << "Api-Version: 1.41[\r][\n]"
11:45:41.590 [Test worker] DEBUG com.github.dockerjava.zerodep.shaded.org.apache.hc.client5.http.wire - http-outgoing-2 << "Content-Type: application/json[\r][\n]"
11:45:41.590 [Test worker] DEBUG com.github.dockerjava.zerodep.shaded.org.apache.hc.client5.http.wire - http-outgoing-2 << "Date: Mon, 26 Sep 2022 02:45:41 GMT[\r][\n]"
11:45:41.590 [Test worker] DEBUG com.github.dockerjava.zerodep.shaded.org.apache.hc.client5.http.wire - http-outgoing-2 << "Docker-Experimental: false[\r][\n]"
11:45:41.590 [Test worker] DEBUG com.github.dockerjava.zerodep.shaded.org.apache.hc.client5.http.wire - http-outgoing-2 << "Ostype: linux[\r][\n]"
11:45:41.590 [Test worker] DEBUG com.github.dockerjava.zerodep.shaded.org.apache.hc.client5.http.wire - http-outgoing-2 << "Server: Docker/20.10.11 (linux)[\r][\n]"
11:45:41.590 [Test worker] DEBUG com.github.dockerjava.zerodep.shaded.org.apache.hc.client5.http.wire - http-outgoing-2 << "Transfer-Encoding: chunked[\r][\n]"
11:45:41.590 [Test worker] DEBUG com.github.dockerjava.zerodep.shaded.org.apache.hc.client5.http.wire - http-outgoing-2 << "[\r][\n]"
11:45:41.590 [Test worker] DEBUG com.github.dockerjava.zerodep.shaded.org.apache.hc.client5.http.headers - http-outgoing-2 << HTTP/1.1 200 OK
11:45:41.590 [Test worker] DEBUG com.github.dockerjava.zerodep.shaded.org.apache.hc.client5.http.headers - http-outgoing-2 << Api-Version: 1.41
11:45:41.590 [Test worker] DEBUG com.github.dockerjava.zerodep.shaded.org.apache.hc.client5.http.headers - http-outgoing-2 << Content-Type: application/json
11:45:41.590 [Test worker] DEBUG com.github.dockerjava.zerodep.shaded.org.apache.hc.client5.http.headers - http-outgoing-2 << Date: Mon, 26 Sep 2022 02:45:41 GMT
11:45:41.590 [Test worker] DEBUG com.github.dockerjava.zerodep.shaded.org.apache.hc.client5.http.headers - http-outgoing-2 << Docker-Experimental: false
11:45:41.590 [Test worker] DEBUG com.github.dockerjava.zerodep.shaded.org.apache.hc.client5.http.headers - http-outgoing-2 << Ostype: linux
11:45:41.590 [Test worker] DEBUG com.github.dockerjava.zerodep.shaded.org.apache.hc.client5.http.headers - http-outgoing-2 << Server: Docker/20.10.11 (linux)
11:45:41.590 [Test worker] DEBUG com.github.dockerjava.zerodep.shaded.org.apache.hc.client5.http.headers - http-outgoing-2 << Transfer-Encoding: chunked
11:45:41.590 [Test worker] DEBUG com.github.dockerjava.zerodep.shaded.org.apache.hc.client5.http.impl.classic.MainClientExec - ex-0000003A: connection can be kept alive for 3 MINUTES
11:45:41.590 [Test worker] DEBUG com.github.dockerjava.zerodep.shaded.org.apache.hc.client5.http.wire - http-outgoing-2 << "1882[\r][\n]"
11:45:41.590 [Test worker] DEBUG com.github.dockerjava.zerodep.shaded.org.apache.hc.client5.http.wire - http-outgoing-2 << "{"Id":"47a7ce05e61aa72bdced5a030ca6064519c62d122a5992816f04e0e528b5b17d","Created":"2022-09-26T02:45:36.042081626Z","Path":"docker-entrypoint.sh","Args":["mysqld"],"State":{"Status":"running","Running":true,"Paused":false,"Restarting":false,"OOMKilled":false,"Dead":false,"Pid":2251,"ExitCode":0,"Error":"","StartedAt":"2022-09-26T02:45:36.388226668Z","FinishedAt":"0001-01-01T00:00:00Z"},"Image":"sha256:5e229524f286e653111cb9d028bf1ba4c3490742c8cd18c84af22538f0e68575","ResolvConfPath":"/var/lib/docker/containers/47a7ce05e61aa72bdced5a030ca6064519c62d122a5992816f04e0e528b5b17d/resolv.conf","HostnamePath":"/var/lib/docker/containers/47a7ce05e61aa72bdced5a030ca6064519c62d122a5992816f04e0e528b5b17d/hostname","HostsPath":"/var/lib/docker/containers/47a7ce05e61aa72bdced5a030ca6064519c62d122a5992816f04e0e528b5b17d/hosts","LogPath":"/var/lib/docker/containers/47a7ce05e61aa72bdced5a030ca6064519c62d122a5992816f04e0e528b5b17d/47a7ce05e61aa72bdced5a030ca6064519c62d122a5992816f04e0e528b5b17d-json.log","Name":"/crazy_chaum","RestartCount":0,"Driver":"overlay2","Platform":"linux","MountLabel":"","ProcessLabel":"","AppArmorProfile":"","ExecIDs":null,"HostConfig":{"Binds":[],"ContainerIDFile":"","LogConfig":{"Type":"json-file","Config":{}},"NetworkMode":"default","PortBindings":{"3306/tcp":[{"HostIp":"0.0.0.0","HostPort":"0"}]},"RestartPolicy":{"Name":"","MaximumRetryCount":0},"AutoRemove":false,"VolumeDriver":"","VolumesFrom":[],"CapAdd":null,"CapDrop":null,"CgroupnsMode":"private","Dns":null,"DnsOptions":null,"DnsSearch":null,"ExtraHosts":[],"GroupAdd":null,"IpcMode":"shareable","Cgroup":"","Links":null,"OomScoreAdj":0,"PidMode":"","Privileged":false,"PublishAllPorts":false,"ReadonlyRootfs":false,"SecurityOpt":null,"UTSMode":"","UsernsMode":"","ShmSize":67108864,"Runtime":"runc","ConsoleSize":[0,0],"Isolation":"","CpuShares":0,"Memory":0,"NanoCpus":0,"CgroupParent":"","BlkioWeight":0,"BlkioWeightDevice":null,"BlkioDeviceReadBps":null,"BlkioDeviceWriteBps":null,"BlkioDeviceReadIOps":null,"BlkioDeviceWriteIOps":null,"CpuPeriod":0,"CpuQuota":0,"CpuRealtimePeriod":0,"CpuRealtimeRuntime":0,"CpusetCpus":"","CpusetMems":"","Devices":null,"DeviceCgroupRules":null,"DeviceRequests":null,"KernelMemory":0,"KernelMemoryTCP":0,"MemoryReservation":0,"MemorySwap":0,"MemorySwappiness":null,"OomKillDisable":null,"PidsLimit":null,"Ulimits":null,"CpuCount":0,"CpuPercent":0,"IOMaximumIOps":0,"IOMaximumBandwidth":0,"MaskedPaths":["/proc/asound","/proc/acpi","/proc/kcore","/proc/keys","/proc/latency_stats","/proc/timer_list","/proc/timer_stats","/proc/sched_debug","/proc/scsi","/sys/firmware"],"ReadonlyPaths":["/proc/bus","/proc/fs","/proc/irq","/proc/sys","/proc/sysrq-trigger"]},"GraphDriver":{"Data":{"LowerDir":"/var/lib/docker/overlay2/45da4782eb6c4075fef21a16271836d62c4e4726b16ef4c5ea199d4e626bdb39-init/diff:/var/lib/docker/overlay2/27a623f1ab748258e017a40f339844ef533377092bad4182aa320e9399893e13/diff:/var/lib/docker/overlay2/d7c1e4de558b6bbbdc3209a51fc73295262b5271709fe659d0e2e94f626eea74/diff:/var/lib/docker/overlay2/2df554f793c3600571e2f078ad2e20025d6b2e35f3d18881ead4f70e2cc26cb8/diff:/var/lib/docker/overlay2/feb23515577245ad51a24945de1e6bab842929569da912a2b4a33a48c6c2331f/diff:/var/lib/docker/overlay2/cc2cdbce154e19d9c4f376917b6c92ebd55b0b495124ffd2c9d7e9c82b6a95f9/diff:/var/lib/docker/overlay2/968467fe01280f82d26487386f320a15000815d63000d5ec89b47acca8f77ef2/diff:/var/lib/docker/overlay2/cc59daa314bbcaec43d6cd4064c7863b4b3976b989121dcf2e32c4710281f247/diff:/var/lib/docker/overlay2/dc5d8b1cf96cfd5d96d68fbed14248edf1244c1a4669ba07b0bab7f3d782f058/diff:/var/lib/docker/overlay2/dcca184158d696706cd99e62ffa3e5c42964eb57190bef35421cdf3f83a8c130/diff:/var/lib/docker/overlay2/a7f928596da67ce59f34b0ba4cee4a3b948b94f91ad0b0b6260dc54fb9b5a048/diff:/var/lib/docker/overlay2/6ac5adbfff6202b1faa13a2a2fd92625bdda668cdac1a1d2230becbb394e569f/diff","MergedDir":"/var/lib/docker/overlay2/45da4782eb6c4075fef21a16271836d62c4e4726b16ef4c5ea199d4e626bdb39/merged","UpperDir":"/var/lib/docker/overlay2/45da4782eb6c4075fef21a16271836d62c4e4726b16ef4c5ea199d4e626bdb39/diff","WorkDir":"/var/lib/docker/overlay2/45da4782eb6c4075fef21a16271836d62c4e4726b16ef4c5ea199d4e626bdb39/work"},"Name":"overlay2"},"Mounts":[{"Type":"volume","Name":"08668a73464516d2c615e247a561222f461f2385cff5615e53cc78e96456230c","Source":"/var/lib/docker/volumes/08668a73464516d2c615e247a561222f461f2385cff5615e53cc78e96456230c/_data","Destination":"/var/lib/mysql","Driver":"local","Mode":"","RW":true,"Propagation":""}],"Config":{"Hostname":"47a7ce05e61a","Domainname":"","User":"","AttachStdin":false,"AttachStdout":false,"AttachStderr":false,"ExposedPorts":{"3306/tcp":{},"33060/tcp":{}},"Tty":false,"OpenStdin":false,"StdinOnce":false,"Env":["MYSQL_DATABASE=lotification","MYSQL_PASSWORD=1234","MYSQL_USER=admin","MYSQL_ROOT_PASSWORD=1234","PATH=/usr/local/sbin:/usr/local/bin:/usr/sbin:/usr/bin:/sbin:/bin","GOSU_VERSION=1.14","MYSQL_MAJOR=8.0","MYSQL_VERSION=8.0.30-1.el8","MYSQL_SHELL_VERSION=8.0.30-1.el8"],"Cmd":["mysqld"],"Image":"mysql:8","Volumes":{"/var/lib/mysql":{}},"WorkingDir":"","Entrypoint":["docker-entrypoint.sh"],"OnBuild":null,"Labels":{"org.testcontainers":"true","org.testcontainers.sessionId":"c5b4bded-8a7b-4309-a94c-5bb153977152"}},"NetworkSettings":{"Bridge":"","SandboxID":"c87f478ec31081a2fc02a6d53fa5addc8f61962dea8dd5c17c1c641e1a25e99b","HairpinMode":false,"LinkLocalIPv6Address":"","LinkLocalIPv6PrefixLen":0,"Ports":{"3306/tcp":[{"HostIp":"0.0.0.0","HostPort":"63346"}],"33060/tcp":null},"SandboxKey":"/var/run/docker/netns/c87f478ec310","SecondaryIPAddresses":null,"SecondaryIPv6Addresses":null,"EndpointID":"7830774c518a6ae45bc93e5b48bd99e8a609aa29230b007326fa87b5ca32567f","Gateway":"172.17.0.1","GlobalIPv6Address":"","GlobalIPv6PrefixLen":0,"IPAddress":"172.17.0.4","IPPrefixLen":16,"IPv6Gateway":"","MacAddress":"02:42:ac:11:00:04","Networks":{"bridge":{"IPAMConfig":null,"Links":null,"Aliases":null,"NetworkID":"42b943ace1ba272d06317befbba08f853c5a08f211a0bdf3660599ced98f9c17","EndpointID":"7830774c518a6ae45bc93e5b48bd99e8a609aa29230b007326fa87b5ca32567f","Gateway":"172.17.0.1","IPAddress":"172.17.0.4","IPPrefixLen":16,"IPv6Gateway":"","GlobalIPv6Address":"","GlobalIPv6PrefixLen":0,"MacAddress":"02:42:ac:11:00:04","DriverOpts":null}}}}[\n]"
11:45:41.590 [Test worker] DEBUG com.github.dockerjava.zerodep.shaded.org.apache.hc.client5.http.wire - http-outgoing-2 << "[\r][\n]"
11:45:41.591 [Test worker] DEBUG com.github.dockerjava.zerodep.shaded.org.apache.hc.client5.http.wire - http-outgoing-2 << "0[\r][\n]"
11:45:41.591 [Test worker] DEBUG com.github.dockerjava.zerodep.shaded.org.apache.hc.client5.http.wire - http-outgoing-2 << "[\r][\n]"
11:45:41.591 [Test worker] DEBUG com.github.dockerjava.zerodep.shaded.org.apache.hc.client5.http.impl.classic.InternalHttpClient - ep-00000039: releasing valid endpoint
11:45:41.591 [Test worker] DEBUG com.github.dockerjava.zerodep.shaded.org.apache.hc.client5.http.impl.io.PoolingHttpClientConnectionManager - ep-00000039: releasing endpoint
11:45:41.591 [Test worker] DEBUG com.github.dockerjava.zerodep.shaded.org.apache.hc.client5.http.impl.io.PoolingHttpClientConnectionManager - ep-00000039: connection http-outgoing-2 can be kept alive for 3 MINUTES
11:45:41.591 [Test worker] DEBUG com.github.dockerjava.zerodep.shaded.org.apache.hc.client5.http.impl.io.PoolingHttpClientConnectionManager - ep-00000039: connection released [route: {}->unix://localhost:2375][total available: 1; route allocated: 1 of 2147483647; total allocated: 1 of 2147483647]
11:45:41.591 [Test worker] DEBUG ]]>&#x1f433;<![CDATA[ [mysql:8] - Trying to create JDBC connection using com.mysql.cj.jdbc.Driver to jdbc:mysql://localhost:63346/lotification?useSSL=false&allowPublicKeyRetrieval=true with properties: {password=1234, user=admin}
11:45:41.698 [Test worker] DEBUG org.testcontainers.shaded.com.github.dockerjava.core.command.AbstrDockerCmd - Cmd: 47a7ce05e61aa72bdced5a030ca6064519c62d122a5992816f04e0e528b5b17d,false
11:45:41.698 [Test worker] DEBUG org.testcontainers.shaded.com.github.dockerjava.core.exec.InspectContainerCmdExec - GET: DefaultWebTarget{path=[/containers/47a7ce05e61aa72bdced5a030ca6064519c62d122a5992816f04e0e528b5b17d/json], queryParams={}}
11:45:41.698 [Test worker] DEBUG com.github.dockerjava.zerodep.shaded.org.apache.hc.client5.http.impl.classic.InternalHttpClient - ex-0000003B: preparing request execution
11:45:41.699 [Test worker] DEBUG com.github.dockerjava.zerodep.shaded.org.apache.hc.client5.http.protocol.RequestAddCookies - Cookie spec selected: strict
11:45:41.699 [Test worker] DEBUG com.github.dockerjava.zerodep.shaded.org.apache.hc.client5.http.protocol.RequestAuthCache - Auth cache not set in the context
11:45:41.699 [Test worker] DEBUG com.github.dockerjava.zerodep.shaded.org.apache.hc.client5.http.impl.classic.ProtocolExec - ex-0000003B: target auth state: UNCHALLENGED
11:45:41.699 [Test worker] DEBUG com.github.dockerjava.zerodep.shaded.org.apache.hc.client5.http.impl.classic.ProtocolExec - ex-0000003B: proxy auth state: UNCHALLENGED
11:45:41.699 [Test worker] DEBUG com.github.dockerjava.zerodep.shaded.org.apache.hc.client5.http.impl.classic.ConnectExec - ex-0000003B: acquiring connection with route {}->unix://localhost:2375
11:45:41.699 [Test worker] DEBUG com.github.dockerjava.zerodep.shaded.org.apache.hc.client5.http.impl.classic.InternalHttpClient - ex-0000003B: acquiring endpoint (3 MINUTES)
11:45:41.699 [Test worker] DEBUG com.github.dockerjava.zerodep.shaded.org.apache.hc.client5.http.impl.io.PoolingHttpClientConnectionManager - ex-0000003B: endpoint lease request (3 MINUTES) [route: {}->unix://localhost:2375][total available: 1; route allocated: 1 of 2147483647; total allocated: 1 of 2147483647]
11:45:41.699 [Test worker] DEBUG com.github.dockerjava.zerodep.shaded.org.apache.hc.client5.http.impl.io.PoolingHttpClientConnectionManager - ex-0000003B: endpoint leased [route: {}->unix://localhost:2375][total available: 0; route allocated: 1 of 2147483647; total allocated: 1 of 2147483647]
11:45:41.699 [Test worker] DEBUG com.github.dockerjava.zerodep.shaded.org.apache.hc.client5.http.impl.io.PoolingHttpClientConnectionManager - ex-0000003B: acquired ep-0000003A
11:45:41.699 [Test worker] DEBUG com.github.dockerjava.zerodep.shaded.org.apache.hc.client5.http.impl.classic.InternalHttpClient - ex-0000003B: acquired endpoint ep-0000003A
11:45:41.699 [Test worker] DEBUG com.github.dockerjava.zerodep.shaded.org.apache.hc.client5.http.impl.classic.MainClientExec - ex-0000003B: executing GET /v1.32/containers/47a7ce05e61aa72bdced5a030ca6064519c62d122a5992816f04e0e528b5b17d/json HTTP/1.1
11:45:41.699 [Test worker] DEBUG com.github.dockerjava.zerodep.shaded.org.apache.hc.client5.http.impl.classic.InternalHttpClient - ep-0000003A: start execution ex-0000003B
11:45:41.699 [Test worker] DEBUG com.github.dockerjava.zerodep.shaded.org.apache.hc.client5.http.impl.io.PoolingHttpClientConnectionManager - ep-0000003A: executing exchange ex-0000003B over http-outgoing-2
11:45:41.699 [Test worker] DEBUG com.github.dockerjava.zerodep.shaded.org.apache.hc.client5.http.headers - http-outgoing-2 >> GET /v1.32/containers/47a7ce05e61aa72bdced5a030ca6064519c62d122a5992816f04e0e528b5b17d/json HTTP/1.1
11:45:41.699 [Test worker] DEBUG com.github.dockerjava.zerodep.shaded.org.apache.hc.client5.http.headers - http-outgoing-2 >> accept: application/json
11:45:41.699 [Test worker] DEBUG com.github.dockerjava.zerodep.shaded.org.apache.hc.client5.http.headers - http-outgoing-2 >> x-tc-sid: c5b4bded-8a7b-4309-a94c-5bb153977152
11:45:41.699 [Test worker] DEBUG com.github.dockerjava.zerodep.shaded.org.apache.hc.client5.http.headers - http-outgoing-2 >> Accept-Encoding: gzip, x-gzip, deflate
11:45:41.699 [Test worker] DEBUG com.github.dockerjava.zerodep.shaded.org.apache.hc.client5.http.headers - http-outgoing-2 >> Host: localhost:2375
11:45:41.699 [Test worker] DEBUG com.github.dockerjava.zerodep.shaded.org.apache.hc.client5.http.headers - http-outgoing-2 >> Connection: keep-alive
11:45:41.699 [Test worker] DEBUG com.github.dockerjava.zerodep.shaded.org.apache.hc.client5.http.headers - http-outgoing-2 >> User-Agent: Apache-HttpClient/5.0.3 (Java/17.0.3)
11:45:41.699 [Test worker] DEBUG com.github.dockerjava.zerodep.shaded.org.apache.hc.client5.http.wire - http-outgoing-2 >> "GET /v1.32/containers/47a7ce05e61aa72bdced5a030ca6064519c62d122a5992816f04e0e528b5b17d/json HTTP/1.1[\r][\n]"
11:45:41.699 [Test worker] DEBUG com.github.dockerjava.zerodep.shaded.org.apache.hc.client5.http.wire - http-outgoing-2 >> "accept: application/json[\r][\n]"
11:45:41.699 [Test worker] DEBUG com.github.dockerjava.zerodep.shaded.org.apache.hc.client5.http.wire - http-outgoing-2 >> "x-tc-sid: c5b4bded-8a7b-4309-a94c-5bb153977152[\r][\n]"
11:45:41.699 [Test worker] DEBUG com.github.dockerjava.zerodep.shaded.org.apache.hc.client5.http.wire - http-outgoing-2 >> "Accept-Encoding: gzip, x-gzip, deflate[\r][\n]"
11:45:41.699 [Test worker] DEBUG com.github.dockerjava.zerodep.shaded.org.apache.hc.client5.http.wire - http-outgoing-2 >> "Host: localhost:2375[\r][\n]"
11:45:41.699 [Test worker] DEBUG com.github.dockerjava.zerodep.shaded.org.apache.hc.client5.http.wire - http-outgoing-2 >> "Connection: keep-alive[\r][\n]"
11:45:41.699 [Test worker] DEBUG com.github.dockerjava.zerodep.shaded.org.apache.hc.client5.http.wire - http-outgoing-2 >> "User-Agent: Apache-HttpClient/5.0.3 (Java/17.0.3)[\r][\n]"
11:45:41.699 [Test worker] DEBUG com.github.dockerjava.zerodep.shaded.org.apache.hc.client5.http.wire - http-outgoing-2 >> "[\r][\n]"
11:45:41.701 [Test worker] DEBUG com.github.dockerjava.zerodep.shaded.org.apache.hc.client5.http.wire - http-outgoing-2 << "HTTP/1.1 200 OK[\r][\n]"
11:45:41.701 [Test worker] DEBUG com.github.dockerjava.zerodep.shaded.org.apache.hc.client5.http.wire - http-outgoing-2 << "Api-Version: 1.41[\r][\n]"
11:45:41.701 [Test worker] DEBUG com.github.dockerjava.zerodep.shaded.org.apache.hc.client5.http.wire - http-outgoing-2 << "Content-Type: application/json[\r][\n]"
11:45:41.701 [Test worker] DEBUG com.github.dockerjava.zerodep.shaded.org.apache.hc.client5.http.wire - http-outgoing-2 << "Date: Mon, 26 Sep 2022 02:45:41 GMT[\r][\n]"
11:45:41.701 [Test worker] DEBUG com.github.dockerjava.zerodep.shaded.org.apache.hc.client5.http.wire - http-outgoing-2 << "Docker-Experimental: false[\r][\n]"
11:45:41.701 [Test worker] DEBUG com.github.dockerjava.zerodep.shaded.org.apache.hc.client5.http.wire - http-outgoing-2 << "Ostype: linux[\r][\n]"
11:45:41.701 [Test worker] DEBUG com.github.dockerjava.zerodep.shaded.org.apache.hc.client5.http.wire - http-outgoing-2 << "Server: Docker/20.10.11 (linux)[\r][\n]"
11:45:41.702 [Test worker] DEBUG com.github.dockerjava.zerodep.shaded.org.apache.hc.client5.http.wire - http-outgoing-2 << "Transfer-Encoding: chunked[\r][\n]"
11:45:41.702 [Test worker] DEBUG com.github.dockerjava.zerodep.shaded.org.apache.hc.client5.http.wire - http-outgoing-2 << "[\r][\n]"
11:45:41.702 [Test worker] DEBUG com.github.dockerjava.zerodep.shaded.org.apache.hc.client5.http.headers - http-outgoing-2 << HTTP/1.1 200 OK
11:45:41.702 [Test worker] DEBUG com.github.dockerjava.zerodep.shaded.org.apache.hc.client5.http.headers - http-outgoing-2 << Api-Version: 1.41
11:45:41.702 [Test worker] DEBUG com.github.dockerjava.zerodep.shaded.org.apache.hc.client5.http.headers - http-outgoing-2 << Content-Type: application/json
11:45:41.702 [Test worker] DEBUG com.github.dockerjava.zerodep.shaded.org.apache.hc.client5.http.headers - http-outgoing-2 << Date: Mon, 26 Sep 2022 02:45:41 GMT
11:45:41.702 [Test worker] DEBUG com.github.dockerjava.zerodep.shaded.org.apache.hc.client5.http.headers - http-outgoing-2 << Docker-Experimental: false
11:45:41.702 [Test worker] DEBUG com.github.dockerjava.zerodep.shaded.org.apache.hc.client5.http.headers - http-outgoing-2 << Ostype: linux
11:45:41.702 [Test worker] DEBUG com.github.dockerjava.zerodep.shaded.org.apache.hc.client5.http.headers - http-outgoing-2 << Server: Docker/20.10.11 (linux)
11:45:41.702 [Test worker] DEBUG com.github.dockerjava.zerodep.shaded.org.apache.hc.client5.http.headers - http-outgoing-2 << Transfer-Encoding: chunked
11:45:41.702 [Test worker] DEBUG com.github.dockerjava.zerodep.shaded.org.apache.hc.client5.http.impl.classic.MainClientExec - ex-0000003B: connection can be kept alive for 3 MINUTES
11:45:41.702 [Test worker] DEBUG com.github.dockerjava.zerodep.shaded.org.apache.hc.client5.http.wire - http-outgoing-2 << "1882[\r][\n]"
11:45:41.702 [Test worker] DEBUG com.github.dockerjava.zerodep.shaded.org.apache.hc.client5.http.wire - http-outgoing-2 << "{"Id":"47a7ce05e61aa72bdced5a030ca6064519c62d122a5992816f04e0e528b5b17d","Created":"2022-09-26T02:45:36.042081626Z","Path":"docker-entrypoint.sh","Args":["mysqld"],"State":{"Status":"running","Running":true,"Paused":false,"Restarting":false,"OOMKilled":false,"Dead":false,"Pid":2251,"ExitCode":0,"Error":"","StartedAt":"2022-09-26T02:45:36.388226668Z","FinishedAt":"0001-01-01T00:00:00Z"},"Image":"sha256:5e229524f286e653111cb9d028bf1ba4c3490742c8cd18c84af22538f0e68575","ResolvConfPath":"/var/lib/docker/containers/47a7ce05e61aa72bdced5a030ca6064519c62d122a5992816f04e0e528b5b17d/resolv.conf","HostnamePath":"/var/lib/docker/containers/47a7ce05e61aa72bdced5a030ca6064519c62d122a5992816f04e0e528b5b17d/hostname","HostsPath":"/var/lib/docker/containers/47a7ce05e61aa72bdced5a030ca6064519c62d122a5992816f04e0e528b5b17d/hosts","LogPath":"/var/lib/docker/containers/47a7ce05e61aa72bdced5a030ca6064519c62d122a5992816f04e0e528b5b17d/47a7ce05e61aa72bdced5a030ca6064519c62d122a5992816f04e0e528b5b17d-json.log","Name":"/crazy_chaum","RestartCount":0,"Driver":"overlay2","Platform":"linux","MountLabel":"","ProcessLabel":"","AppArmorProfile":"","ExecIDs":null,"HostConfig":{"Binds":[],"ContainerIDFile":"","LogConfig":{"Type":"json-file","Config":{}},"NetworkMode":"default","PortBindings":{"3306/tcp":[{"HostIp":"0.0.0.0","HostPort":"0"}]},"RestartPolicy":{"Name":"","MaximumRetryCount":0},"AutoRemove":false,"VolumeDriver":"","VolumesFrom":[],"CapAdd":null,"CapDrop":null,"CgroupnsMode":"private","Dns":null,"DnsOptions":null,"DnsSearch":null,"ExtraHosts":[],"GroupAdd":null,"IpcMode":"shareable","Cgroup":"","Links":null,"OomScoreAdj":0,"PidMode":"","Privileged":false,"PublishAllPorts":false,"ReadonlyRootfs":false,"SecurityOpt":null,"UTSMode":"","UsernsMode":"","ShmSize":67108864,"Runtime":"runc","ConsoleSize":[0,0],"Isolation":"","CpuShares":0,"Memory":0,"NanoCpus":0,"CgroupParent":"","BlkioWeight":0,"BlkioWeightDevice":null,"BlkioDeviceReadBps":null,"BlkioDeviceWriteBps":null,"BlkioDeviceReadIOps":null,"BlkioDeviceWriteIOps":null,"CpuPeriod":0,"CpuQuota":0,"CpuRealtimePeriod":0,"CpuRealtimeRuntime":0,"CpusetCpus":"","CpusetMems":"","Devices":null,"DeviceCgroupRules":null,"DeviceRequests":null,"KernelMemory":0,"KernelMemoryTCP":0,"MemoryReservation":0,"MemorySwap":0,"MemorySwappiness":null,"OomKillDisable":null,"PidsLimit":null,"Ulimits":null,"CpuCount":0,"CpuPercent":0,"IOMaximumIOps":0,"IOMaximumBandwidth":0,"MaskedPaths":["/proc/asound","/proc/acpi","/proc/kcore","/proc/keys","/proc/latency_stats","/proc/timer_list","/proc/timer_stats","/proc/sched_debug","/proc/scsi","/sys/firmware"],"ReadonlyPaths":["/proc/bus","/proc/fs","/proc/irq","/proc/sys","/proc/sysrq-trigger"]},"GraphDriver":{"Data":{"LowerDir":"/var/lib/docker/overlay2/45da4782eb6c4075fef21a16271836d62c4e4726b16ef4c5ea199d4e626bdb39-init/diff:/var/lib/docker/overlay2/27a623f1ab748258e017a40f339844ef533377092bad4182aa320e9399893e13/diff:/var/lib/docker/overlay2/d7c1e4de558b6bbbdc3209a51fc73295262b5271709fe659d0e2e94f626eea74/diff:/var/lib/docker/overlay2/2df554f793c3600571e2f078ad2e20025d6b2e35f3d18881ead4f70e2cc26cb8/diff:/var/lib/docker/overlay2/feb23515577245ad51a24945de1e6bab842929569da912a2b4a33a48c6c2331f/diff:/var/lib/docker/overlay2/cc2cdbce154e19d9c4f376917b6c92ebd55b0b495124ffd2c9d7e9c82b6a95f9/diff:/var/lib/docker/overlay2/968467fe01280f82d26487386f320a15000815d63000d5ec89b47acca8f77ef2/diff:/var/lib/docker/overlay2/cc59daa314bbcaec43d6cd4064c7863b4b3976b989121dcf2e32c4710281f247/diff:/var/lib/docker/overlay2/dc5d8b1cf96cfd5d96d68fbed14248edf1244c1a4669ba07b0bab7f3d782f058/diff:/var/lib/docker/overlay2/dcca184158d696706cd99e62ffa3e5c42964eb57190bef35421cdf3f83a8c130/diff:/var/lib/docker/overlay2/a7f928596da67ce59f34b0ba4cee4a3b948b94f91ad0b0b6260dc54fb9b5a048/diff:/var/lib/docker/overlay2/6ac5adbfff6202b1faa13a2a2fd92625bdda668cdac1a1d2230becbb394e569f/diff","MergedDir":"/var/lib/docker/overlay2/45da4782eb6c4075fef21a16271836d62c4e4726b16ef4c5ea199d4e626bdb39/merged","UpperDir":"/var/lib/docker/overlay2/45da4782eb6c4075fef21a16271836d62c4e4726b16ef4c5ea199d4e626bdb39/diff","WorkDir":"/var/lib/docker/overlay2/45da4782eb6c4075fef21a16271836d62c4e4726b16ef4c5ea199d4e626bdb39/work"},"Name":"overlay2"},"Mounts":[{"Type":"volume","Name":"08668a73464516d2c615e247a561222f461f2385cff5615e53cc78e96456230c","Source":"/var/lib/docker/volumes/08668a73464516d2c615e247a561222f461f2385cff5615e53cc78e96456230c/_data","Destination":"/var/lib/mysql","Driver":"local","Mode":"","RW":true,"Propagation":""}],"Config":{"Hostname":"47a7ce05e61a","Domainname":"","User":"","AttachStdin":false,"AttachStdout":false,"AttachStderr":false,"ExposedPorts":{"3306/tcp":{},"33060/tcp":{}},"Tty":false,"OpenStdin":false,"StdinOnce":false,"Env":["MYSQL_DATABASE=lotification","MYSQL_PASSWORD=1234","MYSQL_USER=admin","MYSQL_ROOT_PASSWORD=1234","PATH=/usr/local/sbin:/usr/local/bin:/usr/sbin:/usr/bin:/sbin:/bin","GOSU_VERSION=1.14","MYSQL_MAJOR=8.0","MYSQL_VERSION=8.0.30-1.el8","MYSQL_SHELL_VERSION=8.0.30-1.el8"],"Cmd":["mysqld"],"Image":"mysql:8","Volumes":{"/var/lib/mysql":{}},"WorkingDir":"","Entrypoint":["docker-entrypoint.sh"],"OnBuild":null,"Labels":{"org.testcontainers":"true","org.testcontainers.sessionId":"c5b4bded-8a7b-4309-a94c-5bb153977152"}},"NetworkSettings":{"Bridge":"","SandboxID":"c87f478ec31081a2fc02a6d53fa5addc8f61962dea8dd5c17c1c641e1a25e99b","HairpinMode":false,"LinkLocalIPv6Address":"","LinkLocalIPv6PrefixLen":0,"Ports":{"3306/tcp":[{"HostIp":"0.0.0.0","HostPort":"63346"}],"33060/tcp":null},"SandboxKey":"/var/run/docker/netns/c87f478ec310","SecondaryIPAddresses":null,"SecondaryIPv6Addresses":null,"EndpointID":"7830774c518a6ae45bc93e5b48bd99e8a609aa29230b007326fa87b5ca32567f","Gateway":"172.17.0.1","GlobalIPv6Address":"","GlobalIPv6PrefixLen":0,"IPAddress":"172.17.0.4","IPPrefixLen":16,"IPv6Gateway":"","MacAddress":"02:42:ac:11:00:04","Networks":{"bridge":{"IPAMConfig":null,"Links":null,"Aliases":null,"NetworkID":"42b943ace1ba272d06317befbba08f853c5a08f211a0bdf3660599ced98f9c17","EndpointID":"7830774c518a6ae45bc93e5b48bd99e8a609aa29230b007326fa87b5ca32567f","Gateway":"172.17.0.1","IPAddress":"172.17.0.4","IPPrefixLen":16,"IPv6Gateway":"","GlobalIPv6Address":"","GlobalIPv6PrefixLen":0,"MacAddress":"02:42:ac:11:00:04","DriverOpts":null}}}}[\n]"
11:45:41.702 [Test worker] DEBUG com.github.dockerjava.zerodep.shaded.org.apache.hc.client5.http.wire - http-outgoing-2 << "[\r][\n]"
11:45:41.702 [Test worker] DEBUG com.github.dockerjava.zerodep.shaded.org.apache.hc.client5.http.wire - http-outgoing-2 << "0[\r][\n]"
11:45:41.702 [Test worker] DEBUG com.github.dockerjava.zerodep.shaded.org.apache.hc.client5.http.wire - http-outgoing-2 << "[\r][\n]"
11:45:41.702 [Test worker] DEBUG com.github.dockerjava.zerodep.shaded.org.apache.hc.client5.http.impl.classic.InternalHttpClient - ep-0000003A: releasing valid endpoint
11:45:41.702 [Test worker] DEBUG com.github.dockerjava.zerodep.shaded.org.apache.hc.client5.http.impl.io.PoolingHttpClientConnectionManager - ep-0000003A: releasing endpoint
11:45:41.702 [Test worker] DEBUG com.github.dockerjava.zerodep.shaded.org.apache.hc.client5.http.impl.io.PoolingHttpClientConnectionManager - ep-0000003A: connection http-outgoing-2 can be kept alive for 3 MINUTES
11:45:41.703 [Test worker] DEBUG com.github.dockerjava.zerodep.shaded.org.apache.hc.client5.http.impl.io.PoolingHttpClientConnectionManager - ep-0000003A: connection released [route: {}->unix://localhost:2375][total available: 1; route allocated: 1 of 2147483647; total allocated: 1 of 2147483647]
11:45:41.703 [Test worker] DEBUG ]]>&#x1f433;<![CDATA[ [mysql:8] - Trying to create JDBC connection using com.mysql.cj.jdbc.Driver to jdbc:mysql://localhost:63346/lotification?useSSL=false&allowPublicKeyRetrieval=true with properties: {password=1234, user=admin}
11:45:41.810 [Test worker] DEBUG org.testcontainers.shaded.com.github.dockerjava.core.command.AbstrDockerCmd - Cmd: 47a7ce05e61aa72bdced5a030ca6064519c62d122a5992816f04e0e528b5b17d,false
11:45:41.810 [Test worker] DEBUG org.testcontainers.shaded.com.github.dockerjava.core.exec.InspectContainerCmdExec - GET: DefaultWebTarget{path=[/containers/47a7ce05e61aa72bdced5a030ca6064519c62d122a5992816f04e0e528b5b17d/json], queryParams={}}
11:45:41.810 [Test worker] DEBUG com.github.dockerjava.zerodep.shaded.org.apache.hc.client5.http.impl.classic.InternalHttpClient - ex-0000003C: preparing request execution
11:45:41.811 [Test worker] DEBUG com.github.dockerjava.zerodep.shaded.org.apache.hc.client5.http.protocol.RequestAddCookies - Cookie spec selected: strict
11:45:41.811 [Test worker] DEBUG com.github.dockerjava.zerodep.shaded.org.apache.hc.client5.http.protocol.RequestAuthCache - Auth cache not set in the context
11:45:41.811 [Test worker] DEBUG com.github.dockerjava.zerodep.shaded.org.apache.hc.client5.http.impl.classic.ProtocolExec - ex-0000003C: target auth state: UNCHALLENGED
11:45:41.811 [Test worker] DEBUG com.github.dockerjava.zerodep.shaded.org.apache.hc.client5.http.impl.classic.ProtocolExec - ex-0000003C: proxy auth state: UNCHALLENGED
11:45:41.811 [Test worker] DEBUG com.github.dockerjava.zerodep.shaded.org.apache.hc.client5.http.impl.classic.ConnectExec - ex-0000003C: acquiring connection with route {}->unix://localhost:2375
11:45:41.811 [Test worker] DEBUG com.github.dockerjava.zerodep.shaded.org.apache.hc.client5.http.impl.classic.InternalHttpClient - ex-0000003C: acquiring endpoint (3 MINUTES)
11:45:41.811 [Test worker] DEBUG com.github.dockerjava.zerodep.shaded.org.apache.hc.client5.http.impl.io.PoolingHttpClientConnectionManager - ex-0000003C: endpoint lease request (3 MINUTES) [route: {}->unix://localhost:2375][total available: 1; route allocated: 1 of 2147483647; total allocated: 1 of 2147483647]
11:45:41.811 [Test worker] DEBUG com.github.dockerjava.zerodep.shaded.org.apache.hc.client5.http.impl.io.PoolingHttpClientConnectionManager - ex-0000003C: endpoint leased [route: {}->unix://localhost:2375][total available: 0; route allocated: 1 of 2147483647; total allocated: 1 of 2147483647]
11:45:41.811 [Test worker] DEBUG com.github.dockerjava.zerodep.shaded.org.apache.hc.client5.http.impl.io.PoolingHttpClientConnectionManager - ex-0000003C: acquired ep-0000003B
11:45:41.811 [Test worker] DEBUG com.github.dockerjava.zerodep.shaded.org.apache.hc.client5.http.impl.classic.InternalHttpClient - ex-0000003C: acquired endpoint ep-0000003B
11:45:41.811 [Test worker] DEBUG com.github.dockerjava.zerodep.shaded.org.apache.hc.client5.http.impl.classic.MainClientExec - ex-0000003C: executing GET /v1.32/containers/47a7ce05e61aa72bdced5a030ca6064519c62d122a5992816f04e0e528b5b17d/json HTTP/1.1
11:45:41.811 [Test worker] DEBUG com.github.dockerjava.zerodep.shaded.org.apache.hc.client5.http.impl.classic.InternalHttpClient - ep-0000003B: start execution ex-0000003C
11:45:41.811 [Test worker] DEBUG com.github.dockerjava.zerodep.shaded.org.apache.hc.client5.http.impl.io.PoolingHttpClientConnectionManager - ep-0000003B: executing exchange ex-0000003C over http-outgoing-2
11:45:41.811 [Test worker] DEBUG com.github.dockerjava.zerodep.shaded.org.apache.hc.client5.http.headers - http-outgoing-2 >> GET /v1.32/containers/47a7ce05e61aa72bdced5a030ca6064519c62d122a5992816f04e0e528b5b17d/json HTTP/1.1
11:45:41.811 [Test worker] DEBUG com.github.dockerjava.zerodep.shaded.org.apache.hc.client5.http.headers - http-outgoing-2 >> accept: application/json
11:45:41.811 [Test worker] DEBUG com.github.dockerjava.zerodep.shaded.org.apache.hc.client5.http.headers - http-outgoing-2 >> x-tc-sid: c5b4bded-8a7b-4309-a94c-5bb153977152
11:45:41.811 [Test worker] DEBUG com.github.dockerjava.zerodep.shaded.org.apache.hc.client5.http.headers - http-outgoing-2 >> Accept-Encoding: gzip, x-gzip, deflate
11:45:41.811 [Test worker] DEBUG com.github.dockerjava.zerodep.shaded.org.apache.hc.client5.http.headers - http-outgoing-2 >> Host: localhost:2375
11:45:41.811 [Test worker] DEBUG com.github.dockerjava.zerodep.shaded.org.apache.hc.client5.http.headers - http-outgoing-2 >> Connection: keep-alive
11:45:41.811 [Test worker] DEBUG com.github.dockerjava.zerodep.shaded.org.apache.hc.client5.http.headers - http-outgoing-2 >> User-Agent: Apache-HttpClient/5.0.3 (Java/17.0.3)
11:45:41.811 [Test worker] DEBUG com.github.dockerjava.zerodep.shaded.org.apache.hc.client5.http.wire - http-outgoing-2 >> "GET /v1.32/containers/47a7ce05e61aa72bdced5a030ca6064519c62d122a5992816f04e0e528b5b17d/json HTTP/1.1[\r][\n]"
11:45:41.811 [Test worker] DEBUG com.github.dockerjava.zerodep.shaded.org.apache.hc.client5.http.wire - http-outgoing-2 >> "accept: application/json[\r][\n]"
11:45:41.811 [Test worker] DEBUG com.github.dockerjava.zerodep.shaded.org.apache.hc.client5.http.wire - http-outgoing-2 >> "x-tc-sid: c5b4bded-8a7b-4309-a94c-5bb153977152[\r][\n]"
11:45:41.811 [Test worker] DEBUG com.github.dockerjava.zerodep.shaded.org.apache.hc.client5.http.wire - http-outgoing-2 >> "Accept-Encoding: gzip, x-gzip, deflate[\r][\n]"
11:45:41.811 [Test worker] DEBUG com.github.dockerjava.zerodep.shaded.org.apache.hc.client5.http.wire - http-outgoing-2 >> "Host: localhost:2375[\r][\n]"
11:45:41.811 [Test worker] DEBUG com.github.dockerjava.zerodep.shaded.org.apache.hc.client5.http.wire - http-outgoing-2 >> "Connection: keep-alive[\r][\n]"
11:45:41.811 [Test worker] DEBUG com.github.dockerjava.zerodep.shaded.org.apache.hc.client5.http.wire - http-outgoing-2 >> "User-Agent: Apache-HttpClient/5.0.3 (Java/17.0.3)[\r][\n]"
11:45:41.811 [Test worker] DEBUG com.github.dockerjava.zerodep.shaded.org.apache.hc.client5.http.wire - http-outgoing-2 >> "[\r][\n]"
11:45:41.815 [Test worker] DEBUG com.github.dockerjava.zerodep.shaded.org.apache.hc.client5.http.wire - http-outgoing-2 << "HTTP/1.1 200 OK[\r][\n]"
11:45:41.815 [Test worker] DEBUG com.github.dockerjava.zerodep.shaded.org.apache.hc.client5.http.wire - http-outgoing-2 << "Api-Version: 1.41[\r][\n]"
11:45:41.815 [Test worker] DEBUG com.github.dockerjava.zerodep.shaded.org.apache.hc.client5.http.wire - http-outgoing-2 << "Content-Type: application/json[\r][\n]"
11:45:41.815 [Test worker] DEBUG com.github.dockerjava.zerodep.shaded.org.apache.hc.client5.http.wire - http-outgoing-2 << "Date: Mon, 26 Sep 2022 02:45:41 GMT[\r][\n]"
11:45:41.815 [Test worker] DEBUG com.github.dockerjava.zerodep.shaded.org.apache.hc.client5.http.wire - http-outgoing-2 << "Docker-Experimental: false[\r][\n]"
11:45:41.815 [Test worker] DEBUG com.github.dockerjava.zerodep.shaded.org.apache.hc.client5.http.wire - http-outgoing-2 << "Ostype: linux[\r][\n]"
11:45:41.815 [Test worker] DEBUG com.github.dockerjava.zerodep.shaded.org.apache.hc.client5.http.wire - http-outgoing-2 << "Server: Docker/20.10.11 (linux)[\r][\n]"
11:45:41.815 [Test worker] DEBUG com.github.dockerjava.zerodep.shaded.org.apache.hc.client5.http.wire - http-outgoing-2 << "Transfer-Encoding: chunked[\r][\n]"
11:45:41.815 [Test worker] DEBUG com.github.dockerjava.zerodep.shaded.org.apache.hc.client5.http.wire - http-outgoing-2 << "[\r][\n]"
11:45:41.815 [Test worker] DEBUG com.github.dockerjava.zerodep.shaded.org.apache.hc.client5.http.wire - http-outgoing-2 << "1882[\r][\n]"
11:45:41.815 [Test worker] DEBUG com.github.dockerjava.zerodep.shaded.org.apache.hc.client5.http.wire - http-outgoing-2 << "{"Id":"47a7ce05e61aa72bdced5a030ca6064519c62d122a5992816f04e0e528b5b17d","Created":"2022-09-26T02:45:36.042081626Z","Path":"docker-entrypoint.sh","Args":["mysqld"],"State":{"Status":"running","Running":true,"Paused":false,"Restarting":false,"OOMKilled":false,"Dead":false,"Pid":2251,"ExitCode":0,"Error":"","StartedAt":"2022-09-26T02:45:36.388226668Z","FinishedAt":"0001-01-01T00:00:00Z"},"Image":"sha256:5e229524f286e653111cb9d028bf1ba4c3490742c8cd18c84af22538f0e68575","ResolvConfPath":"/var/lib/docker/containers/47a7ce05e61aa72bdced5a030ca6064519c62d122a5992816f04e0e528b5b17d/resolv.conf","HostnamePath":"/var/lib/docker/containers/47a7ce05e61aa72bdced5a030ca6064519c62d122a5992816f04e0e528b5b17d/hostname","HostsPath":"/var/lib/docker/containers/47a7ce05e61aa72bdced5a030ca6064519c62d122a5992816f04e0e528b5b17d/hosts","LogPath":"/var/lib/docker/containers/47a7ce05e61aa72bdced5a030ca6064519c62d122a5992816f04e0e528b5b17d/47a7ce05e61aa72bdced5a030ca6064519c62d122a5992816f04e0e528b5b17d-json.log","Name":"/crazy_chaum","RestartCount":0,"Driver":"overlay2","Platform":"linux","MountLabel":"","ProcessLabel":"","AppArmorProfile":"","ExecIDs":null,"HostConfig":{"Binds":[],"ContainerIDFile":"","LogConfig":{"Type":"json-file","Config":{}},"NetworkMode":"default","PortBindings":{"3306/tcp":[{"HostIp":"0.0.0.0","HostPort":"0"}]},"RestartPolicy":{"Name":"","MaximumRetryCount":0},"AutoRemove":false,"VolumeDriver":"","VolumesFrom":[],"CapAdd":null,"CapDrop":null,"CgroupnsMode":"private","Dns":null,"DnsOptions":null,"DnsSearch":null,"ExtraHosts":[],"GroupAdd":null,"IpcMode":"shareable","Cgroup":"","Links":null,"OomScoreAdj":0,"PidMode":"","Privileged":false,"PublishAllPorts":false,"ReadonlyRootfs":false,"SecurityOpt":null,"UTSMode":"","UsernsMode":"","ShmSize":67108864,"Runtime":"runc","ConsoleSize":[0,0],"Isolation":"","CpuShares":0,"Memory":0,"NanoCpus":0,"CgroupParent":"","BlkioWeight":0,"BlkioWeightDevice":null,"BlkioDeviceReadBps":null,"BlkioDeviceWriteBps":null,"BlkioDeviceReadIOps":null,"BlkioDeviceWriteIOps":null,"CpuPeriod":0,"CpuQuota":0,"CpuRealtimePeriod":0,"CpuRealtimeRuntime":0,"CpusetCpus":"","CpusetMems":"","Devices":null,"DeviceCgroupRules":null,"DeviceRequests":null,"KernelMemory":0,"KernelMemoryTCP":0,"MemoryReservation":0,"MemorySwap":0,"MemorySwappiness":null,"OomKillDisable":null,"PidsLimit":null,"Ulimits":null,"CpuCount":0,"CpuPercent":0,"IOMaximumIOps":0,"IOMaximumBandwidth":0,"MaskedPaths":["/proc/asound","/proc/acpi","/proc/kcore","/proc/keys","/proc/latency_stats","/proc/timer_list","/proc/timer_stats","/proc/sched_debug","/proc/scsi","/sys/firmware"],"ReadonlyPaths":["/proc/bus","/proc/fs","/proc/irq","/proc/sys","/proc/sysrq-trigger"]},"GraphDriver":{"Data":{"LowerDir":"/var/lib/docker/overlay2/45da4782eb6c4075fef21a16271836d62c4e4726b16ef4c5ea199d4e626bdb39-init/diff:/var/lib/docker/overlay2/27a623f1ab748258e017a40f339844ef533377092bad4182aa320e9399893e13/diff:/var/lib/docker/overlay2/d7c1e4de558b6bbbdc3209a51fc73295262b5271709fe659d0e2e94f626eea74/diff:/var/lib/docker/overlay2/2df554f793c3600571e2f078ad2e20025d6b2e35f3d18881ead4f70e2cc26cb8/diff:/var/lib/docker/overlay2/feb23515577245ad51a24945de1e6bab842929569da912a2b4a33a48c6c2331f/diff:/var/lib/docker/overlay2/cc2cdbce154e19d9c4f376917b6c92ebd55b0b495124ffd2c9d7e9c82b6a95f9/diff:/var/lib/docker/overlay2/968467fe01280f82d26487386f320a15000815d63000d5ec89b47acca8f77ef2/diff:/var/lib/docker/overlay2/cc59daa314bbcaec43d6cd4064c7863b4b3976b989121dcf2e32c4710281f247/diff:/var/lib/docker/overlay2/dc5d8b1cf96cfd5d96d68fbed14248edf1244c1a4669ba07b0bab7f3d782f058/diff:/var/lib/docker/overlay2/dcca184158d696706cd99e62ffa3e5c42964eb57190bef35421cdf3f83a8c130/diff:/var/lib/docker/overlay2/a7f928596da67ce59f34b0ba4cee4a3b948b94f91ad0b0b6260dc54fb9b5a048/diff:/var/lib/docker/overlay2/6ac5adbfff6202b1faa13a2a2fd92625bdda668cdac1a1d2230becbb394e569f/diff","MergedDir":"/var/lib/docker/overlay2/45da4782eb6c4075fef21a16271836d62c4e4726b16ef4c5ea199d4e626bdb39/merged","UpperDir":"/var/lib/docker/overlay2/45da4782eb6c4075fef21a16271836d62c4e4726b16ef4c5ea199d4e626bdb39/diff","WorkDir":"/var/lib/docker/overlay2/45da4782eb6c4075fef21a16271836d62c4e4726b16ef4c5ea199d4e626bdb39/work"},"Name":"overlay2"},"Mounts":[{"Type":"volume","Name":"08668a73464516d2c615e247a561222f461f2385cff5615e53cc78e96456230c","Source":"/var/lib/docker/volumes/08668a73464516d2c615e247a561222f461f2385cff5615e53cc78e96456230c/_data","Destination":"/var/lib/mysql","Driver":"local","Mode":"","RW":true,"Propagation":""}],"Config":{"Hostname":"47a7ce05e61a","Domainname":"","User":"","AttachStdin":false,"AttachStdout":false,"AttachStderr":false,"ExposedPorts":{"3306/tcp":{},"33060/tcp":{}},"Tty":false,"OpenStdin":false,"StdinOnce":false,"Env":["MYSQL_DATABASE=lotification","MYSQL_PASSWORD=1234","MYSQL_USER=admin","MYSQL_ROOT_PASSWORD=1234","PATH=/usr/local/sbin:/usr/local/bin:/usr/sbin:/usr/bin:/sbin:/bin","GOSU_VERSION=1.14","MYSQL_MAJOR=8.0","MYSQL_VERSION=8.0.30-1.el8","MYSQL_SHELL_VERSION=8.0.30-1.el8"],"Cmd":["mysqld"],"Image":"mysql:8","Volumes":{"/var/lib/mysql":{}},"WorkingDir":"","Entrypoint":["docker-entrypoint.sh"],"OnBuild":null,"Labels":{"org.testcontainers":"true","org.testcontainers.sessionId":"c5b4bded-8a7b-4309-a94c-5bb153977152"}},"NetworkSettings":{"Bridge":"","SandboxID":"c87f478ec31081a2fc02a6d53fa5addc8f61962dea8dd5c17c1c641e1a25e99b","HairpinMode":false,"LinkLocalIPv6Address":"","LinkLocalIPv6PrefixLen":0,"Ports":{"3306/tcp":[{"HostIp":"0.0.0.0","HostPort":"63346"}],"33060/tcp":null},"SandboxKey":"/var/run/docker/netns/c87f478ec310","SecondaryIPAddresses":null,"SecondaryIPv6Addresses":null,"EndpointID":"7830774c518a6ae45bc93e5b48bd99e8a609aa29230b007326fa87b5ca32567f","Gateway":"172.17.0.1","GlobalIPv6Address":"","GlobalIPv6PrefixLen":0,"IPAddress":"172.17.0.4","IPPrefixLen":16,"IPv6Gateway":"","MacAddress":"02:42:ac:11:00:04","Networks":{"bridge":{"IPAMConfig":null,"Links":null,"Aliases":null,"NetworkID":"42b943ace1ba272d06317befbba08f853c5a08f211a0bdf3660599ced98f9c17","EndpointID":"7830774c518a6ae45bc93e5b48bd99e8a609aa29230b007326fa87b5ca32567f","Gateway":"172.17.0.1","IPAddress":"172.17.0.4","IPPrefixLen":16,"IPv6Gateway":"","GlobalIPv6Address":"","GlobalIPv6PrefixLen":0,"MacAddress":"02:42:ac:11:00:04","DriverOpts":null}}}}[\n]"
11:45:41.815 [Test worker] DEBUG com.github.dockerjava.zerodep.shaded.org.apache.hc.client5.http.wire - http-outgoing-2 << "[\r][\n]"
11:45:41.815 [Test worker] DEBUG com.github.dockerjava.zerodep.shaded.org.apache.hc.client5.http.wire - http-outgoing-2 << "0[\r][\n]"
11:45:41.815 [Test worker] DEBUG com.github.dockerjava.zerodep.shaded.org.apache.hc.client5.http.wire - http-outgoing-2 << "[\r][\n]"
11:45:41.815 [Test worker] DEBUG com.github.dockerjava.zerodep.shaded.org.apache.hc.client5.http.headers - http-outgoing-2 << HTTP/1.1 200 OK
11:45:41.815 [Test worker] DEBUG com.github.dockerjava.zerodep.shaded.org.apache.hc.client5.http.headers - http-outgoing-2 << Api-Version: 1.41
11:45:41.815 [Test worker] DEBUG com.github.dockerjava.zerodep.shaded.org.apache.hc.client5.http.headers - http-outgoing-2 << Content-Type: application/json
11:45:41.815 [Test worker] DEBUG com.github.dockerjava.zerodep.shaded.org.apache.hc.client5.http.headers - http-outgoing-2 << Date: Mon, 26 Sep 2022 02:45:41 GMT
11:45:41.815 [Test worker] DEBUG com.github.dockerjava.zerodep.shaded.org.apache.hc.client5.http.headers - http-outgoing-2 << Docker-Experimental: false
11:45:41.815 [Test worker] DEBUG com.github.dockerjava.zerodep.shaded.org.apache.hc.client5.http.headers - http-outgoing-2 << Ostype: linux
11:45:41.815 [Test worker] DEBUG com.github.dockerjava.zerodep.shaded.org.apache.hc.client5.http.headers - http-outgoing-2 << Server: Docker/20.10.11 (linux)
11:45:41.815 [Test worker] DEBUG com.github.dockerjava.zerodep.shaded.org.apache.hc.client5.http.headers - http-outgoing-2 << Transfer-Encoding: chunked
11:45:41.816 [Test worker] DEBUG com.github.dockerjava.zerodep.shaded.org.apache.hc.client5.http.impl.classic.MainClientExec - ex-0000003C: connection can be kept alive for 3 MINUTES
11:45:41.816 [Test worker] DEBUG com.github.dockerjava.zerodep.shaded.org.apache.hc.client5.http.impl.classic.InternalHttpClient - ep-0000003B: releasing valid endpoint
11:45:41.816 [Test worker] DEBUG com.github.dockerjava.zerodep.shaded.org.apache.hc.client5.http.impl.io.PoolingHttpClientConnectionManager - ep-0000003B: releasing endpoint
11:45:41.816 [Test worker] DEBUG com.github.dockerjava.zerodep.shaded.org.apache.hc.client5.http.impl.io.PoolingHttpClientConnectionManager - ep-0000003B: connection http-outgoing-2 can be kept alive for 3 MINUTES
11:45:41.816 [Test worker] DEBUG com.github.dockerjava.zerodep.shaded.org.apache.hc.client5.http.impl.io.PoolingHttpClientConnectionManager - ep-0000003B: connection released [route: {}->unix://localhost:2375][total available: 1; route allocated: 1 of 2147483647; total allocated: 1 of 2147483647]
11:45:41.817 [Test worker] DEBUG ]]>&#x1f433;<![CDATA[ [mysql:8] - Trying to create JDBC connection using com.mysql.cj.jdbc.Driver to jdbc:mysql://localhost:63346/lotification?useSSL=false&allowPublicKeyRetrieval=true with properties: {password=1234, user=admin}
11:45:41.924 [Test worker] DEBUG org.testcontainers.shaded.com.github.dockerjava.core.command.AbstrDockerCmd - Cmd: 47a7ce05e61aa72bdced5a030ca6064519c62d122a5992816f04e0e528b5b17d,false
11:45:41.924 [Test worker] DEBUG org.testcontainers.shaded.com.github.dockerjava.core.exec.InspectContainerCmdExec - GET: DefaultWebTarget{path=[/containers/47a7ce05e61aa72bdced5a030ca6064519c62d122a5992816f04e0e528b5b17d/json], queryParams={}}
11:45:41.924 [Test worker] DEBUG com.github.dockerjava.zerodep.shaded.org.apache.hc.client5.http.impl.classic.InternalHttpClient - ex-0000003D: preparing request execution
11:45:41.925 [Test worker] DEBUG com.github.dockerjava.zerodep.shaded.org.apache.hc.client5.http.protocol.RequestAddCookies - Cookie spec selected: strict
11:45:41.925 [Test worker] DEBUG com.github.dockerjava.zerodep.shaded.org.apache.hc.client5.http.protocol.RequestAuthCache - Auth cache not set in the context
11:45:41.925 [Test worker] DEBUG com.github.dockerjava.zerodep.shaded.org.apache.hc.client5.http.impl.classic.ProtocolExec - ex-0000003D: target auth state: UNCHALLENGED
11:45:41.925 [Test worker] DEBUG com.github.dockerjava.zerodep.shaded.org.apache.hc.client5.http.impl.classic.ProtocolExec - ex-0000003D: proxy auth state: UNCHALLENGED
11:45:41.925 [Test worker] DEBUG com.github.dockerjava.zerodep.shaded.org.apache.hc.client5.http.impl.classic.ConnectExec - ex-0000003D: acquiring connection with route {}->unix://localhost:2375
11:45:41.925 [Test worker] DEBUG com.github.dockerjava.zerodep.shaded.org.apache.hc.client5.http.impl.classic.InternalHttpClient - ex-0000003D: acquiring endpoint (3 MINUTES)
11:45:41.925 [Test worker] DEBUG com.github.dockerjava.zerodep.shaded.org.apache.hc.client5.http.impl.io.PoolingHttpClientConnectionManager - ex-0000003D: endpoint lease request (3 MINUTES) [route: {}->unix://localhost:2375][total available: 1; route allocated: 1 of 2147483647; total allocated: 1 of 2147483647]
11:45:41.925 [Test worker] DEBUG com.github.dockerjava.zerodep.shaded.org.apache.hc.client5.http.impl.io.PoolingHttpClientConnectionManager - ex-0000003D: endpoint leased [route: {}->unix://localhost:2375][total available: 0; route allocated: 1 of 2147483647; total allocated: 1 of 2147483647]
11:45:41.925 [Test worker] DEBUG com.github.dockerjava.zerodep.shaded.org.apache.hc.client5.http.impl.io.PoolingHttpClientConnectionManager - ex-0000003D: acquired ep-0000003C
11:45:41.925 [Test worker] DEBUG com.github.dockerjava.zerodep.shaded.org.apache.hc.client5.http.impl.classic.InternalHttpClient - ex-0000003D: acquired endpoint ep-0000003C
11:45:41.925 [Test worker] DEBUG com.github.dockerjava.zerodep.shaded.org.apache.hc.client5.http.impl.classic.MainClientExec - ex-0000003D: executing GET /v1.32/containers/47a7ce05e61aa72bdced5a030ca6064519c62d122a5992816f04e0e528b5b17d/json HTTP/1.1
11:45:41.925 [Test worker] DEBUG com.github.dockerjava.zerodep.shaded.org.apache.hc.client5.http.impl.classic.InternalHttpClient - ep-0000003C: start execution ex-0000003D
11:45:41.925 [Test worker] DEBUG com.github.dockerjava.zerodep.shaded.org.apache.hc.client5.http.impl.io.PoolingHttpClientConnectionManager - ep-0000003C: executing exchange ex-0000003D over http-outgoing-2
11:45:41.925 [Test worker] DEBUG com.github.dockerjava.zerodep.shaded.org.apache.hc.client5.http.headers - http-outgoing-2 >> GET /v1.32/containers/47a7ce05e61aa72bdced5a030ca6064519c62d122a5992816f04e0e528b5b17d/json HTTP/1.1
11:45:41.925 [Test worker] DEBUG com.github.dockerjava.zerodep.shaded.org.apache.hc.client5.http.headers - http-outgoing-2 >> accept: application/json
11:45:41.925 [Test worker] DEBUG com.github.dockerjava.zerodep.shaded.org.apache.hc.client5.http.headers - http-outgoing-2 >> x-tc-sid: c5b4bded-8a7b-4309-a94c-5bb153977152
11:45:41.925 [Test worker] DEBUG com.github.dockerjava.zerodep.shaded.org.apache.hc.client5.http.headers - http-outgoing-2 >> Accept-Encoding: gzip, x-gzip, deflate
11:45:41.925 [Test worker] DEBUG com.github.dockerjava.zerodep.shaded.org.apache.hc.client5.http.headers - http-outgoing-2 >> Host: localhost:2375
11:45:41.925 [Test worker] DEBUG com.github.dockerjava.zerodep.shaded.org.apache.hc.client5.http.headers - http-outgoing-2 >> Connection: keep-alive
11:45:41.925 [Test worker] DEBUG com.github.dockerjava.zerodep.shaded.org.apache.hc.client5.http.headers - http-outgoing-2 >> User-Agent: Apache-HttpClient/5.0.3 (Java/17.0.3)
11:45:41.925 [Test worker] DEBUG com.github.dockerjava.zerodep.shaded.org.apache.hc.client5.http.wire - http-outgoing-2 >> "GET /v1.32/containers/47a7ce05e61aa72bdced5a030ca6064519c62d122a5992816f04e0e528b5b17d/json HTTP/1.1[\r][\n]"
11:45:41.925 [Test worker] DEBUG com.github.dockerjava.zerodep.shaded.org.apache.hc.client5.http.wire - http-outgoing-2 >> "accept: application/json[\r][\n]"
11:45:41.925 [Test worker] DEBUG com.github.dockerjava.zerodep.shaded.org.apache.hc.client5.http.wire - http-outgoing-2 >> "x-tc-sid: c5b4bded-8a7b-4309-a94c-5bb153977152[\r][\n]"
11:45:41.925 [Test worker] DEBUG com.github.dockerjava.zerodep.shaded.org.apache.hc.client5.http.wire - http-outgoing-2 >> "Accept-Encoding: gzip, x-gzip, deflate[\r][\n]"
11:45:41.925 [Test worker] DEBUG com.github.dockerjava.zerodep.shaded.org.apache.hc.client5.http.wire - http-outgoing-2 >> "Host: localhost:2375[\r][\n]"
11:45:41.925 [Test worker] DEBUG com.github.dockerjava.zerodep.shaded.org.apache.hc.client5.http.wire - http-outgoing-2 >> "Connection: keep-alive[\r][\n]"
11:45:41.925 [Test worker] DEBUG com.github.dockerjava.zerodep.shaded.org.apache.hc.client5.http.wire - http-outgoing-2 >> "User-Agent: Apache-HttpClient/5.0.3 (Java/17.0.3)[\r][\n]"
11:45:41.925 [Test worker] DEBUG com.github.dockerjava.zerodep.shaded.org.apache.hc.client5.http.wire - http-outgoing-2 >> "[\r][\n]"
11:45:41.927 [Test worker] DEBUG com.github.dockerjava.zerodep.shaded.org.apache.hc.client5.http.wire - http-outgoing-2 << "HTTP/1.1 200 OK[\r][\n]"
11:45:41.928 [Test worker] DEBUG com.github.dockerjava.zerodep.shaded.org.apache.hc.client5.http.wire - http-outgoing-2 << "Api-Version: 1.41[\r][\n]"
11:45:41.928 [Test worker] DEBUG com.github.dockerjava.zerodep.shaded.org.apache.hc.client5.http.wire - http-outgoing-2 << "Content-Type: application/json[\r][\n]"
11:45:41.928 [Test worker] DEBUG com.github.dockerjava.zerodep.shaded.org.apache.hc.client5.http.wire - http-outgoing-2 << "Date: Mon, 26 Sep 2022 02:45:41 GMT[\r][\n]"
11:45:41.928 [Test worker] DEBUG com.github.dockerjava.zerodep.shaded.org.apache.hc.client5.http.wire - http-outgoing-2 << "Docker-Experimental: false[\r][\n]"
11:45:41.928 [Test worker] DEBUG com.github.dockerjava.zerodep.shaded.org.apache.hc.client5.http.wire - http-outgoing-2 << "Ostype: linux[\r][\n]"
11:45:41.928 [Test worker] DEBUG com.github.dockerjava.zerodep.shaded.org.apache.hc.client5.http.wire - http-outgoing-2 << "Server: Docker/20.10.11 (linux)[\r][\n]"
11:45:41.928 [Test worker] DEBUG com.github.dockerjava.zerodep.shaded.org.apache.hc.client5.http.wire - http-outgoing-2 << "Transfer-Encoding: chunked[\r][\n]"
11:45:41.928 [Test worker] DEBUG com.github.dockerjava.zerodep.shaded.org.apache.hc.client5.http.wire - http-outgoing-2 << "[\r][\n]"
11:45:41.928 [Test worker] DEBUG com.github.dockerjava.zerodep.shaded.org.apache.hc.client5.http.headers - http-outgoing-2 << HTTP/1.1 200 OK
11:45:41.928 [Test worker] DEBUG com.github.dockerjava.zerodep.shaded.org.apache.hc.client5.http.headers - http-outgoing-2 << Api-Version: 1.41
11:45:41.928 [Test worker] DEBUG com.github.dockerjava.zerodep.shaded.org.apache.hc.client5.http.headers - http-outgoing-2 << Content-Type: application/json
11:45:41.928 [Test worker] DEBUG com.github.dockerjava.zerodep.shaded.org.apache.hc.client5.http.headers - http-outgoing-2 << Date: Mon, 26 Sep 2022 02:45:41 GMT
11:45:41.928 [Test worker] DEBUG com.github.dockerjava.zerodep.shaded.org.apache.hc.client5.http.headers - http-outgoing-2 << Docker-Experimental: false
11:45:41.928 [Test worker] DEBUG com.github.dockerjava.zerodep.shaded.org.apache.hc.client5.http.headers - http-outgoing-2 << Ostype: linux
11:45:41.928 [Test worker] DEBUG com.github.dockerjava.zerodep.shaded.org.apache.hc.client5.http.headers - http-outgoing-2 << Server: Docker/20.10.11 (linux)
11:45:41.928 [Test worker] DEBUG com.github.dockerjava.zerodep.shaded.org.apache.hc.client5.http.headers - http-outgoing-2 << Transfer-Encoding: chunked
11:45:41.928 [Test worker] DEBUG com.github.dockerjava.zerodep.shaded.org.apache.hc.client5.http.impl.classic.MainClientExec - ex-0000003D: connection can be kept alive for 3 MINUTES
11:45:41.928 [Test worker] DEBUG com.github.dockerjava.zerodep.shaded.org.apache.hc.client5.http.wire - http-outgoing-2 << "1882[\r][\n]"
11:45:41.928 [Test worker] DEBUG com.github.dockerjava.zerodep.shaded.org.apache.hc.client5.http.wire - http-outgoing-2 << "{"Id":"47a7ce05e61aa72bdced5a030ca6064519c62d122a5992816f04e0e528b5b17d","Created":"2022-09-26T02:45:36.042081626Z","Path":"docker-entrypoint.sh","Args":["mysqld"],"State":{"Status":"running","Running":true,"Paused":false,"Restarting":false,"OOMKilled":false,"Dead":false,"Pid":2251,"ExitCode":0,"Error":"","StartedAt":"2022-09-26T02:45:36.388226668Z","FinishedAt":"0001-01-01T00:00:00Z"},"Image":"sha256:5e229524f286e653111cb9d028bf1ba4c3490742c8cd18c84af22538f0e68575","ResolvConfPath":"/var/lib/docker/containers/47a7ce05e61aa72bdced5a030ca6064519c62d122a5992816f04e0e528b5b17d/resolv.conf","HostnamePath":"/var/lib/docker/containers/47a7ce05e61aa72bdced5a030ca6064519c62d122a5992816f04e0e528b5b17d/hostname","HostsPath":"/var/lib/docker/containers/47a7ce05e61aa72bdced5a030ca6064519c62d122a5992816f04e0e528b5b17d/hosts","LogPath":"/var/lib/docker/containers/47a7ce05e61aa72bdced5a030ca6064519c62d122a5992816f04e0e528b5b17d/47a7ce05e61aa72bdced5a030ca6064519c62d122a5992816f04e0e528b5b17d-json.log","Name":"/crazy_chaum","RestartCount":0,"Driver":"overlay2","Platform":"linux","MountLabel":"","ProcessLabel":"","AppArmorProfile":"","ExecIDs":null,"HostConfig":{"Binds":[],"ContainerIDFile":"","LogConfig":{"Type":"json-file","Config":{}},"NetworkMode":"default","PortBindings":{"3306/tcp":[{"HostIp":"0.0.0.0","HostPort":"0"}]},"RestartPolicy":{"Name":"","MaximumRetryCount":0},"AutoRemove":false,"VolumeDriver":"","VolumesFrom":[],"CapAdd":null,"CapDrop":null,"CgroupnsMode":"private","Dns":null,"DnsOptions":null,"DnsSearch":null,"ExtraHosts":[],"GroupAdd":null,"IpcMode":"shareable","Cgroup":"","Links":null,"OomScoreAdj":0,"PidMode":"","Privileged":false,"PublishAllPorts":false,"ReadonlyRootfs":false,"SecurityOpt":null,"UTSMode":"","UsernsMode":"","ShmSize":67108864,"Runtime":"runc","ConsoleSize":[0,0],"Isolation":"","CpuShares":0,"Memory":0,"NanoCpus":0,"CgroupParent":"","BlkioWeight":0,"BlkioWeightDevice":null,"BlkioDeviceReadBps":null,"BlkioDeviceWriteBps":null,"BlkioDeviceReadIOps":null,"BlkioDeviceWriteIOps":null,"CpuPeriod":0,"CpuQuota":0,"CpuRealtimePeriod":0,"CpuRealtimeRuntime":0,"CpusetCpus":"","CpusetMems":"","Devices":null,"DeviceCgroupRules":null,"DeviceRequests":null,"KernelMemory":0,"KernelMemoryTCP":0,"MemoryReservation":0,"MemorySwap":0,"MemorySwappiness":null,"OomKillDisable":null,"PidsLimit":null,"Ulimits":null,"CpuCount":0,"CpuPercent":0,"IOMaximumIOps":0,"IOMaximumBandwidth":0,"MaskedPaths":["/proc/asound","/proc/acpi","/proc/kcore","/proc/keys","/proc/latency_stats","/proc/timer_list","/proc/timer_stats","/proc/sched_debug","/proc/scsi","/sys/firmware"],"ReadonlyPaths":["/proc/bus","/proc/fs","/proc/irq","/proc/sys","/proc/sysrq-trigger"]},"GraphDriver":{"Data":{"LowerDir":"/var/lib/docker/overlay2/45da4782eb6c4075fef21a16271836d62c4e4726b16ef4c5ea199d4e626bdb39-init/diff:/var/lib/docker/overlay2/27a623f1ab748258e017a40f339844ef533377092bad4182aa320e9399893e13/diff:/var/lib/docker/overlay2/d7c1e4de558b6bbbdc3209a51fc73295262b5271709fe659d0e2e94f626eea74/diff:/var/lib/docker/overlay2/2df554f793c3600571e2f078ad2e20025d6b2e35f3d18881ead4f70e2cc26cb8/diff:/var/lib/docker/overlay2/feb23515577245ad51a24945de1e6bab842929569da912a2b4a33a48c6c2331f/diff:/var/lib/docker/overlay2/cc2cdbce154e19d9c4f376917b6c92ebd55b0b495124ffd2c9d7e9c82b6a95f9/diff:/var/lib/docker/overlay2/968467fe01280f82d26487386f320a15000815d63000d5ec89b47acca8f77ef2/diff:/var/lib/docker/overlay2/cc59daa314bbcaec43d6cd4064c7863b4b3976b989121dcf2e32c4710281f247/diff:/var/lib/docker/overlay2/dc5d8b1cf96cfd5d96d68fbed14248edf1244c1a4669ba07b0bab7f3d782f058/diff:/var/lib/docker/overlay2/dcca184158d696706cd99e62ffa3e5c42964eb57190bef35421cdf3f83a8c130/diff:/var/lib/docker/overlay2/a7f928596da67ce59f34b0ba4cee4a3b948b94f91ad0b0b6260dc54fb9b5a048/diff:/var/lib/docker/overlay2/6ac5adbfff6202b1faa13a2a2fd92625bdda668cdac1a1d2230becbb394e569f/diff","MergedDir":"/var/lib/docker/overlay2/45da4782eb6c4075fef21a16271836d62c4e4726b16ef4c5ea199d4e626bdb39/merged","UpperDir":"/var/lib/docker/overlay2/45da4782eb6c4075fef21a16271836d62c4e4726b16ef4c5ea199d4e626bdb39/diff","WorkDir":"/var/lib/docker/overlay2/45da4782eb6c4075fef21a16271836d62c4e4726b16ef4c5ea199d4e626bdb39/work"},"Name":"overlay2"},"Mounts":[{"Type":"volume","Name":"08668a73464516d2c615e247a561222f461f2385cff5615e53cc78e96456230c","Source":"/var/lib/docker/volumes/08668a73464516d2c615e247a561222f461f2385cff5615e53cc78e96456230c/_data","Destination":"/var/lib/mysql","Driver":"local","Mode":"","RW":true,"Propagation":""}],"Config":{"Hostname":"47a7ce05e61a","Domainname":"","User":"","AttachStdin":false,"AttachStdout":false,"AttachStderr":false,"ExposedPorts":{"3306/tcp":{},"33060/tcp":{}},"Tty":false,"OpenStdin":false,"StdinOnce":false,"Env":["MYSQL_DATABASE=lotification","MYSQL_PASSWORD=1234","MYSQL_USER=admin","MYSQL_ROOT_PASSWORD=1234","PATH=/usr/local/sbin:/usr/local/bin:/usr/sbin:/usr/bin:/sbin:/bin","GOSU_VERSION=1.14","MYSQL_MAJOR=8.0","MYSQL_VERSION=8.0.30-1.el8","MYSQL_SHELL_VERSION=8.0.30-1.el8"],"Cmd":["mysqld"],"Image":"mysql:8","Volumes":{"/var/lib/mysql":{}},"WorkingDir":"","Entrypoint":["docker-entrypoint.sh"],"OnBuild":null,"Labels":{"org.testcontainers":"true","org.testcontainers.sessionId":"c5b4bded-8a7b-4309-a94c-5bb153977152"}},"NetworkSettings":{"Bridge":"","SandboxID":"c87f478ec31081a2fc02a6d53fa5addc8f61962dea8dd5c17c1c641e1a25e99b","HairpinMode":false,"LinkLocalIPv6Address":"","LinkLocalIPv6PrefixLen":0,"Ports":{"3306/tcp":[{"HostIp":"0.0.0.0","HostPort":"63346"}],"33060/tcp":null},"SandboxKey":"/var/run/docker/netns/c87f478ec310","SecondaryIPAddresses":null,"SecondaryIPv6Addresses":null,"EndpointID":"7830774c518a6ae45bc93e5b48bd99e8a609aa29230b007326fa87b5ca32567f","Gateway":"172.17.0.1","GlobalIPv6Address":"","GlobalIPv6PrefixLen":0,"IPAddress":"172.17.0.4","IPPrefixLen":16,"IPv6Gateway":"","MacAddress":"02:42:ac:11:00:04","Networks":{"bridge":{"IPAMConfig":null,"Links":null,"Aliases":null,"NetworkID":"42b943ace1ba272d06317befbba08f853c5a08f211a0bdf3660599ced98f9c17","EndpointID":"7830774c518a6ae45bc93e5b48bd99e8a609aa29230b007326fa87b5ca32567f","Gateway":"172.17.0.1","IPAddress":"172.17.0.4","IPPrefixLen":16,"IPv6Gateway":"","GlobalIPv6Address":"","GlobalIPv6PrefixLen":0,"MacAddress":"02:42:ac:11:00:04","DriverOpts":null}}}}[\n]"
11:45:41.928 [Test worker] DEBUG com.github.dockerjava.zerodep.shaded.org.apache.hc.client5.http.wire - http-outgoing-2 << "[\r][\n]"
11:45:41.928 [Test worker] DEBUG com.github.dockerjava.zerodep.shaded.org.apache.hc.client5.http.wire - http-outgoing-2 << "0[\r][\n]"
11:45:41.928 [Test worker] DEBUG com.github.dockerjava.zerodep.shaded.org.apache.hc.client5.http.wire - http-outgoing-2 << "[\r][\n]"
11:45:41.928 [Test worker] DEBUG com.github.dockerjava.zerodep.shaded.org.apache.hc.client5.http.impl.classic.InternalHttpClient - ep-0000003C: releasing valid endpoint
11:45:41.928 [Test worker] DEBUG com.github.dockerjava.zerodep.shaded.org.apache.hc.client5.http.impl.io.PoolingHttpClientConnectionManager - ep-0000003C: releasing endpoint
11:45:41.929 [Test worker] DEBUG com.github.dockerjava.zerodep.shaded.org.apache.hc.client5.http.impl.io.PoolingHttpClientConnectionManager - ep-0000003C: connection http-outgoing-2 can be kept alive for 3 MINUTES
11:45:41.929 [Test worker] DEBUG com.github.dockerjava.zerodep.shaded.org.apache.hc.client5.http.impl.io.PoolingHttpClientConnectionManager - ep-0000003C: connection released [route: {}->unix://localhost:2375][total available: 1; route allocated: 1 of 2147483647; total allocated: 1 of 2147483647]
11:45:41.929 [Test worker] DEBUG ]]>&#x1f433;<![CDATA[ [mysql:8] - Trying to create JDBC connection using com.mysql.cj.jdbc.Driver to jdbc:mysql://localhost:63346/lotification?useSSL=false&allowPublicKeyRetrieval=true with properties: {password=1234, user=admin}
11:45:42.033 [Test worker] DEBUG org.testcontainers.shaded.com.github.dockerjava.core.command.AbstrDockerCmd - Cmd: 47a7ce05e61aa72bdced5a030ca6064519c62d122a5992816f04e0e528b5b17d,false
11:45:42.033 [Test worker] DEBUG org.testcontainers.shaded.com.github.dockerjava.core.exec.InspectContainerCmdExec - GET: DefaultWebTarget{path=[/containers/47a7ce05e61aa72bdced5a030ca6064519c62d122a5992816f04e0e528b5b17d/json], queryParams={}}
11:45:42.034 [Test worker] DEBUG com.github.dockerjava.zerodep.shaded.org.apache.hc.client5.http.impl.classic.InternalHttpClient - ex-0000003E: preparing request execution
11:45:42.034 [Test worker] DEBUG com.github.dockerjava.zerodep.shaded.org.apache.hc.client5.http.protocol.RequestAddCookies - Cookie spec selected: strict
11:45:42.034 [Test worker] DEBUG com.github.dockerjava.zerodep.shaded.org.apache.hc.client5.http.protocol.RequestAuthCache - Auth cache not set in the context
11:45:42.034 [Test worker] DEBUG com.github.dockerjava.zerodep.shaded.org.apache.hc.client5.http.impl.classic.ProtocolExec - ex-0000003E: target auth state: UNCHALLENGED
11:45:42.034 [Test worker] DEBUG com.github.dockerjava.zerodep.shaded.org.apache.hc.client5.http.impl.classic.ProtocolExec - ex-0000003E: proxy auth state: UNCHALLENGED
11:45:42.034 [Test worker] DEBUG com.github.dockerjava.zerodep.shaded.org.apache.hc.client5.http.impl.classic.ConnectExec - ex-0000003E: acquiring connection with route {}->unix://localhost:2375
11:45:42.034 [Test worker] DEBUG com.github.dockerjava.zerodep.shaded.org.apache.hc.client5.http.impl.classic.InternalHttpClient - ex-0000003E: acquiring endpoint (3 MINUTES)
11:45:42.034 [Test worker] DEBUG com.github.dockerjava.zerodep.shaded.org.apache.hc.client5.http.impl.io.PoolingHttpClientConnectionManager - ex-0000003E: endpoint lease request (3 MINUTES) [route: {}->unix://localhost:2375][total available: 1; route allocated: 1 of 2147483647; total allocated: 1 of 2147483647]
11:45:42.034 [Test worker] DEBUG com.github.dockerjava.zerodep.shaded.org.apache.hc.client5.http.impl.io.PoolingHttpClientConnectionManager - ex-0000003E: endpoint leased [route: {}->unix://localhost:2375][total available: 0; route allocated: 1 of 2147483647; total allocated: 1 of 2147483647]
11:45:42.034 [Test worker] DEBUG com.github.dockerjava.zerodep.shaded.org.apache.hc.client5.http.impl.io.PoolingHttpClientConnectionManager - ex-0000003E: acquired ep-0000003D
11:45:42.034 [Test worker] DEBUG com.github.dockerjava.zerodep.shaded.org.apache.hc.client5.http.impl.classic.InternalHttpClient - ex-0000003E: acquired endpoint ep-0000003D
11:45:42.034 [Test worker] DEBUG com.github.dockerjava.zerodep.shaded.org.apache.hc.client5.http.impl.classic.MainClientExec - ex-0000003E: executing GET /v1.32/containers/47a7ce05e61aa72bdced5a030ca6064519c62d122a5992816f04e0e528b5b17d/json HTTP/1.1
11:45:42.034 [Test worker] DEBUG com.github.dockerjava.zerodep.shaded.org.apache.hc.client5.http.impl.classic.InternalHttpClient - ep-0000003D: start execution ex-0000003E
11:45:42.034 [Test worker] DEBUG com.github.dockerjava.zerodep.shaded.org.apache.hc.client5.http.impl.io.PoolingHttpClientConnectionManager - ep-0000003D: executing exchange ex-0000003E over http-outgoing-2
11:45:42.035 [Test worker] DEBUG com.github.dockerjava.zerodep.shaded.org.apache.hc.client5.http.headers - http-outgoing-2 >> GET /v1.32/containers/47a7ce05e61aa72bdced5a030ca6064519c62d122a5992816f04e0e528b5b17d/json HTTP/1.1
11:45:42.035 [Test worker] DEBUG com.github.dockerjava.zerodep.shaded.org.apache.hc.client5.http.headers - http-outgoing-2 >> accept: application/json
11:45:42.035 [Test worker] DEBUG com.github.dockerjava.zerodep.shaded.org.apache.hc.client5.http.headers - http-outgoing-2 >> x-tc-sid: c5b4bded-8a7b-4309-a94c-5bb153977152
11:45:42.035 [Test worker] DEBUG com.github.dockerjava.zerodep.shaded.org.apache.hc.client5.http.headers - http-outgoing-2 >> Accept-Encoding: gzip, x-gzip, deflate
11:45:42.035 [Test worker] DEBUG com.github.dockerjava.zerodep.shaded.org.apache.hc.client5.http.headers - http-outgoing-2 >> Host: localhost:2375
11:45:42.035 [Test worker] DEBUG com.github.dockerjava.zerodep.shaded.org.apache.hc.client5.http.headers - http-outgoing-2 >> Connection: keep-alive
11:45:42.035 [Test worker] DEBUG com.github.dockerjava.zerodep.shaded.org.apache.hc.client5.http.headers - http-outgoing-2 >> User-Agent: Apache-HttpClient/5.0.3 (Java/17.0.3)
11:45:42.035 [Test worker] DEBUG com.github.dockerjava.zerodep.shaded.org.apache.hc.client5.http.wire - http-outgoing-2 >> "GET /v1.32/containers/47a7ce05e61aa72bdced5a030ca6064519c62d122a5992816f04e0e528b5b17d/json HTTP/1.1[\r][\n]"
11:45:42.035 [Test worker] DEBUG com.github.dockerjava.zerodep.shaded.org.apache.hc.client5.http.wire - http-outgoing-2 >> "accept: application/json[\r][\n]"
11:45:42.035 [Test worker] DEBUG com.github.dockerjava.zerodep.shaded.org.apache.hc.client5.http.wire - http-outgoing-2 >> "x-tc-sid: c5b4bded-8a7b-4309-a94c-5bb153977152[\r][\n]"
11:45:42.035 [Test worker] DEBUG com.github.dockerjava.zerodep.shaded.org.apache.hc.client5.http.wire - http-outgoing-2 >> "Accept-Encoding: gzip, x-gzip, deflate[\r][\n]"
11:45:42.035 [Test worker] DEBUG com.github.dockerjava.zerodep.shaded.org.apache.hc.client5.http.wire - http-outgoing-2 >> "Host: localhost:2375[\r][\n]"
11:45:42.035 [Test worker] DEBUG com.github.dockerjava.zerodep.shaded.org.apache.hc.client5.http.wire - http-outgoing-2 >> "Connection: keep-alive[\r][\n]"
11:45:42.035 [Test worker] DEBUG com.github.dockerjava.zerodep.shaded.org.apache.hc.client5.http.wire - http-outgoing-2 >> "User-Agent: Apache-HttpClient/5.0.3 (Java/17.0.3)[\r][\n]"
11:45:42.035 [Test worker] DEBUG com.github.dockerjava.zerodep.shaded.org.apache.hc.client5.http.wire - http-outgoing-2 >> "[\r][\n]"
11:45:42.038 [Test worker] DEBUG com.github.dockerjava.zerodep.shaded.org.apache.hc.client5.http.wire - http-outgoing-2 << "HTTP/1.1 200 OK[\r][\n]"
11:45:42.038 [Test worker] DEBUG com.github.dockerjava.zerodep.shaded.org.apache.hc.client5.http.wire - http-outgoing-2 << "Api-Version: 1.41[\r][\n]"
11:45:42.038 [Test worker] DEBUG com.github.dockerjava.zerodep.shaded.org.apache.hc.client5.http.wire - http-outgoing-2 << "Content-Type: application/json[\r][\n]"
11:45:42.038 [Test worker] DEBUG com.github.dockerjava.zerodep.shaded.org.apache.hc.client5.http.wire - http-outgoing-2 << "Date: Mon, 26 Sep 2022 02:45:42 GMT[\r][\n]"
11:45:42.038 [Test worker] DEBUG com.github.dockerjava.zerodep.shaded.org.apache.hc.client5.http.wire - http-outgoing-2 << "Docker-Experimental: false[\r][\n]"
11:45:42.038 [Test worker] DEBUG com.github.dockerjava.zerodep.shaded.org.apache.hc.client5.http.wire - http-outgoing-2 << "Ostype: linux[\r][\n]"
11:45:42.038 [Test worker] DEBUG com.github.dockerjava.zerodep.shaded.org.apache.hc.client5.http.wire - http-outgoing-2 << "Server: Docker/20.10.11 (linux)[\r][\n]"
11:45:42.038 [Test worker] DEBUG com.github.dockerjava.zerodep.shaded.org.apache.hc.client5.http.wire - http-outgoing-2 << "Transfer-Encoding: chunked[\r][\n]"
11:45:42.038 [Test worker] DEBUG com.github.dockerjava.zerodep.shaded.org.apache.hc.client5.http.wire - http-outgoing-2 << "[\r][\n]"
11:45:42.038 [Test worker] DEBUG com.github.dockerjava.zerodep.shaded.org.apache.hc.client5.http.wire - http-outgoing-2 << "1882[\r][\n]"
11:45:42.038 [Test worker] DEBUG com.github.dockerjava.zerodep.shaded.org.apache.hc.client5.http.wire - http-outgoing-2 << "{"Id":"47a7ce05e61aa72bdced5a030ca6064519c62d122a5992816f04e0e528b5b17d","Created":"2022-09-26T02:45:36.042081626Z","Path":"docker-entrypoint.sh","Args":["mysqld"],"State":{"Status":"running","Running":true,"Paused":false,"Restarting":false,"OOMKilled":false,"Dead":false,"Pid":2251,"ExitCode":0,"Error":"","StartedAt":"2022-09-26T02:45:36.388226668Z","FinishedAt":"0001-01-01T00:00:00Z"},"Image":"sha256:5e229524f286e653111cb9d028bf1ba4c3490742c8cd18c84af22538f0e68575","ResolvConfPath":"/var/lib/docker/containers/47a7ce05e61aa72bdced5a030ca6064519c62d122a5992816f04e0e528b5b17d/resolv.conf","HostnamePath":"/var/lib/docker/containers/47a7ce05e61aa72bdced5a030ca6064519c62d122a5992816f04e0e528b5b17d/hostname","HostsPath":"/var/lib/docker/containers/47a7ce05e61aa72bdced5a030ca6064519c62d122a5992816f04e0e528b5b17d/hosts","LogPath":"/var/lib/docker/containers/47a7ce05e61aa72bdced5a030ca6064519c62d122a5992816f04e0e528b5b17d/47a7ce05e61aa72bdced5a030ca6064519c62d122a5992816f04e0e528b5b17d-json.log","Name":"/crazy_chaum","RestartCount":0,"Driver":"overlay2","Platform":"linux","MountLabel":"","ProcessLabel":"","AppArmorProfile":"","ExecIDs":null,"HostConfig":{"Binds":[],"ContainerIDFile":"","LogConfig":{"Type":"json-file","Config":{}},"NetworkMode":"default","PortBindings":{"3306/tcp":[{"HostIp":"0.0.0.0","HostPort":"0"}]},"RestartPolicy":{"Name":"","MaximumRetryCount":0},"AutoRemove":false,"VolumeDriver":"","VolumesFrom":[],"CapAdd":null,"CapDrop":null,"CgroupnsMode":"private","Dns":null,"DnsOptions":null,"DnsSearch":null,"ExtraHosts":[],"GroupAdd":null,"IpcMode":"shareable","Cgroup":"","Links":null,"OomScoreAdj":0,"PidMode":"","Privileged":false,"PublishAllPorts":false,"ReadonlyRootfs":false,"SecurityOpt":null,"UTSMode":"","UsernsMode":"","ShmSize":67108864,"Runtime":"runc","ConsoleSize":[0,0],"Isolation":"","CpuShares":0,"Memory":0,"NanoCpus":0,"CgroupParent":"","BlkioWeight":0,"BlkioWeightDevice":null,"BlkioDeviceReadBps":null,"BlkioDeviceWriteBps":null,"BlkioDeviceReadIOps":null,"BlkioDeviceWriteIOps":null,"CpuPeriod":0,"CpuQuota":0,"CpuRealtimePeriod":0,"CpuRealtimeRuntime":0,"CpusetCpus":"","CpusetMems":"","Devices":null,"DeviceCgroupRules":null,"DeviceRequests":null,"KernelMemory":0,"KernelMemoryTCP":0,"MemoryReservation":0,"MemorySwap":0,"MemorySwappiness":null,"OomKillDisable":null,"PidsLimit":null,"Ulimits":null,"CpuCount":0,"CpuPercent":0,"IOMaximumIOps":0,"IOMaximumBandwidth":0,"MaskedPaths":["/proc/asound","/proc/acpi","/proc/kcore","/proc/keys","/proc/latency_stats","/proc/timer_list","/proc/timer_stats","/proc/sched_debug","/proc/scsi","/sys/firmware"],"ReadonlyPaths":["/proc/bus","/proc/fs","/proc/irq","/proc/sys","/proc/sysrq-trigger"]},"GraphDriver":{"Data":{"LowerDir":"/var/lib/docker/overlay2/45da4782eb6c4075fef21a16271836d62c4e4726b16ef4c5ea199d4e626bdb39-init/diff:/var/lib/docker/overlay2/27a623f1ab748258e017a40f339844ef533377092bad4182aa320e9399893e13/diff:/var/lib/docker/overlay2/d7c1e4de558b6bbbdc3209a51fc73295262b5271709fe659d0e2e94f626eea74/diff:/var/lib/docker/overlay2/2df554f793c3600571e2f078ad2e20025d6b2e35f3d18881ead4f70e2cc26cb8/diff:/var/lib/docker/overlay2/feb23515577245ad51a24945de1e6bab842929569da912a2b4a33a48c6c2331f/diff:/var/lib/docker/overlay2/cc2cdbce154e19d9c4f376917b6c92ebd55b0b495124ffd2c9d7e9c82b6a95f9/diff:/var/lib/docker/overlay2/968467fe01280f82d26487386f320a15000815d63000d5ec89b47acca8f77ef2/diff:/var/lib/docker/overlay2/cc59daa314bbcaec43d6cd4064c7863b4b3976b989121dcf2e32c4710281f247/diff:/var/lib/docker/overlay2/dc5d8b1cf96cfd5d96d68fbed14248edf1244c1a4669ba07b0bab7f3d782f058/diff:/var/lib/docker/overlay2/dcca184158d696706cd99e62ffa3e5c42964eb57190bef35421cdf3f83a8c130/diff:/var/lib/docker/overlay2/a7f928596da67ce59f34b0ba4cee4a3b948b94f91ad0b0b6260dc54fb9b5a048/diff:/var/lib/docker/overlay2/6ac5adbfff6202b1faa13a2a2fd92625bdda668cdac1a1d2230becbb394e569f/diff","MergedDir":"/var/lib/docker/overlay2/45da4782eb6c4075fef21a16271836d62c4e4726b16ef4c5ea199d4e626bdb39/merged","UpperDir":"/var/lib/docker/overlay2/45da4782eb6c4075fef21a16271836d62c4e4726b16ef4c5ea199d4e626bdb39/diff","WorkDir":"/var/lib/docker/overlay2/45da4782eb6c4075fef21a16271836d62c4e4726b16ef4c5ea199d4e626bdb39/work"},"Name":"overlay2"},"Mounts":[{"Type":"volume","Name":"08668a73464516d2c615e247a561222f461f2385cff5615e53cc78e96456230c","Source":"/var/lib/docker/volumes/08668a73464516d2c615e247a561222f461f2385cff5615e53cc78e96456230c/_data","Destination":"/var/lib/mysql","Driver":"local","Mode":"","RW":true,"Propagation":""}],"Config":{"Hostname":"47a7ce05e61a","Domainname":"","User":"","AttachStdin":false,"AttachStdout":false,"AttachStderr":false,"ExposedPorts":{"3306/tcp":{},"33060/tcp":{}},"Tty":false,"OpenStdin":false,"StdinOnce":false,"Env":["MYSQL_DATABASE=lotification","MYSQL_PASSWORD=1234","MYSQL_USER=admin","MYSQL_ROOT_PASSWORD=1234","PATH=/usr/local/sbin:/usr/local/bin:/usr/sbin:/usr/bin:/sbin:/bin","GOSU_VERSION=1.14","MYSQL_MAJOR=8.0","MYSQL_VERSION=8.0.30-1.el8","MYSQL_SHELL_VERSION=8.0.30-1.el8"],"Cmd":["mysqld"],"Image":"mysql:8","Volumes":{"/var/lib/mysql":{}},"WorkingDir":"","Entrypoint":["docker-entrypoint.sh"],"OnBuild":null,"Labels":{"org.testcontainers":"true","org.testcontainers.sessionId":"c5b4bded-8a7b-4309-a94c-5bb153977152"}},"NetworkSettings":{"Bridge":"","SandboxID":"c87f478ec31081a2fc02a6d53fa5addc8f61962dea8dd5c17c1c641e1a25e99b","HairpinMode":false,"LinkLocalIPv6Address":"","LinkLocalIPv6PrefixLen":0,"Ports":{"3306/tcp":[{"HostIp":"0.0.0.0","HostPort":"63346"}],"33060/tcp":null},"SandboxKey":"/var/run/docker/netns/c87f478ec310","SecondaryIPAddresses":null,"SecondaryIPv6Addresses":null,"EndpointID":"7830774c518a6ae45bc93e5b48bd99e8a609aa29230b007326fa87b5ca32567f","Gateway":"172.17.0.1","GlobalIPv6Address":"","GlobalIPv6PrefixLen":0,"IPAddress":"172.17.0.4","IPPrefixLen":16,"IPv6Gateway":"","MacAddress":"02:42:ac:11:00:04","Networks":{"bridge":{"IPAMConfig":null,"Links":null,"Aliases":null,"NetworkID":"42b943ace1ba272d06317befbba08f853c5a08f211a0bdf3660599ced98f9c17","EndpointID":"7830774c518a6ae45bc93e5b48bd99e8a609aa29230b007326fa87b5ca32567f","Gateway":"172.17.0.1","IPAddress":"172.17.0.4","IPPrefixLen":16,"IPv6Gateway":"","GlobalIPv6Address":"","GlobalIPv6PrefixLen":0,"MacAddress":"02:42:ac:11:00:04","DriverOpts":null}}}}[\n]"
11:45:42.038 [Test worker] DEBUG com.github.dockerjava.zerodep.shaded.org.apache.hc.client5.http.wire - http-outgoing-2 << "[\r][\n]"
11:45:42.038 [Test worker] DEBUG com.github.dockerjava.zerodep.shaded.org.apache.hc.client5.http.wire - http-outgoing-2 << "0[\r][\n]"
11:45:42.038 [Test worker] DEBUG com.github.dockerjava.zerodep.shaded.org.apache.hc.client5.http.wire - http-outgoing-2 << "[\r][\n]"
11:45:42.038 [Test worker] DEBUG com.github.dockerjava.zerodep.shaded.org.apache.hc.client5.http.headers - http-outgoing-2 << HTTP/1.1 200 OK
11:45:42.038 [Test worker] DEBUG com.github.dockerjava.zerodep.shaded.org.apache.hc.client5.http.headers - http-outgoing-2 << Api-Version: 1.41
11:45:42.038 [Test worker] DEBUG com.github.dockerjava.zerodep.shaded.org.apache.hc.client5.http.headers - http-outgoing-2 << Content-Type: application/json
11:45:42.038 [Test worker] DEBUG com.github.dockerjava.zerodep.shaded.org.apache.hc.client5.http.headers - http-outgoing-2 << Date: Mon, 26 Sep 2022 02:45:42 GMT
11:45:42.038 [Test worker] DEBUG com.github.dockerjava.zerodep.shaded.org.apache.hc.client5.http.headers - http-outgoing-2 << Docker-Experimental: false
11:45:42.038 [Test worker] DEBUG com.github.dockerjava.zerodep.shaded.org.apache.hc.client5.http.headers - http-outgoing-2 << Ostype: linux
11:45:42.038 [Test worker] DEBUG com.github.dockerjava.zerodep.shaded.org.apache.hc.client5.http.headers - http-outgoing-2 << Server: Docker/20.10.11 (linux)
11:45:42.038 [Test worker] DEBUG com.github.dockerjava.zerodep.shaded.org.apache.hc.client5.http.headers - http-outgoing-2 << Transfer-Encoding: chunked
11:45:42.038 [Test worker] DEBUG com.github.dockerjava.zerodep.shaded.org.apache.hc.client5.http.impl.classic.MainClientExec - ex-0000003E: connection can be kept alive for 3 MINUTES
11:45:42.039 [Test worker] DEBUG com.github.dockerjava.zerodep.shaded.org.apache.hc.client5.http.impl.classic.InternalHttpClient - ep-0000003D: releasing valid endpoint
11:45:42.039 [Test worker] DEBUG com.github.dockerjava.zerodep.shaded.org.apache.hc.client5.http.impl.io.PoolingHttpClientConnectionManager - ep-0000003D: releasing endpoint
11:45:42.039 [Test worker] DEBUG com.github.dockerjava.zerodep.shaded.org.apache.hc.client5.http.impl.io.PoolingHttpClientConnectionManager - ep-0000003D: connection http-outgoing-2 can be kept alive for 3 MINUTES
11:45:42.039 [Test worker] DEBUG com.github.dockerjava.zerodep.shaded.org.apache.hc.client5.http.impl.io.PoolingHttpClientConnectionManager - ep-0000003D: connection released [route: {}->unix://localhost:2375][total available: 1; route allocated: 1 of 2147483647; total allocated: 1 of 2147483647]
11:45:42.039 [Test worker] DEBUG ]]>&#x1f433;<![CDATA[ [mysql:8] - Trying to create JDBC connection using com.mysql.cj.jdbc.Driver to jdbc:mysql://localhost:63346/lotification?useSSL=false&allowPublicKeyRetrieval=true with properties: {password=1234, user=admin}
11:45:42.146 [Test worker] DEBUG org.testcontainers.shaded.com.github.dockerjava.core.command.AbstrDockerCmd - Cmd: 47a7ce05e61aa72bdced5a030ca6064519c62d122a5992816f04e0e528b5b17d,false
11:45:42.147 [Test worker] DEBUG org.testcontainers.shaded.com.github.dockerjava.core.exec.InspectContainerCmdExec - GET: DefaultWebTarget{path=[/containers/47a7ce05e61aa72bdced5a030ca6064519c62d122a5992816f04e0e528b5b17d/json], queryParams={}}
11:45:42.147 [Test worker] DEBUG com.github.dockerjava.zerodep.shaded.org.apache.hc.client5.http.impl.classic.InternalHttpClient - ex-0000003F: preparing request execution
11:45:42.147 [Test worker] DEBUG com.github.dockerjava.zerodep.shaded.org.apache.hc.client5.http.protocol.RequestAddCookies - Cookie spec selected: strict
11:45:42.147 [Test worker] DEBUG com.github.dockerjava.zerodep.shaded.org.apache.hc.client5.http.protocol.RequestAuthCache - Auth cache not set in the context
11:45:42.147 [Test worker] DEBUG com.github.dockerjava.zerodep.shaded.org.apache.hc.client5.http.impl.classic.ProtocolExec - ex-0000003F: target auth state: UNCHALLENGED
11:45:42.147 [Test worker] DEBUG com.github.dockerjava.zerodep.shaded.org.apache.hc.client5.http.impl.classic.ProtocolExec - ex-0000003F: proxy auth state: UNCHALLENGED
11:45:42.147 [Test worker] DEBUG com.github.dockerjava.zerodep.shaded.org.apache.hc.client5.http.impl.classic.ConnectExec - ex-0000003F: acquiring connection with route {}->unix://localhost:2375
11:45:42.147 [Test worker] DEBUG com.github.dockerjava.zerodep.shaded.org.apache.hc.client5.http.impl.classic.InternalHttpClient - ex-0000003F: acquiring endpoint (3 MINUTES)
11:45:42.148 [Test worker] DEBUG com.github.dockerjava.zerodep.shaded.org.apache.hc.client5.http.impl.io.PoolingHttpClientConnectionManager - ex-0000003F: endpoint lease request (3 MINUTES) [route: {}->unix://localhost:2375][total available: 1; route allocated: 1 of 2147483647; total allocated: 1 of 2147483647]
11:45:42.148 [Test worker] DEBUG com.github.dockerjava.zerodep.shaded.org.apache.hc.client5.http.impl.io.PoolingHttpClientConnectionManager - ex-0000003F: endpoint leased [route: {}->unix://localhost:2375][total available: 0; route allocated: 1 of 2147483647; total allocated: 1 of 2147483647]
11:45:42.148 [Test worker] DEBUG com.github.dockerjava.zerodep.shaded.org.apache.hc.client5.http.impl.io.PoolingHttpClientConnectionManager - ex-0000003F: acquired ep-0000003E
11:45:42.149 [Test worker] DEBUG com.github.dockerjava.zerodep.shaded.org.apache.hc.client5.http.impl.classic.InternalHttpClient - ex-0000003F: acquired endpoint ep-0000003E
11:45:42.149 [Test worker] DEBUG com.github.dockerjava.zerodep.shaded.org.apache.hc.client5.http.impl.classic.MainClientExec - ex-0000003F: executing GET /v1.32/containers/47a7ce05e61aa72bdced5a030ca6064519c62d122a5992816f04e0e528b5b17d/json HTTP/1.1
11:45:42.149 [Test worker] DEBUG com.github.dockerjava.zerodep.shaded.org.apache.hc.client5.http.impl.classic.InternalHttpClient - ep-0000003E: start execution ex-0000003F
11:45:42.149 [Test worker] DEBUG com.github.dockerjava.zerodep.shaded.org.apache.hc.client5.http.impl.io.PoolingHttpClientConnectionManager - ep-0000003E: executing exchange ex-0000003F over http-outgoing-2
11:45:42.149 [Test worker] DEBUG com.github.dockerjava.zerodep.shaded.org.apache.hc.client5.http.headers - http-outgoing-2 >> GET /v1.32/containers/47a7ce05e61aa72bdced5a030ca6064519c62d122a5992816f04e0e528b5b17d/json HTTP/1.1
11:45:42.149 [Test worker] DEBUG com.github.dockerjava.zerodep.shaded.org.apache.hc.client5.http.headers - http-outgoing-2 >> accept: application/json
11:45:42.149 [Test worker] DEBUG com.github.dockerjava.zerodep.shaded.org.apache.hc.client5.http.headers - http-outgoing-2 >> x-tc-sid: c5b4bded-8a7b-4309-a94c-5bb153977152
11:45:42.149 [Test worker] DEBUG com.github.dockerjava.zerodep.shaded.org.apache.hc.client5.http.headers - http-outgoing-2 >> Accept-Encoding: gzip, x-gzip, deflate
11:45:42.149 [Test worker] DEBUG com.github.dockerjava.zerodep.shaded.org.apache.hc.client5.http.headers - http-outgoing-2 >> Host: localhost:2375
11:45:42.149 [Test worker] DEBUG com.github.dockerjava.zerodep.shaded.org.apache.hc.client5.http.headers - http-outgoing-2 >> Connection: keep-alive
11:45:42.149 [Test worker] DEBUG com.github.dockerjava.zerodep.shaded.org.apache.hc.client5.http.headers - http-outgoing-2 >> User-Agent: Apache-HttpClient/5.0.3 (Java/17.0.3)
11:45:42.149 [Test worker] DEBUG com.github.dockerjava.zerodep.shaded.org.apache.hc.client5.http.wire - http-outgoing-2 >> "GET /v1.32/containers/47a7ce05e61aa72bdced5a030ca6064519c62d122a5992816f04e0e528b5b17d/json HTTP/1.1[\r][\n]"
11:45:42.149 [Test worker] DEBUG com.github.dockerjava.zerodep.shaded.org.apache.hc.client5.http.wire - http-outgoing-2 >> "accept: application/json[\r][\n]"
11:45:42.149 [Test worker] DEBUG com.github.dockerjava.zerodep.shaded.org.apache.hc.client5.http.wire - http-outgoing-2 >> "x-tc-sid: c5b4bded-8a7b-4309-a94c-5bb153977152[\r][\n]"
11:45:42.149 [Test worker] DEBUG com.github.dockerjava.zerodep.shaded.org.apache.hc.client5.http.wire - http-outgoing-2 >> "Accept-Encoding: gzip, x-gzip, deflate[\r][\n]"
11:45:42.149 [Test worker] DEBUG com.github.dockerjava.zerodep.shaded.org.apache.hc.client5.http.wire - http-outgoing-2 >> "Host: localhost:2375[\r][\n]"
11:45:42.149 [Test worker] DEBUG com.github.dockerjava.zerodep.shaded.org.apache.hc.client5.http.wire - http-outgoing-2 >> "Connection: keep-alive[\r][\n]"
11:45:42.149 [Test worker] DEBUG com.github.dockerjava.zerodep.shaded.org.apache.hc.client5.http.wire - http-outgoing-2 >> "User-Agent: Apache-HttpClient/5.0.3 (Java/17.0.3)[\r][\n]"
11:45:42.149 [Test worker] DEBUG com.github.dockerjava.zerodep.shaded.org.apache.hc.client5.http.wire - http-outgoing-2 >> "[\r][\n]"
11:45:42.151 [Test worker] DEBUG com.github.dockerjava.zerodep.shaded.org.apache.hc.client5.http.wire - http-outgoing-2 << "HTTP/1.1 200 OK[\r][\n]"
11:45:42.151 [Test worker] DEBUG com.github.dockerjava.zerodep.shaded.org.apache.hc.client5.http.wire - http-outgoing-2 << "Api-Version: 1.41[\r][\n]"
11:45:42.151 [Test worker] DEBUG com.github.dockerjava.zerodep.shaded.org.apache.hc.client5.http.wire - http-outgoing-2 << "Content-Type: application/json[\r][\n]"
11:45:42.151 [Test worker] DEBUG com.github.dockerjava.zerodep.shaded.org.apache.hc.client5.http.wire - http-outgoing-2 << "Date: Mon, 26 Sep 2022 02:45:42 GMT[\r][\n]"
11:45:42.151 [Test worker] DEBUG com.github.dockerjava.zerodep.shaded.org.apache.hc.client5.http.wire - http-outgoing-2 << "Docker-Experimental: false[\r][\n]"
11:45:42.151 [Test worker] DEBUG com.github.dockerjava.zerodep.shaded.org.apache.hc.client5.http.wire - http-outgoing-2 << "Ostype: linux[\r][\n]"
11:45:42.151 [Test worker] DEBUG com.github.dockerjava.zerodep.shaded.org.apache.hc.client5.http.wire - http-outgoing-2 << "Server: Docker/20.10.11 (linux)[\r][\n]"
11:45:42.151 [Test worker] DEBUG com.github.dockerjava.zerodep.shaded.org.apache.hc.client5.http.wire - http-outgoing-2 << "Transfer-Encoding: chunked[\r][\n]"
11:45:42.151 [Test worker] DEBUG com.github.dockerjava.zerodep.shaded.org.apache.hc.client5.http.wire - http-outgoing-2 << "[\r][\n]"
11:45:42.151 [Test worker] DEBUG com.github.dockerjava.zerodep.shaded.org.apache.hc.client5.http.headers - http-outgoing-2 << HTTP/1.1 200 OK
11:45:42.152 [Test worker] DEBUG com.github.dockerjava.zerodep.shaded.org.apache.hc.client5.http.headers - http-outgoing-2 << Api-Version: 1.41
11:45:42.152 [Test worker] DEBUG com.github.dockerjava.zerodep.shaded.org.apache.hc.client5.http.headers - http-outgoing-2 << Content-Type: application/json
11:45:42.152 [Test worker] DEBUG com.github.dockerjava.zerodep.shaded.org.apache.hc.client5.http.headers - http-outgoing-2 << Date: Mon, 26 Sep 2022 02:45:42 GMT
11:45:42.152 [Test worker] DEBUG com.github.dockerjava.zerodep.shaded.org.apache.hc.client5.http.headers - http-outgoing-2 << Docker-Experimental: false
11:45:42.152 [Test worker] DEBUG com.github.dockerjava.zerodep.shaded.org.apache.hc.client5.http.headers - http-outgoing-2 << Ostype: linux
11:45:42.152 [Test worker] DEBUG com.github.dockerjava.zerodep.shaded.org.apache.hc.client5.http.headers - http-outgoing-2 << Server: Docker/20.10.11 (linux)
11:45:42.152 [Test worker] DEBUG com.github.dockerjava.zerodep.shaded.org.apache.hc.client5.http.headers - http-outgoing-2 << Transfer-Encoding: chunked
11:45:42.152 [Test worker] DEBUG com.github.dockerjava.zerodep.shaded.org.apache.hc.client5.http.impl.classic.MainClientExec - ex-0000003F: connection can be kept alive for 3 MINUTES
11:45:42.152 [Test worker] DEBUG com.github.dockerjava.zerodep.shaded.org.apache.hc.client5.http.wire - http-outgoing-2 << "1882[\r][\n]"
11:45:42.152 [Test worker] DEBUG com.github.dockerjava.zerodep.shaded.org.apache.hc.client5.http.wire - http-outgoing-2 << "{"Id":"47a7ce05e61aa72bdced5a030ca6064519c62d122a5992816f04e0e528b5b17d","Created":"2022-09-26T02:45:36.042081626Z","Path":"docker-entrypoint.sh","Args":["mysqld"],"State":{"Status":"running","Running":true,"Paused":false,"Restarting":false,"OOMKilled":false,"Dead":false,"Pid":2251,"ExitCode":0,"Error":"","StartedAt":"2022-09-26T02:45:36.388226668Z","FinishedAt":"0001-01-01T00:00:00Z"},"Image":"sha256:5e229524f286e653111cb9d028bf1ba4c3490742c8cd18c84af22538f0e68575","ResolvConfPath":"/var/lib/docker/containers/47a7ce05e61aa72bdced5a030ca6064519c62d122a5992816f04e0e528b5b17d/resolv.conf","HostnamePath":"/var/lib/docker/containers/47a7ce05e61aa72bdced5a030ca6064519c62d122a5992816f04e0e528b5b17d/hostname","HostsPath":"/var/lib/docker/containers/47a7ce05e61aa72bdced5a030ca6064519c62d122a5992816f04e0e528b5b17d/hosts","LogPath":"/var/lib/docker/containers/47a7ce05e61aa72bdced5a030ca6064519c62d122a5992816f04e0e528b5b17d/47a7ce05e61aa72bdced5a030ca6064519c62d122a5992816f04e0e528b5b17d-json.log","Name":"/crazy_chaum","RestartCount":0,"Driver":"overlay2","Platform":"linux","MountLabel":"","ProcessLabel":"","AppArmorProfile":"","ExecIDs":null,"HostConfig":{"Binds":[],"ContainerIDFile":"","LogConfig":{"Type":"json-file","Config":{}},"NetworkMode":"default","PortBindings":{"3306/tcp":[{"HostIp":"0.0.0.0","HostPort":"0"}]},"RestartPolicy":{"Name":"","MaximumRetryCount":0},"AutoRemove":false,"VolumeDriver":"","VolumesFrom":[],"CapAdd":null,"CapDrop":null,"CgroupnsMode":"private","Dns":null,"DnsOptions":null,"DnsSearch":null,"ExtraHosts":[],"GroupAdd":null,"IpcMode":"shareable","Cgroup":"","Links":null,"OomScoreAdj":0,"PidMode":"","Privileged":false,"PublishAllPorts":false,"ReadonlyRootfs":false,"SecurityOpt":null,"UTSMode":"","UsernsMode":"","ShmSize":67108864,"Runtime":"runc","ConsoleSize":[0,0],"Isolation":"","CpuShares":0,"Memory":0,"NanoCpus":0,"CgroupParent":"","BlkioWeight":0,"BlkioWeightDevice":null,"BlkioDeviceReadBps":null,"BlkioDeviceWriteBps":null,"BlkioDeviceReadIOps":null,"BlkioDeviceWriteIOps":null,"CpuPeriod":0,"CpuQuota":0,"CpuRealtimePeriod":0,"CpuRealtimeRuntime":0,"CpusetCpus":"","CpusetMems":"","Devices":null,"DeviceCgroupRules":null,"DeviceRequests":null,"KernelMemory":0,"KernelMemoryTCP":0,"MemoryReservation":0,"MemorySwap":0,"MemorySwappiness":null,"OomKillDisable":null,"PidsLimit":null,"Ulimits":null,"CpuCount":0,"CpuPercent":0,"IOMaximumIOps":0,"IOMaximumBandwidth":0,"MaskedPaths":["/proc/asound","/proc/acpi","/proc/kcore","/proc/keys","/proc/latency_stats","/proc/timer_list","/proc/timer_stats","/proc/sched_debug","/proc/scsi","/sys/firmware"],"ReadonlyPaths":["/proc/bus","/proc/fs","/proc/irq","/proc/sys","/proc/sysrq-trigger"]},"GraphDriver":{"Data":{"LowerDir":"/var/lib/docker/overlay2/45da4782eb6c4075fef21a16271836d62c4e4726b16ef4c5ea199d4e626bdb39-init/diff:/var/lib/docker/overlay2/27a623f1ab748258e017a40f339844ef533377092bad4182aa320e9399893e13/diff:/var/lib/docker/overlay2/d7c1e4de558b6bbbdc3209a51fc73295262b5271709fe659d0e2e94f626eea74/diff:/var/lib/docker/overlay2/2df554f793c3600571e2f078ad2e20025d6b2e35f3d18881ead4f70e2cc26cb8/diff:/var/lib/docker/overlay2/feb23515577245ad51a24945de1e6bab842929569da912a2b4a33a48c6c2331f/diff:/var/lib/docker/overlay2/cc2cdbce154e19d9c4f376917b6c92ebd55b0b495124ffd2c9d7e9c82b6a95f9/diff:/var/lib/docker/overlay2/968467fe01280f82d26487386f320a15000815d63000d5ec89b47acca8f77ef2/diff:/var/lib/docker/overlay2/cc59daa314bbcaec43d6cd4064c7863b4b3976b989121dcf2e32c4710281f247/diff:/var/lib/docker/overlay2/dc5d8b1cf96cfd5d96d68fbed14248edf1244c1a4669ba07b0bab7f3d782f058/diff:/var/lib/docker/overlay2/dcca184158d696706cd99e62ffa3e5c42964eb57190bef35421cdf3f83a8c130/diff:/var/lib/docker/overlay2/a7f928596da67ce59f34b0ba4cee4a3b948b94f91ad0b0b6260dc54fb9b5a048/diff:/var/lib/docker/overlay2/6ac5adbfff6202b1faa13a2a2fd92625bdda668cdac1a1d2230becbb394e569f/diff","MergedDir":"/var/lib/docker/overlay2/45da4782eb6c4075fef21a16271836d62c4e4726b16ef4c5ea199d4e626bdb39/merged","UpperDir":"/var/lib/docker/overlay2/45da4782eb6c4075fef21a16271836d62c4e4726b16ef4c5ea199d4e626bdb39/diff","WorkDir":"/var/lib/docker/overlay2/45da4782eb6c4075fef21a16271836d62c4e4726b16ef4c5ea199d4e626bdb39/work"},"Name":"overlay2"},"Mounts":[{"Type":"volume","Name":"08668a73464516d2c615e247a561222f461f2385cff5615e53cc78e96456230c","Source":"/var/lib/docker/volumes/08668a73464516d2c615e247a561222f461f2385cff5615e53cc78e96456230c/_data","Destination":"/var/lib/mysql","Driver":"local","Mode":"","RW":true,"Propagation":""}],"Config":{"Hostname":"47a7ce05e61a","Domainname":"","User":"","AttachStdin":false,"AttachStdout":false,"AttachStderr":false,"ExposedPorts":{"3306/tcp":{},"33060/tcp":{}},"Tty":false,"OpenStdin":false,"StdinOnce":false,"Env":["MYSQL_DATABASE=lotification","MYSQL_PASSWORD=1234","MYSQL_USER=admin","MYSQL_ROOT_PASSWORD=1234","PATH=/usr/local/sbin:/usr/local/bin:/usr/sbin:/usr/bin:/sbin:/bin","GOSU_VERSION=1.14","MYSQL_MAJOR=8.0","MYSQL_VERSION=8.0.30-1.el8","MYSQL_SHELL_VERSION=8.0.30-1.el8"],"Cmd":["mysqld"],"Image":"mysql:8","Volumes":{"/var/lib/mysql":{}},"WorkingDir":"","Entrypoint":["docker-entrypoint.sh"],"OnBuild":null,"Labels":{"org.testcontainers":"true","org.testcontainers.sessionId":"c5b4bded-8a7b-4309-a94c-5bb153977152"}},"NetworkSettings":{"Bridge":"","SandboxID":"c87f478ec31081a2fc02a6d53fa5addc8f61962dea8dd5c17c1c641e1a25e99b","HairpinMode":false,"LinkLocalIPv6Address":"","LinkLocalIPv6PrefixLen":0,"Ports":{"3306/tcp":[{"HostIp":"0.0.0.0","HostPort":"63346"}],"33060/tcp":null},"SandboxKey":"/var/run/docker/netns/c87f478ec310","SecondaryIPAddresses":null,"SecondaryIPv6Addresses":null,"EndpointID":"7830774c518a6ae45bc93e5b48bd99e8a609aa29230b007326fa87b5ca32567f","Gateway":"172.17.0.1","GlobalIPv6Address":"","GlobalIPv6PrefixLen":0,"IPAddress":"172.17.0.4","IPPrefixLen":16,"IPv6Gateway":"","MacAddress":"02:42:ac:11:00:04","Networks":{"bridge":{"IPAMConfig":null,"Links":null,"Aliases":null,"NetworkID":"42b943ace1ba272d06317befbba08f853c5a08f211a0bdf3660599ced98f9c17","EndpointID":"7830774c518a6ae45bc93e5b48bd99e8a609aa29230b007326fa87b5ca32567f","Gateway":"172.17.0.1","IPAddress":"172.17.0.4","IPPrefixLen":16,"IPv6Gateway":"","GlobalIPv6Address":"","GlobalIPv6PrefixLen":0,"MacAddress":"02:42:ac:11:00:04","DriverOpts":null}}}}[\n]"
11:45:42.152 [Test worker] DEBUG com.github.dockerjava.zerodep.shaded.org.apache.hc.client5.http.wire - http-outgoing-2 << "[\r][\n]"
11:45:42.152 [Test worker] DEBUG com.github.dockerjava.zerodep.shaded.org.apache.hc.client5.http.wire - http-outgoing-2 << "0[\r][\n]"
11:45:42.152 [Test worker] DEBUG com.github.dockerjava.zerodep.shaded.org.apache.hc.client5.http.wire - http-outgoing-2 << "[\r][\n]"
11:45:42.152 [Test worker] DEBUG com.github.dockerjava.zerodep.shaded.org.apache.hc.client5.http.impl.classic.InternalHttpClient - ep-0000003E: releasing valid endpoint
11:45:42.152 [Test worker] DEBUG com.github.dockerjava.zerodep.shaded.org.apache.hc.client5.http.impl.io.PoolingHttpClientConnectionManager - ep-0000003E: releasing endpoint
11:45:42.153 [Test worker] DEBUG com.github.dockerjava.zerodep.shaded.org.apache.hc.client5.http.impl.io.PoolingHttpClientConnectionManager - ep-0000003E: connection http-outgoing-2 can be kept alive for 3 MINUTES
11:45:42.153 [Test worker] DEBUG com.github.dockerjava.zerodep.shaded.org.apache.hc.client5.http.impl.io.PoolingHttpClientConnectionManager - ep-0000003E: connection released [route: {}->unix://localhost:2375][total available: 1; route allocated: 1 of 2147483647; total allocated: 1 of 2147483647]
11:45:42.153 [Test worker] DEBUG ]]>&#x1f433;<![CDATA[ [mysql:8] - Trying to create JDBC connection using com.mysql.cj.jdbc.Driver to jdbc:mysql://localhost:63346/lotification?useSSL=false&allowPublicKeyRetrieval=true with properties: {password=1234, user=admin}
11:45:42.260 [Test worker] DEBUG org.testcontainers.shaded.com.github.dockerjava.core.command.AbstrDockerCmd - Cmd: 47a7ce05e61aa72bdced5a030ca6064519c62d122a5992816f04e0e528b5b17d,false
11:45:42.260 [Test worker] DEBUG org.testcontainers.shaded.com.github.dockerjava.core.exec.InspectContainerCmdExec - GET: DefaultWebTarget{path=[/containers/47a7ce05e61aa72bdced5a030ca6064519c62d122a5992816f04e0e528b5b17d/json], queryParams={}}
11:45:42.260 [Test worker] DEBUG com.github.dockerjava.zerodep.shaded.org.apache.hc.client5.http.impl.classic.InternalHttpClient - ex-00000040: preparing request execution
11:45:42.260 [Test worker] DEBUG com.github.dockerjava.zerodep.shaded.org.apache.hc.client5.http.protocol.RequestAddCookies - Cookie spec selected: strict
11:45:42.260 [Test worker] DEBUG com.github.dockerjava.zerodep.shaded.org.apache.hc.client5.http.protocol.RequestAuthCache - Auth cache not set in the context
11:45:42.260 [Test worker] DEBUG com.github.dockerjava.zerodep.shaded.org.apache.hc.client5.http.impl.classic.ProtocolExec - ex-00000040: target auth state: UNCHALLENGED
11:45:42.260 [Test worker] DEBUG com.github.dockerjava.zerodep.shaded.org.apache.hc.client5.http.impl.classic.ProtocolExec - ex-00000040: proxy auth state: UNCHALLENGED
11:45:42.260 [Test worker] DEBUG com.github.dockerjava.zerodep.shaded.org.apache.hc.client5.http.impl.classic.ConnectExec - ex-00000040: acquiring connection with route {}->unix://localhost:2375
11:45:42.260 [Test worker] DEBUG com.github.dockerjava.zerodep.shaded.org.apache.hc.client5.http.impl.classic.InternalHttpClient - ex-00000040: acquiring endpoint (3 MINUTES)
11:45:42.261 [Test worker] DEBUG com.github.dockerjava.zerodep.shaded.org.apache.hc.client5.http.impl.io.PoolingHttpClientConnectionManager - ex-00000040: endpoint lease request (3 MINUTES) [route: {}->unix://localhost:2375][total available: 1; route allocated: 1 of 2147483647; total allocated: 1 of 2147483647]
11:45:42.261 [Test worker] DEBUG com.github.dockerjava.zerodep.shaded.org.apache.hc.client5.http.impl.io.PoolingHttpClientConnectionManager - ex-00000040: endpoint leased [route: {}->unix://localhost:2375][total available: 0; route allocated: 1 of 2147483647; total allocated: 1 of 2147483647]
11:45:42.261 [Test worker] DEBUG com.github.dockerjava.zerodep.shaded.org.apache.hc.client5.http.impl.io.PoolingHttpClientConnectionManager - ex-00000040: acquired ep-0000003F
11:45:42.261 [Test worker] DEBUG com.github.dockerjava.zerodep.shaded.org.apache.hc.client5.http.impl.classic.InternalHttpClient - ex-00000040: acquired endpoint ep-0000003F
11:45:42.261 [Test worker] DEBUG com.github.dockerjava.zerodep.shaded.org.apache.hc.client5.http.impl.classic.MainClientExec - ex-00000040: executing GET /v1.32/containers/47a7ce05e61aa72bdced5a030ca6064519c62d122a5992816f04e0e528b5b17d/json HTTP/1.1
11:45:42.261 [Test worker] DEBUG com.github.dockerjava.zerodep.shaded.org.apache.hc.client5.http.impl.classic.InternalHttpClient - ep-0000003F: start execution ex-00000040
11:45:42.261 [Test worker] DEBUG com.github.dockerjava.zerodep.shaded.org.apache.hc.client5.http.impl.io.PoolingHttpClientConnectionManager - ep-0000003F: executing exchange ex-00000040 over http-outgoing-2
11:45:42.261 [Test worker] DEBUG com.github.dockerjava.zerodep.shaded.org.apache.hc.client5.http.headers - http-outgoing-2 >> GET /v1.32/containers/47a7ce05e61aa72bdced5a030ca6064519c62d122a5992816f04e0e528b5b17d/json HTTP/1.1
11:45:42.261 [Test worker] DEBUG com.github.dockerjava.zerodep.shaded.org.apache.hc.client5.http.headers - http-outgoing-2 >> accept: application/json
11:45:42.261 [Test worker] DEBUG com.github.dockerjava.zerodep.shaded.org.apache.hc.client5.http.headers - http-outgoing-2 >> x-tc-sid: c5b4bded-8a7b-4309-a94c-5bb153977152
11:45:42.261 [Test worker] DEBUG com.github.dockerjava.zerodep.shaded.org.apache.hc.client5.http.headers - http-outgoing-2 >> Accept-Encoding: gzip, x-gzip, deflate
11:45:42.261 [Test worker] DEBUG com.github.dockerjava.zerodep.shaded.org.apache.hc.client5.http.headers - http-outgoing-2 >> Host: localhost:2375
11:45:42.261 [Test worker] DEBUG com.github.dockerjava.zerodep.shaded.org.apache.hc.client5.http.headers - http-outgoing-2 >> Connection: keep-alive
11:45:42.261 [Test worker] DEBUG com.github.dockerjava.zerodep.shaded.org.apache.hc.client5.http.headers - http-outgoing-2 >> User-Agent: Apache-HttpClient/5.0.3 (Java/17.0.3)
11:45:42.261 [Test worker] DEBUG com.github.dockerjava.zerodep.shaded.org.apache.hc.client5.http.wire - http-outgoing-2 >> "GET /v1.32/containers/47a7ce05e61aa72bdced5a030ca6064519c62d122a5992816f04e0e528b5b17d/json HTTP/1.1[\r][\n]"
11:45:42.261 [Test worker] DEBUG com.github.dockerjava.zerodep.shaded.org.apache.hc.client5.http.wire - http-outgoing-2 >> "accept: application/json[\r][\n]"
11:45:42.261 [Test worker] DEBUG com.github.dockerjava.zerodep.shaded.org.apache.hc.client5.http.wire - http-outgoing-2 >> "x-tc-sid: c5b4bded-8a7b-4309-a94c-5bb153977152[\r][\n]"
11:45:42.261 [Test worker] DEBUG com.github.dockerjava.zerodep.shaded.org.apache.hc.client5.http.wire - http-outgoing-2 >> "Accept-Encoding: gzip, x-gzip, deflate[\r][\n]"
11:45:42.261 [Test worker] DEBUG com.github.dockerjava.zerodep.shaded.org.apache.hc.client5.http.wire - http-outgoing-2 >> "Host: localhost:2375[\r][\n]"
11:45:42.261 [Test worker] DEBUG com.github.dockerjava.zerodep.shaded.org.apache.hc.client5.http.wire - http-outgoing-2 >> "Connection: keep-alive[\r][\n]"
11:45:42.261 [Test worker] DEBUG com.github.dockerjava.zerodep.shaded.org.apache.hc.client5.http.wire - http-outgoing-2 >> "User-Agent: Apache-HttpClient/5.0.3 (Java/17.0.3)[\r][\n]"
11:45:42.261 [Test worker] DEBUG com.github.dockerjava.zerodep.shaded.org.apache.hc.client5.http.wire - http-outgoing-2 >> "[\r][\n]"
11:45:42.263 [Test worker] DEBUG com.github.dockerjava.zerodep.shaded.org.apache.hc.client5.http.wire - http-outgoing-2 << "HTTP/1.1 200 OK[\r][\n]"
11:45:42.263 [Test worker] DEBUG com.github.dockerjava.zerodep.shaded.org.apache.hc.client5.http.wire - http-outgoing-2 << "Api-Version: 1.41[\r][\n]"
11:45:42.263 [Test worker] DEBUG com.github.dockerjava.zerodep.shaded.org.apache.hc.client5.http.wire - http-outgoing-2 << "Content-Type: application/json[\r][\n]"
11:45:42.263 [Test worker] DEBUG com.github.dockerjava.zerodep.shaded.org.apache.hc.client5.http.wire - http-outgoing-2 << "Date: Mon, 26 Sep 2022 02:45:42 GMT[\r][\n]"
11:45:42.263 [Test worker] DEBUG com.github.dockerjava.zerodep.shaded.org.apache.hc.client5.http.wire - http-outgoing-2 << "Docker-Experimental: false[\r][\n]"
11:45:42.263 [Test worker] DEBUG com.github.dockerjava.zerodep.shaded.org.apache.hc.client5.http.wire - http-outgoing-2 << "Ostype: linux[\r][\n]"
11:45:42.263 [Test worker] DEBUG com.github.dockerjava.zerodep.shaded.org.apache.hc.client5.http.wire - http-outgoing-2 << "Server: Docker/20.10.11 (linux)[\r][\n]"
11:45:42.263 [Test worker] DEBUG com.github.dockerjava.zerodep.shaded.org.apache.hc.client5.http.wire - http-outgoing-2 << "Transfer-Encoding: chunked[\r][\n]"
11:45:42.263 [Test worker] DEBUG com.github.dockerjava.zerodep.shaded.org.apache.hc.client5.http.wire - http-outgoing-2 << "[\r][\n]"
11:45:42.263 [Test worker] DEBUG com.github.dockerjava.zerodep.shaded.org.apache.hc.client5.http.headers - http-outgoing-2 << HTTP/1.1 200 OK
11:45:42.263 [Test worker] DEBUG com.github.dockerjava.zerodep.shaded.org.apache.hc.client5.http.headers - http-outgoing-2 << Api-Version: 1.41
11:45:42.263 [Test worker] DEBUG com.github.dockerjava.zerodep.shaded.org.apache.hc.client5.http.headers - http-outgoing-2 << Content-Type: application/json
11:45:42.263 [Test worker] DEBUG com.github.dockerjava.zerodep.shaded.org.apache.hc.client5.http.headers - http-outgoing-2 << Date: Mon, 26 Sep 2022 02:45:42 GMT
11:45:42.263 [Test worker] DEBUG com.github.dockerjava.zerodep.shaded.org.apache.hc.client5.http.headers - http-outgoing-2 << Docker-Experimental: false
11:45:42.263 [Test worker] DEBUG com.github.dockerjava.zerodep.shaded.org.apache.hc.client5.http.headers - http-outgoing-2 << Ostype: linux
11:45:42.263 [Test worker] DEBUG com.github.dockerjava.zerodep.shaded.org.apache.hc.client5.http.headers - http-outgoing-2 << Server: Docker/20.10.11 (linux)
11:45:42.263 [Test worker] DEBUG com.github.dockerjava.zerodep.shaded.org.apache.hc.client5.http.headers - http-outgoing-2 << Transfer-Encoding: chunked
11:45:42.263 [Test worker] DEBUG com.github.dockerjava.zerodep.shaded.org.apache.hc.client5.http.impl.classic.MainClientExec - ex-00000040: connection can be kept alive for 3 MINUTES
11:45:42.263 [Test worker] DEBUG com.github.dockerjava.zerodep.shaded.org.apache.hc.client5.http.wire - http-outgoing-2 << "1882[\r][\n]"
11:45:42.263 [Test worker] DEBUG com.github.dockerjava.zerodep.shaded.org.apache.hc.client5.http.wire - http-outgoing-2 << "{"Id":"47a7ce05e61aa72bdced5a030ca6064519c62d122a5992816f04e0e528b5b17d","Created":"2022-09-26T02:45:36.042081626Z","Path":"docker-entrypoint.sh","Args":["mysqld"],"State":{"Status":"running","Running":true,"Paused":false,"Restarting":false,"OOMKilled":false,"Dead":false,"Pid":2251,"ExitCode":0,"Error":"","StartedAt":"2022-09-26T02:45:36.388226668Z","FinishedAt":"0001-01-01T00:00:00Z"},"Image":"sha256:5e229524f286e653111cb9d028bf1ba4c3490742c8cd18c84af22538f0e68575","ResolvConfPath":"/var/lib/docker/containers/47a7ce05e61aa72bdced5a030ca6064519c62d122a5992816f04e0e528b5b17d/resolv.conf","HostnamePath":"/var/lib/docker/containers/47a7ce05e61aa72bdced5a030ca6064519c62d122a5992816f04e0e528b5b17d/hostname","HostsPath":"/var/lib/docker/containers/47a7ce05e61aa72bdced5a030ca6064519c62d122a5992816f04e0e528b5b17d/hosts","LogPath":"/var/lib/docker/containers/47a7ce05e61aa72bdced5a030ca6064519c62d122a5992816f04e0e528b5b17d/47a7ce05e61aa72bdced5a030ca6064519c62d122a5992816f04e0e528b5b17d-json.log","Name":"/crazy_chaum","RestartCount":0,"Driver":"overlay2","Platform":"linux","MountLabel":"","ProcessLabel":"","AppArmorProfile":"","ExecIDs":null,"HostConfig":{"Binds":[],"ContainerIDFile":"","LogConfig":{"Type":"json-file","Config":{}},"NetworkMode":"default","PortBindings":{"3306/tcp":[{"HostIp":"0.0.0.0","HostPort":"0"}]},"RestartPolicy":{"Name":"","MaximumRetryCount":0},"AutoRemove":false,"VolumeDriver":"","VolumesFrom":[],"CapAdd":null,"CapDrop":null,"CgroupnsMode":"private","Dns":null,"DnsOptions":null,"DnsSearch":null,"ExtraHosts":[],"GroupAdd":null,"IpcMode":"shareable","Cgroup":"","Links":null,"OomScoreAdj":0,"PidMode":"","Privileged":false,"PublishAllPorts":false,"ReadonlyRootfs":false,"SecurityOpt":null,"UTSMode":"","UsernsMode":"","ShmSize":67108864,"Runtime":"runc","ConsoleSize":[0,0],"Isolation":"","CpuShares":0,"Memory":0,"NanoCpus":0,"CgroupParent":"","BlkioWeight":0,"BlkioWeightDevice":null,"BlkioDeviceReadBps":null,"BlkioDeviceWriteBps":null,"BlkioDeviceReadIOps":null,"BlkioDeviceWriteIOps":null,"CpuPeriod":0,"CpuQuota":0,"CpuRealtimePeriod":0,"CpuRealtimeRuntime":0,"CpusetCpus":"","CpusetMems":"","Devices":null,"DeviceCgroupRules":null,"DeviceRequests":null,"KernelMemory":0,"KernelMemoryTCP":0,"MemoryReservation":0,"MemorySwap":0,"MemorySwappiness":null,"OomKillDisable":null,"PidsLimit":null,"Ulimits":null,"CpuCount":0,"CpuPercent":0,"IOMaximumIOps":0,"IOMaximumBandwidth":0,"MaskedPaths":["/proc/asound","/proc/acpi","/proc/kcore","/proc/keys","/proc/latency_stats","/proc/timer_list","/proc/timer_stats","/proc/sched_debug","/proc/scsi","/sys/firmware"],"ReadonlyPaths":["/proc/bus","/proc/fs","/proc/irq","/proc/sys","/proc/sysrq-trigger"]},"GraphDriver":{"Data":{"LowerDir":"/var/lib/docker/overlay2/45da4782eb6c4075fef21a16271836d62c4e4726b16ef4c5ea199d4e626bdb39-init/diff:/var/lib/docker/overlay2/27a623f1ab748258e017a40f339844ef533377092bad4182aa320e9399893e13/diff:/var/lib/docker/overlay2/d7c1e4de558b6bbbdc3209a51fc73295262b5271709fe659d0e2e94f626eea74/diff:/var/lib/docker/overlay2/2df554f793c3600571e2f078ad2e20025d6b2e35f3d18881ead4f70e2cc26cb8/diff:/var/lib/docker/overlay2/feb23515577245ad51a24945de1e6bab842929569da912a2b4a33a48c6c2331f/diff:/var/lib/docker/overlay2/cc2cdbce154e19d9c4f376917b6c92ebd55b0b495124ffd2c9d7e9c82b6a95f9/diff:/var/lib/docker/overlay2/968467fe01280f82d26487386f320a15000815d63000d5ec89b47acca8f77ef2/diff:/var/lib/docker/overlay2/cc59daa314bbcaec43d6cd4064c7863b4b3976b989121dcf2e32c4710281f247/diff:/var/lib/docker/overlay2/dc5d8b1cf96cfd5d96d68fbed14248edf1244c1a4669ba07b0bab7f3d782f058/diff:/var/lib/docker/overlay2/dcca184158d696706cd99e62ffa3e5c42964eb57190bef35421cdf3f83a8c130/diff:/var/lib/docker/overlay2/a7f928596da67ce59f34b0ba4cee4a3b948b94f91ad0b0b6260dc54fb9b5a048/diff:/var/lib/docker/overlay2/6ac5adbfff6202b1faa13a2a2fd92625bdda668cdac1a1d2230becbb394e569f/diff","MergedDir":"/var/lib/docker/overlay2/45da4782eb6c4075fef21a16271836d62c4e4726b16ef4c5ea199d4e626bdb39/merged","UpperDir":"/var/lib/docker/overlay2/45da4782eb6c4075fef21a16271836d62c4e4726b16ef4c5ea199d4e626bdb39/diff","WorkDir":"/var/lib/docker/overlay2/45da4782eb6c4075fef21a16271836d62c4e4726b16ef4c5ea199d4e626bdb39/work"},"Name":"overlay2"},"Mounts":[{"Type":"volume","Name":"08668a73464516d2c615e247a561222f461f2385cff5615e53cc78e96456230c","Source":"/var/lib/docker/volumes/08668a73464516d2c615e247a561222f461f2385cff5615e53cc78e96456230c/_data","Destination":"/var/lib/mysql","Driver":"local","Mode":"","RW":true,"Propagation":""}],"Config":{"Hostname":"47a7ce05e61a","Domainname":"","User":"","AttachStdin":false,"AttachStdout":false,"AttachStderr":false,"ExposedPorts":{"3306/tcp":{},"33060/tcp":{}},"Tty":false,"OpenStdin":false,"StdinOnce":false,"Env":["MYSQL_DATABASE=lotification","MYSQL_PASSWORD=1234","MYSQL_USER=admin","MYSQL_ROOT_PASSWORD=1234","PATH=/usr/local/sbin:/usr/local/bin:/usr/sbin:/usr/bin:/sbin:/bin","GOSU_VERSION=1.14","MYSQL_MAJOR=8.0","MYSQL_VERSION=8.0.30-1.el8","MYSQL_SHELL_VERSION=8.0.30-1.el8"],"Cmd":["mysqld"],"Image":"mysql:8","Volumes":{"/var/lib/mysql":{}},"WorkingDir":"","Entrypoint":["docker-entrypoint.sh"],"OnBuild":null,"Labels":{"org.testcontainers":"true","org.testcontainers.sessionId":"c5b4bded-8a7b-4309-a94c-5bb153977152"}},"NetworkSettings":{"Bridge":"","SandboxID":"c87f478ec31081a2fc02a6d53fa5addc8f61962dea8dd5c17c1c641e1a25e99b","HairpinMode":false,"LinkLocalIPv6Address":"","LinkLocalIPv6PrefixLen":0,"Ports":{"3306/tcp":[{"HostIp":"0.0.0.0","HostPort":"63346"}],"33060/tcp":null},"SandboxKey":"/var/run/docker/netns/c87f478ec310","SecondaryIPAddresses":null,"SecondaryIPv6Addresses":null,"EndpointID":"7830774c518a6ae45bc93e5b48bd99e8a609aa29230b007326fa87b5ca32567f","Gateway":"172.17.0.1","GlobalIPv6Address":"","GlobalIPv6PrefixLen":0,"IPAddress":"172.17.0.4","IPPrefixLen":16,"IPv6Gateway":"","MacAddress":"02:42:ac:11:00:04","Networks":{"bridge":{"IPAMConfig":null,"Links":null,"Aliases":null,"NetworkID":"42b943ace1ba272d06317befbba08f853c5a08f211a0bdf3660599ced98f9c17","EndpointID":"7830774c518a6ae45bc93e5b48bd99e8a609aa29230b007326fa87b5ca32567f","Gateway":"172.17.0.1","IPAddress":"172.17.0.4","IPPrefixLen":16,"IPv6Gateway":"","GlobalIPv6Address":"","GlobalIPv6PrefixLen":0,"MacAddress":"02:42:ac:11:00:04","DriverOpts":null}}}}[\n]"
11:45:42.263 [Test worker] DEBUG com.github.dockerjava.zerodep.shaded.org.apache.hc.client5.http.wire - http-outgoing-2 << "[\r][\n]"
11:45:42.264 [Test worker] DEBUG com.github.dockerjava.zerodep.shaded.org.apache.hc.client5.http.wire - http-outgoing-2 << "0[\r][\n]"
11:45:42.264 [Test worker] DEBUG com.github.dockerjava.zerodep.shaded.org.apache.hc.client5.http.wire - http-outgoing-2 << "[\r][\n]"
11:45:42.264 [Test worker] DEBUG com.github.dockerjava.zerodep.shaded.org.apache.hc.client5.http.impl.classic.InternalHttpClient - ep-0000003F: releasing valid endpoint
11:45:42.264 [Test worker] DEBUG com.github.dockerjava.zerodep.shaded.org.apache.hc.client5.http.impl.io.PoolingHttpClientConnectionManager - ep-0000003F: releasing endpoint
11:45:42.264 [Test worker] DEBUG com.github.dockerjava.zerodep.shaded.org.apache.hc.client5.http.impl.io.PoolingHttpClientConnectionManager - ep-0000003F: connection http-outgoing-2 can be kept alive for 3 MINUTES
11:45:42.264 [Test worker] DEBUG com.github.dockerjava.zerodep.shaded.org.apache.hc.client5.http.impl.io.PoolingHttpClientConnectionManager - ep-0000003F: connection released [route: {}->unix://localhost:2375][total available: 1; route allocated: 1 of 2147483647; total allocated: 1 of 2147483647]
11:45:42.264 [Test worker] DEBUG ]]>&#x1f433;<![CDATA[ [mysql:8] - Trying to create JDBC connection using com.mysql.cj.jdbc.Driver to jdbc:mysql://localhost:63346/lotification?useSSL=false&allowPublicKeyRetrieval=true with properties: {password=1234, user=admin}
11:45:42.371 [Test worker] DEBUG org.testcontainers.shaded.com.github.dockerjava.core.command.AbstrDockerCmd - Cmd: 47a7ce05e61aa72bdced5a030ca6064519c62d122a5992816f04e0e528b5b17d,false
11:45:42.371 [Test worker] DEBUG org.testcontainers.shaded.com.github.dockerjava.core.exec.InspectContainerCmdExec - GET: DefaultWebTarget{path=[/containers/47a7ce05e61aa72bdced5a030ca6064519c62d122a5992816f04e0e528b5b17d/json], queryParams={}}
11:45:42.372 [Test worker] DEBUG com.github.dockerjava.zerodep.shaded.org.apache.hc.client5.http.impl.classic.InternalHttpClient - ex-00000041: preparing request execution
11:45:42.372 [Test worker] DEBUG com.github.dockerjava.zerodep.shaded.org.apache.hc.client5.http.protocol.RequestAddCookies - Cookie spec selected: strict
11:45:42.372 [Test worker] DEBUG com.github.dockerjava.zerodep.shaded.org.apache.hc.client5.http.protocol.RequestAuthCache - Auth cache not set in the context
11:45:42.372 [Test worker] DEBUG com.github.dockerjava.zerodep.shaded.org.apache.hc.client5.http.impl.classic.ProtocolExec - ex-00000041: target auth state: UNCHALLENGED
11:45:42.372 [Test worker] DEBUG com.github.dockerjava.zerodep.shaded.org.apache.hc.client5.http.impl.classic.ProtocolExec - ex-00000041: proxy auth state: UNCHALLENGED
11:45:42.372 [Test worker] DEBUG com.github.dockerjava.zerodep.shaded.org.apache.hc.client5.http.impl.classic.ConnectExec - ex-00000041: acquiring connection with route {}->unix://localhost:2375
11:45:42.372 [Test worker] DEBUG com.github.dockerjava.zerodep.shaded.org.apache.hc.client5.http.impl.classic.InternalHttpClient - ex-00000041: acquiring endpoint (3 MINUTES)
11:45:42.372 [Test worker] DEBUG com.github.dockerjava.zerodep.shaded.org.apache.hc.client5.http.impl.io.PoolingHttpClientConnectionManager - ex-00000041: endpoint lease request (3 MINUTES) [route: {}->unix://localhost:2375][total available: 1; route allocated: 1 of 2147483647; total allocated: 1 of 2147483647]
11:45:42.372 [Test worker] DEBUG com.github.dockerjava.zerodep.shaded.org.apache.hc.client5.http.impl.io.PoolingHttpClientConnectionManager - ex-00000041: endpoint leased [route: {}->unix://localhost:2375][total available: 0; route allocated: 1 of 2147483647; total allocated: 1 of 2147483647]
11:45:42.372 [Test worker] DEBUG com.github.dockerjava.zerodep.shaded.org.apache.hc.client5.http.impl.io.PoolingHttpClientConnectionManager - ex-00000041: acquired ep-00000040
11:45:42.372 [Test worker] DEBUG com.github.dockerjava.zerodep.shaded.org.apache.hc.client5.http.impl.classic.InternalHttpClient - ex-00000041: acquired endpoint ep-00000040
11:45:42.372 [Test worker] DEBUG com.github.dockerjava.zerodep.shaded.org.apache.hc.client5.http.impl.classic.MainClientExec - ex-00000041: executing GET /v1.32/containers/47a7ce05e61aa72bdced5a030ca6064519c62d122a5992816f04e0e528b5b17d/json HTTP/1.1
11:45:42.372 [Test worker] DEBUG com.github.dockerjava.zerodep.shaded.org.apache.hc.client5.http.impl.classic.InternalHttpClient - ep-00000040: start execution ex-00000041
11:45:42.372 [Test worker] DEBUG com.github.dockerjava.zerodep.shaded.org.apache.hc.client5.http.impl.io.PoolingHttpClientConnectionManager - ep-00000040: executing exchange ex-00000041 over http-outgoing-2
11:45:42.372 [Test worker] DEBUG com.github.dockerjava.zerodep.shaded.org.apache.hc.client5.http.headers - http-outgoing-2 >> GET /v1.32/containers/47a7ce05e61aa72bdced5a030ca6064519c62d122a5992816f04e0e528b5b17d/json HTTP/1.1
11:45:42.372 [Test worker] DEBUG com.github.dockerjava.zerodep.shaded.org.apache.hc.client5.http.headers - http-outgoing-2 >> accept: application/json
11:45:42.372 [Test worker] DEBUG com.github.dockerjava.zerodep.shaded.org.apache.hc.client5.http.headers - http-outgoing-2 >> x-tc-sid: c5b4bded-8a7b-4309-a94c-5bb153977152
11:45:42.372 [Test worker] DEBUG com.github.dockerjava.zerodep.shaded.org.apache.hc.client5.http.headers - http-outgoing-2 >> Accept-Encoding: gzip, x-gzip, deflate
11:45:42.372 [Test worker] DEBUG com.github.dockerjava.zerodep.shaded.org.apache.hc.client5.http.headers - http-outgoing-2 >> Host: localhost:2375
11:45:42.372 [Test worker] DEBUG com.github.dockerjava.zerodep.shaded.org.apache.hc.client5.http.headers - http-outgoing-2 >> Connection: keep-alive
11:45:42.372 [Test worker] DEBUG com.github.dockerjava.zerodep.shaded.org.apache.hc.client5.http.headers - http-outgoing-2 >> User-Agent: Apache-HttpClient/5.0.3 (Java/17.0.3)
11:45:42.372 [Test worker] DEBUG com.github.dockerjava.zerodep.shaded.org.apache.hc.client5.http.wire - http-outgoing-2 >> "GET /v1.32/containers/47a7ce05e61aa72bdced5a030ca6064519c62d122a5992816f04e0e528b5b17d/json HTTP/1.1[\r][\n]"
11:45:42.372 [Test worker] DEBUG com.github.dockerjava.zerodep.shaded.org.apache.hc.client5.http.wire - http-outgoing-2 >> "accept: application/json[\r][\n]"
11:45:42.372 [Test worker] DEBUG com.github.dockerjava.zerodep.shaded.org.apache.hc.client5.http.wire - http-outgoing-2 >> "x-tc-sid: c5b4bded-8a7b-4309-a94c-5bb153977152[\r][\n]"
11:45:42.372 [Test worker] DEBUG com.github.dockerjava.zerodep.shaded.org.apache.hc.client5.http.wire - http-outgoing-2 >> "Accept-Encoding: gzip, x-gzip, deflate[\r][\n]"
11:45:42.372 [Test worker] DEBUG com.github.dockerjava.zerodep.shaded.org.apache.hc.client5.http.wire - http-outgoing-2 >> "Host: localhost:2375[\r][\n]"
11:45:42.372 [Test worker] DEBUG com.github.dockerjava.zerodep.shaded.org.apache.hc.client5.http.wire - http-outgoing-2 >> "Connection: keep-alive[\r][\n]"
11:45:42.372 [Test worker] DEBUG com.github.dockerjava.zerodep.shaded.org.apache.hc.client5.http.wire - http-outgoing-2 >> "User-Agent: Apache-HttpClient/5.0.3 (Java/17.0.3)[\r][\n]"
11:45:42.372 [Test worker] DEBUG com.github.dockerjava.zerodep.shaded.org.apache.hc.client5.http.wire - http-outgoing-2 >> "[\r][\n]"
11:45:42.374 [Test worker] DEBUG com.github.dockerjava.zerodep.shaded.org.apache.hc.client5.http.wire - http-outgoing-2 << "HTTP/1.1 200 OK[\r][\n]"
11:45:42.374 [Test worker] DEBUG com.github.dockerjava.zerodep.shaded.org.apache.hc.client5.http.wire - http-outgoing-2 << "Api-Version: 1.41[\r][\n]"
11:45:42.375 [Test worker] DEBUG com.github.dockerjava.zerodep.shaded.org.apache.hc.client5.http.wire - http-outgoing-2 << "Content-Type: application/json[\r][\n]"
11:45:42.375 [Test worker] DEBUG com.github.dockerjava.zerodep.shaded.org.apache.hc.client5.http.wire - http-outgoing-2 << "Date: Mon, 26 Sep 2022 02:45:42 GMT[\r][\n]"
11:45:42.375 [Test worker] DEBUG com.github.dockerjava.zerodep.shaded.org.apache.hc.client5.http.wire - http-outgoing-2 << "Docker-Experimental: false[\r][\n]"
11:45:42.375 [Test worker] DEBUG com.github.dockerjava.zerodep.shaded.org.apache.hc.client5.http.wire - http-outgoing-2 << "Ostype: linux[\r][\n]"
11:45:42.375 [Test worker] DEBUG com.github.dockerjava.zerodep.shaded.org.apache.hc.client5.http.wire - http-outgoing-2 << "Server: Docker/20.10.11 (linux)[\r][\n]"
11:45:42.375 [Test worker] DEBUG com.github.dockerjava.zerodep.shaded.org.apache.hc.client5.http.wire - http-outgoing-2 << "Transfer-Encoding: chunked[\r][\n]"
11:45:42.375 [Test worker] DEBUG com.github.dockerjava.zerodep.shaded.org.apache.hc.client5.http.wire - http-outgoing-2 << "[\r][\n]"
11:45:42.375 [Test worker] DEBUG com.github.dockerjava.zerodep.shaded.org.apache.hc.client5.http.headers - http-outgoing-2 << HTTP/1.1 200 OK
11:45:42.375 [Test worker] DEBUG com.github.dockerjava.zerodep.shaded.org.apache.hc.client5.http.headers - http-outgoing-2 << Api-Version: 1.41
11:45:42.375 [Test worker] DEBUG com.github.dockerjava.zerodep.shaded.org.apache.hc.client5.http.headers - http-outgoing-2 << Content-Type: application/json
11:45:42.375 [Test worker] DEBUG com.github.dockerjava.zerodep.shaded.org.apache.hc.client5.http.headers - http-outgoing-2 << Date: Mon, 26 Sep 2022 02:45:42 GMT
11:45:42.375 [Test worker] DEBUG com.github.dockerjava.zerodep.shaded.org.apache.hc.client5.http.headers - http-outgoing-2 << Docker-Experimental: false
11:45:42.375 [Test worker] DEBUG com.github.dockerjava.zerodep.shaded.org.apache.hc.client5.http.headers - http-outgoing-2 << Ostype: linux
11:45:42.375 [Test worker] DEBUG com.github.dockerjava.zerodep.shaded.org.apache.hc.client5.http.headers - http-outgoing-2 << Server: Docker/20.10.11 (linux)
11:45:42.375 [Test worker] DEBUG com.github.dockerjava.zerodep.shaded.org.apache.hc.client5.http.headers - http-outgoing-2 << Transfer-Encoding: chunked
11:45:42.375 [Test worker] DEBUG com.github.dockerjava.zerodep.shaded.org.apache.hc.client5.http.impl.classic.MainClientExec - ex-00000041: connection can be kept alive for 3 MINUTES
11:45:42.375 [Test worker] DEBUG com.github.dockerjava.zerodep.shaded.org.apache.hc.client5.http.wire - http-outgoing-2 << "1882[\r][\n]"
11:45:42.375 [Test worker] DEBUG com.github.dockerjava.zerodep.shaded.org.apache.hc.client5.http.wire - http-outgoing-2 << "{"Id":"47a7ce05e61aa72bdced5a030ca6064519c62d122a5992816f04e0e528b5b17d","Created":"2022-09-26T02:45:36.042081626Z","Path":"docker-entrypoint.sh","Args":["mysqld"],"State":{"Status":"running","Running":true,"Paused":false,"Restarting":false,"OOMKilled":false,"Dead":false,"Pid":2251,"ExitCode":0,"Error":"","StartedAt":"2022-09-26T02:45:36.388226668Z","FinishedAt":"0001-01-01T00:00:00Z"},"Image":"sha256:5e229524f286e653111cb9d028bf1ba4c3490742c8cd18c84af22538f0e68575","ResolvConfPath":"/var/lib/docker/containers/47a7ce05e61aa72bdced5a030ca6064519c62d122a5992816f04e0e528b5b17d/resolv.conf","HostnamePath":"/var/lib/docker/containers/47a7ce05e61aa72bdced5a030ca6064519c62d122a5992816f04e0e528b5b17d/hostname","HostsPath":"/var/lib/docker/containers/47a7ce05e61aa72bdced5a030ca6064519c62d122a5992816f04e0e528b5b17d/hosts","LogPath":"/var/lib/docker/containers/47a7ce05e61aa72bdced5a030ca6064519c62d122a5992816f04e0e528b5b17d/47a7ce05e61aa72bdced5a030ca6064519c62d122a5992816f04e0e528b5b17d-json.log","Name":"/crazy_chaum","RestartCount":0,"Driver":"overlay2","Platform":"linux","MountLabel":"","ProcessLabel":"","AppArmorProfile":"","ExecIDs":null,"HostConfig":{"Binds":[],"ContainerIDFile":"","LogConfig":{"Type":"json-file","Config":{}},"NetworkMode":"default","PortBindings":{"3306/tcp":[{"HostIp":"0.0.0.0","HostPort":"0"}]},"RestartPolicy":{"Name":"","MaximumRetryCount":0},"AutoRemove":false,"VolumeDriver":"","VolumesFrom":[],"CapAdd":null,"CapDrop":null,"CgroupnsMode":"private","Dns":null,"DnsOptions":null,"DnsSearch":null,"ExtraHosts":[],"GroupAdd":null,"IpcMode":"shareable","Cgroup":"","Links":null,"OomScoreAdj":0,"PidMode":"","Privileged":false,"PublishAllPorts":false,"ReadonlyRootfs":false,"SecurityOpt":null,"UTSMode":"","UsernsMode":"","ShmSize":67108864,"Runtime":"runc","ConsoleSize":[0,0],"Isolation":"","CpuShares":0,"Memory":0,"NanoCpus":0,"CgroupParent":"","BlkioWeight":0,"BlkioWeightDevice":null,"BlkioDeviceReadBps":null,"BlkioDeviceWriteBps":null,"BlkioDeviceReadIOps":null,"BlkioDeviceWriteIOps":null,"CpuPeriod":0,"CpuQuota":0,"CpuRealtimePeriod":0,"CpuRealtimeRuntime":0,"CpusetCpus":"","CpusetMems":"","Devices":null,"DeviceCgroupRules":null,"DeviceRequests":null,"KernelMemory":0,"KernelMemoryTCP":0,"MemoryReservation":0,"MemorySwap":0,"MemorySwappiness":null,"OomKillDisable":null,"PidsLimit":null,"Ulimits":null,"CpuCount":0,"CpuPercent":0,"IOMaximumIOps":0,"IOMaximumBandwidth":0,"MaskedPaths":["/proc/asound","/proc/acpi","/proc/kcore","/proc/keys","/proc/latency_stats","/proc/timer_list","/proc/timer_stats","/proc/sched_debug","/proc/scsi","/sys/firmware"],"ReadonlyPaths":["/proc/bus","/proc/fs","/proc/irq","/proc/sys","/proc/sysrq-trigger"]},"GraphDriver":{"Data":{"LowerDir":"/var/lib/docker/overlay2/45da4782eb6c4075fef21a16271836d62c4e4726b16ef4c5ea199d4e626bdb39-init/diff:/var/lib/docker/overlay2/27a623f1ab748258e017a40f339844ef533377092bad4182aa320e9399893e13/diff:/var/lib/docker/overlay2/d7c1e4de558b6bbbdc3209a51fc73295262b5271709fe659d0e2e94f626eea74/diff:/var/lib/docker/overlay2/2df554f793c3600571e2f078ad2e20025d6b2e35f3d18881ead4f70e2cc26cb8/diff:/var/lib/docker/overlay2/feb23515577245ad51a24945de1e6bab842929569da912a2b4a33a48c6c2331f/diff:/var/lib/docker/overlay2/cc2cdbce154e19d9c4f376917b6c92ebd55b0b495124ffd2c9d7e9c82b6a95f9/diff:/var/lib/docker/overlay2/968467fe01280f82d26487386f320a15000815d63000d5ec89b47acca8f77ef2/diff:/var/lib/docker/overlay2/cc59daa314bbcaec43d6cd4064c7863b4b3976b989121dcf2e32c4710281f247/diff:/var/lib/docker/overlay2/dc5d8b1cf96cfd5d96d68fbed14248edf1244c1a4669ba07b0bab7f3d782f058/diff:/var/lib/docker/overlay2/dcca184158d696706cd99e62ffa3e5c42964eb57190bef35421cdf3f83a8c130/diff:/var/lib/docker/overlay2/a7f928596da67ce59f34b0ba4cee4a3b948b94f91ad0b0b6260dc54fb9b5a048/diff:/var/lib/docker/overlay2/6ac5adbfff6202b1faa13a2a2fd92625bdda668cdac1a1d2230becbb394e569f/diff","MergedDir":"/var/lib/docker/overlay2/45da4782eb6c4075fef21a16271836d62c4e4726b16ef4c5ea199d4e626bdb39/merged","UpperDir":"/var/lib/docker/overlay2/45da4782eb6c4075fef21a16271836d62c4e4726b16ef4c5ea199d4e626bdb39/diff","WorkDir":"/var/lib/docker/overlay2/45da4782eb6c4075fef21a16271836d62c4e4726b16ef4c5ea199d4e626bdb39/work"},"Name":"overlay2"},"Mounts":[{"Type":"volume","Name":"08668a73464516d2c615e247a561222f461f2385cff5615e53cc78e96456230c","Source":"/var/lib/docker/volumes/08668a73464516d2c615e247a561222f461f2385cff5615e53cc78e96456230c/_data","Destination":"/var/lib/mysql","Driver":"local","Mode":"","RW":true,"Propagation":""}],"Config":{"Hostname":"47a7ce05e61a","Domainname":"","User":"","AttachStdin":false,"AttachStdout":false,"AttachStderr":false,"ExposedPorts":{"3306/tcp":{},"33060/tcp":{}},"Tty":false,"OpenStdin":false,"StdinOnce":false,"Env":["MYSQL_DATABASE=lotification","MYSQL_PASSWORD=1234","MYSQL_USER=admin","MYSQL_ROOT_PASSWORD=1234","PATH=/usr/local/sbin:/usr/local/bin:/usr/sbin:/usr/bin:/sbin:/bin","GOSU_VERSION=1.14","MYSQL_MAJOR=8.0","MYSQL_VERSION=8.0.30-1.el8","MYSQL_SHELL_VERSION=8.0.30-1.el8"],"Cmd":["mysqld"],"Image":"mysql:8","Volumes":{"/var/lib/mysql":{}},"WorkingDir":"","Entrypoint":["docker-entrypoint.sh"],"OnBuild":null,"Labels":{"org.testcontainers":"true","org.testcontainers.sessionId":"c5b4bded-8a7b-4309-a94c-5bb153977152"}},"NetworkSettings":{"Bridge":"","SandboxID":"c87f478ec31081a2fc02a6d53fa5addc8f61962dea8dd5c17c1c641e1a25e99b","HairpinMode":false,"LinkLocalIPv6Address":"","LinkLocalIPv6PrefixLen":0,"Ports":{"3306/tcp":[{"HostIp":"0.0.0.0","HostPort":"63346"}],"33060/tcp":null},"SandboxKey":"/var/run/docker/netns/c87f478ec310","SecondaryIPAddresses":null,"SecondaryIPv6Addresses":null,"EndpointID":"7830774c518a6ae45bc93e5b48bd99e8a609aa29230b007326fa87b5ca32567f","Gateway":"172.17.0.1","GlobalIPv6Address":"","GlobalIPv6PrefixLen":0,"IPAddress":"172.17.0.4","IPPrefixLen":16,"IPv6Gateway":"","MacAddress":"02:42:ac:11:00:04","Networks":{"bridge":{"IPAMConfig":null,"Links":null,"Aliases":null,"NetworkID":"42b943ace1ba272d06317befbba08f853c5a08f211a0bdf3660599ced98f9c17","EndpointID":"7830774c518a6ae45bc93e5b48bd99e8a609aa29230b007326fa87b5ca32567f","Gateway":"172.17.0.1","IPAddress":"172.17.0.4","IPPrefixLen":16,"IPv6Gateway":"","GlobalIPv6Address":"","GlobalIPv6PrefixLen":0,"MacAddress":"02:42:ac:11:00:04","DriverOpts":null}}}}[\n]"
11:45:42.375 [Test worker] DEBUG com.github.dockerjava.zerodep.shaded.org.apache.hc.client5.http.wire - http-outgoing-2 << "[\r][\n]"
11:45:42.375 [Test worker] DEBUG com.github.dockerjava.zerodep.shaded.org.apache.hc.client5.http.wire - http-outgoing-2 << "0[\r][\n]"
11:45:42.375 [Test worker] DEBUG com.github.dockerjava.zerodep.shaded.org.apache.hc.client5.http.wire - http-outgoing-2 << "[\r][\n]"
11:45:42.376 [Test worker] DEBUG com.github.dockerjava.zerodep.shaded.org.apache.hc.client5.http.impl.classic.InternalHttpClient - ep-00000040: releasing valid endpoint
11:45:42.376 [Test worker] DEBUG com.github.dockerjava.zerodep.shaded.org.apache.hc.client5.http.impl.io.PoolingHttpClientConnectionManager - ep-00000040: releasing endpoint
11:45:42.376 [Test worker] DEBUG com.github.dockerjava.zerodep.shaded.org.apache.hc.client5.http.impl.io.PoolingHttpClientConnectionManager - ep-00000040: connection http-outgoing-2 can be kept alive for 3 MINUTES
11:45:42.376 [Test worker] DEBUG com.github.dockerjava.zerodep.shaded.org.apache.hc.client5.http.impl.io.PoolingHttpClientConnectionManager - ep-00000040: connection released [route: {}->unix://localhost:2375][total available: 1; route allocated: 1 of 2147483647; total allocated: 1 of 2147483647]
11:45:42.376 [Test worker] DEBUG ]]>&#x1f433;<![CDATA[ [mysql:8] - Trying to create JDBC connection using com.mysql.cj.jdbc.Driver to jdbc:mysql://localhost:63346/lotification?useSSL=false&allowPublicKeyRetrieval=true with properties: {password=1234, user=admin}
11:45:42.483 [Test worker] DEBUG org.testcontainers.shaded.com.github.dockerjava.core.command.AbstrDockerCmd - Cmd: 47a7ce05e61aa72bdced5a030ca6064519c62d122a5992816f04e0e528b5b17d,false
11:45:42.484 [Test worker] DEBUG org.testcontainers.shaded.com.github.dockerjava.core.exec.InspectContainerCmdExec - GET: DefaultWebTarget{path=[/containers/47a7ce05e61aa72bdced5a030ca6064519c62d122a5992816f04e0e528b5b17d/json], queryParams={}}
11:45:42.484 [Test worker] DEBUG com.github.dockerjava.zerodep.shaded.org.apache.hc.client5.http.impl.classic.InternalHttpClient - ex-00000042: preparing request execution
11:45:42.484 [Test worker] DEBUG com.github.dockerjava.zerodep.shaded.org.apache.hc.client5.http.protocol.RequestAddCookies - Cookie spec selected: strict
11:45:42.484 [Test worker] DEBUG com.github.dockerjava.zerodep.shaded.org.apache.hc.client5.http.protocol.RequestAuthCache - Auth cache not set in the context
11:45:42.484 [Test worker] DEBUG com.github.dockerjava.zerodep.shaded.org.apache.hc.client5.http.impl.classic.ProtocolExec - ex-00000042: target auth state: UNCHALLENGED
11:45:42.484 [Test worker] DEBUG com.github.dockerjava.zerodep.shaded.org.apache.hc.client5.http.impl.classic.ProtocolExec - ex-00000042: proxy auth state: UNCHALLENGED
11:45:42.484 [Test worker] DEBUG com.github.dockerjava.zerodep.shaded.org.apache.hc.client5.http.impl.classic.ConnectExec - ex-00000042: acquiring connection with route {}->unix://localhost:2375
11:45:42.484 [Test worker] DEBUG com.github.dockerjava.zerodep.shaded.org.apache.hc.client5.http.impl.classic.InternalHttpClient - ex-00000042: acquiring endpoint (3 MINUTES)
11:45:42.484 [Test worker] DEBUG com.github.dockerjava.zerodep.shaded.org.apache.hc.client5.http.impl.io.PoolingHttpClientConnectionManager - ex-00000042: endpoint lease request (3 MINUTES) [route: {}->unix://localhost:2375][total available: 1; route allocated: 1 of 2147483647; total allocated: 1 of 2147483647]
11:45:42.485 [Test worker] DEBUG com.github.dockerjava.zerodep.shaded.org.apache.hc.client5.http.impl.io.PoolingHttpClientConnectionManager - ex-00000042: endpoint leased [route: {}->unix://localhost:2375][total available: 0; route allocated: 1 of 2147483647; total allocated: 1 of 2147483647]
11:45:42.485 [Test worker] DEBUG com.github.dockerjava.zerodep.shaded.org.apache.hc.client5.http.impl.io.PoolingHttpClientConnectionManager - ex-00000042: acquired ep-00000041
11:45:42.485 [Test worker] DEBUG com.github.dockerjava.zerodep.shaded.org.apache.hc.client5.http.impl.classic.InternalHttpClient - ex-00000042: acquired endpoint ep-00000041
11:45:42.485 [Test worker] DEBUG com.github.dockerjava.zerodep.shaded.org.apache.hc.client5.http.impl.classic.MainClientExec - ex-00000042: executing GET /v1.32/containers/47a7ce05e61aa72bdced5a030ca6064519c62d122a5992816f04e0e528b5b17d/json HTTP/1.1
11:45:42.485 [Test worker] DEBUG com.github.dockerjava.zerodep.shaded.org.apache.hc.client5.http.impl.classic.InternalHttpClient - ep-00000041: start execution ex-00000042
11:45:42.485 [Test worker] DEBUG com.github.dockerjava.zerodep.shaded.org.apache.hc.client5.http.impl.io.PoolingHttpClientConnectionManager - ep-00000041: executing exchange ex-00000042 over http-outgoing-2
11:45:42.485 [Test worker] DEBUG com.github.dockerjava.zerodep.shaded.org.apache.hc.client5.http.headers - http-outgoing-2 >> GET /v1.32/containers/47a7ce05e61aa72bdced5a030ca6064519c62d122a5992816f04e0e528b5b17d/json HTTP/1.1
11:45:42.485 [Test worker] DEBUG com.github.dockerjava.zerodep.shaded.org.apache.hc.client5.http.headers - http-outgoing-2 >> accept: application/json
11:45:42.485 [Test worker] DEBUG com.github.dockerjava.zerodep.shaded.org.apache.hc.client5.http.headers - http-outgoing-2 >> x-tc-sid: c5b4bded-8a7b-4309-a94c-5bb153977152
11:45:42.485 [Test worker] DEBUG com.github.dockerjava.zerodep.shaded.org.apache.hc.client5.http.headers - http-outgoing-2 >> Accept-Encoding: gzip, x-gzip, deflate
11:45:42.485 [Test worker] DEBUG com.github.dockerjava.zerodep.shaded.org.apache.hc.client5.http.headers - http-outgoing-2 >> Host: localhost:2375
11:45:42.485 [Test worker] DEBUG com.github.dockerjava.zerodep.shaded.org.apache.hc.client5.http.headers - http-outgoing-2 >> Connection: keep-alive
11:45:42.485 [Test worker] DEBUG com.github.dockerjava.zerodep.shaded.org.apache.hc.client5.http.headers - http-outgoing-2 >> User-Agent: Apache-HttpClient/5.0.3 (Java/17.0.3)
11:45:42.485 [Test worker] DEBUG com.github.dockerjava.zerodep.shaded.org.apache.hc.client5.http.wire - http-outgoing-2 >> "GET /v1.32/containers/47a7ce05e61aa72bdced5a030ca6064519c62d122a5992816f04e0e528b5b17d/json HTTP/1.1[\r][\n]"
11:45:42.485 [Test worker] DEBUG com.github.dockerjava.zerodep.shaded.org.apache.hc.client5.http.wire - http-outgoing-2 >> "accept: application/json[\r][\n]"
11:45:42.485 [Test worker] DEBUG com.github.dockerjava.zerodep.shaded.org.apache.hc.client5.http.wire - http-outgoing-2 >> "x-tc-sid: c5b4bded-8a7b-4309-a94c-5bb153977152[\r][\n]"
11:45:42.485 [Test worker] DEBUG com.github.dockerjava.zerodep.shaded.org.apache.hc.client5.http.wire - http-outgoing-2 >> "Accept-Encoding: gzip, x-gzip, deflate[\r][\n]"
11:45:42.485 [Test worker] DEBUG com.github.dockerjava.zerodep.shaded.org.apache.hc.client5.http.wire - http-outgoing-2 >> "Host: localhost:2375[\r][\n]"
11:45:42.485 [Test worker] DEBUG com.github.dockerjava.zerodep.shaded.org.apache.hc.client5.http.wire - http-outgoing-2 >> "Connection: keep-alive[\r][\n]"
11:45:42.485 [Test worker] DEBUG com.github.dockerjava.zerodep.shaded.org.apache.hc.client5.http.wire - http-outgoing-2 >> "User-Agent: Apache-HttpClient/5.0.3 (Java/17.0.3)[\r][\n]"
11:45:42.485 [Test worker] DEBUG com.github.dockerjava.zerodep.shaded.org.apache.hc.client5.http.wire - http-outgoing-2 >> "[\r][\n]"
11:45:42.488 [Test worker] DEBUG com.github.dockerjava.zerodep.shaded.org.apache.hc.client5.http.wire - http-outgoing-2 << "HTTP/1.1 200 OK[\r][\n]"
11:45:42.488 [Test worker] DEBUG com.github.dockerjava.zerodep.shaded.org.apache.hc.client5.http.wire - http-outgoing-2 << "Api-Version: 1.41[\r][\n]"
11:45:42.488 [Test worker] DEBUG com.github.dockerjava.zerodep.shaded.org.apache.hc.client5.http.wire - http-outgoing-2 << "Content-Type: application/json[\r][\n]"
11:45:42.488 [Test worker] DEBUG com.github.dockerjava.zerodep.shaded.org.apache.hc.client5.http.wire - http-outgoing-2 << "Date: Mon, 26 Sep 2022 02:45:42 GMT[\r][\n]"
11:45:42.488 [Test worker] DEBUG com.github.dockerjava.zerodep.shaded.org.apache.hc.client5.http.wire - http-outgoing-2 << "Docker-Experimental: false[\r][\n]"
11:45:42.488 [Test worker] DEBUG com.github.dockerjava.zerodep.shaded.org.apache.hc.client5.http.wire - http-outgoing-2 << "Ostype: linux[\r][\n]"
11:45:42.488 [Test worker] DEBUG com.github.dockerjava.zerodep.shaded.org.apache.hc.client5.http.wire - http-outgoing-2 << "Server: Docker/20.10.11 (linux)[\r][\n]"
11:45:42.488 [Test worker] DEBUG com.github.dockerjava.zerodep.shaded.org.apache.hc.client5.http.wire - http-outgoing-2 << "Transfer-Encoding: chunked[\r][\n]"
11:45:42.488 [Test worker] DEBUG com.github.dockerjava.zerodep.shaded.org.apache.hc.client5.http.wire - http-outgoing-2 << "[\r][\n]"
11:45:42.488 [Test worker] DEBUG com.github.dockerjava.zerodep.shaded.org.apache.hc.client5.http.headers - http-outgoing-2 << HTTP/1.1 200 OK
11:45:42.488 [Test worker] DEBUG com.github.dockerjava.zerodep.shaded.org.apache.hc.client5.http.headers - http-outgoing-2 << Api-Version: 1.41
11:45:42.488 [Test worker] DEBUG com.github.dockerjava.zerodep.shaded.org.apache.hc.client5.http.headers - http-outgoing-2 << Content-Type: application/json
11:45:42.488 [Test worker] DEBUG com.github.dockerjava.zerodep.shaded.org.apache.hc.client5.http.headers - http-outgoing-2 << Date: Mon, 26 Sep 2022 02:45:42 GMT
11:45:42.488 [Test worker] DEBUG com.github.dockerjava.zerodep.shaded.org.apache.hc.client5.http.headers - http-outgoing-2 << Docker-Experimental: false
11:45:42.488 [Test worker] DEBUG com.github.dockerjava.zerodep.shaded.org.apache.hc.client5.http.headers - http-outgoing-2 << Ostype: linux
11:45:42.488 [Test worker] DEBUG com.github.dockerjava.zerodep.shaded.org.apache.hc.client5.http.headers - http-outgoing-2 << Server: Docker/20.10.11 (linux)
11:45:42.488 [Test worker] DEBUG com.github.dockerjava.zerodep.shaded.org.apache.hc.client5.http.headers - http-outgoing-2 << Transfer-Encoding: chunked
11:45:42.488 [Test worker] DEBUG com.github.dockerjava.zerodep.shaded.org.apache.hc.client5.http.impl.classic.MainClientExec - ex-00000042: connection can be kept alive for 3 MINUTES
11:45:42.488 [Test worker] DEBUG com.github.dockerjava.zerodep.shaded.org.apache.hc.client5.http.wire - http-outgoing-2 << "1882[\r][\n]"
11:45:42.488 [Test worker] DEBUG com.github.dockerjava.zerodep.shaded.org.apache.hc.client5.http.wire - http-outgoing-2 << "{"Id":"47a7ce05e61aa72bdced5a030ca6064519c62d122a5992816f04e0e528b5b17d","Created":"2022-09-26T02:45:36.042081626Z","Path":"docker-entrypoint.sh","Args":["mysqld"],"State":{"Status":"running","Running":true,"Paused":false,"Restarting":false,"OOMKilled":false,"Dead":false,"Pid":2251,"ExitCode":0,"Error":"","StartedAt":"2022-09-26T02:45:36.388226668Z","FinishedAt":"0001-01-01T00:00:00Z"},"Image":"sha256:5e229524f286e653111cb9d028bf1ba4c3490742c8cd18c84af22538f0e68575","ResolvConfPath":"/var/lib/docker/containers/47a7ce05e61aa72bdced5a030ca6064519c62d122a5992816f04e0e528b5b17d/resolv.conf","HostnamePath":"/var/lib/docker/containers/47a7ce05e61aa72bdced5a030ca6064519c62d122a5992816f04e0e528b5b17d/hostname","HostsPath":"/var/lib/docker/containers/47a7ce05e61aa72bdced5a030ca6064519c62d122a5992816f04e0e528b5b17d/hosts","LogPath":"/var/lib/docker/containers/47a7ce05e61aa72bdced5a030ca6064519c62d122a5992816f04e0e528b5b17d/47a7ce05e61aa72bdced5a030ca6064519c62d122a5992816f04e0e528b5b17d-json.log","Name":"/crazy_chaum","RestartCount":0,"Driver":"overlay2","Platform":"linux","MountLabel":"","ProcessLabel":"","AppArmorProfile":"","ExecIDs":null,"HostConfig":{"Binds":[],"ContainerIDFile":"","LogConfig":{"Type":"json-file","Config":{}},"NetworkMode":"default","PortBindings":{"3306/tcp":[{"HostIp":"0.0.0.0","HostPort":"0"}]},"RestartPolicy":{"Name":"","MaximumRetryCount":0},"AutoRemove":false,"VolumeDriver":"","VolumesFrom":[],"CapAdd":null,"CapDrop":null,"CgroupnsMode":"private","Dns":null,"DnsOptions":null,"DnsSearch":null,"ExtraHosts":[],"GroupAdd":null,"IpcMode":"shareable","Cgroup":"","Links":null,"OomScoreAdj":0,"PidMode":"","Privileged":false,"PublishAllPorts":false,"ReadonlyRootfs":false,"SecurityOpt":null,"UTSMode":"","UsernsMode":"","ShmSize":67108864,"Runtime":"runc","ConsoleSize":[0,0],"Isolation":"","CpuShares":0,"Memory":0,"NanoCpus":0,"CgroupParent":"","BlkioWeight":0,"BlkioWeightDevice":null,"BlkioDeviceReadBps":null,"BlkioDeviceWriteBps":null,"BlkioDeviceReadIOps":null,"BlkioDeviceWriteIOps":null,"CpuPeriod":0,"CpuQuota":0,"CpuRealtimePeriod":0,"CpuRealtimeRuntime":0,"CpusetCpus":"","CpusetMems":"","Devices":null,"DeviceCgroupRules":null,"DeviceRequests":null,"KernelMemory":0,"KernelMemoryTCP":0,"MemoryReservation":0,"MemorySwap":0,"MemorySwappiness":null,"OomKillDisable":null,"PidsLimit":null,"Ulimits":null,"CpuCount":0,"CpuPercent":0,"IOMaximumIOps":0,"IOMaximumBandwidth":0,"MaskedPaths":["/proc/asound","/proc/acpi","/proc/kcore","/proc/keys","/proc/latency_stats","/proc/timer_list","/proc/timer_stats","/proc/sched_debug","/proc/scsi","/sys/firmware"],"ReadonlyPaths":["/proc/bus","/proc/fs","/proc/irq","/proc/sys","/proc/sysrq-trigger"]},"GraphDriver":{"Data":{"LowerDir":"/var/lib/docker/overlay2/45da4782eb6c4075fef21a16271836d62c4e4726b16ef4c5ea199d4e626bdb39-init/diff:/var/lib/docker/overlay2/27a623f1ab748258e017a40f339844ef533377092bad4182aa320e9399893e13/diff:/var/lib/docker/overlay2/d7c1e4de558b6bbbdc3209a51fc73295262b5271709fe659d0e2e94f626eea74/diff:/var/lib/docker/overlay2/2df554f793c3600571e2f078ad2e20025d6b2e35f3d18881ead4f70e2cc26cb8/diff:/var/lib/docker/overlay2/feb23515577245ad51a24945de1e6bab842929569da912a2b4a33a48c6c2331f/diff:/var/lib/docker/overlay2/cc2cdbce154e19d9c4f376917b6c92ebd55b0b495124ffd2c9d7e9c82b6a95f9/diff:/var/lib/docker/overlay2/968467fe01280f82d26487386f320a15000815d63000d5ec89b47acca8f77ef2/diff:/var/lib/docker/overlay2/cc59daa314bbcaec43d6cd4064c7863b4b3976b989121dcf2e32c4710281f247/diff:/var/lib/docker/overlay2/dc5d8b1cf96cfd5d96d68fbed14248edf1244c1a4669ba07b0bab7f3d782f058/diff:/var/lib/docker/overlay2/dcca184158d696706cd99e62ffa3e5c42964eb57190bef35421cdf3f83a8c130/diff:/var/lib/docker/overlay2/a7f928596da67ce59f34b0ba4cee4a3b948b94f91ad0b0b6260dc54fb9b5a048/diff:/var/lib/docker/overlay2/6ac5adbfff6202b1faa13a2a2fd92625bdda668cdac1a1d2230becbb394e569f/diff","MergedDir":"/var/lib/docker/overlay2/45da4782eb6c4075fef21a16271836d62c4e4726b16ef4c5ea199d4e626bdb39/merged","UpperDir":"/var/lib/docker/overlay2/45da4782eb6c4075fef21a16271836d62c4e4726b16ef4c5ea199d4e626bdb39/diff","WorkDir":"/var/lib/docker/overlay2/45da4782eb6c4075fef21a16271836d62c4e4726b16ef4c5ea199d4e626bdb39/work"},"Name":"overlay2"},"Mounts":[{"Type":"volume","Name":"08668a73464516d2c615e247a561222f461f2385cff5615e53cc78e96456230c","Source":"/var/lib/docker/volumes/08668a73464516d2c615e247a561222f461f2385cff5615e53cc78e96456230c/_data","Destination":"/var/lib/mysql","Driver":"local","Mode":"","RW":true,"Propagation":""}],"Config":{"Hostname":"47a7ce05e61a","Domainname":"","User":"","AttachStdin":false,"AttachStdout":false,"AttachStderr":false,"ExposedPorts":{"3306/tcp":{},"33060/tcp":{}},"Tty":false,"OpenStdin":false,"StdinOnce":false,"Env":["MYSQL_DATABASE=lotification","MYSQL_PASSWORD=1234","MYSQL_USER=admin","MYSQL_ROOT_PASSWORD=1234","PATH=/usr/local/sbin:/usr/local/bin:/usr/sbin:/usr/bin:/sbin:/bin","GOSU_VERSION=1.14","MYSQL_MAJOR=8.0","MYSQL_VERSION=8.0.30-1.el8","MYSQL_SHELL_VERSION=8.0.30-1.el8"],"Cmd":["mysqld"],"Image":"mysql:8","Volumes":{"/var/lib/mysql":{}},"WorkingDir":"","Entrypoint":["docker-entrypoint.sh"],"OnBuild":null,"Labels":{"org.testcontainers":"true","org.testcontainers.sessionId":"c5b4bded-8a7b-4309-a94c-5bb153977152"}},"NetworkSettings":{"Bridge":"","SandboxID":"c87f478ec31081a2fc02a6d53fa5addc8f61962dea8dd5c17c1c641e1a25e99b","HairpinMode":false,"LinkLocalIPv6Address":"","LinkLocalIPv6PrefixLen":0,"Ports":{"3306/tcp":[{"HostIp":"0.0.0.0","HostPort":"63346"}],"33060/tcp":null},"SandboxKey":"/var/run/docker/netns/c87f478ec310","SecondaryIPAddresses":null,"SecondaryIPv6Addresses":null,"EndpointID":"7830774c518a6ae45bc93e5b48bd99e8a609aa29230b007326fa87b5ca32567f","Gateway":"172.17.0.1","GlobalIPv6Address":"","GlobalIPv6PrefixLen":0,"IPAddress":"172.17.0.4","IPPrefixLen":16,"IPv6Gateway":"","MacAddress":"02:42:ac:11:00:04","Networks":{"bridge":{"IPAMConfig":null,"Links":null,"Aliases":null,"NetworkID":"42b943ace1ba272d06317befbba08f853c5a08f211a0bdf3660599ced98f9c17","EndpointID":"7830774c518a6ae45bc93e5b48bd99e8a609aa29230b007326fa87b5ca32567f","Gateway":"172.17.0.1","IPAddress":"172.17.0.4","IPPrefixLen":16,"IPv6Gateway":"","GlobalIPv6Address":"","GlobalIPv6PrefixLen":0,"MacAddress":"02:42:ac:11:00:04","DriverOpts":null}}}}[\n]"
11:45:42.488 [Test worker] DEBUG com.github.dockerjava.zerodep.shaded.org.apache.hc.client5.http.wire - http-outgoing-2 << "[\r][\n]"
11:45:42.488 [Test worker] DEBUG com.github.dockerjava.zerodep.shaded.org.apache.hc.client5.http.wire - http-outgoing-2 << "0[\r][\n]"
11:45:42.488 [Test worker] DEBUG com.github.dockerjava.zerodep.shaded.org.apache.hc.client5.http.wire - http-outgoing-2 << "[\r][\n]"
11:45:42.489 [Test worker] DEBUG com.github.dockerjava.zerodep.shaded.org.apache.hc.client5.http.impl.classic.InternalHttpClient - ep-00000041: releasing valid endpoint
11:45:42.489 [Test worker] DEBUG com.github.dockerjava.zerodep.shaded.org.apache.hc.client5.http.impl.io.PoolingHttpClientConnectionManager - ep-00000041: releasing endpoint
11:45:42.489 [Test worker] DEBUG com.github.dockerjava.zerodep.shaded.org.apache.hc.client5.http.impl.io.PoolingHttpClientConnectionManager - ep-00000041: connection http-outgoing-2 can be kept alive for 3 MINUTES
11:45:42.489 [Test worker] DEBUG com.github.dockerjava.zerodep.shaded.org.apache.hc.client5.http.impl.io.PoolingHttpClientConnectionManager - ep-00000041: connection released [route: {}->unix://localhost:2375][total available: 1; route allocated: 1 of 2147483647; total allocated: 1 of 2147483647]
11:45:42.489 [Test worker] DEBUG ]]>&#x1f433;<![CDATA[ [mysql:8] - Trying to create JDBC connection using com.mysql.cj.jdbc.Driver to jdbc:mysql://localhost:63346/lotification?useSSL=false&allowPublicKeyRetrieval=true with properties: {password=1234, user=admin}
11:45:42.595 [Test worker] DEBUG org.testcontainers.shaded.com.github.dockerjava.core.command.AbstrDockerCmd - Cmd: 47a7ce05e61aa72bdced5a030ca6064519c62d122a5992816f04e0e528b5b17d,false
11:45:42.595 [Test worker] DEBUG org.testcontainers.shaded.com.github.dockerjava.core.exec.InspectContainerCmdExec - GET: DefaultWebTarget{path=[/containers/47a7ce05e61aa72bdced5a030ca6064519c62d122a5992816f04e0e528b5b17d/json], queryParams={}}
11:45:42.595 [Test worker] DEBUG com.github.dockerjava.zerodep.shaded.org.apache.hc.client5.http.impl.classic.InternalHttpClient - ex-00000043: preparing request execution
11:45:42.595 [Test worker] DEBUG com.github.dockerjava.zerodep.shaded.org.apache.hc.client5.http.protocol.RequestAddCookies - Cookie spec selected: strict
11:45:42.595 [Test worker] DEBUG com.github.dockerjava.zerodep.shaded.org.apache.hc.client5.http.protocol.RequestAuthCache - Auth cache not set in the context
11:45:42.595 [Test worker] DEBUG com.github.dockerjava.zerodep.shaded.org.apache.hc.client5.http.impl.classic.ProtocolExec - ex-00000043: target auth state: UNCHALLENGED
11:45:42.595 [Test worker] DEBUG com.github.dockerjava.zerodep.shaded.org.apache.hc.client5.http.impl.classic.ProtocolExec - ex-00000043: proxy auth state: UNCHALLENGED
11:45:42.595 [Test worker] DEBUG com.github.dockerjava.zerodep.shaded.org.apache.hc.client5.http.impl.classic.ConnectExec - ex-00000043: acquiring connection with route {}->unix://localhost:2375
11:45:42.596 [Test worker] DEBUG com.github.dockerjava.zerodep.shaded.org.apache.hc.client5.http.impl.classic.InternalHttpClient - ex-00000043: acquiring endpoint (3 MINUTES)
11:45:42.596 [Test worker] DEBUG com.github.dockerjava.zerodep.shaded.org.apache.hc.client5.http.impl.io.PoolingHttpClientConnectionManager - ex-00000043: endpoint lease request (3 MINUTES) [route: {}->unix://localhost:2375][total available: 1; route allocated: 1 of 2147483647; total allocated: 1 of 2147483647]
11:45:42.596 [Test worker] DEBUG com.github.dockerjava.zerodep.shaded.org.apache.hc.client5.http.impl.io.PoolingHttpClientConnectionManager - ex-00000043: endpoint leased [route: {}->unix://localhost:2375][total available: 0; route allocated: 1 of 2147483647; total allocated: 1 of 2147483647]
11:45:42.596 [Test worker] DEBUG com.github.dockerjava.zerodep.shaded.org.apache.hc.client5.http.impl.io.PoolingHttpClientConnectionManager - ex-00000043: acquired ep-00000042
11:45:42.596 [Test worker] DEBUG com.github.dockerjava.zerodep.shaded.org.apache.hc.client5.http.impl.classic.InternalHttpClient - ex-00000043: acquired endpoint ep-00000042
11:45:42.596 [Test worker] DEBUG com.github.dockerjava.zerodep.shaded.org.apache.hc.client5.http.impl.classic.MainClientExec - ex-00000043: executing GET /v1.32/containers/47a7ce05e61aa72bdced5a030ca6064519c62d122a5992816f04e0e528b5b17d/json HTTP/1.1
11:45:42.596 [Test worker] DEBUG com.github.dockerjava.zerodep.shaded.org.apache.hc.client5.http.impl.classic.InternalHttpClient - ep-00000042: start execution ex-00000043
11:45:42.596 [Test worker] DEBUG com.github.dockerjava.zerodep.shaded.org.apache.hc.client5.http.impl.io.PoolingHttpClientConnectionManager - ep-00000042: executing exchange ex-00000043 over http-outgoing-2
11:45:42.596 [Test worker] DEBUG com.github.dockerjava.zerodep.shaded.org.apache.hc.client5.http.headers - http-outgoing-2 >> GET /v1.32/containers/47a7ce05e61aa72bdced5a030ca6064519c62d122a5992816f04e0e528b5b17d/json HTTP/1.1
11:45:42.596 [Test worker] DEBUG com.github.dockerjava.zerodep.shaded.org.apache.hc.client5.http.headers - http-outgoing-2 >> accept: application/json
11:45:42.596 [Test worker] DEBUG com.github.dockerjava.zerodep.shaded.org.apache.hc.client5.http.headers - http-outgoing-2 >> x-tc-sid: c5b4bded-8a7b-4309-a94c-5bb153977152
11:45:42.596 [Test worker] DEBUG com.github.dockerjava.zerodep.shaded.org.apache.hc.client5.http.headers - http-outgoing-2 >> Accept-Encoding: gzip, x-gzip, deflate
11:45:42.596 [Test worker] DEBUG com.github.dockerjava.zerodep.shaded.org.apache.hc.client5.http.headers - http-outgoing-2 >> Host: localhost:2375
11:45:42.596 [Test worker] DEBUG com.github.dockerjava.zerodep.shaded.org.apache.hc.client5.http.headers - http-outgoing-2 >> Connection: keep-alive
11:45:42.596 [Test worker] DEBUG com.github.dockerjava.zerodep.shaded.org.apache.hc.client5.http.headers - http-outgoing-2 >> User-Agent: Apache-HttpClient/5.0.3 (Java/17.0.3)
11:45:42.596 [Test worker] DEBUG com.github.dockerjava.zerodep.shaded.org.apache.hc.client5.http.wire - http-outgoing-2 >> "GET /v1.32/containers/47a7ce05e61aa72bdced5a030ca6064519c62d122a5992816f04e0e528b5b17d/json HTTP/1.1[\r][\n]"
11:45:42.596 [Test worker] DEBUG com.github.dockerjava.zerodep.shaded.org.apache.hc.client5.http.wire - http-outgoing-2 >> "accept: application/json[\r][\n]"
11:45:42.596 [Test worker] DEBUG com.github.dockerjava.zerodep.shaded.org.apache.hc.client5.http.wire - http-outgoing-2 >> "x-tc-sid: c5b4bded-8a7b-4309-a94c-5bb153977152[\r][\n]"
11:45:42.596 [Test worker] DEBUG com.github.dockerjava.zerodep.shaded.org.apache.hc.client5.http.wire - http-outgoing-2 >> "Accept-Encoding: gzip, x-gzip, deflate[\r][\n]"
11:45:42.596 [Test worker] DEBUG com.github.dockerjava.zerodep.shaded.org.apache.hc.client5.http.wire - http-outgoing-2 >> "Host: localhost:2375[\r][\n]"
11:45:42.596 [Test worker] DEBUG com.github.dockerjava.zerodep.shaded.org.apache.hc.client5.http.wire - http-outgoing-2 >> "Connection: keep-alive[\r][\n]"
11:45:42.596 [Test worker] DEBUG com.github.dockerjava.zerodep.shaded.org.apache.hc.client5.http.wire - http-outgoing-2 >> "User-Agent: Apache-HttpClient/5.0.3 (Java/17.0.3)[\r][\n]"
11:45:42.596 [Test worker] DEBUG com.github.dockerjava.zerodep.shaded.org.apache.hc.client5.http.wire - http-outgoing-2 >> "[\r][\n]"
11:45:42.598 [Test worker] DEBUG com.github.dockerjava.zerodep.shaded.org.apache.hc.client5.http.wire - http-outgoing-2 << "HTTP/1.1 200 OK[\r][\n]"
11:45:42.598 [Test worker] DEBUG com.github.dockerjava.zerodep.shaded.org.apache.hc.client5.http.wire - http-outgoing-2 << "Api-Version: 1.41[\r][\n]"
11:45:42.598 [Test worker] DEBUG com.github.dockerjava.zerodep.shaded.org.apache.hc.client5.http.wire - http-outgoing-2 << "Content-Type: application/json[\r][\n]"
11:45:42.598 [Test worker] DEBUG com.github.dockerjava.zerodep.shaded.org.apache.hc.client5.http.wire - http-outgoing-2 << "Date: Mon, 26 Sep 2022 02:45:42 GMT[\r][\n]"
11:45:42.598 [Test worker] DEBUG com.github.dockerjava.zerodep.shaded.org.apache.hc.client5.http.wire - http-outgoing-2 << "Docker-Experimental: false[\r][\n]"
11:45:42.598 [Test worker] DEBUG com.github.dockerjava.zerodep.shaded.org.apache.hc.client5.http.wire - http-outgoing-2 << "Ostype: linux[\r][\n]"
11:45:42.598 [Test worker] DEBUG com.github.dockerjava.zerodep.shaded.org.apache.hc.client5.http.wire - http-outgoing-2 << "Server: Docker/20.10.11 (linux)[\r][\n]"
11:45:42.598 [Test worker] DEBUG com.github.dockerjava.zerodep.shaded.org.apache.hc.client5.http.wire - http-outgoing-2 << "Transfer-Encoding: chunked[\r][\n]"
11:45:42.598 [Test worker] DEBUG com.github.dockerjava.zerodep.shaded.org.apache.hc.client5.http.wire - http-outgoing-2 << "[\r][\n]"
11:45:42.598 [Test worker] DEBUG com.github.dockerjava.zerodep.shaded.org.apache.hc.client5.http.headers - http-outgoing-2 << HTTP/1.1 200 OK
11:45:42.598 [Test worker] DEBUG com.github.dockerjava.zerodep.shaded.org.apache.hc.client5.http.headers - http-outgoing-2 << Api-Version: 1.41
11:45:42.598 [Test worker] DEBUG com.github.dockerjava.zerodep.shaded.org.apache.hc.client5.http.headers - http-outgoing-2 << Content-Type: application/json
11:45:42.598 [Test worker] DEBUG com.github.dockerjava.zerodep.shaded.org.apache.hc.client5.http.headers - http-outgoing-2 << Date: Mon, 26 Sep 2022 02:45:42 GMT
11:45:42.598 [Test worker] DEBUG com.github.dockerjava.zerodep.shaded.org.apache.hc.client5.http.headers - http-outgoing-2 << Docker-Experimental: false
11:45:42.598 [Test worker] DEBUG com.github.dockerjava.zerodep.shaded.org.apache.hc.client5.http.headers - http-outgoing-2 << Ostype: linux
11:45:42.598 [Test worker] DEBUG com.github.dockerjava.zerodep.shaded.org.apache.hc.client5.http.headers - http-outgoing-2 << Server: Docker/20.10.11 (linux)
11:45:42.598 [Test worker] DEBUG com.github.dockerjava.zerodep.shaded.org.apache.hc.client5.http.headers - http-outgoing-2 << Transfer-Encoding: chunked
11:45:42.598 [Test worker] DEBUG com.github.dockerjava.zerodep.shaded.org.apache.hc.client5.http.impl.classic.MainClientExec - ex-00000043: connection can be kept alive for 3 MINUTES
11:45:42.599 [Test worker] DEBUG com.github.dockerjava.zerodep.shaded.org.apache.hc.client5.http.wire - http-outgoing-2 << "1882[\r][\n]"
11:45:42.599 [Test worker] DEBUG com.github.dockerjava.zerodep.shaded.org.apache.hc.client5.http.wire - http-outgoing-2 << "{"Id":"47a7ce05e61aa72bdced5a030ca6064519c62d122a5992816f04e0e528b5b17d","Created":"2022-09-26T02:45:36.042081626Z","Path":"docker-entrypoint.sh","Args":["mysqld"],"State":{"Status":"running","Running":true,"Paused":false,"Restarting":false,"OOMKilled":false,"Dead":false,"Pid":2251,"ExitCode":0,"Error":"","StartedAt":"2022-09-26T02:45:36.388226668Z","FinishedAt":"0001-01-01T00:00:00Z"},"Image":"sha256:5e229524f286e653111cb9d028bf1ba4c3490742c8cd18c84af22538f0e68575","ResolvConfPath":"/var/lib/docker/containers/47a7ce05e61aa72bdced5a030ca6064519c62d122a5992816f04e0e528b5b17d/resolv.conf","HostnamePath":"/var/lib/docker/containers/47a7ce05e61aa72bdced5a030ca6064519c62d122a5992816f04e0e528b5b17d/hostname","HostsPath":"/var/lib/docker/containers/47a7ce05e61aa72bdced5a030ca6064519c62d122a5992816f04e0e528b5b17d/hosts","LogPath":"/var/lib/docker/containers/47a7ce05e61aa72bdced5a030ca6064519c62d122a5992816f04e0e528b5b17d/47a7ce05e61aa72bdced5a030ca6064519c62d122a5992816f04e0e528b5b17d-json.log","Name":"/crazy_chaum","RestartCount":0,"Driver":"overlay2","Platform":"linux","MountLabel":"","ProcessLabel":"","AppArmorProfile":"","ExecIDs":null,"HostConfig":{"Binds":[],"ContainerIDFile":"","LogConfig":{"Type":"json-file","Config":{}},"NetworkMode":"default","PortBindings":{"3306/tcp":[{"HostIp":"0.0.0.0","HostPort":"0"}]},"RestartPolicy":{"Name":"","MaximumRetryCount":0},"AutoRemove":false,"VolumeDriver":"","VolumesFrom":[],"CapAdd":null,"CapDrop":null,"CgroupnsMode":"private","Dns":null,"DnsOptions":null,"DnsSearch":null,"ExtraHosts":[],"GroupAdd":null,"IpcMode":"shareable","Cgroup":"","Links":null,"OomScoreAdj":0,"PidMode":"","Privileged":false,"PublishAllPorts":false,"ReadonlyRootfs":false,"SecurityOpt":null,"UTSMode":"","UsernsMode":"","ShmSize":67108864,"Runtime":"runc","ConsoleSize":[0,0],"Isolation":"","CpuShares":0,"Memory":0,"NanoCpus":0,"CgroupParent":"","BlkioWeight":0,"BlkioWeightDevice":null,"BlkioDeviceReadBps":null,"BlkioDeviceWriteBps":null,"BlkioDeviceReadIOps":null,"BlkioDeviceWriteIOps":null,"CpuPeriod":0,"CpuQuota":0,"CpuRealtimePeriod":0,"CpuRealtimeRuntime":0,"CpusetCpus":"","CpusetMems":"","Devices":null,"DeviceCgroupRules":null,"DeviceRequests":null,"KernelMemory":0,"KernelMemoryTCP":0,"MemoryReservation":0,"MemorySwap":0,"MemorySwappiness":null,"OomKillDisable":null,"PidsLimit":null,"Ulimits":null,"CpuCount":0,"CpuPercent":0,"IOMaximumIOps":0,"IOMaximumBandwidth":0,"MaskedPaths":["/proc/asound","/proc/acpi","/proc/kcore","/proc/keys","/proc/latency_stats","/proc/timer_list","/proc/timer_stats","/proc/sched_debug","/proc/scsi","/sys/firmware"],"ReadonlyPaths":["/proc/bus","/proc/fs","/proc/irq","/proc/sys","/proc/sysrq-trigger"]},"GraphDriver":{"Data":{"LowerDir":"/var/lib/docker/overlay2/45da4782eb6c4075fef21a16271836d62c4e4726b16ef4c5ea199d4e626bdb39-init/diff:/var/lib/docker/overlay2/27a623f1ab748258e017a40f339844ef533377092bad4182aa320e9399893e13/diff:/var/lib/docker/overlay2/d7c1e4de558b6bbbdc3209a51fc73295262b5271709fe659d0e2e94f626eea74/diff:/var/lib/docker/overlay2/2df554f793c3600571e2f078ad2e20025d6b2e35f3d18881ead4f70e2cc26cb8/diff:/var/lib/docker/overlay2/feb23515577245ad51a24945de1e6bab842929569da912a2b4a33a48c6c2331f/diff:/var/lib/docker/overlay2/cc2cdbce154e19d9c4f376917b6c92ebd55b0b495124ffd2c9d7e9c82b6a95f9/diff:/var/lib/docker/overlay2/968467fe01280f82d26487386f320a15000815d63000d5ec89b47acca8f77ef2/diff:/var/lib/docker/overlay2/cc59daa314bbcaec43d6cd4064c7863b4b3976b989121dcf2e32c4710281f247/diff:/var/lib/docker/overlay2/dc5d8b1cf96cfd5d96d68fbed14248edf1244c1a4669ba07b0bab7f3d782f058/diff:/var/lib/docker/overlay2/dcca184158d696706cd99e62ffa3e5c42964eb57190bef35421cdf3f83a8c130/diff:/var/lib/docker/overlay2/a7f928596da67ce59f34b0ba4cee4a3b948b94f91ad0b0b6260dc54fb9b5a048/diff:/var/lib/docker/overlay2/6ac5adbfff6202b1faa13a2a2fd92625bdda668cdac1a1d2230becbb394e569f/diff","MergedDir":"/var/lib/docker/overlay2/45da4782eb6c4075fef21a16271836d62c4e4726b16ef4c5ea199d4e626bdb39/merged","UpperDir":"/var/lib/docker/overlay2/45da4782eb6c4075fef21a16271836d62c4e4726b16ef4c5ea199d4e626bdb39/diff","WorkDir":"/var/lib/docker/overlay2/45da4782eb6c4075fef21a16271836d62c4e4726b16ef4c5ea199d4e626bdb39/work"},"Name":"overlay2"},"Mounts":[{"Type":"volume","Name":"08668a73464516d2c615e247a561222f461f2385cff5615e53cc78e96456230c","Source":"/var/lib/docker/volumes/08668a73464516d2c615e247a561222f461f2385cff5615e53cc78e96456230c/_data","Destination":"/var/lib/mysql","Driver":"local","Mode":"","RW":true,"Propagation":""}],"Config":{"Hostname":"47a7ce05e61a","Domainname":"","User":"","AttachStdin":false,"AttachStdout":false,"AttachStderr":false,"ExposedPorts":{"3306/tcp":{},"33060/tcp":{}},"Tty":false,"OpenStdin":false,"StdinOnce":false,"Env":["MYSQL_DATABASE=lotification","MYSQL_PASSWORD=1234","MYSQL_USER=admin","MYSQL_ROOT_PASSWORD=1234","PATH=/usr/local/sbin:/usr/local/bin:/usr/sbin:/usr/bin:/sbin:/bin","GOSU_VERSION=1.14","MYSQL_MAJOR=8.0","MYSQL_VERSION=8.0.30-1.el8","MYSQL_SHELL_VERSION=8.0.30-1.el8"],"Cmd":["mysqld"],"Image":"mysql:8","Volumes":{"/var/lib/mysql":{}},"WorkingDir":"","Entrypoint":["docker-entrypoint.sh"],"OnBuild":null,"Labels":{"org.testcontainers":"true","org.testcontainers.sessionId":"c5b4bded-8a7b-4309-a94c-5bb153977152"}},"NetworkSettings":{"Bridge":"","SandboxID":"c87f478ec31081a2fc02a6d53fa5addc8f61962dea8dd5c17c1c641e1a25e99b","HairpinMode":false,"LinkLocalIPv6Address":"","LinkLocalIPv6PrefixLen":0,"Ports":{"3306/tcp":[{"HostIp":"0.0.0.0","HostPort":"63346"}],"33060/tcp":null},"SandboxKey":"/var/run/docker/netns/c87f478ec310","SecondaryIPAddresses":null,"SecondaryIPv6Addresses":null,"EndpointID":"7830774c518a6ae45bc93e5b48bd99e8a609aa29230b007326fa87b5ca32567f","Gateway":"172.17.0.1","GlobalIPv6Address":"","GlobalIPv6PrefixLen":0,"IPAddress":"172.17.0.4","IPPrefixLen":16,"IPv6Gateway":"","MacAddress":"02:42:ac:11:00:04","Networks":{"bridge":{"IPAMConfig":null,"Links":null,"Aliases":null,"NetworkID":"42b943ace1ba272d06317befbba08f853c5a08f211a0bdf3660599ced98f9c17","EndpointID":"7830774c518a6ae45bc93e5b48bd99e8a609aa29230b007326fa87b5ca32567f","Gateway":"172.17.0.1","IPAddress":"172.17.0.4","IPPrefixLen":16,"IPv6Gateway":"","GlobalIPv6Address":"","GlobalIPv6PrefixLen":0,"MacAddress":"02:42:ac:11:00:04","DriverOpts":null}}}}[\n]"
11:45:42.599 [Test worker] DEBUG com.github.dockerjava.zerodep.shaded.org.apache.hc.client5.http.wire - http-outgoing-2 << "[\r][\n]"
11:45:42.599 [Test worker] DEBUG com.github.dockerjava.zerodep.shaded.org.apache.hc.client5.http.wire - http-outgoing-2 << "0[\r][\n]"
11:45:42.599 [Test worker] DEBUG com.github.dockerjava.zerodep.shaded.org.apache.hc.client5.http.wire - http-outgoing-2 << "[\r][\n]"
11:45:42.599 [Test worker] DEBUG com.github.dockerjava.zerodep.shaded.org.apache.hc.client5.http.impl.classic.InternalHttpClient - ep-00000042: releasing valid endpoint
11:45:42.599 [Test worker] DEBUG com.github.dockerjava.zerodep.shaded.org.apache.hc.client5.http.impl.io.PoolingHttpClientConnectionManager - ep-00000042: releasing endpoint
11:45:42.599 [Test worker] DEBUG com.github.dockerjava.zerodep.shaded.org.apache.hc.client5.http.impl.io.PoolingHttpClientConnectionManager - ep-00000042: connection http-outgoing-2 can be kept alive for 3 MINUTES
11:45:42.599 [Test worker] DEBUG com.github.dockerjava.zerodep.shaded.org.apache.hc.client5.http.impl.io.PoolingHttpClientConnectionManager - ep-00000042: connection released [route: {}->unix://localhost:2375][total available: 1; route allocated: 1 of 2147483647; total allocated: 1 of 2147483647]
11:45:42.599 [Test worker] DEBUG ]]>&#x1f433;<![CDATA[ [mysql:8] - Trying to create JDBC connection using com.mysql.cj.jdbc.Driver to jdbc:mysql://localhost:63346/lotification?useSSL=false&allowPublicKeyRetrieval=true with properties: {password=1234, user=admin}
11:45:42.703 [Test worker] DEBUG org.testcontainers.shaded.com.github.dockerjava.core.command.AbstrDockerCmd - Cmd: 47a7ce05e61aa72bdced5a030ca6064519c62d122a5992816f04e0e528b5b17d,false
11:45:42.704 [Test worker] DEBUG org.testcontainers.shaded.com.github.dockerjava.core.exec.InspectContainerCmdExec - GET: DefaultWebTarget{path=[/containers/47a7ce05e61aa72bdced5a030ca6064519c62d122a5992816f04e0e528b5b17d/json], queryParams={}}
11:45:42.704 [Test worker] DEBUG com.github.dockerjava.zerodep.shaded.org.apache.hc.client5.http.impl.classic.InternalHttpClient - ex-00000044: preparing request execution
11:45:42.704 [Test worker] DEBUG com.github.dockerjava.zerodep.shaded.org.apache.hc.client5.http.protocol.RequestAddCookies - Cookie spec selected: strict
11:45:42.704 [Test worker] DEBUG com.github.dockerjava.zerodep.shaded.org.apache.hc.client5.http.protocol.RequestAuthCache - Auth cache not set in the context
11:45:42.704 [Test worker] DEBUG com.github.dockerjava.zerodep.shaded.org.apache.hc.client5.http.impl.classic.ProtocolExec - ex-00000044: target auth state: UNCHALLENGED
11:45:42.704 [Test worker] DEBUG com.github.dockerjava.zerodep.shaded.org.apache.hc.client5.http.impl.classic.ProtocolExec - ex-00000044: proxy auth state: UNCHALLENGED
11:45:42.704 [Test worker] DEBUG com.github.dockerjava.zerodep.shaded.org.apache.hc.client5.http.impl.classic.ConnectExec - ex-00000044: acquiring connection with route {}->unix://localhost:2375
11:45:42.704 [Test worker] DEBUG com.github.dockerjava.zerodep.shaded.org.apache.hc.client5.http.impl.classic.InternalHttpClient - ex-00000044: acquiring endpoint (3 MINUTES)
11:45:42.704 [Test worker] DEBUG com.github.dockerjava.zerodep.shaded.org.apache.hc.client5.http.impl.io.PoolingHttpClientConnectionManager - ex-00000044: endpoint lease request (3 MINUTES) [route: {}->unix://localhost:2375][total available: 1; route allocated: 1 of 2147483647; total allocated: 1 of 2147483647]
11:45:42.704 [Test worker] DEBUG com.github.dockerjava.zerodep.shaded.org.apache.hc.client5.http.impl.io.PoolingHttpClientConnectionManager - ex-00000044: endpoint leased [route: {}->unix://localhost:2375][total available: 0; route allocated: 1 of 2147483647; total allocated: 1 of 2147483647]
11:45:42.704 [Test worker] DEBUG com.github.dockerjava.zerodep.shaded.org.apache.hc.client5.http.impl.io.PoolingHttpClientConnectionManager - ex-00000044: acquired ep-00000043
11:45:42.704 [Test worker] DEBUG com.github.dockerjava.zerodep.shaded.org.apache.hc.client5.http.impl.classic.InternalHttpClient - ex-00000044: acquired endpoint ep-00000043
11:45:42.704 [Test worker] DEBUG com.github.dockerjava.zerodep.shaded.org.apache.hc.client5.http.impl.classic.MainClientExec - ex-00000044: executing GET /v1.32/containers/47a7ce05e61aa72bdced5a030ca6064519c62d122a5992816f04e0e528b5b17d/json HTTP/1.1
11:45:42.704 [Test worker] DEBUG com.github.dockerjava.zerodep.shaded.org.apache.hc.client5.http.impl.classic.InternalHttpClient - ep-00000043: start execution ex-00000044
11:45:42.704 [Test worker] DEBUG com.github.dockerjava.zerodep.shaded.org.apache.hc.client5.http.impl.io.PoolingHttpClientConnectionManager - ep-00000043: executing exchange ex-00000044 over http-outgoing-2
11:45:42.704 [Test worker] DEBUG com.github.dockerjava.zerodep.shaded.org.apache.hc.client5.http.headers - http-outgoing-2 >> GET /v1.32/containers/47a7ce05e61aa72bdced5a030ca6064519c62d122a5992816f04e0e528b5b17d/json HTTP/1.1
11:45:42.704 [Test worker] DEBUG com.github.dockerjava.zerodep.shaded.org.apache.hc.client5.http.headers - http-outgoing-2 >> accept: application/json
11:45:42.704 [Test worker] DEBUG com.github.dockerjava.zerodep.shaded.org.apache.hc.client5.http.headers - http-outgoing-2 >> x-tc-sid: c5b4bded-8a7b-4309-a94c-5bb153977152
11:45:42.704 [Test worker] DEBUG com.github.dockerjava.zerodep.shaded.org.apache.hc.client5.http.headers - http-outgoing-2 >> Accept-Encoding: gzip, x-gzip, deflate
11:45:42.704 [Test worker] DEBUG com.github.dockerjava.zerodep.shaded.org.apache.hc.client5.http.headers - http-outgoing-2 >> Host: localhost:2375
11:45:42.704 [Test worker] DEBUG com.github.dockerjava.zerodep.shaded.org.apache.hc.client5.http.headers - http-outgoing-2 >> Connection: keep-alive
11:45:42.704 [Test worker] DEBUG com.github.dockerjava.zerodep.shaded.org.apache.hc.client5.http.headers - http-outgoing-2 >> User-Agent: Apache-HttpClient/5.0.3 (Java/17.0.3)
11:45:42.704 [Test worker] DEBUG com.github.dockerjava.zerodep.shaded.org.apache.hc.client5.http.wire - http-outgoing-2 >> "GET /v1.32/containers/47a7ce05e61aa72bdced5a030ca6064519c62d122a5992816f04e0e528b5b17d/json HTTP/1.1[\r][\n]"
11:45:42.704 [Test worker] DEBUG com.github.dockerjava.zerodep.shaded.org.apache.hc.client5.http.wire - http-outgoing-2 >> "accept: application/json[\r][\n]"
11:45:42.704 [Test worker] DEBUG com.github.dockerjava.zerodep.shaded.org.apache.hc.client5.http.wire - http-outgoing-2 >> "x-tc-sid: c5b4bded-8a7b-4309-a94c-5bb153977152[\r][\n]"
11:45:42.704 [Test worker] DEBUG com.github.dockerjava.zerodep.shaded.org.apache.hc.client5.http.wire - http-outgoing-2 >> "Accept-Encoding: gzip, x-gzip, deflate[\r][\n]"
11:45:42.704 [Test worker] DEBUG com.github.dockerjava.zerodep.shaded.org.apache.hc.client5.http.wire - http-outgoing-2 >> "Host: localhost:2375[\r][\n]"
11:45:42.704 [Test worker] DEBUG com.github.dockerjava.zerodep.shaded.org.apache.hc.client5.http.wire - http-outgoing-2 >> "Connection: keep-alive[\r][\n]"
11:45:42.704 [Test worker] DEBUG com.github.dockerjava.zerodep.shaded.org.apache.hc.client5.http.wire - http-outgoing-2 >> "User-Agent: Apache-HttpClient/5.0.3 (Java/17.0.3)[\r][\n]"
11:45:42.704 [Test worker] DEBUG com.github.dockerjava.zerodep.shaded.org.apache.hc.client5.http.wire - http-outgoing-2 >> "[\r][\n]"
11:45:42.707 [Test worker] DEBUG com.github.dockerjava.zerodep.shaded.org.apache.hc.client5.http.wire - http-outgoing-2 << "HTTP/1.1 200 OK[\r][\n]"
11:45:42.707 [Test worker] DEBUG com.github.dockerjava.zerodep.shaded.org.apache.hc.client5.http.wire - http-outgoing-2 << "Api-Version: 1.41[\r][\n]"
11:45:42.707 [Test worker] DEBUG com.github.dockerjava.zerodep.shaded.org.apache.hc.client5.http.wire - http-outgoing-2 << "Content-Type: application/json[\r][\n]"
11:45:42.707 [Test worker] DEBUG com.github.dockerjava.zerodep.shaded.org.apache.hc.client5.http.wire - http-outgoing-2 << "Date: Mon, 26 Sep 2022 02:45:42 GMT[\r][\n]"
11:45:42.707 [Test worker] DEBUG com.github.dockerjava.zerodep.shaded.org.apache.hc.client5.http.wire - http-outgoing-2 << "Docker-Experimental: false[\r][\n]"
11:45:42.707 [Test worker] DEBUG com.github.dockerjava.zerodep.shaded.org.apache.hc.client5.http.wire - http-outgoing-2 << "Ostype: linux[\r][\n]"
11:45:42.707 [Test worker] DEBUG com.github.dockerjava.zerodep.shaded.org.apache.hc.client5.http.wire - http-outgoing-2 << "Server: Docker/20.10.11 (linux)[\r][\n]"
11:45:42.707 [Test worker] DEBUG com.github.dockerjava.zerodep.shaded.org.apache.hc.client5.http.wire - http-outgoing-2 << "Transfer-Encoding: chunked[\r][\n]"
11:45:42.707 [Test worker] DEBUG com.github.dockerjava.zerodep.shaded.org.apache.hc.client5.http.wire - http-outgoing-2 << "[\r][\n]"
11:45:42.707 [Test worker] DEBUG com.github.dockerjava.zerodep.shaded.org.apache.hc.client5.http.headers - http-outgoing-2 << HTTP/1.1 200 OK
11:45:42.707 [Test worker] DEBUG com.github.dockerjava.zerodep.shaded.org.apache.hc.client5.http.headers - http-outgoing-2 << Api-Version: 1.41
11:45:42.707 [Test worker] DEBUG com.github.dockerjava.zerodep.shaded.org.apache.hc.client5.http.headers - http-outgoing-2 << Content-Type: application/json
11:45:42.707 [Test worker] DEBUG com.github.dockerjava.zerodep.shaded.org.apache.hc.client5.http.headers - http-outgoing-2 << Date: Mon, 26 Sep 2022 02:45:42 GMT
11:45:42.707 [Test worker] DEBUG com.github.dockerjava.zerodep.shaded.org.apache.hc.client5.http.headers - http-outgoing-2 << Docker-Experimental: false
11:45:42.707 [Test worker] DEBUG com.github.dockerjava.zerodep.shaded.org.apache.hc.client5.http.headers - http-outgoing-2 << Ostype: linux
11:45:42.707 [Test worker] DEBUG com.github.dockerjava.zerodep.shaded.org.apache.hc.client5.http.headers - http-outgoing-2 << Server: Docker/20.10.11 (linux)
11:45:42.707 [Test worker] DEBUG com.github.dockerjava.zerodep.shaded.org.apache.hc.client5.http.headers - http-outgoing-2 << Transfer-Encoding: chunked
11:45:42.707 [Test worker] DEBUG com.github.dockerjava.zerodep.shaded.org.apache.hc.client5.http.impl.classic.MainClientExec - ex-00000044: connection can be kept alive for 3 MINUTES
11:45:42.708 [Test worker] DEBUG com.github.dockerjava.zerodep.shaded.org.apache.hc.client5.http.wire - http-outgoing-2 << "1882[\r][\n]"
11:45:42.708 [Test worker] DEBUG com.github.dockerjava.zerodep.shaded.org.apache.hc.client5.http.wire - http-outgoing-2 << "{"Id":"47a7ce05e61aa72bdced5a030ca6064519c62d122a5992816f04e0e528b5b17d","Created":"2022-09-26T02:45:36.042081626Z","Path":"docker-entrypoint.sh","Args":["mysqld"],"State":{"Status":"running","Running":true,"Paused":false,"Restarting":false,"OOMKilled":false,"Dead":false,"Pid":2251,"ExitCode":0,"Error":"","StartedAt":"2022-09-26T02:45:36.388226668Z","FinishedAt":"0001-01-01T00:00:00Z"},"Image":"sha256:5e229524f286e653111cb9d028bf1ba4c3490742c8cd18c84af22538f0e68575","ResolvConfPath":"/var/lib/docker/containers/47a7ce05e61aa72bdced5a030ca6064519c62d122a5992816f04e0e528b5b17d/resolv.conf","HostnamePath":"/var/lib/docker/containers/47a7ce05e61aa72bdced5a030ca6064519c62d122a5992816f04e0e528b5b17d/hostname","HostsPath":"/var/lib/docker/containers/47a7ce05e61aa72bdced5a030ca6064519c62d122a5992816f04e0e528b5b17d/hosts","LogPath":"/var/lib/docker/containers/47a7ce05e61aa72bdced5a030ca6064519c62d122a5992816f04e0e528b5b17d/47a7ce05e61aa72bdced5a030ca6064519c62d122a5992816f04e0e528b5b17d-json.log","Name":"/crazy_chaum","RestartCount":0,"Driver":"overlay2","Platform":"linux","MountLabel":"","ProcessLabel":"","AppArmorProfile":"","ExecIDs":null,"HostConfig":{"Binds":[],"ContainerIDFile":"","LogConfig":{"Type":"json-file","Config":{}},"NetworkMode":"default","PortBindings":{"3306/tcp":[{"HostIp":"0.0.0.0","HostPort":"0"}]},"RestartPolicy":{"Name":"","MaximumRetryCount":0},"AutoRemove":false,"VolumeDriver":"","VolumesFrom":[],"CapAdd":null,"CapDrop":null,"CgroupnsMode":"private","Dns":null,"DnsOptions":null,"DnsSearch":null,"ExtraHosts":[],"GroupAdd":null,"IpcMode":"shareable","Cgroup":"","Links":null,"OomScoreAdj":0,"PidMode":"","Privileged":false,"PublishAllPorts":false,"ReadonlyRootfs":false,"SecurityOpt":null,"UTSMode":"","UsernsMode":"","ShmSize":67108864,"Runtime":"runc","ConsoleSize":[0,0],"Isolation":"","CpuShares":0,"Memory":0,"NanoCpus":0,"CgroupParent":"","BlkioWeight":0,"BlkioWeightDevice":null,"BlkioDeviceReadBps":null,"BlkioDeviceWriteBps":null,"BlkioDeviceReadIOps":null,"BlkioDeviceWriteIOps":null,"CpuPeriod":0,"CpuQuota":0,"CpuRealtimePeriod":0,"CpuRealtimeRuntime":0,"CpusetCpus":"","CpusetMems":"","Devices":null,"DeviceCgroupRules":null,"DeviceRequests":null,"KernelMemory":0,"KernelMemoryTCP":0,"MemoryReservation":0,"MemorySwap":0,"MemorySwappiness":null,"OomKillDisable":null,"PidsLimit":null,"Ulimits":null,"CpuCount":0,"CpuPercent":0,"IOMaximumIOps":0,"IOMaximumBandwidth":0,"MaskedPaths":["/proc/asound","/proc/acpi","/proc/kcore","/proc/keys","/proc/latency_stats","/proc/timer_list","/proc/timer_stats","/proc/sched_debug","/proc/scsi","/sys/firmware"],"ReadonlyPaths":["/proc/bus","/proc/fs","/proc/irq","/proc/sys","/proc/sysrq-trigger"]},"GraphDriver":{"Data":{"LowerDir":"/var/lib/docker/overlay2/45da4782eb6c4075fef21a16271836d62c4e4726b16ef4c5ea199d4e626bdb39-init/diff:/var/lib/docker/overlay2/27a623f1ab748258e017a40f339844ef533377092bad4182aa320e9399893e13/diff:/var/lib/docker/overlay2/d7c1e4de558b6bbbdc3209a51fc73295262b5271709fe659d0e2e94f626eea74/diff:/var/lib/docker/overlay2/2df554f793c3600571e2f078ad2e20025d6b2e35f3d18881ead4f70e2cc26cb8/diff:/var/lib/docker/overlay2/feb23515577245ad51a24945de1e6bab842929569da912a2b4a33a48c6c2331f/diff:/var/lib/docker/overlay2/cc2cdbce154e19d9c4f376917b6c92ebd55b0b495124ffd2c9d7e9c82b6a95f9/diff:/var/lib/docker/overlay2/968467fe01280f82d26487386f320a15000815d63000d5ec89b47acca8f77ef2/diff:/var/lib/docker/overlay2/cc59daa314bbcaec43d6cd4064c7863b4b3976b989121dcf2e32c4710281f247/diff:/var/lib/docker/overlay2/dc5d8b1cf96cfd5d96d68fbed14248edf1244c1a4669ba07b0bab7f3d782f058/diff:/var/lib/docker/overlay2/dcca184158d696706cd99e62ffa3e5c42964eb57190bef35421cdf3f83a8c130/diff:/var/lib/docker/overlay2/a7f928596da67ce59f34b0ba4cee4a3b948b94f91ad0b0b6260dc54fb9b5a048/diff:/var/lib/docker/overlay2/6ac5adbfff6202b1faa13a2a2fd92625bdda668cdac1a1d2230becbb394e569f/diff","MergedDir":"/var/lib/docker/overlay2/45da4782eb6c4075fef21a16271836d62c4e4726b16ef4c5ea199d4e626bdb39/merged","UpperDir":"/var/lib/docker/overlay2/45da4782eb6c4075fef21a16271836d62c4e4726b16ef4c5ea199d4e626bdb39/diff","WorkDir":"/var/lib/docker/overlay2/45da4782eb6c4075fef21a16271836d62c4e4726b16ef4c5ea199d4e626bdb39/work"},"Name":"overlay2"},"Mounts":[{"Type":"volume","Name":"08668a73464516d2c615e247a561222f461f2385cff5615e53cc78e96456230c","Source":"/var/lib/docker/volumes/08668a73464516d2c615e247a561222f461f2385cff5615e53cc78e96456230c/_data","Destination":"/var/lib/mysql","Driver":"local","Mode":"","RW":true,"Propagation":""}],"Config":{"Hostname":"47a7ce05e61a","Domainname":"","User":"","AttachStdin":false,"AttachStdout":false,"AttachStderr":false,"ExposedPorts":{"3306/tcp":{},"33060/tcp":{}},"Tty":false,"OpenStdin":false,"StdinOnce":false,"Env":["MYSQL_DATABASE=lotification","MYSQL_PASSWORD=1234","MYSQL_USER=admin","MYSQL_ROOT_PASSWORD=1234","PATH=/usr/local/sbin:/usr/local/bin:/usr/sbin:/usr/bin:/sbin:/bin","GOSU_VERSION=1.14","MYSQL_MAJOR=8.0","MYSQL_VERSION=8.0.30-1.el8","MYSQL_SHELL_VERSION=8.0.30-1.el8"],"Cmd":["mysqld"],"Image":"mysql:8","Volumes":{"/var/lib/mysql":{}},"WorkingDir":"","Entrypoint":["docker-entrypoint.sh"],"OnBuild":null,"Labels":{"org.testcontainers":"true","org.testcontainers.sessionId":"c5b4bded-8a7b-4309-a94c-5bb153977152"}},"NetworkSettings":{"Bridge":"","SandboxID":"c87f478ec31081a2fc02a6d53fa5addc8f61962dea8dd5c17c1c641e1a25e99b","HairpinMode":false,"LinkLocalIPv6Address":"","LinkLocalIPv6PrefixLen":0,"Ports":{"3306/tcp":[{"HostIp":"0.0.0.0","HostPort":"63346"}],"33060/tcp":null},"SandboxKey":"/var/run/docker/netns/c87f478ec310","SecondaryIPAddresses":null,"SecondaryIPv6Addresses":null,"EndpointID":"7830774c518a6ae45bc93e5b48bd99e8a609aa29230b007326fa87b5ca32567f","Gateway":"172.17.0.1","GlobalIPv6Address":"","GlobalIPv6PrefixLen":0,"IPAddress":"172.17.0.4","IPPrefixLen":16,"IPv6Gateway":"","MacAddress":"02:42:ac:11:00:04","Networks":{"bridge":{"IPAMConfig":null,"Links":null,"Aliases":null,"NetworkID":"42b943ace1ba272d06317befbba08f853c5a08f211a0bdf3660599ced98f9c17","EndpointID":"7830774c518a6ae45bc93e5b48bd99e8a609aa29230b007326fa87b5ca32567f","Gateway":"172.17.0.1","IPAddress":"172.17.0.4","IPPrefixLen":16,"IPv6Gateway":"","GlobalIPv6Address":"","GlobalIPv6PrefixLen":0,"MacAddress":"02:42:ac:11:00:04","DriverOpts":null}}}}[\n]"
11:45:42.708 [Test worker] DEBUG com.github.dockerjava.zerodep.shaded.org.apache.hc.client5.http.wire - http-outgoing-2 << "[\r][\n]"
11:45:42.708 [Test worker] DEBUG com.github.dockerjava.zerodep.shaded.org.apache.hc.client5.http.wire - http-outgoing-2 << "0[\r][\n]"
11:45:42.708 [Test worker] DEBUG com.github.dockerjava.zerodep.shaded.org.apache.hc.client5.http.wire - http-outgoing-2 << "[\r][\n]"
11:45:42.708 [Test worker] DEBUG com.github.dockerjava.zerodep.shaded.org.apache.hc.client5.http.impl.classic.InternalHttpClient - ep-00000043: releasing valid endpoint
11:45:42.708 [Test worker] DEBUG com.github.dockerjava.zerodep.shaded.org.apache.hc.client5.http.impl.io.PoolingHttpClientConnectionManager - ep-00000043: releasing endpoint
11:45:42.708 [Test worker] DEBUG com.github.dockerjava.zerodep.shaded.org.apache.hc.client5.http.impl.io.PoolingHttpClientConnectionManager - ep-00000043: connection http-outgoing-2 can be kept alive for 3 MINUTES
11:45:42.708 [Test worker] DEBUG com.github.dockerjava.zerodep.shaded.org.apache.hc.client5.http.impl.io.PoolingHttpClientConnectionManager - ep-00000043: connection released [route: {}->unix://localhost:2375][total available: 1; route allocated: 1 of 2147483647; total allocated: 1 of 2147483647]
11:45:42.708 [Test worker] DEBUG ]]>&#x1f433;<![CDATA[ [mysql:8] - Trying to create JDBC connection using com.mysql.cj.jdbc.Driver to jdbc:mysql://localhost:63346/lotification?useSSL=false&allowPublicKeyRetrieval=true with properties: {password=1234, user=admin}
11:45:42.812 [Test worker] DEBUG org.testcontainers.shaded.com.github.dockerjava.core.command.AbstrDockerCmd - Cmd: 47a7ce05e61aa72bdced5a030ca6064519c62d122a5992816f04e0e528b5b17d,false
11:45:42.812 [Test worker] DEBUG org.testcontainers.shaded.com.github.dockerjava.core.exec.InspectContainerCmdExec - GET: DefaultWebTarget{path=[/containers/47a7ce05e61aa72bdced5a030ca6064519c62d122a5992816f04e0e528b5b17d/json], queryParams={}}
11:45:42.812 [Test worker] DEBUG com.github.dockerjava.zerodep.shaded.org.apache.hc.client5.http.impl.classic.InternalHttpClient - ex-00000045: preparing request execution
11:45:42.812 [Test worker] DEBUG com.github.dockerjava.zerodep.shaded.org.apache.hc.client5.http.protocol.RequestAddCookies - Cookie spec selected: strict
11:45:42.812 [Test worker] DEBUG com.github.dockerjava.zerodep.shaded.org.apache.hc.client5.http.protocol.RequestAuthCache - Auth cache not set in the context
11:45:42.812 [Test worker] DEBUG com.github.dockerjava.zerodep.shaded.org.apache.hc.client5.http.impl.classic.ProtocolExec - ex-00000045: target auth state: UNCHALLENGED
11:45:42.812 [Test worker] DEBUG com.github.dockerjava.zerodep.shaded.org.apache.hc.client5.http.impl.classic.ProtocolExec - ex-00000045: proxy auth state: UNCHALLENGED
11:45:42.812 [Test worker] DEBUG com.github.dockerjava.zerodep.shaded.org.apache.hc.client5.http.impl.classic.ConnectExec - ex-00000045: acquiring connection with route {}->unix://localhost:2375
11:45:42.812 [Test worker] DEBUG com.github.dockerjava.zerodep.shaded.org.apache.hc.client5.http.impl.classic.InternalHttpClient - ex-00000045: acquiring endpoint (3 MINUTES)
11:45:42.812 [Test worker] DEBUG com.github.dockerjava.zerodep.shaded.org.apache.hc.client5.http.impl.io.PoolingHttpClientConnectionManager - ex-00000045: endpoint lease request (3 MINUTES) [route: {}->unix://localhost:2375][total available: 1; route allocated: 1 of 2147483647; total allocated: 1 of 2147483647]
11:45:42.813 [Test worker] DEBUG com.github.dockerjava.zerodep.shaded.org.apache.hc.client5.http.impl.io.PoolingHttpClientConnectionManager - ex-00000045: endpoint leased [route: {}->unix://localhost:2375][total available: 0; route allocated: 1 of 2147483647; total allocated: 1 of 2147483647]
11:45:42.813 [Test worker] DEBUG com.github.dockerjava.zerodep.shaded.org.apache.hc.client5.http.impl.io.PoolingHttpClientConnectionManager - ex-00000045: acquired ep-00000044
11:45:42.813 [Test worker] DEBUG com.github.dockerjava.zerodep.shaded.org.apache.hc.client5.http.impl.classic.InternalHttpClient - ex-00000045: acquired endpoint ep-00000044
11:45:42.813 [Test worker] DEBUG com.github.dockerjava.zerodep.shaded.org.apache.hc.client5.http.impl.classic.MainClientExec - ex-00000045: executing GET /v1.32/containers/47a7ce05e61aa72bdced5a030ca6064519c62d122a5992816f04e0e528b5b17d/json HTTP/1.1
11:45:42.813 [Test worker] DEBUG com.github.dockerjava.zerodep.shaded.org.apache.hc.client5.http.impl.classic.InternalHttpClient - ep-00000044: start execution ex-00000045
11:45:42.813 [Test worker] DEBUG com.github.dockerjava.zerodep.shaded.org.apache.hc.client5.http.impl.io.PoolingHttpClientConnectionManager - ep-00000044: executing exchange ex-00000045 over http-outgoing-2
11:45:42.813 [Test worker] DEBUG com.github.dockerjava.zerodep.shaded.org.apache.hc.client5.http.headers - http-outgoing-2 >> GET /v1.32/containers/47a7ce05e61aa72bdced5a030ca6064519c62d122a5992816f04e0e528b5b17d/json HTTP/1.1
11:45:42.813 [Test worker] DEBUG com.github.dockerjava.zerodep.shaded.org.apache.hc.client5.http.headers - http-outgoing-2 >> accept: application/json
11:45:42.813 [Test worker] DEBUG com.github.dockerjava.zerodep.shaded.org.apache.hc.client5.http.headers - http-outgoing-2 >> x-tc-sid: c5b4bded-8a7b-4309-a94c-5bb153977152
11:45:42.813 [Test worker] DEBUG com.github.dockerjava.zerodep.shaded.org.apache.hc.client5.http.headers - http-outgoing-2 >> Accept-Encoding: gzip, x-gzip, deflate
11:45:42.813 [Test worker] DEBUG com.github.dockerjava.zerodep.shaded.org.apache.hc.client5.http.headers - http-outgoing-2 >> Host: localhost:2375
11:45:42.813 [Test worker] DEBUG com.github.dockerjava.zerodep.shaded.org.apache.hc.client5.http.headers - http-outgoing-2 >> Connection: keep-alive
11:45:42.813 [Test worker] DEBUG com.github.dockerjava.zerodep.shaded.org.apache.hc.client5.http.headers - http-outgoing-2 >> User-Agent: Apache-HttpClient/5.0.3 (Java/17.0.3)
11:45:42.813 [Test worker] DEBUG com.github.dockerjava.zerodep.shaded.org.apache.hc.client5.http.wire - http-outgoing-2 >> "GET /v1.32/containers/47a7ce05e61aa72bdced5a030ca6064519c62d122a5992816f04e0e528b5b17d/json HTTP/1.1[\r][\n]"
11:45:42.813 [Test worker] DEBUG com.github.dockerjava.zerodep.shaded.org.apache.hc.client5.http.wire - http-outgoing-2 >> "accept: application/json[\r][\n]"
11:45:42.813 [Test worker] DEBUG com.github.dockerjava.zerodep.shaded.org.apache.hc.client5.http.wire - http-outgoing-2 >> "x-tc-sid: c5b4bded-8a7b-4309-a94c-5bb153977152[\r][\n]"
11:45:42.813 [Test worker] DEBUG com.github.dockerjava.zerodep.shaded.org.apache.hc.client5.http.wire - http-outgoing-2 >> "Accept-Encoding: gzip, x-gzip, deflate[\r][\n]"
11:45:42.813 [Test worker] DEBUG com.github.dockerjava.zerodep.shaded.org.apache.hc.client5.http.wire - http-outgoing-2 >> "Host: localhost:2375[\r][\n]"
11:45:42.813 [Test worker] DEBUG com.github.dockerjava.zerodep.shaded.org.apache.hc.client5.http.wire - http-outgoing-2 >> "Connection: keep-alive[\r][\n]"
11:45:42.813 [Test worker] DEBUG com.github.dockerjava.zerodep.shaded.org.apache.hc.client5.http.wire - http-outgoing-2 >> "User-Agent: Apache-HttpClient/5.0.3 (Java/17.0.3)[\r][\n]"
11:45:42.813 [Test worker] DEBUG com.github.dockerjava.zerodep.shaded.org.apache.hc.client5.http.wire - http-outgoing-2 >> "[\r][\n]"
11:45:42.815 [Test worker] DEBUG com.github.dockerjava.zerodep.shaded.org.apache.hc.client5.http.wire - http-outgoing-2 << "HTTP/1.1 200 OK[\r][\n]"
11:45:42.815 [Test worker] DEBUG com.github.dockerjava.zerodep.shaded.org.apache.hc.client5.http.wire - http-outgoing-2 << "Api-Version: 1.41[\r][\n]"
11:45:42.815 [Test worker] DEBUG com.github.dockerjava.zerodep.shaded.org.apache.hc.client5.http.wire - http-outgoing-2 << "Content-Type: application/json[\r][\n]"
11:45:42.815 [Test worker] DEBUG com.github.dockerjava.zerodep.shaded.org.apache.hc.client5.http.wire - http-outgoing-2 << "Date: Mon, 26 Sep 2022 02:45:42 GMT[\r][\n]"
11:45:42.815 [Test worker] DEBUG com.github.dockerjava.zerodep.shaded.org.apache.hc.client5.http.wire - http-outgoing-2 << "Docker-Experimental: false[\r][\n]"
11:45:42.815 [Test worker] DEBUG com.github.dockerjava.zerodep.shaded.org.apache.hc.client5.http.wire - http-outgoing-2 << "Ostype: linux[\r][\n]"
11:45:42.815 [Test worker] DEBUG com.github.dockerjava.zerodep.shaded.org.apache.hc.client5.http.wire - http-outgoing-2 << "Server: Docker/20.10.11 (linux)[\r][\n]"
11:45:42.815 [Test worker] DEBUG com.github.dockerjava.zerodep.shaded.org.apache.hc.client5.http.wire - http-outgoing-2 << "Transfer-Encoding: chunked[\r][\n]"
11:45:42.815 [Test worker] DEBUG com.github.dockerjava.zerodep.shaded.org.apache.hc.client5.http.wire - http-outgoing-2 << "[\r][\n]"
11:45:42.815 [Test worker] DEBUG com.github.dockerjava.zerodep.shaded.org.apache.hc.client5.http.headers - http-outgoing-2 << HTTP/1.1 200 OK
11:45:42.815 [Test worker] DEBUG com.github.dockerjava.zerodep.shaded.org.apache.hc.client5.http.headers - http-outgoing-2 << Api-Version: 1.41
11:45:42.815 [Test worker] DEBUG com.github.dockerjava.zerodep.shaded.org.apache.hc.client5.http.headers - http-outgoing-2 << Content-Type: application/json
11:45:42.815 [Test worker] DEBUG com.github.dockerjava.zerodep.shaded.org.apache.hc.client5.http.headers - http-outgoing-2 << Date: Mon, 26 Sep 2022 02:45:42 GMT
11:45:42.815 [Test worker] DEBUG com.github.dockerjava.zerodep.shaded.org.apache.hc.client5.http.headers - http-outgoing-2 << Docker-Experimental: false
11:45:42.815 [Test worker] DEBUG com.github.dockerjava.zerodep.shaded.org.apache.hc.client5.http.headers - http-outgoing-2 << Ostype: linux
11:45:42.815 [Test worker] DEBUG com.github.dockerjava.zerodep.shaded.org.apache.hc.client5.http.headers - http-outgoing-2 << Server: Docker/20.10.11 (linux)
11:45:42.815 [Test worker] DEBUG com.github.dockerjava.zerodep.shaded.org.apache.hc.client5.http.headers - http-outgoing-2 << Transfer-Encoding: chunked
11:45:42.815 [Test worker] DEBUG com.github.dockerjava.zerodep.shaded.org.apache.hc.client5.http.impl.classic.MainClientExec - ex-00000045: connection can be kept alive for 3 MINUTES
11:45:42.815 [Test worker] DEBUG com.github.dockerjava.zerodep.shaded.org.apache.hc.client5.http.wire - http-outgoing-2 << "1882[\r][\n]"
11:45:42.815 [Test worker] DEBUG com.github.dockerjava.zerodep.shaded.org.apache.hc.client5.http.wire - http-outgoing-2 << "{"Id":"47a7ce05e61aa72bdced5a030ca6064519c62d122a5992816f04e0e528b5b17d","Created":"2022-09-26T02:45:36.042081626Z","Path":"docker-entrypoint.sh","Args":["mysqld"],"State":{"Status":"running","Running":true,"Paused":false,"Restarting":false,"OOMKilled":false,"Dead":false,"Pid":2251,"ExitCode":0,"Error":"","StartedAt":"2022-09-26T02:45:36.388226668Z","FinishedAt":"0001-01-01T00:00:00Z"},"Image":"sha256:5e229524f286e653111cb9d028bf1ba4c3490742c8cd18c84af22538f0e68575","ResolvConfPath":"/var/lib/docker/containers/47a7ce05e61aa72bdced5a030ca6064519c62d122a5992816f04e0e528b5b17d/resolv.conf","HostnamePath":"/var/lib/docker/containers/47a7ce05e61aa72bdced5a030ca6064519c62d122a5992816f04e0e528b5b17d/hostname","HostsPath":"/var/lib/docker/containers/47a7ce05e61aa72bdced5a030ca6064519c62d122a5992816f04e0e528b5b17d/hosts","LogPath":"/var/lib/docker/containers/47a7ce05e61aa72bdced5a030ca6064519c62d122a5992816f04e0e528b5b17d/47a7ce05e61aa72bdced5a030ca6064519c62d122a5992816f04e0e528b5b17d-json.log","Name":"/crazy_chaum","RestartCount":0,"Driver":"overlay2","Platform":"linux","MountLabel":"","ProcessLabel":"","AppArmorProfile":"","ExecIDs":null,"HostConfig":{"Binds":[],"ContainerIDFile":"","LogConfig":{"Type":"json-file","Config":{}},"NetworkMode":"default","PortBindings":{"3306/tcp":[{"HostIp":"0.0.0.0","HostPort":"0"}]},"RestartPolicy":{"Name":"","MaximumRetryCount":0},"AutoRemove":false,"VolumeDriver":"","VolumesFrom":[],"CapAdd":null,"CapDrop":null,"CgroupnsMode":"private","Dns":null,"DnsOptions":null,"DnsSearch":null,"ExtraHosts":[],"GroupAdd":null,"IpcMode":"shareable","Cgroup":"","Links":null,"OomScoreAdj":0,"PidMode":"","Privileged":false,"PublishAllPorts":false,"ReadonlyRootfs":false,"SecurityOpt":null,"UTSMode":"","UsernsMode":"","ShmSize":67108864,"Runtime":"runc","ConsoleSize":[0,0],"Isolation":"","CpuShares":0,"Memory":0,"NanoCpus":0,"CgroupParent":"","BlkioWeight":0,"BlkioWeightDevice":null,"BlkioDeviceReadBps":null,"BlkioDeviceWriteBps":null,"BlkioDeviceReadIOps":null,"BlkioDeviceWriteIOps":null,"CpuPeriod":0,"CpuQuota":0,"CpuRealtimePeriod":0,"CpuRealtimeRuntime":0,"CpusetCpus":"","CpusetMems":"","Devices":null,"DeviceCgroupRules":null,"DeviceRequests":null,"KernelMemory":0,"KernelMemoryTCP":0,"MemoryReservation":0,"MemorySwap":0,"MemorySwappiness":null,"OomKillDisable":null,"PidsLimit":null,"Ulimits":null,"CpuCount":0,"CpuPercent":0,"IOMaximumIOps":0,"IOMaximumBandwidth":0,"MaskedPaths":["/proc/asound","/proc/acpi","/proc/kcore","/proc/keys","/proc/latency_stats","/proc/timer_list","/proc/timer_stats","/proc/sched_debug","/proc/scsi","/sys/firmware"],"ReadonlyPaths":["/proc/bus","/proc/fs","/proc/irq","/proc/sys","/proc/sysrq-trigger"]},"GraphDriver":{"Data":{"LowerDir":"/var/lib/docker/overlay2/45da4782eb6c4075fef21a16271836d62c4e4726b16ef4c5ea199d4e626bdb39-init/diff:/var/lib/docker/overlay2/27a623f1ab748258e017a40f339844ef533377092bad4182aa320e9399893e13/diff:/var/lib/docker/overlay2/d7c1e4de558b6bbbdc3209a51fc73295262b5271709fe659d0e2e94f626eea74/diff:/var/lib/docker/overlay2/2df554f793c3600571e2f078ad2e20025d6b2e35f3d18881ead4f70e2cc26cb8/diff:/var/lib/docker/overlay2/feb23515577245ad51a24945de1e6bab842929569da912a2b4a33a48c6c2331f/diff:/var/lib/docker/overlay2/cc2cdbce154e19d9c4f376917b6c92ebd55b0b495124ffd2c9d7e9c82b6a95f9/diff:/var/lib/docker/overlay2/968467fe01280f82d26487386f320a15000815d63000d5ec89b47acca8f77ef2/diff:/var/lib/docker/overlay2/cc59daa314bbcaec43d6cd4064c7863b4b3976b989121dcf2e32c4710281f247/diff:/var/lib/docker/overlay2/dc5d8b1cf96cfd5d96d68fbed14248edf1244c1a4669ba07b0bab7f3d782f058/diff:/var/lib/docker/overlay2/dcca184158d696706cd99e62ffa3e5c42964eb57190bef35421cdf3f83a8c130/diff:/var/lib/docker/overlay2/a7f928596da67ce59f34b0ba4cee4a3b948b94f91ad0b0b6260dc54fb9b5a048/diff:/var/lib/docker/overlay2/6ac5adbfff6202b1faa13a2a2fd92625bdda668cdac1a1d2230becbb394e569f/diff","MergedDir":"/var/lib/docker/overlay2/45da4782eb6c4075fef21a16271836d62c4e4726b16ef4c5ea199d4e626bdb39/merged","UpperDir":"/var/lib/docker/overlay2/45da4782eb6c4075fef21a16271836d62c4e4726b16ef4c5ea199d4e626bdb39/diff","WorkDir":"/var/lib/docker/overlay2/45da4782eb6c4075fef21a16271836d62c4e4726b16ef4c5ea199d4e626bdb39/work"},"Name":"overlay2"},"Mounts":[{"Type":"volume","Name":"08668a73464516d2c615e247a561222f461f2385cff5615e53cc78e96456230c","Source":"/var/lib/docker/volumes/08668a73464516d2c615e247a561222f461f2385cff5615e53cc78e96456230c/_data","Destination":"/var/lib/mysql","Driver":"local","Mode":"","RW":true,"Propagation":""}],"Config":{"Hostname":"47a7ce05e61a","Domainname":"","User":"","AttachStdin":false,"AttachStdout":false,"AttachStderr":false,"ExposedPorts":{"3306/tcp":{},"33060/tcp":{}},"Tty":false,"OpenStdin":false,"StdinOnce":false,"Env":["MYSQL_DATABASE=lotification","MYSQL_PASSWORD=1234","MYSQL_USER=admin","MYSQL_ROOT_PASSWORD=1234","PATH=/usr/local/sbin:/usr/local/bin:/usr/sbin:/usr/bin:/sbin:/bin","GOSU_VERSION=1.14","MYSQL_MAJOR=8.0","MYSQL_VERSION=8.0.30-1.el8","MYSQL_SHELL_VERSION=8.0.30-1.el8"],"Cmd":["mysqld"],"Image":"mysql:8","Volumes":{"/var/lib/mysql":{}},"WorkingDir":"","Entrypoint":["docker-entrypoint.sh"],"OnBuild":null,"Labels":{"org.testcontainers":"true","org.testcontainers.sessionId":"c5b4bded-8a7b-4309-a94c-5bb153977152"}},"NetworkSettings":{"Bridge":"","SandboxID":"c87f478ec31081a2fc02a6d53fa5addc8f61962dea8dd5c17c1c641e1a25e99b","HairpinMode":false,"LinkLocalIPv6Address":"","LinkLocalIPv6PrefixLen":0,"Ports":{"3306/tcp":[{"HostIp":"0.0.0.0","HostPort":"63346"}],"33060/tcp":null},"SandboxKey":"/var/run/docker/netns/c87f478ec310","SecondaryIPAddresses":null,"SecondaryIPv6Addresses":null,"EndpointID":"7830774c518a6ae45bc93e5b48bd99e8a609aa29230b007326fa87b5ca32567f","Gateway":"172.17.0.1","GlobalIPv6Address":"","GlobalIPv6PrefixLen":0,"IPAddress":"172.17.0.4","IPPrefixLen":16,"IPv6Gateway":"","MacAddress":"02:42:ac:11:00:04","Networks":{"bridge":{"IPAMConfig":null,"Links":null,"Aliases":null,"NetworkID":"42b943ace1ba272d06317befbba08f853c5a08f211a0bdf3660599ced98f9c17","EndpointID":"7830774c518a6ae45bc93e5b48bd99e8a609aa29230b007326fa87b5ca32567f","Gateway":"172.17.0.1","IPAddress":"172.17.0.4","IPPrefixLen":16,"IPv6Gateway":"","GlobalIPv6Address":"","GlobalIPv6PrefixLen":0,"MacAddress":"02:42:ac:11:00:04","DriverOpts":null}}}}[\n]"
11:45:42.815 [Test worker] DEBUG com.github.dockerjava.zerodep.shaded.org.apache.hc.client5.http.wire - http-outgoing-2 << "[\r][\n]"
11:45:42.816 [Test worker] DEBUG com.github.dockerjava.zerodep.shaded.org.apache.hc.client5.http.wire - http-outgoing-2 << "0[\r][\n]"
11:45:42.816 [Test worker] DEBUG com.github.dockerjava.zerodep.shaded.org.apache.hc.client5.http.wire - http-outgoing-2 << "[\r][\n]"
11:45:42.816 [Test worker] DEBUG com.github.dockerjava.zerodep.shaded.org.apache.hc.client5.http.impl.classic.InternalHttpClient - ep-00000044: releasing valid endpoint
11:45:42.816 [Test worker] DEBUG com.github.dockerjava.zerodep.shaded.org.apache.hc.client5.http.impl.io.PoolingHttpClientConnectionManager - ep-00000044: releasing endpoint
11:45:42.816 [Test worker] DEBUG com.github.dockerjava.zerodep.shaded.org.apache.hc.client5.http.impl.io.PoolingHttpClientConnectionManager - ep-00000044: connection http-outgoing-2 can be kept alive for 3 MINUTES
11:45:42.816 [Test worker] DEBUG com.github.dockerjava.zerodep.shaded.org.apache.hc.client5.http.impl.io.PoolingHttpClientConnectionManager - ep-00000044: connection released [route: {}->unix://localhost:2375][total available: 1; route allocated: 1 of 2147483647; total allocated: 1 of 2147483647]
11:45:42.816 [Test worker] DEBUG ]]>&#x1f433;<![CDATA[ [mysql:8] - Trying to create JDBC connection using com.mysql.cj.jdbc.Driver to jdbc:mysql://localhost:63346/lotification?useSSL=false&allowPublicKeyRetrieval=true with properties: {password=1234, user=admin}
11:45:42.924 [Test worker] DEBUG org.testcontainers.shaded.com.github.dockerjava.core.command.AbstrDockerCmd - Cmd: 47a7ce05e61aa72bdced5a030ca6064519c62d122a5992816f04e0e528b5b17d,false
11:45:42.924 [Test worker] DEBUG org.testcontainers.shaded.com.github.dockerjava.core.exec.InspectContainerCmdExec - GET: DefaultWebTarget{path=[/containers/47a7ce05e61aa72bdced5a030ca6064519c62d122a5992816f04e0e528b5b17d/json], queryParams={}}
11:45:42.924 [Test worker] DEBUG com.github.dockerjava.zerodep.shaded.org.apache.hc.client5.http.impl.classic.InternalHttpClient - ex-00000046: preparing request execution
11:45:42.924 [Test worker] DEBUG com.github.dockerjava.zerodep.shaded.org.apache.hc.client5.http.protocol.RequestAddCookies - Cookie spec selected: strict
11:45:42.924 [Test worker] DEBUG com.github.dockerjava.zerodep.shaded.org.apache.hc.client5.http.protocol.RequestAuthCache - Auth cache not set in the context
11:45:42.924 [Test worker] DEBUG com.github.dockerjava.zerodep.shaded.org.apache.hc.client5.http.impl.classic.ProtocolExec - ex-00000046: target auth state: UNCHALLENGED
11:45:42.924 [Test worker] DEBUG com.github.dockerjava.zerodep.shaded.org.apache.hc.client5.http.impl.classic.ProtocolExec - ex-00000046: proxy auth state: UNCHALLENGED
11:45:42.924 [Test worker] DEBUG com.github.dockerjava.zerodep.shaded.org.apache.hc.client5.http.impl.classic.ConnectExec - ex-00000046: acquiring connection with route {}->unix://localhost:2375
11:45:42.924 [Test worker] DEBUG com.github.dockerjava.zerodep.shaded.org.apache.hc.client5.http.impl.classic.InternalHttpClient - ex-00000046: acquiring endpoint (3 MINUTES)
11:45:42.924 [Test worker] DEBUG com.github.dockerjava.zerodep.shaded.org.apache.hc.client5.http.impl.io.PoolingHttpClientConnectionManager - ex-00000046: endpoint lease request (3 MINUTES) [route: {}->unix://localhost:2375][total available: 1; route allocated: 1 of 2147483647; total allocated: 1 of 2147483647]
11:45:42.925 [Test worker] DEBUG com.github.dockerjava.zerodep.shaded.org.apache.hc.client5.http.impl.io.PoolingHttpClientConnectionManager - ex-00000046: endpoint leased [route: {}->unix://localhost:2375][total available: 0; route allocated: 1 of 2147483647; total allocated: 1 of 2147483647]
11:45:42.925 [Test worker] DEBUG com.github.dockerjava.zerodep.shaded.org.apache.hc.client5.http.impl.io.PoolingHttpClientConnectionManager - ex-00000046: acquired ep-00000045
11:45:42.925 [Test worker] DEBUG com.github.dockerjava.zerodep.shaded.org.apache.hc.client5.http.impl.classic.InternalHttpClient - ex-00000046: acquired endpoint ep-00000045
11:45:42.925 [Test worker] DEBUG com.github.dockerjava.zerodep.shaded.org.apache.hc.client5.http.impl.classic.MainClientExec - ex-00000046: executing GET /v1.32/containers/47a7ce05e61aa72bdced5a030ca6064519c62d122a5992816f04e0e528b5b17d/json HTTP/1.1
11:45:42.925 [Test worker] DEBUG com.github.dockerjava.zerodep.shaded.org.apache.hc.client5.http.impl.classic.InternalHttpClient - ep-00000045: start execution ex-00000046
11:45:42.925 [Test worker] DEBUG com.github.dockerjava.zerodep.shaded.org.apache.hc.client5.http.impl.io.PoolingHttpClientConnectionManager - ep-00000045: executing exchange ex-00000046 over http-outgoing-2
11:45:42.925 [Test worker] DEBUG com.github.dockerjava.zerodep.shaded.org.apache.hc.client5.http.headers - http-outgoing-2 >> GET /v1.32/containers/47a7ce05e61aa72bdced5a030ca6064519c62d122a5992816f04e0e528b5b17d/json HTTP/1.1
11:45:42.925 [Test worker] DEBUG com.github.dockerjava.zerodep.shaded.org.apache.hc.client5.http.headers - http-outgoing-2 >> accept: application/json
11:45:42.925 [Test worker] DEBUG com.github.dockerjava.zerodep.shaded.org.apache.hc.client5.http.headers - http-outgoing-2 >> x-tc-sid: c5b4bded-8a7b-4309-a94c-5bb153977152
11:45:42.925 [Test worker] DEBUG com.github.dockerjava.zerodep.shaded.org.apache.hc.client5.http.headers - http-outgoing-2 >> Accept-Encoding: gzip, x-gzip, deflate
11:45:42.925 [Test worker] DEBUG com.github.dockerjava.zerodep.shaded.org.apache.hc.client5.http.headers - http-outgoing-2 >> Host: localhost:2375
11:45:42.925 [Test worker] DEBUG com.github.dockerjava.zerodep.shaded.org.apache.hc.client5.http.headers - http-outgoing-2 >> Connection: keep-alive
11:45:42.925 [Test worker] DEBUG com.github.dockerjava.zerodep.shaded.org.apache.hc.client5.http.headers - http-outgoing-2 >> User-Agent: Apache-HttpClient/5.0.3 (Java/17.0.3)
11:45:42.925 [Test worker] DEBUG com.github.dockerjava.zerodep.shaded.org.apache.hc.client5.http.wire - http-outgoing-2 >> "GET /v1.32/containers/47a7ce05e61aa72bdced5a030ca6064519c62d122a5992816f04e0e528b5b17d/json HTTP/1.1[\r][\n]"
11:45:42.925 [Test worker] DEBUG com.github.dockerjava.zerodep.shaded.org.apache.hc.client5.http.wire - http-outgoing-2 >> "accept: application/json[\r][\n]"
11:45:42.925 [Test worker] DEBUG com.github.dockerjava.zerodep.shaded.org.apache.hc.client5.http.wire - http-outgoing-2 >> "x-tc-sid: c5b4bded-8a7b-4309-a94c-5bb153977152[\r][\n]"
11:45:42.925 [Test worker] DEBUG com.github.dockerjava.zerodep.shaded.org.apache.hc.client5.http.wire - http-outgoing-2 >> "Accept-Encoding: gzip, x-gzip, deflate[\r][\n]"
11:45:42.925 [Test worker] DEBUG com.github.dockerjava.zerodep.shaded.org.apache.hc.client5.http.wire - http-outgoing-2 >> "Host: localhost:2375[\r][\n]"
11:45:42.925 [Test worker] DEBUG com.github.dockerjava.zerodep.shaded.org.apache.hc.client5.http.wire - http-outgoing-2 >> "Connection: keep-alive[\r][\n]"
11:45:42.925 [Test worker] DEBUG com.github.dockerjava.zerodep.shaded.org.apache.hc.client5.http.wire - http-outgoing-2 >> "User-Agent: Apache-HttpClient/5.0.3 (Java/17.0.3)[\r][\n]"
11:45:42.925 [Test worker] DEBUG com.github.dockerjava.zerodep.shaded.org.apache.hc.client5.http.wire - http-outgoing-2 >> "[\r][\n]"
11:45:42.927 [Test worker] DEBUG com.github.dockerjava.zerodep.shaded.org.apache.hc.client5.http.wire - http-outgoing-2 << "HTTP/1.1 200 OK[\r][\n]"
11:45:42.927 [Test worker] DEBUG com.github.dockerjava.zerodep.shaded.org.apache.hc.client5.http.wire - http-outgoing-2 << "Api-Version: 1.41[\r][\n]"
11:45:42.927 [Test worker] DEBUG com.github.dockerjava.zerodep.shaded.org.apache.hc.client5.http.wire - http-outgoing-2 << "Content-Type: application/json[\r][\n]"
11:45:42.927 [Test worker] DEBUG com.github.dockerjava.zerodep.shaded.org.apache.hc.client5.http.wire - http-outgoing-2 << "Date: Mon, 26 Sep 2022 02:45:42 GMT[\r][\n]"
11:45:42.927 [Test worker] DEBUG com.github.dockerjava.zerodep.shaded.org.apache.hc.client5.http.wire - http-outgoing-2 << "Docker-Experimental: false[\r][\n]"
11:45:42.927 [Test worker] DEBUG com.github.dockerjava.zerodep.shaded.org.apache.hc.client5.http.wire - http-outgoing-2 << "Ostype: linux[\r][\n]"
11:45:42.927 [Test worker] DEBUG com.github.dockerjava.zerodep.shaded.org.apache.hc.client5.http.wire - http-outgoing-2 << "Server: Docker/20.10.11 (linux)[\r][\n]"
11:45:42.927 [Test worker] DEBUG com.github.dockerjava.zerodep.shaded.org.apache.hc.client5.http.wire - http-outgoing-2 << "Transfer-Encoding: chunked[\r][\n]"
11:45:42.927 [Test worker] DEBUG com.github.dockerjava.zerodep.shaded.org.apache.hc.client5.http.wire - http-outgoing-2 << "[\r][\n]"
11:45:42.927 [Test worker] DEBUG com.github.dockerjava.zerodep.shaded.org.apache.hc.client5.http.headers - http-outgoing-2 << HTTP/1.1 200 OK
11:45:42.927 [Test worker] DEBUG com.github.dockerjava.zerodep.shaded.org.apache.hc.client5.http.headers - http-outgoing-2 << Api-Version: 1.41
11:45:42.927 [Test worker] DEBUG com.github.dockerjava.zerodep.shaded.org.apache.hc.client5.http.headers - http-outgoing-2 << Content-Type: application/json
11:45:42.927 [Test worker] DEBUG com.github.dockerjava.zerodep.shaded.org.apache.hc.client5.http.headers - http-outgoing-2 << Date: Mon, 26 Sep 2022 02:45:42 GMT
11:45:42.927 [Test worker] DEBUG com.github.dockerjava.zerodep.shaded.org.apache.hc.client5.http.headers - http-outgoing-2 << Docker-Experimental: false
11:45:42.927 [Test worker] DEBUG com.github.dockerjava.zerodep.shaded.org.apache.hc.client5.http.headers - http-outgoing-2 << Ostype: linux
11:45:42.927 [Test worker] DEBUG com.github.dockerjava.zerodep.shaded.org.apache.hc.client5.http.headers - http-outgoing-2 << Server: Docker/20.10.11 (linux)
11:45:42.927 [Test worker] DEBUG com.github.dockerjava.zerodep.shaded.org.apache.hc.client5.http.headers - http-outgoing-2 << Transfer-Encoding: chunked
11:45:42.927 [Test worker] DEBUG com.github.dockerjava.zerodep.shaded.org.apache.hc.client5.http.impl.classic.MainClientExec - ex-00000046: connection can be kept alive for 3 MINUTES
11:45:42.927 [Test worker] DEBUG com.github.dockerjava.zerodep.shaded.org.apache.hc.client5.http.wire - http-outgoing-2 << "1882[\r][\n]"
11:45:42.927 [Test worker] DEBUG com.github.dockerjava.zerodep.shaded.org.apache.hc.client5.http.wire - http-outgoing-2 << "{"Id":"47a7ce05e61aa72bdced5a030ca6064519c62d122a5992816f04e0e528b5b17d","Created":"2022-09-26T02:45:36.042081626Z","Path":"docker-entrypoint.sh","Args":["mysqld"],"State":{"Status":"running","Running":true,"Paused":false,"Restarting":false,"OOMKilled":false,"Dead":false,"Pid":2251,"ExitCode":0,"Error":"","StartedAt":"2022-09-26T02:45:36.388226668Z","FinishedAt":"0001-01-01T00:00:00Z"},"Image":"sha256:5e229524f286e653111cb9d028bf1ba4c3490742c8cd18c84af22538f0e68575","ResolvConfPath":"/var/lib/docker/containers/47a7ce05e61aa72bdced5a030ca6064519c62d122a5992816f04e0e528b5b17d/resolv.conf","HostnamePath":"/var/lib/docker/containers/47a7ce05e61aa72bdced5a030ca6064519c62d122a5992816f04e0e528b5b17d/hostname","HostsPath":"/var/lib/docker/containers/47a7ce05e61aa72bdced5a030ca6064519c62d122a5992816f04e0e528b5b17d/hosts","LogPath":"/var/lib/docker/containers/47a7ce05e61aa72bdced5a030ca6064519c62d122a5992816f04e0e528b5b17d/47a7ce05e61aa72bdced5a030ca6064519c62d122a5992816f04e0e528b5b17d-json.log","Name":"/crazy_chaum","RestartCount":0,"Driver":"overlay2","Platform":"linux","MountLabel":"","ProcessLabel":"","AppArmorProfile":"","ExecIDs":null,"HostConfig":{"Binds":[],"ContainerIDFile":"","LogConfig":{"Type":"json-file","Config":{}},"NetworkMode":"default","PortBindings":{"3306/tcp":[{"HostIp":"0.0.0.0","HostPort":"0"}]},"RestartPolicy":{"Name":"","MaximumRetryCount":0},"AutoRemove":false,"VolumeDriver":"","VolumesFrom":[],"CapAdd":null,"CapDrop":null,"CgroupnsMode":"private","Dns":null,"DnsOptions":null,"DnsSearch":null,"ExtraHosts":[],"GroupAdd":null,"IpcMode":"shareable","Cgroup":"","Links":null,"OomScoreAdj":0,"PidMode":"","Privileged":false,"PublishAllPorts":false,"ReadonlyRootfs":false,"SecurityOpt":null,"UTSMode":"","UsernsMode":"","ShmSize":67108864,"Runtime":"runc","ConsoleSize":[0,0],"Isolation":"","CpuShares":0,"Memory":0,"NanoCpus":0,"CgroupParent":"","BlkioWeight":0,"BlkioWeightDevice":null,"BlkioDeviceReadBps":null,"BlkioDeviceWriteBps":null,"BlkioDeviceReadIOps":null,"BlkioDeviceWriteIOps":null,"CpuPeriod":0,"CpuQuota":0,"CpuRealtimePeriod":0,"CpuRealtimeRuntime":0,"CpusetCpus":"","CpusetMems":"","Devices":null,"DeviceCgroupRules":null,"DeviceRequests":null,"KernelMemory":0,"KernelMemoryTCP":0,"MemoryReservation":0,"MemorySwap":0,"MemorySwappiness":null,"OomKillDisable":null,"PidsLimit":null,"Ulimits":null,"CpuCount":0,"CpuPercent":0,"IOMaximumIOps":0,"IOMaximumBandwidth":0,"MaskedPaths":["/proc/asound","/proc/acpi","/proc/kcore","/proc/keys","/proc/latency_stats","/proc/timer_list","/proc/timer_stats","/proc/sched_debug","/proc/scsi","/sys/firmware"],"ReadonlyPaths":["/proc/bus","/proc/fs","/proc/irq","/proc/sys","/proc/sysrq-trigger"]},"GraphDriver":{"Data":{"LowerDir":"/var/lib/docker/overlay2/45da4782eb6c4075fef21a16271836d62c4e4726b16ef4c5ea199d4e626bdb39-init/diff:/var/lib/docker/overlay2/27a623f1ab748258e017a40f339844ef533377092bad4182aa320e9399893e13/diff:/var/lib/docker/overlay2/d7c1e4de558b6bbbdc3209a51fc73295262b5271709fe659d0e2e94f626eea74/diff:/var/lib/docker/overlay2/2df554f793c3600571e2f078ad2e20025d6b2e35f3d18881ead4f70e2cc26cb8/diff:/var/lib/docker/overlay2/feb23515577245ad51a24945de1e6bab842929569da912a2b4a33a48c6c2331f/diff:/var/lib/docker/overlay2/cc2cdbce154e19d9c4f376917b6c92ebd55b0b495124ffd2c9d7e9c82b6a95f9/diff:/var/lib/docker/overlay2/968467fe01280f82d26487386f320a15000815d63000d5ec89b47acca8f77ef2/diff:/var/lib/docker/overlay2/cc59daa314bbcaec43d6cd4064c7863b4b3976b989121dcf2e32c4710281f247/diff:/var/lib/docker/overlay2/dc5d8b1cf96cfd5d96d68fbed14248edf1244c1a4669ba07b0bab7f3d782f058/diff:/var/lib/docker/overlay2/dcca184158d696706cd99e62ffa3e5c42964eb57190bef35421cdf3f83a8c130/diff:/var/lib/docker/overlay2/a7f928596da67ce59f34b0ba4cee4a3b948b94f91ad0b0b6260dc54fb9b5a048/diff:/var/lib/docker/overlay2/6ac5adbfff6202b1faa13a2a2fd92625bdda668cdac1a1d2230becbb394e569f/diff","MergedDir":"/var/lib/docker/overlay2/45da4782eb6c4075fef21a16271836d62c4e4726b16ef4c5ea199d4e626bdb39/merged","UpperDir":"/var/lib/docker/overlay2/45da4782eb6c4075fef21a16271836d62c4e4726b16ef4c5ea199d4e626bdb39/diff","WorkDir":"/var/lib/docker/overlay2/45da4782eb6c4075fef21a16271836d62c4e4726b16ef4c5ea199d4e626bdb39/work"},"Name":"overlay2"},"Mounts":[{"Type":"volume","Name":"08668a73464516d2c615e247a561222f461f2385cff5615e53cc78e96456230c","Source":"/var/lib/docker/volumes/08668a73464516d2c615e247a561222f461f2385cff5615e53cc78e96456230c/_data","Destination":"/var/lib/mysql","Driver":"local","Mode":"","RW":true,"Propagation":""}],"Config":{"Hostname":"47a7ce05e61a","Domainname":"","User":"","AttachStdin":false,"AttachStdout":false,"AttachStderr":false,"ExposedPorts":{"3306/tcp":{},"33060/tcp":{}},"Tty":false,"OpenStdin":false,"StdinOnce":false,"Env":["MYSQL_DATABASE=lotification","MYSQL_PASSWORD=1234","MYSQL_USER=admin","MYSQL_ROOT_PASSWORD=1234","PATH=/usr/local/sbin:/usr/local/bin:/usr/sbin:/usr/bin:/sbin:/bin","GOSU_VERSION=1.14","MYSQL_MAJOR=8.0","MYSQL_VERSION=8.0.30-1.el8","MYSQL_SHELL_VERSION=8.0.30-1.el8"],"Cmd":["mysqld"],"Image":"mysql:8","Volumes":{"/var/lib/mysql":{}},"WorkingDir":"","Entrypoint":["docker-entrypoint.sh"],"OnBuild":null,"Labels":{"org.testcontainers":"true","org.testcontainers.sessionId":"c5b4bded-8a7b-4309-a94c-5bb153977152"}},"NetworkSettings":{"Bridge":"","SandboxID":"c87f478ec31081a2fc02a6d53fa5addc8f61962dea8dd5c17c1c641e1a25e99b","HairpinMode":false,"LinkLocalIPv6Address":"","LinkLocalIPv6PrefixLen":0,"Ports":{"3306/tcp":[{"HostIp":"0.0.0.0","HostPort":"63346"}],"33060/tcp":null},"SandboxKey":"/var/run/docker/netns/c87f478ec310","SecondaryIPAddresses":null,"SecondaryIPv6Addresses":null,"EndpointID":"7830774c518a6ae45bc93e5b48bd99e8a609aa29230b007326fa87b5ca32567f","Gateway":"172.17.0.1","GlobalIPv6Address":"","GlobalIPv6PrefixLen":0,"IPAddress":"172.17.0.4","IPPrefixLen":16,"IPv6Gateway":"","MacAddress":"02:42:ac:11:00:04","Networks":{"bridge":{"IPAMConfig":null,"Links":null,"Aliases":null,"NetworkID":"42b943ace1ba272d06317befbba08f853c5a08f211a0bdf3660599ced98f9c17","EndpointID":"7830774c518a6ae45bc93e5b48bd99e8a609aa29230b007326fa87b5ca32567f","Gateway":"172.17.0.1","IPAddress":"172.17.0.4","IPPrefixLen":16,"IPv6Gateway":"","GlobalIPv6Address":"","GlobalIPv6PrefixLen":0,"MacAddress":"02:42:ac:11:00:04","DriverOpts":null}}}}[\n]"
11:45:42.928 [Test worker] DEBUG com.github.dockerjava.zerodep.shaded.org.apache.hc.client5.http.wire - http-outgoing-2 << "[\r][\n]"
11:45:42.928 [Test worker] DEBUG com.github.dockerjava.zerodep.shaded.org.apache.hc.client5.http.wire - http-outgoing-2 << "0[\r][\n]"
11:45:42.928 [Test worker] DEBUG com.github.dockerjava.zerodep.shaded.org.apache.hc.client5.http.wire - http-outgoing-2 << "[\r][\n]"
11:45:42.928 [Test worker] DEBUG com.github.dockerjava.zerodep.shaded.org.apache.hc.client5.http.impl.classic.InternalHttpClient - ep-00000045: releasing valid endpoint
11:45:42.928 [Test worker] DEBUG com.github.dockerjava.zerodep.shaded.org.apache.hc.client5.http.impl.io.PoolingHttpClientConnectionManager - ep-00000045: releasing endpoint
11:45:42.928 [Test worker] DEBUG com.github.dockerjava.zerodep.shaded.org.apache.hc.client5.http.impl.io.PoolingHttpClientConnectionManager - ep-00000045: connection http-outgoing-2 can be kept alive for 3 MINUTES
11:45:42.928 [Test worker] DEBUG com.github.dockerjava.zerodep.shaded.org.apache.hc.client5.http.impl.io.PoolingHttpClientConnectionManager - ep-00000045: connection released [route: {}->unix://localhost:2375][total available: 1; route allocated: 1 of 2147483647; total allocated: 1 of 2147483647]
11:45:42.928 [Test worker] DEBUG ]]>&#x1f433;<![CDATA[ [mysql:8] - Trying to create JDBC connection using com.mysql.cj.jdbc.Driver to jdbc:mysql://localhost:63346/lotification?useSSL=false&allowPublicKeyRetrieval=true with properties: {password=1234, user=admin}
11:45:43.033 [Test worker] DEBUG org.testcontainers.shaded.com.github.dockerjava.core.command.AbstrDockerCmd - Cmd: 47a7ce05e61aa72bdced5a030ca6064519c62d122a5992816f04e0e528b5b17d,false
11:45:43.033 [Test worker] DEBUG org.testcontainers.shaded.com.github.dockerjava.core.exec.InspectContainerCmdExec - GET: DefaultWebTarget{path=[/containers/47a7ce05e61aa72bdced5a030ca6064519c62d122a5992816f04e0e528b5b17d/json], queryParams={}}
11:45:43.034 [Test worker] DEBUG com.github.dockerjava.zerodep.shaded.org.apache.hc.client5.http.impl.classic.InternalHttpClient - ex-00000047: preparing request execution
11:45:43.034 [Test worker] DEBUG com.github.dockerjava.zerodep.shaded.org.apache.hc.client5.http.protocol.RequestAddCookies - Cookie spec selected: strict
11:45:43.034 [Test worker] DEBUG com.github.dockerjava.zerodep.shaded.org.apache.hc.client5.http.protocol.RequestAuthCache - Auth cache not set in the context
11:45:43.034 [Test worker] DEBUG com.github.dockerjava.zerodep.shaded.org.apache.hc.client5.http.impl.classic.ProtocolExec - ex-00000047: target auth state: UNCHALLENGED
11:45:43.034 [Test worker] DEBUG com.github.dockerjava.zerodep.shaded.org.apache.hc.client5.http.impl.classic.ProtocolExec - ex-00000047: proxy auth state: UNCHALLENGED
11:45:43.034 [Test worker] DEBUG com.github.dockerjava.zerodep.shaded.org.apache.hc.client5.http.impl.classic.ConnectExec - ex-00000047: acquiring connection with route {}->unix://localhost:2375
11:45:43.034 [Test worker] DEBUG com.github.dockerjava.zerodep.shaded.org.apache.hc.client5.http.impl.classic.InternalHttpClient - ex-00000047: acquiring endpoint (3 MINUTES)
11:45:43.034 [Test worker] DEBUG com.github.dockerjava.zerodep.shaded.org.apache.hc.client5.http.impl.io.PoolingHttpClientConnectionManager - ex-00000047: endpoint lease request (3 MINUTES) [route: {}->unix://localhost:2375][total available: 1; route allocated: 1 of 2147483647; total allocated: 1 of 2147483647]
11:45:43.034 [Test worker] DEBUG com.github.dockerjava.zerodep.shaded.org.apache.hc.client5.http.impl.io.PoolingHttpClientConnectionManager - ex-00000047: endpoint leased [route: {}->unix://localhost:2375][total available: 0; route allocated: 1 of 2147483647; total allocated: 1 of 2147483647]
11:45:43.034 [Test worker] DEBUG com.github.dockerjava.zerodep.shaded.org.apache.hc.client5.http.impl.io.PoolingHttpClientConnectionManager - ex-00000047: acquired ep-00000046
11:45:43.034 [Test worker] DEBUG com.github.dockerjava.zerodep.shaded.org.apache.hc.client5.http.impl.classic.InternalHttpClient - ex-00000047: acquired endpoint ep-00000046
11:45:43.034 [Test worker] DEBUG com.github.dockerjava.zerodep.shaded.org.apache.hc.client5.http.impl.classic.MainClientExec - ex-00000047: executing GET /v1.32/containers/47a7ce05e61aa72bdced5a030ca6064519c62d122a5992816f04e0e528b5b17d/json HTTP/1.1
11:45:43.034 [Test worker] DEBUG com.github.dockerjava.zerodep.shaded.org.apache.hc.client5.http.impl.classic.InternalHttpClient - ep-00000046: start execution ex-00000047
11:45:43.034 [Test worker] DEBUG com.github.dockerjava.zerodep.shaded.org.apache.hc.client5.http.impl.io.PoolingHttpClientConnectionManager - ep-00000046: executing exchange ex-00000047 over http-outgoing-2
11:45:43.034 [Test worker] DEBUG com.github.dockerjava.zerodep.shaded.org.apache.hc.client5.http.headers - http-outgoing-2 >> GET /v1.32/containers/47a7ce05e61aa72bdced5a030ca6064519c62d122a5992816f04e0e528b5b17d/json HTTP/1.1
11:45:43.034 [Test worker] DEBUG com.github.dockerjava.zerodep.shaded.org.apache.hc.client5.http.headers - http-outgoing-2 >> accept: application/json
11:45:43.034 [Test worker] DEBUG com.github.dockerjava.zerodep.shaded.org.apache.hc.client5.http.headers - http-outgoing-2 >> x-tc-sid: c5b4bded-8a7b-4309-a94c-5bb153977152
11:45:43.034 [Test worker] DEBUG com.github.dockerjava.zerodep.shaded.org.apache.hc.client5.http.headers - http-outgoing-2 >> Accept-Encoding: gzip, x-gzip, deflate
11:45:43.034 [Test worker] DEBUG com.github.dockerjava.zerodep.shaded.org.apache.hc.client5.http.headers - http-outgoing-2 >> Host: localhost:2375
11:45:43.034 [Test worker] DEBUG com.github.dockerjava.zerodep.shaded.org.apache.hc.client5.http.headers - http-outgoing-2 >> Connection: keep-alive
11:45:43.034 [Test worker] DEBUG com.github.dockerjava.zerodep.shaded.org.apache.hc.client5.http.headers - http-outgoing-2 >> User-Agent: Apache-HttpClient/5.0.3 (Java/17.0.3)
11:45:43.034 [Test worker] DEBUG com.github.dockerjava.zerodep.shaded.org.apache.hc.client5.http.wire - http-outgoing-2 >> "GET /v1.32/containers/47a7ce05e61aa72bdced5a030ca6064519c62d122a5992816f04e0e528b5b17d/json HTTP/1.1[\r][\n]"
11:45:43.034 [Test worker] DEBUG com.github.dockerjava.zerodep.shaded.org.apache.hc.client5.http.wire - http-outgoing-2 >> "accept: application/json[\r][\n]"
11:45:43.034 [Test worker] DEBUG com.github.dockerjava.zerodep.shaded.org.apache.hc.client5.http.wire - http-outgoing-2 >> "x-tc-sid: c5b4bded-8a7b-4309-a94c-5bb153977152[\r][\n]"
11:45:43.034 [Test worker] DEBUG com.github.dockerjava.zerodep.shaded.org.apache.hc.client5.http.wire - http-outgoing-2 >> "Accept-Encoding: gzip, x-gzip, deflate[\r][\n]"
11:45:43.034 [Test worker] DEBUG com.github.dockerjava.zerodep.shaded.org.apache.hc.client5.http.wire - http-outgoing-2 >> "Host: localhost:2375[\r][\n]"
11:45:43.034 [Test worker] DEBUG com.github.dockerjava.zerodep.shaded.org.apache.hc.client5.http.wire - http-outgoing-2 >> "Connection: keep-alive[\r][\n]"
11:45:43.034 [Test worker] DEBUG com.github.dockerjava.zerodep.shaded.org.apache.hc.client5.http.wire - http-outgoing-2 >> "User-Agent: Apache-HttpClient/5.0.3 (Java/17.0.3)[\r][\n]"
11:45:43.034 [Test worker] DEBUG com.github.dockerjava.zerodep.shaded.org.apache.hc.client5.http.wire - http-outgoing-2 >> "[\r][\n]"
11:45:43.038 [Test worker] DEBUG com.github.dockerjava.zerodep.shaded.org.apache.hc.client5.http.wire - http-outgoing-2 << "HTTP/1.1 200 OK[\r][\n]"
11:45:43.038 [Test worker] DEBUG com.github.dockerjava.zerodep.shaded.org.apache.hc.client5.http.wire - http-outgoing-2 << "Api-Version: 1.41[\r][\n]"
11:45:43.038 [Test worker] DEBUG com.github.dockerjava.zerodep.shaded.org.apache.hc.client5.http.wire - http-outgoing-2 << "Content-Type: application/json[\r][\n]"
11:45:43.038 [Test worker] DEBUG com.github.dockerjava.zerodep.shaded.org.apache.hc.client5.http.wire - http-outgoing-2 << "Date: Mon, 26 Sep 2022 02:45:43 GMT[\r][\n]"
11:45:43.038 [Test worker] DEBUG com.github.dockerjava.zerodep.shaded.org.apache.hc.client5.http.wire - http-outgoing-2 << "Docker-Experimental: false[\r][\n]"
11:45:43.038 [Test worker] DEBUG com.github.dockerjava.zerodep.shaded.org.apache.hc.client5.http.wire - http-outgoing-2 << "Ostype: linux[\r][\n]"
11:45:43.038 [Test worker] DEBUG com.github.dockerjava.zerodep.shaded.org.apache.hc.client5.http.wire - http-outgoing-2 << "Server: Docker/20.10.11 (linux)[\r][\n]"
11:45:43.038 [Test worker] DEBUG com.github.dockerjava.zerodep.shaded.org.apache.hc.client5.http.wire - http-outgoing-2 << "Transfer-Encoding: chunked[\r][\n]"
11:45:43.038 [Test worker] DEBUG com.github.dockerjava.zerodep.shaded.org.apache.hc.client5.http.wire - http-outgoing-2 << "[\r][\n]"
11:45:43.038 [Test worker] DEBUG com.github.dockerjava.zerodep.shaded.org.apache.hc.client5.http.headers - http-outgoing-2 << HTTP/1.1 200 OK
11:45:43.038 [Test worker] DEBUG com.github.dockerjava.zerodep.shaded.org.apache.hc.client5.http.headers - http-outgoing-2 << Api-Version: 1.41
11:45:43.038 [Test worker] DEBUG com.github.dockerjava.zerodep.shaded.org.apache.hc.client5.http.headers - http-outgoing-2 << Content-Type: application/json
11:45:43.038 [Test worker] DEBUG com.github.dockerjava.zerodep.shaded.org.apache.hc.client5.http.headers - http-outgoing-2 << Date: Mon, 26 Sep 2022 02:45:43 GMT
11:45:43.038 [Test worker] DEBUG com.github.dockerjava.zerodep.shaded.org.apache.hc.client5.http.headers - http-outgoing-2 << Docker-Experimental: false
11:45:43.038 [Test worker] DEBUG com.github.dockerjava.zerodep.shaded.org.apache.hc.client5.http.headers - http-outgoing-2 << Ostype: linux
11:45:43.038 [Test worker] DEBUG com.github.dockerjava.zerodep.shaded.org.apache.hc.client5.http.headers - http-outgoing-2 << Server: Docker/20.10.11 (linux)
11:45:43.038 [Test worker] DEBUG com.github.dockerjava.zerodep.shaded.org.apache.hc.client5.http.headers - http-outgoing-2 << Transfer-Encoding: chunked
11:45:43.038 [Test worker] DEBUG com.github.dockerjava.zerodep.shaded.org.apache.hc.client5.http.impl.classic.MainClientExec - ex-00000047: connection can be kept alive for 3 MINUTES
11:45:43.038 [Test worker] DEBUG com.github.dockerjava.zerodep.shaded.org.apache.hc.client5.http.wire - http-outgoing-2 << "1882[\r][\n]"
11:45:43.038 [Test worker] DEBUG com.github.dockerjava.zerodep.shaded.org.apache.hc.client5.http.wire - http-outgoing-2 << "{"Id":"47a7ce05e61aa72bdced5a030ca6064519c62d122a5992816f04e0e528b5b17d","Created":"2022-09-26T02:45:36.042081626Z","Path":"docker-entrypoint.sh","Args":["mysqld"],"State":{"Status":"running","Running":true,"Paused":false,"Restarting":false,"OOMKilled":false,"Dead":false,"Pid":2251,"ExitCode":0,"Error":"","StartedAt":"2022-09-26T02:45:36.388226668Z","FinishedAt":"0001-01-01T00:00:00Z"},"Image":"sha256:5e229524f286e653111cb9d028bf1ba4c3490742c8cd18c84af22538f0e68575","ResolvConfPath":"/var/lib/docker/containers/47a7ce05e61aa72bdced5a030ca6064519c62d122a5992816f04e0e528b5b17d/resolv.conf","HostnamePath":"/var/lib/docker/containers/47a7ce05e61aa72bdced5a030ca6064519c62d122a5992816f04e0e528b5b17d/hostname","HostsPath":"/var/lib/docker/containers/47a7ce05e61aa72bdced5a030ca6064519c62d122a5992816f04e0e528b5b17d/hosts","LogPath":"/var/lib/docker/containers/47a7ce05e61aa72bdced5a030ca6064519c62d122a5992816f04e0e528b5b17d/47a7ce05e61aa72bdced5a030ca6064519c62d122a5992816f04e0e528b5b17d-json.log","Name":"/crazy_chaum","RestartCount":0,"Driver":"overlay2","Platform":"linux","MountLabel":"","ProcessLabel":"","AppArmorProfile":"","ExecIDs":null,"HostConfig":{"Binds":[],"ContainerIDFile":"","LogConfig":{"Type":"json-file","Config":{}},"NetworkMode":"default","PortBindings":{"3306/tcp":[{"HostIp":"0.0.0.0","HostPort":"0"}]},"RestartPolicy":{"Name":"","MaximumRetryCount":0},"AutoRemove":false,"VolumeDriver":"","VolumesFrom":[],"CapAdd":null,"CapDrop":null,"CgroupnsMode":"private","Dns":null,"DnsOptions":null,"DnsSearch":null,"ExtraHosts":[],"GroupAdd":null,"IpcMode":"shareable","Cgroup":"","Links":null,"OomScoreAdj":0,"PidMode":"","Privileged":false,"PublishAllPorts":false,"ReadonlyRootfs":false,"SecurityOpt":null,"UTSMode":"","UsernsMode":"","ShmSize":67108864,"Runtime":"runc","ConsoleSize":[0,0],"Isolation":"","CpuShares":0,"Memory":0,"NanoCpus":0,"CgroupParent":"","BlkioWeight":0,"BlkioWeightDevice":null,"BlkioDeviceReadBps":null,"BlkioDeviceWriteBps":null,"BlkioDeviceReadIOps":null,"BlkioDeviceWriteIOps":null,"CpuPeriod":0,"CpuQuota":0,"CpuRealtimePeriod":0,"CpuRealtimeRuntime":0,"CpusetCpus":"","CpusetMems":"","Devices":null,"DeviceCgroupRules":null,"DeviceRequests":null,"KernelMemory":0,"KernelMemoryTCP":0,"MemoryReservation":0,"MemorySwap":0,"MemorySwappiness":null,"OomKillDisable":null,"PidsLimit":null,"Ulimits":null,"CpuCount":0,"CpuPercent":0,"IOMaximumIOps":0,"IOMaximumBandwidth":0,"MaskedPaths":["/proc/asound","/proc/acpi","/proc/kcore","/proc/keys","/proc/latency_stats","/proc/timer_list","/proc/timer_stats","/proc/sched_debug","/proc/scsi","/sys/firmware"],"ReadonlyPaths":["/proc/bus","/proc/fs","/proc/irq","/proc/sys","/proc/sysrq-trigger"]},"GraphDriver":{"Data":{"LowerDir":"/var/lib/docker/overlay2/45da4782eb6c4075fef21a16271836d62c4e4726b16ef4c5ea199d4e626bdb39-init/diff:/var/lib/docker/overlay2/27a623f1ab748258e017a40f339844ef533377092bad4182aa320e9399893e13/diff:/var/lib/docker/overlay2/d7c1e4de558b6bbbdc3209a51fc73295262b5271709fe659d0e2e94f626eea74/diff:/var/lib/docker/overlay2/2df554f793c3600571e2f078ad2e20025d6b2e35f3d18881ead4f70e2cc26cb8/diff:/var/lib/docker/overlay2/feb23515577245ad51a24945de1e6bab842929569da912a2b4a33a48c6c2331f/diff:/var/lib/docker/overlay2/cc2cdbce154e19d9c4f376917b6c92ebd55b0b495124ffd2c9d7e9c82b6a95f9/diff:/var/lib/docker/overlay2/968467fe01280f82d26487386f320a15000815d63000d5ec89b47acca8f77ef2/diff:/var/lib/docker/overlay2/cc59daa314bbcaec43d6cd4064c7863b4b3976b989121dcf2e32c4710281f247/diff:/var/lib/docker/overlay2/dc5d8b1cf96cfd5d96d68fbed14248edf1244c1a4669ba07b0bab7f3d782f058/diff:/var/lib/docker/overlay2/dcca184158d696706cd99e62ffa3e5c42964eb57190bef35421cdf3f83a8c130/diff:/var/lib/docker/overlay2/a7f928596da67ce59f34b0ba4cee4a3b948b94f91ad0b0b6260dc54fb9b5a048/diff:/var/lib/docker/overlay2/6ac5adbfff6202b1faa13a2a2fd92625bdda668cdac1a1d2230becbb394e569f/diff","MergedDir":"/var/lib/docker/overlay2/45da4782eb6c4075fef21a16271836d62c4e4726b16ef4c5ea199d4e626bdb39/merged","UpperDir":"/var/lib/docker/overlay2/45da4782eb6c4075fef21a16271836d62c4e4726b16ef4c5ea199d4e626bdb39/diff","WorkDir":"/var/lib/docker/overlay2/45da4782eb6c4075fef21a16271836d62c4e4726b16ef4c5ea199d4e626bdb39/work"},"Name":"overlay2"},"Mounts":[{"Type":"volume","Name":"08668a73464516d2c615e247a561222f461f2385cff5615e53cc78e96456230c","Source":"/var/lib/docker/volumes/08668a73464516d2c615e247a561222f461f2385cff5615e53cc78e96456230c/_data","Destination":"/var/lib/mysql","Driver":"local","Mode":"","RW":true,"Propagation":""}],"Config":{"Hostname":"47a7ce05e61a","Domainname":"","User":"","AttachStdin":false,"AttachStdout":false,"AttachStderr":false,"ExposedPorts":{"3306/tcp":{},"33060/tcp":{}},"Tty":false,"OpenStdin":false,"StdinOnce":false,"Env":["MYSQL_DATABASE=lotification","MYSQL_PASSWORD=1234","MYSQL_USER=admin","MYSQL_ROOT_PASSWORD=1234","PATH=/usr/local/sbin:/usr/local/bin:/usr/sbin:/usr/bin:/sbin:/bin","GOSU_VERSION=1.14","MYSQL_MAJOR=8.0","MYSQL_VERSION=8.0.30-1.el8","MYSQL_SHELL_VERSION=8.0.30-1.el8"],"Cmd":["mysqld"],"Image":"mysql:8","Volumes":{"/var/lib/mysql":{}},"WorkingDir":"","Entrypoint":["docker-entrypoint.sh"],"OnBuild":null,"Labels":{"org.testcontainers":"true","org.testcontainers.sessionId":"c5b4bded-8a7b-4309-a94c-5bb153977152"}},"NetworkSettings":{"Bridge":"","SandboxID":"c87f478ec31081a2fc02a6d53fa5addc8f61962dea8dd5c17c1c641e1a25e99b","HairpinMode":false,"LinkLocalIPv6Address":"","LinkLocalIPv6PrefixLen":0,"Ports":{"3306/tcp":[{"HostIp":"0.0.0.0","HostPort":"63346"}],"33060/tcp":null},"SandboxKey":"/var/run/docker/netns/c87f478ec310","SecondaryIPAddresses":null,"SecondaryIPv6Addresses":null,"EndpointID":"7830774c518a6ae45bc93e5b48bd99e8a609aa29230b007326fa87b5ca32567f","Gateway":"172.17.0.1","GlobalIPv6Address":"","GlobalIPv6PrefixLen":0,"IPAddress":"172.17.0.4","IPPrefixLen":16,"IPv6Gateway":"","MacAddress":"02:42:ac:11:00:04","Networks":{"bridge":{"IPAMConfig":null,"Links":null,"Aliases":null,"NetworkID":"42b943ace1ba272d06317befbba08f853c5a08f211a0bdf3660599ced98f9c17","EndpointID":"7830774c518a6ae45bc93e5b48bd99e8a609aa29230b007326fa87b5ca32567f","Gateway":"172.17.0.1","IPAddress":"172.17.0.4","IPPrefixLen":16,"IPv6Gateway":"","GlobalIPv6Address":"","GlobalIPv6PrefixLen":0,"MacAddress":"02:42:ac:11:00:04","DriverOpts":null}}}}[\n]"
11:45:43.038 [Test worker] DEBUG com.github.dockerjava.zerodep.shaded.org.apache.hc.client5.http.wire - http-outgoing-2 << "[\r][\n]"
11:45:43.039 [Test worker] DEBUG com.github.dockerjava.zerodep.shaded.org.apache.hc.client5.http.wire - http-outgoing-2 << "0[\r][\n]"
11:45:43.039 [Test worker] DEBUG com.github.dockerjava.zerodep.shaded.org.apache.hc.client5.http.wire - http-outgoing-2 << "[\r][\n]"
11:45:43.039 [Test worker] DEBUG com.github.dockerjava.zerodep.shaded.org.apache.hc.client5.http.impl.classic.InternalHttpClient - ep-00000046: releasing valid endpoint
11:45:43.039 [Test worker] DEBUG com.github.dockerjava.zerodep.shaded.org.apache.hc.client5.http.impl.io.PoolingHttpClientConnectionManager - ep-00000046: releasing endpoint
11:45:43.039 [Test worker] DEBUG com.github.dockerjava.zerodep.shaded.org.apache.hc.client5.http.impl.io.PoolingHttpClientConnectionManager - ep-00000046: connection http-outgoing-2 can be kept alive for 3 MINUTES
11:45:43.039 [Test worker] DEBUG com.github.dockerjava.zerodep.shaded.org.apache.hc.client5.http.impl.io.PoolingHttpClientConnectionManager - ep-00000046: connection released [route: {}->unix://localhost:2375][total available: 1; route allocated: 1 of 2147483647; total allocated: 1 of 2147483647]
11:45:43.039 [Test worker] DEBUG ]]>&#x1f433;<![CDATA[ [mysql:8] - Trying to create JDBC connection using com.mysql.cj.jdbc.Driver to jdbc:mysql://localhost:63346/lotification?useSSL=false&allowPublicKeyRetrieval=true with properties: {password=1234, user=admin}
11:45:43.146 [Test worker] DEBUG org.testcontainers.shaded.com.github.dockerjava.core.command.AbstrDockerCmd - Cmd: 47a7ce05e61aa72bdced5a030ca6064519c62d122a5992816f04e0e528b5b17d,false
11:45:43.147 [Test worker] DEBUG org.testcontainers.shaded.com.github.dockerjava.core.exec.InspectContainerCmdExec - GET: DefaultWebTarget{path=[/containers/47a7ce05e61aa72bdced5a030ca6064519c62d122a5992816f04e0e528b5b17d/json], queryParams={}}
11:45:43.147 [Test worker] DEBUG com.github.dockerjava.zerodep.shaded.org.apache.hc.client5.http.impl.classic.InternalHttpClient - ex-00000048: preparing request execution
11:45:43.147 [Test worker] DEBUG com.github.dockerjava.zerodep.shaded.org.apache.hc.client5.http.protocol.RequestAddCookies - Cookie spec selected: strict
11:45:43.147 [Test worker] DEBUG com.github.dockerjava.zerodep.shaded.org.apache.hc.client5.http.protocol.RequestAuthCache - Auth cache not set in the context
11:45:43.147 [Test worker] DEBUG com.github.dockerjava.zerodep.shaded.org.apache.hc.client5.http.impl.classic.ProtocolExec - ex-00000048: target auth state: UNCHALLENGED
11:45:43.147 [Test worker] DEBUG com.github.dockerjava.zerodep.shaded.org.apache.hc.client5.http.impl.classic.ProtocolExec - ex-00000048: proxy auth state: UNCHALLENGED
11:45:43.147 [Test worker] DEBUG com.github.dockerjava.zerodep.shaded.org.apache.hc.client5.http.impl.classic.ConnectExec - ex-00000048: acquiring connection with route {}->unix://localhost:2375
11:45:43.147 [Test worker] DEBUG com.github.dockerjava.zerodep.shaded.org.apache.hc.client5.http.impl.classic.InternalHttpClient - ex-00000048: acquiring endpoint (3 MINUTES)
11:45:43.148 [Test worker] DEBUG com.github.dockerjava.zerodep.shaded.org.apache.hc.client5.http.impl.io.PoolingHttpClientConnectionManager - ex-00000048: endpoint lease request (3 MINUTES) [route: {}->unix://localhost:2375][total available: 1; route allocated: 1 of 2147483647; total allocated: 1 of 2147483647]
11:45:43.148 [Test worker] DEBUG com.github.dockerjava.zerodep.shaded.org.apache.hc.client5.http.impl.io.PoolingHttpClientConnectionManager - ex-00000048: endpoint leased [route: {}->unix://localhost:2375][total available: 0; route allocated: 1 of 2147483647; total allocated: 1 of 2147483647]
11:45:43.148 [Test worker] DEBUG com.github.dockerjava.zerodep.shaded.org.apache.hc.client5.http.impl.io.PoolingHttpClientConnectionManager - ex-00000048: acquired ep-00000047
11:45:43.148 [Test worker] DEBUG com.github.dockerjava.zerodep.shaded.org.apache.hc.client5.http.impl.classic.InternalHttpClient - ex-00000048: acquired endpoint ep-00000047
11:45:43.148 [Test worker] DEBUG com.github.dockerjava.zerodep.shaded.org.apache.hc.client5.http.impl.classic.MainClientExec - ex-00000048: executing GET /v1.32/containers/47a7ce05e61aa72bdced5a030ca6064519c62d122a5992816f04e0e528b5b17d/json HTTP/1.1
11:45:43.148 [Test worker] DEBUG com.github.dockerjava.zerodep.shaded.org.apache.hc.client5.http.impl.classic.InternalHttpClient - ep-00000047: start execution ex-00000048
11:45:43.148 [Test worker] DEBUG com.github.dockerjava.zerodep.shaded.org.apache.hc.client5.http.impl.io.PoolingHttpClientConnectionManager - ep-00000047: executing exchange ex-00000048 over http-outgoing-2
11:45:43.148 [Test worker] DEBUG com.github.dockerjava.zerodep.shaded.org.apache.hc.client5.http.headers - http-outgoing-2 >> GET /v1.32/containers/47a7ce05e61aa72bdced5a030ca6064519c62d122a5992816f04e0e528b5b17d/json HTTP/1.1
11:45:43.148 [Test worker] DEBUG com.github.dockerjava.zerodep.shaded.org.apache.hc.client5.http.headers - http-outgoing-2 >> accept: application/json
11:45:43.148 [Test worker] DEBUG com.github.dockerjava.zerodep.shaded.org.apache.hc.client5.http.headers - http-outgoing-2 >> x-tc-sid: c5b4bded-8a7b-4309-a94c-5bb153977152
11:45:43.148 [Test worker] DEBUG com.github.dockerjava.zerodep.shaded.org.apache.hc.client5.http.headers - http-outgoing-2 >> Accept-Encoding: gzip, x-gzip, deflate
11:45:43.148 [Test worker] DEBUG com.github.dockerjava.zerodep.shaded.org.apache.hc.client5.http.headers - http-outgoing-2 >> Host: localhost:2375
11:45:43.148 [Test worker] DEBUG com.github.dockerjava.zerodep.shaded.org.apache.hc.client5.http.headers - http-outgoing-2 >> Connection: keep-alive
11:45:43.148 [Test worker] DEBUG com.github.dockerjava.zerodep.shaded.org.apache.hc.client5.http.headers - http-outgoing-2 >> User-Agent: Apache-HttpClient/5.0.3 (Java/17.0.3)
11:45:43.148 [Test worker] DEBUG com.github.dockerjava.zerodep.shaded.org.apache.hc.client5.http.wire - http-outgoing-2 >> "GET /v1.32/containers/47a7ce05e61aa72bdced5a030ca6064519c62d122a5992816f04e0e528b5b17d/json HTTP/1.1[\r][\n]"
11:45:43.148 [Test worker] DEBUG com.github.dockerjava.zerodep.shaded.org.apache.hc.client5.http.wire - http-outgoing-2 >> "accept: application/json[\r][\n]"
11:45:43.148 [Test worker] DEBUG com.github.dockerjava.zerodep.shaded.org.apache.hc.client5.http.wire - http-outgoing-2 >> "x-tc-sid: c5b4bded-8a7b-4309-a94c-5bb153977152[\r][\n]"
11:45:43.148 [Test worker] DEBUG com.github.dockerjava.zerodep.shaded.org.apache.hc.client5.http.wire - http-outgoing-2 >> "Accept-Encoding: gzip, x-gzip, deflate[\r][\n]"
11:45:43.148 [Test worker] DEBUG com.github.dockerjava.zerodep.shaded.org.apache.hc.client5.http.wire - http-outgoing-2 >> "Host: localhost:2375[\r][\n]"
11:45:43.148 [Test worker] DEBUG com.github.dockerjava.zerodep.shaded.org.apache.hc.client5.http.wire - http-outgoing-2 >> "Connection: keep-alive[\r][\n]"
11:45:43.148 [Test worker] DEBUG com.github.dockerjava.zerodep.shaded.org.apache.hc.client5.http.wire - http-outgoing-2 >> "User-Agent: Apache-HttpClient/5.0.3 (Java/17.0.3)[\r][\n]"
11:45:43.148 [Test worker] DEBUG com.github.dockerjava.zerodep.shaded.org.apache.hc.client5.http.wire - http-outgoing-2 >> "[\r][\n]"
11:45:43.151 [Test worker] DEBUG com.github.dockerjava.zerodep.shaded.org.apache.hc.client5.http.wire - http-outgoing-2 << "HTTP/1.1 200 OK[\r][\n]"
11:45:43.151 [Test worker] DEBUG com.github.dockerjava.zerodep.shaded.org.apache.hc.client5.http.wire - http-outgoing-2 << "Api-Version: 1.41[\r][\n]"
11:45:43.151 [Test worker] DEBUG com.github.dockerjava.zerodep.shaded.org.apache.hc.client5.http.wire - http-outgoing-2 << "Content-Type: application/json[\r][\n]"
11:45:43.151 [Test worker] DEBUG com.github.dockerjava.zerodep.shaded.org.apache.hc.client5.http.wire - http-outgoing-2 << "Date: Mon, 26 Sep 2022 02:45:43 GMT[\r][\n]"
11:45:43.151 [Test worker] DEBUG com.github.dockerjava.zerodep.shaded.org.apache.hc.client5.http.wire - http-outgoing-2 << "Docker-Experimental: false[\r][\n]"
11:45:43.151 [Test worker] DEBUG com.github.dockerjava.zerodep.shaded.org.apache.hc.client5.http.wire - http-outgoing-2 << "Ostype: linux[\r][\n]"
11:45:43.151 [Test worker] DEBUG com.github.dockerjava.zerodep.shaded.org.apache.hc.client5.http.wire - http-outgoing-2 << "Server: Docker/20.10.11 (linux)[\r][\n]"
11:45:43.151 [Test worker] DEBUG com.github.dockerjava.zerodep.shaded.org.apache.hc.client5.http.wire - http-outgoing-2 << "Transfer-Encoding: chunked[\r][\n]"
11:45:43.151 [Test worker] DEBUG com.github.dockerjava.zerodep.shaded.org.apache.hc.client5.http.wire - http-outgoing-2 << "[\r][\n]"
11:45:43.151 [Test worker] DEBUG com.github.dockerjava.zerodep.shaded.org.apache.hc.client5.http.headers - http-outgoing-2 << HTTP/1.1 200 OK
11:45:43.151 [Test worker] DEBUG com.github.dockerjava.zerodep.shaded.org.apache.hc.client5.http.headers - http-outgoing-2 << Api-Version: 1.41
11:45:43.151 [Test worker] DEBUG com.github.dockerjava.zerodep.shaded.org.apache.hc.client5.http.headers - http-outgoing-2 << Content-Type: application/json
11:45:43.151 [Test worker] DEBUG com.github.dockerjava.zerodep.shaded.org.apache.hc.client5.http.headers - http-outgoing-2 << Date: Mon, 26 Sep 2022 02:45:43 GMT
11:45:43.151 [Test worker] DEBUG com.github.dockerjava.zerodep.shaded.org.apache.hc.client5.http.headers - http-outgoing-2 << Docker-Experimental: false
11:45:43.151 [Test worker] DEBUG com.github.dockerjava.zerodep.shaded.org.apache.hc.client5.http.headers - http-outgoing-2 << Ostype: linux
11:45:43.151 [Test worker] DEBUG com.github.dockerjava.zerodep.shaded.org.apache.hc.client5.http.headers - http-outgoing-2 << Server: Docker/20.10.11 (linux)
11:45:43.151 [Test worker] DEBUG com.github.dockerjava.zerodep.shaded.org.apache.hc.client5.http.headers - http-outgoing-2 << Transfer-Encoding: chunked
11:45:43.151 [Test worker] DEBUG com.github.dockerjava.zerodep.shaded.org.apache.hc.client5.http.impl.classic.MainClientExec - ex-00000048: connection can be kept alive for 3 MINUTES
11:45:43.151 [Test worker] DEBUG com.github.dockerjava.zerodep.shaded.org.apache.hc.client5.http.wire - http-outgoing-2 << "1882[\r][\n]"
11:45:43.151 [Test worker] DEBUG com.github.dockerjava.zerodep.shaded.org.apache.hc.client5.http.wire - http-outgoing-2 << "{"Id":"47a7ce05e61aa72bdced5a030ca6064519c62d122a5992816f04e0e528b5b17d","Created":"2022-09-26T02:45:36.042081626Z","Path":"docker-entrypoint.sh","Args":["mysqld"],"State":{"Status":"running","Running":true,"Paused":false,"Restarting":false,"OOMKilled":false,"Dead":false,"Pid":2251,"ExitCode":0,"Error":"","StartedAt":"2022-09-26T02:45:36.388226668Z","FinishedAt":"0001-01-01T00:00:00Z"},"Image":"sha256:5e229524f286e653111cb9d028bf1ba4c3490742c8cd18c84af22538f0e68575","ResolvConfPath":"/var/lib/docker/containers/47a7ce05e61aa72bdced5a030ca6064519c62d122a5992816f04e0e528b5b17d/resolv.conf","HostnamePath":"/var/lib/docker/containers/47a7ce05e61aa72bdced5a030ca6064519c62d122a5992816f04e0e528b5b17d/hostname","HostsPath":"/var/lib/docker/containers/47a7ce05e61aa72bdced5a030ca6064519c62d122a5992816f04e0e528b5b17d/hosts","LogPath":"/var/lib/docker/containers/47a7ce05e61aa72bdced5a030ca6064519c62d122a5992816f04e0e528b5b17d/47a7ce05e61aa72bdced5a030ca6064519c62d122a5992816f04e0e528b5b17d-json.log","Name":"/crazy_chaum","RestartCount":0,"Driver":"overlay2","Platform":"linux","MountLabel":"","ProcessLabel":"","AppArmorProfile":"","ExecIDs":null,"HostConfig":{"Binds":[],"ContainerIDFile":"","LogConfig":{"Type":"json-file","Config":{}},"NetworkMode":"default","PortBindings":{"3306/tcp":[{"HostIp":"0.0.0.0","HostPort":"0"}]},"RestartPolicy":{"Name":"","MaximumRetryCount":0},"AutoRemove":false,"VolumeDriver":"","VolumesFrom":[],"CapAdd":null,"CapDrop":null,"CgroupnsMode":"private","Dns":null,"DnsOptions":null,"DnsSearch":null,"ExtraHosts":[],"GroupAdd":null,"IpcMode":"shareable","Cgroup":"","Links":null,"OomScoreAdj":0,"PidMode":"","Privileged":false,"PublishAllPorts":false,"ReadonlyRootfs":false,"SecurityOpt":null,"UTSMode":"","UsernsMode":"","ShmSize":67108864,"Runtime":"runc","ConsoleSize":[0,0],"Isolation":"","CpuShares":0,"Memory":0,"NanoCpus":0,"CgroupParent":"","BlkioWeight":0,"BlkioWeightDevice":null,"BlkioDeviceReadBps":null,"BlkioDeviceWriteBps":null,"BlkioDeviceReadIOps":null,"BlkioDeviceWriteIOps":null,"CpuPeriod":0,"CpuQuota":0,"CpuRealtimePeriod":0,"CpuRealtimeRuntime":0,"CpusetCpus":"","CpusetMems":"","Devices":null,"DeviceCgroupRules":null,"DeviceRequests":null,"KernelMemory":0,"KernelMemoryTCP":0,"MemoryReservation":0,"MemorySwap":0,"MemorySwappiness":null,"OomKillDisable":null,"PidsLimit":null,"Ulimits":null,"CpuCount":0,"CpuPercent":0,"IOMaximumIOps":0,"IOMaximumBandwidth":0,"MaskedPaths":["/proc/asound","/proc/acpi","/proc/kcore","/proc/keys","/proc/latency_stats","/proc/timer_list","/proc/timer_stats","/proc/sched_debug","/proc/scsi","/sys/firmware"],"ReadonlyPaths":["/proc/bus","/proc/fs","/proc/irq","/proc/sys","/proc/sysrq-trigger"]},"GraphDriver":{"Data":{"LowerDir":"/var/lib/docker/overlay2/45da4782eb6c4075fef21a16271836d62c4e4726b16ef4c5ea199d4e626bdb39-init/diff:/var/lib/docker/overlay2/27a623f1ab748258e017a40f339844ef533377092bad4182aa320e9399893e13/diff:/var/lib/docker/overlay2/d7c1e4de558b6bbbdc3209a51fc73295262b5271709fe659d0e2e94f626eea74/diff:/var/lib/docker/overlay2/2df554f793c3600571e2f078ad2e20025d6b2e35f3d18881ead4f70e2cc26cb8/diff:/var/lib/docker/overlay2/feb23515577245ad51a24945de1e6bab842929569da912a2b4a33a48c6c2331f/diff:/var/lib/docker/overlay2/cc2cdbce154e19d9c4f376917b6c92ebd55b0b495124ffd2c9d7e9c82b6a95f9/diff:/var/lib/docker/overlay2/968467fe01280f82d26487386f320a15000815d63000d5ec89b47acca8f77ef2/diff:/var/lib/docker/overlay2/cc59daa314bbcaec43d6cd4064c7863b4b3976b989121dcf2e32c4710281f247/diff:/var/lib/docker/overlay2/dc5d8b1cf96cfd5d96d68fbed14248edf1244c1a4669ba07b0bab7f3d782f058/diff:/var/lib/docker/overlay2/dcca184158d696706cd99e62ffa3e5c42964eb57190bef35421cdf3f83a8c130/diff:/var/lib/docker/overlay2/a7f928596da67ce59f34b0ba4cee4a3b948b94f91ad0b0b6260dc54fb9b5a048/diff:/var/lib/docker/overlay2/6ac5adbfff6202b1faa13a2a2fd92625bdda668cdac1a1d2230becbb394e569f/diff","MergedDir":"/var/lib/docker/overlay2/45da4782eb6c4075fef21a16271836d62c4e4726b16ef4c5ea199d4e626bdb39/merged","UpperDir":"/var/lib/docker/overlay2/45da4782eb6c4075fef21a16271836d62c4e4726b16ef4c5ea199d4e626bdb39/diff","WorkDir":"/var/lib/docker/overlay2/45da4782eb6c4075fef21a16271836d62c4e4726b16ef4c5ea199d4e626bdb39/work"},"Name":"overlay2"},"Mounts":[{"Type":"volume","Name":"08668a73464516d2c615e247a561222f461f2385cff5615e53cc78e96456230c","Source":"/var/lib/docker/volumes/08668a73464516d2c615e247a561222f461f2385cff5615e53cc78e96456230c/_data","Destination":"/var/lib/mysql","Driver":"local","Mode":"","RW":true,"Propagation":""}],"Config":{"Hostname":"47a7ce05e61a","Domainname":"","User":"","AttachStdin":false,"AttachStdout":false,"AttachStderr":false,"ExposedPorts":{"3306/tcp":{},"33060/tcp":{}},"Tty":false,"OpenStdin":false,"StdinOnce":false,"Env":["MYSQL_DATABASE=lotification","MYSQL_PASSWORD=1234","MYSQL_USER=admin","MYSQL_ROOT_PASSWORD=1234","PATH=/usr/local/sbin:/usr/local/bin:/usr/sbin:/usr/bin:/sbin:/bin","GOSU_VERSION=1.14","MYSQL_MAJOR=8.0","MYSQL_VERSION=8.0.30-1.el8","MYSQL_SHELL_VERSION=8.0.30-1.el8"],"Cmd":["mysqld"],"Image":"mysql:8","Volumes":{"/var/lib/mysql":{}},"WorkingDir":"","Entrypoint":["docker-entrypoint.sh"],"OnBuild":null,"Labels":{"org.testcontainers":"true","org.testcontainers.sessionId":"c5b4bded-8a7b-4309-a94c-5bb153977152"}},"NetworkSettings":{"Bridge":"","SandboxID":"c87f478ec31081a2fc02a6d53fa5addc8f61962dea8dd5c17c1c641e1a25e99b","HairpinMode":false,"LinkLocalIPv6Address":"","LinkLocalIPv6PrefixLen":0,"Ports":{"3306/tcp":[{"HostIp":"0.0.0.0","HostPort":"63346"}],"33060/tcp":null},"SandboxKey":"/var/run/docker/netns/c87f478ec310","SecondaryIPAddresses":null,"SecondaryIPv6Addresses":null,"EndpointID":"7830774c518a6ae45bc93e5b48bd99e8a609aa29230b007326fa87b5ca32567f","Gateway":"172.17.0.1","GlobalIPv6Address":"","GlobalIPv6PrefixLen":0,"IPAddress":"172.17.0.4","IPPrefixLen":16,"IPv6Gateway":"","MacAddress":"02:42:ac:11:00:04","Networks":{"bridge":{"IPAMConfig":null,"Links":null,"Aliases":null,"NetworkID":"42b943ace1ba272d06317befbba08f853c5a08f211a0bdf3660599ced98f9c17","EndpointID":"7830774c518a6ae45bc93e5b48bd99e8a609aa29230b007326fa87b5ca32567f","Gateway":"172.17.0.1","IPAddress":"172.17.0.4","IPPrefixLen":16,"IPv6Gateway":"","GlobalIPv6Address":"","GlobalIPv6PrefixLen":0,"MacAddress":"02:42:ac:11:00:04","DriverOpts":null}}}}[\n]"
11:45:43.151 [Test worker] DEBUG com.github.dockerjava.zerodep.shaded.org.apache.hc.client5.http.wire - http-outgoing-2 << "[\r][\n]"
11:45:43.151 [Test worker] DEBUG com.github.dockerjava.zerodep.shaded.org.apache.hc.client5.http.wire - http-outgoing-2 << "0[\r][\n]"
11:45:43.151 [Test worker] DEBUG com.github.dockerjava.zerodep.shaded.org.apache.hc.client5.http.wire - http-outgoing-2 << "[\r][\n]"
11:45:43.152 [Test worker] DEBUG com.github.dockerjava.zerodep.shaded.org.apache.hc.client5.http.impl.classic.InternalHttpClient - ep-00000047: releasing valid endpoint
11:45:43.152 [Test worker] DEBUG com.github.dockerjava.zerodep.shaded.org.apache.hc.client5.http.impl.io.PoolingHttpClientConnectionManager - ep-00000047: releasing endpoint
11:45:43.152 [Test worker] DEBUG com.github.dockerjava.zerodep.shaded.org.apache.hc.client5.http.impl.io.PoolingHttpClientConnectionManager - ep-00000047: connection http-outgoing-2 can be kept alive for 3 MINUTES
11:45:43.152 [Test worker] DEBUG com.github.dockerjava.zerodep.shaded.org.apache.hc.client5.http.impl.io.PoolingHttpClientConnectionManager - ep-00000047: connection released [route: {}->unix://localhost:2375][total available: 1; route allocated: 1 of 2147483647; total allocated: 1 of 2147483647]
11:45:43.152 [Test worker] DEBUG ]]>&#x1f433;<![CDATA[ [mysql:8] - Trying to create JDBC connection using com.mysql.cj.jdbc.Driver to jdbc:mysql://localhost:63346/lotification?useSSL=false&allowPublicKeyRetrieval=true with properties: {password=1234, user=admin}
11:45:43.259 [Test worker] DEBUG org.testcontainers.shaded.com.github.dockerjava.core.command.AbstrDockerCmd - Cmd: 47a7ce05e61aa72bdced5a030ca6064519c62d122a5992816f04e0e528b5b17d,false
11:45:43.259 [Test worker] DEBUG org.testcontainers.shaded.com.github.dockerjava.core.exec.InspectContainerCmdExec - GET: DefaultWebTarget{path=[/containers/47a7ce05e61aa72bdced5a030ca6064519c62d122a5992816f04e0e528b5b17d/json], queryParams={}}
11:45:43.260 [Test worker] DEBUG com.github.dockerjava.zerodep.shaded.org.apache.hc.client5.http.impl.classic.InternalHttpClient - ex-00000049: preparing request execution
11:45:43.260 [Test worker] DEBUG com.github.dockerjava.zerodep.shaded.org.apache.hc.client5.http.protocol.RequestAddCookies - Cookie spec selected: strict
11:45:43.260 [Test worker] DEBUG com.github.dockerjava.zerodep.shaded.org.apache.hc.client5.http.protocol.RequestAuthCache - Auth cache not set in the context
11:45:43.260 [Test worker] DEBUG com.github.dockerjava.zerodep.shaded.org.apache.hc.client5.http.impl.classic.ProtocolExec - ex-00000049: target auth state: UNCHALLENGED
11:45:43.260 [Test worker] DEBUG com.github.dockerjava.zerodep.shaded.org.apache.hc.client5.http.impl.classic.ProtocolExec - ex-00000049: proxy auth state: UNCHALLENGED
11:45:43.260 [Test worker] DEBUG com.github.dockerjava.zerodep.shaded.org.apache.hc.client5.http.impl.classic.ConnectExec - ex-00000049: acquiring connection with route {}->unix://localhost:2375
11:45:43.260 [Test worker] DEBUG com.github.dockerjava.zerodep.shaded.org.apache.hc.client5.http.impl.classic.InternalHttpClient - ex-00000049: acquiring endpoint (3 MINUTES)
11:45:43.260 [Test worker] DEBUG com.github.dockerjava.zerodep.shaded.org.apache.hc.client5.http.impl.io.PoolingHttpClientConnectionManager - ex-00000049: endpoint lease request (3 MINUTES) [route: {}->unix://localhost:2375][total available: 1; route allocated: 1 of 2147483647; total allocated: 1 of 2147483647]
11:45:43.260 [Test worker] DEBUG com.github.dockerjava.zerodep.shaded.org.apache.hc.client5.http.impl.io.PoolingHttpClientConnectionManager - ex-00000049: endpoint leased [route: {}->unix://localhost:2375][total available: 0; route allocated: 1 of 2147483647; total allocated: 1 of 2147483647]
11:45:43.260 [Test worker] DEBUG com.github.dockerjava.zerodep.shaded.org.apache.hc.client5.http.impl.io.PoolingHttpClientConnectionManager - ex-00000049: acquired ep-00000048
11:45:43.260 [Test worker] DEBUG com.github.dockerjava.zerodep.shaded.org.apache.hc.client5.http.impl.classic.InternalHttpClient - ex-00000049: acquired endpoint ep-00000048
11:45:43.260 [Test worker] DEBUG com.github.dockerjava.zerodep.shaded.org.apache.hc.client5.http.impl.classic.MainClientExec - ex-00000049: executing GET /v1.32/containers/47a7ce05e61aa72bdced5a030ca6064519c62d122a5992816f04e0e528b5b17d/json HTTP/1.1
11:45:43.260 [Test worker] DEBUG com.github.dockerjava.zerodep.shaded.org.apache.hc.client5.http.impl.classic.InternalHttpClient - ep-00000048: start execution ex-00000049
11:45:43.260 [Test worker] DEBUG com.github.dockerjava.zerodep.shaded.org.apache.hc.client5.http.impl.io.PoolingHttpClientConnectionManager - ep-00000048: executing exchange ex-00000049 over http-outgoing-2
11:45:43.260 [Test worker] DEBUG com.github.dockerjava.zerodep.shaded.org.apache.hc.client5.http.headers - http-outgoing-2 >> GET /v1.32/containers/47a7ce05e61aa72bdced5a030ca6064519c62d122a5992816f04e0e528b5b17d/json HTTP/1.1
11:45:43.261 [Test worker] DEBUG com.github.dockerjava.zerodep.shaded.org.apache.hc.client5.http.headers - http-outgoing-2 >> accept: application/json
11:45:43.261 [Test worker] DEBUG com.github.dockerjava.zerodep.shaded.org.apache.hc.client5.http.headers - http-outgoing-2 >> x-tc-sid: c5b4bded-8a7b-4309-a94c-5bb153977152
11:45:43.261 [Test worker] DEBUG com.github.dockerjava.zerodep.shaded.org.apache.hc.client5.http.headers - http-outgoing-2 >> Accept-Encoding: gzip, x-gzip, deflate
11:45:43.261 [Test worker] DEBUG com.github.dockerjava.zerodep.shaded.org.apache.hc.client5.http.headers - http-outgoing-2 >> Host: localhost:2375
11:45:43.261 [Test worker] DEBUG com.github.dockerjava.zerodep.shaded.org.apache.hc.client5.http.headers - http-outgoing-2 >> Connection: keep-alive
11:45:43.261 [Test worker] DEBUG com.github.dockerjava.zerodep.shaded.org.apache.hc.client5.http.headers - http-outgoing-2 >> User-Agent: Apache-HttpClient/5.0.3 (Java/17.0.3)
11:45:43.261 [Test worker] DEBUG com.github.dockerjava.zerodep.shaded.org.apache.hc.client5.http.wire - http-outgoing-2 >> "GET /v1.32/containers/47a7ce05e61aa72bdced5a030ca6064519c62d122a5992816f04e0e528b5b17d/json HTTP/1.1[\r][\n]"
11:45:43.261 [Test worker] DEBUG com.github.dockerjava.zerodep.shaded.org.apache.hc.client5.http.wire - http-outgoing-2 >> "accept: application/json[\r][\n]"
11:45:43.261 [Test worker] DEBUG com.github.dockerjava.zerodep.shaded.org.apache.hc.client5.http.wire - http-outgoing-2 >> "x-tc-sid: c5b4bded-8a7b-4309-a94c-5bb153977152[\r][\n]"
11:45:43.261 [Test worker] DEBUG com.github.dockerjava.zerodep.shaded.org.apache.hc.client5.http.wire - http-outgoing-2 >> "Accept-Encoding: gzip, x-gzip, deflate[\r][\n]"
11:45:43.261 [Test worker] DEBUG com.github.dockerjava.zerodep.shaded.org.apache.hc.client5.http.wire - http-outgoing-2 >> "Host: localhost:2375[\r][\n]"
11:45:43.261 [Test worker] DEBUG com.github.dockerjava.zerodep.shaded.org.apache.hc.client5.http.wire - http-outgoing-2 >> "Connection: keep-alive[\r][\n]"
11:45:43.261 [Test worker] DEBUG com.github.dockerjava.zerodep.shaded.org.apache.hc.client5.http.wire - http-outgoing-2 >> "User-Agent: Apache-HttpClient/5.0.3 (Java/17.0.3)[\r][\n]"
11:45:43.261 [Test worker] DEBUG com.github.dockerjava.zerodep.shaded.org.apache.hc.client5.http.wire - http-outgoing-2 >> "[\r][\n]"
11:45:43.263 [Test worker] DEBUG com.github.dockerjava.zerodep.shaded.org.apache.hc.client5.http.wire - http-outgoing-2 << "HTTP/1.1 200 OK[\r][\n]"
11:45:43.263 [Test worker] DEBUG com.github.dockerjava.zerodep.shaded.org.apache.hc.client5.http.wire - http-outgoing-2 << "Api-Version: 1.41[\r][\n]"
11:45:43.263 [Test worker] DEBUG com.github.dockerjava.zerodep.shaded.org.apache.hc.client5.http.wire - http-outgoing-2 << "Content-Type: application/json[\r][\n]"
11:45:43.263 [Test worker] DEBUG com.github.dockerjava.zerodep.shaded.org.apache.hc.client5.http.wire - http-outgoing-2 << "Date: Mon, 26 Sep 2022 02:45:43 GMT[\r][\n]"
11:45:43.263 [Test worker] DEBUG com.github.dockerjava.zerodep.shaded.org.apache.hc.client5.http.wire - http-outgoing-2 << "Docker-Experimental: false[\r][\n]"
11:45:43.263 [Test worker] DEBUG com.github.dockerjava.zerodep.shaded.org.apache.hc.client5.http.wire - http-outgoing-2 << "Ostype: linux[\r][\n]"
11:45:43.263 [Test worker] DEBUG com.github.dockerjava.zerodep.shaded.org.apache.hc.client5.http.wire - http-outgoing-2 << "Server: Docker/20.10.11 (linux)[\r][\n]"
11:45:43.263 [Test worker] DEBUG com.github.dockerjava.zerodep.shaded.org.apache.hc.client5.http.wire - http-outgoing-2 << "Transfer-Encoding: chunked[\r][\n]"
11:45:43.263 [Test worker] DEBUG com.github.dockerjava.zerodep.shaded.org.apache.hc.client5.http.wire - http-outgoing-2 << "[\r][\n]"
11:45:43.263 [Test worker] DEBUG com.github.dockerjava.zerodep.shaded.org.apache.hc.client5.http.headers - http-outgoing-2 << HTTP/1.1 200 OK
11:45:43.263 [Test worker] DEBUG com.github.dockerjava.zerodep.shaded.org.apache.hc.client5.http.headers - http-outgoing-2 << Api-Version: 1.41
11:45:43.263 [Test worker] DEBUG com.github.dockerjava.zerodep.shaded.org.apache.hc.client5.http.headers - http-outgoing-2 << Content-Type: application/json
11:45:43.263 [Test worker] DEBUG com.github.dockerjava.zerodep.shaded.org.apache.hc.client5.http.headers - http-outgoing-2 << Date: Mon, 26 Sep 2022 02:45:43 GMT
11:45:43.263 [Test worker] DEBUG com.github.dockerjava.zerodep.shaded.org.apache.hc.client5.http.headers - http-outgoing-2 << Docker-Experimental: false
11:45:43.263 [Test worker] DEBUG com.github.dockerjava.zerodep.shaded.org.apache.hc.client5.http.headers - http-outgoing-2 << Ostype: linux
11:45:43.263 [Test worker] DEBUG com.github.dockerjava.zerodep.shaded.org.apache.hc.client5.http.headers - http-outgoing-2 << Server: Docker/20.10.11 (linux)
11:45:43.263 [Test worker] DEBUG com.github.dockerjava.zerodep.shaded.org.apache.hc.client5.http.headers - http-outgoing-2 << Transfer-Encoding: chunked
11:45:43.263 [Test worker] DEBUG com.github.dockerjava.zerodep.shaded.org.apache.hc.client5.http.impl.classic.MainClientExec - ex-00000049: connection can be kept alive for 3 MINUTES
11:45:43.263 [Test worker] DEBUG com.github.dockerjava.zerodep.shaded.org.apache.hc.client5.http.wire - http-outgoing-2 << "1882[\r][\n]"
11:45:43.263 [Test worker] DEBUG com.github.dockerjava.zerodep.shaded.org.apache.hc.client5.http.wire - http-outgoing-2 << "{"Id":"47a7ce05e61aa72bdced5a030ca6064519c62d122a5992816f04e0e528b5b17d","Created":"2022-09-26T02:45:36.042081626Z","Path":"docker-entrypoint.sh","Args":["mysqld"],"State":{"Status":"running","Running":true,"Paused":false,"Restarting":false,"OOMKilled":false,"Dead":false,"Pid":2251,"ExitCode":0,"Error":"","StartedAt":"2022-09-26T02:45:36.388226668Z","FinishedAt":"0001-01-01T00:00:00Z"},"Image":"sha256:5e229524f286e653111cb9d028bf1ba4c3490742c8cd18c84af22538f0e68575","ResolvConfPath":"/var/lib/docker/containers/47a7ce05e61aa72bdced5a030ca6064519c62d122a5992816f04e0e528b5b17d/resolv.conf","HostnamePath":"/var/lib/docker/containers/47a7ce05e61aa72bdced5a030ca6064519c62d122a5992816f04e0e528b5b17d/hostname","HostsPath":"/var/lib/docker/containers/47a7ce05e61aa72bdced5a030ca6064519c62d122a5992816f04e0e528b5b17d/hosts","LogPath":"/var/lib/docker/containers/47a7ce05e61aa72bdced5a030ca6064519c62d122a5992816f04e0e528b5b17d/47a7ce05e61aa72bdced5a030ca6064519c62d122a5992816f04e0e528b5b17d-json.log","Name":"/crazy_chaum","RestartCount":0,"Driver":"overlay2","Platform":"linux","MountLabel":"","ProcessLabel":"","AppArmorProfile":"","ExecIDs":null,"HostConfig":{"Binds":[],"ContainerIDFile":"","LogConfig":{"Type":"json-file","Config":{}},"NetworkMode":"default","PortBindings":{"3306/tcp":[{"HostIp":"0.0.0.0","HostPort":"0"}]},"RestartPolicy":{"Name":"","MaximumRetryCount":0},"AutoRemove":false,"VolumeDriver":"","VolumesFrom":[],"CapAdd":null,"CapDrop":null,"CgroupnsMode":"private","Dns":null,"DnsOptions":null,"DnsSearch":null,"ExtraHosts":[],"GroupAdd":null,"IpcMode":"shareable","Cgroup":"","Links":null,"OomScoreAdj":0,"PidMode":"","Privileged":false,"PublishAllPorts":false,"ReadonlyRootfs":false,"SecurityOpt":null,"UTSMode":"","UsernsMode":"","ShmSize":67108864,"Runtime":"runc","ConsoleSize":[0,0],"Isolation":"","CpuShares":0,"Memory":0,"NanoCpus":0,"CgroupParent":"","BlkioWeight":0,"BlkioWeightDevice":null,"BlkioDeviceReadBps":null,"BlkioDeviceWriteBps":null,"BlkioDeviceReadIOps":null,"BlkioDeviceWriteIOps":null,"CpuPeriod":0,"CpuQuota":0,"CpuRealtimePeriod":0,"CpuRealtimeRuntime":0,"CpusetCpus":"","CpusetMems":"","Devices":null,"DeviceCgroupRules":null,"DeviceRequests":null,"KernelMemory":0,"KernelMemoryTCP":0,"MemoryReservation":0,"MemorySwap":0,"MemorySwappiness":null,"OomKillDisable":null,"PidsLimit":null,"Ulimits":null,"CpuCount":0,"CpuPercent":0,"IOMaximumIOps":0,"IOMaximumBandwidth":0,"MaskedPaths":["/proc/asound","/proc/acpi","/proc/kcore","/proc/keys","/proc/latency_stats","/proc/timer_list","/proc/timer_stats","/proc/sched_debug","/proc/scsi","/sys/firmware"],"ReadonlyPaths":["/proc/bus","/proc/fs","/proc/irq","/proc/sys","/proc/sysrq-trigger"]},"GraphDriver":{"Data":{"LowerDir":"/var/lib/docker/overlay2/45da4782eb6c4075fef21a16271836d62c4e4726b16ef4c5ea199d4e626bdb39-init/diff:/var/lib/docker/overlay2/27a623f1ab748258e017a40f339844ef533377092bad4182aa320e9399893e13/diff:/var/lib/docker/overlay2/d7c1e4de558b6bbbdc3209a51fc73295262b5271709fe659d0e2e94f626eea74/diff:/var/lib/docker/overlay2/2df554f793c3600571e2f078ad2e20025d6b2e35f3d18881ead4f70e2cc26cb8/diff:/var/lib/docker/overlay2/feb23515577245ad51a24945de1e6bab842929569da912a2b4a33a48c6c2331f/diff:/var/lib/docker/overlay2/cc2cdbce154e19d9c4f376917b6c92ebd55b0b495124ffd2c9d7e9c82b6a95f9/diff:/var/lib/docker/overlay2/968467fe01280f82d26487386f320a15000815d63000d5ec89b47acca8f77ef2/diff:/var/lib/docker/overlay2/cc59daa314bbcaec43d6cd4064c7863b4b3976b989121dcf2e32c4710281f247/diff:/var/lib/docker/overlay2/dc5d8b1cf96cfd5d96d68fbed14248edf1244c1a4669ba07b0bab7f3d782f058/diff:/var/lib/docker/overlay2/dcca184158d696706cd99e62ffa3e5c42964eb57190bef35421cdf3f83a8c130/diff:/var/lib/docker/overlay2/a7f928596da67ce59f34b0ba4cee4a3b948b94f91ad0b0b6260dc54fb9b5a048/diff:/var/lib/docker/overlay2/6ac5adbfff6202b1faa13a2a2fd92625bdda668cdac1a1d2230becbb394e569f/diff","MergedDir":"/var/lib/docker/overlay2/45da4782eb6c4075fef21a16271836d62c4e4726b16ef4c5ea199d4e626bdb39/merged","UpperDir":"/var/lib/docker/overlay2/45da4782eb6c4075fef21a16271836d62c4e4726b16ef4c5ea199d4e626bdb39/diff","WorkDir":"/var/lib/docker/overlay2/45da4782eb6c4075fef21a16271836d62c4e4726b16ef4c5ea199d4e626bdb39/work"},"Name":"overlay2"},"Mounts":[{"Type":"volume","Name":"08668a73464516d2c615e247a561222f461f2385cff5615e53cc78e96456230c","Source":"/var/lib/docker/volumes/08668a73464516d2c615e247a561222f461f2385cff5615e53cc78e96456230c/_data","Destination":"/var/lib/mysql","Driver":"local","Mode":"","RW":true,"Propagation":""}],"Config":{"Hostname":"47a7ce05e61a","Domainname":"","User":"","AttachStdin":false,"AttachStdout":false,"AttachStderr":false,"ExposedPorts":{"3306/tcp":{},"33060/tcp":{}},"Tty":false,"OpenStdin":false,"StdinOnce":false,"Env":["MYSQL_DATABASE=lotification","MYSQL_PASSWORD=1234","MYSQL_USER=admin","MYSQL_ROOT_PASSWORD=1234","PATH=/usr/local/sbin:/usr/local/bin:/usr/sbin:/usr/bin:/sbin:/bin","GOSU_VERSION=1.14","MYSQL_MAJOR=8.0","MYSQL_VERSION=8.0.30-1.el8","MYSQL_SHELL_VERSION=8.0.30-1.el8"],"Cmd":["mysqld"],"Image":"mysql:8","Volumes":{"/var/lib/mysql":{}},"WorkingDir":"","Entrypoint":["docker-entrypoint.sh"],"OnBuild":null,"Labels":{"org.testcontainers":"true","org.testcontainers.sessionId":"c5b4bded-8a7b-4309-a94c-5bb153977152"}},"NetworkSettings":{"Bridge":"","SandboxID":"c87f478ec31081a2fc02a6d53fa5addc8f61962dea8dd5c17c1c641e1a25e99b","HairpinMode":false,"LinkLocalIPv6Address":"","LinkLocalIPv6PrefixLen":0,"Ports":{"3306/tcp":[{"HostIp":"0.0.0.0","HostPort":"63346"}],"33060/tcp":null},"SandboxKey":"/var/run/docker/netns/c87f478ec310","SecondaryIPAddresses":null,"SecondaryIPv6Addresses":null,"EndpointID":"7830774c518a6ae45bc93e5b48bd99e8a609aa29230b007326fa87b5ca32567f","Gateway":"172.17.0.1","GlobalIPv6Address":"","GlobalIPv6PrefixLen":0,"IPAddress":"172.17.0.4","IPPrefixLen":16,"IPv6Gateway":"","MacAddress":"02:42:ac:11:00:04","Networks":{"bridge":{"IPAMConfig":null,"Links":null,"Aliases":null,"NetworkID":"42b943ace1ba272d06317befbba08f853c5a08f211a0bdf3660599ced98f9c17","EndpointID":"7830774c518a6ae45bc93e5b48bd99e8a609aa29230b007326fa87b5ca32567f","Gateway":"172.17.0.1","IPAddress":"172.17.0.4","IPPrefixLen":16,"IPv6Gateway":"","GlobalIPv6Address":"","GlobalIPv6PrefixLen":0,"MacAddress":"02:42:ac:11:00:04","DriverOpts":null}}}}[\n]"
11:45:43.263 [Test worker] DEBUG com.github.dockerjava.zerodep.shaded.org.apache.hc.client5.http.wire - http-outgoing-2 << "[\r][\n]"
11:45:43.263 [Test worker] DEBUG com.github.dockerjava.zerodep.shaded.org.apache.hc.client5.http.wire - http-outgoing-2 << "0[\r][\n]"
11:45:43.263 [Test worker] DEBUG com.github.dockerjava.zerodep.shaded.org.apache.hc.client5.http.wire - http-outgoing-2 << "[\r][\n]"
11:45:43.264 [Test worker] DEBUG com.github.dockerjava.zerodep.shaded.org.apache.hc.client5.http.impl.classic.InternalHttpClient - ep-00000048: releasing valid endpoint
11:45:43.264 [Test worker] DEBUG com.github.dockerjava.zerodep.shaded.org.apache.hc.client5.http.impl.io.PoolingHttpClientConnectionManager - ep-00000048: releasing endpoint
11:45:43.264 [Test worker] DEBUG com.github.dockerjava.zerodep.shaded.org.apache.hc.client5.http.impl.io.PoolingHttpClientConnectionManager - ep-00000048: connection http-outgoing-2 can be kept alive for 3 MINUTES
11:45:43.264 [Test worker] DEBUG com.github.dockerjava.zerodep.shaded.org.apache.hc.client5.http.impl.io.PoolingHttpClientConnectionManager - ep-00000048: connection released [route: {}->unix://localhost:2375][total available: 1; route allocated: 1 of 2147483647; total allocated: 1 of 2147483647]
11:45:43.264 [Test worker] DEBUG ]]>&#x1f433;<![CDATA[ [mysql:8] - Trying to create JDBC connection using com.mysql.cj.jdbc.Driver to jdbc:mysql://localhost:63346/lotification?useSSL=false&allowPublicKeyRetrieval=true with properties: {password=1234, user=admin}
11:45:43.371 [Test worker] DEBUG org.testcontainers.shaded.com.github.dockerjava.core.command.AbstrDockerCmd - Cmd: 47a7ce05e61aa72bdced5a030ca6064519c62d122a5992816f04e0e528b5b17d,false
11:45:43.372 [Test worker] DEBUG org.testcontainers.shaded.com.github.dockerjava.core.exec.InspectContainerCmdExec - GET: DefaultWebTarget{path=[/containers/47a7ce05e61aa72bdced5a030ca6064519c62d122a5992816f04e0e528b5b17d/json], queryParams={}}
11:45:43.372 [Test worker] DEBUG com.github.dockerjava.zerodep.shaded.org.apache.hc.client5.http.impl.classic.InternalHttpClient - ex-0000004A: preparing request execution
11:45:43.372 [Test worker] DEBUG com.github.dockerjava.zerodep.shaded.org.apache.hc.client5.http.protocol.RequestAddCookies - Cookie spec selected: strict
11:45:43.372 [Test worker] DEBUG com.github.dockerjava.zerodep.shaded.org.apache.hc.client5.http.protocol.RequestAuthCache - Auth cache not set in the context
11:45:43.372 [Test worker] DEBUG com.github.dockerjava.zerodep.shaded.org.apache.hc.client5.http.impl.classic.ProtocolExec - ex-0000004A: target auth state: UNCHALLENGED
11:45:43.372 [Test worker] DEBUG com.github.dockerjava.zerodep.shaded.org.apache.hc.client5.http.impl.classic.ProtocolExec - ex-0000004A: proxy auth state: UNCHALLENGED
11:45:43.372 [Test worker] DEBUG com.github.dockerjava.zerodep.shaded.org.apache.hc.client5.http.impl.classic.ConnectExec - ex-0000004A: acquiring connection with route {}->unix://localhost:2375
11:45:43.372 [Test worker] DEBUG com.github.dockerjava.zerodep.shaded.org.apache.hc.client5.http.impl.classic.InternalHttpClient - ex-0000004A: acquiring endpoint (3 MINUTES)
11:45:43.372 [Test worker] DEBUG com.github.dockerjava.zerodep.shaded.org.apache.hc.client5.http.impl.io.PoolingHttpClientConnectionManager - ex-0000004A: endpoint lease request (3 MINUTES) [route: {}->unix://localhost:2375][total available: 1; route allocated: 1 of 2147483647; total allocated: 1 of 2147483647]
11:45:43.372 [Test worker] DEBUG com.github.dockerjava.zerodep.shaded.org.apache.hc.client5.http.impl.io.PoolingHttpClientConnectionManager - ex-0000004A: endpoint leased [route: {}->unix://localhost:2375][total available: 0; route allocated: 1 of 2147483647; total allocated: 1 of 2147483647]
11:45:43.373 [Test worker] DEBUG com.github.dockerjava.zerodep.shaded.org.apache.hc.client5.http.impl.io.PoolingHttpClientConnectionManager - ex-0000004A: acquired ep-00000049
11:45:43.373 [Test worker] DEBUG com.github.dockerjava.zerodep.shaded.org.apache.hc.client5.http.impl.classic.InternalHttpClient - ex-0000004A: acquired endpoint ep-00000049
11:45:43.373 [Test worker] DEBUG com.github.dockerjava.zerodep.shaded.org.apache.hc.client5.http.impl.classic.MainClientExec - ex-0000004A: executing GET /v1.32/containers/47a7ce05e61aa72bdced5a030ca6064519c62d122a5992816f04e0e528b5b17d/json HTTP/1.1
11:45:43.373 [Test worker] DEBUG com.github.dockerjava.zerodep.shaded.org.apache.hc.client5.http.impl.classic.InternalHttpClient - ep-00000049: start execution ex-0000004A
11:45:43.373 [Test worker] DEBUG com.github.dockerjava.zerodep.shaded.org.apache.hc.client5.http.impl.io.PoolingHttpClientConnectionManager - ep-00000049: executing exchange ex-0000004A over http-outgoing-2
11:45:43.373 [Test worker] DEBUG com.github.dockerjava.zerodep.shaded.org.apache.hc.client5.http.headers - http-outgoing-2 >> GET /v1.32/containers/47a7ce05e61aa72bdced5a030ca6064519c62d122a5992816f04e0e528b5b17d/json HTTP/1.1
11:45:43.373 [Test worker] DEBUG com.github.dockerjava.zerodep.shaded.org.apache.hc.client5.http.headers - http-outgoing-2 >> accept: application/json
11:45:43.373 [Test worker] DEBUG com.github.dockerjava.zerodep.shaded.org.apache.hc.client5.http.headers - http-outgoing-2 >> x-tc-sid: c5b4bded-8a7b-4309-a94c-5bb153977152
11:45:43.373 [Test worker] DEBUG com.github.dockerjava.zerodep.shaded.org.apache.hc.client5.http.headers - http-outgoing-2 >> Accept-Encoding: gzip, x-gzip, deflate
11:45:43.373 [Test worker] DEBUG com.github.dockerjava.zerodep.shaded.org.apache.hc.client5.http.headers - http-outgoing-2 >> Host: localhost:2375
11:45:43.373 [Test worker] DEBUG com.github.dockerjava.zerodep.shaded.org.apache.hc.client5.http.headers - http-outgoing-2 >> Connection: keep-alive
11:45:43.373 [Test worker] DEBUG com.github.dockerjava.zerodep.shaded.org.apache.hc.client5.http.headers - http-outgoing-2 >> User-Agent: Apache-HttpClient/5.0.3 (Java/17.0.3)
11:45:43.373 [Test worker] DEBUG com.github.dockerjava.zerodep.shaded.org.apache.hc.client5.http.wire - http-outgoing-2 >> "GET /v1.32/containers/47a7ce05e61aa72bdced5a030ca6064519c62d122a5992816f04e0e528b5b17d/json HTTP/1.1[\r][\n]"
11:45:43.373 [Test worker] DEBUG com.github.dockerjava.zerodep.shaded.org.apache.hc.client5.http.wire - http-outgoing-2 >> "accept: application/json[\r][\n]"
11:45:43.373 [Test worker] DEBUG com.github.dockerjava.zerodep.shaded.org.apache.hc.client5.http.wire - http-outgoing-2 >> "x-tc-sid: c5b4bded-8a7b-4309-a94c-5bb153977152[\r][\n]"
11:45:43.373 [Test worker] DEBUG com.github.dockerjava.zerodep.shaded.org.apache.hc.client5.http.wire - http-outgoing-2 >> "Accept-Encoding: gzip, x-gzip, deflate[\r][\n]"
11:45:43.373 [Test worker] DEBUG com.github.dockerjava.zerodep.shaded.org.apache.hc.client5.http.wire - http-outgoing-2 >> "Host: localhost:2375[\r][\n]"
11:45:43.373 [Test worker] DEBUG com.github.dockerjava.zerodep.shaded.org.apache.hc.client5.http.wire - http-outgoing-2 >> "Connection: keep-alive[\r][\n]"
11:45:43.373 [Test worker] DEBUG com.github.dockerjava.zerodep.shaded.org.apache.hc.client5.http.wire - http-outgoing-2 >> "User-Agent: Apache-HttpClient/5.0.3 (Java/17.0.3)[\r][\n]"
11:45:43.373 [Test worker] DEBUG com.github.dockerjava.zerodep.shaded.org.apache.hc.client5.http.wire - http-outgoing-2 >> "[\r][\n]"
11:45:43.375 [Test worker] DEBUG com.github.dockerjava.zerodep.shaded.org.apache.hc.client5.http.wire - http-outgoing-2 << "HTTP/1.1 200 OK[\r][\n]"
11:45:43.375 [Test worker] DEBUG com.github.dockerjava.zerodep.shaded.org.apache.hc.client5.http.wire - http-outgoing-2 << "Api-Version: 1.41[\r][\n]"
11:45:43.375 [Test worker] DEBUG com.github.dockerjava.zerodep.shaded.org.apache.hc.client5.http.wire - http-outgoing-2 << "Content-Type: application/json[\r][\n]"
11:45:43.375 [Test worker] DEBUG com.github.dockerjava.zerodep.shaded.org.apache.hc.client5.http.wire - http-outgoing-2 << "Date: Mon, 26 Sep 2022 02:45:43 GMT[\r][\n]"
11:45:43.375 [Test worker] DEBUG com.github.dockerjava.zerodep.shaded.org.apache.hc.client5.http.wire - http-outgoing-2 << "Docker-Experimental: false[\r][\n]"
11:45:43.375 [Test worker] DEBUG com.github.dockerjava.zerodep.shaded.org.apache.hc.client5.http.wire - http-outgoing-2 << "Ostype: linux[\r][\n]"
11:45:43.375 [Test worker] DEBUG com.github.dockerjava.zerodep.shaded.org.apache.hc.client5.http.wire - http-outgoing-2 << "Server: Docker/20.10.11 (linux)[\r][\n]"
11:45:43.375 [Test worker] DEBUG com.github.dockerjava.zerodep.shaded.org.apache.hc.client5.http.wire - http-outgoing-2 << "Transfer-Encoding: chunked[\r][\n]"
11:45:43.375 [Test worker] DEBUG com.github.dockerjava.zerodep.shaded.org.apache.hc.client5.http.wire - http-outgoing-2 << "[\r][\n]"
11:45:43.375 [Test worker] DEBUG com.github.dockerjava.zerodep.shaded.org.apache.hc.client5.http.headers - http-outgoing-2 << HTTP/1.1 200 OK
11:45:43.375 [Test worker] DEBUG com.github.dockerjava.zerodep.shaded.org.apache.hc.client5.http.headers - http-outgoing-2 << Api-Version: 1.41
11:45:43.375 [Test worker] DEBUG com.github.dockerjava.zerodep.shaded.org.apache.hc.client5.http.headers - http-outgoing-2 << Content-Type: application/json
11:45:43.375 [Test worker] DEBUG com.github.dockerjava.zerodep.shaded.org.apache.hc.client5.http.headers - http-outgoing-2 << Date: Mon, 26 Sep 2022 02:45:43 GMT
11:45:43.375 [Test worker] DEBUG com.github.dockerjava.zerodep.shaded.org.apache.hc.client5.http.headers - http-outgoing-2 << Docker-Experimental: false
11:45:43.375 [Test worker] DEBUG com.github.dockerjava.zerodep.shaded.org.apache.hc.client5.http.headers - http-outgoing-2 << Ostype: linux
11:45:43.375 [Test worker] DEBUG com.github.dockerjava.zerodep.shaded.org.apache.hc.client5.http.headers - http-outgoing-2 << Server: Docker/20.10.11 (linux)
11:45:43.375 [Test worker] DEBUG com.github.dockerjava.zerodep.shaded.org.apache.hc.client5.http.headers - http-outgoing-2 << Transfer-Encoding: chunked
11:45:43.375 [Test worker] DEBUG com.github.dockerjava.zerodep.shaded.org.apache.hc.client5.http.impl.classic.MainClientExec - ex-0000004A: connection can be kept alive for 3 MINUTES
11:45:43.375 [Test worker] DEBUG com.github.dockerjava.zerodep.shaded.org.apache.hc.client5.http.wire - http-outgoing-2 << "1882[\r][\n]"
11:45:43.375 [Test worker] DEBUG com.github.dockerjava.zerodep.shaded.org.apache.hc.client5.http.wire - http-outgoing-2 << "{"Id":"47a7ce05e61aa72bdced5a030ca6064519c62d122a5992816f04e0e528b5b17d","Created":"2022-09-26T02:45:36.042081626Z","Path":"docker-entrypoint.sh","Args":["mysqld"],"State":{"Status":"running","Running":true,"Paused":false,"Restarting":false,"OOMKilled":false,"Dead":false,"Pid":2251,"ExitCode":0,"Error":"","StartedAt":"2022-09-26T02:45:36.388226668Z","FinishedAt":"0001-01-01T00:00:00Z"},"Image":"sha256:5e229524f286e653111cb9d028bf1ba4c3490742c8cd18c84af22538f0e68575","ResolvConfPath":"/var/lib/docker/containers/47a7ce05e61aa72bdced5a030ca6064519c62d122a5992816f04e0e528b5b17d/resolv.conf","HostnamePath":"/var/lib/docker/containers/47a7ce05e61aa72bdced5a030ca6064519c62d122a5992816f04e0e528b5b17d/hostname","HostsPath":"/var/lib/docker/containers/47a7ce05e61aa72bdced5a030ca6064519c62d122a5992816f04e0e528b5b17d/hosts","LogPath":"/var/lib/docker/containers/47a7ce05e61aa72bdced5a030ca6064519c62d122a5992816f04e0e528b5b17d/47a7ce05e61aa72bdced5a030ca6064519c62d122a5992816f04e0e528b5b17d-json.log","Name":"/crazy_chaum","RestartCount":0,"Driver":"overlay2","Platform":"linux","MountLabel":"","ProcessLabel":"","AppArmorProfile":"","ExecIDs":null,"HostConfig":{"Binds":[],"ContainerIDFile":"","LogConfig":{"Type":"json-file","Config":{}},"NetworkMode":"default","PortBindings":{"3306/tcp":[{"HostIp":"0.0.0.0","HostPort":"0"}]},"RestartPolicy":{"Name":"","MaximumRetryCount":0},"AutoRemove":false,"VolumeDriver":"","VolumesFrom":[],"CapAdd":null,"CapDrop":null,"CgroupnsMode":"private","Dns":null,"DnsOptions":null,"DnsSearch":null,"ExtraHosts":[],"GroupAdd":null,"IpcMode":"shareable","Cgroup":"","Links":null,"OomScoreAdj":0,"PidMode":"","Privileged":false,"PublishAllPorts":false,"ReadonlyRootfs":false,"SecurityOpt":null,"UTSMode":"","UsernsMode":"","ShmSize":67108864,"Runtime":"runc","ConsoleSize":[0,0],"Isolation":"","CpuShares":0,"Memory":0,"NanoCpus":0,"CgroupParent":"","BlkioWeight":0,"BlkioWeightDevice":null,"BlkioDeviceReadBps":null,"BlkioDeviceWriteBps":null,"BlkioDeviceReadIOps":null,"BlkioDeviceWriteIOps":null,"CpuPeriod":0,"CpuQuota":0,"CpuRealtimePeriod":0,"CpuRealtimeRuntime":0,"CpusetCpus":"","CpusetMems":"","Devices":null,"DeviceCgroupRules":null,"DeviceRequests":null,"KernelMemory":0,"KernelMemoryTCP":0,"MemoryReservation":0,"MemorySwap":0,"MemorySwappiness":null,"OomKillDisable":null,"PidsLimit":null,"Ulimits":null,"CpuCount":0,"CpuPercent":0,"IOMaximumIOps":0,"IOMaximumBandwidth":0,"MaskedPaths":["/proc/asound","/proc/acpi","/proc/kcore","/proc/keys","/proc/latency_stats","/proc/timer_list","/proc/timer_stats","/proc/sched_debug","/proc/scsi","/sys/firmware"],"ReadonlyPaths":["/proc/bus","/proc/fs","/proc/irq","/proc/sys","/proc/sysrq-trigger"]},"GraphDriver":{"Data":{"LowerDir":"/var/lib/docker/overlay2/45da4782eb6c4075fef21a16271836d62c4e4726b16ef4c5ea199d4e626bdb39-init/diff:/var/lib/docker/overlay2/27a623f1ab748258e017a40f339844ef533377092bad4182aa320e9399893e13/diff:/var/lib/docker/overlay2/d7c1e4de558b6bbbdc3209a51fc73295262b5271709fe659d0e2e94f626eea74/diff:/var/lib/docker/overlay2/2df554f793c3600571e2f078ad2e20025d6b2e35f3d18881ead4f70e2cc26cb8/diff:/var/lib/docker/overlay2/feb23515577245ad51a24945de1e6bab842929569da912a2b4a33a48c6c2331f/diff:/var/lib/docker/overlay2/cc2cdbce154e19d9c4f376917b6c92ebd55b0b495124ffd2c9d7e9c82b6a95f9/diff:/var/lib/docker/overlay2/968467fe01280f82d26487386f320a15000815d63000d5ec89b47acca8f77ef2/diff:/var/lib/docker/overlay2/cc59daa314bbcaec43d6cd4064c7863b4b3976b989121dcf2e32c4710281f247/diff:/var/lib/docker/overlay2/dc5d8b1cf96cfd5d96d68fbed14248edf1244c1a4669ba07b0bab7f3d782f058/diff:/var/lib/docker/overlay2/dcca184158d696706cd99e62ffa3e5c42964eb57190bef35421cdf3f83a8c130/diff:/var/lib/docker/overlay2/a7f928596da67ce59f34b0ba4cee4a3b948b94f91ad0b0b6260dc54fb9b5a048/diff:/var/lib/docker/overlay2/6ac5adbfff6202b1faa13a2a2fd92625bdda668cdac1a1d2230becbb394e569f/diff","MergedDir":"/var/lib/docker/overlay2/45da4782eb6c4075fef21a16271836d62c4e4726b16ef4c5ea199d4e626bdb39/merged","UpperDir":"/var/lib/docker/overlay2/45da4782eb6c4075fef21a16271836d62c4e4726b16ef4c5ea199d4e626bdb39/diff","WorkDir":"/var/lib/docker/overlay2/45da4782eb6c4075fef21a16271836d62c4e4726b16ef4c5ea199d4e626bdb39/work"},"Name":"overlay2"},"Mounts":[{"Type":"volume","Name":"08668a73464516d2c615e247a561222f461f2385cff5615e53cc78e96456230c","Source":"/var/lib/docker/volumes/08668a73464516d2c615e247a561222f461f2385cff5615e53cc78e96456230c/_data","Destination":"/var/lib/mysql","Driver":"local","Mode":"","RW":true,"Propagation":""}],"Config":{"Hostname":"47a7ce05e61a","Domainname":"","User":"","AttachStdin":false,"AttachStdout":false,"AttachStderr":false,"ExposedPorts":{"3306/tcp":{},"33060/tcp":{}},"Tty":false,"OpenStdin":false,"StdinOnce":false,"Env":["MYSQL_DATABASE=lotification","MYSQL_PASSWORD=1234","MYSQL_USER=admin","MYSQL_ROOT_PASSWORD=1234","PATH=/usr/local/sbin:/usr/local/bin:/usr/sbin:/usr/bin:/sbin:/bin","GOSU_VERSION=1.14","MYSQL_MAJOR=8.0","MYSQL_VERSION=8.0.30-1.el8","MYSQL_SHELL_VERSION=8.0.30-1.el8"],"Cmd":["mysqld"],"Image":"mysql:8","Volumes":{"/var/lib/mysql":{}},"WorkingDir":"","Entrypoint":["docker-entrypoint.sh"],"OnBuild":null,"Labels":{"org.testcontainers":"true","org.testcontainers.sessionId":"c5b4bded-8a7b-4309-a94c-5bb153977152"}},"NetworkSettings":{"Bridge":"","SandboxID":"c87f478ec31081a2fc02a6d53fa5addc8f61962dea8dd5c17c1c641e1a25e99b","HairpinMode":false,"LinkLocalIPv6Address":"","LinkLocalIPv6PrefixLen":0,"Ports":{"3306/tcp":[{"HostIp":"0.0.0.0","HostPort":"63346"}],"33060/tcp":null},"SandboxKey":"/var/run/docker/netns/c87f478ec310","SecondaryIPAddresses":null,"SecondaryIPv6Addresses":null,"EndpointID":"7830774c518a6ae45bc93e5b48bd99e8a609aa29230b007326fa87b5ca32567f","Gateway":"172.17.0.1","GlobalIPv6Address":"","GlobalIPv6PrefixLen":0,"IPAddress":"172.17.0.4","IPPrefixLen":16,"IPv6Gateway":"","MacAddress":"02:42:ac:11:00:04","Networks":{"bridge":{"IPAMConfig":null,"Links":null,"Aliases":null,"NetworkID":"42b943ace1ba272d06317befbba08f853c5a08f211a0bdf3660599ced98f9c17","EndpointID":"7830774c518a6ae45bc93e5b48bd99e8a609aa29230b007326fa87b5ca32567f","Gateway":"172.17.0.1","IPAddress":"172.17.0.4","IPPrefixLen":16,"IPv6Gateway":"","GlobalIPv6Address":"","GlobalIPv6PrefixLen":0,"MacAddress":"02:42:ac:11:00:04","DriverOpts":null}}}}[\n]"
11:45:43.375 [Test worker] DEBUG com.github.dockerjava.zerodep.shaded.org.apache.hc.client5.http.wire - http-outgoing-2 << "[\r][\n]"
11:45:43.376 [Test worker] DEBUG com.github.dockerjava.zerodep.shaded.org.apache.hc.client5.http.wire - http-outgoing-2 << "0[\r][\n]"
11:45:43.376 [Test worker] DEBUG com.github.dockerjava.zerodep.shaded.org.apache.hc.client5.http.wire - http-outgoing-2 << "[\r][\n]"
11:45:43.376 [Test worker] DEBUG com.github.dockerjava.zerodep.shaded.org.apache.hc.client5.http.impl.classic.InternalHttpClient - ep-00000049: releasing valid endpoint
11:45:43.376 [Test worker] DEBUG com.github.dockerjava.zerodep.shaded.org.apache.hc.client5.http.impl.io.PoolingHttpClientConnectionManager - ep-00000049: releasing endpoint
11:45:43.376 [Test worker] DEBUG com.github.dockerjava.zerodep.shaded.org.apache.hc.client5.http.impl.io.PoolingHttpClientConnectionManager - ep-00000049: connection http-outgoing-2 can be kept alive for 3 MINUTES
11:45:43.376 [Test worker] DEBUG com.github.dockerjava.zerodep.shaded.org.apache.hc.client5.http.impl.io.PoolingHttpClientConnectionManager - ep-00000049: connection released [route: {}->unix://localhost:2375][total available: 1; route allocated: 1 of 2147483647; total allocated: 1 of 2147483647]
11:45:43.376 [Test worker] DEBUG ]]>&#x1f433;<![CDATA[ [mysql:8] - Trying to create JDBC connection using com.mysql.cj.jdbc.Driver to jdbc:mysql://localhost:63346/lotification?useSSL=false&allowPublicKeyRetrieval=true with properties: {password=1234, user=admin}
11:45:43.483 [Test worker] DEBUG org.testcontainers.shaded.com.github.dockerjava.core.command.AbstrDockerCmd - Cmd: 47a7ce05e61aa72bdced5a030ca6064519c62d122a5992816f04e0e528b5b17d,false
11:45:43.484 [Test worker] DEBUG org.testcontainers.shaded.com.github.dockerjava.core.exec.InspectContainerCmdExec - GET: DefaultWebTarget{path=[/containers/47a7ce05e61aa72bdced5a030ca6064519c62d122a5992816f04e0e528b5b17d/json], queryParams={}}
11:45:43.484 [Test worker] DEBUG com.github.dockerjava.zerodep.shaded.org.apache.hc.client5.http.impl.classic.InternalHttpClient - ex-0000004B: preparing request execution
11:45:43.484 [Test worker] DEBUG com.github.dockerjava.zerodep.shaded.org.apache.hc.client5.http.protocol.RequestAddCookies - Cookie spec selected: strict
11:45:43.484 [Test worker] DEBUG com.github.dockerjava.zerodep.shaded.org.apache.hc.client5.http.protocol.RequestAuthCache - Auth cache not set in the context
11:45:43.484 [Test worker] DEBUG com.github.dockerjava.zerodep.shaded.org.apache.hc.client5.http.impl.classic.ProtocolExec - ex-0000004B: target auth state: UNCHALLENGED
11:45:43.484 [Test worker] DEBUG com.github.dockerjava.zerodep.shaded.org.apache.hc.client5.http.impl.classic.ProtocolExec - ex-0000004B: proxy auth state: UNCHALLENGED
11:45:43.484 [Test worker] DEBUG com.github.dockerjava.zerodep.shaded.org.apache.hc.client5.http.impl.classic.ConnectExec - ex-0000004B: acquiring connection with route {}->unix://localhost:2375
11:45:43.484 [Test worker] DEBUG com.github.dockerjava.zerodep.shaded.org.apache.hc.client5.http.impl.classic.InternalHttpClient - ex-0000004B: acquiring endpoint (3 MINUTES)
11:45:43.484 [Test worker] DEBUG com.github.dockerjava.zerodep.shaded.org.apache.hc.client5.http.impl.io.PoolingHttpClientConnectionManager - ex-0000004B: endpoint lease request (3 MINUTES) [route: {}->unix://localhost:2375][total available: 1; route allocated: 1 of 2147483647; total allocated: 1 of 2147483647]
11:45:43.484 [Test worker] DEBUG com.github.dockerjava.zerodep.shaded.org.apache.hc.client5.http.impl.io.PoolingHttpClientConnectionManager - ex-0000004B: endpoint leased [route: {}->unix://localhost:2375][total available: 0; route allocated: 1 of 2147483647; total allocated: 1 of 2147483647]
11:45:43.484 [Test worker] DEBUG com.github.dockerjava.zerodep.shaded.org.apache.hc.client5.http.impl.io.PoolingHttpClientConnectionManager - ex-0000004B: acquired ep-0000004A
11:45:43.484 [Test worker] DEBUG com.github.dockerjava.zerodep.shaded.org.apache.hc.client5.http.impl.classic.InternalHttpClient - ex-0000004B: acquired endpoint ep-0000004A
11:45:43.484 [Test worker] DEBUG com.github.dockerjava.zerodep.shaded.org.apache.hc.client5.http.impl.classic.MainClientExec - ex-0000004B: executing GET /v1.32/containers/47a7ce05e61aa72bdced5a030ca6064519c62d122a5992816f04e0e528b5b17d/json HTTP/1.1
11:45:43.484 [Test worker] DEBUG com.github.dockerjava.zerodep.shaded.org.apache.hc.client5.http.impl.classic.InternalHttpClient - ep-0000004A: start execution ex-0000004B
11:45:43.484 [Test worker] DEBUG com.github.dockerjava.zerodep.shaded.org.apache.hc.client5.http.impl.io.PoolingHttpClientConnectionManager - ep-0000004A: executing exchange ex-0000004B over http-outgoing-2
11:45:43.484 [Test worker] DEBUG com.github.dockerjava.zerodep.shaded.org.apache.hc.client5.http.headers - http-outgoing-2 >> GET /v1.32/containers/47a7ce05e61aa72bdced5a030ca6064519c62d122a5992816f04e0e528b5b17d/json HTTP/1.1
11:45:43.484 [Test worker] DEBUG com.github.dockerjava.zerodep.shaded.org.apache.hc.client5.http.headers - http-outgoing-2 >> accept: application/json
11:45:43.484 [Test worker] DEBUG com.github.dockerjava.zerodep.shaded.org.apache.hc.client5.http.headers - http-outgoing-2 >> x-tc-sid: c5b4bded-8a7b-4309-a94c-5bb153977152
11:45:43.484 [Test worker] DEBUG com.github.dockerjava.zerodep.shaded.org.apache.hc.client5.http.headers - http-outgoing-2 >> Accept-Encoding: gzip, x-gzip, deflate
11:45:43.484 [Test worker] DEBUG com.github.dockerjava.zerodep.shaded.org.apache.hc.client5.http.headers - http-outgoing-2 >> Host: localhost:2375
11:45:43.484 [Test worker] DEBUG com.github.dockerjava.zerodep.shaded.org.apache.hc.client5.http.headers - http-outgoing-2 >> Connection: keep-alive
11:45:43.484 [Test worker] DEBUG com.github.dockerjava.zerodep.shaded.org.apache.hc.client5.http.headers - http-outgoing-2 >> User-Agent: Apache-HttpClient/5.0.3 (Java/17.0.3)
11:45:43.484 [Test worker] DEBUG com.github.dockerjava.zerodep.shaded.org.apache.hc.client5.http.wire - http-outgoing-2 >> "GET /v1.32/containers/47a7ce05e61aa72bdced5a030ca6064519c62d122a5992816f04e0e528b5b17d/json HTTP/1.1[\r][\n]"
11:45:43.484 [Test worker] DEBUG com.github.dockerjava.zerodep.shaded.org.apache.hc.client5.http.wire - http-outgoing-2 >> "accept: application/json[\r][\n]"
11:45:43.484 [Test worker] DEBUG com.github.dockerjava.zerodep.shaded.org.apache.hc.client5.http.wire - http-outgoing-2 >> "x-tc-sid: c5b4bded-8a7b-4309-a94c-5bb153977152[\r][\n]"
11:45:43.484 [Test worker] DEBUG com.github.dockerjava.zerodep.shaded.org.apache.hc.client5.http.wire - http-outgoing-2 >> "Accept-Encoding: gzip, x-gzip, deflate[\r][\n]"
11:45:43.484 [Test worker] DEBUG com.github.dockerjava.zerodep.shaded.org.apache.hc.client5.http.wire - http-outgoing-2 >> "Host: localhost:2375[\r][\n]"
11:45:43.484 [Test worker] DEBUG com.github.dockerjava.zerodep.shaded.org.apache.hc.client5.http.wire - http-outgoing-2 >> "Connection: keep-alive[\r][\n]"
11:45:43.484 [Test worker] DEBUG com.github.dockerjava.zerodep.shaded.org.apache.hc.client5.http.wire - http-outgoing-2 >> "User-Agent: Apache-HttpClient/5.0.3 (Java/17.0.3)[\r][\n]"
11:45:43.484 [Test worker] DEBUG com.github.dockerjava.zerodep.shaded.org.apache.hc.client5.http.wire - http-outgoing-2 >> "[\r][\n]"
11:45:43.486 [Test worker] DEBUG com.github.dockerjava.zerodep.shaded.org.apache.hc.client5.http.wire - http-outgoing-2 << "HTTP/1.1 200 OK[\r][\n]"
11:45:43.486 [Test worker] DEBUG com.github.dockerjava.zerodep.shaded.org.apache.hc.client5.http.wire - http-outgoing-2 << "Api-Version: 1.41[\r][\n]"
11:45:43.486 [Test worker] DEBUG com.github.dockerjava.zerodep.shaded.org.apache.hc.client5.http.wire - http-outgoing-2 << "Content-Type: application/json[\r][\n]"
11:45:43.486 [Test worker] DEBUG com.github.dockerjava.zerodep.shaded.org.apache.hc.client5.http.wire - http-outgoing-2 << "Date: Mon, 26 Sep 2022 02:45:43 GMT[\r][\n]"
11:45:43.486 [Test worker] DEBUG com.github.dockerjava.zerodep.shaded.org.apache.hc.client5.http.wire - http-outgoing-2 << "Docker-Experimental: false[\r][\n]"
11:45:43.486 [Test worker] DEBUG com.github.dockerjava.zerodep.shaded.org.apache.hc.client5.http.wire - http-outgoing-2 << "Ostype: linux[\r][\n]"
11:45:43.486 [Test worker] DEBUG com.github.dockerjava.zerodep.shaded.org.apache.hc.client5.http.wire - http-outgoing-2 << "Server: Docker/20.10.11 (linux)[\r][\n]"
11:45:43.486 [Test worker] DEBUG com.github.dockerjava.zerodep.shaded.org.apache.hc.client5.http.wire - http-outgoing-2 << "Transfer-Encoding: chunked[\r][\n]"
11:45:43.486 [Test worker] DEBUG com.github.dockerjava.zerodep.shaded.org.apache.hc.client5.http.wire - http-outgoing-2 << "[\r][\n]"
11:45:43.486 [Test worker] DEBUG com.github.dockerjava.zerodep.shaded.org.apache.hc.client5.http.headers - http-outgoing-2 << HTTP/1.1 200 OK
11:45:43.486 [Test worker] DEBUG com.github.dockerjava.zerodep.shaded.org.apache.hc.client5.http.headers - http-outgoing-2 << Api-Version: 1.41
11:45:43.486 [Test worker] DEBUG com.github.dockerjava.zerodep.shaded.org.apache.hc.client5.http.headers - http-outgoing-2 << Content-Type: application/json
11:45:43.486 [Test worker] DEBUG com.github.dockerjava.zerodep.shaded.org.apache.hc.client5.http.headers - http-outgoing-2 << Date: Mon, 26 Sep 2022 02:45:43 GMT
11:45:43.486 [Test worker] DEBUG com.github.dockerjava.zerodep.shaded.org.apache.hc.client5.http.headers - http-outgoing-2 << Docker-Experimental: false
11:45:43.486 [Test worker] DEBUG com.github.dockerjava.zerodep.shaded.org.apache.hc.client5.http.headers - http-outgoing-2 << Ostype: linux
11:45:43.486 [Test worker] DEBUG com.github.dockerjava.zerodep.shaded.org.apache.hc.client5.http.headers - http-outgoing-2 << Server: Docker/20.10.11 (linux)
11:45:43.486 [Test worker] DEBUG com.github.dockerjava.zerodep.shaded.org.apache.hc.client5.http.headers - http-outgoing-2 << Transfer-Encoding: chunked
11:45:43.486 [Test worker] DEBUG com.github.dockerjava.zerodep.shaded.org.apache.hc.client5.http.impl.classic.MainClientExec - ex-0000004B: connection can be kept alive for 3 MINUTES
11:45:43.487 [Test worker] DEBUG com.github.dockerjava.zerodep.shaded.org.apache.hc.client5.http.wire - http-outgoing-2 << "1882[\r][\n]"
11:45:43.487 [Test worker] DEBUG com.github.dockerjava.zerodep.shaded.org.apache.hc.client5.http.wire - http-outgoing-2 << "{"Id":"47a7ce05e61aa72bdced5a030ca6064519c62d122a5992816f04e0e528b5b17d","Created":"2022-09-26T02:45:36.042081626Z","Path":"docker-entrypoint.sh","Args":["mysqld"],"State":{"Status":"running","Running":true,"Paused":false,"Restarting":false,"OOMKilled":false,"Dead":false,"Pid":2251,"ExitCode":0,"Error":"","StartedAt":"2022-09-26T02:45:36.388226668Z","FinishedAt":"0001-01-01T00:00:00Z"},"Image":"sha256:5e229524f286e653111cb9d028bf1ba4c3490742c8cd18c84af22538f0e68575","ResolvConfPath":"/var/lib/docker/containers/47a7ce05e61aa72bdced5a030ca6064519c62d122a5992816f04e0e528b5b17d/resolv.conf","HostnamePath":"/var/lib/docker/containers/47a7ce05e61aa72bdced5a030ca6064519c62d122a5992816f04e0e528b5b17d/hostname","HostsPath":"/var/lib/docker/containers/47a7ce05e61aa72bdced5a030ca6064519c62d122a5992816f04e0e528b5b17d/hosts","LogPath":"/var/lib/docker/containers/47a7ce05e61aa72bdced5a030ca6064519c62d122a5992816f04e0e528b5b17d/47a7ce05e61aa72bdced5a030ca6064519c62d122a5992816f04e0e528b5b17d-json.log","Name":"/crazy_chaum","RestartCount":0,"Driver":"overlay2","Platform":"linux","MountLabel":"","ProcessLabel":"","AppArmorProfile":"","ExecIDs":null,"HostConfig":{"Binds":[],"ContainerIDFile":"","LogConfig":{"Type":"json-file","Config":{}},"NetworkMode":"default","PortBindings":{"3306/tcp":[{"HostIp":"0.0.0.0","HostPort":"0"}]},"RestartPolicy":{"Name":"","MaximumRetryCount":0},"AutoRemove":false,"VolumeDriver":"","VolumesFrom":[],"CapAdd":null,"CapDrop":null,"CgroupnsMode":"private","Dns":null,"DnsOptions":null,"DnsSearch":null,"ExtraHosts":[],"GroupAdd":null,"IpcMode":"shareable","Cgroup":"","Links":null,"OomScoreAdj":0,"PidMode":"","Privileged":false,"PublishAllPorts":false,"ReadonlyRootfs":false,"SecurityOpt":null,"UTSMode":"","UsernsMode":"","ShmSize":67108864,"Runtime":"runc","ConsoleSize":[0,0],"Isolation":"","CpuShares":0,"Memory":0,"NanoCpus":0,"CgroupParent":"","BlkioWeight":0,"BlkioWeightDevice":null,"BlkioDeviceReadBps":null,"BlkioDeviceWriteBps":null,"BlkioDeviceReadIOps":null,"BlkioDeviceWriteIOps":null,"CpuPeriod":0,"CpuQuota":0,"CpuRealtimePeriod":0,"CpuRealtimeRuntime":0,"CpusetCpus":"","CpusetMems":"","Devices":null,"DeviceCgroupRules":null,"DeviceRequests":null,"KernelMemory":0,"KernelMemoryTCP":0,"MemoryReservation":0,"MemorySwap":0,"MemorySwappiness":null,"OomKillDisable":null,"PidsLimit":null,"Ulimits":null,"CpuCount":0,"CpuPercent":0,"IOMaximumIOps":0,"IOMaximumBandwidth":0,"MaskedPaths":["/proc/asound","/proc/acpi","/proc/kcore","/proc/keys","/proc/latency_stats","/proc/timer_list","/proc/timer_stats","/proc/sched_debug","/proc/scsi","/sys/firmware"],"ReadonlyPaths":["/proc/bus","/proc/fs","/proc/irq","/proc/sys","/proc/sysrq-trigger"]},"GraphDriver":{"Data":{"LowerDir":"/var/lib/docker/overlay2/45da4782eb6c4075fef21a16271836d62c4e4726b16ef4c5ea199d4e626bdb39-init/diff:/var/lib/docker/overlay2/27a623f1ab748258e017a40f339844ef533377092bad4182aa320e9399893e13/diff:/var/lib/docker/overlay2/d7c1e4de558b6bbbdc3209a51fc73295262b5271709fe659d0e2e94f626eea74/diff:/var/lib/docker/overlay2/2df554f793c3600571e2f078ad2e20025d6b2e35f3d18881ead4f70e2cc26cb8/diff:/var/lib/docker/overlay2/feb23515577245ad51a24945de1e6bab842929569da912a2b4a33a48c6c2331f/diff:/var/lib/docker/overlay2/cc2cdbce154e19d9c4f376917b6c92ebd55b0b495124ffd2c9d7e9c82b6a95f9/diff:/var/lib/docker/overlay2/968467fe01280f82d26487386f320a15000815d63000d5ec89b47acca8f77ef2/diff:/var/lib/docker/overlay2/cc59daa314bbcaec43d6cd4064c7863b4b3976b989121dcf2e32c4710281f247/diff:/var/lib/docker/overlay2/dc5d8b1cf96cfd5d96d68fbed14248edf1244c1a4669ba07b0bab7f3d782f058/diff:/var/lib/docker/overlay2/dcca184158d696706cd99e62ffa3e5c42964eb57190bef35421cdf3f83a8c130/diff:/var/lib/docker/overlay2/a7f928596da67ce59f34b0ba4cee4a3b948b94f91ad0b0b6260dc54fb9b5a048/diff:/var/lib/docker/overlay2/6ac5adbfff6202b1faa13a2a2fd92625bdda668cdac1a1d2230becbb394e569f/diff","MergedDir":"/var/lib/docker/overlay2/45da4782eb6c4075fef21a16271836d62c4e4726b16ef4c5ea199d4e626bdb39/merged","UpperDir":"/var/lib/docker/overlay2/45da4782eb6c4075fef21a16271836d62c4e4726b16ef4c5ea199d4e626bdb39/diff","WorkDir":"/var/lib/docker/overlay2/45da4782eb6c4075fef21a16271836d62c4e4726b16ef4c5ea199d4e626bdb39/work"},"Name":"overlay2"},"Mounts":[{"Type":"volume","Name":"08668a73464516d2c615e247a561222f461f2385cff5615e53cc78e96456230c","Source":"/var/lib/docker/volumes/08668a73464516d2c615e247a561222f461f2385cff5615e53cc78e96456230c/_data","Destination":"/var/lib/mysql","Driver":"local","Mode":"","RW":true,"Propagation":""}],"Config":{"Hostname":"47a7ce05e61a","Domainname":"","User":"","AttachStdin":false,"AttachStdout":false,"AttachStderr":false,"ExposedPorts":{"3306/tcp":{},"33060/tcp":{}},"Tty":false,"OpenStdin":false,"StdinOnce":false,"Env":["MYSQL_DATABASE=lotification","MYSQL_PASSWORD=1234","MYSQL_USER=admin","MYSQL_ROOT_PASSWORD=1234","PATH=/usr/local/sbin:/usr/local/bin:/usr/sbin:/usr/bin:/sbin:/bin","GOSU_VERSION=1.14","MYSQL_MAJOR=8.0","MYSQL_VERSION=8.0.30-1.el8","MYSQL_SHELL_VERSION=8.0.30-1.el8"],"Cmd":["mysqld"],"Image":"mysql:8","Volumes":{"/var/lib/mysql":{}},"WorkingDir":"","Entrypoint":["docker-entrypoint.sh"],"OnBuild":null,"Labels":{"org.testcontainers":"true","org.testcontainers.sessionId":"c5b4bded-8a7b-4309-a94c-5bb153977152"}},"NetworkSettings":{"Bridge":"","SandboxID":"c87f478ec31081a2fc02a6d53fa5addc8f61962dea8dd5c17c1c641e1a25e99b","HairpinMode":false,"LinkLocalIPv6Address":"","LinkLocalIPv6PrefixLen":0,"Ports":{"3306/tcp":[{"HostIp":"0.0.0.0","HostPort":"63346"}],"33060/tcp":null},"SandboxKey":"/var/run/docker/netns/c87f478ec310","SecondaryIPAddresses":null,"SecondaryIPv6Addresses":null,"EndpointID":"7830774c518a6ae45bc93e5b48bd99e8a609aa29230b007326fa87b5ca32567f","Gateway":"172.17.0.1","GlobalIPv6Address":"","GlobalIPv6PrefixLen":0,"IPAddress":"172.17.0.4","IPPrefixLen":16,"IPv6Gateway":"","MacAddress":"02:42:ac:11:00:04","Networks":{"bridge":{"IPAMConfig":null,"Links":null,"Aliases":null,"NetworkID":"42b943ace1ba272d06317befbba08f853c5a08f211a0bdf3660599ced98f9c17","EndpointID":"7830774c518a6ae45bc93e5b48bd99e8a609aa29230b007326fa87b5ca32567f","Gateway":"172.17.0.1","IPAddress":"172.17.0.4","IPPrefixLen":16,"IPv6Gateway":"","GlobalIPv6Address":"","GlobalIPv6PrefixLen":0,"MacAddress":"02:42:ac:11:00:04","DriverOpts":null}}}}[\n]"
11:45:43.487 [Test worker] DEBUG com.github.dockerjava.zerodep.shaded.org.apache.hc.client5.http.wire - http-outgoing-2 << "[\r][\n]"
11:45:43.487 [Test worker] DEBUG com.github.dockerjava.zerodep.shaded.org.apache.hc.client5.http.wire - http-outgoing-2 << "0[\r][\n]"
11:45:43.487 [Test worker] DEBUG com.github.dockerjava.zerodep.shaded.org.apache.hc.client5.http.wire - http-outgoing-2 << "[\r][\n]"
11:45:43.487 [Test worker] DEBUG com.github.dockerjava.zerodep.shaded.org.apache.hc.client5.http.impl.classic.InternalHttpClient - ep-0000004A: releasing valid endpoint
11:45:43.487 [Test worker] DEBUG com.github.dockerjava.zerodep.shaded.org.apache.hc.client5.http.impl.io.PoolingHttpClientConnectionManager - ep-0000004A: releasing endpoint
11:45:43.487 [Test worker] DEBUG com.github.dockerjava.zerodep.shaded.org.apache.hc.client5.http.impl.io.PoolingHttpClientConnectionManager - ep-0000004A: connection http-outgoing-2 can be kept alive for 3 MINUTES
11:45:43.487 [Test worker] DEBUG com.github.dockerjava.zerodep.shaded.org.apache.hc.client5.http.impl.io.PoolingHttpClientConnectionManager - ep-0000004A: connection released [route: {}->unix://localhost:2375][total available: 1; route allocated: 1 of 2147483647; total allocated: 1 of 2147483647]
11:45:43.487 [Test worker] DEBUG ]]>&#x1f433;<![CDATA[ [mysql:8] - Trying to create JDBC connection using com.mysql.cj.jdbc.Driver to jdbc:mysql://localhost:63346/lotification?useSSL=false&allowPublicKeyRetrieval=true with properties: {password=1234, user=admin}
11:45:43.598 [Test worker] DEBUG org.testcontainers.shaded.com.github.dockerjava.core.command.AbstrDockerCmd - Cmd: 47a7ce05e61aa72bdced5a030ca6064519c62d122a5992816f04e0e528b5b17d,false
11:45:43.599 [Test worker] DEBUG org.testcontainers.shaded.com.github.dockerjava.core.exec.InspectContainerCmdExec - GET: DefaultWebTarget{path=[/containers/47a7ce05e61aa72bdced5a030ca6064519c62d122a5992816f04e0e528b5b17d/json], queryParams={}}
11:45:43.599 [Test worker] DEBUG com.github.dockerjava.zerodep.shaded.org.apache.hc.client5.http.impl.classic.InternalHttpClient - ex-0000004C: preparing request execution
11:45:43.599 [Test worker] DEBUG com.github.dockerjava.zerodep.shaded.org.apache.hc.client5.http.protocol.RequestAddCookies - Cookie spec selected: strict
11:45:43.599 [Test worker] DEBUG com.github.dockerjava.zerodep.shaded.org.apache.hc.client5.http.protocol.RequestAuthCache - Auth cache not set in the context
11:45:43.599 [Test worker] DEBUG com.github.dockerjava.zerodep.shaded.org.apache.hc.client5.http.impl.classic.ProtocolExec - ex-0000004C: target auth state: UNCHALLENGED
11:45:43.599 [Test worker] DEBUG com.github.dockerjava.zerodep.shaded.org.apache.hc.client5.http.impl.classic.ProtocolExec - ex-0000004C: proxy auth state: UNCHALLENGED
11:45:43.599 [Test worker] DEBUG com.github.dockerjava.zerodep.shaded.org.apache.hc.client5.http.impl.classic.ConnectExec - ex-0000004C: acquiring connection with route {}->unix://localhost:2375
11:45:43.599 [Test worker] DEBUG com.github.dockerjava.zerodep.shaded.org.apache.hc.client5.http.impl.classic.InternalHttpClient - ex-0000004C: acquiring endpoint (3 MINUTES)
11:45:43.599 [Test worker] DEBUG com.github.dockerjava.zerodep.shaded.org.apache.hc.client5.http.impl.io.PoolingHttpClientConnectionManager - ex-0000004C: endpoint lease request (3 MINUTES) [route: {}->unix://localhost:2375][total available: 1; route allocated: 1 of 2147483647; total allocated: 1 of 2147483647]
11:45:43.599 [Test worker] DEBUG com.github.dockerjava.zerodep.shaded.org.apache.hc.client5.http.impl.io.PoolingHttpClientConnectionManager - ex-0000004C: endpoint leased [route: {}->unix://localhost:2375][total available: 0; route allocated: 1 of 2147483647; total allocated: 1 of 2147483647]
11:45:43.599 [Test worker] DEBUG com.github.dockerjava.zerodep.shaded.org.apache.hc.client5.http.impl.io.PoolingHttpClientConnectionManager - ex-0000004C: acquired ep-0000004B
11:45:43.599 [Test worker] DEBUG com.github.dockerjava.zerodep.shaded.org.apache.hc.client5.http.impl.classic.InternalHttpClient - ex-0000004C: acquired endpoint ep-0000004B
11:45:43.599 [Test worker] DEBUG com.github.dockerjava.zerodep.shaded.org.apache.hc.client5.http.impl.classic.MainClientExec - ex-0000004C: executing GET /v1.32/containers/47a7ce05e61aa72bdced5a030ca6064519c62d122a5992816f04e0e528b5b17d/json HTTP/1.1
11:45:43.599 [Test worker] DEBUG com.github.dockerjava.zerodep.shaded.org.apache.hc.client5.http.impl.classic.InternalHttpClient - ep-0000004B: start execution ex-0000004C
11:45:43.599 [Test worker] DEBUG com.github.dockerjava.zerodep.shaded.org.apache.hc.client5.http.impl.io.PoolingHttpClientConnectionManager - ep-0000004B: executing exchange ex-0000004C over http-outgoing-2
11:45:43.599 [Test worker] DEBUG com.github.dockerjava.zerodep.shaded.org.apache.hc.client5.http.headers - http-outgoing-2 >> GET /v1.32/containers/47a7ce05e61aa72bdced5a030ca6064519c62d122a5992816f04e0e528b5b17d/json HTTP/1.1
11:45:43.599 [Test worker] DEBUG com.github.dockerjava.zerodep.shaded.org.apache.hc.client5.http.headers - http-outgoing-2 >> accept: application/json
11:45:43.599 [Test worker] DEBUG com.github.dockerjava.zerodep.shaded.org.apache.hc.client5.http.headers - http-outgoing-2 >> x-tc-sid: c5b4bded-8a7b-4309-a94c-5bb153977152
11:45:43.599 [Test worker] DEBUG com.github.dockerjava.zerodep.shaded.org.apache.hc.client5.http.headers - http-outgoing-2 >> Accept-Encoding: gzip, x-gzip, deflate
11:45:43.599 [Test worker] DEBUG com.github.dockerjava.zerodep.shaded.org.apache.hc.client5.http.headers - http-outgoing-2 >> Host: localhost:2375
11:45:43.599 [Test worker] DEBUG com.github.dockerjava.zerodep.shaded.org.apache.hc.client5.http.headers - http-outgoing-2 >> Connection: keep-alive
11:45:43.599 [Test worker] DEBUG com.github.dockerjava.zerodep.shaded.org.apache.hc.client5.http.headers - http-outgoing-2 >> User-Agent: Apache-HttpClient/5.0.3 (Java/17.0.3)
11:45:43.599 [Test worker] DEBUG com.github.dockerjava.zerodep.shaded.org.apache.hc.client5.http.wire - http-outgoing-2 >> "GET /v1.32/containers/47a7ce05e61aa72bdced5a030ca6064519c62d122a5992816f04e0e528b5b17d/json HTTP/1.1[\r][\n]"
11:45:43.599 [Test worker] DEBUG com.github.dockerjava.zerodep.shaded.org.apache.hc.client5.http.wire - http-outgoing-2 >> "accept: application/json[\r][\n]"
11:45:43.599 [Test worker] DEBUG com.github.dockerjava.zerodep.shaded.org.apache.hc.client5.http.wire - http-outgoing-2 >> "x-tc-sid: c5b4bded-8a7b-4309-a94c-5bb153977152[\r][\n]"
11:45:43.599 [Test worker] DEBUG com.github.dockerjava.zerodep.shaded.org.apache.hc.client5.http.wire - http-outgoing-2 >> "Accept-Encoding: gzip, x-gzip, deflate[\r][\n]"
11:45:43.599 [Test worker] DEBUG com.github.dockerjava.zerodep.shaded.org.apache.hc.client5.http.wire - http-outgoing-2 >> "Host: localhost:2375[\r][\n]"
11:45:43.599 [Test worker] DEBUG com.github.dockerjava.zerodep.shaded.org.apache.hc.client5.http.wire - http-outgoing-2 >> "Connection: keep-alive[\r][\n]"
11:45:43.599 [Test worker] DEBUG com.github.dockerjava.zerodep.shaded.org.apache.hc.client5.http.wire - http-outgoing-2 >> "User-Agent: Apache-HttpClient/5.0.3 (Java/17.0.3)[\r][\n]"
11:45:43.599 [Test worker] DEBUG com.github.dockerjava.zerodep.shaded.org.apache.hc.client5.http.wire - http-outgoing-2 >> "[\r][\n]"
11:45:43.601 [Test worker] DEBUG com.github.dockerjava.zerodep.shaded.org.apache.hc.client5.http.wire - http-outgoing-2 << "HTTP/1.1 200 OK[\r][\n]"
11:45:43.601 [Test worker] DEBUG com.github.dockerjava.zerodep.shaded.org.apache.hc.client5.http.wire - http-outgoing-2 << "Api-Version: 1.41[\r][\n]"
11:45:43.601 [Test worker] DEBUG com.github.dockerjava.zerodep.shaded.org.apache.hc.client5.http.wire - http-outgoing-2 << "Content-Type: application/json[\r][\n]"
11:45:43.601 [Test worker] DEBUG com.github.dockerjava.zerodep.shaded.org.apache.hc.client5.http.wire - http-outgoing-2 << "Date: Mon, 26 Sep 2022 02:45:43 GMT[\r][\n]"
11:45:43.601 [Test worker] DEBUG com.github.dockerjava.zerodep.shaded.org.apache.hc.client5.http.wire - http-outgoing-2 << "Docker-Experimental: false[\r][\n]"
11:45:43.601 [Test worker] DEBUG com.github.dockerjava.zerodep.shaded.org.apache.hc.client5.http.wire - http-outgoing-2 << "Ostype: linux[\r][\n]"
11:45:43.601 [Test worker] DEBUG com.github.dockerjava.zerodep.shaded.org.apache.hc.client5.http.wire - http-outgoing-2 << "Server: Docker/20.10.11 (linux)[\r][\n]"
11:45:43.601 [Test worker] DEBUG com.github.dockerjava.zerodep.shaded.org.apache.hc.client5.http.wire - http-outgoing-2 << "Transfer-Encoding: chunked[\r][\n]"
11:45:43.601 [Test worker] DEBUG com.github.dockerjava.zerodep.shaded.org.apache.hc.client5.http.wire - http-outgoing-2 << "[\r][\n]"
11:45:43.602 [Test worker] DEBUG com.github.dockerjava.zerodep.shaded.org.apache.hc.client5.http.headers - http-outgoing-2 << HTTP/1.1 200 OK
11:45:43.602 [Test worker] DEBUG com.github.dockerjava.zerodep.shaded.org.apache.hc.client5.http.headers - http-outgoing-2 << Api-Version: 1.41
11:45:43.602 [Test worker] DEBUG com.github.dockerjava.zerodep.shaded.org.apache.hc.client5.http.headers - http-outgoing-2 << Content-Type: application/json
11:45:43.602 [Test worker] DEBUG com.github.dockerjava.zerodep.shaded.org.apache.hc.client5.http.headers - http-outgoing-2 << Date: Mon, 26 Sep 2022 02:45:43 GMT
11:45:43.602 [Test worker] DEBUG com.github.dockerjava.zerodep.shaded.org.apache.hc.client5.http.headers - http-outgoing-2 << Docker-Experimental: false
11:45:43.602 [Test worker] DEBUG com.github.dockerjava.zerodep.shaded.org.apache.hc.client5.http.headers - http-outgoing-2 << Ostype: linux
11:45:43.602 [Test worker] DEBUG com.github.dockerjava.zerodep.shaded.org.apache.hc.client5.http.headers - http-outgoing-2 << Server: Docker/20.10.11 (linux)
11:45:43.602 [Test worker] DEBUG com.github.dockerjava.zerodep.shaded.org.apache.hc.client5.http.headers - http-outgoing-2 << Transfer-Encoding: chunked
11:45:43.602 [Test worker] DEBUG com.github.dockerjava.zerodep.shaded.org.apache.hc.client5.http.impl.classic.MainClientExec - ex-0000004C: connection can be kept alive for 3 MINUTES
11:45:43.602 [Test worker] DEBUG com.github.dockerjava.zerodep.shaded.org.apache.hc.client5.http.wire - http-outgoing-2 << "1882[\r][\n]"
11:45:43.602 [Test worker] DEBUG com.github.dockerjava.zerodep.shaded.org.apache.hc.client5.http.wire - http-outgoing-2 << "{"Id":"47a7ce05e61aa72bdced5a030ca6064519c62d122a5992816f04e0e528b5b17d","Created":"2022-09-26T02:45:36.042081626Z","Path":"docker-entrypoint.sh","Args":["mysqld"],"State":{"Status":"running","Running":true,"Paused":false,"Restarting":false,"OOMKilled":false,"Dead":false,"Pid":2251,"ExitCode":0,"Error":"","StartedAt":"2022-09-26T02:45:36.388226668Z","FinishedAt":"0001-01-01T00:00:00Z"},"Image":"sha256:5e229524f286e653111cb9d028bf1ba4c3490742c8cd18c84af22538f0e68575","ResolvConfPath":"/var/lib/docker/containers/47a7ce05e61aa72bdced5a030ca6064519c62d122a5992816f04e0e528b5b17d/resolv.conf","HostnamePath":"/var/lib/docker/containers/47a7ce05e61aa72bdced5a030ca6064519c62d122a5992816f04e0e528b5b17d/hostname","HostsPath":"/var/lib/docker/containers/47a7ce05e61aa72bdced5a030ca6064519c62d122a5992816f04e0e528b5b17d/hosts","LogPath":"/var/lib/docker/containers/47a7ce05e61aa72bdced5a030ca6064519c62d122a5992816f04e0e528b5b17d/47a7ce05e61aa72bdced5a030ca6064519c62d122a5992816f04e0e528b5b17d-json.log","Name":"/crazy_chaum","RestartCount":0,"Driver":"overlay2","Platform":"linux","MountLabel":"","ProcessLabel":"","AppArmorProfile":"","ExecIDs":null,"HostConfig":{"Binds":[],"ContainerIDFile":"","LogConfig":{"Type":"json-file","Config":{}},"NetworkMode":"default","PortBindings":{"3306/tcp":[{"HostIp":"0.0.0.0","HostPort":"0"}]},"RestartPolicy":{"Name":"","MaximumRetryCount":0},"AutoRemove":false,"VolumeDriver":"","VolumesFrom":[],"CapAdd":null,"CapDrop":null,"CgroupnsMode":"private","Dns":null,"DnsOptions":null,"DnsSearch":null,"ExtraHosts":[],"GroupAdd":null,"IpcMode":"shareable","Cgroup":"","Links":null,"OomScoreAdj":0,"PidMode":"","Privileged":false,"PublishAllPorts":false,"ReadonlyRootfs":false,"SecurityOpt":null,"UTSMode":"","UsernsMode":"","ShmSize":67108864,"Runtime":"runc","ConsoleSize":[0,0],"Isolation":"","CpuShares":0,"Memory":0,"NanoCpus":0,"CgroupParent":"","BlkioWeight":0,"BlkioWeightDevice":null,"BlkioDeviceReadBps":null,"BlkioDeviceWriteBps":null,"BlkioDeviceReadIOps":null,"BlkioDeviceWriteIOps":null,"CpuPeriod":0,"CpuQuota":0,"CpuRealtimePeriod":0,"CpuRealtimeRuntime":0,"CpusetCpus":"","CpusetMems":"","Devices":null,"DeviceCgroupRules":null,"DeviceRequests":null,"KernelMemory":0,"KernelMemoryTCP":0,"MemoryReservation":0,"MemorySwap":0,"MemorySwappiness":null,"OomKillDisable":null,"PidsLimit":null,"Ulimits":null,"CpuCount":0,"CpuPercent":0,"IOMaximumIOps":0,"IOMaximumBandwidth":0,"MaskedPaths":["/proc/asound","/proc/acpi","/proc/kcore","/proc/keys","/proc/latency_stats","/proc/timer_list","/proc/timer_stats","/proc/sched_debug","/proc/scsi","/sys/firmware"],"ReadonlyPaths":["/proc/bus","/proc/fs","/proc/irq","/proc/sys","/proc/sysrq-trigger"]},"GraphDriver":{"Data":{"LowerDir":"/var/lib/docker/overlay2/45da4782eb6c4075fef21a16271836d62c4e4726b16ef4c5ea199d4e626bdb39-init/diff:/var/lib/docker/overlay2/27a623f1ab748258e017a40f339844ef533377092bad4182aa320e9399893e13/diff:/var/lib/docker/overlay2/d7c1e4de558b6bbbdc3209a51fc73295262b5271709fe659d0e2e94f626eea74/diff:/var/lib/docker/overlay2/2df554f793c3600571e2f078ad2e20025d6b2e35f3d18881ead4f70e2cc26cb8/diff:/var/lib/docker/overlay2/feb23515577245ad51a24945de1e6bab842929569da912a2b4a33a48c6c2331f/diff:/var/lib/docker/overlay2/cc2cdbce154e19d9c4f376917b6c92ebd55b0b495124ffd2c9d7e9c82b6a95f9/diff:/var/lib/docker/overlay2/968467fe01280f82d26487386f320a15000815d63000d5ec89b47acca8f77ef2/diff:/var/lib/docker/overlay2/cc59daa314bbcaec43d6cd4064c7863b4b3976b989121dcf2e32c4710281f247/diff:/var/lib/docker/overlay2/dc5d8b1cf96cfd5d96d68fbed14248edf1244c1a4669ba07b0bab7f3d782f058/diff:/var/lib/docker/overlay2/dcca184158d696706cd99e62ffa3e5c42964eb57190bef35421cdf3f83a8c130/diff:/var/lib/docker/overlay2/a7f928596da67ce59f34b0ba4cee4a3b948b94f91ad0b0b6260dc54fb9b5a048/diff:/var/lib/docker/overlay2/6ac5adbfff6202b1faa13a2a2fd92625bdda668cdac1a1d2230becbb394e569f/diff","MergedDir":"/var/lib/docker/overlay2/45da4782eb6c4075fef21a16271836d62c4e4726b16ef4c5ea199d4e626bdb39/merged","UpperDir":"/var/lib/docker/overlay2/45da4782eb6c4075fef21a16271836d62c4e4726b16ef4c5ea199d4e626bdb39/diff","WorkDir":"/var/lib/docker/overlay2/45da4782eb6c4075fef21a16271836d62c4e4726b16ef4c5ea199d4e626bdb39/work"},"Name":"overlay2"},"Mounts":[{"Type":"volume","Name":"08668a73464516d2c615e247a561222f461f2385cff5615e53cc78e96456230c","Source":"/var/lib/docker/volumes/08668a73464516d2c615e247a561222f461f2385cff5615e53cc78e96456230c/_data","Destination":"/var/lib/mysql","Driver":"local","Mode":"","RW":true,"Propagation":""}],"Config":{"Hostname":"47a7ce05e61a","Domainname":"","User":"","AttachStdin":false,"AttachStdout":false,"AttachStderr":false,"ExposedPorts":{"3306/tcp":{},"33060/tcp":{}},"Tty":false,"OpenStdin":false,"StdinOnce":false,"Env":["MYSQL_DATABASE=lotification","MYSQL_PASSWORD=1234","MYSQL_USER=admin","MYSQL_ROOT_PASSWORD=1234","PATH=/usr/local/sbin:/usr/local/bin:/usr/sbin:/usr/bin:/sbin:/bin","GOSU_VERSION=1.14","MYSQL_MAJOR=8.0","MYSQL_VERSION=8.0.30-1.el8","MYSQL_SHELL_VERSION=8.0.30-1.el8"],"Cmd":["mysqld"],"Image":"mysql:8","Volumes":{"/var/lib/mysql":{}},"WorkingDir":"","Entrypoint":["docker-entrypoint.sh"],"OnBuild":null,"Labels":{"org.testcontainers":"true","org.testcontainers.sessionId":"c5b4bded-8a7b-4309-a94c-5bb153977152"}},"NetworkSettings":{"Bridge":"","SandboxID":"c87f478ec31081a2fc02a6d53fa5addc8f61962dea8dd5c17c1c641e1a25e99b","HairpinMode":false,"LinkLocalIPv6Address":"","LinkLocalIPv6PrefixLen":0,"Ports":{"3306/tcp":[{"HostIp":"0.0.0.0","HostPort":"63346"}],"33060/tcp":null},"SandboxKey":"/var/run/docker/netns/c87f478ec310","SecondaryIPAddresses":null,"SecondaryIPv6Addresses":null,"EndpointID":"7830774c518a6ae45bc93e5b48bd99e8a609aa29230b007326fa87b5ca32567f","Gateway":"172.17.0.1","GlobalIPv6Address":"","GlobalIPv6PrefixLen":0,"IPAddress":"172.17.0.4","IPPrefixLen":16,"IPv6Gateway":"","MacAddress":"02:42:ac:11:00:04","Networks":{"bridge":{"IPAMConfig":null,"Links":null,"Aliases":null,"NetworkID":"42b943ace1ba272d06317befbba08f853c5a08f211a0bdf3660599ced98f9c17","EndpointID":"7830774c518a6ae45bc93e5b48bd99e8a609aa29230b007326fa87b5ca32567f","Gateway":"172.17.0.1","IPAddress":"172.17.0.4","IPPrefixLen":16,"IPv6Gateway":"","GlobalIPv6Address":"","GlobalIPv6PrefixLen":0,"MacAddress":"02:42:ac:11:00:04","DriverOpts":null}}}}[\n]"
11:45:43.602 [Test worker] DEBUG com.github.dockerjava.zerodep.shaded.org.apache.hc.client5.http.wire - http-outgoing-2 << "[\r][\n]"
11:45:43.602 [Test worker] DEBUG com.github.dockerjava.zerodep.shaded.org.apache.hc.client5.http.wire - http-outgoing-2 << "0[\r][\n]"
11:45:43.602 [Test worker] DEBUG com.github.dockerjava.zerodep.shaded.org.apache.hc.client5.http.wire - http-outgoing-2 << "[\r][\n]"
11:45:43.603 [Test worker] DEBUG com.github.dockerjava.zerodep.shaded.org.apache.hc.client5.http.impl.classic.InternalHttpClient - ep-0000004B: releasing valid endpoint
11:45:43.603 [Test worker] DEBUG com.github.dockerjava.zerodep.shaded.org.apache.hc.client5.http.impl.io.PoolingHttpClientConnectionManager - ep-0000004B: releasing endpoint
11:45:43.603 [Test worker] DEBUG com.github.dockerjava.zerodep.shaded.org.apache.hc.client5.http.impl.io.PoolingHttpClientConnectionManager - ep-0000004B: connection http-outgoing-2 can be kept alive for 3 MINUTES
11:45:43.603 [Test worker] DEBUG com.github.dockerjava.zerodep.shaded.org.apache.hc.client5.http.impl.io.PoolingHttpClientConnectionManager - ep-0000004B: connection released [route: {}->unix://localhost:2375][total available: 1; route allocated: 1 of 2147483647; total allocated: 1 of 2147483647]
11:45:43.603 [Test worker] DEBUG ]]>&#x1f433;<![CDATA[ [mysql:8] - Trying to create JDBC connection using com.mysql.cj.jdbc.Driver to jdbc:mysql://localhost:63346/lotification?useSSL=false&allowPublicKeyRetrieval=true with properties: {password=1234, user=admin}
11:45:43.709 [Test worker] DEBUG org.testcontainers.shaded.com.github.dockerjava.core.command.AbstrDockerCmd - Cmd: 47a7ce05e61aa72bdced5a030ca6064519c62d122a5992816f04e0e528b5b17d,false
11:45:43.710 [Test worker] DEBUG org.testcontainers.shaded.com.github.dockerjava.core.exec.InspectContainerCmdExec - GET: DefaultWebTarget{path=[/containers/47a7ce05e61aa72bdced5a030ca6064519c62d122a5992816f04e0e528b5b17d/json], queryParams={}}
11:45:43.710 [Test worker] DEBUG com.github.dockerjava.zerodep.shaded.org.apache.hc.client5.http.impl.classic.InternalHttpClient - ex-0000004D: preparing request execution
11:45:43.710 [Test worker] DEBUG com.github.dockerjava.zerodep.shaded.org.apache.hc.client5.http.protocol.RequestAddCookies - Cookie spec selected: strict
11:45:43.710 [Test worker] DEBUG com.github.dockerjava.zerodep.shaded.org.apache.hc.client5.http.protocol.RequestAuthCache - Auth cache not set in the context
11:45:43.710 [Test worker] DEBUG com.github.dockerjava.zerodep.shaded.org.apache.hc.client5.http.impl.classic.ProtocolExec - ex-0000004D: target auth state: UNCHALLENGED
11:45:43.710 [Test worker] DEBUG com.github.dockerjava.zerodep.shaded.org.apache.hc.client5.http.impl.classic.ProtocolExec - ex-0000004D: proxy auth state: UNCHALLENGED
11:45:43.710 [Test worker] DEBUG com.github.dockerjava.zerodep.shaded.org.apache.hc.client5.http.impl.classic.ConnectExec - ex-0000004D: acquiring connection with route {}->unix://localhost:2375
11:45:43.710 [Test worker] DEBUG com.github.dockerjava.zerodep.shaded.org.apache.hc.client5.http.impl.classic.InternalHttpClient - ex-0000004D: acquiring endpoint (3 MINUTES)
11:45:43.710 [Test worker] DEBUG com.github.dockerjava.zerodep.shaded.org.apache.hc.client5.http.impl.io.PoolingHttpClientConnectionManager - ex-0000004D: endpoint lease request (3 MINUTES) [route: {}->unix://localhost:2375][total available: 1; route allocated: 1 of 2147483647; total allocated: 1 of 2147483647]
11:45:43.710 [Test worker] DEBUG com.github.dockerjava.zerodep.shaded.org.apache.hc.client5.http.impl.io.PoolingHttpClientConnectionManager - ex-0000004D: endpoint leased [route: {}->unix://localhost:2375][total available: 0; route allocated: 1 of 2147483647; total allocated: 1 of 2147483647]
11:45:43.711 [Test worker] DEBUG com.github.dockerjava.zerodep.shaded.org.apache.hc.client5.http.impl.io.PoolingHttpClientConnectionManager - ex-0000004D: acquired ep-0000004C
11:45:43.711 [Test worker] DEBUG com.github.dockerjava.zerodep.shaded.org.apache.hc.client5.http.impl.classic.InternalHttpClient - ex-0000004D: acquired endpoint ep-0000004C
11:45:43.711 [Test worker] DEBUG com.github.dockerjava.zerodep.shaded.org.apache.hc.client5.http.impl.classic.MainClientExec - ex-0000004D: executing GET /v1.32/containers/47a7ce05e61aa72bdced5a030ca6064519c62d122a5992816f04e0e528b5b17d/json HTTP/1.1
11:45:43.711 [Test worker] DEBUG com.github.dockerjava.zerodep.shaded.org.apache.hc.client5.http.impl.classic.InternalHttpClient - ep-0000004C: start execution ex-0000004D
11:45:43.711 [Test worker] DEBUG com.github.dockerjava.zerodep.shaded.org.apache.hc.client5.http.impl.io.PoolingHttpClientConnectionManager - ep-0000004C: executing exchange ex-0000004D over http-outgoing-2
11:45:43.711 [Test worker] DEBUG com.github.dockerjava.zerodep.shaded.org.apache.hc.client5.http.headers - http-outgoing-2 >> GET /v1.32/containers/47a7ce05e61aa72bdced5a030ca6064519c62d122a5992816f04e0e528b5b17d/json HTTP/1.1
11:45:43.711 [Test worker] DEBUG com.github.dockerjava.zerodep.shaded.org.apache.hc.client5.http.headers - http-outgoing-2 >> accept: application/json
11:45:43.711 [Test worker] DEBUG com.github.dockerjava.zerodep.shaded.org.apache.hc.client5.http.headers - http-outgoing-2 >> x-tc-sid: c5b4bded-8a7b-4309-a94c-5bb153977152
11:45:43.711 [Test worker] DEBUG com.github.dockerjava.zerodep.shaded.org.apache.hc.client5.http.headers - http-outgoing-2 >> Accept-Encoding: gzip, x-gzip, deflate
11:45:43.711 [Test worker] DEBUG com.github.dockerjava.zerodep.shaded.org.apache.hc.client5.http.headers - http-outgoing-2 >> Host: localhost:2375
11:45:43.711 [Test worker] DEBUG com.github.dockerjava.zerodep.shaded.org.apache.hc.client5.http.headers - http-outgoing-2 >> Connection: keep-alive
11:45:43.711 [Test worker] DEBUG com.github.dockerjava.zerodep.shaded.org.apache.hc.client5.http.headers - http-outgoing-2 >> User-Agent: Apache-HttpClient/5.0.3 (Java/17.0.3)
11:45:43.711 [Test worker] DEBUG com.github.dockerjava.zerodep.shaded.org.apache.hc.client5.http.wire - http-outgoing-2 >> "GET /v1.32/containers/47a7ce05e61aa72bdced5a030ca6064519c62d122a5992816f04e0e528b5b17d/json HTTP/1.1[\r][\n]"
11:45:43.711 [Test worker] DEBUG com.github.dockerjava.zerodep.shaded.org.apache.hc.client5.http.wire - http-outgoing-2 >> "accept: application/json[\r][\n]"
11:45:43.711 [Test worker] DEBUG com.github.dockerjava.zerodep.shaded.org.apache.hc.client5.http.wire - http-outgoing-2 >> "x-tc-sid: c5b4bded-8a7b-4309-a94c-5bb153977152[\r][\n]"
11:45:43.711 [Test worker] DEBUG com.github.dockerjava.zerodep.shaded.org.apache.hc.client5.http.wire - http-outgoing-2 >> "Accept-Encoding: gzip, x-gzip, deflate[\r][\n]"
11:45:43.711 [Test worker] DEBUG com.github.dockerjava.zerodep.shaded.org.apache.hc.client5.http.wire - http-outgoing-2 >> "Host: localhost:2375[\r][\n]"
11:45:43.711 [Test worker] DEBUG com.github.dockerjava.zerodep.shaded.org.apache.hc.client5.http.wire - http-outgoing-2 >> "Connection: keep-alive[\r][\n]"
11:45:43.711 [Test worker] DEBUG com.github.dockerjava.zerodep.shaded.org.apache.hc.client5.http.wire - http-outgoing-2 >> "User-Agent: Apache-HttpClient/5.0.3 (Java/17.0.3)[\r][\n]"
11:45:43.711 [Test worker] DEBUG com.github.dockerjava.zerodep.shaded.org.apache.hc.client5.http.wire - http-outgoing-2 >> "[\r][\n]"
11:45:43.713 [Test worker] DEBUG com.github.dockerjava.zerodep.shaded.org.apache.hc.client5.http.wire - http-outgoing-2 << "HTTP/1.1 200 OK[\r][\n]"
11:45:43.713 [Test worker] DEBUG com.github.dockerjava.zerodep.shaded.org.apache.hc.client5.http.wire - http-outgoing-2 << "Api-Version: 1.41[\r][\n]"
11:45:43.713 [Test worker] DEBUG com.github.dockerjava.zerodep.shaded.org.apache.hc.client5.http.wire - http-outgoing-2 << "Content-Type: application/json[\r][\n]"
11:45:43.713 [Test worker] DEBUG com.github.dockerjava.zerodep.shaded.org.apache.hc.client5.http.wire - http-outgoing-2 << "Date: Mon, 26 Sep 2022 02:45:43 GMT[\r][\n]"
11:45:43.713 [Test worker] DEBUG com.github.dockerjava.zerodep.shaded.org.apache.hc.client5.http.wire - http-outgoing-2 << "Docker-Experimental: false[\r][\n]"
11:45:43.713 [Test worker] DEBUG com.github.dockerjava.zerodep.shaded.org.apache.hc.client5.http.wire - http-outgoing-2 << "Ostype: linux[\r][\n]"
11:45:43.713 [Test worker] DEBUG com.github.dockerjava.zerodep.shaded.org.apache.hc.client5.http.wire - http-outgoing-2 << "Server: Docker/20.10.11 (linux)[\r][\n]"
11:45:43.713 [Test worker] DEBUG com.github.dockerjava.zerodep.shaded.org.apache.hc.client5.http.wire - http-outgoing-2 << "Transfer-Encoding: chunked[\r][\n]"
11:45:43.713 [Test worker] DEBUG com.github.dockerjava.zerodep.shaded.org.apache.hc.client5.http.wire - http-outgoing-2 << "[\r][\n]"
11:45:43.713 [Test worker] DEBUG com.github.dockerjava.zerodep.shaded.org.apache.hc.client5.http.headers - http-outgoing-2 << HTTP/1.1 200 OK
11:45:43.713 [Test worker] DEBUG com.github.dockerjava.zerodep.shaded.org.apache.hc.client5.http.headers - http-outgoing-2 << Api-Version: 1.41
11:45:43.713 [Test worker] DEBUG com.github.dockerjava.zerodep.shaded.org.apache.hc.client5.http.headers - http-outgoing-2 << Content-Type: application/json
11:45:43.713 [Test worker] DEBUG com.github.dockerjava.zerodep.shaded.org.apache.hc.client5.http.headers - http-outgoing-2 << Date: Mon, 26 Sep 2022 02:45:43 GMT
11:45:43.713 [Test worker] DEBUG com.github.dockerjava.zerodep.shaded.org.apache.hc.client5.http.headers - http-outgoing-2 << Docker-Experimental: false
11:45:43.713 [Test worker] DEBUG com.github.dockerjava.zerodep.shaded.org.apache.hc.client5.http.headers - http-outgoing-2 << Ostype: linux
11:45:43.713 [Test worker] DEBUG com.github.dockerjava.zerodep.shaded.org.apache.hc.client5.http.headers - http-outgoing-2 << Server: Docker/20.10.11 (linux)
11:45:43.713 [Test worker] DEBUG com.github.dockerjava.zerodep.shaded.org.apache.hc.client5.http.headers - http-outgoing-2 << Transfer-Encoding: chunked
11:45:43.713 [Test worker] DEBUG com.github.dockerjava.zerodep.shaded.org.apache.hc.client5.http.impl.classic.MainClientExec - ex-0000004D: connection can be kept alive for 3 MINUTES
11:45:43.713 [Test worker] DEBUG com.github.dockerjava.zerodep.shaded.org.apache.hc.client5.http.wire - http-outgoing-2 << "1882[\r][\n]"
11:45:43.713 [Test worker] DEBUG com.github.dockerjava.zerodep.shaded.org.apache.hc.client5.http.wire - http-outgoing-2 << "{"Id":"47a7ce05e61aa72bdced5a030ca6064519c62d122a5992816f04e0e528b5b17d","Created":"2022-09-26T02:45:36.042081626Z","Path":"docker-entrypoint.sh","Args":["mysqld"],"State":{"Status":"running","Running":true,"Paused":false,"Restarting":false,"OOMKilled":false,"Dead":false,"Pid":2251,"ExitCode":0,"Error":"","StartedAt":"2022-09-26T02:45:36.388226668Z","FinishedAt":"0001-01-01T00:00:00Z"},"Image":"sha256:5e229524f286e653111cb9d028bf1ba4c3490742c8cd18c84af22538f0e68575","ResolvConfPath":"/var/lib/docker/containers/47a7ce05e61aa72bdced5a030ca6064519c62d122a5992816f04e0e528b5b17d/resolv.conf","HostnamePath":"/var/lib/docker/containers/47a7ce05e61aa72bdced5a030ca6064519c62d122a5992816f04e0e528b5b17d/hostname","HostsPath":"/var/lib/docker/containers/47a7ce05e61aa72bdced5a030ca6064519c62d122a5992816f04e0e528b5b17d/hosts","LogPath":"/var/lib/docker/containers/47a7ce05e61aa72bdced5a030ca6064519c62d122a5992816f04e0e528b5b17d/47a7ce05e61aa72bdced5a030ca6064519c62d122a5992816f04e0e528b5b17d-json.log","Name":"/crazy_chaum","RestartCount":0,"Driver":"overlay2","Platform":"linux","MountLabel":"","ProcessLabel":"","AppArmorProfile":"","ExecIDs":null,"HostConfig":{"Binds":[],"ContainerIDFile":"","LogConfig":{"Type":"json-file","Config":{}},"NetworkMode":"default","PortBindings":{"3306/tcp":[{"HostIp":"0.0.0.0","HostPort":"0"}]},"RestartPolicy":{"Name":"","MaximumRetryCount":0},"AutoRemove":false,"VolumeDriver":"","VolumesFrom":[],"CapAdd":null,"CapDrop":null,"CgroupnsMode":"private","Dns":null,"DnsOptions":null,"DnsSearch":null,"ExtraHosts":[],"GroupAdd":null,"IpcMode":"shareable","Cgroup":"","Links":null,"OomScoreAdj":0,"PidMode":"","Privileged":false,"PublishAllPorts":false,"ReadonlyRootfs":false,"SecurityOpt":null,"UTSMode":"","UsernsMode":"","ShmSize":67108864,"Runtime":"runc","ConsoleSize":[0,0],"Isolation":"","CpuShares":0,"Memory":0,"NanoCpus":0,"CgroupParent":"","BlkioWeight":0,"BlkioWeightDevice":null,"BlkioDeviceReadBps":null,"BlkioDeviceWriteBps":null,"BlkioDeviceReadIOps":null,"BlkioDeviceWriteIOps":null,"CpuPeriod":0,"CpuQuota":0,"CpuRealtimePeriod":0,"CpuRealtimeRuntime":0,"CpusetCpus":"","CpusetMems":"","Devices":null,"DeviceCgroupRules":null,"DeviceRequests":null,"KernelMemory":0,"KernelMemoryTCP":0,"MemoryReservation":0,"MemorySwap":0,"MemorySwappiness":null,"OomKillDisable":null,"PidsLimit":null,"Ulimits":null,"CpuCount":0,"CpuPercent":0,"IOMaximumIOps":0,"IOMaximumBandwidth":0,"MaskedPaths":["/proc/asound","/proc/acpi","/proc/kcore","/proc/keys","/proc/latency_stats","/proc/timer_list","/proc/timer_stats","/proc/sched_debug","/proc/scsi","/sys/firmware"],"ReadonlyPaths":["/proc/bus","/proc/fs","/proc/irq","/proc/sys","/proc/sysrq-trigger"]},"GraphDriver":{"Data":{"LowerDir":"/var/lib/docker/overlay2/45da4782eb6c4075fef21a16271836d62c4e4726b16ef4c5ea199d4e626bdb39-init/diff:/var/lib/docker/overlay2/27a623f1ab748258e017a40f339844ef533377092bad4182aa320e9399893e13/diff:/var/lib/docker/overlay2/d7c1e4de558b6bbbdc3209a51fc73295262b5271709fe659d0e2e94f626eea74/diff:/var/lib/docker/overlay2/2df554f793c3600571e2f078ad2e20025d6b2e35f3d18881ead4f70e2cc26cb8/diff:/var/lib/docker/overlay2/feb23515577245ad51a24945de1e6bab842929569da912a2b4a33a48c6c2331f/diff:/var/lib/docker/overlay2/cc2cdbce154e19d9c4f376917b6c92ebd55b0b495124ffd2c9d7e9c82b6a95f9/diff:/var/lib/docker/overlay2/968467fe01280f82d26487386f320a15000815d63000d5ec89b47acca8f77ef2/diff:/var/lib/docker/overlay2/cc59daa314bbcaec43d6cd4064c7863b4b3976b989121dcf2e32c4710281f247/diff:/var/lib/docker/overlay2/dc5d8b1cf96cfd5d96d68fbed14248edf1244c1a4669ba07b0bab7f3d782f058/diff:/var/lib/docker/overlay2/dcca184158d696706cd99e62ffa3e5c42964eb57190bef35421cdf3f83a8c130/diff:/var/lib/docker/overlay2/a7f928596da67ce59f34b0ba4cee4a3b948b94f91ad0b0b6260dc54fb9b5a048/diff:/var/lib/docker/overlay2/6ac5adbfff6202b1faa13a2a2fd92625bdda668cdac1a1d2230becbb394e569f/diff","MergedDir":"/var/lib/docker/overlay2/45da4782eb6c4075fef21a16271836d62c4e4726b16ef4c5ea199d4e626bdb39/merged","UpperDir":"/var/lib/docker/overlay2/45da4782eb6c4075fef21a16271836d62c4e4726b16ef4c5ea199d4e626bdb39/diff","WorkDir":"/var/lib/docker/overlay2/45da4782eb6c4075fef21a16271836d62c4e4726b16ef4c5ea199d4e626bdb39/work"},"Name":"overlay2"},"Mounts":[{"Type":"volume","Name":"08668a73464516d2c615e247a561222f461f2385cff5615e53cc78e96456230c","Source":"/var/lib/docker/volumes/08668a73464516d2c615e247a561222f461f2385cff5615e53cc78e96456230c/_data","Destination":"/var/lib/mysql","Driver":"local","Mode":"","RW":true,"Propagation":""}],"Config":{"Hostname":"47a7ce05e61a","Domainname":"","User":"","AttachStdin":false,"AttachStdout":false,"AttachStderr":false,"ExposedPorts":{"3306/tcp":{},"33060/tcp":{}},"Tty":false,"OpenStdin":false,"StdinOnce":false,"Env":["MYSQL_DATABASE=lotification","MYSQL_PASSWORD=1234","MYSQL_USER=admin","MYSQL_ROOT_PASSWORD=1234","PATH=/usr/local/sbin:/usr/local/bin:/usr/sbin:/usr/bin:/sbin:/bin","GOSU_VERSION=1.14","MYSQL_MAJOR=8.0","MYSQL_VERSION=8.0.30-1.el8","MYSQL_SHELL_VERSION=8.0.30-1.el8"],"Cmd":["mysqld"],"Image":"mysql:8","Volumes":{"/var/lib/mysql":{}},"WorkingDir":"","Entrypoint":["docker-entrypoint.sh"],"OnBuild":null,"Labels":{"org.testcontainers":"true","org.testcontainers.sessionId":"c5b4bded-8a7b-4309-a94c-5bb153977152"}},"NetworkSettings":{"Bridge":"","SandboxID":"c87f478ec31081a2fc02a6d53fa5addc8f61962dea8dd5c17c1c641e1a25e99b","HairpinMode":false,"LinkLocalIPv6Address":"","LinkLocalIPv6PrefixLen":0,"Ports":{"3306/tcp":[{"HostIp":"0.0.0.0","HostPort":"63346"}],"33060/tcp":null},"SandboxKey":"/var/run/docker/netns/c87f478ec310","SecondaryIPAddresses":null,"SecondaryIPv6Addresses":null,"EndpointID":"7830774c518a6ae45bc93e5b48bd99e8a609aa29230b007326fa87b5ca32567f","Gateway":"172.17.0.1","GlobalIPv6Address":"","GlobalIPv6PrefixLen":0,"IPAddress":"172.17.0.4","IPPrefixLen":16,"IPv6Gateway":"","MacAddress":"02:42:ac:11:00:04","Networks":{"bridge":{"IPAMConfig":null,"Links":null,"Aliases":null,"NetworkID":"42b943ace1ba272d06317befbba08f853c5a08f211a0bdf3660599ced98f9c17","EndpointID":"7830774c518a6ae45bc93e5b48bd99e8a609aa29230b007326fa87b5ca32567f","Gateway":"172.17.0.1","IPAddress":"172.17.0.4","IPPrefixLen":16,"IPv6Gateway":"","GlobalIPv6Address":"","GlobalIPv6PrefixLen":0,"MacAddress":"02:42:ac:11:00:04","DriverOpts":null}}}}[\n]"
11:45:43.713 [Test worker] DEBUG com.github.dockerjava.zerodep.shaded.org.apache.hc.client5.http.wire - http-outgoing-2 << "[\r][\n]"
11:45:43.713 [Test worker] DEBUG com.github.dockerjava.zerodep.shaded.org.apache.hc.client5.http.wire - http-outgoing-2 << "0[\r][\n]"
11:45:43.713 [Test worker] DEBUG com.github.dockerjava.zerodep.shaded.org.apache.hc.client5.http.wire - http-outgoing-2 << "[\r][\n]"
11:45:43.714 [Test worker] DEBUG com.github.dockerjava.zerodep.shaded.org.apache.hc.client5.http.impl.classic.InternalHttpClient - ep-0000004C: releasing valid endpoint
11:45:43.714 [Test worker] DEBUG com.github.dockerjava.zerodep.shaded.org.apache.hc.client5.http.impl.io.PoolingHttpClientConnectionManager - ep-0000004C: releasing endpoint
11:45:43.714 [Test worker] DEBUG com.github.dockerjava.zerodep.shaded.org.apache.hc.client5.http.impl.io.PoolingHttpClientConnectionManager - ep-0000004C: connection http-outgoing-2 can be kept alive for 3 MINUTES
11:45:43.715 [Test worker] DEBUG com.github.dockerjava.zerodep.shaded.org.apache.hc.client5.http.impl.io.PoolingHttpClientConnectionManager - ep-0000004C: connection released [route: {}->unix://localhost:2375][total available: 1; route allocated: 1 of 2147483647; total allocated: 1 of 2147483647]
11:45:43.715 [Test worker] DEBUG ]]>&#x1f433;<![CDATA[ [mysql:8] - Trying to create JDBC connection using com.mysql.cj.jdbc.Driver to jdbc:mysql://localhost:63346/lotification?useSSL=false&allowPublicKeyRetrieval=true with properties: {password=1234, user=admin}
11:45:43.822 [Test worker] DEBUG org.testcontainers.shaded.com.github.dockerjava.core.command.AbstrDockerCmd - Cmd: 47a7ce05e61aa72bdced5a030ca6064519c62d122a5992816f04e0e528b5b17d,false
11:45:43.822 [Test worker] DEBUG org.testcontainers.shaded.com.github.dockerjava.core.exec.InspectContainerCmdExec - GET: DefaultWebTarget{path=[/containers/47a7ce05e61aa72bdced5a030ca6064519c62d122a5992816f04e0e528b5b17d/json], queryParams={}}
11:45:43.823 [Test worker] DEBUG com.github.dockerjava.zerodep.shaded.org.apache.hc.client5.http.impl.classic.InternalHttpClient - ex-0000004E: preparing request execution
11:45:43.823 [Test worker] DEBUG com.github.dockerjava.zerodep.shaded.org.apache.hc.client5.http.protocol.RequestAddCookies - Cookie spec selected: strict
11:45:43.823 [Test worker] DEBUG com.github.dockerjava.zerodep.shaded.org.apache.hc.client5.http.protocol.RequestAuthCache - Auth cache not set in the context
11:45:43.823 [Test worker] DEBUG com.github.dockerjava.zerodep.shaded.org.apache.hc.client5.http.impl.classic.ProtocolExec - ex-0000004E: target auth state: UNCHALLENGED
11:45:43.823 [Test worker] DEBUG com.github.dockerjava.zerodep.shaded.org.apache.hc.client5.http.impl.classic.ProtocolExec - ex-0000004E: proxy auth state: UNCHALLENGED
11:45:43.823 [Test worker] DEBUG com.github.dockerjava.zerodep.shaded.org.apache.hc.client5.http.impl.classic.ConnectExec - ex-0000004E: acquiring connection with route {}->unix://localhost:2375
11:45:43.823 [Test worker] DEBUG com.github.dockerjava.zerodep.shaded.org.apache.hc.client5.http.impl.classic.InternalHttpClient - ex-0000004E: acquiring endpoint (3 MINUTES)
11:45:43.823 [Test worker] DEBUG com.github.dockerjava.zerodep.shaded.org.apache.hc.client5.http.impl.io.PoolingHttpClientConnectionManager - ex-0000004E: endpoint lease request (3 MINUTES) [route: {}->unix://localhost:2375][total available: 1; route allocated: 1 of 2147483647; total allocated: 1 of 2147483647]
11:45:43.823 [Test worker] DEBUG com.github.dockerjava.zerodep.shaded.org.apache.hc.client5.http.impl.io.PoolingHttpClientConnectionManager - ex-0000004E: endpoint leased [route: {}->unix://localhost:2375][total available: 0; route allocated: 1 of 2147483647; total allocated: 1 of 2147483647]
11:45:43.823 [Test worker] DEBUG com.github.dockerjava.zerodep.shaded.org.apache.hc.client5.http.impl.io.PoolingHttpClientConnectionManager - ex-0000004E: acquired ep-0000004D
11:45:43.823 [Test worker] DEBUG com.github.dockerjava.zerodep.shaded.org.apache.hc.client5.http.impl.classic.InternalHttpClient - ex-0000004E: acquired endpoint ep-0000004D
11:45:43.823 [Test worker] DEBUG com.github.dockerjava.zerodep.shaded.org.apache.hc.client5.http.impl.classic.MainClientExec - ex-0000004E: executing GET /v1.32/containers/47a7ce05e61aa72bdced5a030ca6064519c62d122a5992816f04e0e528b5b17d/json HTTP/1.1
11:45:43.823 [Test worker] DEBUG com.github.dockerjava.zerodep.shaded.org.apache.hc.client5.http.impl.classic.InternalHttpClient - ep-0000004D: start execution ex-0000004E
11:45:43.823 [Test worker] DEBUG com.github.dockerjava.zerodep.shaded.org.apache.hc.client5.http.impl.io.PoolingHttpClientConnectionManager - ep-0000004D: executing exchange ex-0000004E over http-outgoing-2
11:45:43.823 [Test worker] DEBUG com.github.dockerjava.zerodep.shaded.org.apache.hc.client5.http.headers - http-outgoing-2 >> GET /v1.32/containers/47a7ce05e61aa72bdced5a030ca6064519c62d122a5992816f04e0e528b5b17d/json HTTP/1.1
11:45:43.823 [Test worker] DEBUG com.github.dockerjava.zerodep.shaded.org.apache.hc.client5.http.headers - http-outgoing-2 >> accept: application/json
11:45:43.823 [Test worker] DEBUG com.github.dockerjava.zerodep.shaded.org.apache.hc.client5.http.headers - http-outgoing-2 >> x-tc-sid: c5b4bded-8a7b-4309-a94c-5bb153977152
11:45:43.823 [Test worker] DEBUG com.github.dockerjava.zerodep.shaded.org.apache.hc.client5.http.headers - http-outgoing-2 >> Accept-Encoding: gzip, x-gzip, deflate
11:45:43.823 [Test worker] DEBUG com.github.dockerjava.zerodep.shaded.org.apache.hc.client5.http.headers - http-outgoing-2 >> Host: localhost:2375
11:45:43.823 [Test worker] DEBUG com.github.dockerjava.zerodep.shaded.org.apache.hc.client5.http.headers - http-outgoing-2 >> Connection: keep-alive
11:45:43.823 [Test worker] DEBUG com.github.dockerjava.zerodep.shaded.org.apache.hc.client5.http.headers - http-outgoing-2 >> User-Agent: Apache-HttpClient/5.0.3 (Java/17.0.3)
11:45:43.823 [Test worker] DEBUG com.github.dockerjava.zerodep.shaded.org.apache.hc.client5.http.wire - http-outgoing-2 >> "GET /v1.32/containers/47a7ce05e61aa72bdced5a030ca6064519c62d122a5992816f04e0e528b5b17d/json HTTP/1.1[\r][\n]"
11:45:43.823 [Test worker] DEBUG com.github.dockerjava.zerodep.shaded.org.apache.hc.client5.http.wire - http-outgoing-2 >> "accept: application/json[\r][\n]"
11:45:43.823 [Test worker] DEBUG com.github.dockerjava.zerodep.shaded.org.apache.hc.client5.http.wire - http-outgoing-2 >> "x-tc-sid: c5b4bded-8a7b-4309-a94c-5bb153977152[\r][\n]"
11:45:43.823 [Test worker] DEBUG com.github.dockerjava.zerodep.shaded.org.apache.hc.client5.http.wire - http-outgoing-2 >> "Accept-Encoding: gzip, x-gzip, deflate[\r][\n]"
11:45:43.823 [Test worker] DEBUG com.github.dockerjava.zerodep.shaded.org.apache.hc.client5.http.wire - http-outgoing-2 >> "Host: localhost:2375[\r][\n]"
11:45:43.823 [Test worker] DEBUG com.github.dockerjava.zerodep.shaded.org.apache.hc.client5.http.wire - http-outgoing-2 >> "Connection: keep-alive[\r][\n]"
11:45:43.823 [Test worker] DEBUG com.github.dockerjava.zerodep.shaded.org.apache.hc.client5.http.wire - http-outgoing-2 >> "User-Agent: Apache-HttpClient/5.0.3 (Java/17.0.3)[\r][\n]"
11:45:43.823 [Test worker] DEBUG com.github.dockerjava.zerodep.shaded.org.apache.hc.client5.http.wire - http-outgoing-2 >> "[\r][\n]"
11:45:43.827 [Test worker] DEBUG com.github.dockerjava.zerodep.shaded.org.apache.hc.client5.http.wire - http-outgoing-2 << "HTTP/1.1 200 OK[\r][\n]"
11:45:43.827 [Test worker] DEBUG com.github.dockerjava.zerodep.shaded.org.apache.hc.client5.http.wire - http-outgoing-2 << "Api-Version: 1.41[\r][\n]"
11:45:43.827 [Test worker] DEBUG com.github.dockerjava.zerodep.shaded.org.apache.hc.client5.http.wire - http-outgoing-2 << "Content-Type: application/json[\r][\n]"
11:45:43.827 [Test worker] DEBUG com.github.dockerjava.zerodep.shaded.org.apache.hc.client5.http.wire - http-outgoing-2 << "Date: Mon, 26 Sep 2022 02:45:43 GMT[\r][\n]"
11:45:43.827 [Test worker] DEBUG com.github.dockerjava.zerodep.shaded.org.apache.hc.client5.http.wire - http-outgoing-2 << "Docker-Experimental: false[\r][\n]"
11:45:43.827 [Test worker] DEBUG com.github.dockerjava.zerodep.shaded.org.apache.hc.client5.http.wire - http-outgoing-2 << "Ostype: linux[\r][\n]"
11:45:43.827 [Test worker] DEBUG com.github.dockerjava.zerodep.shaded.org.apache.hc.client5.http.wire - http-outgoing-2 << "Server: Docker/20.10.11 (linux)[\r][\n]"
11:45:43.827 [Test worker] DEBUG com.github.dockerjava.zerodep.shaded.org.apache.hc.client5.http.wire - http-outgoing-2 << "Transfer-Encoding: chunked[\r][\n]"
11:45:43.827 [Test worker] DEBUG com.github.dockerjava.zerodep.shaded.org.apache.hc.client5.http.wire - http-outgoing-2 << "[\r][\n]"
11:45:43.827 [Test worker] DEBUG com.github.dockerjava.zerodep.shaded.org.apache.hc.client5.http.wire - http-outgoing-2 << "1882[\r][\n]"
11:45:43.827 [Test worker] DEBUG com.github.dockerjava.zerodep.shaded.org.apache.hc.client5.http.wire - http-outgoing-2 << "{"Id":"47a7ce05e61aa72bdced5a030ca6064519c62d122a5992816f04e0e528b5b17d","Created":"2022-09-26T02:45:36.042081626Z","Path":"docker-entrypoint.sh","Args":["mysqld"],"State":{"Status":"running","Running":true,"Paused":false,"Restarting":false,"OOMKilled":false,"Dead":false,"Pid":2251,"ExitCode":0,"Error":"","StartedAt":"2022-09-26T02:45:36.388226668Z","FinishedAt":"0001-01-01T00:00:00Z"},"Image":"sha256:5e229524f286e653111cb9d028bf1ba4c3490742c8cd18c84af22538f0e68575","ResolvConfPath":"/var/lib/docker/containers/47a7ce05e61aa72bdced5a030ca6064519c62d122a5992816f04e0e528b5b17d/resolv.conf","HostnamePath":"/var/lib/docker/containers/47a7ce05e61aa72bdced5a030ca6064519c62d122a5992816f04e0e528b5b17d/hostname","HostsPath":"/var/lib/docker/containers/47a7ce05e61aa72bdced5a030ca6064519c62d122a5992816f04e0e528b5b17d/hosts","LogPath":"/var/lib/docker/containers/47a7ce05e61aa72bdced5a030ca6064519c62d122a5992816f04e0e528b5b17d/47a7ce05e61aa72bdced5a030ca6064519c62d122a5992816f04e0e528b5b17d-json.log","Name":"/crazy_chaum","RestartCount":0,"Driver":"overlay2","Platform":"linux","MountLabel":"","ProcessLabel":"","AppArmorProfile":"","ExecIDs":null,"HostConfig":{"Binds":[],"ContainerIDFile":"","LogConfig":{"Type":"json-file","Config":{}},"NetworkMode":"default","PortBindings":{"3306/tcp":[{"HostIp":"0.0.0.0","HostPort":"0"}]},"RestartPolicy":{"Name":"","MaximumRetryCount":0},"AutoRemove":false,"VolumeDriver":"","VolumesFrom":[],"CapAdd":null,"CapDrop":null,"CgroupnsMode":"private","Dns":null,"DnsOptions":null,"DnsSearch":null,"ExtraHosts":[],"GroupAdd":null,"IpcMode":"shareable","Cgroup":"","Links":null,"OomScoreAdj":0,"PidMode":"","Privileged":false,"PublishAllPorts":false,"ReadonlyRootfs":false,"SecurityOpt":null,"UTSMode":"","UsernsMode":"","ShmSize":67108864,"Runtime":"runc","ConsoleSize":[0,0],"Isolation":"","CpuShares":0,"Memory":0,"NanoCpus":0,"CgroupParent":"","BlkioWeight":0,"BlkioWeightDevice":null,"BlkioDeviceReadBps":null,"BlkioDeviceWriteBps":null,"BlkioDeviceReadIOps":null,"BlkioDeviceWriteIOps":null,"CpuPeriod":0,"CpuQuota":0,"CpuRealtimePeriod":0,"CpuRealtimeRuntime":0,"CpusetCpus":"","CpusetMems":"","Devices":null,"DeviceCgroupRules":null,"DeviceRequests":null,"KernelMemory":0,"KernelMemoryTCP":0,"MemoryReservation":0,"MemorySwap":0,"MemorySwappiness":null,"OomKillDisable":null,"PidsLimit":null,"Ulimits":null,"CpuCount":0,"CpuPercent":0,"IOMaximumIOps":0,"IOMaximumBandwidth":0,"MaskedPaths":["/proc/asound","/proc/acpi","/proc/kcore","/proc/keys","/proc/latency_stats","/proc/timer_list","/proc/timer_stats","/proc/sched_debug","/proc/scsi","/sys/firmware"],"ReadonlyPaths":["/proc/bus","/proc/fs","/proc/irq","/proc/sys","/proc/sysrq-trigger"]},"GraphDriver":{"Data":{"LowerDir":"/var/lib/docker/overlay2/45da4782eb6c4075fef21a16271836d62c4e4726b16ef4c5ea199d4e626bdb39-init/diff:/var/lib/docker/overlay2/27a623f1ab748258e017a40f339844ef533377092bad4182aa320e9399893e13/diff:/var/lib/docker/overlay2/d7c1e4de558b6bbbdc3209a51fc73295262b5271709fe659d0e2e94f626eea74/diff:/var/lib/docker/overlay2/2df554f793c3600571e2f078ad2e20025d6b2e35f3d18881ead4f70e2cc26cb8/diff:/var/lib/docker/overlay2/feb23515577245ad51a24945de1e6bab842929569da912a2b4a33a48c6c2331f/diff:/var/lib/docker/overlay2/cc2cdbce154e19d9c4f376917b6c92ebd55b0b495124ffd2c9d7e9c82b6a95f9/diff:/var/lib/docker/overlay2/968467fe01280f82d26487386f320a15000815d63000d5ec89b47acca8f77ef2/diff:/var/lib/docker/overlay2/cc59daa314bbcaec43d6cd4064c7863b4b3976b989121dcf2e32c4710281f247/diff:/var/lib/docker/overlay2/dc5d8b1cf96cfd5d96d68fbed14248edf1244c1a4669ba07b0bab7f3d782f058/diff:/var/lib/docker/overlay2/dcca184158d696706cd99e62ffa3e5c42964eb57190bef35421cdf3f83a8c130/diff:/var/lib/docker/overlay2/a7f928596da67ce59f34b0ba4cee4a3b948b94f91ad0b0b6260dc54fb9b5a048/diff:/var/lib/docker/overlay2/6ac5adbfff6202b1faa13a2a2fd92625bdda668cdac1a1d2230becbb394e569f/diff","MergedDir":"/var/lib/docker/overlay2/45da4782eb6c4075fef21a16271836d62c4e4726b16ef4c5ea199d4e626bdb39/merged","UpperDir":"/var/lib/docker/overlay2/45da4782eb6c4075fef21a16271836d62c4e4726b16ef4c5ea199d4e626bdb39/diff","WorkDir":"/var/lib/docker/overlay2/45da4782eb6c4075fef21a16271836d62c4e4726b16ef4c5ea199d4e626bdb39/work"},"Name":"overlay2"},"Mounts":[{"Type":"volume","Name":"08668a73464516d2c615e247a561222f461f2385cff5615e53cc78e96456230c","Source":"/var/lib/docker/volumes/08668a73464516d2c615e247a561222f461f2385cff5615e53cc78e96456230c/_data","Destination":"/var/lib/mysql","Driver":"local","Mode":"","RW":true,"Propagation":""}],"Config":{"Hostname":"47a7ce05e61a","Domainname":"","User":"","AttachStdin":false,"AttachStdout":false,"AttachStderr":false,"ExposedPorts":{"3306/tcp":{},"33060/tcp":{}},"Tty":false,"OpenStdin":false,"StdinOnce":false,"Env":["MYSQL_DATABASE=lotification","MYSQL_PASSWORD=1234","MYSQL_USER=admin","MYSQL_ROOT_PASSWORD=1234","PATH=/usr/local/sbin:/usr/local/bin:/usr/sbin:/usr/bin:/sbin:/bin","GOSU_VERSION=1.14","MYSQL_MAJOR=8.0","MYSQL_VERSION=8.0.30-1.el8","MYSQL_SHELL_VERSION=8.0.30-1.el8"],"Cmd":["mysqld"],"Image":"mysql:8","Volumes":{"/var/lib/mysql":{}},"WorkingDir":"","Entrypoint":["docker-entrypoint.sh"],"OnBuild":null,"Labels":{"org.testcontainers":"true","org.testcontainers.sessionId":"c5b4bded-8a7b-4309-a94c-5bb153977152"}},"NetworkSettings":{"Bridge":"","SandboxID":"c87f478ec31081a2fc02a6d53fa5addc8f61962dea8dd5c17c1c641e1a25e99b","HairpinMode":false,"LinkLocalIPv6Address":"","LinkLocalIPv6PrefixLen":0,"Ports":{"3306/tcp":[{"HostIp":"0.0.0.0","HostPort":"63346"}],"33060/tcp":null},"SandboxKey":"/var/run/docker/netns/c87f478ec310","SecondaryIPAddresses":null,"SecondaryIPv6Addresses":null,"EndpointID":"7830774c518a6ae45bc93e5b48bd99e8a609aa29230b007326fa87b5ca32567f","Gateway":"172.17.0.1","GlobalIPv6Address":"","GlobalIPv6PrefixLen":0,"IPAddress":"172.17.0.4","IPPrefixLen":16,"IPv6Gateway":"","MacAddress":"02:42:ac:11:00:04","Networks":{"bridge":{"IPAMConfig":null,"Links":null,"Aliases":null,"NetworkID":"42b943ace1ba272d06317befbba08f853c5a08f211a0bdf3660599ced98f9c17","EndpointID":"7830774c518a6ae45bc93e5b48bd99e8a609aa29230b007326fa87b5ca32567f","Gateway":"172.17.0.1","IPAddress":"172.17.0.4","IPPrefixLen":16,"IPv6Gateway":"","GlobalIPv6Address":"","GlobalIPv6PrefixLen":0,"MacAddress":"02:42:ac:11:00:04","DriverOpts":null}}}}[\n]"
11:45:43.827 [Test worker] DEBUG com.github.dockerjava.zerodep.shaded.org.apache.hc.client5.http.wire - http-outgoing-2 << "[\r][\n]"
11:45:43.827 [Test worker] DEBUG com.github.dockerjava.zerodep.shaded.org.apache.hc.client5.http.wire - http-outgoing-2 << "0[\r][\n]"
11:45:43.827 [Test worker] DEBUG com.github.dockerjava.zerodep.shaded.org.apache.hc.client5.http.wire - http-outgoing-2 << "[\r][\n]"
11:45:43.827 [Test worker] DEBUG com.github.dockerjava.zerodep.shaded.org.apache.hc.client5.http.headers - http-outgoing-2 << HTTP/1.1 200 OK
11:45:43.827 [Test worker] DEBUG com.github.dockerjava.zerodep.shaded.org.apache.hc.client5.http.headers - http-outgoing-2 << Api-Version: 1.41
11:45:43.827 [Test worker] DEBUG com.github.dockerjava.zerodep.shaded.org.apache.hc.client5.http.headers - http-outgoing-2 << Content-Type: application/json
11:45:43.827 [Test worker] DEBUG com.github.dockerjava.zerodep.shaded.org.apache.hc.client5.http.headers - http-outgoing-2 << Date: Mon, 26 Sep 2022 02:45:43 GMT
11:45:43.827 [Test worker] DEBUG com.github.dockerjava.zerodep.shaded.org.apache.hc.client5.http.headers - http-outgoing-2 << Docker-Experimental: false
11:45:43.827 [Test worker] DEBUG com.github.dockerjava.zerodep.shaded.org.apache.hc.client5.http.headers - http-outgoing-2 << Ostype: linux
11:45:43.827 [Test worker] DEBUG com.github.dockerjava.zerodep.shaded.org.apache.hc.client5.http.headers - http-outgoing-2 << Server: Docker/20.10.11 (linux)
11:45:43.827 [Test worker] DEBUG com.github.dockerjava.zerodep.shaded.org.apache.hc.client5.http.headers - http-outgoing-2 << Transfer-Encoding: chunked
11:45:43.827 [Test worker] DEBUG com.github.dockerjava.zerodep.shaded.org.apache.hc.client5.http.impl.classic.MainClientExec - ex-0000004E: connection can be kept alive for 3 MINUTES
11:45:43.828 [Test worker] DEBUG com.github.dockerjava.zerodep.shaded.org.apache.hc.client5.http.impl.classic.InternalHttpClient - ep-0000004D: releasing valid endpoint
11:45:43.828 [Test worker] DEBUG com.github.dockerjava.zerodep.shaded.org.apache.hc.client5.http.impl.io.PoolingHttpClientConnectionManager - ep-0000004D: releasing endpoint
11:45:43.828 [Test worker] DEBUG com.github.dockerjava.zerodep.shaded.org.apache.hc.client5.http.impl.io.PoolingHttpClientConnectionManager - ep-0000004D: connection http-outgoing-2 can be kept alive for 3 MINUTES
11:45:43.828 [Test worker] DEBUG com.github.dockerjava.zerodep.shaded.org.apache.hc.client5.http.impl.io.PoolingHttpClientConnectionManager - ep-0000004D: connection released [route: {}->unix://localhost:2375][total available: 1; route allocated: 1 of 2147483647; total allocated: 1 of 2147483647]
11:45:43.828 [Test worker] DEBUG ]]>&#x1f433;<![CDATA[ [mysql:8] - Trying to create JDBC connection using com.mysql.cj.jdbc.Driver to jdbc:mysql://localhost:63346/lotification?useSSL=false&allowPublicKeyRetrieval=true with properties: {password=1234, user=admin}
11:45:43.935 [Test worker] DEBUG org.testcontainers.shaded.com.github.dockerjava.core.command.AbstrDockerCmd - Cmd: 47a7ce05e61aa72bdced5a030ca6064519c62d122a5992816f04e0e528b5b17d,false
11:45:43.936 [Test worker] DEBUG org.testcontainers.shaded.com.github.dockerjava.core.exec.InspectContainerCmdExec - GET: DefaultWebTarget{path=[/containers/47a7ce05e61aa72bdced5a030ca6064519c62d122a5992816f04e0e528b5b17d/json], queryParams={}}
11:45:43.936 [Test worker] DEBUG com.github.dockerjava.zerodep.shaded.org.apache.hc.client5.http.impl.classic.InternalHttpClient - ex-0000004F: preparing request execution
11:45:43.936 [Test worker] DEBUG com.github.dockerjava.zerodep.shaded.org.apache.hc.client5.http.protocol.RequestAddCookies - Cookie spec selected: strict
11:45:43.936 [Test worker] DEBUG com.github.dockerjava.zerodep.shaded.org.apache.hc.client5.http.protocol.RequestAuthCache - Auth cache not set in the context
11:45:43.936 [Test worker] DEBUG com.github.dockerjava.zerodep.shaded.org.apache.hc.client5.http.impl.classic.ProtocolExec - ex-0000004F: target auth state: UNCHALLENGED
11:45:43.936 [Test worker] DEBUG com.github.dockerjava.zerodep.shaded.org.apache.hc.client5.http.impl.classic.ProtocolExec - ex-0000004F: proxy auth state: UNCHALLENGED
11:45:43.936 [Test worker] DEBUG com.github.dockerjava.zerodep.shaded.org.apache.hc.client5.http.impl.classic.ConnectExec - ex-0000004F: acquiring connection with route {}->unix://localhost:2375
11:45:43.936 [Test worker] DEBUG com.github.dockerjava.zerodep.shaded.org.apache.hc.client5.http.impl.classic.InternalHttpClient - ex-0000004F: acquiring endpoint (3 MINUTES)
11:45:43.936 [Test worker] DEBUG com.github.dockerjava.zerodep.shaded.org.apache.hc.client5.http.impl.io.PoolingHttpClientConnectionManager - ex-0000004F: endpoint lease request (3 MINUTES) [route: {}->unix://localhost:2375][total available: 1; route allocated: 1 of 2147483647; total allocated: 1 of 2147483647]
11:45:43.936 [Test worker] DEBUG com.github.dockerjava.zerodep.shaded.org.apache.hc.client5.http.impl.io.PoolingHttpClientConnectionManager - ex-0000004F: endpoint leased [route: {}->unix://localhost:2375][total available: 0; route allocated: 1 of 2147483647; total allocated: 1 of 2147483647]
11:45:43.936 [Test worker] DEBUG com.github.dockerjava.zerodep.shaded.org.apache.hc.client5.http.impl.io.PoolingHttpClientConnectionManager - ex-0000004F: acquired ep-0000004E
11:45:43.936 [Test worker] DEBUG com.github.dockerjava.zerodep.shaded.org.apache.hc.client5.http.impl.classic.InternalHttpClient - ex-0000004F: acquired endpoint ep-0000004E
11:45:43.936 [Test worker] DEBUG com.github.dockerjava.zerodep.shaded.org.apache.hc.client5.http.impl.classic.MainClientExec - ex-0000004F: executing GET /v1.32/containers/47a7ce05e61aa72bdced5a030ca6064519c62d122a5992816f04e0e528b5b17d/json HTTP/1.1
11:45:43.936 [Test worker] DEBUG com.github.dockerjava.zerodep.shaded.org.apache.hc.client5.http.impl.classic.InternalHttpClient - ep-0000004E: start execution ex-0000004F
11:45:43.936 [Test worker] DEBUG com.github.dockerjava.zerodep.shaded.org.apache.hc.client5.http.impl.io.PoolingHttpClientConnectionManager - ep-0000004E: executing exchange ex-0000004F over http-outgoing-2
11:45:43.936 [Test worker] DEBUG com.github.dockerjava.zerodep.shaded.org.apache.hc.client5.http.headers - http-outgoing-2 >> GET /v1.32/containers/47a7ce05e61aa72bdced5a030ca6064519c62d122a5992816f04e0e528b5b17d/json HTTP/1.1
11:45:43.936 [Test worker] DEBUG com.github.dockerjava.zerodep.shaded.org.apache.hc.client5.http.headers - http-outgoing-2 >> accept: application/json
11:45:43.936 [Test worker] DEBUG com.github.dockerjava.zerodep.shaded.org.apache.hc.client5.http.headers - http-outgoing-2 >> x-tc-sid: c5b4bded-8a7b-4309-a94c-5bb153977152
11:45:43.936 [Test worker] DEBUG com.github.dockerjava.zerodep.shaded.org.apache.hc.client5.http.headers - http-outgoing-2 >> Accept-Encoding: gzip, x-gzip, deflate
11:45:43.936 [Test worker] DEBUG com.github.dockerjava.zerodep.shaded.org.apache.hc.client5.http.headers - http-outgoing-2 >> Host: localhost:2375
11:45:43.937 [Test worker] DEBUG com.github.dockerjava.zerodep.shaded.org.apache.hc.client5.http.headers - http-outgoing-2 >> Connection: keep-alive
11:45:43.937 [Test worker] DEBUG com.github.dockerjava.zerodep.shaded.org.apache.hc.client5.http.headers - http-outgoing-2 >> User-Agent: Apache-HttpClient/5.0.3 (Java/17.0.3)
11:45:43.937 [Test worker] DEBUG com.github.dockerjava.zerodep.shaded.org.apache.hc.client5.http.wire - http-outgoing-2 >> "GET /v1.32/containers/47a7ce05e61aa72bdced5a030ca6064519c62d122a5992816f04e0e528b5b17d/json HTTP/1.1[\r][\n]"
11:45:43.937 [Test worker] DEBUG com.github.dockerjava.zerodep.shaded.org.apache.hc.client5.http.wire - http-outgoing-2 >> "accept: application/json[\r][\n]"
11:45:43.937 [Test worker] DEBUG com.github.dockerjava.zerodep.shaded.org.apache.hc.client5.http.wire - http-outgoing-2 >> "x-tc-sid: c5b4bded-8a7b-4309-a94c-5bb153977152[\r][\n]"
11:45:43.937 [Test worker] DEBUG com.github.dockerjava.zerodep.shaded.org.apache.hc.client5.http.wire - http-outgoing-2 >> "Accept-Encoding: gzip, x-gzip, deflate[\r][\n]"
11:45:43.937 [Test worker] DEBUG com.github.dockerjava.zerodep.shaded.org.apache.hc.client5.http.wire - http-outgoing-2 >> "Host: localhost:2375[\r][\n]"
11:45:43.937 [Test worker] DEBUG com.github.dockerjava.zerodep.shaded.org.apache.hc.client5.http.wire - http-outgoing-2 >> "Connection: keep-alive[\r][\n]"
11:45:43.937 [Test worker] DEBUG com.github.dockerjava.zerodep.shaded.org.apache.hc.client5.http.wire - http-outgoing-2 >> "User-Agent: Apache-HttpClient/5.0.3 (Java/17.0.3)[\r][\n]"
11:45:43.937 [Test worker] DEBUG com.github.dockerjava.zerodep.shaded.org.apache.hc.client5.http.wire - http-outgoing-2 >> "[\r][\n]"
11:45:43.938 [Test worker] DEBUG com.github.dockerjava.zerodep.shaded.org.apache.hc.client5.http.wire - http-outgoing-2 << "HTTP/1.1 200 OK[\r][\n]"
11:45:43.938 [Test worker] DEBUG com.github.dockerjava.zerodep.shaded.org.apache.hc.client5.http.wire - http-outgoing-2 << "Api-Version: 1.41[\r][\n]"
11:45:43.938 [Test worker] DEBUG com.github.dockerjava.zerodep.shaded.org.apache.hc.client5.http.wire - http-outgoing-2 << "Content-Type: application/json[\r][\n]"
11:45:43.939 [Test worker] DEBUG com.github.dockerjava.zerodep.shaded.org.apache.hc.client5.http.wire - http-outgoing-2 << "Date: Mon, 26 Sep 2022 02:45:43 GMT[\r][\n]"
11:45:43.939 [Test worker] DEBUG com.github.dockerjava.zerodep.shaded.org.apache.hc.client5.http.wire - http-outgoing-2 << "Docker-Experimental: false[\r][\n]"
11:45:43.939 [Test worker] DEBUG com.github.dockerjava.zerodep.shaded.org.apache.hc.client5.http.wire - http-outgoing-2 << "Ostype: linux[\r][\n]"
11:45:43.939 [Test worker] DEBUG com.github.dockerjava.zerodep.shaded.org.apache.hc.client5.http.wire - http-outgoing-2 << "Server: Docker/20.10.11 (linux)[\r][\n]"
11:45:43.939 [Test worker] DEBUG com.github.dockerjava.zerodep.shaded.org.apache.hc.client5.http.wire - http-outgoing-2 << "Transfer-Encoding: chunked[\r][\n]"
11:45:43.939 [Test worker] DEBUG com.github.dockerjava.zerodep.shaded.org.apache.hc.client5.http.wire - http-outgoing-2 << "[\r][\n]"
11:45:43.939 [Test worker] DEBUG com.github.dockerjava.zerodep.shaded.org.apache.hc.client5.http.headers - http-outgoing-2 << HTTP/1.1 200 OK
11:45:43.939 [Test worker] DEBUG com.github.dockerjava.zerodep.shaded.org.apache.hc.client5.http.headers - http-outgoing-2 << Api-Version: 1.41
11:45:43.939 [Test worker] DEBUG com.github.dockerjava.zerodep.shaded.org.apache.hc.client5.http.headers - http-outgoing-2 << Content-Type: application/json
11:45:43.939 [Test worker] DEBUG com.github.dockerjava.zerodep.shaded.org.apache.hc.client5.http.headers - http-outgoing-2 << Date: Mon, 26 Sep 2022 02:45:43 GMT
11:45:43.939 [Test worker] DEBUG com.github.dockerjava.zerodep.shaded.org.apache.hc.client5.http.headers - http-outgoing-2 << Docker-Experimental: false
11:45:43.939 [Test worker] DEBUG com.github.dockerjava.zerodep.shaded.org.apache.hc.client5.http.headers - http-outgoing-2 << Ostype: linux
11:45:43.939 [Test worker] DEBUG com.github.dockerjava.zerodep.shaded.org.apache.hc.client5.http.headers - http-outgoing-2 << Server: Docker/20.10.11 (linux)
11:45:43.939 [Test worker] DEBUG com.github.dockerjava.zerodep.shaded.org.apache.hc.client5.http.headers - http-outgoing-2 << Transfer-Encoding: chunked
11:45:43.939 [Test worker] DEBUG com.github.dockerjava.zerodep.shaded.org.apache.hc.client5.http.impl.classic.MainClientExec - ex-0000004F: connection can be kept alive for 3 MINUTES
11:45:43.939 [Test worker] DEBUG com.github.dockerjava.zerodep.shaded.org.apache.hc.client5.http.wire - http-outgoing-2 << "1882[\r][\n]"
11:45:43.939 [Test worker] DEBUG com.github.dockerjava.zerodep.shaded.org.apache.hc.client5.http.wire - http-outgoing-2 << "{"Id":"47a7ce05e61aa72bdced5a030ca6064519c62d122a5992816f04e0e528b5b17d","Created":"2022-09-26T02:45:36.042081626Z","Path":"docker-entrypoint.sh","Args":["mysqld"],"State":{"Status":"running","Running":true,"Paused":false,"Restarting":false,"OOMKilled":false,"Dead":false,"Pid":2251,"ExitCode":0,"Error":"","StartedAt":"2022-09-26T02:45:36.388226668Z","FinishedAt":"0001-01-01T00:00:00Z"},"Image":"sha256:5e229524f286e653111cb9d028bf1ba4c3490742c8cd18c84af22538f0e68575","ResolvConfPath":"/var/lib/docker/containers/47a7ce05e61aa72bdced5a030ca6064519c62d122a5992816f04e0e528b5b17d/resolv.conf","HostnamePath":"/var/lib/docker/containers/47a7ce05e61aa72bdced5a030ca6064519c62d122a5992816f04e0e528b5b17d/hostname","HostsPath":"/var/lib/docker/containers/47a7ce05e61aa72bdced5a030ca6064519c62d122a5992816f04e0e528b5b17d/hosts","LogPath":"/var/lib/docker/containers/47a7ce05e61aa72bdced5a030ca6064519c62d122a5992816f04e0e528b5b17d/47a7ce05e61aa72bdced5a030ca6064519c62d122a5992816f04e0e528b5b17d-json.log","Name":"/crazy_chaum","RestartCount":0,"Driver":"overlay2","Platform":"linux","MountLabel":"","ProcessLabel":"","AppArmorProfile":"","ExecIDs":null,"HostConfig":{"Binds":[],"ContainerIDFile":"","LogConfig":{"Type":"json-file","Config":{}},"NetworkMode":"default","PortBindings":{"3306/tcp":[{"HostIp":"0.0.0.0","HostPort":"0"}]},"RestartPolicy":{"Name":"","MaximumRetryCount":0},"AutoRemove":false,"VolumeDriver":"","VolumesFrom":[],"CapAdd":null,"CapDrop":null,"CgroupnsMode":"private","Dns":null,"DnsOptions":null,"DnsSearch":null,"ExtraHosts":[],"GroupAdd":null,"IpcMode":"shareable","Cgroup":"","Links":null,"OomScoreAdj":0,"PidMode":"","Privileged":false,"PublishAllPorts":false,"ReadonlyRootfs":false,"SecurityOpt":null,"UTSMode":"","UsernsMode":"","ShmSize":67108864,"Runtime":"runc","ConsoleSize":[0,0],"Isolation":"","CpuShares":0,"Memory":0,"NanoCpus":0,"CgroupParent":"","BlkioWeight":0,"BlkioWeightDevice":null,"BlkioDeviceReadBps":null,"BlkioDeviceWriteBps":null,"BlkioDeviceReadIOps":null,"BlkioDeviceWriteIOps":null,"CpuPeriod":0,"CpuQuota":0,"CpuRealtimePeriod":0,"CpuRealtimeRuntime":0,"CpusetCpus":"","CpusetMems":"","Devices":null,"DeviceCgroupRules":null,"DeviceRequests":null,"KernelMemory":0,"KernelMemoryTCP":0,"MemoryReservation":0,"MemorySwap":0,"MemorySwappiness":null,"OomKillDisable":null,"PidsLimit":null,"Ulimits":null,"CpuCount":0,"CpuPercent":0,"IOMaximumIOps":0,"IOMaximumBandwidth":0,"MaskedPaths":["/proc/asound","/proc/acpi","/proc/kcore","/proc/keys","/proc/latency_stats","/proc/timer_list","/proc/timer_stats","/proc/sched_debug","/proc/scsi","/sys/firmware"],"ReadonlyPaths":["/proc/bus","/proc/fs","/proc/irq","/proc/sys","/proc/sysrq-trigger"]},"GraphDriver":{"Data":{"LowerDir":"/var/lib/docker/overlay2/45da4782eb6c4075fef21a16271836d62c4e4726b16ef4c5ea199d4e626bdb39-init/diff:/var/lib/docker/overlay2/27a623f1ab748258e017a40f339844ef533377092bad4182aa320e9399893e13/diff:/var/lib/docker/overlay2/d7c1e4de558b6bbbdc3209a51fc73295262b5271709fe659d0e2e94f626eea74/diff:/var/lib/docker/overlay2/2df554f793c3600571e2f078ad2e20025d6b2e35f3d18881ead4f70e2cc26cb8/diff:/var/lib/docker/overlay2/feb23515577245ad51a24945de1e6bab842929569da912a2b4a33a48c6c2331f/diff:/var/lib/docker/overlay2/cc2cdbce154e19d9c4f376917b6c92ebd55b0b495124ffd2c9d7e9c82b6a95f9/diff:/var/lib/docker/overlay2/968467fe01280f82d26487386f320a15000815d63000d5ec89b47acca8f77ef2/diff:/var/lib/docker/overlay2/cc59daa314bbcaec43d6cd4064c7863b4b3976b989121dcf2e32c4710281f247/diff:/var/lib/docker/overlay2/dc5d8b1cf96cfd5d96d68fbed14248edf1244c1a4669ba07b0bab7f3d782f058/diff:/var/lib/docker/overlay2/dcca184158d696706cd99e62ffa3e5c42964eb57190bef35421cdf3f83a8c130/diff:/var/lib/docker/overlay2/a7f928596da67ce59f34b0ba4cee4a3b948b94f91ad0b0b6260dc54fb9b5a048/diff:/var/lib/docker/overlay2/6ac5adbfff6202b1faa13a2a2fd92625bdda668cdac1a1d2230becbb394e569f/diff","MergedDir":"/var/lib/docker/overlay2/45da4782eb6c4075fef21a16271836d62c4e4726b16ef4c5ea199d4e626bdb39/merged","UpperDir":"/var/lib/docker/overlay2/45da4782eb6c4075fef21a16271836d62c4e4726b16ef4c5ea199d4e626bdb39/diff","WorkDir":"/var/lib/docker/overlay2/45da4782eb6c4075fef21a16271836d62c4e4726b16ef4c5ea199d4e626bdb39/work"},"Name":"overlay2"},"Mounts":[{"Type":"volume","Name":"08668a73464516d2c615e247a561222f461f2385cff5615e53cc78e96456230c","Source":"/var/lib/docker/volumes/08668a73464516d2c615e247a561222f461f2385cff5615e53cc78e96456230c/_data","Destination":"/var/lib/mysql","Driver":"local","Mode":"","RW":true,"Propagation":""}],"Config":{"Hostname":"47a7ce05e61a","Domainname":"","User":"","AttachStdin":false,"AttachStdout":false,"AttachStderr":false,"ExposedPorts":{"3306/tcp":{},"33060/tcp":{}},"Tty":false,"OpenStdin":false,"StdinOnce":false,"Env":["MYSQL_DATABASE=lotification","MYSQL_PASSWORD=1234","MYSQL_USER=admin","MYSQL_ROOT_PASSWORD=1234","PATH=/usr/local/sbin:/usr/local/bin:/usr/sbin:/usr/bin:/sbin:/bin","GOSU_VERSION=1.14","MYSQL_MAJOR=8.0","MYSQL_VERSION=8.0.30-1.el8","MYSQL_SHELL_VERSION=8.0.30-1.el8"],"Cmd":["mysqld"],"Image":"mysql:8","Volumes":{"/var/lib/mysql":{}},"WorkingDir":"","Entrypoint":["docker-entrypoint.sh"],"OnBuild":null,"Labels":{"org.testcontainers":"true","org.testcontainers.sessionId":"c5b4bded-8a7b-4309-a94c-5bb153977152"}},"NetworkSettings":{"Bridge":"","SandboxID":"c87f478ec31081a2fc02a6d53fa5addc8f61962dea8dd5c17c1c641e1a25e99b","HairpinMode":false,"LinkLocalIPv6Address":"","LinkLocalIPv6PrefixLen":0,"Ports":{"3306/tcp":[{"HostIp":"0.0.0.0","HostPort":"63346"}],"33060/tcp":null},"SandboxKey":"/var/run/docker/netns/c87f478ec310","SecondaryIPAddresses":null,"SecondaryIPv6Addresses":null,"EndpointID":"7830774c518a6ae45bc93e5b48bd99e8a609aa29230b007326fa87b5ca32567f","Gateway":"172.17.0.1","GlobalIPv6Address":"","GlobalIPv6PrefixLen":0,"IPAddress":"172.17.0.4","IPPrefixLen":16,"IPv6Gateway":"","MacAddress":"02:42:ac:11:00:04","Networks":{"bridge":{"IPAMConfig":null,"Links":null,"Aliases":null,"NetworkID":"42b943ace1ba272d06317befbba08f853c5a08f211a0bdf3660599ced98f9c17","EndpointID":"7830774c518a6ae45bc93e5b48bd99e8a609aa29230b007326fa87b5ca32567f","Gateway":"172.17.0.1","IPAddress":"172.17.0.4","IPPrefixLen":16,"IPv6Gateway":"","GlobalIPv6Address":"","GlobalIPv6PrefixLen":0,"MacAddress":"02:42:ac:11:00:04","DriverOpts":null}}}}[\n]"
11:45:43.939 [Test worker] DEBUG com.github.dockerjava.zerodep.shaded.org.apache.hc.client5.http.wire - http-outgoing-2 << "[\r][\n]"
11:45:43.939 [Test worker] DEBUG com.github.dockerjava.zerodep.shaded.org.apache.hc.client5.http.wire - http-outgoing-2 << "0[\r][\n]"
11:45:43.939 [Test worker] DEBUG com.github.dockerjava.zerodep.shaded.org.apache.hc.client5.http.wire - http-outgoing-2 << "[\r][\n]"
11:45:43.940 [Test worker] DEBUG com.github.dockerjava.zerodep.shaded.org.apache.hc.client5.http.impl.classic.InternalHttpClient - ep-0000004E: releasing valid endpoint
11:45:43.940 [Test worker] DEBUG com.github.dockerjava.zerodep.shaded.org.apache.hc.client5.http.impl.io.PoolingHttpClientConnectionManager - ep-0000004E: releasing endpoint
11:45:43.940 [Test worker] DEBUG com.github.dockerjava.zerodep.shaded.org.apache.hc.client5.http.impl.io.PoolingHttpClientConnectionManager - ep-0000004E: connection http-outgoing-2 can be kept alive for 3 MINUTES
11:45:43.940 [Test worker] DEBUG com.github.dockerjava.zerodep.shaded.org.apache.hc.client5.http.impl.io.PoolingHttpClientConnectionManager - ep-0000004E: connection released [route: {}->unix://localhost:2375][total available: 1; route allocated: 1 of 2147483647; total allocated: 1 of 2147483647]
11:45:43.940 [Test worker] DEBUG ]]>&#x1f433;<![CDATA[ [mysql:8] - Trying to create JDBC connection using com.mysql.cj.jdbc.Driver to jdbc:mysql://localhost:63346/lotification?useSSL=false&allowPublicKeyRetrieval=true with properties: {password=1234, user=admin}
11:45:44.047 [Test worker] DEBUG org.testcontainers.shaded.com.github.dockerjava.core.command.AbstrDockerCmd - Cmd: 47a7ce05e61aa72bdced5a030ca6064519c62d122a5992816f04e0e528b5b17d,false
11:45:44.050 [Test worker] DEBUG org.testcontainers.shaded.com.github.dockerjava.core.exec.InspectContainerCmdExec - GET: DefaultWebTarget{path=[/containers/47a7ce05e61aa72bdced5a030ca6064519c62d122a5992816f04e0e528b5b17d/json], queryParams={}}
11:45:44.050 [Test worker] DEBUG com.github.dockerjava.zerodep.shaded.org.apache.hc.client5.http.impl.classic.InternalHttpClient - ex-00000050: preparing request execution
11:45:44.050 [Test worker] DEBUG com.github.dockerjava.zerodep.shaded.org.apache.hc.client5.http.protocol.RequestAddCookies - Cookie spec selected: strict
11:45:44.050 [Test worker] DEBUG com.github.dockerjava.zerodep.shaded.org.apache.hc.client5.http.protocol.RequestAuthCache - Auth cache not set in the context
11:45:44.050 [Test worker] DEBUG com.github.dockerjava.zerodep.shaded.org.apache.hc.client5.http.impl.classic.ProtocolExec - ex-00000050: target auth state: UNCHALLENGED
11:45:44.050 [Test worker] DEBUG com.github.dockerjava.zerodep.shaded.org.apache.hc.client5.http.impl.classic.ProtocolExec - ex-00000050: proxy auth state: UNCHALLENGED
11:45:44.050 [Test worker] DEBUG com.github.dockerjava.zerodep.shaded.org.apache.hc.client5.http.impl.classic.ConnectExec - ex-00000050: acquiring connection with route {}->unix://localhost:2375
11:45:44.050 [Test worker] DEBUG com.github.dockerjava.zerodep.shaded.org.apache.hc.client5.http.impl.classic.InternalHttpClient - ex-00000050: acquiring endpoint (3 MINUTES)
11:45:44.050 [Test worker] DEBUG com.github.dockerjava.zerodep.shaded.org.apache.hc.client5.http.impl.io.PoolingHttpClientConnectionManager - ex-00000050: endpoint lease request (3 MINUTES) [route: {}->unix://localhost:2375][total available: 1; route allocated: 1 of 2147483647; total allocated: 1 of 2147483647]
11:45:44.050 [Test worker] DEBUG com.github.dockerjava.zerodep.shaded.org.apache.hc.client5.http.impl.io.PoolingHttpClientConnectionManager - ex-00000050: endpoint leased [route: {}->unix://localhost:2375][total available: 0; route allocated: 1 of 2147483647; total allocated: 1 of 2147483647]
11:45:44.050 [Test worker] DEBUG com.github.dockerjava.zerodep.shaded.org.apache.hc.client5.http.impl.io.PoolingHttpClientConnectionManager - ex-00000050: acquired ep-0000004F
11:45:44.050 [Test worker] DEBUG com.github.dockerjava.zerodep.shaded.org.apache.hc.client5.http.impl.classic.InternalHttpClient - ex-00000050: acquired endpoint ep-0000004F
11:45:44.050 [Test worker] DEBUG com.github.dockerjava.zerodep.shaded.org.apache.hc.client5.http.impl.classic.MainClientExec - ex-00000050: executing GET /v1.32/containers/47a7ce05e61aa72bdced5a030ca6064519c62d122a5992816f04e0e528b5b17d/json HTTP/1.1
11:45:44.050 [Test worker] DEBUG com.github.dockerjava.zerodep.shaded.org.apache.hc.client5.http.impl.classic.InternalHttpClient - ep-0000004F: start execution ex-00000050
11:45:44.050 [Test worker] DEBUG com.github.dockerjava.zerodep.shaded.org.apache.hc.client5.http.impl.io.PoolingHttpClientConnectionManager - ep-0000004F: executing exchange ex-00000050 over http-outgoing-2
11:45:44.050 [Test worker] DEBUG com.github.dockerjava.zerodep.shaded.org.apache.hc.client5.http.headers - http-outgoing-2 >> GET /v1.32/containers/47a7ce05e61aa72bdced5a030ca6064519c62d122a5992816f04e0e528b5b17d/json HTTP/1.1
11:45:44.050 [Test worker] DEBUG com.github.dockerjava.zerodep.shaded.org.apache.hc.client5.http.headers - http-outgoing-2 >> accept: application/json
11:45:44.050 [Test worker] DEBUG com.github.dockerjava.zerodep.shaded.org.apache.hc.client5.http.headers - http-outgoing-2 >> x-tc-sid: c5b4bded-8a7b-4309-a94c-5bb153977152
11:45:44.050 [Test worker] DEBUG com.github.dockerjava.zerodep.shaded.org.apache.hc.client5.http.headers - http-outgoing-2 >> Accept-Encoding: gzip, x-gzip, deflate
11:45:44.051 [Test worker] DEBUG com.github.dockerjava.zerodep.shaded.org.apache.hc.client5.http.headers - http-outgoing-2 >> Host: localhost:2375
11:45:44.051 [Test worker] DEBUG com.github.dockerjava.zerodep.shaded.org.apache.hc.client5.http.headers - http-outgoing-2 >> Connection: keep-alive
11:45:44.051 [Test worker] DEBUG com.github.dockerjava.zerodep.shaded.org.apache.hc.client5.http.headers - http-outgoing-2 >> User-Agent: Apache-HttpClient/5.0.3 (Java/17.0.3)
11:45:44.051 [Test worker] DEBUG com.github.dockerjava.zerodep.shaded.org.apache.hc.client5.http.wire - http-outgoing-2 >> "GET /v1.32/containers/47a7ce05e61aa72bdced5a030ca6064519c62d122a5992816f04e0e528b5b17d/json HTTP/1.1[\r][\n]"
11:45:44.051 [Test worker] DEBUG com.github.dockerjava.zerodep.shaded.org.apache.hc.client5.http.wire - http-outgoing-2 >> "accept: application/json[\r][\n]"
11:45:44.051 [Test worker] DEBUG com.github.dockerjava.zerodep.shaded.org.apache.hc.client5.http.wire - http-outgoing-2 >> "x-tc-sid: c5b4bded-8a7b-4309-a94c-5bb153977152[\r][\n]"
11:45:44.051 [Test worker] DEBUG com.github.dockerjava.zerodep.shaded.org.apache.hc.client5.http.wire - http-outgoing-2 >> "Accept-Encoding: gzip, x-gzip, deflate[\r][\n]"
11:45:44.051 [Test worker] DEBUG com.github.dockerjava.zerodep.shaded.org.apache.hc.client5.http.wire - http-outgoing-2 >> "Host: localhost:2375[\r][\n]"
11:45:44.051 [Test worker] DEBUG com.github.dockerjava.zerodep.shaded.org.apache.hc.client5.http.wire - http-outgoing-2 >> "Connection: keep-alive[\r][\n]"
11:45:44.051 [Test worker] DEBUG com.github.dockerjava.zerodep.shaded.org.apache.hc.client5.http.wire - http-outgoing-2 >> "User-Agent: Apache-HttpClient/5.0.3 (Java/17.0.3)[\r][\n]"
11:45:44.051 [Test worker] DEBUG com.github.dockerjava.zerodep.shaded.org.apache.hc.client5.http.wire - http-outgoing-2 >> "[\r][\n]"
11:45:44.053 [Test worker] DEBUG com.github.dockerjava.zerodep.shaded.org.apache.hc.client5.http.wire - http-outgoing-2 << "HTTP/1.1 200 OK[\r][\n]"
11:45:44.053 [Test worker] DEBUG com.github.dockerjava.zerodep.shaded.org.apache.hc.client5.http.wire - http-outgoing-2 << "Api-Version: 1.41[\r][\n]"
11:45:44.053 [Test worker] DEBUG com.github.dockerjava.zerodep.shaded.org.apache.hc.client5.http.wire - http-outgoing-2 << "Content-Type: application/json[\r][\n]"
11:45:44.053 [Test worker] DEBUG com.github.dockerjava.zerodep.shaded.org.apache.hc.client5.http.wire - http-outgoing-2 << "Date: Mon, 26 Sep 2022 02:45:44 GMT[\r][\n]"
11:45:44.053 [Test worker] DEBUG com.github.dockerjava.zerodep.shaded.org.apache.hc.client5.http.wire - http-outgoing-2 << "Docker-Experimental: false[\r][\n]"
11:45:44.053 [Test worker] DEBUG com.github.dockerjava.zerodep.shaded.org.apache.hc.client5.http.wire - http-outgoing-2 << "Ostype: linux[\r][\n]"
11:45:44.053 [Test worker] DEBUG com.github.dockerjava.zerodep.shaded.org.apache.hc.client5.http.wire - http-outgoing-2 << "Server: Docker/20.10.11 (linux)[\r][\n]"
11:45:44.053 [Test worker] DEBUG com.github.dockerjava.zerodep.shaded.org.apache.hc.client5.http.wire - http-outgoing-2 << "Transfer-Encoding: chunked[\r][\n]"
11:45:44.053 [Test worker] DEBUG com.github.dockerjava.zerodep.shaded.org.apache.hc.client5.http.wire - http-outgoing-2 << "[\r][\n]"
11:45:44.053 [Test worker] DEBUG com.github.dockerjava.zerodep.shaded.org.apache.hc.client5.http.headers - http-outgoing-2 << HTTP/1.1 200 OK
11:45:44.053 [Test worker] DEBUG com.github.dockerjava.zerodep.shaded.org.apache.hc.client5.http.headers - http-outgoing-2 << Api-Version: 1.41
11:45:44.053 [Test worker] DEBUG com.github.dockerjava.zerodep.shaded.org.apache.hc.client5.http.headers - http-outgoing-2 << Content-Type: application/json
11:45:44.053 [Test worker] DEBUG com.github.dockerjava.zerodep.shaded.org.apache.hc.client5.http.headers - http-outgoing-2 << Date: Mon, 26 Sep 2022 02:45:44 GMT
11:45:44.053 [Test worker] DEBUG com.github.dockerjava.zerodep.shaded.org.apache.hc.client5.http.headers - http-outgoing-2 << Docker-Experimental: false
11:45:44.053 [Test worker] DEBUG com.github.dockerjava.zerodep.shaded.org.apache.hc.client5.http.headers - http-outgoing-2 << Ostype: linux
11:45:44.053 [Test worker] DEBUG com.github.dockerjava.zerodep.shaded.org.apache.hc.client5.http.headers - http-outgoing-2 << Server: Docker/20.10.11 (linux)
11:45:44.053 [Test worker] DEBUG com.github.dockerjava.zerodep.shaded.org.apache.hc.client5.http.headers - http-outgoing-2 << Transfer-Encoding: chunked
11:45:44.053 [Test worker] DEBUG com.github.dockerjava.zerodep.shaded.org.apache.hc.client5.http.impl.classic.MainClientExec - ex-00000050: connection can be kept alive for 3 MINUTES
11:45:44.054 [Test worker] DEBUG com.github.dockerjava.zerodep.shaded.org.apache.hc.client5.http.wire - http-outgoing-2 << "1882[\r][\n]"
11:45:44.054 [Test worker] DEBUG com.github.dockerjava.zerodep.shaded.org.apache.hc.client5.http.wire - http-outgoing-2 << "{"Id":"47a7ce05e61aa72bdced5a030ca6064519c62d122a5992816f04e0e528b5b17d","Created":"2022-09-26T02:45:36.042081626Z","Path":"docker-entrypoint.sh","Args":["mysqld"],"State":{"Status":"running","Running":true,"Paused":false,"Restarting":false,"OOMKilled":false,"Dead":false,"Pid":2251,"ExitCode":0,"Error":"","StartedAt":"2022-09-26T02:45:36.388226668Z","FinishedAt":"0001-01-01T00:00:00Z"},"Image":"sha256:5e229524f286e653111cb9d028bf1ba4c3490742c8cd18c84af22538f0e68575","ResolvConfPath":"/var/lib/docker/containers/47a7ce05e61aa72bdced5a030ca6064519c62d122a5992816f04e0e528b5b17d/resolv.conf","HostnamePath":"/var/lib/docker/containers/47a7ce05e61aa72bdced5a030ca6064519c62d122a5992816f04e0e528b5b17d/hostname","HostsPath":"/var/lib/docker/containers/47a7ce05e61aa72bdced5a030ca6064519c62d122a5992816f04e0e528b5b17d/hosts","LogPath":"/var/lib/docker/containers/47a7ce05e61aa72bdced5a030ca6064519c62d122a5992816f04e0e528b5b17d/47a7ce05e61aa72bdced5a030ca6064519c62d122a5992816f04e0e528b5b17d-json.log","Name":"/crazy_chaum","RestartCount":0,"Driver":"overlay2","Platform":"linux","MountLabel":"","ProcessLabel":"","AppArmorProfile":"","ExecIDs":null,"HostConfig":{"Binds":[],"ContainerIDFile":"","LogConfig":{"Type":"json-file","Config":{}},"NetworkMode":"default","PortBindings":{"3306/tcp":[{"HostIp":"0.0.0.0","HostPort":"0"}]},"RestartPolicy":{"Name":"","MaximumRetryCount":0},"AutoRemove":false,"VolumeDriver":"","VolumesFrom":[],"CapAdd":null,"CapDrop":null,"CgroupnsMode":"private","Dns":null,"DnsOptions":null,"DnsSearch":null,"ExtraHosts":[],"GroupAdd":null,"IpcMode":"shareable","Cgroup":"","Links":null,"OomScoreAdj":0,"PidMode":"","Privileged":false,"PublishAllPorts":false,"ReadonlyRootfs":false,"SecurityOpt":null,"UTSMode":"","UsernsMode":"","ShmSize":67108864,"Runtime":"runc","ConsoleSize":[0,0],"Isolation":"","CpuShares":0,"Memory":0,"NanoCpus":0,"CgroupParent":"","BlkioWeight":0,"BlkioWeightDevice":null,"BlkioDeviceReadBps":null,"BlkioDeviceWriteBps":null,"BlkioDeviceReadIOps":null,"BlkioDeviceWriteIOps":null,"CpuPeriod":0,"CpuQuota":0,"CpuRealtimePeriod":0,"CpuRealtimeRuntime":0,"CpusetCpus":"","CpusetMems":"","Devices":null,"DeviceCgroupRules":null,"DeviceRequests":null,"KernelMemory":0,"KernelMemoryTCP":0,"MemoryReservation":0,"MemorySwap":0,"MemorySwappiness":null,"OomKillDisable":null,"PidsLimit":null,"Ulimits":null,"CpuCount":0,"CpuPercent":0,"IOMaximumIOps":0,"IOMaximumBandwidth":0,"MaskedPaths":["/proc/asound","/proc/acpi","/proc/kcore","/proc/keys","/proc/latency_stats","/proc/timer_list","/proc/timer_stats","/proc/sched_debug","/proc/scsi","/sys/firmware"],"ReadonlyPaths":["/proc/bus","/proc/fs","/proc/irq","/proc/sys","/proc/sysrq-trigger"]},"GraphDriver":{"Data":{"LowerDir":"/var/lib/docker/overlay2/45da4782eb6c4075fef21a16271836d62c4e4726b16ef4c5ea199d4e626bdb39-init/diff:/var/lib/docker/overlay2/27a623f1ab748258e017a40f339844ef533377092bad4182aa320e9399893e13/diff:/var/lib/docker/overlay2/d7c1e4de558b6bbbdc3209a51fc73295262b5271709fe659d0e2e94f626eea74/diff:/var/lib/docker/overlay2/2df554f793c3600571e2f078ad2e20025d6b2e35f3d18881ead4f70e2cc26cb8/diff:/var/lib/docker/overlay2/feb23515577245ad51a24945de1e6bab842929569da912a2b4a33a48c6c2331f/diff:/var/lib/docker/overlay2/cc2cdbce154e19d9c4f376917b6c92ebd55b0b495124ffd2c9d7e9c82b6a95f9/diff:/var/lib/docker/overlay2/968467fe01280f82d26487386f320a15000815d63000d5ec89b47acca8f77ef2/diff:/var/lib/docker/overlay2/cc59daa314bbcaec43d6cd4064c7863b4b3976b989121dcf2e32c4710281f247/diff:/var/lib/docker/overlay2/dc5d8b1cf96cfd5d96d68fbed14248edf1244c1a4669ba07b0bab7f3d782f058/diff:/var/lib/docker/overlay2/dcca184158d696706cd99e62ffa3e5c42964eb57190bef35421cdf3f83a8c130/diff:/var/lib/docker/overlay2/a7f928596da67ce59f34b0ba4cee4a3b948b94f91ad0b0b6260dc54fb9b5a048/diff:/var/lib/docker/overlay2/6ac5adbfff6202b1faa13a2a2fd92625bdda668cdac1a1d2230becbb394e569f/diff","MergedDir":"/var/lib/docker/overlay2/45da4782eb6c4075fef21a16271836d62c4e4726b16ef4c5ea199d4e626bdb39/merged","UpperDir":"/var/lib/docker/overlay2/45da4782eb6c4075fef21a16271836d62c4e4726b16ef4c5ea199d4e626bdb39/diff","WorkDir":"/var/lib/docker/overlay2/45da4782eb6c4075fef21a16271836d62c4e4726b16ef4c5ea199d4e626bdb39/work"},"Name":"overlay2"},"Mounts":[{"Type":"volume","Name":"08668a73464516d2c615e247a561222f461f2385cff5615e53cc78e96456230c","Source":"/var/lib/docker/volumes/08668a73464516d2c615e247a561222f461f2385cff5615e53cc78e96456230c/_data","Destination":"/var/lib/mysql","Driver":"local","Mode":"","RW":true,"Propagation":""}],"Config":{"Hostname":"47a7ce05e61a","Domainname":"","User":"","AttachStdin":false,"AttachStdout":false,"AttachStderr":false,"ExposedPorts":{"3306/tcp":{},"33060/tcp":{}},"Tty":false,"OpenStdin":false,"StdinOnce":false,"Env":["MYSQL_DATABASE=lotification","MYSQL_PASSWORD=1234","MYSQL_USER=admin","MYSQL_ROOT_PASSWORD=1234","PATH=/usr/local/sbin:/usr/local/bin:/usr/sbin:/usr/bin:/sbin:/bin","GOSU_VERSION=1.14","MYSQL_MAJOR=8.0","MYSQL_VERSION=8.0.30-1.el8","MYSQL_SHELL_VERSION=8.0.30-1.el8"],"Cmd":["mysqld"],"Image":"mysql:8","Volumes":{"/var/lib/mysql":{}},"WorkingDir":"","Entrypoint":["docker-entrypoint.sh"],"OnBuild":null,"Labels":{"org.testcontainers":"true","org.testcontainers.sessionId":"c5b4bded-8a7b-4309-a94c-5bb153977152"}},"NetworkSettings":{"Bridge":"","SandboxID":"c87f478ec31081a2fc02a6d53fa5addc8f61962dea8dd5c17c1c641e1a25e99b","HairpinMode":false,"LinkLocalIPv6Address":"","LinkLocalIPv6PrefixLen":0,"Ports":{"3306/tcp":[{"HostIp":"0.0.0.0","HostPort":"63346"}],"33060/tcp":null},"SandboxKey":"/var/run/docker/netns/c87f478ec310","SecondaryIPAddresses":null,"SecondaryIPv6Addresses":null,"EndpointID":"7830774c518a6ae45bc93e5b48bd99e8a609aa29230b007326fa87b5ca32567f","Gateway":"172.17.0.1","GlobalIPv6Address":"","GlobalIPv6PrefixLen":0,"IPAddress":"172.17.0.4","IPPrefixLen":16,"IPv6Gateway":"","MacAddress":"02:42:ac:11:00:04","Networks":{"bridge":{"IPAMConfig":null,"Links":null,"Aliases":null,"NetworkID":"42b943ace1ba272d06317befbba08f853c5a08f211a0bdf3660599ced98f9c17","EndpointID":"7830774c518a6ae45bc93e5b48bd99e8a609aa29230b007326fa87b5ca32567f","Gateway":"172.17.0.1","IPAddress":"172.17.0.4","IPPrefixLen":16,"IPv6Gateway":"","GlobalIPv6Address":"","GlobalIPv6PrefixLen":0,"MacAddress":"02:42:ac:11:00:04","DriverOpts":null}}}}[\n]"
11:45:44.054 [Test worker] DEBUG com.github.dockerjava.zerodep.shaded.org.apache.hc.client5.http.wire - http-outgoing-2 << "[\r][\n]"
11:45:44.054 [Test worker] DEBUG com.github.dockerjava.zerodep.shaded.org.apache.hc.client5.http.wire - http-outgoing-2 << "0[\r][\n]"
11:45:44.054 [Test worker] DEBUG com.github.dockerjava.zerodep.shaded.org.apache.hc.client5.http.wire - http-outgoing-2 << "[\r][\n]"
11:45:44.054 [Test worker] DEBUG com.github.dockerjava.zerodep.shaded.org.apache.hc.client5.http.impl.classic.InternalHttpClient - ep-0000004F: releasing valid endpoint
11:45:44.054 [Test worker] DEBUG com.github.dockerjava.zerodep.shaded.org.apache.hc.client5.http.impl.io.PoolingHttpClientConnectionManager - ep-0000004F: releasing endpoint
11:45:44.054 [Test worker] DEBUG com.github.dockerjava.zerodep.shaded.org.apache.hc.client5.http.impl.io.PoolingHttpClientConnectionManager - ep-0000004F: connection http-outgoing-2 can be kept alive for 3 MINUTES
11:45:44.055 [Test worker] DEBUG com.github.dockerjava.zerodep.shaded.org.apache.hc.client5.http.impl.io.PoolingHttpClientConnectionManager - ep-0000004F: connection released [route: {}->unix://localhost:2375][total available: 1; route allocated: 1 of 2147483647; total allocated: 1 of 2147483647]
11:45:44.055 [Test worker] DEBUG ]]>&#x1f433;<![CDATA[ [mysql:8] - Trying to create JDBC connection using com.mysql.cj.jdbc.Driver to jdbc:mysql://localhost:63346/lotification?useSSL=false&allowPublicKeyRetrieval=true with properties: {password=1234, user=admin}
11:45:44.158 [Test worker] DEBUG org.testcontainers.shaded.com.github.dockerjava.core.command.AbstrDockerCmd - Cmd: 47a7ce05e61aa72bdced5a030ca6064519c62d122a5992816f04e0e528b5b17d,false
11:45:44.158 [Test worker] DEBUG org.testcontainers.shaded.com.github.dockerjava.core.exec.InspectContainerCmdExec - GET: DefaultWebTarget{path=[/containers/47a7ce05e61aa72bdced5a030ca6064519c62d122a5992816f04e0e528b5b17d/json], queryParams={}}
11:45:44.158 [Test worker] DEBUG com.github.dockerjava.zerodep.shaded.org.apache.hc.client5.http.impl.classic.InternalHttpClient - ex-00000051: preparing request execution
11:45:44.158 [Test worker] DEBUG com.github.dockerjava.zerodep.shaded.org.apache.hc.client5.http.protocol.RequestAddCookies - Cookie spec selected: strict
11:45:44.158 [Test worker] DEBUG com.github.dockerjava.zerodep.shaded.org.apache.hc.client5.http.protocol.RequestAuthCache - Auth cache not set in the context
11:45:44.158 [Test worker] DEBUG com.github.dockerjava.zerodep.shaded.org.apache.hc.client5.http.impl.classic.ProtocolExec - ex-00000051: target auth state: UNCHALLENGED
11:45:44.158 [Test worker] DEBUG com.github.dockerjava.zerodep.shaded.org.apache.hc.client5.http.impl.classic.ProtocolExec - ex-00000051: proxy auth state: UNCHALLENGED
11:45:44.158 [Test worker] DEBUG com.github.dockerjava.zerodep.shaded.org.apache.hc.client5.http.impl.classic.ConnectExec - ex-00000051: acquiring connection with route {}->unix://localhost:2375
11:45:44.158 [Test worker] DEBUG com.github.dockerjava.zerodep.shaded.org.apache.hc.client5.http.impl.classic.InternalHttpClient - ex-00000051: acquiring endpoint (3 MINUTES)
11:45:44.158 [Test worker] DEBUG com.github.dockerjava.zerodep.shaded.org.apache.hc.client5.http.impl.io.PoolingHttpClientConnectionManager - ex-00000051: endpoint lease request (3 MINUTES) [route: {}->unix://localhost:2375][total available: 1; route allocated: 1 of 2147483647; total allocated: 1 of 2147483647]
11:45:44.158 [Test worker] DEBUG com.github.dockerjava.zerodep.shaded.org.apache.hc.client5.http.impl.io.PoolingHttpClientConnectionManager - ex-00000051: endpoint leased [route: {}->unix://localhost:2375][total available: 0; route allocated: 1 of 2147483647; total allocated: 1 of 2147483647]
11:45:44.158 [Test worker] DEBUG com.github.dockerjava.zerodep.shaded.org.apache.hc.client5.http.impl.io.PoolingHttpClientConnectionManager - ex-00000051: acquired ep-00000050
11:45:44.158 [Test worker] DEBUG com.github.dockerjava.zerodep.shaded.org.apache.hc.client5.http.impl.classic.InternalHttpClient - ex-00000051: acquired endpoint ep-00000050
11:45:44.158 [Test worker] DEBUG com.github.dockerjava.zerodep.shaded.org.apache.hc.client5.http.impl.classic.MainClientExec - ex-00000051: executing GET /v1.32/containers/47a7ce05e61aa72bdced5a030ca6064519c62d122a5992816f04e0e528b5b17d/json HTTP/1.1
11:45:44.158 [Test worker] DEBUG com.github.dockerjava.zerodep.shaded.org.apache.hc.client5.http.impl.classic.InternalHttpClient - ep-00000050: start execution ex-00000051
11:45:44.158 [Test worker] DEBUG com.github.dockerjava.zerodep.shaded.org.apache.hc.client5.http.impl.io.PoolingHttpClientConnectionManager - ep-00000050: executing exchange ex-00000051 over http-outgoing-2
11:45:44.158 [Test worker] DEBUG com.github.dockerjava.zerodep.shaded.org.apache.hc.client5.http.headers - http-outgoing-2 >> GET /v1.32/containers/47a7ce05e61aa72bdced5a030ca6064519c62d122a5992816f04e0e528b5b17d/json HTTP/1.1
11:45:44.158 [Test worker] DEBUG com.github.dockerjava.zerodep.shaded.org.apache.hc.client5.http.headers - http-outgoing-2 >> accept: application/json
11:45:44.158 [Test worker] DEBUG com.github.dockerjava.zerodep.shaded.org.apache.hc.client5.http.headers - http-outgoing-2 >> x-tc-sid: c5b4bded-8a7b-4309-a94c-5bb153977152
11:45:44.158 [Test worker] DEBUG com.github.dockerjava.zerodep.shaded.org.apache.hc.client5.http.headers - http-outgoing-2 >> Accept-Encoding: gzip, x-gzip, deflate
11:45:44.158 [Test worker] DEBUG com.github.dockerjava.zerodep.shaded.org.apache.hc.client5.http.headers - http-outgoing-2 >> Host: localhost:2375
11:45:44.158 [Test worker] DEBUG com.github.dockerjava.zerodep.shaded.org.apache.hc.client5.http.headers - http-outgoing-2 >> Connection: keep-alive
11:45:44.158 [Test worker] DEBUG com.github.dockerjava.zerodep.shaded.org.apache.hc.client5.http.headers - http-outgoing-2 >> User-Agent: Apache-HttpClient/5.0.3 (Java/17.0.3)
11:45:44.158 [Test worker] DEBUG com.github.dockerjava.zerodep.shaded.org.apache.hc.client5.http.wire - http-outgoing-2 >> "GET /v1.32/containers/47a7ce05e61aa72bdced5a030ca6064519c62d122a5992816f04e0e528b5b17d/json HTTP/1.1[\r][\n]"
11:45:44.158 [Test worker] DEBUG com.github.dockerjava.zerodep.shaded.org.apache.hc.client5.http.wire - http-outgoing-2 >> "accept: application/json[\r][\n]"
11:45:44.158 [Test worker] DEBUG com.github.dockerjava.zerodep.shaded.org.apache.hc.client5.http.wire - http-outgoing-2 >> "x-tc-sid: c5b4bded-8a7b-4309-a94c-5bb153977152[\r][\n]"
11:45:44.158 [Test worker] DEBUG com.github.dockerjava.zerodep.shaded.org.apache.hc.client5.http.wire - http-outgoing-2 >> "Accept-Encoding: gzip, x-gzip, deflate[\r][\n]"
11:45:44.158 [Test worker] DEBUG com.github.dockerjava.zerodep.shaded.org.apache.hc.client5.http.wire - http-outgoing-2 >> "Host: localhost:2375[\r][\n]"
11:45:44.158 [Test worker] DEBUG com.github.dockerjava.zerodep.shaded.org.apache.hc.client5.http.wire - http-outgoing-2 >> "Connection: keep-alive[\r][\n]"
11:45:44.158 [Test worker] DEBUG com.github.dockerjava.zerodep.shaded.org.apache.hc.client5.http.wire - http-outgoing-2 >> "User-Agent: Apache-HttpClient/5.0.3 (Java/17.0.3)[\r][\n]"
11:45:44.158 [Test worker] DEBUG com.github.dockerjava.zerodep.shaded.org.apache.hc.client5.http.wire - http-outgoing-2 >> "[\r][\n]"
11:45:44.161 [Test worker] DEBUG com.github.dockerjava.zerodep.shaded.org.apache.hc.client5.http.wire - http-outgoing-2 << "HTTP/1.1 200 OK[\r][\n]"
11:45:44.161 [Test worker] DEBUG com.github.dockerjava.zerodep.shaded.org.apache.hc.client5.http.wire - http-outgoing-2 << "Api-Version: 1.41[\r][\n]"
11:45:44.161 [Test worker] DEBUG com.github.dockerjava.zerodep.shaded.org.apache.hc.client5.http.wire - http-outgoing-2 << "Content-Type: application/json[\r][\n]"
11:45:44.161 [Test worker] DEBUG com.github.dockerjava.zerodep.shaded.org.apache.hc.client5.http.wire - http-outgoing-2 << "Date: Mon, 26 Sep 2022 02:45:44 GMT[\r][\n]"
11:45:44.161 [Test worker] DEBUG com.github.dockerjava.zerodep.shaded.org.apache.hc.client5.http.wire - http-outgoing-2 << "Docker-Experimental: false[\r][\n]"
11:45:44.161 [Test worker] DEBUG com.github.dockerjava.zerodep.shaded.org.apache.hc.client5.http.wire - http-outgoing-2 << "Ostype: linux[\r][\n]"
11:45:44.161 [Test worker] DEBUG com.github.dockerjava.zerodep.shaded.org.apache.hc.client5.http.wire - http-outgoing-2 << "Server: Docker/20.10.11 (linux)[\r][\n]"
11:45:44.161 [Test worker] DEBUG com.github.dockerjava.zerodep.shaded.org.apache.hc.client5.http.wire - http-outgoing-2 << "Transfer-Encoding: chunked[\r][\n]"
11:45:44.161 [Test worker] DEBUG com.github.dockerjava.zerodep.shaded.org.apache.hc.client5.http.wire - http-outgoing-2 << "[\r][\n]"
11:45:44.161 [Test worker] DEBUG com.github.dockerjava.zerodep.shaded.org.apache.hc.client5.http.headers - http-outgoing-2 << HTTP/1.1 200 OK
11:45:44.161 [Test worker] DEBUG com.github.dockerjava.zerodep.shaded.org.apache.hc.client5.http.headers - http-outgoing-2 << Api-Version: 1.41
11:45:44.161 [Test worker] DEBUG com.github.dockerjava.zerodep.shaded.org.apache.hc.client5.http.headers - http-outgoing-2 << Content-Type: application/json
11:45:44.161 [Test worker] DEBUG com.github.dockerjava.zerodep.shaded.org.apache.hc.client5.http.headers - http-outgoing-2 << Date: Mon, 26 Sep 2022 02:45:44 GMT
11:45:44.161 [Test worker] DEBUG com.github.dockerjava.zerodep.shaded.org.apache.hc.client5.http.headers - http-outgoing-2 << Docker-Experimental: false
11:45:44.161 [Test worker] DEBUG com.github.dockerjava.zerodep.shaded.org.apache.hc.client5.http.headers - http-outgoing-2 << Ostype: linux
11:45:44.161 [Test worker] DEBUG com.github.dockerjava.zerodep.shaded.org.apache.hc.client5.http.headers - http-outgoing-2 << Server: Docker/20.10.11 (linux)
11:45:44.161 [Test worker] DEBUG com.github.dockerjava.zerodep.shaded.org.apache.hc.client5.http.headers - http-outgoing-2 << Transfer-Encoding: chunked
11:45:44.161 [Test worker] DEBUG com.github.dockerjava.zerodep.shaded.org.apache.hc.client5.http.impl.classic.MainClientExec - ex-00000051: connection can be kept alive for 3 MINUTES
11:45:44.162 [Test worker] DEBUG com.github.dockerjava.zerodep.shaded.org.apache.hc.client5.http.wire - http-outgoing-2 << "1882[\r][\n]"
11:45:44.162 [Test worker] DEBUG com.github.dockerjava.zerodep.shaded.org.apache.hc.client5.http.wire - http-outgoing-2 << "{"Id":"47a7ce05e61aa72bdced5a030ca6064519c62d122a5992816f04e0e528b5b17d","Created":"2022-09-26T02:45:36.042081626Z","Path":"docker-entrypoint.sh","Args":["mysqld"],"State":{"Status":"running","Running":true,"Paused":false,"Restarting":false,"OOMKilled":false,"Dead":false,"Pid":2251,"ExitCode":0,"Error":"","StartedAt":"2022-09-26T02:45:36.388226668Z","FinishedAt":"0001-01-01T00:00:00Z"},"Image":"sha256:5e229524f286e653111cb9d028bf1ba4c3490742c8cd18c84af22538f0e68575","ResolvConfPath":"/var/lib/docker/containers/47a7ce05e61aa72bdced5a030ca6064519c62d122a5992816f04e0e528b5b17d/resolv.conf","HostnamePath":"/var/lib/docker/containers/47a7ce05e61aa72bdced5a030ca6064519c62d122a5992816f04e0e528b5b17d/hostname","HostsPath":"/var/lib/docker/containers/47a7ce05e61aa72bdced5a030ca6064519c62d122a5992816f04e0e528b5b17d/hosts","LogPath":"/var/lib/docker/containers/47a7ce05e61aa72bdced5a030ca6064519c62d122a5992816f04e0e528b5b17d/47a7ce05e61aa72bdced5a030ca6064519c62d122a5992816f04e0e528b5b17d-json.log","Name":"/crazy_chaum","RestartCount":0,"Driver":"overlay2","Platform":"linux","MountLabel":"","ProcessLabel":"","AppArmorProfile":"","ExecIDs":null,"HostConfig":{"Binds":[],"ContainerIDFile":"","LogConfig":{"Type":"json-file","Config":{}},"NetworkMode":"default","PortBindings":{"3306/tcp":[{"HostIp":"0.0.0.0","HostPort":"0"}]},"RestartPolicy":{"Name":"","MaximumRetryCount":0},"AutoRemove":false,"VolumeDriver":"","VolumesFrom":[],"CapAdd":null,"CapDrop":null,"CgroupnsMode":"private","Dns":null,"DnsOptions":null,"DnsSearch":null,"ExtraHosts":[],"GroupAdd":null,"IpcMode":"shareable","Cgroup":"","Links":null,"OomScoreAdj":0,"PidMode":"","Privileged":false,"PublishAllPorts":false,"ReadonlyRootfs":false,"SecurityOpt":null,"UTSMode":"","UsernsMode":"","ShmSize":67108864,"Runtime":"runc","ConsoleSize":[0,0],"Isolation":"","CpuShares":0,"Memory":0,"NanoCpus":0,"CgroupParent":"","BlkioWeight":0,"BlkioWeightDevice":null,"BlkioDeviceReadBps":null,"BlkioDeviceWriteBps":null,"BlkioDeviceReadIOps":null,"BlkioDeviceWriteIOps":null,"CpuPeriod":0,"CpuQuota":0,"CpuRealtimePeriod":0,"CpuRealtimeRuntime":0,"CpusetCpus":"","CpusetMems":"","Devices":null,"DeviceCgroupRules":null,"DeviceRequests":null,"KernelMemory":0,"KernelMemoryTCP":0,"MemoryReservation":0,"MemorySwap":0,"MemorySwappiness":null,"OomKillDisable":null,"PidsLimit":null,"Ulimits":null,"CpuCount":0,"CpuPercent":0,"IOMaximumIOps":0,"IOMaximumBandwidth":0,"MaskedPaths":["/proc/asound","/proc/acpi","/proc/kcore","/proc/keys","/proc/latency_stats","/proc/timer_list","/proc/timer_stats","/proc/sched_debug","/proc/scsi","/sys/firmware"],"ReadonlyPaths":["/proc/bus","/proc/fs","/proc/irq","/proc/sys","/proc/sysrq-trigger"]},"GraphDriver":{"Data":{"LowerDir":"/var/lib/docker/overlay2/45da4782eb6c4075fef21a16271836d62c4e4726b16ef4c5ea199d4e626bdb39-init/diff:/var/lib/docker/overlay2/27a623f1ab748258e017a40f339844ef533377092bad4182aa320e9399893e13/diff:/var/lib/docker/overlay2/d7c1e4de558b6bbbdc3209a51fc73295262b5271709fe659d0e2e94f626eea74/diff:/var/lib/docker/overlay2/2df554f793c3600571e2f078ad2e20025d6b2e35f3d18881ead4f70e2cc26cb8/diff:/var/lib/docker/overlay2/feb23515577245ad51a24945de1e6bab842929569da912a2b4a33a48c6c2331f/diff:/var/lib/docker/overlay2/cc2cdbce154e19d9c4f376917b6c92ebd55b0b495124ffd2c9d7e9c82b6a95f9/diff:/var/lib/docker/overlay2/968467fe01280f82d26487386f320a15000815d63000d5ec89b47acca8f77ef2/diff:/var/lib/docker/overlay2/cc59daa314bbcaec43d6cd4064c7863b4b3976b989121dcf2e32c4710281f247/diff:/var/lib/docker/overlay2/dc5d8b1cf96cfd5d96d68fbed14248edf1244c1a4669ba07b0bab7f3d782f058/diff:/var/lib/docker/overlay2/dcca184158d696706cd99e62ffa3e5c42964eb57190bef35421cdf3f83a8c130/diff:/var/lib/docker/overlay2/a7f928596da67ce59f34b0ba4cee4a3b948b94f91ad0b0b6260dc54fb9b5a048/diff:/var/lib/docker/overlay2/6ac5adbfff6202b1faa13a2a2fd92625bdda668cdac1a1d2230becbb394e569f/diff","MergedDir":"/var/lib/docker/overlay2/45da4782eb6c4075fef21a16271836d62c4e4726b16ef4c5ea199d4e626bdb39/merged","UpperDir":"/var/lib/docker/overlay2/45da4782eb6c4075fef21a16271836d62c4e4726b16ef4c5ea199d4e626bdb39/diff","WorkDir":"/var/lib/docker/overlay2/45da4782eb6c4075fef21a16271836d62c4e4726b16ef4c5ea199d4e626bdb39/work"},"Name":"overlay2"},"Mounts":[{"Type":"volume","Name":"08668a73464516d2c615e247a561222f461f2385cff5615e53cc78e96456230c","Source":"/var/lib/docker/volumes/08668a73464516d2c615e247a561222f461f2385cff5615e53cc78e96456230c/_data","Destination":"/var/lib/mysql","Driver":"local","Mode":"","RW":true,"Propagation":""}],"Config":{"Hostname":"47a7ce05e61a","Domainname":"","User":"","AttachStdin":false,"AttachStdout":false,"AttachStderr":false,"ExposedPorts":{"3306/tcp":{},"33060/tcp":{}},"Tty":false,"OpenStdin":false,"StdinOnce":false,"Env":["MYSQL_DATABASE=lotification","MYSQL_PASSWORD=1234","MYSQL_USER=admin","MYSQL_ROOT_PASSWORD=1234","PATH=/usr/local/sbin:/usr/local/bin:/usr/sbin:/usr/bin:/sbin:/bin","GOSU_VERSION=1.14","MYSQL_MAJOR=8.0","MYSQL_VERSION=8.0.30-1.el8","MYSQL_SHELL_VERSION=8.0.30-1.el8"],"Cmd":["mysqld"],"Image":"mysql:8","Volumes":{"/var/lib/mysql":{}},"WorkingDir":"","Entrypoint":["docker-entrypoint.sh"],"OnBuild":null,"Labels":{"org.testcontainers":"true","org.testcontainers.sessionId":"c5b4bded-8a7b-4309-a94c-5bb153977152"}},"NetworkSettings":{"Bridge":"","SandboxID":"c87f478ec31081a2fc02a6d53fa5addc8f61962dea8dd5c17c1c641e1a25e99b","HairpinMode":false,"LinkLocalIPv6Address":"","LinkLocalIPv6PrefixLen":0,"Ports":{"3306/tcp":[{"HostIp":"0.0.0.0","HostPort":"63346"}],"33060/tcp":null},"SandboxKey":"/var/run/docker/netns/c87f478ec310","SecondaryIPAddresses":null,"SecondaryIPv6Addresses":null,"EndpointID":"7830774c518a6ae45bc93e5b48bd99e8a609aa29230b007326fa87b5ca32567f","Gateway":"172.17.0.1","GlobalIPv6Address":"","GlobalIPv6PrefixLen":0,"IPAddress":"172.17.0.4","IPPrefixLen":16,"IPv6Gateway":"","MacAddress":"02:42:ac:11:00:04","Networks":{"bridge":{"IPAMConfig":null,"Links":null,"Aliases":null,"NetworkID":"42b943ace1ba272d06317befbba08f853c5a08f211a0bdf3660599ced98f9c17","EndpointID":"7830774c518a6ae45bc93e5b48bd99e8a609aa29230b007326fa87b5ca32567f","Gateway":"172.17.0.1","IPAddress":"172.17.0.4","IPPrefixLen":16,"IPv6Gateway":"","GlobalIPv6Address":"","GlobalIPv6PrefixLen":0,"MacAddress":"02:42:ac:11:00:04","DriverOpts":null}}}}[\n]"
11:45:44.162 [Test worker] DEBUG com.github.dockerjava.zerodep.shaded.org.apache.hc.client5.http.wire - http-outgoing-2 << "[\r][\n]"
11:45:44.163 [Test worker] DEBUG com.github.dockerjava.zerodep.shaded.org.apache.hc.client5.http.wire - http-outgoing-2 << "0[\r][\n]"
11:45:44.163 [Test worker] DEBUG com.github.dockerjava.zerodep.shaded.org.apache.hc.client5.http.wire - http-outgoing-2 << "[\r][\n]"
11:45:44.163 [Test worker] DEBUG com.github.dockerjava.zerodep.shaded.org.apache.hc.client5.http.impl.classic.InternalHttpClient - ep-00000050: releasing valid endpoint
11:45:44.163 [Test worker] DEBUG com.github.dockerjava.zerodep.shaded.org.apache.hc.client5.http.impl.io.PoolingHttpClientConnectionManager - ep-00000050: releasing endpoint
11:45:44.163 [Test worker] DEBUG com.github.dockerjava.zerodep.shaded.org.apache.hc.client5.http.impl.io.PoolingHttpClientConnectionManager - ep-00000050: connection http-outgoing-2 can be kept alive for 3 MINUTES
11:45:44.163 [Test worker] DEBUG com.github.dockerjava.zerodep.shaded.org.apache.hc.client5.http.impl.io.PoolingHttpClientConnectionManager - ep-00000050: connection released [route: {}->unix://localhost:2375][total available: 1; route allocated: 1 of 2147483647; total allocated: 1 of 2147483647]
11:45:44.163 [Test worker] DEBUG ]]>&#x1f433;<![CDATA[ [mysql:8] - Trying to create JDBC connection using com.mysql.cj.jdbc.Driver to jdbc:mysql://localhost:63346/lotification?useSSL=false&allowPublicKeyRetrieval=true with properties: {password=1234, user=admin}
11:45:44.270 [Test worker] DEBUG org.testcontainers.shaded.com.github.dockerjava.core.command.AbstrDockerCmd - Cmd: 47a7ce05e61aa72bdced5a030ca6064519c62d122a5992816f04e0e528b5b17d,false
11:45:44.270 [Test worker] DEBUG org.testcontainers.shaded.com.github.dockerjava.core.exec.InspectContainerCmdExec - GET: DefaultWebTarget{path=[/containers/47a7ce05e61aa72bdced5a030ca6064519c62d122a5992816f04e0e528b5b17d/json], queryParams={}}
11:45:44.271 [Test worker] DEBUG com.github.dockerjava.zerodep.shaded.org.apache.hc.client5.http.impl.classic.InternalHttpClient - ex-00000052: preparing request execution
11:45:44.271 [Test worker] DEBUG com.github.dockerjava.zerodep.shaded.org.apache.hc.client5.http.protocol.RequestAddCookies - Cookie spec selected: strict
11:45:44.271 [Test worker] DEBUG com.github.dockerjava.zerodep.shaded.org.apache.hc.client5.http.protocol.RequestAuthCache - Auth cache not set in the context
11:45:44.271 [Test worker] DEBUG com.github.dockerjava.zerodep.shaded.org.apache.hc.client5.http.impl.classic.ProtocolExec - ex-00000052: target auth state: UNCHALLENGED
11:45:44.271 [Test worker] DEBUG com.github.dockerjava.zerodep.shaded.org.apache.hc.client5.http.impl.classic.ProtocolExec - ex-00000052: proxy auth state: UNCHALLENGED
11:45:44.271 [Test worker] DEBUG com.github.dockerjava.zerodep.shaded.org.apache.hc.client5.http.impl.classic.ConnectExec - ex-00000052: acquiring connection with route {}->unix://localhost:2375
11:45:44.271 [Test worker] DEBUG com.github.dockerjava.zerodep.shaded.org.apache.hc.client5.http.impl.classic.InternalHttpClient - ex-00000052: acquiring endpoint (3 MINUTES)
11:45:44.271 [Test worker] DEBUG com.github.dockerjava.zerodep.shaded.org.apache.hc.client5.http.impl.io.PoolingHttpClientConnectionManager - ex-00000052: endpoint lease request (3 MINUTES) [route: {}->unix://localhost:2375][total available: 1; route allocated: 1 of 2147483647; total allocated: 1 of 2147483647]
11:45:44.271 [Test worker] DEBUG com.github.dockerjava.zerodep.shaded.org.apache.hc.client5.http.impl.io.PoolingHttpClientConnectionManager - ex-00000052: endpoint leased [route: {}->unix://localhost:2375][total available: 0; route allocated: 1 of 2147483647; total allocated: 1 of 2147483647]
11:45:44.271 [Test worker] DEBUG com.github.dockerjava.zerodep.shaded.org.apache.hc.client5.http.impl.io.PoolingHttpClientConnectionManager - ex-00000052: acquired ep-00000051
11:45:44.271 [Test worker] DEBUG com.github.dockerjava.zerodep.shaded.org.apache.hc.client5.http.impl.classic.InternalHttpClient - ex-00000052: acquired endpoint ep-00000051
11:45:44.271 [Test worker] DEBUG com.github.dockerjava.zerodep.shaded.org.apache.hc.client5.http.impl.classic.MainClientExec - ex-00000052: executing GET /v1.32/containers/47a7ce05e61aa72bdced5a030ca6064519c62d122a5992816f04e0e528b5b17d/json HTTP/1.1
11:45:44.271 [Test worker] DEBUG com.github.dockerjava.zerodep.shaded.org.apache.hc.client5.http.impl.classic.InternalHttpClient - ep-00000051: start execution ex-00000052
11:45:44.271 [Test worker] DEBUG com.github.dockerjava.zerodep.shaded.org.apache.hc.client5.http.impl.io.PoolingHttpClientConnectionManager - ep-00000051: executing exchange ex-00000052 over http-outgoing-2
11:45:44.271 [Test worker] DEBUG com.github.dockerjava.zerodep.shaded.org.apache.hc.client5.http.headers - http-outgoing-2 >> GET /v1.32/containers/47a7ce05e61aa72bdced5a030ca6064519c62d122a5992816f04e0e528b5b17d/json HTTP/1.1
11:45:44.271 [Test worker] DEBUG com.github.dockerjava.zerodep.shaded.org.apache.hc.client5.http.headers - http-outgoing-2 >> accept: application/json
11:45:44.271 [Test worker] DEBUG com.github.dockerjava.zerodep.shaded.org.apache.hc.client5.http.headers - http-outgoing-2 >> x-tc-sid: c5b4bded-8a7b-4309-a94c-5bb153977152
11:45:44.271 [Test worker] DEBUG com.github.dockerjava.zerodep.shaded.org.apache.hc.client5.http.headers - http-outgoing-2 >> Accept-Encoding: gzip, x-gzip, deflate
11:45:44.271 [Test worker] DEBUG com.github.dockerjava.zerodep.shaded.org.apache.hc.client5.http.headers - http-outgoing-2 >> Host: localhost:2375
11:45:44.271 [Test worker] DEBUG com.github.dockerjava.zerodep.shaded.org.apache.hc.client5.http.headers - http-outgoing-2 >> Connection: keep-alive
11:45:44.271 [Test worker] DEBUG com.github.dockerjava.zerodep.shaded.org.apache.hc.client5.http.headers - http-outgoing-2 >> User-Agent: Apache-HttpClient/5.0.3 (Java/17.0.3)
11:45:44.271 [Test worker] DEBUG com.github.dockerjava.zerodep.shaded.org.apache.hc.client5.http.wire - http-outgoing-2 >> "GET /v1.32/containers/47a7ce05e61aa72bdced5a030ca6064519c62d122a5992816f04e0e528b5b17d/json HTTP/1.1[\r][\n]"
11:45:44.271 [Test worker] DEBUG com.github.dockerjava.zerodep.shaded.org.apache.hc.client5.http.wire - http-outgoing-2 >> "accept: application/json[\r][\n]"
11:45:44.271 [Test worker] DEBUG com.github.dockerjava.zerodep.shaded.org.apache.hc.client5.http.wire - http-outgoing-2 >> "x-tc-sid: c5b4bded-8a7b-4309-a94c-5bb153977152[\r][\n]"
11:45:44.271 [Test worker] DEBUG com.github.dockerjava.zerodep.shaded.org.apache.hc.client5.http.wire - http-outgoing-2 >> "Accept-Encoding: gzip, x-gzip, deflate[\r][\n]"
11:45:44.271 [Test worker] DEBUG com.github.dockerjava.zerodep.shaded.org.apache.hc.client5.http.wire - http-outgoing-2 >> "Host: localhost:2375[\r][\n]"
11:45:44.271 [Test worker] DEBUG com.github.dockerjava.zerodep.shaded.org.apache.hc.client5.http.wire - http-outgoing-2 >> "Connection: keep-alive[\r][\n]"
11:45:44.271 [Test worker] DEBUG com.github.dockerjava.zerodep.shaded.org.apache.hc.client5.http.wire - http-outgoing-2 >> "User-Agent: Apache-HttpClient/5.0.3 (Java/17.0.3)[\r][\n]"
11:45:44.271 [Test worker] DEBUG com.github.dockerjava.zerodep.shaded.org.apache.hc.client5.http.wire - http-outgoing-2 >> "[\r][\n]"
11:45:44.273 [Test worker] DEBUG com.github.dockerjava.zerodep.shaded.org.apache.hc.client5.http.wire - http-outgoing-2 << "HTTP/1.1 200 OK[\r][\n]"
11:45:44.273 [Test worker] DEBUG com.github.dockerjava.zerodep.shaded.org.apache.hc.client5.http.wire - http-outgoing-2 << "Api-Version: 1.41[\r][\n]"
11:45:44.273 [Test worker] DEBUG com.github.dockerjava.zerodep.shaded.org.apache.hc.client5.http.wire - http-outgoing-2 << "Content-Type: application/json[\r][\n]"
11:45:44.273 [Test worker] DEBUG com.github.dockerjava.zerodep.shaded.org.apache.hc.client5.http.wire - http-outgoing-2 << "Date: Mon, 26 Sep 2022 02:45:44 GMT[\r][\n]"
11:45:44.273 [Test worker] DEBUG com.github.dockerjava.zerodep.shaded.org.apache.hc.client5.http.wire - http-outgoing-2 << "Docker-Experimental: false[\r][\n]"
11:45:44.273 [Test worker] DEBUG com.github.dockerjava.zerodep.shaded.org.apache.hc.client5.http.wire - http-outgoing-2 << "Ostype: linux[\r][\n]"
11:45:44.273 [Test worker] DEBUG com.github.dockerjava.zerodep.shaded.org.apache.hc.client5.http.wire - http-outgoing-2 << "Server: Docker/20.10.11 (linux)[\r][\n]"
11:45:44.273 [Test worker] DEBUG com.github.dockerjava.zerodep.shaded.org.apache.hc.client5.http.wire - http-outgoing-2 << "Transfer-Encoding: chunked[\r][\n]"
11:45:44.273 [Test worker] DEBUG com.github.dockerjava.zerodep.shaded.org.apache.hc.client5.http.wire - http-outgoing-2 << "[\r][\n]"
11:45:44.273 [Test worker] DEBUG com.github.dockerjava.zerodep.shaded.org.apache.hc.client5.http.headers - http-outgoing-2 << HTTP/1.1 200 OK
11:45:44.273 [Test worker] DEBUG com.github.dockerjava.zerodep.shaded.org.apache.hc.client5.http.headers - http-outgoing-2 << Api-Version: 1.41
11:45:44.273 [Test worker] DEBUG com.github.dockerjava.zerodep.shaded.org.apache.hc.client5.http.headers - http-outgoing-2 << Content-Type: application/json
11:45:44.273 [Test worker] DEBUG com.github.dockerjava.zerodep.shaded.org.apache.hc.client5.http.headers - http-outgoing-2 << Date: Mon, 26 Sep 2022 02:45:44 GMT
11:45:44.273 [Test worker] DEBUG com.github.dockerjava.zerodep.shaded.org.apache.hc.client5.http.headers - http-outgoing-2 << Docker-Experimental: false
11:45:44.273 [Test worker] DEBUG com.github.dockerjava.zerodep.shaded.org.apache.hc.client5.http.headers - http-outgoing-2 << Ostype: linux
11:45:44.273 [Test worker] DEBUG com.github.dockerjava.zerodep.shaded.org.apache.hc.client5.http.headers - http-outgoing-2 << Server: Docker/20.10.11 (linux)
11:45:44.273 [Test worker] DEBUG com.github.dockerjava.zerodep.shaded.org.apache.hc.client5.http.headers - http-outgoing-2 << Transfer-Encoding: chunked
11:45:44.273 [Test worker] DEBUG com.github.dockerjava.zerodep.shaded.org.apache.hc.client5.http.impl.classic.MainClientExec - ex-00000052: connection can be kept alive for 3 MINUTES
11:45:44.273 [Test worker] DEBUG com.github.dockerjava.zerodep.shaded.org.apache.hc.client5.http.wire - http-outgoing-2 << "1882[\r][\n]"
11:45:44.273 [Test worker] DEBUG com.github.dockerjava.zerodep.shaded.org.apache.hc.client5.http.wire - http-outgoing-2 << "{"Id":"47a7ce05e61aa72bdced5a030ca6064519c62d122a5992816f04e0e528b5b17d","Created":"2022-09-26T02:45:36.042081626Z","Path":"docker-entrypoint.sh","Args":["mysqld"],"State":{"Status":"running","Running":true,"Paused":false,"Restarting":false,"OOMKilled":false,"Dead":false,"Pid":2251,"ExitCode":0,"Error":"","StartedAt":"2022-09-26T02:45:36.388226668Z","FinishedAt":"0001-01-01T00:00:00Z"},"Image":"sha256:5e229524f286e653111cb9d028bf1ba4c3490742c8cd18c84af22538f0e68575","ResolvConfPath":"/var/lib/docker/containers/47a7ce05e61aa72bdced5a030ca6064519c62d122a5992816f04e0e528b5b17d/resolv.conf","HostnamePath":"/var/lib/docker/containers/47a7ce05e61aa72bdced5a030ca6064519c62d122a5992816f04e0e528b5b17d/hostname","HostsPath":"/var/lib/docker/containers/47a7ce05e61aa72bdced5a030ca6064519c62d122a5992816f04e0e528b5b17d/hosts","LogPath":"/var/lib/docker/containers/47a7ce05e61aa72bdced5a030ca6064519c62d122a5992816f04e0e528b5b17d/47a7ce05e61aa72bdced5a030ca6064519c62d122a5992816f04e0e528b5b17d-json.log","Name":"/crazy_chaum","RestartCount":0,"Driver":"overlay2","Platform":"linux","MountLabel":"","ProcessLabel":"","AppArmorProfile":"","ExecIDs":null,"HostConfig":{"Binds":[],"ContainerIDFile":"","LogConfig":{"Type":"json-file","Config":{}},"NetworkMode":"default","PortBindings":{"3306/tcp":[{"HostIp":"0.0.0.0","HostPort":"0"}]},"RestartPolicy":{"Name":"","MaximumRetryCount":0},"AutoRemove":false,"VolumeDriver":"","VolumesFrom":[],"CapAdd":null,"CapDrop":null,"CgroupnsMode":"private","Dns":null,"DnsOptions":null,"DnsSearch":null,"ExtraHosts":[],"GroupAdd":null,"IpcMode":"shareable","Cgroup":"","Links":null,"OomScoreAdj":0,"PidMode":"","Privileged":false,"PublishAllPorts":false,"ReadonlyRootfs":false,"SecurityOpt":null,"UTSMode":"","UsernsMode":"","ShmSize":67108864,"Runtime":"runc","ConsoleSize":[0,0],"Isolation":"","CpuShares":0,"Memory":0,"NanoCpus":0,"CgroupParent":"","BlkioWeight":0,"BlkioWeightDevice":null,"BlkioDeviceReadBps":null,"BlkioDeviceWriteBps":null,"BlkioDeviceReadIOps":null,"BlkioDeviceWriteIOps":null,"CpuPeriod":0,"CpuQuota":0,"CpuRealtimePeriod":0,"CpuRealtimeRuntime":0,"CpusetCpus":"","CpusetMems":"","Devices":null,"DeviceCgroupRules":null,"DeviceRequests":null,"KernelMemory":0,"KernelMemoryTCP":0,"MemoryReservation":0,"MemorySwap":0,"MemorySwappiness":null,"OomKillDisable":null,"PidsLimit":null,"Ulimits":null,"CpuCount":0,"CpuPercent":0,"IOMaximumIOps":0,"IOMaximumBandwidth":0,"MaskedPaths":["/proc/asound","/proc/acpi","/proc/kcore","/proc/keys","/proc/latency_stats","/proc/timer_list","/proc/timer_stats","/proc/sched_debug","/proc/scsi","/sys/firmware"],"ReadonlyPaths":["/proc/bus","/proc/fs","/proc/irq","/proc/sys","/proc/sysrq-trigger"]},"GraphDriver":{"Data":{"LowerDir":"/var/lib/docker/overlay2/45da4782eb6c4075fef21a16271836d62c4e4726b16ef4c5ea199d4e626bdb39-init/diff:/var/lib/docker/overlay2/27a623f1ab748258e017a40f339844ef533377092bad4182aa320e9399893e13/diff:/var/lib/docker/overlay2/d7c1e4de558b6bbbdc3209a51fc73295262b5271709fe659d0e2e94f626eea74/diff:/var/lib/docker/overlay2/2df554f793c3600571e2f078ad2e20025d6b2e35f3d18881ead4f70e2cc26cb8/diff:/var/lib/docker/overlay2/feb23515577245ad51a24945de1e6bab842929569da912a2b4a33a48c6c2331f/diff:/var/lib/docker/overlay2/cc2cdbce154e19d9c4f376917b6c92ebd55b0b495124ffd2c9d7e9c82b6a95f9/diff:/var/lib/docker/overlay2/968467fe01280f82d26487386f320a15000815d63000d5ec89b47acca8f77ef2/diff:/var/lib/docker/overlay2/cc59daa314bbcaec43d6cd4064c7863b4b3976b989121dcf2e32c4710281f247/diff:/var/lib/docker/overlay2/dc5d8b1cf96cfd5d96d68fbed14248edf1244c1a4669ba07b0bab7f3d782f058/diff:/var/lib/docker/overlay2/dcca184158d696706cd99e62ffa3e5c42964eb57190bef35421cdf3f83a8c130/diff:/var/lib/docker/overlay2/a7f928596da67ce59f34b0ba4cee4a3b948b94f91ad0b0b6260dc54fb9b5a048/diff:/var/lib/docker/overlay2/6ac5adbfff6202b1faa13a2a2fd92625bdda668cdac1a1d2230becbb394e569f/diff","MergedDir":"/var/lib/docker/overlay2/45da4782eb6c4075fef21a16271836d62c4e4726b16ef4c5ea199d4e626bdb39/merged","UpperDir":"/var/lib/docker/overlay2/45da4782eb6c4075fef21a16271836d62c4e4726b16ef4c5ea199d4e626bdb39/diff","WorkDir":"/var/lib/docker/overlay2/45da4782eb6c4075fef21a16271836d62c4e4726b16ef4c5ea199d4e626bdb39/work"},"Name":"overlay2"},"Mounts":[{"Type":"volume","Name":"08668a73464516d2c615e247a561222f461f2385cff5615e53cc78e96456230c","Source":"/var/lib/docker/volumes/08668a73464516d2c615e247a561222f461f2385cff5615e53cc78e96456230c/_data","Destination":"/var/lib/mysql","Driver":"local","Mode":"","RW":true,"Propagation":""}],"Config":{"Hostname":"47a7ce05e61a","Domainname":"","User":"","AttachStdin":false,"AttachStdout":false,"AttachStderr":false,"ExposedPorts":{"3306/tcp":{},"33060/tcp":{}},"Tty":false,"OpenStdin":false,"StdinOnce":false,"Env":["MYSQL_DATABASE=lotification","MYSQL_PASSWORD=1234","MYSQL_USER=admin","MYSQL_ROOT_PASSWORD=1234","PATH=/usr/local/sbin:/usr/local/bin:/usr/sbin:/usr/bin:/sbin:/bin","GOSU_VERSION=1.14","MYSQL_MAJOR=8.0","MYSQL_VERSION=8.0.30-1.el8","MYSQL_SHELL_VERSION=8.0.30-1.el8"],"Cmd":["mysqld"],"Image":"mysql:8","Volumes":{"/var/lib/mysql":{}},"WorkingDir":"","Entrypoint":["docker-entrypoint.sh"],"OnBuild":null,"Labels":{"org.testcontainers":"true","org.testcontainers.sessionId":"c5b4bded-8a7b-4309-a94c-5bb153977152"}},"NetworkSettings":{"Bridge":"","SandboxID":"c87f478ec31081a2fc02a6d53fa5addc8f61962dea8dd5c17c1c641e1a25e99b","HairpinMode":false,"LinkLocalIPv6Address":"","LinkLocalIPv6PrefixLen":0,"Ports":{"3306/tcp":[{"HostIp":"0.0.0.0","HostPort":"63346"}],"33060/tcp":null},"SandboxKey":"/var/run/docker/netns/c87f478ec310","SecondaryIPAddresses":null,"SecondaryIPv6Addresses":null,"EndpointID":"7830774c518a6ae45bc93e5b48bd99e8a609aa29230b007326fa87b5ca32567f","Gateway":"172.17.0.1","GlobalIPv6Address":"","GlobalIPv6PrefixLen":0,"IPAddress":"172.17.0.4","IPPrefixLen":16,"IPv6Gateway":"","MacAddress":"02:42:ac:11:00:04","Networks":{"bridge":{"IPAMConfig":null,"Links":null,"Aliases":null,"NetworkID":"42b943ace1ba272d06317befbba08f853c5a08f211a0bdf3660599ced98f9c17","EndpointID":"7830774c518a6ae45bc93e5b48bd99e8a609aa29230b007326fa87b5ca32567f","Gateway":"172.17.0.1","IPAddress":"172.17.0.4","IPPrefixLen":16,"IPv6Gateway":"","GlobalIPv6Address":"","GlobalIPv6PrefixLen":0,"MacAddress":"02:42:ac:11:00:04","DriverOpts":null}}}}[\n]"
11:45:44.274 [Test worker] DEBUG com.github.dockerjava.zerodep.shaded.org.apache.hc.client5.http.wire - http-outgoing-2 << "[\r][\n]"
11:45:44.274 [Test worker] DEBUG com.github.dockerjava.zerodep.shaded.org.apache.hc.client5.http.wire - http-outgoing-2 << "0[\r][\n]"
11:45:44.274 [Test worker] DEBUG com.github.dockerjava.zerodep.shaded.org.apache.hc.client5.http.wire - http-outgoing-2 << "[\r][\n]"
11:45:44.274 [Test worker] DEBUG com.github.dockerjava.zerodep.shaded.org.apache.hc.client5.http.impl.classic.InternalHttpClient - ep-00000051: releasing valid endpoint
11:45:44.274 [Test worker] DEBUG com.github.dockerjava.zerodep.shaded.org.apache.hc.client5.http.impl.io.PoolingHttpClientConnectionManager - ep-00000051: releasing endpoint
11:45:44.274 [Test worker] DEBUG com.github.dockerjava.zerodep.shaded.org.apache.hc.client5.http.impl.io.PoolingHttpClientConnectionManager - ep-00000051: connection http-outgoing-2 can be kept alive for 3 MINUTES
11:45:44.274 [Test worker] DEBUG com.github.dockerjava.zerodep.shaded.org.apache.hc.client5.http.impl.io.PoolingHttpClientConnectionManager - ep-00000051: connection released [route: {}->unix://localhost:2375][total available: 1; route allocated: 1 of 2147483647; total allocated: 1 of 2147483647]
11:45:44.274 [Test worker] DEBUG ]]>&#x1f433;<![CDATA[ [mysql:8] - Trying to create JDBC connection using com.mysql.cj.jdbc.Driver to jdbc:mysql://localhost:63346/lotification?useSSL=false&allowPublicKeyRetrieval=true with properties: {password=1234, user=admin}
11:45:44.378 [Test worker] DEBUG org.testcontainers.shaded.com.github.dockerjava.core.command.AbstrDockerCmd - Cmd: 47a7ce05e61aa72bdced5a030ca6064519c62d122a5992816f04e0e528b5b17d,false
11:45:44.378 [Test worker] DEBUG org.testcontainers.shaded.com.github.dockerjava.core.exec.InspectContainerCmdExec - GET: DefaultWebTarget{path=[/containers/47a7ce05e61aa72bdced5a030ca6064519c62d122a5992816f04e0e528b5b17d/json], queryParams={}}
11:45:44.378 [Test worker] DEBUG com.github.dockerjava.zerodep.shaded.org.apache.hc.client5.http.impl.classic.InternalHttpClient - ex-00000053: preparing request execution
11:45:44.378 [Test worker] DEBUG com.github.dockerjava.zerodep.shaded.org.apache.hc.client5.http.protocol.RequestAddCookies - Cookie spec selected: strict
11:45:44.378 [Test worker] DEBUG com.github.dockerjava.zerodep.shaded.org.apache.hc.client5.http.protocol.RequestAuthCache - Auth cache not set in the context
11:45:44.378 [Test worker] DEBUG com.github.dockerjava.zerodep.shaded.org.apache.hc.client5.http.impl.classic.ProtocolExec - ex-00000053: target auth state: UNCHALLENGED
11:45:44.378 [Test worker] DEBUG com.github.dockerjava.zerodep.shaded.org.apache.hc.client5.http.impl.classic.ProtocolExec - ex-00000053: proxy auth state: UNCHALLENGED
11:45:44.378 [Test worker] DEBUG com.github.dockerjava.zerodep.shaded.org.apache.hc.client5.http.impl.classic.ConnectExec - ex-00000053: acquiring connection with route {}->unix://localhost:2375
11:45:44.378 [Test worker] DEBUG com.github.dockerjava.zerodep.shaded.org.apache.hc.client5.http.impl.classic.InternalHttpClient - ex-00000053: acquiring endpoint (3 MINUTES)
11:45:44.378 [Test worker] DEBUG com.github.dockerjava.zerodep.shaded.org.apache.hc.client5.http.impl.io.PoolingHttpClientConnectionManager - ex-00000053: endpoint lease request (3 MINUTES) [route: {}->unix://localhost:2375][total available: 1; route allocated: 1 of 2147483647; total allocated: 1 of 2147483647]
11:45:44.378 [Test worker] DEBUG com.github.dockerjava.zerodep.shaded.org.apache.hc.client5.http.impl.io.PoolingHttpClientConnectionManager - ex-00000053: endpoint leased [route: {}->unix://localhost:2375][total available: 0; route allocated: 1 of 2147483647; total allocated: 1 of 2147483647]
11:45:44.378 [Test worker] DEBUG com.github.dockerjava.zerodep.shaded.org.apache.hc.client5.http.impl.io.PoolingHttpClientConnectionManager - ex-00000053: acquired ep-00000052
11:45:44.378 [Test worker] DEBUG com.github.dockerjava.zerodep.shaded.org.apache.hc.client5.http.impl.classic.InternalHttpClient - ex-00000053: acquired endpoint ep-00000052
11:45:44.378 [Test worker] DEBUG com.github.dockerjava.zerodep.shaded.org.apache.hc.client5.http.impl.classic.MainClientExec - ex-00000053: executing GET /v1.32/containers/47a7ce05e61aa72bdced5a030ca6064519c62d122a5992816f04e0e528b5b17d/json HTTP/1.1
11:45:44.378 [Test worker] DEBUG com.github.dockerjava.zerodep.shaded.org.apache.hc.client5.http.impl.classic.InternalHttpClient - ep-00000052: start execution ex-00000053
11:45:44.378 [Test worker] DEBUG com.github.dockerjava.zerodep.shaded.org.apache.hc.client5.http.impl.io.PoolingHttpClientConnectionManager - ep-00000052: executing exchange ex-00000053 over http-outgoing-2
11:45:44.378 [Test worker] DEBUG com.github.dockerjava.zerodep.shaded.org.apache.hc.client5.http.headers - http-outgoing-2 >> GET /v1.32/containers/47a7ce05e61aa72bdced5a030ca6064519c62d122a5992816f04e0e528b5b17d/json HTTP/1.1
11:45:44.378 [Test worker] DEBUG com.github.dockerjava.zerodep.shaded.org.apache.hc.client5.http.headers - http-outgoing-2 >> accept: application/json
11:45:44.378 [Test worker] DEBUG com.github.dockerjava.zerodep.shaded.org.apache.hc.client5.http.headers - http-outgoing-2 >> x-tc-sid: c5b4bded-8a7b-4309-a94c-5bb153977152
11:45:44.378 [Test worker] DEBUG com.github.dockerjava.zerodep.shaded.org.apache.hc.client5.http.headers - http-outgoing-2 >> Accept-Encoding: gzip, x-gzip, deflate
11:45:44.378 [Test worker] DEBUG com.github.dockerjava.zerodep.shaded.org.apache.hc.client5.http.headers - http-outgoing-2 >> Host: localhost:2375
11:45:44.378 [Test worker] DEBUG com.github.dockerjava.zerodep.shaded.org.apache.hc.client5.http.headers - http-outgoing-2 >> Connection: keep-alive
11:45:44.378 [Test worker] DEBUG com.github.dockerjava.zerodep.shaded.org.apache.hc.client5.http.headers - http-outgoing-2 >> User-Agent: Apache-HttpClient/5.0.3 (Java/17.0.3)
11:45:44.378 [Test worker] DEBUG com.github.dockerjava.zerodep.shaded.org.apache.hc.client5.http.wire - http-outgoing-2 >> "GET /v1.32/containers/47a7ce05e61aa72bdced5a030ca6064519c62d122a5992816f04e0e528b5b17d/json HTTP/1.1[\r][\n]"
11:45:44.378 [Test worker] DEBUG com.github.dockerjava.zerodep.shaded.org.apache.hc.client5.http.wire - http-outgoing-2 >> "accept: application/json[\r][\n]"
11:45:44.378 [Test worker] DEBUG com.github.dockerjava.zerodep.shaded.org.apache.hc.client5.http.wire - http-outgoing-2 >> "x-tc-sid: c5b4bded-8a7b-4309-a94c-5bb153977152[\r][\n]"
11:45:44.378 [Test worker] DEBUG com.github.dockerjava.zerodep.shaded.org.apache.hc.client5.http.wire - http-outgoing-2 >> "Accept-Encoding: gzip, x-gzip, deflate[\r][\n]"
11:45:44.378 [Test worker] DEBUG com.github.dockerjava.zerodep.shaded.org.apache.hc.client5.http.wire - http-outgoing-2 >> "Host: localhost:2375[\r][\n]"
11:45:44.378 [Test worker] DEBUG com.github.dockerjava.zerodep.shaded.org.apache.hc.client5.http.wire - http-outgoing-2 >> "Connection: keep-alive[\r][\n]"
11:45:44.378 [Test worker] DEBUG com.github.dockerjava.zerodep.shaded.org.apache.hc.client5.http.wire - http-outgoing-2 >> "User-Agent: Apache-HttpClient/5.0.3 (Java/17.0.3)[\r][\n]"
11:45:44.378 [Test worker] DEBUG com.github.dockerjava.zerodep.shaded.org.apache.hc.client5.http.wire - http-outgoing-2 >> "[\r][\n]"
11:45:44.381 [Test worker] DEBUG com.github.dockerjava.zerodep.shaded.org.apache.hc.client5.http.wire - http-outgoing-2 << "HTTP/1.1 200 OK[\r][\n]"
11:45:44.381 [Test worker] DEBUG com.github.dockerjava.zerodep.shaded.org.apache.hc.client5.http.wire - http-outgoing-2 << "Api-Version: 1.41[\r][\n]"
11:45:44.381 [Test worker] DEBUG com.github.dockerjava.zerodep.shaded.org.apache.hc.client5.http.wire - http-outgoing-2 << "Content-Type: application/json[\r][\n]"
11:45:44.381 [Test worker] DEBUG com.github.dockerjava.zerodep.shaded.org.apache.hc.client5.http.wire - http-outgoing-2 << "Date: Mon, 26 Sep 2022 02:45:44 GMT[\r][\n]"
11:45:44.381 [Test worker] DEBUG com.github.dockerjava.zerodep.shaded.org.apache.hc.client5.http.wire - http-outgoing-2 << "Docker-Experimental: false[\r][\n]"
11:45:44.381 [Test worker] DEBUG com.github.dockerjava.zerodep.shaded.org.apache.hc.client5.http.wire - http-outgoing-2 << "Ostype: linux[\r][\n]"
11:45:44.381 [Test worker] DEBUG com.github.dockerjava.zerodep.shaded.org.apache.hc.client5.http.wire - http-outgoing-2 << "Server: Docker/20.10.11 (linux)[\r][\n]"
11:45:44.381 [Test worker] DEBUG com.github.dockerjava.zerodep.shaded.org.apache.hc.client5.http.wire - http-outgoing-2 << "Transfer-Encoding: chunked[\r][\n]"
11:45:44.381 [Test worker] DEBUG com.github.dockerjava.zerodep.shaded.org.apache.hc.client5.http.wire - http-outgoing-2 << "[\r][\n]"
11:45:44.381 [Test worker] DEBUG com.github.dockerjava.zerodep.shaded.org.apache.hc.client5.http.headers - http-outgoing-2 << HTTP/1.1 200 OK
11:45:44.381 [Test worker] DEBUG com.github.dockerjava.zerodep.shaded.org.apache.hc.client5.http.headers - http-outgoing-2 << Api-Version: 1.41
11:45:44.381 [Test worker] DEBUG com.github.dockerjava.zerodep.shaded.org.apache.hc.client5.http.headers - http-outgoing-2 << Content-Type: application/json
11:45:44.381 [Test worker] DEBUG com.github.dockerjava.zerodep.shaded.org.apache.hc.client5.http.headers - http-outgoing-2 << Date: Mon, 26 Sep 2022 02:45:44 GMT
11:45:44.381 [Test worker] DEBUG com.github.dockerjava.zerodep.shaded.org.apache.hc.client5.http.headers - http-outgoing-2 << Docker-Experimental: false
11:45:44.381 [Test worker] DEBUG com.github.dockerjava.zerodep.shaded.org.apache.hc.client5.http.headers - http-outgoing-2 << Ostype: linux
11:45:44.381 [Test worker] DEBUG com.github.dockerjava.zerodep.shaded.org.apache.hc.client5.http.headers - http-outgoing-2 << Server: Docker/20.10.11 (linux)
11:45:44.381 [Test worker] DEBUG com.github.dockerjava.zerodep.shaded.org.apache.hc.client5.http.headers - http-outgoing-2 << Transfer-Encoding: chunked
11:45:44.381 [Test worker] DEBUG com.github.dockerjava.zerodep.shaded.org.apache.hc.client5.http.impl.classic.MainClientExec - ex-00000053: connection can be kept alive for 3 MINUTES
11:45:44.382 [Test worker] DEBUG com.github.dockerjava.zerodep.shaded.org.apache.hc.client5.http.wire - http-outgoing-2 << "1882[\r][\n]"
11:45:44.382 [Test worker] DEBUG com.github.dockerjava.zerodep.shaded.org.apache.hc.client5.http.wire - http-outgoing-2 << "{"Id":"47a7ce05e61aa72bdced5a030ca6064519c62d122a5992816f04e0e528b5b17d","Created":"2022-09-26T02:45:36.042081626Z","Path":"docker-entrypoint.sh","Args":["mysqld"],"State":{"Status":"running","Running":true,"Paused":false,"Restarting":false,"OOMKilled":false,"Dead":false,"Pid":2251,"ExitCode":0,"Error":"","StartedAt":"2022-09-26T02:45:36.388226668Z","FinishedAt":"0001-01-01T00:00:00Z"},"Image":"sha256:5e229524f286e653111cb9d028bf1ba4c3490742c8cd18c84af22538f0e68575","ResolvConfPath":"/var/lib/docker/containers/47a7ce05e61aa72bdced5a030ca6064519c62d122a5992816f04e0e528b5b17d/resolv.conf","HostnamePath":"/var/lib/docker/containers/47a7ce05e61aa72bdced5a030ca6064519c62d122a5992816f04e0e528b5b17d/hostname","HostsPath":"/var/lib/docker/containers/47a7ce05e61aa72bdced5a030ca6064519c62d122a5992816f04e0e528b5b17d/hosts","LogPath":"/var/lib/docker/containers/47a7ce05e61aa72bdced5a030ca6064519c62d122a5992816f04e0e528b5b17d/47a7ce05e61aa72bdced5a030ca6064519c62d122a5992816f04e0e528b5b17d-json.log","Name":"/crazy_chaum","RestartCount":0,"Driver":"overlay2","Platform":"linux","MountLabel":"","ProcessLabel":"","AppArmorProfile":"","ExecIDs":null,"HostConfig":{"Binds":[],"ContainerIDFile":"","LogConfig":{"Type":"json-file","Config":{}},"NetworkMode":"default","PortBindings":{"3306/tcp":[{"HostIp":"0.0.0.0","HostPort":"0"}]},"RestartPolicy":{"Name":"","MaximumRetryCount":0},"AutoRemove":false,"VolumeDriver":"","VolumesFrom":[],"CapAdd":null,"CapDrop":null,"CgroupnsMode":"private","Dns":null,"DnsOptions":null,"DnsSearch":null,"ExtraHosts":[],"GroupAdd":null,"IpcMode":"shareable","Cgroup":"","Links":null,"OomScoreAdj":0,"PidMode":"","Privileged":false,"PublishAllPorts":false,"ReadonlyRootfs":false,"SecurityOpt":null,"UTSMode":"","UsernsMode":"","ShmSize":67108864,"Runtime":"runc","ConsoleSize":[0,0],"Isolation":"","CpuShares":0,"Memory":0,"NanoCpus":0,"CgroupParent":"","BlkioWeight":0,"BlkioWeightDevice":null,"BlkioDeviceReadBps":null,"BlkioDeviceWriteBps":null,"BlkioDeviceReadIOps":null,"BlkioDeviceWriteIOps":null,"CpuPeriod":0,"CpuQuota":0,"CpuRealtimePeriod":0,"CpuRealtimeRuntime":0,"CpusetCpus":"","CpusetMems":"","Devices":null,"DeviceCgroupRules":null,"DeviceRequests":null,"KernelMemory":0,"KernelMemoryTCP":0,"MemoryReservation":0,"MemorySwap":0,"MemorySwappiness":null,"OomKillDisable":null,"PidsLimit":null,"Ulimits":null,"CpuCount":0,"CpuPercent":0,"IOMaximumIOps":0,"IOMaximumBandwidth":0,"MaskedPaths":["/proc/asound","/proc/acpi","/proc/kcore","/proc/keys","/proc/latency_stats","/proc/timer_list","/proc/timer_stats","/proc/sched_debug","/proc/scsi","/sys/firmware"],"ReadonlyPaths":["/proc/bus","/proc/fs","/proc/irq","/proc/sys","/proc/sysrq-trigger"]},"GraphDriver":{"Data":{"LowerDir":"/var/lib/docker/overlay2/45da4782eb6c4075fef21a16271836d62c4e4726b16ef4c5ea199d4e626bdb39-init/diff:/var/lib/docker/overlay2/27a623f1ab748258e017a40f339844ef533377092bad4182aa320e9399893e13/diff:/var/lib/docker/overlay2/d7c1e4de558b6bbbdc3209a51fc73295262b5271709fe659d0e2e94f626eea74/diff:/var/lib/docker/overlay2/2df554f793c3600571e2f078ad2e20025d6b2e35f3d18881ead4f70e2cc26cb8/diff:/var/lib/docker/overlay2/feb23515577245ad51a24945de1e6bab842929569da912a2b4a33a48c6c2331f/diff:/var/lib/docker/overlay2/cc2cdbce154e19d9c4f376917b6c92ebd55b0b495124ffd2c9d7e9c82b6a95f9/diff:/var/lib/docker/overlay2/968467fe01280f82d26487386f320a15000815d63000d5ec89b47acca8f77ef2/diff:/var/lib/docker/overlay2/cc59daa314bbcaec43d6cd4064c7863b4b3976b989121dcf2e32c4710281f247/diff:/var/lib/docker/overlay2/dc5d8b1cf96cfd5d96d68fbed14248edf1244c1a4669ba07b0bab7f3d782f058/diff:/var/lib/docker/overlay2/dcca184158d696706cd99e62ffa3e5c42964eb57190bef35421cdf3f83a8c130/diff:/var/lib/docker/overlay2/a7f928596da67ce59f34b0ba4cee4a3b948b94f91ad0b0b6260dc54fb9b5a048/diff:/var/lib/docker/overlay2/6ac5adbfff6202b1faa13a2a2fd92625bdda668cdac1a1d2230becbb394e569f/diff","MergedDir":"/var/lib/docker/overlay2/45da4782eb6c4075fef21a16271836d62c4e4726b16ef4c5ea199d4e626bdb39/merged","UpperDir":"/var/lib/docker/overlay2/45da4782eb6c4075fef21a16271836d62c4e4726b16ef4c5ea199d4e626bdb39/diff","WorkDir":"/var/lib/docker/overlay2/45da4782eb6c4075fef21a16271836d62c4e4726b16ef4c5ea199d4e626bdb39/work"},"Name":"overlay2"},"Mounts":[{"Type":"volume","Name":"08668a73464516d2c615e247a561222f461f2385cff5615e53cc78e96456230c","Source":"/var/lib/docker/volumes/08668a73464516d2c615e247a561222f461f2385cff5615e53cc78e96456230c/_data","Destination":"/var/lib/mysql","Driver":"local","Mode":"","RW":true,"Propagation":""}],"Config":{"Hostname":"47a7ce05e61a","Domainname":"","User":"","AttachStdin":false,"AttachStdout":false,"AttachStderr":false,"ExposedPorts":{"3306/tcp":{},"33060/tcp":{}},"Tty":false,"OpenStdin":false,"StdinOnce":false,"Env":["MYSQL_DATABASE=lotification","MYSQL_PASSWORD=1234","MYSQL_USER=admin","MYSQL_ROOT_PASSWORD=1234","PATH=/usr/local/sbin:/usr/local/bin:/usr/sbin:/usr/bin:/sbin:/bin","GOSU_VERSION=1.14","MYSQL_MAJOR=8.0","MYSQL_VERSION=8.0.30-1.el8","MYSQL_SHELL_VERSION=8.0.30-1.el8"],"Cmd":["mysqld"],"Image":"mysql:8","Volumes":{"/var/lib/mysql":{}},"WorkingDir":"","Entrypoint":["docker-entrypoint.sh"],"OnBuild":null,"Labels":{"org.testcontainers":"true","org.testcontainers.sessionId":"c5b4bded-8a7b-4309-a94c-5bb153977152"}},"NetworkSettings":{"Bridge":"","SandboxID":"c87f478ec31081a2fc02a6d53fa5addc8f61962dea8dd5c17c1c641e1a25e99b","HairpinMode":false,"LinkLocalIPv6Address":"","LinkLocalIPv6PrefixLen":0,"Ports":{"3306/tcp":[{"HostIp":"0.0.0.0","HostPort":"63346"}],"33060/tcp":null},"SandboxKey":"/var/run/docker/netns/c87f478ec310","SecondaryIPAddresses":null,"SecondaryIPv6Addresses":null,"EndpointID":"7830774c518a6ae45bc93e5b48bd99e8a609aa29230b007326fa87b5ca32567f","Gateway":"172.17.0.1","GlobalIPv6Address":"","GlobalIPv6PrefixLen":0,"IPAddress":"172.17.0.4","IPPrefixLen":16,"IPv6Gateway":"","MacAddress":"02:42:ac:11:00:04","Networks":{"bridge":{"IPAMConfig":null,"Links":null,"Aliases":null,"NetworkID":"42b943ace1ba272d06317befbba08f853c5a08f211a0bdf3660599ced98f9c17","EndpointID":"7830774c518a6ae45bc93e5b48bd99e8a609aa29230b007326fa87b5ca32567f","Gateway":"172.17.0.1","IPAddress":"172.17.0.4","IPPrefixLen":16,"IPv6Gateway":"","GlobalIPv6Address":"","GlobalIPv6PrefixLen":0,"MacAddress":"02:42:ac:11:00:04","DriverOpts":null}}}}[\n]"
11:45:44.382 [Test worker] DEBUG com.github.dockerjava.zerodep.shaded.org.apache.hc.client5.http.wire - http-outgoing-2 << "[\r][\n]"
11:45:44.382 [Test worker] DEBUG com.github.dockerjava.zerodep.shaded.org.apache.hc.client5.http.wire - http-outgoing-2 << "0[\r][\n]"
11:45:44.382 [Test worker] DEBUG com.github.dockerjava.zerodep.shaded.org.apache.hc.client5.http.wire - http-outgoing-2 << "[\r][\n]"
11:45:44.382 [Test worker] DEBUG com.github.dockerjava.zerodep.shaded.org.apache.hc.client5.http.impl.classic.InternalHttpClient - ep-00000052: releasing valid endpoint
11:45:44.382 [Test worker] DEBUG com.github.dockerjava.zerodep.shaded.org.apache.hc.client5.http.impl.io.PoolingHttpClientConnectionManager - ep-00000052: releasing endpoint
11:45:44.382 [Test worker] DEBUG com.github.dockerjava.zerodep.shaded.org.apache.hc.client5.http.impl.io.PoolingHttpClientConnectionManager - ep-00000052: connection http-outgoing-2 can be kept alive for 3 MINUTES
11:45:44.382 [Test worker] DEBUG com.github.dockerjava.zerodep.shaded.org.apache.hc.client5.http.impl.io.PoolingHttpClientConnectionManager - ep-00000052: connection released [route: {}->unix://localhost:2375][total available: 1; route allocated: 1 of 2147483647; total allocated: 1 of 2147483647]
11:45:44.382 [Test worker] DEBUG ]]>&#x1f433;<![CDATA[ [mysql:8] - Trying to create JDBC connection using com.mysql.cj.jdbc.Driver to jdbc:mysql://localhost:63346/lotification?useSSL=false&allowPublicKeyRetrieval=true with properties: {password=1234, user=admin}
11:45:44.490 [Test worker] DEBUG org.testcontainers.shaded.com.github.dockerjava.core.command.AbstrDockerCmd - Cmd: 47a7ce05e61aa72bdced5a030ca6064519c62d122a5992816f04e0e528b5b17d,false
11:45:44.490 [Test worker] DEBUG org.testcontainers.shaded.com.github.dockerjava.core.exec.InspectContainerCmdExec - GET: DefaultWebTarget{path=[/containers/47a7ce05e61aa72bdced5a030ca6064519c62d122a5992816f04e0e528b5b17d/json], queryParams={}}
11:45:44.490 [Test worker] DEBUG com.github.dockerjava.zerodep.shaded.org.apache.hc.client5.http.impl.classic.InternalHttpClient - ex-00000054: preparing request execution
11:45:44.490 [Test worker] DEBUG com.github.dockerjava.zerodep.shaded.org.apache.hc.client5.http.protocol.RequestAddCookies - Cookie spec selected: strict
11:45:44.490 [Test worker] DEBUG com.github.dockerjava.zerodep.shaded.org.apache.hc.client5.http.protocol.RequestAuthCache - Auth cache not set in the context
11:45:44.490 [Test worker] DEBUG com.github.dockerjava.zerodep.shaded.org.apache.hc.client5.http.impl.classic.ProtocolExec - ex-00000054: target auth state: UNCHALLENGED
11:45:44.490 [Test worker] DEBUG com.github.dockerjava.zerodep.shaded.org.apache.hc.client5.http.impl.classic.ProtocolExec - ex-00000054: proxy auth state: UNCHALLENGED
11:45:44.490 [Test worker] DEBUG com.github.dockerjava.zerodep.shaded.org.apache.hc.client5.http.impl.classic.ConnectExec - ex-00000054: acquiring connection with route {}->unix://localhost:2375
11:45:44.490 [Test worker] DEBUG com.github.dockerjava.zerodep.shaded.org.apache.hc.client5.http.impl.classic.InternalHttpClient - ex-00000054: acquiring endpoint (3 MINUTES)
11:45:44.490 [Test worker] DEBUG com.github.dockerjava.zerodep.shaded.org.apache.hc.client5.http.impl.io.PoolingHttpClientConnectionManager - ex-00000054: endpoint lease request (3 MINUTES) [route: {}->unix://localhost:2375][total available: 1; route allocated: 1 of 2147483647; total allocated: 1 of 2147483647]
11:45:44.490 [Test worker] DEBUG com.github.dockerjava.zerodep.shaded.org.apache.hc.client5.http.impl.io.PoolingHttpClientConnectionManager - ex-00000054: endpoint leased [route: {}->unix://localhost:2375][total available: 0; route allocated: 1 of 2147483647; total allocated: 1 of 2147483647]
11:45:44.490 [Test worker] DEBUG com.github.dockerjava.zerodep.shaded.org.apache.hc.client5.http.impl.io.PoolingHttpClientConnectionManager - ex-00000054: acquired ep-00000053
11:45:44.490 [Test worker] DEBUG com.github.dockerjava.zerodep.shaded.org.apache.hc.client5.http.impl.classic.InternalHttpClient - ex-00000054: acquired endpoint ep-00000053
11:45:44.490 [Test worker] DEBUG com.github.dockerjava.zerodep.shaded.org.apache.hc.client5.http.impl.classic.MainClientExec - ex-00000054: executing GET /v1.32/containers/47a7ce05e61aa72bdced5a030ca6064519c62d122a5992816f04e0e528b5b17d/json HTTP/1.1
11:45:44.490 [Test worker] DEBUG com.github.dockerjava.zerodep.shaded.org.apache.hc.client5.http.impl.classic.InternalHttpClient - ep-00000053: start execution ex-00000054
11:45:44.490 [Test worker] DEBUG com.github.dockerjava.zerodep.shaded.org.apache.hc.client5.http.impl.io.PoolingHttpClientConnectionManager - ep-00000053: executing exchange ex-00000054 over http-outgoing-2
11:45:44.490 [Test worker] DEBUG com.github.dockerjava.zerodep.shaded.org.apache.hc.client5.http.headers - http-outgoing-2 >> GET /v1.32/containers/47a7ce05e61aa72bdced5a030ca6064519c62d122a5992816f04e0e528b5b17d/json HTTP/1.1
11:45:44.490 [Test worker] DEBUG com.github.dockerjava.zerodep.shaded.org.apache.hc.client5.http.headers - http-outgoing-2 >> accept: application/json
11:45:44.490 [Test worker] DEBUG com.github.dockerjava.zerodep.shaded.org.apache.hc.client5.http.headers - http-outgoing-2 >> x-tc-sid: c5b4bded-8a7b-4309-a94c-5bb153977152
11:45:44.490 [Test worker] DEBUG com.github.dockerjava.zerodep.shaded.org.apache.hc.client5.http.headers - http-outgoing-2 >> Accept-Encoding: gzip, x-gzip, deflate
11:45:44.490 [Test worker] DEBUG com.github.dockerjava.zerodep.shaded.org.apache.hc.client5.http.headers - http-outgoing-2 >> Host: localhost:2375
11:45:44.490 [Test worker] DEBUG com.github.dockerjava.zerodep.shaded.org.apache.hc.client5.http.headers - http-outgoing-2 >> Connection: keep-alive
11:45:44.490 [Test worker] DEBUG com.github.dockerjava.zerodep.shaded.org.apache.hc.client5.http.headers - http-outgoing-2 >> User-Agent: Apache-HttpClient/5.0.3 (Java/17.0.3)
11:45:44.491 [Test worker] DEBUG com.github.dockerjava.zerodep.shaded.org.apache.hc.client5.http.wire - http-outgoing-2 >> "GET /v1.32/containers/47a7ce05e61aa72bdced5a030ca6064519c62d122a5992816f04e0e528b5b17d/json HTTP/1.1[\r][\n]"
11:45:44.491 [Test worker] DEBUG com.github.dockerjava.zerodep.shaded.org.apache.hc.client5.http.wire - http-outgoing-2 >> "accept: application/json[\r][\n]"
11:45:44.491 [Test worker] DEBUG com.github.dockerjava.zerodep.shaded.org.apache.hc.client5.http.wire - http-outgoing-2 >> "x-tc-sid: c5b4bded-8a7b-4309-a94c-5bb153977152[\r][\n]"
11:45:44.491 [Test worker] DEBUG com.github.dockerjava.zerodep.shaded.org.apache.hc.client5.http.wire - http-outgoing-2 >> "Accept-Encoding: gzip, x-gzip, deflate[\r][\n]"
11:45:44.491 [Test worker] DEBUG com.github.dockerjava.zerodep.shaded.org.apache.hc.client5.http.wire - http-outgoing-2 >> "Host: localhost:2375[\r][\n]"
11:45:44.491 [Test worker] DEBUG com.github.dockerjava.zerodep.shaded.org.apache.hc.client5.http.wire - http-outgoing-2 >> "Connection: keep-alive[\r][\n]"
11:45:44.491 [Test worker] DEBUG com.github.dockerjava.zerodep.shaded.org.apache.hc.client5.http.wire - http-outgoing-2 >> "User-Agent: Apache-HttpClient/5.0.3 (Java/17.0.3)[\r][\n]"
11:45:44.491 [Test worker] DEBUG com.github.dockerjava.zerodep.shaded.org.apache.hc.client5.http.wire - http-outgoing-2 >> "[\r][\n]"
11:45:44.493 [Test worker] DEBUG com.github.dockerjava.zerodep.shaded.org.apache.hc.client5.http.wire - http-outgoing-2 << "HTTP/1.1 200 OK[\r][\n]"
11:45:44.493 [Test worker] DEBUG com.github.dockerjava.zerodep.shaded.org.apache.hc.client5.http.wire - http-outgoing-2 << "Api-Version: 1.41[\r][\n]"
11:45:44.493 [Test worker] DEBUG com.github.dockerjava.zerodep.shaded.org.apache.hc.client5.http.wire - http-outgoing-2 << "Content-Type: application/json[\r][\n]"
11:45:44.493 [Test worker] DEBUG com.github.dockerjava.zerodep.shaded.org.apache.hc.client5.http.wire - http-outgoing-2 << "Date: Mon, 26 Sep 2022 02:45:44 GMT[\r][\n]"
11:45:44.493 [Test worker] DEBUG com.github.dockerjava.zerodep.shaded.org.apache.hc.client5.http.wire - http-outgoing-2 << "Docker-Experimental: false[\r][\n]"
11:45:44.493 [Test worker] DEBUG com.github.dockerjava.zerodep.shaded.org.apache.hc.client5.http.wire - http-outgoing-2 << "Ostype: linux[\r][\n]"
11:45:44.493 [Test worker] DEBUG com.github.dockerjava.zerodep.shaded.org.apache.hc.client5.http.wire - http-outgoing-2 << "Server: Docker/20.10.11 (linux)[\r][\n]"
11:45:44.493 [Test worker] DEBUG com.github.dockerjava.zerodep.shaded.org.apache.hc.client5.http.wire - http-outgoing-2 << "Transfer-Encoding: chunked[\r][\n]"
11:45:44.493 [Test worker] DEBUG com.github.dockerjava.zerodep.shaded.org.apache.hc.client5.http.wire - http-outgoing-2 << "[\r][\n]"
11:45:44.493 [Test worker] DEBUG com.github.dockerjava.zerodep.shaded.org.apache.hc.client5.http.headers - http-outgoing-2 << HTTP/1.1 200 OK
11:45:44.493 [Test worker] DEBUG com.github.dockerjava.zerodep.shaded.org.apache.hc.client5.http.headers - http-outgoing-2 << Api-Version: 1.41
11:45:44.493 [Test worker] DEBUG com.github.dockerjava.zerodep.shaded.org.apache.hc.client5.http.headers - http-outgoing-2 << Content-Type: application/json
11:45:44.493 [Test worker] DEBUG com.github.dockerjava.zerodep.shaded.org.apache.hc.client5.http.headers - http-outgoing-2 << Date: Mon, 26 Sep 2022 02:45:44 GMT
11:45:44.493 [Test worker] DEBUG com.github.dockerjava.zerodep.shaded.org.apache.hc.client5.http.headers - http-outgoing-2 << Docker-Experimental: false
11:45:44.493 [Test worker] DEBUG com.github.dockerjava.zerodep.shaded.org.apache.hc.client5.http.headers - http-outgoing-2 << Ostype: linux
11:45:44.493 [Test worker] DEBUG com.github.dockerjava.zerodep.shaded.org.apache.hc.client5.http.headers - http-outgoing-2 << Server: Docker/20.10.11 (linux)
11:45:44.493 [Test worker] DEBUG com.github.dockerjava.zerodep.shaded.org.apache.hc.client5.http.headers - http-outgoing-2 << Transfer-Encoding: chunked
11:45:44.493 [Test worker] DEBUG com.github.dockerjava.zerodep.shaded.org.apache.hc.client5.http.impl.classic.MainClientExec - ex-00000054: connection can be kept alive for 3 MINUTES
11:45:44.493 [Test worker] DEBUG com.github.dockerjava.zerodep.shaded.org.apache.hc.client5.http.wire - http-outgoing-2 << "1882[\r][\n]"
11:45:44.493 [Test worker] DEBUG com.github.dockerjava.zerodep.shaded.org.apache.hc.client5.http.wire - http-outgoing-2 << "{"Id":"47a7ce05e61aa72bdced5a030ca6064519c62d122a5992816f04e0e528b5b17d","Created":"2022-09-26T02:45:36.042081626Z","Path":"docker-entrypoint.sh","Args":["mysqld"],"State":{"Status":"running","Running":true,"Paused":false,"Restarting":false,"OOMKilled":false,"Dead":false,"Pid":2251,"ExitCode":0,"Error":"","StartedAt":"2022-09-26T02:45:36.388226668Z","FinishedAt":"0001-01-01T00:00:00Z"},"Image":"sha256:5e229524f286e653111cb9d028bf1ba4c3490742c8cd18c84af22538f0e68575","ResolvConfPath":"/var/lib/docker/containers/47a7ce05e61aa72bdced5a030ca6064519c62d122a5992816f04e0e528b5b17d/resolv.conf","HostnamePath":"/var/lib/docker/containers/47a7ce05e61aa72bdced5a030ca6064519c62d122a5992816f04e0e528b5b17d/hostname","HostsPath":"/var/lib/docker/containers/47a7ce05e61aa72bdced5a030ca6064519c62d122a5992816f04e0e528b5b17d/hosts","LogPath":"/var/lib/docker/containers/47a7ce05e61aa72bdced5a030ca6064519c62d122a5992816f04e0e528b5b17d/47a7ce05e61aa72bdced5a030ca6064519c62d122a5992816f04e0e528b5b17d-json.log","Name":"/crazy_chaum","RestartCount":0,"Driver":"overlay2","Platform":"linux","MountLabel":"","ProcessLabel":"","AppArmorProfile":"","ExecIDs":null,"HostConfig":{"Binds":[],"ContainerIDFile":"","LogConfig":{"Type":"json-file","Config":{}},"NetworkMode":"default","PortBindings":{"3306/tcp":[{"HostIp":"0.0.0.0","HostPort":"0"}]},"RestartPolicy":{"Name":"","MaximumRetryCount":0},"AutoRemove":false,"VolumeDriver":"","VolumesFrom":[],"CapAdd":null,"CapDrop":null,"CgroupnsMode":"private","Dns":null,"DnsOptions":null,"DnsSearch":null,"ExtraHosts":[],"GroupAdd":null,"IpcMode":"shareable","Cgroup":"","Links":null,"OomScoreAdj":0,"PidMode":"","Privileged":false,"PublishAllPorts":false,"ReadonlyRootfs":false,"SecurityOpt":null,"UTSMode":"","UsernsMode":"","ShmSize":67108864,"Runtime":"runc","ConsoleSize":[0,0],"Isolation":"","CpuShares":0,"Memory":0,"NanoCpus":0,"CgroupParent":"","BlkioWeight":0,"BlkioWeightDevice":null,"BlkioDeviceReadBps":null,"BlkioDeviceWriteBps":null,"BlkioDeviceReadIOps":null,"BlkioDeviceWriteIOps":null,"CpuPeriod":0,"CpuQuota":0,"CpuRealtimePeriod":0,"CpuRealtimeRuntime":0,"CpusetCpus":"","CpusetMems":"","Devices":null,"DeviceCgroupRules":null,"DeviceRequests":null,"KernelMemory":0,"KernelMemoryTCP":0,"MemoryReservation":0,"MemorySwap":0,"MemorySwappiness":null,"OomKillDisable":null,"PidsLimit":null,"Ulimits":null,"CpuCount":0,"CpuPercent":0,"IOMaximumIOps":0,"IOMaximumBandwidth":0,"MaskedPaths":["/proc/asound","/proc/acpi","/proc/kcore","/proc/keys","/proc/latency_stats","/proc/timer_list","/proc/timer_stats","/proc/sched_debug","/proc/scsi","/sys/firmware"],"ReadonlyPaths":["/proc/bus","/proc/fs","/proc/irq","/proc/sys","/proc/sysrq-trigger"]},"GraphDriver":{"Data":{"LowerDir":"/var/lib/docker/overlay2/45da4782eb6c4075fef21a16271836d62c4e4726b16ef4c5ea199d4e626bdb39-init/diff:/var/lib/docker/overlay2/27a623f1ab748258e017a40f339844ef533377092bad4182aa320e9399893e13/diff:/var/lib/docker/overlay2/d7c1e4de558b6bbbdc3209a51fc73295262b5271709fe659d0e2e94f626eea74/diff:/var/lib/docker/overlay2/2df554f793c3600571e2f078ad2e20025d6b2e35f3d18881ead4f70e2cc26cb8/diff:/var/lib/docker/overlay2/feb23515577245ad51a24945de1e6bab842929569da912a2b4a33a48c6c2331f/diff:/var/lib/docker/overlay2/cc2cdbce154e19d9c4f376917b6c92ebd55b0b495124ffd2c9d7e9c82b6a95f9/diff:/var/lib/docker/overlay2/968467fe01280f82d26487386f320a15000815d63000d5ec89b47acca8f77ef2/diff:/var/lib/docker/overlay2/cc59daa314bbcaec43d6cd4064c7863b4b3976b989121dcf2e32c4710281f247/diff:/var/lib/docker/overlay2/dc5d8b1cf96cfd5d96d68fbed14248edf1244c1a4669ba07b0bab7f3d782f058/diff:/var/lib/docker/overlay2/dcca184158d696706cd99e62ffa3e5c42964eb57190bef35421cdf3f83a8c130/diff:/var/lib/docker/overlay2/a7f928596da67ce59f34b0ba4cee4a3b948b94f91ad0b0b6260dc54fb9b5a048/diff:/var/lib/docker/overlay2/6ac5adbfff6202b1faa13a2a2fd92625bdda668cdac1a1d2230becbb394e569f/diff","MergedDir":"/var/lib/docker/overlay2/45da4782eb6c4075fef21a16271836d62c4e4726b16ef4c5ea199d4e626bdb39/merged","UpperDir":"/var/lib/docker/overlay2/45da4782eb6c4075fef21a16271836d62c4e4726b16ef4c5ea199d4e626bdb39/diff","WorkDir":"/var/lib/docker/overlay2/45da4782eb6c4075fef21a16271836d62c4e4726b16ef4c5ea199d4e626bdb39/work"},"Name":"overlay2"},"Mounts":[{"Type":"volume","Name":"08668a73464516d2c615e247a561222f461f2385cff5615e53cc78e96456230c","Source":"/var/lib/docker/volumes/08668a73464516d2c615e247a561222f461f2385cff5615e53cc78e96456230c/_data","Destination":"/var/lib/mysql","Driver":"local","Mode":"","RW":true,"Propagation":""}],"Config":{"Hostname":"47a7ce05e61a","Domainname":"","User":"","AttachStdin":false,"AttachStdout":false,"AttachStderr":false,"ExposedPorts":{"3306/tcp":{},"33060/tcp":{}},"Tty":false,"OpenStdin":false,"StdinOnce":false,"Env":["MYSQL_DATABASE=lotification","MYSQL_PASSWORD=1234","MYSQL_USER=admin","MYSQL_ROOT_PASSWORD=1234","PATH=/usr/local/sbin:/usr/local/bin:/usr/sbin:/usr/bin:/sbin:/bin","GOSU_VERSION=1.14","MYSQL_MAJOR=8.0","MYSQL_VERSION=8.0.30-1.el8","MYSQL_SHELL_VERSION=8.0.30-1.el8"],"Cmd":["mysqld"],"Image":"mysql:8","Volumes":{"/var/lib/mysql":{}},"WorkingDir":"","Entrypoint":["docker-entrypoint.sh"],"OnBuild":null,"Labels":{"org.testcontainers":"true","org.testcontainers.sessionId":"c5b4bded-8a7b-4309-a94c-5bb153977152"}},"NetworkSettings":{"Bridge":"","SandboxID":"c87f478ec31081a2fc02a6d53fa5addc8f61962dea8dd5c17c1c641e1a25e99b","HairpinMode":false,"LinkLocalIPv6Address":"","LinkLocalIPv6PrefixLen":0,"Ports":{"3306/tcp":[{"HostIp":"0.0.0.0","HostPort":"63346"}],"33060/tcp":null},"SandboxKey":"/var/run/docker/netns/c87f478ec310","SecondaryIPAddresses":null,"SecondaryIPv6Addresses":null,"EndpointID":"7830774c518a6ae45bc93e5b48bd99e8a609aa29230b007326fa87b5ca32567f","Gateway":"172.17.0.1","GlobalIPv6Address":"","GlobalIPv6PrefixLen":0,"IPAddress":"172.17.0.4","IPPrefixLen":16,"IPv6Gateway":"","MacAddress":"02:42:ac:11:00:04","Networks":{"bridge":{"IPAMConfig":null,"Links":null,"Aliases":null,"NetworkID":"42b943ace1ba272d06317befbba08f853c5a08f211a0bdf3660599ced98f9c17","EndpointID":"7830774c518a6ae45bc93e5b48bd99e8a609aa29230b007326fa87b5ca32567f","Gateway":"172.17.0.1","IPAddress":"172.17.0.4","IPPrefixLen":16,"IPv6Gateway":"","GlobalIPv6Address":"","GlobalIPv6PrefixLen":0,"MacAddress":"02:42:ac:11:00:04","DriverOpts":null}}}}[\n]"
11:45:44.493 [Test worker] DEBUG com.github.dockerjava.zerodep.shaded.org.apache.hc.client5.http.wire - http-outgoing-2 << "[\r][\n]"
11:45:44.494 [Test worker] DEBUG com.github.dockerjava.zerodep.shaded.org.apache.hc.client5.http.wire - http-outgoing-2 << "0[\r][\n]"
11:45:44.494 [Test worker] DEBUG com.github.dockerjava.zerodep.shaded.org.apache.hc.client5.http.wire - http-outgoing-2 << "[\r][\n]"
11:45:44.494 [Test worker] DEBUG com.github.dockerjava.zerodep.shaded.org.apache.hc.client5.http.impl.classic.InternalHttpClient - ep-00000053: releasing valid endpoint
11:45:44.494 [Test worker] DEBUG com.github.dockerjava.zerodep.shaded.org.apache.hc.client5.http.impl.io.PoolingHttpClientConnectionManager - ep-00000053: releasing endpoint
11:45:44.494 [Test worker] DEBUG com.github.dockerjava.zerodep.shaded.org.apache.hc.client5.http.impl.io.PoolingHttpClientConnectionManager - ep-00000053: connection http-outgoing-2 can be kept alive for 3 MINUTES
11:45:44.494 [Test worker] DEBUG com.github.dockerjava.zerodep.shaded.org.apache.hc.client5.http.impl.io.PoolingHttpClientConnectionManager - ep-00000053: connection released [route: {}->unix://localhost:2375][total available: 1; route allocated: 1 of 2147483647; total allocated: 1 of 2147483647]
11:45:44.494 [Test worker] DEBUG ]]>&#x1f433;<![CDATA[ [mysql:8] - Trying to create JDBC connection using com.mysql.cj.jdbc.Driver to jdbc:mysql://localhost:63346/lotification?useSSL=false&allowPublicKeyRetrieval=true with properties: {password=1234, user=admin}
11:45:44.601 [Test worker] DEBUG org.testcontainers.shaded.com.github.dockerjava.core.command.AbstrDockerCmd - Cmd: 47a7ce05e61aa72bdced5a030ca6064519c62d122a5992816f04e0e528b5b17d,false
11:45:44.601 [Test worker] DEBUG org.testcontainers.shaded.com.github.dockerjava.core.exec.InspectContainerCmdExec - GET: DefaultWebTarget{path=[/containers/47a7ce05e61aa72bdced5a030ca6064519c62d122a5992816f04e0e528b5b17d/json], queryParams={}}
11:45:44.601 [Test worker] DEBUG com.github.dockerjava.zerodep.shaded.org.apache.hc.client5.http.impl.classic.InternalHttpClient - ex-00000055: preparing request execution
11:45:44.601 [Test worker] DEBUG com.github.dockerjava.zerodep.shaded.org.apache.hc.client5.http.protocol.RequestAddCookies - Cookie spec selected: strict
11:45:44.601 [Test worker] DEBUG com.github.dockerjava.zerodep.shaded.org.apache.hc.client5.http.protocol.RequestAuthCache - Auth cache not set in the context
11:45:44.601 [Test worker] DEBUG com.github.dockerjava.zerodep.shaded.org.apache.hc.client5.http.impl.classic.ProtocolExec - ex-00000055: target auth state: UNCHALLENGED
11:45:44.601 [Test worker] DEBUG com.github.dockerjava.zerodep.shaded.org.apache.hc.client5.http.impl.classic.ProtocolExec - ex-00000055: proxy auth state: UNCHALLENGED
11:45:44.601 [Test worker] DEBUG com.github.dockerjava.zerodep.shaded.org.apache.hc.client5.http.impl.classic.ConnectExec - ex-00000055: acquiring connection with route {}->unix://localhost:2375
11:45:44.601 [Test worker] DEBUG com.github.dockerjava.zerodep.shaded.org.apache.hc.client5.http.impl.classic.InternalHttpClient - ex-00000055: acquiring endpoint (3 MINUTES)
11:45:44.601 [Test worker] DEBUG com.github.dockerjava.zerodep.shaded.org.apache.hc.client5.http.impl.io.PoolingHttpClientConnectionManager - ex-00000055: endpoint lease request (3 MINUTES) [route: {}->unix://localhost:2375][total available: 1; route allocated: 1 of 2147483647; total allocated: 1 of 2147483647]
11:45:44.601 [Test worker] DEBUG com.github.dockerjava.zerodep.shaded.org.apache.hc.client5.http.impl.io.PoolingHttpClientConnectionManager - ex-00000055: endpoint leased [route: {}->unix://localhost:2375][total available: 0; route allocated: 1 of 2147483647; total allocated: 1 of 2147483647]
11:45:44.601 [Test worker] DEBUG com.github.dockerjava.zerodep.shaded.org.apache.hc.client5.http.impl.io.PoolingHttpClientConnectionManager - ex-00000055: acquired ep-00000054
11:45:44.601 [Test worker] DEBUG com.github.dockerjava.zerodep.shaded.org.apache.hc.client5.http.impl.classic.InternalHttpClient - ex-00000055: acquired endpoint ep-00000054
11:45:44.601 [Test worker] DEBUG com.github.dockerjava.zerodep.shaded.org.apache.hc.client5.http.impl.classic.MainClientExec - ex-00000055: executing GET /v1.32/containers/47a7ce05e61aa72bdced5a030ca6064519c62d122a5992816f04e0e528b5b17d/json HTTP/1.1
11:45:44.601 [Test worker] DEBUG com.github.dockerjava.zerodep.shaded.org.apache.hc.client5.http.impl.classic.InternalHttpClient - ep-00000054: start execution ex-00000055
11:45:44.601 [Test worker] DEBUG com.github.dockerjava.zerodep.shaded.org.apache.hc.client5.http.impl.io.PoolingHttpClientConnectionManager - ep-00000054: executing exchange ex-00000055 over http-outgoing-2
11:45:44.601 [Test worker] DEBUG com.github.dockerjava.zerodep.shaded.org.apache.hc.client5.http.headers - http-outgoing-2 >> GET /v1.32/containers/47a7ce05e61aa72bdced5a030ca6064519c62d122a5992816f04e0e528b5b17d/json HTTP/1.1
11:45:44.601 [Test worker] DEBUG com.github.dockerjava.zerodep.shaded.org.apache.hc.client5.http.headers - http-outgoing-2 >> accept: application/json
11:45:44.601 [Test worker] DEBUG com.github.dockerjava.zerodep.shaded.org.apache.hc.client5.http.headers - http-outgoing-2 >> x-tc-sid: c5b4bded-8a7b-4309-a94c-5bb153977152
11:45:44.601 [Test worker] DEBUG com.github.dockerjava.zerodep.shaded.org.apache.hc.client5.http.headers - http-outgoing-2 >> Accept-Encoding: gzip, x-gzip, deflate
11:45:44.601 [Test worker] DEBUG com.github.dockerjava.zerodep.shaded.org.apache.hc.client5.http.headers - http-outgoing-2 >> Host: localhost:2375
11:45:44.601 [Test worker] DEBUG com.github.dockerjava.zerodep.shaded.org.apache.hc.client5.http.headers - http-outgoing-2 >> Connection: keep-alive
11:45:44.601 [Test worker] DEBUG com.github.dockerjava.zerodep.shaded.org.apache.hc.client5.http.headers - http-outgoing-2 >> User-Agent: Apache-HttpClient/5.0.3 (Java/17.0.3)
11:45:44.601 [Test worker] DEBUG com.github.dockerjava.zerodep.shaded.org.apache.hc.client5.http.wire - http-outgoing-2 >> "GET /v1.32/containers/47a7ce05e61aa72bdced5a030ca6064519c62d122a5992816f04e0e528b5b17d/json HTTP/1.1[\r][\n]"
11:45:44.601 [Test worker] DEBUG com.github.dockerjava.zerodep.shaded.org.apache.hc.client5.http.wire - http-outgoing-2 >> "accept: application/json[\r][\n]"
11:45:44.601 [Test worker] DEBUG com.github.dockerjava.zerodep.shaded.org.apache.hc.client5.http.wire - http-outgoing-2 >> "x-tc-sid: c5b4bded-8a7b-4309-a94c-5bb153977152[\r][\n]"
11:45:44.601 [Test worker] DEBUG com.github.dockerjava.zerodep.shaded.org.apache.hc.client5.http.wire - http-outgoing-2 >> "Accept-Encoding: gzip, x-gzip, deflate[\r][\n]"
11:45:44.601 [Test worker] DEBUG com.github.dockerjava.zerodep.shaded.org.apache.hc.client5.http.wire - http-outgoing-2 >> "Host: localhost:2375[\r][\n]"
11:45:44.601 [Test worker] DEBUG com.github.dockerjava.zerodep.shaded.org.apache.hc.client5.http.wire - http-outgoing-2 >> "Connection: keep-alive[\r][\n]"
11:45:44.601 [Test worker] DEBUG com.github.dockerjava.zerodep.shaded.org.apache.hc.client5.http.wire - http-outgoing-2 >> "User-Agent: Apache-HttpClient/5.0.3 (Java/17.0.3)[\r][\n]"
11:45:44.601 [Test worker] DEBUG com.github.dockerjava.zerodep.shaded.org.apache.hc.client5.http.wire - http-outgoing-2 >> "[\r][\n]"
11:45:44.604 [Test worker] DEBUG com.github.dockerjava.zerodep.shaded.org.apache.hc.client5.http.wire - http-outgoing-2 << "HTTP/1.1 200 OK[\r][\n]"
11:45:44.604 [Test worker] DEBUG com.github.dockerjava.zerodep.shaded.org.apache.hc.client5.http.wire - http-outgoing-2 << "Api-Version: 1.41[\r][\n]"
11:45:44.604 [Test worker] DEBUG com.github.dockerjava.zerodep.shaded.org.apache.hc.client5.http.wire - http-outgoing-2 << "Content-Type: application/json[\r][\n]"
11:45:44.604 [Test worker] DEBUG com.github.dockerjava.zerodep.shaded.org.apache.hc.client5.http.wire - http-outgoing-2 << "Date: Mon, 26 Sep 2022 02:45:44 GMT[\r][\n]"
11:45:44.604 [Test worker] DEBUG com.github.dockerjava.zerodep.shaded.org.apache.hc.client5.http.wire - http-outgoing-2 << "Docker-Experimental: false[\r][\n]"
11:45:44.604 [Test worker] DEBUG com.github.dockerjava.zerodep.shaded.org.apache.hc.client5.http.wire - http-outgoing-2 << "Ostype: linux[\r][\n]"
11:45:44.604 [Test worker] DEBUG com.github.dockerjava.zerodep.shaded.org.apache.hc.client5.http.wire - http-outgoing-2 << "Server: Docker/20.10.11 (linux)[\r][\n]"
11:45:44.604 [Test worker] DEBUG com.github.dockerjava.zerodep.shaded.org.apache.hc.client5.http.wire - http-outgoing-2 << "Transfer-Encoding: chunked[\r][\n]"
11:45:44.604 [Test worker] DEBUG com.github.dockerjava.zerodep.shaded.org.apache.hc.client5.http.wire - http-outgoing-2 << "[\r][\n]"
11:45:44.604 [Test worker] DEBUG com.github.dockerjava.zerodep.shaded.org.apache.hc.client5.http.headers - http-outgoing-2 << HTTP/1.1 200 OK
11:45:44.604 [Test worker] DEBUG com.github.dockerjava.zerodep.shaded.org.apache.hc.client5.http.headers - http-outgoing-2 << Api-Version: 1.41
11:45:44.604 [Test worker] DEBUG com.github.dockerjava.zerodep.shaded.org.apache.hc.client5.http.headers - http-outgoing-2 << Content-Type: application/json
11:45:44.604 [Test worker] DEBUG com.github.dockerjava.zerodep.shaded.org.apache.hc.client5.http.headers - http-outgoing-2 << Date: Mon, 26 Sep 2022 02:45:44 GMT
11:45:44.604 [Test worker] DEBUG com.github.dockerjava.zerodep.shaded.org.apache.hc.client5.http.headers - http-outgoing-2 << Docker-Experimental: false
11:45:44.604 [Test worker] DEBUG com.github.dockerjava.zerodep.shaded.org.apache.hc.client5.http.headers - http-outgoing-2 << Ostype: linux
11:45:44.604 [Test worker] DEBUG com.github.dockerjava.zerodep.shaded.org.apache.hc.client5.http.headers - http-outgoing-2 << Server: Docker/20.10.11 (linux)
11:45:44.604 [Test worker] DEBUG com.github.dockerjava.zerodep.shaded.org.apache.hc.client5.http.headers - http-outgoing-2 << Transfer-Encoding: chunked
11:45:44.604 [Test worker] DEBUG com.github.dockerjava.zerodep.shaded.org.apache.hc.client5.http.impl.classic.MainClientExec - ex-00000055: connection can be kept alive for 3 MINUTES
11:45:44.604 [Test worker] DEBUG com.github.dockerjava.zerodep.shaded.org.apache.hc.client5.http.wire - http-outgoing-2 << "1882[\r][\n]"
11:45:44.604 [Test worker] DEBUG com.github.dockerjava.zerodep.shaded.org.apache.hc.client5.http.wire - http-outgoing-2 << "{"Id":"47a7ce05e61aa72bdced5a030ca6064519c62d122a5992816f04e0e528b5b17d","Created":"2022-09-26T02:45:36.042081626Z","Path":"docker-entrypoint.sh","Args":["mysqld"],"State":{"Status":"running","Running":true,"Paused":false,"Restarting":false,"OOMKilled":false,"Dead":false,"Pid":2251,"ExitCode":0,"Error":"","StartedAt":"2022-09-26T02:45:36.388226668Z","FinishedAt":"0001-01-01T00:00:00Z"},"Image":"sha256:5e229524f286e653111cb9d028bf1ba4c3490742c8cd18c84af22538f0e68575","ResolvConfPath":"/var/lib/docker/containers/47a7ce05e61aa72bdced5a030ca6064519c62d122a5992816f04e0e528b5b17d/resolv.conf","HostnamePath":"/var/lib/docker/containers/47a7ce05e61aa72bdced5a030ca6064519c62d122a5992816f04e0e528b5b17d/hostname","HostsPath":"/var/lib/docker/containers/47a7ce05e61aa72bdced5a030ca6064519c62d122a5992816f04e0e528b5b17d/hosts","LogPath":"/var/lib/docker/containers/47a7ce05e61aa72bdced5a030ca6064519c62d122a5992816f04e0e528b5b17d/47a7ce05e61aa72bdced5a030ca6064519c62d122a5992816f04e0e528b5b17d-json.log","Name":"/crazy_chaum","RestartCount":0,"Driver":"overlay2","Platform":"linux","MountLabel":"","ProcessLabel":"","AppArmorProfile":"","ExecIDs":null,"HostConfig":{"Binds":[],"ContainerIDFile":"","LogConfig":{"Type":"json-file","Config":{}},"NetworkMode":"default","PortBindings":{"3306/tcp":[{"HostIp":"0.0.0.0","HostPort":"0"}]},"RestartPolicy":{"Name":"","MaximumRetryCount":0},"AutoRemove":false,"VolumeDriver":"","VolumesFrom":[],"CapAdd":null,"CapDrop":null,"CgroupnsMode":"private","Dns":null,"DnsOptions":null,"DnsSearch":null,"ExtraHosts":[],"GroupAdd":null,"IpcMode":"shareable","Cgroup":"","Links":null,"OomScoreAdj":0,"PidMode":"","Privileged":false,"PublishAllPorts":false,"ReadonlyRootfs":false,"SecurityOpt":null,"UTSMode":"","UsernsMode":"","ShmSize":67108864,"Runtime":"runc","ConsoleSize":[0,0],"Isolation":"","CpuShares":0,"Memory":0,"NanoCpus":0,"CgroupParent":"","BlkioWeight":0,"BlkioWeightDevice":null,"BlkioDeviceReadBps":null,"BlkioDeviceWriteBps":null,"BlkioDeviceReadIOps":null,"BlkioDeviceWriteIOps":null,"CpuPeriod":0,"CpuQuota":0,"CpuRealtimePeriod":0,"CpuRealtimeRuntime":0,"CpusetCpus":"","CpusetMems":"","Devices":null,"DeviceCgroupRules":null,"DeviceRequests":null,"KernelMemory":0,"KernelMemoryTCP":0,"MemoryReservation":0,"MemorySwap":0,"MemorySwappiness":null,"OomKillDisable":null,"PidsLimit":null,"Ulimits":null,"CpuCount":0,"CpuPercent":0,"IOMaximumIOps":0,"IOMaximumBandwidth":0,"MaskedPaths":["/proc/asound","/proc/acpi","/proc/kcore","/proc/keys","/proc/latency_stats","/proc/timer_list","/proc/timer_stats","/proc/sched_debug","/proc/scsi","/sys/firmware"],"ReadonlyPaths":["/proc/bus","/proc/fs","/proc/irq","/proc/sys","/proc/sysrq-trigger"]},"GraphDriver":{"Data":{"LowerDir":"/var/lib/docker/overlay2/45da4782eb6c4075fef21a16271836d62c4e4726b16ef4c5ea199d4e626bdb39-init/diff:/var/lib/docker/overlay2/27a623f1ab748258e017a40f339844ef533377092bad4182aa320e9399893e13/diff:/var/lib/docker/overlay2/d7c1e4de558b6bbbdc3209a51fc73295262b5271709fe659d0e2e94f626eea74/diff:/var/lib/docker/overlay2/2df554f793c3600571e2f078ad2e20025d6b2e35f3d18881ead4f70e2cc26cb8/diff:/var/lib/docker/overlay2/feb23515577245ad51a24945de1e6bab842929569da912a2b4a33a48c6c2331f/diff:/var/lib/docker/overlay2/cc2cdbce154e19d9c4f376917b6c92ebd55b0b495124ffd2c9d7e9c82b6a95f9/diff:/var/lib/docker/overlay2/968467fe01280f82d26487386f320a15000815d63000d5ec89b47acca8f77ef2/diff:/var/lib/docker/overlay2/cc59daa314bbcaec43d6cd4064c7863b4b3976b989121dcf2e32c4710281f247/diff:/var/lib/docker/overlay2/dc5d8b1cf96cfd5d96d68fbed14248edf1244c1a4669ba07b0bab7f3d782f058/diff:/var/lib/docker/overlay2/dcca184158d696706cd99e62ffa3e5c42964eb57190bef35421cdf3f83a8c130/diff:/var/lib/docker/overlay2/a7f928596da67ce59f34b0ba4cee4a3b948b94f91ad0b0b6260dc54fb9b5a048/diff:/var/lib/docker/overlay2/6ac5adbfff6202b1faa13a2a2fd92625bdda668cdac1a1d2230becbb394e569f/diff","MergedDir":"/var/lib/docker/overlay2/45da4782eb6c4075fef21a16271836d62c4e4726b16ef4c5ea199d4e626bdb39/merged","UpperDir":"/var/lib/docker/overlay2/45da4782eb6c4075fef21a16271836d62c4e4726b16ef4c5ea199d4e626bdb39/diff","WorkDir":"/var/lib/docker/overlay2/45da4782eb6c4075fef21a16271836d62c4e4726b16ef4c5ea199d4e626bdb39/work"},"Name":"overlay2"},"Mounts":[{"Type":"volume","Name":"08668a73464516d2c615e247a561222f461f2385cff5615e53cc78e96456230c","Source":"/var/lib/docker/volumes/08668a73464516d2c615e247a561222f461f2385cff5615e53cc78e96456230c/_data","Destination":"/var/lib/mysql","Driver":"local","Mode":"","RW":true,"Propagation":""}],"Config":{"Hostname":"47a7ce05e61a","Domainname":"","User":"","AttachStdin":false,"AttachStdout":false,"AttachStderr":false,"ExposedPorts":{"3306/tcp":{},"33060/tcp":{}},"Tty":false,"OpenStdin":false,"StdinOnce":false,"Env":["MYSQL_DATABASE=lotification","MYSQL_PASSWORD=1234","MYSQL_USER=admin","MYSQL_ROOT_PASSWORD=1234","PATH=/usr/local/sbin:/usr/local/bin:/usr/sbin:/usr/bin:/sbin:/bin","GOSU_VERSION=1.14","MYSQL_MAJOR=8.0","MYSQL_VERSION=8.0.30-1.el8","MYSQL_SHELL_VERSION=8.0.30-1.el8"],"Cmd":["mysqld"],"Image":"mysql:8","Volumes":{"/var/lib/mysql":{}},"WorkingDir":"","Entrypoint":["docker-entrypoint.sh"],"OnBuild":null,"Labels":{"org.testcontainers":"true","org.testcontainers.sessionId":"c5b4bded-8a7b-4309-a94c-5bb153977152"}},"NetworkSettings":{"Bridge":"","SandboxID":"c87f478ec31081a2fc02a6d53fa5addc8f61962dea8dd5c17c1c641e1a25e99b","HairpinMode":false,"LinkLocalIPv6Address":"","LinkLocalIPv6PrefixLen":0,"Ports":{"3306/tcp":[{"HostIp":"0.0.0.0","HostPort":"63346"}],"33060/tcp":null},"SandboxKey":"/var/run/docker/netns/c87f478ec310","SecondaryIPAddresses":null,"SecondaryIPv6Addresses":null,"EndpointID":"7830774c518a6ae45bc93e5b48bd99e8a609aa29230b007326fa87b5ca32567f","Gateway":"172.17.0.1","GlobalIPv6Address":"","GlobalIPv6PrefixLen":0,"IPAddress":"172.17.0.4","IPPrefixLen":16,"IPv6Gateway":"","MacAddress":"02:42:ac:11:00:04","Networks":{"bridge":{"IPAMConfig":null,"Links":null,"Aliases":null,"NetworkID":"42b943ace1ba272d06317befbba08f853c5a08f211a0bdf3660599ced98f9c17","EndpointID":"7830774c518a6ae45bc93e5b48bd99e8a609aa29230b007326fa87b5ca32567f","Gateway":"172.17.0.1","IPAddress":"172.17.0.4","IPPrefixLen":16,"IPv6Gateway":"","GlobalIPv6Address":"","GlobalIPv6PrefixLen":0,"MacAddress":"02:42:ac:11:00:04","DriverOpts":null}}}}[\n]"
11:45:44.604 [Test worker] DEBUG com.github.dockerjava.zerodep.shaded.org.apache.hc.client5.http.wire - http-outgoing-2 << "[\r][\n]"
11:45:44.604 [Test worker] DEBUG com.github.dockerjava.zerodep.shaded.org.apache.hc.client5.http.wire - http-outgoing-2 << "0[\r][\n]"
11:45:44.604 [Test worker] DEBUG com.github.dockerjava.zerodep.shaded.org.apache.hc.client5.http.wire - http-outgoing-2 << "[\r][\n]"
11:45:44.604 [Test worker] DEBUG com.github.dockerjava.zerodep.shaded.org.apache.hc.client5.http.impl.classic.InternalHttpClient - ep-00000054: releasing valid endpoint
11:45:44.604 [Test worker] DEBUG com.github.dockerjava.zerodep.shaded.org.apache.hc.client5.http.impl.io.PoolingHttpClientConnectionManager - ep-00000054: releasing endpoint
11:45:44.604 [Test worker] DEBUG com.github.dockerjava.zerodep.shaded.org.apache.hc.client5.http.impl.io.PoolingHttpClientConnectionManager - ep-00000054: connection http-outgoing-2 can be kept alive for 3 MINUTES
11:45:44.604 [Test worker] DEBUG com.github.dockerjava.zerodep.shaded.org.apache.hc.client5.http.impl.io.PoolingHttpClientConnectionManager - ep-00000054: connection released [route: {}->unix://localhost:2375][total available: 1; route allocated: 1 of 2147483647; total allocated: 1 of 2147483647]
11:45:44.604 [Test worker] DEBUG ]]>&#x1f433;<![CDATA[ [mysql:8] - Trying to create JDBC connection using com.mysql.cj.jdbc.Driver to jdbc:mysql://localhost:63346/lotification?useSSL=false&allowPublicKeyRetrieval=true with properties: {password=1234, user=admin}
11:45:44.712 [Test worker] DEBUG org.testcontainers.shaded.com.github.dockerjava.core.command.AbstrDockerCmd - Cmd: 47a7ce05e61aa72bdced5a030ca6064519c62d122a5992816f04e0e528b5b17d,false
11:45:44.712 [Test worker] DEBUG org.testcontainers.shaded.com.github.dockerjava.core.exec.InspectContainerCmdExec - GET: DefaultWebTarget{path=[/containers/47a7ce05e61aa72bdced5a030ca6064519c62d122a5992816f04e0e528b5b17d/json], queryParams={}}
11:45:44.712 [Test worker] DEBUG com.github.dockerjava.zerodep.shaded.org.apache.hc.client5.http.impl.classic.InternalHttpClient - ex-00000056: preparing request execution
11:45:44.712 [Test worker] DEBUG com.github.dockerjava.zerodep.shaded.org.apache.hc.client5.http.protocol.RequestAddCookies - Cookie spec selected: strict
11:45:44.712 [Test worker] DEBUG com.github.dockerjava.zerodep.shaded.org.apache.hc.client5.http.protocol.RequestAuthCache - Auth cache not set in the context
11:45:44.712 [Test worker] DEBUG com.github.dockerjava.zerodep.shaded.org.apache.hc.client5.http.impl.classic.ProtocolExec - ex-00000056: target auth state: UNCHALLENGED
11:45:44.712 [Test worker] DEBUG com.github.dockerjava.zerodep.shaded.org.apache.hc.client5.http.impl.classic.ProtocolExec - ex-00000056: proxy auth state: UNCHALLENGED
11:45:44.712 [Test worker] DEBUG com.github.dockerjava.zerodep.shaded.org.apache.hc.client5.http.impl.classic.ConnectExec - ex-00000056: acquiring connection with route {}->unix://localhost:2375
11:45:44.712 [Test worker] DEBUG com.github.dockerjava.zerodep.shaded.org.apache.hc.client5.http.impl.classic.InternalHttpClient - ex-00000056: acquiring endpoint (3 MINUTES)
11:45:44.712 [Test worker] DEBUG com.github.dockerjava.zerodep.shaded.org.apache.hc.client5.http.impl.io.PoolingHttpClientConnectionManager - ex-00000056: endpoint lease request (3 MINUTES) [route: {}->unix://localhost:2375][total available: 1; route allocated: 1 of 2147483647; total allocated: 1 of 2147483647]
11:45:44.712 [Test worker] DEBUG com.github.dockerjava.zerodep.shaded.org.apache.hc.client5.http.impl.io.PoolingHttpClientConnectionManager - ex-00000056: endpoint leased [route: {}->unix://localhost:2375][total available: 0; route allocated: 1 of 2147483647; total allocated: 1 of 2147483647]
11:45:44.712 [Test worker] DEBUG com.github.dockerjava.zerodep.shaded.org.apache.hc.client5.http.impl.io.PoolingHttpClientConnectionManager - ex-00000056: acquired ep-00000055
11:45:44.712 [Test worker] DEBUG com.github.dockerjava.zerodep.shaded.org.apache.hc.client5.http.impl.classic.InternalHttpClient - ex-00000056: acquired endpoint ep-00000055
11:45:44.712 [Test worker] DEBUG com.github.dockerjava.zerodep.shaded.org.apache.hc.client5.http.impl.classic.MainClientExec - ex-00000056: executing GET /v1.32/containers/47a7ce05e61aa72bdced5a030ca6064519c62d122a5992816f04e0e528b5b17d/json HTTP/1.1
11:45:44.712 [Test worker] DEBUG com.github.dockerjava.zerodep.shaded.org.apache.hc.client5.http.impl.classic.InternalHttpClient - ep-00000055: start execution ex-00000056
11:45:44.712 [Test worker] DEBUG com.github.dockerjava.zerodep.shaded.org.apache.hc.client5.http.impl.io.PoolingHttpClientConnectionManager - ep-00000055: executing exchange ex-00000056 over http-outgoing-2
11:45:44.712 [Test worker] DEBUG com.github.dockerjava.zerodep.shaded.org.apache.hc.client5.http.headers - http-outgoing-2 >> GET /v1.32/containers/47a7ce05e61aa72bdced5a030ca6064519c62d122a5992816f04e0e528b5b17d/json HTTP/1.1
11:45:44.712 [Test worker] DEBUG com.github.dockerjava.zerodep.shaded.org.apache.hc.client5.http.headers - http-outgoing-2 >> accept: application/json
11:45:44.712 [Test worker] DEBUG com.github.dockerjava.zerodep.shaded.org.apache.hc.client5.http.headers - http-outgoing-2 >> x-tc-sid: c5b4bded-8a7b-4309-a94c-5bb153977152
11:45:44.712 [Test worker] DEBUG com.github.dockerjava.zerodep.shaded.org.apache.hc.client5.http.headers - http-outgoing-2 >> Accept-Encoding: gzip, x-gzip, deflate
11:45:44.712 [Test worker] DEBUG com.github.dockerjava.zerodep.shaded.org.apache.hc.client5.http.headers - http-outgoing-2 >> Host: localhost:2375
11:45:44.712 [Test worker] DEBUG com.github.dockerjava.zerodep.shaded.org.apache.hc.client5.http.headers - http-outgoing-2 >> Connection: keep-alive
11:45:44.712 [Test worker] DEBUG com.github.dockerjava.zerodep.shaded.org.apache.hc.client5.http.headers - http-outgoing-2 >> User-Agent: Apache-HttpClient/5.0.3 (Java/17.0.3)
11:45:44.712 [Test worker] DEBUG com.github.dockerjava.zerodep.shaded.org.apache.hc.client5.http.wire - http-outgoing-2 >> "GET /v1.32/containers/47a7ce05e61aa72bdced5a030ca6064519c62d122a5992816f04e0e528b5b17d/json HTTP/1.1[\r][\n]"
11:45:44.712 [Test worker] DEBUG com.github.dockerjava.zerodep.shaded.org.apache.hc.client5.http.wire - http-outgoing-2 >> "accept: application/json[\r][\n]"
11:45:44.712 [Test worker] DEBUG com.github.dockerjava.zerodep.shaded.org.apache.hc.client5.http.wire - http-outgoing-2 >> "x-tc-sid: c5b4bded-8a7b-4309-a94c-5bb153977152[\r][\n]"
11:45:44.712 [Test worker] DEBUG com.github.dockerjava.zerodep.shaded.org.apache.hc.client5.http.wire - http-outgoing-2 >> "Accept-Encoding: gzip, x-gzip, deflate[\r][\n]"
11:45:44.712 [Test worker] DEBUG com.github.dockerjava.zerodep.shaded.org.apache.hc.client5.http.wire - http-outgoing-2 >> "Host: localhost:2375[\r][\n]"
11:45:44.712 [Test worker] DEBUG com.github.dockerjava.zerodep.shaded.org.apache.hc.client5.http.wire - http-outgoing-2 >> "Connection: keep-alive[\r][\n]"
11:45:44.712 [Test worker] DEBUG com.github.dockerjava.zerodep.shaded.org.apache.hc.client5.http.wire - http-outgoing-2 >> "User-Agent: Apache-HttpClient/5.0.3 (Java/17.0.3)[\r][\n]"
11:45:44.712 [Test worker] DEBUG com.github.dockerjava.zerodep.shaded.org.apache.hc.client5.http.wire - http-outgoing-2 >> "[\r][\n]"
11:45:44.717 [Test worker] DEBUG com.github.dockerjava.zerodep.shaded.org.apache.hc.client5.http.wire - http-outgoing-2 << "HTTP/1.1 200 OK[\r][\n]"
11:45:44.717 [Test worker] DEBUG com.github.dockerjava.zerodep.shaded.org.apache.hc.client5.http.wire - http-outgoing-2 << "Api-Version: 1.41[\r][\n]"
11:45:44.717 [Test worker] DEBUG com.github.dockerjava.zerodep.shaded.org.apache.hc.client5.http.wire - http-outgoing-2 << "Content-Type: application/json[\r][\n]"
11:45:44.717 [Test worker] DEBUG com.github.dockerjava.zerodep.shaded.org.apache.hc.client5.http.wire - http-outgoing-2 << "Date: Mon, 26 Sep 2022 02:45:44 GMT[\r][\n]"
11:45:44.717 [Test worker] DEBUG com.github.dockerjava.zerodep.shaded.org.apache.hc.client5.http.wire - http-outgoing-2 << "Docker-Experimental: false[\r][\n]"
11:45:44.717 [Test worker] DEBUG com.github.dockerjava.zerodep.shaded.org.apache.hc.client5.http.wire - http-outgoing-2 << "Ostype: linux[\r][\n]"
11:45:44.717 [Test worker] DEBUG com.github.dockerjava.zerodep.shaded.org.apache.hc.client5.http.wire - http-outgoing-2 << "Server: Docker/20.10.11 (linux)[\r][\n]"
11:45:44.717 [Test worker] DEBUG com.github.dockerjava.zerodep.shaded.org.apache.hc.client5.http.wire - http-outgoing-2 << "Transfer-Encoding: chunked[\r][\n]"
11:45:44.717 [Test worker] DEBUG com.github.dockerjava.zerodep.shaded.org.apache.hc.client5.http.wire - http-outgoing-2 << "[\r][\n]"
11:45:44.717 [Test worker] DEBUG com.github.dockerjava.zerodep.shaded.org.apache.hc.client5.http.headers - http-outgoing-2 << HTTP/1.1 200 OK
11:45:44.717 [Test worker] DEBUG com.github.dockerjava.zerodep.shaded.org.apache.hc.client5.http.headers - http-outgoing-2 << Api-Version: 1.41
11:45:44.717 [Test worker] DEBUG com.github.dockerjava.zerodep.shaded.org.apache.hc.client5.http.headers - http-outgoing-2 << Content-Type: application/json
11:45:44.717 [Test worker] DEBUG com.github.dockerjava.zerodep.shaded.org.apache.hc.client5.http.headers - http-outgoing-2 << Date: Mon, 26 Sep 2022 02:45:44 GMT
11:45:44.717 [Test worker] DEBUG com.github.dockerjava.zerodep.shaded.org.apache.hc.client5.http.headers - http-outgoing-2 << Docker-Experimental: false
11:45:44.717 [Test worker] DEBUG com.github.dockerjava.zerodep.shaded.org.apache.hc.client5.http.headers - http-outgoing-2 << Ostype: linux
11:45:44.717 [Test worker] DEBUG com.github.dockerjava.zerodep.shaded.org.apache.hc.client5.http.headers - http-outgoing-2 << Server: Docker/20.10.11 (linux)
11:45:44.717 [Test worker] DEBUG com.github.dockerjava.zerodep.shaded.org.apache.hc.client5.http.headers - http-outgoing-2 << Transfer-Encoding: chunked
11:45:44.717 [Test worker] DEBUG com.github.dockerjava.zerodep.shaded.org.apache.hc.client5.http.impl.classic.MainClientExec - ex-00000056: connection can be kept alive for 3 MINUTES
11:45:44.717 [Test worker] DEBUG com.github.dockerjava.zerodep.shaded.org.apache.hc.client5.http.wire - http-outgoing-2 << "1882[\r][\n]"
11:45:44.717 [Test worker] DEBUG com.github.dockerjava.zerodep.shaded.org.apache.hc.client5.http.wire - http-outgoing-2 << "{"Id":"47a7ce05e61aa72bdced5a030ca6064519c62d122a5992816f04e0e528b5b17d","Created":"2022-09-26T02:45:36.042081626Z","Path":"docker-entrypoint.sh","Args":["mysqld"],"State":{"Status":"running","Running":true,"Paused":false,"Restarting":false,"OOMKilled":false,"Dead":false,"Pid":2251,"ExitCode":0,"Error":"","StartedAt":"2022-09-26T02:45:36.388226668Z","FinishedAt":"0001-01-01T00:00:00Z"},"Image":"sha256:5e229524f286e653111cb9d028bf1ba4c3490742c8cd18c84af22538f0e68575","ResolvConfPath":"/var/lib/docker/containers/47a7ce05e61aa72bdced5a030ca6064519c62d122a5992816f04e0e528b5b17d/resolv.conf","HostnamePath":"/var/lib/docker/containers/47a7ce05e61aa72bdced5a030ca6064519c62d122a5992816f04e0e528b5b17d/hostname","HostsPath":"/var/lib/docker/containers/47a7ce05e61aa72bdced5a030ca6064519c62d122a5992816f04e0e528b5b17d/hosts","LogPath":"/var/lib/docker/containers/47a7ce05e61aa72bdced5a030ca6064519c62d122a5992816f04e0e528b5b17d/47a7ce05e61aa72bdced5a030ca6064519c62d122a5992816f04e0e528b5b17d-json.log","Name":"/crazy_chaum","RestartCount":0,"Driver":"overlay2","Platform":"linux","MountLabel":"","ProcessLabel":"","AppArmorProfile":"","ExecIDs":null,"HostConfig":{"Binds":[],"ContainerIDFile":"","LogConfig":{"Type":"json-file","Config":{}},"NetworkMode":"default","PortBindings":{"3306/tcp":[{"HostIp":"0.0.0.0","HostPort":"0"}]},"RestartPolicy":{"Name":"","MaximumRetryCount":0},"AutoRemove":false,"VolumeDriver":"","VolumesFrom":[],"CapAdd":null,"CapDrop":null,"CgroupnsMode":"private","Dns":null,"DnsOptions":null,"DnsSearch":null,"ExtraHosts":[],"GroupAdd":null,"IpcMode":"shareable","Cgroup":"","Links":null,"OomScoreAdj":0,"PidMode":"","Privileged":false,"PublishAllPorts":false,"ReadonlyRootfs":false,"SecurityOpt":null,"UTSMode":"","UsernsMode":"","ShmSize":67108864,"Runtime":"runc","ConsoleSize":[0,0],"Isolation":"","CpuShares":0,"Memory":0,"NanoCpus":0,"CgroupParent":"","BlkioWeight":0,"BlkioWeightDevice":null,"BlkioDeviceReadBps":null,"BlkioDeviceWriteBps":null,"BlkioDeviceReadIOps":null,"BlkioDeviceWriteIOps":null,"CpuPeriod":0,"CpuQuota":0,"CpuRealtimePeriod":0,"CpuRealtimeRuntime":0,"CpusetCpus":"","CpusetMems":"","Devices":null,"DeviceCgroupRules":null,"DeviceRequests":null,"KernelMemory":0,"KernelMemoryTCP":0,"MemoryReservation":0,"MemorySwap":0,"MemorySwappiness":null,"OomKillDisable":null,"PidsLimit":null,"Ulimits":null,"CpuCount":0,"CpuPercent":0,"IOMaximumIOps":0,"IOMaximumBandwidth":0,"MaskedPaths":["/proc/asound","/proc/acpi","/proc/kcore","/proc/keys","/proc/latency_stats","/proc/timer_list","/proc/timer_stats","/proc/sched_debug","/proc/scsi","/sys/firmware"],"ReadonlyPaths":["/proc/bus","/proc/fs","/proc/irq","/proc/sys","/proc/sysrq-trigger"]},"GraphDriver":{"Data":{"LowerDir":"/var/lib/docker/overlay2/45da4782eb6c4075fef21a16271836d62c4e4726b16ef4c5ea199d4e626bdb39-init/diff:/var/lib/docker/overlay2/27a623f1ab748258e017a40f339844ef533377092bad4182aa320e9399893e13/diff:/var/lib/docker/overlay2/d7c1e4de558b6bbbdc3209a51fc73295262b5271709fe659d0e2e94f626eea74/diff:/var/lib/docker/overlay2/2df554f793c3600571e2f078ad2e20025d6b2e35f3d18881ead4f70e2cc26cb8/diff:/var/lib/docker/overlay2/feb23515577245ad51a24945de1e6bab842929569da912a2b4a33a48c6c2331f/diff:/var/lib/docker/overlay2/cc2cdbce154e19d9c4f376917b6c92ebd55b0b495124ffd2c9d7e9c82b6a95f9/diff:/var/lib/docker/overlay2/968467fe01280f82d26487386f320a15000815d63000d5ec89b47acca8f77ef2/diff:/var/lib/docker/overlay2/cc59daa314bbcaec43d6cd4064c7863b4b3976b989121dcf2e32c4710281f247/diff:/var/lib/docker/overlay2/dc5d8b1cf96cfd5d96d68fbed14248edf1244c1a4669ba07b0bab7f3d782f058/diff:/var/lib/docker/overlay2/dcca184158d696706cd99e62ffa3e5c42964eb57190bef35421cdf3f83a8c130/diff:/var/lib/docker/overlay2/a7f928596da67ce59f34b0ba4cee4a3b948b94f91ad0b0b6260dc54fb9b5a048/diff:/var/lib/docker/overlay2/6ac5adbfff6202b1faa13a2a2fd92625bdda668cdac1a1d2230becbb394e569f/diff","MergedDir":"/var/lib/docker/overlay2/45da4782eb6c4075fef21a16271836d62c4e4726b16ef4c5ea199d4e626bdb39/merged","UpperDir":"/var/lib/docker/overlay2/45da4782eb6c4075fef21a16271836d62c4e4726b16ef4c5ea199d4e626bdb39/diff","WorkDir":"/var/lib/docker/overlay2/45da4782eb6c4075fef21a16271836d62c4e4726b16ef4c5ea199d4e626bdb39/work"},"Name":"overlay2"},"Mounts":[{"Type":"volume","Name":"08668a73464516d2c615e247a561222f461f2385cff5615e53cc78e96456230c","Source":"/var/lib/docker/volumes/08668a73464516d2c615e247a561222f461f2385cff5615e53cc78e96456230c/_data","Destination":"/var/lib/mysql","Driver":"local","Mode":"","RW":true,"Propagation":""}],"Config":{"Hostname":"47a7ce05e61a","Domainname":"","User":"","AttachStdin":false,"AttachStdout":false,"AttachStderr":false,"ExposedPorts":{"3306/tcp":{},"33060/tcp":{}},"Tty":false,"OpenStdin":false,"StdinOnce":false,"Env":["MYSQL_DATABASE=lotification","MYSQL_PASSWORD=1234","MYSQL_USER=admin","MYSQL_ROOT_PASSWORD=1234","PATH=/usr/local/sbin:/usr/local/bin:/usr/sbin:/usr/bin:/sbin:/bin","GOSU_VERSION=1.14","MYSQL_MAJOR=8.0","MYSQL_VERSION=8.0.30-1.el8","MYSQL_SHELL_VERSION=8.0.30-1.el8"],"Cmd":["mysqld"],"Image":"mysql:8","Volumes":{"/var/lib/mysql":{}},"WorkingDir":"","Entrypoint":["docker-entrypoint.sh"],"OnBuild":null,"Labels":{"org.testcontainers":"true","org.testcontainers.sessionId":"c5b4bded-8a7b-4309-a94c-5bb153977152"}},"NetworkSettings":{"Bridge":"","SandboxID":"c87f478ec31081a2fc02a6d53fa5addc8f61962dea8dd5c17c1c641e1a25e99b","HairpinMode":false,"LinkLocalIPv6Address":"","LinkLocalIPv6PrefixLen":0,"Ports":{"3306/tcp":[{"HostIp":"0.0.0.0","HostPort":"63346"}],"33060/tcp":null},"SandboxKey":"/var/run/docker/netns/c87f478ec310","SecondaryIPAddresses":null,"SecondaryIPv6Addresses":null,"EndpointID":"7830774c518a6ae45bc93e5b48bd99e8a609aa29230b007326fa87b5ca32567f","Gateway":"172.17.0.1","GlobalIPv6Address":"","GlobalIPv6PrefixLen":0,"IPAddress":"172.17.0.4","IPPrefixLen":16,"IPv6Gateway":"","MacAddress":"02:42:ac:11:00:04","Networks":{"bridge":{"IPAMConfig":null,"Links":null,"Aliases":null,"NetworkID":"42b943ace1ba272d06317befbba08f853c5a08f211a0bdf3660599ced98f9c17","EndpointID":"7830774c518a6ae45bc93e5b48bd99e8a609aa29230b007326fa87b5ca32567f","Gateway":"172.17.0.1","IPAddress":"172.17.0.4","IPPrefixLen":16,"IPv6Gateway":"","GlobalIPv6Address":"","GlobalIPv6PrefixLen":0,"MacAddress":"02:42:ac:11:00:04","DriverOpts":null}}}}[\n]"
11:45:44.717 [Test worker] DEBUG com.github.dockerjava.zerodep.shaded.org.apache.hc.client5.http.wire - http-outgoing-2 << "[\r][\n]"
11:45:44.718 [Test worker] DEBUG com.github.dockerjava.zerodep.shaded.org.apache.hc.client5.http.wire - http-outgoing-2 << "0[\r][\n]"
11:45:44.718 [Test worker] DEBUG com.github.dockerjava.zerodep.shaded.org.apache.hc.client5.http.wire - http-outgoing-2 << "[\r][\n]"
11:45:44.718 [Test worker] DEBUG com.github.dockerjava.zerodep.shaded.org.apache.hc.client5.http.impl.classic.InternalHttpClient - ep-00000055: releasing valid endpoint
11:45:44.718 [Test worker] DEBUG com.github.dockerjava.zerodep.shaded.org.apache.hc.client5.http.impl.io.PoolingHttpClientConnectionManager - ep-00000055: releasing endpoint
11:45:44.718 [Test worker] DEBUG com.github.dockerjava.zerodep.shaded.org.apache.hc.client5.http.impl.io.PoolingHttpClientConnectionManager - ep-00000055: connection http-outgoing-2 can be kept alive for 3 MINUTES
11:45:44.718 [Test worker] DEBUG com.github.dockerjava.zerodep.shaded.org.apache.hc.client5.http.impl.io.PoolingHttpClientConnectionManager - ep-00000055: connection released [route: {}->unix://localhost:2375][total available: 1; route allocated: 1 of 2147483647; total allocated: 1 of 2147483647]
11:45:44.718 [Test worker] DEBUG ]]>&#x1f433;<![CDATA[ [mysql:8] - Trying to create JDBC connection using com.mysql.cj.jdbc.Driver to jdbc:mysql://localhost:63346/lotification?useSSL=false&allowPublicKeyRetrieval=true with properties: {password=1234, user=admin}
11:45:44.825 [Test worker] DEBUG org.testcontainers.shaded.com.github.dockerjava.core.command.AbstrDockerCmd - Cmd: 47a7ce05e61aa72bdced5a030ca6064519c62d122a5992816f04e0e528b5b17d,false
11:45:44.825 [Test worker] DEBUG org.testcontainers.shaded.com.github.dockerjava.core.exec.InspectContainerCmdExec - GET: DefaultWebTarget{path=[/containers/47a7ce05e61aa72bdced5a030ca6064519c62d122a5992816f04e0e528b5b17d/json], queryParams={}}
11:45:44.826 [Test worker] DEBUG com.github.dockerjava.zerodep.shaded.org.apache.hc.client5.http.impl.classic.InternalHttpClient - ex-00000057: preparing request execution
11:45:44.826 [Test worker] DEBUG com.github.dockerjava.zerodep.shaded.org.apache.hc.client5.http.protocol.RequestAddCookies - Cookie spec selected: strict
11:45:44.826 [Test worker] DEBUG com.github.dockerjava.zerodep.shaded.org.apache.hc.client5.http.protocol.RequestAuthCache - Auth cache not set in the context
11:45:44.826 [Test worker] DEBUG com.github.dockerjava.zerodep.shaded.org.apache.hc.client5.http.impl.classic.ProtocolExec - ex-00000057: target auth state: UNCHALLENGED
11:45:44.826 [Test worker] DEBUG com.github.dockerjava.zerodep.shaded.org.apache.hc.client5.http.impl.classic.ProtocolExec - ex-00000057: proxy auth state: UNCHALLENGED
11:45:44.826 [Test worker] DEBUG com.github.dockerjava.zerodep.shaded.org.apache.hc.client5.http.impl.classic.ConnectExec - ex-00000057: acquiring connection with route {}->unix://localhost:2375
11:45:44.826 [Test worker] DEBUG com.github.dockerjava.zerodep.shaded.org.apache.hc.client5.http.impl.classic.InternalHttpClient - ex-00000057: acquiring endpoint (3 MINUTES)
11:45:44.826 [Test worker] DEBUG com.github.dockerjava.zerodep.shaded.org.apache.hc.client5.http.impl.io.PoolingHttpClientConnectionManager - ex-00000057: endpoint lease request (3 MINUTES) [route: {}->unix://localhost:2375][total available: 1; route allocated: 1 of 2147483647; total allocated: 1 of 2147483647]
11:45:44.826 [Test worker] DEBUG com.github.dockerjava.zerodep.shaded.org.apache.hc.client5.http.impl.io.PoolingHttpClientConnectionManager - ex-00000057: endpoint leased [route: {}->unix://localhost:2375][total available: 0; route allocated: 1 of 2147483647; total allocated: 1 of 2147483647]
11:45:44.826 [Test worker] DEBUG com.github.dockerjava.zerodep.shaded.org.apache.hc.client5.http.impl.io.PoolingHttpClientConnectionManager - ex-00000057: acquired ep-00000056
11:45:44.826 [Test worker] DEBUG com.github.dockerjava.zerodep.shaded.org.apache.hc.client5.http.impl.classic.InternalHttpClient - ex-00000057: acquired endpoint ep-00000056
11:45:44.826 [Test worker] DEBUG com.github.dockerjava.zerodep.shaded.org.apache.hc.client5.http.impl.classic.MainClientExec - ex-00000057: executing GET /v1.32/containers/47a7ce05e61aa72bdced5a030ca6064519c62d122a5992816f04e0e528b5b17d/json HTTP/1.1
11:45:44.826 [Test worker] DEBUG com.github.dockerjava.zerodep.shaded.org.apache.hc.client5.http.impl.classic.InternalHttpClient - ep-00000056: start execution ex-00000057
11:45:44.826 [Test worker] DEBUG com.github.dockerjava.zerodep.shaded.org.apache.hc.client5.http.impl.io.PoolingHttpClientConnectionManager - ep-00000056: executing exchange ex-00000057 over http-outgoing-2
11:45:44.826 [Test worker] DEBUG com.github.dockerjava.zerodep.shaded.org.apache.hc.client5.http.headers - http-outgoing-2 >> GET /v1.32/containers/47a7ce05e61aa72bdced5a030ca6064519c62d122a5992816f04e0e528b5b17d/json HTTP/1.1
11:45:44.826 [Test worker] DEBUG com.github.dockerjava.zerodep.shaded.org.apache.hc.client5.http.headers - http-outgoing-2 >> accept: application/json
11:45:44.826 [Test worker] DEBUG com.github.dockerjava.zerodep.shaded.org.apache.hc.client5.http.headers - http-outgoing-2 >> x-tc-sid: c5b4bded-8a7b-4309-a94c-5bb153977152
11:45:44.826 [Test worker] DEBUG com.github.dockerjava.zerodep.shaded.org.apache.hc.client5.http.headers - http-outgoing-2 >> Accept-Encoding: gzip, x-gzip, deflate
11:45:44.826 [Test worker] DEBUG com.github.dockerjava.zerodep.shaded.org.apache.hc.client5.http.headers - http-outgoing-2 >> Host: localhost:2375
11:45:44.826 [Test worker] DEBUG com.github.dockerjava.zerodep.shaded.org.apache.hc.client5.http.headers - http-outgoing-2 >> Connection: keep-alive
11:45:44.826 [Test worker] DEBUG com.github.dockerjava.zerodep.shaded.org.apache.hc.client5.http.headers - http-outgoing-2 >> User-Agent: Apache-HttpClient/5.0.3 (Java/17.0.3)
11:45:44.826 [Test worker] DEBUG com.github.dockerjava.zerodep.shaded.org.apache.hc.client5.http.wire - http-outgoing-2 >> "GET /v1.32/containers/47a7ce05e61aa72bdced5a030ca6064519c62d122a5992816f04e0e528b5b17d/json HTTP/1.1[\r][\n]"
11:45:44.826 [Test worker] DEBUG com.github.dockerjava.zerodep.shaded.org.apache.hc.client5.http.wire - http-outgoing-2 >> "accept: application/json[\r][\n]"
11:45:44.826 [Test worker] DEBUG com.github.dockerjava.zerodep.shaded.org.apache.hc.client5.http.wire - http-outgoing-2 >> "x-tc-sid: c5b4bded-8a7b-4309-a94c-5bb153977152[\r][\n]"
11:45:44.826 [Test worker] DEBUG com.github.dockerjava.zerodep.shaded.org.apache.hc.client5.http.wire - http-outgoing-2 >> "Accept-Encoding: gzip, x-gzip, deflate[\r][\n]"
11:45:44.826 [Test worker] DEBUG com.github.dockerjava.zerodep.shaded.org.apache.hc.client5.http.wire - http-outgoing-2 >> "Host: localhost:2375[\r][\n]"
11:45:44.826 [Test worker] DEBUG com.github.dockerjava.zerodep.shaded.org.apache.hc.client5.http.wire - http-outgoing-2 >> "Connection: keep-alive[\r][\n]"
11:45:44.826 [Test worker] DEBUG com.github.dockerjava.zerodep.shaded.org.apache.hc.client5.http.wire - http-outgoing-2 >> "User-Agent: Apache-HttpClient/5.0.3 (Java/17.0.3)[\r][\n]"
11:45:44.826 [Test worker] DEBUG com.github.dockerjava.zerodep.shaded.org.apache.hc.client5.http.wire - http-outgoing-2 >> "[\r][\n]"
11:45:44.828 [Test worker] DEBUG com.github.dockerjava.zerodep.shaded.org.apache.hc.client5.http.wire - http-outgoing-2 << "HTTP/1.1 200 OK[\r][\n]"
11:45:44.828 [Test worker] DEBUG com.github.dockerjava.zerodep.shaded.org.apache.hc.client5.http.wire - http-outgoing-2 << "Api-Version: 1.41[\r][\n]"
11:45:44.828 [Test worker] DEBUG com.github.dockerjava.zerodep.shaded.org.apache.hc.client5.http.wire - http-outgoing-2 << "Content-Type: application/json[\r][\n]"
11:45:44.828 [Test worker] DEBUG com.github.dockerjava.zerodep.shaded.org.apache.hc.client5.http.wire - http-outgoing-2 << "Date: Mon, 26 Sep 2022 02:45:44 GMT[\r][\n]"
11:45:44.828 [Test worker] DEBUG com.github.dockerjava.zerodep.shaded.org.apache.hc.client5.http.wire - http-outgoing-2 << "Docker-Experimental: false[\r][\n]"
11:45:44.828 [Test worker] DEBUG com.github.dockerjava.zerodep.shaded.org.apache.hc.client5.http.wire - http-outgoing-2 << "Ostype: linux[\r][\n]"
11:45:44.828 [Test worker] DEBUG com.github.dockerjava.zerodep.shaded.org.apache.hc.client5.http.wire - http-outgoing-2 << "Server: Docker/20.10.11 (linux)[\r][\n]"
11:45:44.828 [Test worker] DEBUG com.github.dockerjava.zerodep.shaded.org.apache.hc.client5.http.wire - http-outgoing-2 << "Transfer-Encoding: chunked[\r][\n]"
11:45:44.828 [Test worker] DEBUG com.github.dockerjava.zerodep.shaded.org.apache.hc.client5.http.wire - http-outgoing-2 << "[\r][\n]"
11:45:44.829 [Test worker] DEBUG com.github.dockerjava.zerodep.shaded.org.apache.hc.client5.http.headers - http-outgoing-2 << HTTP/1.1 200 OK
11:45:44.829 [Test worker] DEBUG com.github.dockerjava.zerodep.shaded.org.apache.hc.client5.http.headers - http-outgoing-2 << Api-Version: 1.41
11:45:44.829 [Test worker] DEBUG com.github.dockerjava.zerodep.shaded.org.apache.hc.client5.http.headers - http-outgoing-2 << Content-Type: application/json
11:45:44.829 [Test worker] DEBUG com.github.dockerjava.zerodep.shaded.org.apache.hc.client5.http.headers - http-outgoing-2 << Date: Mon, 26 Sep 2022 02:45:44 GMT
11:45:44.829 [Test worker] DEBUG com.github.dockerjava.zerodep.shaded.org.apache.hc.client5.http.headers - http-outgoing-2 << Docker-Experimental: false
11:45:44.829 [Test worker] DEBUG com.github.dockerjava.zerodep.shaded.org.apache.hc.client5.http.headers - http-outgoing-2 << Ostype: linux
11:45:44.829 [Test worker] DEBUG com.github.dockerjava.zerodep.shaded.org.apache.hc.client5.http.headers - http-outgoing-2 << Server: Docker/20.10.11 (linux)
11:45:44.829 [Test worker] DEBUG com.github.dockerjava.zerodep.shaded.org.apache.hc.client5.http.headers - http-outgoing-2 << Transfer-Encoding: chunked
11:45:44.829 [Test worker] DEBUG com.github.dockerjava.zerodep.shaded.org.apache.hc.client5.http.impl.classic.MainClientExec - ex-00000057: connection can be kept alive for 3 MINUTES
11:45:44.829 [Test worker] DEBUG com.github.dockerjava.zerodep.shaded.org.apache.hc.client5.http.wire - http-outgoing-2 << "1882[\r][\n]"
11:45:44.829 [Test worker] DEBUG com.github.dockerjava.zerodep.shaded.org.apache.hc.client5.http.wire - http-outgoing-2 << "{"Id":"47a7ce05e61aa72bdced5a030ca6064519c62d122a5992816f04e0e528b5b17d","Created":"2022-09-26T02:45:36.042081626Z","Path":"docker-entrypoint.sh","Args":["mysqld"],"State":{"Status":"running","Running":true,"Paused":false,"Restarting":false,"OOMKilled":false,"Dead":false,"Pid":2251,"ExitCode":0,"Error":"","StartedAt":"2022-09-26T02:45:36.388226668Z","FinishedAt":"0001-01-01T00:00:00Z"},"Image":"sha256:5e229524f286e653111cb9d028bf1ba4c3490742c8cd18c84af22538f0e68575","ResolvConfPath":"/var/lib/docker/containers/47a7ce05e61aa72bdced5a030ca6064519c62d122a5992816f04e0e528b5b17d/resolv.conf","HostnamePath":"/var/lib/docker/containers/47a7ce05e61aa72bdced5a030ca6064519c62d122a5992816f04e0e528b5b17d/hostname","HostsPath":"/var/lib/docker/containers/47a7ce05e61aa72bdced5a030ca6064519c62d122a5992816f04e0e528b5b17d/hosts","LogPath":"/var/lib/docker/containers/47a7ce05e61aa72bdced5a030ca6064519c62d122a5992816f04e0e528b5b17d/47a7ce05e61aa72bdced5a030ca6064519c62d122a5992816f04e0e528b5b17d-json.log","Name":"/crazy_chaum","RestartCount":0,"Driver":"overlay2","Platform":"linux","MountLabel":"","ProcessLabel":"","AppArmorProfile":"","ExecIDs":null,"HostConfig":{"Binds":[],"ContainerIDFile":"","LogConfig":{"Type":"json-file","Config":{}},"NetworkMode":"default","PortBindings":{"3306/tcp":[{"HostIp":"0.0.0.0","HostPort":"0"}]},"RestartPolicy":{"Name":"","MaximumRetryCount":0},"AutoRemove":false,"VolumeDriver":"","VolumesFrom":[],"CapAdd":null,"CapDrop":null,"CgroupnsMode":"private","Dns":null,"DnsOptions":null,"DnsSearch":null,"ExtraHosts":[],"GroupAdd":null,"IpcMode":"shareable","Cgroup":"","Links":null,"OomScoreAdj":0,"PidMode":"","Privileged":false,"PublishAllPorts":false,"ReadonlyRootfs":false,"SecurityOpt":null,"UTSMode":"","UsernsMode":"","ShmSize":67108864,"Runtime":"runc","ConsoleSize":[0,0],"Isolation":"","CpuShares":0,"Memory":0,"NanoCpus":0,"CgroupParent":"","BlkioWeight":0,"BlkioWeightDevice":null,"BlkioDeviceReadBps":null,"BlkioDeviceWriteBps":null,"BlkioDeviceReadIOps":null,"BlkioDeviceWriteIOps":null,"CpuPeriod":0,"CpuQuota":0,"CpuRealtimePeriod":0,"CpuRealtimeRuntime":0,"CpusetCpus":"","CpusetMems":"","Devices":null,"DeviceCgroupRules":null,"DeviceRequests":null,"KernelMemory":0,"KernelMemoryTCP":0,"MemoryReservation":0,"MemorySwap":0,"MemorySwappiness":null,"OomKillDisable":null,"PidsLimit":null,"Ulimits":null,"CpuCount":0,"CpuPercent":0,"IOMaximumIOps":0,"IOMaximumBandwidth":0,"MaskedPaths":["/proc/asound","/proc/acpi","/proc/kcore","/proc/keys","/proc/latency_stats","/proc/timer_list","/proc/timer_stats","/proc/sched_debug","/proc/scsi","/sys/firmware"],"ReadonlyPaths":["/proc/bus","/proc/fs","/proc/irq","/proc/sys","/proc/sysrq-trigger"]},"GraphDriver":{"Data":{"LowerDir":"/var/lib/docker/overlay2/45da4782eb6c4075fef21a16271836d62c4e4726b16ef4c5ea199d4e626bdb39-init/diff:/var/lib/docker/overlay2/27a623f1ab748258e017a40f339844ef533377092bad4182aa320e9399893e13/diff:/var/lib/docker/overlay2/d7c1e4de558b6bbbdc3209a51fc73295262b5271709fe659d0e2e94f626eea74/diff:/var/lib/docker/overlay2/2df554f793c3600571e2f078ad2e20025d6b2e35f3d18881ead4f70e2cc26cb8/diff:/var/lib/docker/overlay2/feb23515577245ad51a24945de1e6bab842929569da912a2b4a33a48c6c2331f/diff:/var/lib/docker/overlay2/cc2cdbce154e19d9c4f376917b6c92ebd55b0b495124ffd2c9d7e9c82b6a95f9/diff:/var/lib/docker/overlay2/968467fe01280f82d26487386f320a15000815d63000d5ec89b47acca8f77ef2/diff:/var/lib/docker/overlay2/cc59daa314bbcaec43d6cd4064c7863b4b3976b989121dcf2e32c4710281f247/diff:/var/lib/docker/overlay2/dc5d8b1cf96cfd5d96d68fbed14248edf1244c1a4669ba07b0bab7f3d782f058/diff:/var/lib/docker/overlay2/dcca184158d696706cd99e62ffa3e5c42964eb57190bef35421cdf3f83a8c130/diff:/var/lib/docker/overlay2/a7f928596da67ce59f34b0ba4cee4a3b948b94f91ad0b0b6260dc54fb9b5a048/diff:/var/lib/docker/overlay2/6ac5adbfff6202b1faa13a2a2fd92625bdda668cdac1a1d2230becbb394e569f/diff","MergedDir":"/var/lib/docker/overlay2/45da4782eb6c4075fef21a16271836d62c4e4726b16ef4c5ea199d4e626bdb39/merged","UpperDir":"/var/lib/docker/overlay2/45da4782eb6c4075fef21a16271836d62c4e4726b16ef4c5ea199d4e626bdb39/diff","WorkDir":"/var/lib/docker/overlay2/45da4782eb6c4075fef21a16271836d62c4e4726b16ef4c5ea199d4e626bdb39/work"},"Name":"overlay2"},"Mounts":[{"Type":"volume","Name":"08668a73464516d2c615e247a561222f461f2385cff5615e53cc78e96456230c","Source":"/var/lib/docker/volumes/08668a73464516d2c615e247a561222f461f2385cff5615e53cc78e96456230c/_data","Destination":"/var/lib/mysql","Driver":"local","Mode":"","RW":true,"Propagation":""}],"Config":{"Hostname":"47a7ce05e61a","Domainname":"","User":"","AttachStdin":false,"AttachStdout":false,"AttachStderr":false,"ExposedPorts":{"3306/tcp":{},"33060/tcp":{}},"Tty":false,"OpenStdin":false,"StdinOnce":false,"Env":["MYSQL_DATABASE=lotification","MYSQL_PASSWORD=1234","MYSQL_USER=admin","MYSQL_ROOT_PASSWORD=1234","PATH=/usr/local/sbin:/usr/local/bin:/usr/sbin:/usr/bin:/sbin:/bin","GOSU_VERSION=1.14","MYSQL_MAJOR=8.0","MYSQL_VERSION=8.0.30-1.el8","MYSQL_SHELL_VERSION=8.0.30-1.el8"],"Cmd":["mysqld"],"Image":"mysql:8","Volumes":{"/var/lib/mysql":{}},"WorkingDir":"","Entrypoint":["docker-entrypoint.sh"],"OnBuild":null,"Labels":{"org.testcontainers":"true","org.testcontainers.sessionId":"c5b4bded-8a7b-4309-a94c-5bb153977152"}},"NetworkSettings":{"Bridge":"","SandboxID":"c87f478ec31081a2fc02a6d53fa5addc8f61962dea8dd5c17c1c641e1a25e99b","HairpinMode":false,"LinkLocalIPv6Address":"","LinkLocalIPv6PrefixLen":0,"Ports":{"3306/tcp":[{"HostIp":"0.0.0.0","HostPort":"63346"}],"33060/tcp":null},"SandboxKey":"/var/run/docker/netns/c87f478ec310","SecondaryIPAddresses":null,"SecondaryIPv6Addresses":null,"EndpointID":"7830774c518a6ae45bc93e5b48bd99e8a609aa29230b007326fa87b5ca32567f","Gateway":"172.17.0.1","GlobalIPv6Address":"","GlobalIPv6PrefixLen":0,"IPAddress":"172.17.0.4","IPPrefixLen":16,"IPv6Gateway":"","MacAddress":"02:42:ac:11:00:04","Networks":{"bridge":{"IPAMConfig":null,"Links":null,"Aliases":null,"NetworkID":"42b943ace1ba272d06317befbba08f853c5a08f211a0bdf3660599ced98f9c17","EndpointID":"7830774c518a6ae45bc93e5b48bd99e8a609aa29230b007326fa87b5ca32567f","Gateway":"172.17.0.1","IPAddress":"172.17.0.4","IPPrefixLen":16,"IPv6Gateway":"","GlobalIPv6Address":"","GlobalIPv6PrefixLen":0,"MacAddress":"02:42:ac:11:00:04","DriverOpts":null}}}}[\n]"
11:45:44.829 [Test worker] DEBUG com.github.dockerjava.zerodep.shaded.org.apache.hc.client5.http.wire - http-outgoing-2 << "[\r][\n]"
11:45:44.829 [Test worker] DEBUG com.github.dockerjava.zerodep.shaded.org.apache.hc.client5.http.wire - http-outgoing-2 << "0[\r][\n]"
11:45:44.829 [Test worker] DEBUG com.github.dockerjava.zerodep.shaded.org.apache.hc.client5.http.wire - http-outgoing-2 << "[\r][\n]"
11:45:44.829 [Test worker] DEBUG com.github.dockerjava.zerodep.shaded.org.apache.hc.client5.http.impl.classic.InternalHttpClient - ep-00000056: releasing valid endpoint
11:45:44.829 [Test worker] DEBUG com.github.dockerjava.zerodep.shaded.org.apache.hc.client5.http.impl.io.PoolingHttpClientConnectionManager - ep-00000056: releasing endpoint
11:45:44.829 [Test worker] DEBUG com.github.dockerjava.zerodep.shaded.org.apache.hc.client5.http.impl.io.PoolingHttpClientConnectionManager - ep-00000056: connection http-outgoing-2 can be kept alive for 3 MINUTES
11:45:44.829 [Test worker] DEBUG com.github.dockerjava.zerodep.shaded.org.apache.hc.client5.http.impl.io.PoolingHttpClientConnectionManager - ep-00000056: connection released [route: {}->unix://localhost:2375][total available: 1; route allocated: 1 of 2147483647; total allocated: 1 of 2147483647]
11:45:44.829 [Test worker] DEBUG ]]>&#x1f433;<![CDATA[ [mysql:8] - Trying to create JDBC connection using com.mysql.cj.jdbc.Driver to jdbc:mysql://localhost:63346/lotification?useSSL=false&allowPublicKeyRetrieval=true with properties: {password=1234, user=admin}
11:45:44.936 [Test worker] DEBUG org.testcontainers.shaded.com.github.dockerjava.core.command.AbstrDockerCmd - Cmd: 47a7ce05e61aa72bdced5a030ca6064519c62d122a5992816f04e0e528b5b17d,false
11:45:44.937 [Test worker] DEBUG org.testcontainers.shaded.com.github.dockerjava.core.exec.InspectContainerCmdExec - GET: DefaultWebTarget{path=[/containers/47a7ce05e61aa72bdced5a030ca6064519c62d122a5992816f04e0e528b5b17d/json], queryParams={}}
11:45:44.937 [Test worker] DEBUG com.github.dockerjava.zerodep.shaded.org.apache.hc.client5.http.impl.classic.InternalHttpClient - ex-00000058: preparing request execution
11:45:44.937 [Test worker] DEBUG com.github.dockerjava.zerodep.shaded.org.apache.hc.client5.http.protocol.RequestAddCookies - Cookie spec selected: strict
11:45:44.937 [Test worker] DEBUG com.github.dockerjava.zerodep.shaded.org.apache.hc.client5.http.protocol.RequestAuthCache - Auth cache not set in the context
11:45:44.937 [Test worker] DEBUG com.github.dockerjava.zerodep.shaded.org.apache.hc.client5.http.impl.classic.ProtocolExec - ex-00000058: target auth state: UNCHALLENGED
11:45:44.937 [Test worker] DEBUG com.github.dockerjava.zerodep.shaded.org.apache.hc.client5.http.impl.classic.ProtocolExec - ex-00000058: proxy auth state: UNCHALLENGED
11:45:44.937 [Test worker] DEBUG com.github.dockerjava.zerodep.shaded.org.apache.hc.client5.http.impl.classic.ConnectExec - ex-00000058: acquiring connection with route {}->unix://localhost:2375
11:45:44.937 [Test worker] DEBUG com.github.dockerjava.zerodep.shaded.org.apache.hc.client5.http.impl.classic.InternalHttpClient - ex-00000058: acquiring endpoint (3 MINUTES)
11:45:44.937 [Test worker] DEBUG com.github.dockerjava.zerodep.shaded.org.apache.hc.client5.http.impl.io.PoolingHttpClientConnectionManager - ex-00000058: endpoint lease request (3 MINUTES) [route: {}->unix://localhost:2375][total available: 1; route allocated: 1 of 2147483647; total allocated: 1 of 2147483647]
11:45:44.937 [Test worker] DEBUG com.github.dockerjava.zerodep.shaded.org.apache.hc.client5.http.impl.io.PoolingHttpClientConnectionManager - ex-00000058: endpoint leased [route: {}->unix://localhost:2375][total available: 0; route allocated: 1 of 2147483647; total allocated: 1 of 2147483647]
11:45:44.937 [Test worker] DEBUG com.github.dockerjava.zerodep.shaded.org.apache.hc.client5.http.impl.io.PoolingHttpClientConnectionManager - ex-00000058: acquired ep-00000057
11:45:44.937 [Test worker] DEBUG com.github.dockerjava.zerodep.shaded.org.apache.hc.client5.http.impl.classic.InternalHttpClient - ex-00000058: acquired endpoint ep-00000057
11:45:44.937 [Test worker] DEBUG com.github.dockerjava.zerodep.shaded.org.apache.hc.client5.http.impl.classic.MainClientExec - ex-00000058: executing GET /v1.32/containers/47a7ce05e61aa72bdced5a030ca6064519c62d122a5992816f04e0e528b5b17d/json HTTP/1.1
11:45:44.937 [Test worker] DEBUG com.github.dockerjava.zerodep.shaded.org.apache.hc.client5.http.impl.classic.InternalHttpClient - ep-00000057: start execution ex-00000058
11:45:44.937 [Test worker] DEBUG com.github.dockerjava.zerodep.shaded.org.apache.hc.client5.http.impl.io.PoolingHttpClientConnectionManager - ep-00000057: executing exchange ex-00000058 over http-outgoing-2
11:45:44.937 [Test worker] DEBUG com.github.dockerjava.zerodep.shaded.org.apache.hc.client5.http.headers - http-outgoing-2 >> GET /v1.32/containers/47a7ce05e61aa72bdced5a030ca6064519c62d122a5992816f04e0e528b5b17d/json HTTP/1.1
11:45:44.937 [Test worker] DEBUG com.github.dockerjava.zerodep.shaded.org.apache.hc.client5.http.headers - http-outgoing-2 >> accept: application/json
11:45:44.937 [Test worker] DEBUG com.github.dockerjava.zerodep.shaded.org.apache.hc.client5.http.headers - http-outgoing-2 >> x-tc-sid: c5b4bded-8a7b-4309-a94c-5bb153977152
11:45:44.937 [Test worker] DEBUG com.github.dockerjava.zerodep.shaded.org.apache.hc.client5.http.headers - http-outgoing-2 >> Accept-Encoding: gzip, x-gzip, deflate
11:45:44.937 [Test worker] DEBUG com.github.dockerjava.zerodep.shaded.org.apache.hc.client5.http.headers - http-outgoing-2 >> Host: localhost:2375
11:45:44.937 [Test worker] DEBUG com.github.dockerjava.zerodep.shaded.org.apache.hc.client5.http.headers - http-outgoing-2 >> Connection: keep-alive
11:45:44.937 [Test worker] DEBUG com.github.dockerjava.zerodep.shaded.org.apache.hc.client5.http.headers - http-outgoing-2 >> User-Agent: Apache-HttpClient/5.0.3 (Java/17.0.3)
11:45:44.937 [Test worker] DEBUG com.github.dockerjava.zerodep.shaded.org.apache.hc.client5.http.wire - http-outgoing-2 >> "GET /v1.32/containers/47a7ce05e61aa72bdced5a030ca6064519c62d122a5992816f04e0e528b5b17d/json HTTP/1.1[\r][\n]"
11:45:44.937 [Test worker] DEBUG com.github.dockerjava.zerodep.shaded.org.apache.hc.client5.http.wire - http-outgoing-2 >> "accept: application/json[\r][\n]"
11:45:44.937 [Test worker] DEBUG com.github.dockerjava.zerodep.shaded.org.apache.hc.client5.http.wire - http-outgoing-2 >> "x-tc-sid: c5b4bded-8a7b-4309-a94c-5bb153977152[\r][\n]"
11:45:44.937 [Test worker] DEBUG com.github.dockerjava.zerodep.shaded.org.apache.hc.client5.http.wire - http-outgoing-2 >> "Accept-Encoding: gzip, x-gzip, deflate[\r][\n]"
11:45:44.937 [Test worker] DEBUG com.github.dockerjava.zerodep.shaded.org.apache.hc.client5.http.wire - http-outgoing-2 >> "Host: localhost:2375[\r][\n]"
11:45:44.937 [Test worker] DEBUG com.github.dockerjava.zerodep.shaded.org.apache.hc.client5.http.wire - http-outgoing-2 >> "Connection: keep-alive[\r][\n]"
11:45:44.937 [Test worker] DEBUG com.github.dockerjava.zerodep.shaded.org.apache.hc.client5.http.wire - http-outgoing-2 >> "User-Agent: Apache-HttpClient/5.0.3 (Java/17.0.3)[\r][\n]"
11:45:44.937 [Test worker] DEBUG com.github.dockerjava.zerodep.shaded.org.apache.hc.client5.http.wire - http-outgoing-2 >> "[\r][\n]"
11:45:44.940 [Test worker] DEBUG com.github.dockerjava.zerodep.shaded.org.apache.hc.client5.http.wire - http-outgoing-2 << "HTTP/1.1 200 OK[\r][\n]"
11:45:44.940 [Test worker] DEBUG com.github.dockerjava.zerodep.shaded.org.apache.hc.client5.http.wire - http-outgoing-2 << "Api-Version: 1.41[\r][\n]"
11:45:44.940 [Test worker] DEBUG com.github.dockerjava.zerodep.shaded.org.apache.hc.client5.http.wire - http-outgoing-2 << "Content-Type: application/json[\r][\n]"
11:45:44.940 [Test worker] DEBUG com.github.dockerjava.zerodep.shaded.org.apache.hc.client5.http.wire - http-outgoing-2 << "Date: Mon, 26 Sep 2022 02:45:44 GMT[\r][\n]"
11:45:44.940 [Test worker] DEBUG com.github.dockerjava.zerodep.shaded.org.apache.hc.client5.http.wire - http-outgoing-2 << "Docker-Experimental: false[\r][\n]"
11:45:44.940 [Test worker] DEBUG com.github.dockerjava.zerodep.shaded.org.apache.hc.client5.http.wire - http-outgoing-2 << "Ostype: linux[\r][\n]"
11:45:44.940 [Test worker] DEBUG com.github.dockerjava.zerodep.shaded.org.apache.hc.client5.http.wire - http-outgoing-2 << "Server: Docker/20.10.11 (linux)[\r][\n]"
11:45:44.940 [Test worker] DEBUG com.github.dockerjava.zerodep.shaded.org.apache.hc.client5.http.wire - http-outgoing-2 << "Transfer-Encoding: chunked[\r][\n]"
11:45:44.940 [Test worker] DEBUG com.github.dockerjava.zerodep.shaded.org.apache.hc.client5.http.wire - http-outgoing-2 << "[\r][\n]"
11:45:44.940 [Test worker] DEBUG com.github.dockerjava.zerodep.shaded.org.apache.hc.client5.http.headers - http-outgoing-2 << HTTP/1.1 200 OK
11:45:44.940 [Test worker] DEBUG com.github.dockerjava.zerodep.shaded.org.apache.hc.client5.http.headers - http-outgoing-2 << Api-Version: 1.41
11:45:44.940 [Test worker] DEBUG com.github.dockerjava.zerodep.shaded.org.apache.hc.client5.http.headers - http-outgoing-2 << Content-Type: application/json
11:45:44.940 [Test worker] DEBUG com.github.dockerjava.zerodep.shaded.org.apache.hc.client5.http.headers - http-outgoing-2 << Date: Mon, 26 Sep 2022 02:45:44 GMT
11:45:44.940 [Test worker] DEBUG com.github.dockerjava.zerodep.shaded.org.apache.hc.client5.http.headers - http-outgoing-2 << Docker-Experimental: false
11:45:44.940 [Test worker] DEBUG com.github.dockerjava.zerodep.shaded.org.apache.hc.client5.http.headers - http-outgoing-2 << Ostype: linux
11:45:44.940 [Test worker] DEBUG com.github.dockerjava.zerodep.shaded.org.apache.hc.client5.http.headers - http-outgoing-2 << Server: Docker/20.10.11 (linux)
11:45:44.940 [Test worker] DEBUG com.github.dockerjava.zerodep.shaded.org.apache.hc.client5.http.headers - http-outgoing-2 << Transfer-Encoding: chunked
11:45:44.940 [Test worker] DEBUG com.github.dockerjava.zerodep.shaded.org.apache.hc.client5.http.impl.classic.MainClientExec - ex-00000058: connection can be kept alive for 3 MINUTES
11:45:44.940 [Test worker] DEBUG com.github.dockerjava.zerodep.shaded.org.apache.hc.client5.http.wire - http-outgoing-2 << "1882[\r][\n]"
11:45:44.940 [Test worker] DEBUG com.github.dockerjava.zerodep.shaded.org.apache.hc.client5.http.wire - http-outgoing-2 << "{"Id":"47a7ce05e61aa72bdced5a030ca6064519c62d122a5992816f04e0e528b5b17d","Created":"2022-09-26T02:45:36.042081626Z","Path":"docker-entrypoint.sh","Args":["mysqld"],"State":{"Status":"running","Running":true,"Paused":false,"Restarting":false,"OOMKilled":false,"Dead":false,"Pid":2251,"ExitCode":0,"Error":"","StartedAt":"2022-09-26T02:45:36.388226668Z","FinishedAt":"0001-01-01T00:00:00Z"},"Image":"sha256:5e229524f286e653111cb9d028bf1ba4c3490742c8cd18c84af22538f0e68575","ResolvConfPath":"/var/lib/docker/containers/47a7ce05e61aa72bdced5a030ca6064519c62d122a5992816f04e0e528b5b17d/resolv.conf","HostnamePath":"/var/lib/docker/containers/47a7ce05e61aa72bdced5a030ca6064519c62d122a5992816f04e0e528b5b17d/hostname","HostsPath":"/var/lib/docker/containers/47a7ce05e61aa72bdced5a030ca6064519c62d122a5992816f04e0e528b5b17d/hosts","LogPath":"/var/lib/docker/containers/47a7ce05e61aa72bdced5a030ca6064519c62d122a5992816f04e0e528b5b17d/47a7ce05e61aa72bdced5a030ca6064519c62d122a5992816f04e0e528b5b17d-json.log","Name":"/crazy_chaum","RestartCount":0,"Driver":"overlay2","Platform":"linux","MountLabel":"","ProcessLabel":"","AppArmorProfile":"","ExecIDs":null,"HostConfig":{"Binds":[],"ContainerIDFile":"","LogConfig":{"Type":"json-file","Config":{}},"NetworkMode":"default","PortBindings":{"3306/tcp":[{"HostIp":"0.0.0.0","HostPort":"0"}]},"RestartPolicy":{"Name":"","MaximumRetryCount":0},"AutoRemove":false,"VolumeDriver":"","VolumesFrom":[],"CapAdd":null,"CapDrop":null,"CgroupnsMode":"private","Dns":null,"DnsOptions":null,"DnsSearch":null,"ExtraHosts":[],"GroupAdd":null,"IpcMode":"shareable","Cgroup":"","Links":null,"OomScoreAdj":0,"PidMode":"","Privileged":false,"PublishAllPorts":false,"ReadonlyRootfs":false,"SecurityOpt":null,"UTSMode":"","UsernsMode":"","ShmSize":67108864,"Runtime":"runc","ConsoleSize":[0,0],"Isolation":"","CpuShares":0,"Memory":0,"NanoCpus":0,"CgroupParent":"","BlkioWeight":0,"BlkioWeightDevice":null,"BlkioDeviceReadBps":null,"BlkioDeviceWriteBps":null,"BlkioDeviceReadIOps":null,"BlkioDeviceWriteIOps":null,"CpuPeriod":0,"CpuQuota":0,"CpuRealtimePeriod":0,"CpuRealtimeRuntime":0,"CpusetCpus":"","CpusetMems":"","Devices":null,"DeviceCgroupRules":null,"DeviceRequests":null,"KernelMemory":0,"KernelMemoryTCP":0,"MemoryReservation":0,"MemorySwap":0,"MemorySwappiness":null,"OomKillDisable":null,"PidsLimit":null,"Ulimits":null,"CpuCount":0,"CpuPercent":0,"IOMaximumIOps":0,"IOMaximumBandwidth":0,"MaskedPaths":["/proc/asound","/proc/acpi","/proc/kcore","/proc/keys","/proc/latency_stats","/proc/timer_list","/proc/timer_stats","/proc/sched_debug","/proc/scsi","/sys/firmware"],"ReadonlyPaths":["/proc/bus","/proc/fs","/proc/irq","/proc/sys","/proc/sysrq-trigger"]},"GraphDriver":{"Data":{"LowerDir":"/var/lib/docker/overlay2/45da4782eb6c4075fef21a16271836d62c4e4726b16ef4c5ea199d4e626bdb39-init/diff:/var/lib/docker/overlay2/27a623f1ab748258e017a40f339844ef533377092bad4182aa320e9399893e13/diff:/var/lib/docker/overlay2/d7c1e4de558b6bbbdc3209a51fc73295262b5271709fe659d0e2e94f626eea74/diff:/var/lib/docker/overlay2/2df554f793c3600571e2f078ad2e20025d6b2e35f3d18881ead4f70e2cc26cb8/diff:/var/lib/docker/overlay2/feb23515577245ad51a24945de1e6bab842929569da912a2b4a33a48c6c2331f/diff:/var/lib/docker/overlay2/cc2cdbce154e19d9c4f376917b6c92ebd55b0b495124ffd2c9d7e9c82b6a95f9/diff:/var/lib/docker/overlay2/968467fe01280f82d26487386f320a15000815d63000d5ec89b47acca8f77ef2/diff:/var/lib/docker/overlay2/cc59daa314bbcaec43d6cd4064c7863b4b3976b989121dcf2e32c4710281f247/diff:/var/lib/docker/overlay2/dc5d8b1cf96cfd5d96d68fbed14248edf1244c1a4669ba07b0bab7f3d782f058/diff:/var/lib/docker/overlay2/dcca184158d696706cd99e62ffa3e5c42964eb57190bef35421cdf3f83a8c130/diff:/var/lib/docker/overlay2/a7f928596da67ce59f34b0ba4cee4a3b948b94f91ad0b0b6260dc54fb9b5a048/diff:/var/lib/docker/overlay2/6ac5adbfff6202b1faa13a2a2fd92625bdda668cdac1a1d2230becbb394e569f/diff","MergedDir":"/var/lib/docker/overlay2/45da4782eb6c4075fef21a16271836d62c4e4726b16ef4c5ea199d4e626bdb39/merged","UpperDir":"/var/lib/docker/overlay2/45da4782eb6c4075fef21a16271836d62c4e4726b16ef4c5ea199d4e626bdb39/diff","WorkDir":"/var/lib/docker/overlay2/45da4782eb6c4075fef21a16271836d62c4e4726b16ef4c5ea199d4e626bdb39/work"},"Name":"overlay2"},"Mounts":[{"Type":"volume","Name":"08668a73464516d2c615e247a561222f461f2385cff5615e53cc78e96456230c","Source":"/var/lib/docker/volumes/08668a73464516d2c615e247a561222f461f2385cff5615e53cc78e96456230c/_data","Destination":"/var/lib/mysql","Driver":"local","Mode":"","RW":true,"Propagation":""}],"Config":{"Hostname":"47a7ce05e61a","Domainname":"","User":"","AttachStdin":false,"AttachStdout":false,"AttachStderr":false,"ExposedPorts":{"3306/tcp":{},"33060/tcp":{}},"Tty":false,"OpenStdin":false,"StdinOnce":false,"Env":["MYSQL_DATABASE=lotification","MYSQL_PASSWORD=1234","MYSQL_USER=admin","MYSQL_ROOT_PASSWORD=1234","PATH=/usr/local/sbin:/usr/local/bin:/usr/sbin:/usr/bin:/sbin:/bin","GOSU_VERSION=1.14","MYSQL_MAJOR=8.0","MYSQL_VERSION=8.0.30-1.el8","MYSQL_SHELL_VERSION=8.0.30-1.el8"],"Cmd":["mysqld"],"Image":"mysql:8","Volumes":{"/var/lib/mysql":{}},"WorkingDir":"","Entrypoint":["docker-entrypoint.sh"],"OnBuild":null,"Labels":{"org.testcontainers":"true","org.testcontainers.sessionId":"c5b4bded-8a7b-4309-a94c-5bb153977152"}},"NetworkSettings":{"Bridge":"","SandboxID":"c87f478ec31081a2fc02a6d53fa5addc8f61962dea8dd5c17c1c641e1a25e99b","HairpinMode":false,"LinkLocalIPv6Address":"","LinkLocalIPv6PrefixLen":0,"Ports":{"3306/tcp":[{"HostIp":"0.0.0.0","HostPort":"63346"}],"33060/tcp":null},"SandboxKey":"/var/run/docker/netns/c87f478ec310","SecondaryIPAddresses":null,"SecondaryIPv6Addresses":null,"EndpointID":"7830774c518a6ae45bc93e5b48bd99e8a609aa29230b007326fa87b5ca32567f","Gateway":"172.17.0.1","GlobalIPv6Address":"","GlobalIPv6PrefixLen":0,"IPAddress":"172.17.0.4","IPPrefixLen":16,"IPv6Gateway":"","MacAddress":"02:42:ac:11:00:04","Networks":{"bridge":{"IPAMConfig":null,"Links":null,"Aliases":null,"NetworkID":"42b943ace1ba272d06317befbba08f853c5a08f211a0bdf3660599ced98f9c17","EndpointID":"7830774c518a6ae45bc93e5b48bd99e8a609aa29230b007326fa87b5ca32567f","Gateway":"172.17.0.1","IPAddress":"172.17.0.4","IPPrefixLen":16,"IPv6Gateway":"","GlobalIPv6Address":"","GlobalIPv6PrefixLen":0,"MacAddress":"02:42:ac:11:00:04","DriverOpts":null}}}}[\n]"
11:45:44.940 [Test worker] DEBUG com.github.dockerjava.zerodep.shaded.org.apache.hc.client5.http.wire - http-outgoing-2 << "[\r][\n]"
11:45:44.941 [Test worker] DEBUG com.github.dockerjava.zerodep.shaded.org.apache.hc.client5.http.wire - http-outgoing-2 << "0[\r][\n]"
11:45:44.941 [Test worker] DEBUG com.github.dockerjava.zerodep.shaded.org.apache.hc.client5.http.wire - http-outgoing-2 << "[\r][\n]"
11:45:44.941 [Test worker] DEBUG com.github.dockerjava.zerodep.shaded.org.apache.hc.client5.http.impl.classic.InternalHttpClient - ep-00000057: releasing valid endpoint
11:45:44.941 [Test worker] DEBUG com.github.dockerjava.zerodep.shaded.org.apache.hc.client5.http.impl.io.PoolingHttpClientConnectionManager - ep-00000057: releasing endpoint
11:45:44.941 [Test worker] DEBUG com.github.dockerjava.zerodep.shaded.org.apache.hc.client5.http.impl.io.PoolingHttpClientConnectionManager - ep-00000057: connection http-outgoing-2 can be kept alive for 3 MINUTES
11:45:44.941 [Test worker] DEBUG com.github.dockerjava.zerodep.shaded.org.apache.hc.client5.http.impl.io.PoolingHttpClientConnectionManager - ep-00000057: connection released [route: {}->unix://localhost:2375][total available: 1; route allocated: 1 of 2147483647; total allocated: 1 of 2147483647]
11:45:44.941 [Test worker] DEBUG ]]>&#x1f433;<![CDATA[ [mysql:8] - Trying to create JDBC connection using com.mysql.cj.jdbc.Driver to jdbc:mysql://localhost:63346/lotification?useSSL=false&allowPublicKeyRetrieval=true with properties: {password=1234, user=admin}
11:45:45.048 [Test worker] DEBUG org.testcontainers.shaded.com.github.dockerjava.core.command.AbstrDockerCmd - Cmd: 47a7ce05e61aa72bdced5a030ca6064519c62d122a5992816f04e0e528b5b17d,false
11:45:45.048 [Test worker] DEBUG org.testcontainers.shaded.com.github.dockerjava.core.exec.InspectContainerCmdExec - GET: DefaultWebTarget{path=[/containers/47a7ce05e61aa72bdced5a030ca6064519c62d122a5992816f04e0e528b5b17d/json], queryParams={}}
11:45:45.048 [Test worker] DEBUG com.github.dockerjava.zerodep.shaded.org.apache.hc.client5.http.impl.classic.InternalHttpClient - ex-00000059: preparing request execution
11:45:45.048 [Test worker] DEBUG com.github.dockerjava.zerodep.shaded.org.apache.hc.client5.http.protocol.RequestAddCookies - Cookie spec selected: strict
11:45:45.048 [Test worker] DEBUG com.github.dockerjava.zerodep.shaded.org.apache.hc.client5.http.protocol.RequestAuthCache - Auth cache not set in the context
11:45:45.048 [Test worker] DEBUG com.github.dockerjava.zerodep.shaded.org.apache.hc.client5.http.impl.classic.ProtocolExec - ex-00000059: target auth state: UNCHALLENGED
11:45:45.048 [Test worker] DEBUG com.github.dockerjava.zerodep.shaded.org.apache.hc.client5.http.impl.classic.ProtocolExec - ex-00000059: proxy auth state: UNCHALLENGED
11:45:45.048 [Test worker] DEBUG com.github.dockerjava.zerodep.shaded.org.apache.hc.client5.http.impl.classic.ConnectExec - ex-00000059: acquiring connection with route {}->unix://localhost:2375
11:45:45.048 [Test worker] DEBUG com.github.dockerjava.zerodep.shaded.org.apache.hc.client5.http.impl.classic.InternalHttpClient - ex-00000059: acquiring endpoint (3 MINUTES)
11:45:45.049 [Test worker] DEBUG com.github.dockerjava.zerodep.shaded.org.apache.hc.client5.http.impl.io.PoolingHttpClientConnectionManager - ex-00000059: endpoint lease request (3 MINUTES) [route: {}->unix://localhost:2375][total available: 1; route allocated: 1 of 2147483647; total allocated: 1 of 2147483647]
11:45:45.049 [Test worker] DEBUG com.github.dockerjava.zerodep.shaded.org.apache.hc.client5.http.impl.io.PoolingHttpClientConnectionManager - ex-00000059: endpoint leased [route: {}->unix://localhost:2375][total available: 0; route allocated: 1 of 2147483647; total allocated: 1 of 2147483647]
11:45:45.049 [Test worker] DEBUG com.github.dockerjava.zerodep.shaded.org.apache.hc.client5.http.impl.io.PoolingHttpClientConnectionManager - ex-00000059: acquired ep-00000058
11:45:45.049 [Test worker] DEBUG com.github.dockerjava.zerodep.shaded.org.apache.hc.client5.http.impl.classic.InternalHttpClient - ex-00000059: acquired endpoint ep-00000058
11:45:45.049 [Test worker] DEBUG com.github.dockerjava.zerodep.shaded.org.apache.hc.client5.http.impl.classic.MainClientExec - ex-00000059: executing GET /v1.32/containers/47a7ce05e61aa72bdced5a030ca6064519c62d122a5992816f04e0e528b5b17d/json HTTP/1.1
11:45:45.049 [Test worker] DEBUG com.github.dockerjava.zerodep.shaded.org.apache.hc.client5.http.impl.classic.InternalHttpClient - ep-00000058: start execution ex-00000059
11:45:45.049 [Test worker] DEBUG com.github.dockerjava.zerodep.shaded.org.apache.hc.client5.http.impl.io.PoolingHttpClientConnectionManager - ep-00000058: executing exchange ex-00000059 over http-outgoing-2
11:45:45.049 [Test worker] DEBUG com.github.dockerjava.zerodep.shaded.org.apache.hc.client5.http.headers - http-outgoing-2 >> GET /v1.32/containers/47a7ce05e61aa72bdced5a030ca6064519c62d122a5992816f04e0e528b5b17d/json HTTP/1.1
11:45:45.049 [Test worker] DEBUG com.github.dockerjava.zerodep.shaded.org.apache.hc.client5.http.headers - http-outgoing-2 >> accept: application/json
11:45:45.049 [Test worker] DEBUG com.github.dockerjava.zerodep.shaded.org.apache.hc.client5.http.headers - http-outgoing-2 >> x-tc-sid: c5b4bded-8a7b-4309-a94c-5bb153977152
11:45:45.049 [Test worker] DEBUG com.github.dockerjava.zerodep.shaded.org.apache.hc.client5.http.headers - http-outgoing-2 >> Accept-Encoding: gzip, x-gzip, deflate
11:45:45.049 [Test worker] DEBUG com.github.dockerjava.zerodep.shaded.org.apache.hc.client5.http.headers - http-outgoing-2 >> Host: localhost:2375
11:45:45.049 [Test worker] DEBUG com.github.dockerjava.zerodep.shaded.org.apache.hc.client5.http.headers - http-outgoing-2 >> Connection: keep-alive
11:45:45.049 [Test worker] DEBUG com.github.dockerjava.zerodep.shaded.org.apache.hc.client5.http.headers - http-outgoing-2 >> User-Agent: Apache-HttpClient/5.0.3 (Java/17.0.3)
11:45:45.049 [Test worker] DEBUG com.github.dockerjava.zerodep.shaded.org.apache.hc.client5.http.wire - http-outgoing-2 >> "GET /v1.32/containers/47a7ce05e61aa72bdced5a030ca6064519c62d122a5992816f04e0e528b5b17d/json HTTP/1.1[\r][\n]"
11:45:45.049 [Test worker] DEBUG com.github.dockerjava.zerodep.shaded.org.apache.hc.client5.http.wire - http-outgoing-2 >> "accept: application/json[\r][\n]"
11:45:45.049 [Test worker] DEBUG com.github.dockerjava.zerodep.shaded.org.apache.hc.client5.http.wire - http-outgoing-2 >> "x-tc-sid: c5b4bded-8a7b-4309-a94c-5bb153977152[\r][\n]"
11:45:45.049 [Test worker] DEBUG com.github.dockerjava.zerodep.shaded.org.apache.hc.client5.http.wire - http-outgoing-2 >> "Accept-Encoding: gzip, x-gzip, deflate[\r][\n]"
11:45:45.049 [Test worker] DEBUG com.github.dockerjava.zerodep.shaded.org.apache.hc.client5.http.wire - http-outgoing-2 >> "Host: localhost:2375[\r][\n]"
11:45:45.049 [Test worker] DEBUG com.github.dockerjava.zerodep.shaded.org.apache.hc.client5.http.wire - http-outgoing-2 >> "Connection: keep-alive[\r][\n]"
11:45:45.049 [Test worker] DEBUG com.github.dockerjava.zerodep.shaded.org.apache.hc.client5.http.wire - http-outgoing-2 >> "User-Agent: Apache-HttpClient/5.0.3 (Java/17.0.3)[\r][\n]"
11:45:45.049 [Test worker] DEBUG com.github.dockerjava.zerodep.shaded.org.apache.hc.client5.http.wire - http-outgoing-2 >> "[\r][\n]"
11:45:45.051 [Test worker] DEBUG com.github.dockerjava.zerodep.shaded.org.apache.hc.client5.http.wire - http-outgoing-2 << "HTTP/1.1 200 OK[\r][\n]"
11:45:45.051 [Test worker] DEBUG com.github.dockerjava.zerodep.shaded.org.apache.hc.client5.http.wire - http-outgoing-2 << "Api-Version: 1.41[\r][\n]"
11:45:45.051 [Test worker] DEBUG com.github.dockerjava.zerodep.shaded.org.apache.hc.client5.http.wire - http-outgoing-2 << "Content-Type: application/json[\r][\n]"
11:45:45.051 [Test worker] DEBUG com.github.dockerjava.zerodep.shaded.org.apache.hc.client5.http.wire - http-outgoing-2 << "Date: Mon, 26 Sep 2022 02:45:45 GMT[\r][\n]"
11:45:45.051 [Test worker] DEBUG com.github.dockerjava.zerodep.shaded.org.apache.hc.client5.http.wire - http-outgoing-2 << "Docker-Experimental: false[\r][\n]"
11:45:45.051 [Test worker] DEBUG com.github.dockerjava.zerodep.shaded.org.apache.hc.client5.http.wire - http-outgoing-2 << "Ostype: linux[\r][\n]"
11:45:45.051 [Test worker] DEBUG com.github.dockerjava.zerodep.shaded.org.apache.hc.client5.http.wire - http-outgoing-2 << "Server: Docker/20.10.11 (linux)[\r][\n]"
11:45:45.051 [Test worker] DEBUG com.github.dockerjava.zerodep.shaded.org.apache.hc.client5.http.wire - http-outgoing-2 << "Transfer-Encoding: chunked[\r][\n]"
11:45:45.051 [Test worker] DEBUG com.github.dockerjava.zerodep.shaded.org.apache.hc.client5.http.wire - http-outgoing-2 << "[\r][\n]"
11:45:45.051 [Test worker] DEBUG com.github.dockerjava.zerodep.shaded.org.apache.hc.client5.http.headers - http-outgoing-2 << HTTP/1.1 200 OK
11:45:45.051 [Test worker] DEBUG com.github.dockerjava.zerodep.shaded.org.apache.hc.client5.http.headers - http-outgoing-2 << Api-Version: 1.41
11:45:45.051 [Test worker] DEBUG com.github.dockerjava.zerodep.shaded.org.apache.hc.client5.http.headers - http-outgoing-2 << Content-Type: application/json
11:45:45.051 [Test worker] DEBUG com.github.dockerjava.zerodep.shaded.org.apache.hc.client5.http.headers - http-outgoing-2 << Date: Mon, 26 Sep 2022 02:45:45 GMT
11:45:45.051 [Test worker] DEBUG com.github.dockerjava.zerodep.shaded.org.apache.hc.client5.http.headers - http-outgoing-2 << Docker-Experimental: false
11:45:45.051 [Test worker] DEBUG com.github.dockerjava.zerodep.shaded.org.apache.hc.client5.http.headers - http-outgoing-2 << Ostype: linux
11:45:45.051 [Test worker] DEBUG com.github.dockerjava.zerodep.shaded.org.apache.hc.client5.http.headers - http-outgoing-2 << Server: Docker/20.10.11 (linux)
11:45:45.051 [Test worker] DEBUG com.github.dockerjava.zerodep.shaded.org.apache.hc.client5.http.headers - http-outgoing-2 << Transfer-Encoding: chunked
11:45:45.051 [Test worker] DEBUG com.github.dockerjava.zerodep.shaded.org.apache.hc.client5.http.impl.classic.MainClientExec - ex-00000059: connection can be kept alive for 3 MINUTES
11:45:45.051 [Test worker] DEBUG com.github.dockerjava.zerodep.shaded.org.apache.hc.client5.http.wire - http-outgoing-2 << "1882[\r][\n]"
11:45:45.051 [Test worker] DEBUG com.github.dockerjava.zerodep.shaded.org.apache.hc.client5.http.wire - http-outgoing-2 << "{"Id":"47a7ce05e61aa72bdced5a030ca6064519c62d122a5992816f04e0e528b5b17d","Created":"2022-09-26T02:45:36.042081626Z","Path":"docker-entrypoint.sh","Args":["mysqld"],"State":{"Status":"running","Running":true,"Paused":false,"Restarting":false,"OOMKilled":false,"Dead":false,"Pid":2251,"ExitCode":0,"Error":"","StartedAt":"2022-09-26T02:45:36.388226668Z","FinishedAt":"0001-01-01T00:00:00Z"},"Image":"sha256:5e229524f286e653111cb9d028bf1ba4c3490742c8cd18c84af22538f0e68575","ResolvConfPath":"/var/lib/docker/containers/47a7ce05e61aa72bdced5a030ca6064519c62d122a5992816f04e0e528b5b17d/resolv.conf","HostnamePath":"/var/lib/docker/containers/47a7ce05e61aa72bdced5a030ca6064519c62d122a5992816f04e0e528b5b17d/hostname","HostsPath":"/var/lib/docker/containers/47a7ce05e61aa72bdced5a030ca6064519c62d122a5992816f04e0e528b5b17d/hosts","LogPath":"/var/lib/docker/containers/47a7ce05e61aa72bdced5a030ca6064519c62d122a5992816f04e0e528b5b17d/47a7ce05e61aa72bdced5a030ca6064519c62d122a5992816f04e0e528b5b17d-json.log","Name":"/crazy_chaum","RestartCount":0,"Driver":"overlay2","Platform":"linux","MountLabel":"","ProcessLabel":"","AppArmorProfile":"","ExecIDs":null,"HostConfig":{"Binds":[],"ContainerIDFile":"","LogConfig":{"Type":"json-file","Config":{}},"NetworkMode":"default","PortBindings":{"3306/tcp":[{"HostIp":"0.0.0.0","HostPort":"0"}]},"RestartPolicy":{"Name":"","MaximumRetryCount":0},"AutoRemove":false,"VolumeDriver":"","VolumesFrom":[],"CapAdd":null,"CapDrop":null,"CgroupnsMode":"private","Dns":null,"DnsOptions":null,"DnsSearch":null,"ExtraHosts":[],"GroupAdd":null,"IpcMode":"shareable","Cgroup":"","Links":null,"OomScoreAdj":0,"PidMode":"","Privileged":false,"PublishAllPorts":false,"ReadonlyRootfs":false,"SecurityOpt":null,"UTSMode":"","UsernsMode":"","ShmSize":67108864,"Runtime":"runc","ConsoleSize":[0,0],"Isolation":"","CpuShares":0,"Memory":0,"NanoCpus":0,"CgroupParent":"","BlkioWeight":0,"BlkioWeightDevice":null,"BlkioDeviceReadBps":null,"BlkioDeviceWriteBps":null,"BlkioDeviceReadIOps":null,"BlkioDeviceWriteIOps":null,"CpuPeriod":0,"CpuQuota":0,"CpuRealtimePeriod":0,"CpuRealtimeRuntime":0,"CpusetCpus":"","CpusetMems":"","Devices":null,"DeviceCgroupRules":null,"DeviceRequests":null,"KernelMemory":0,"KernelMemoryTCP":0,"MemoryReservation":0,"MemorySwap":0,"MemorySwappiness":null,"OomKillDisable":null,"PidsLimit":null,"Ulimits":null,"CpuCount":0,"CpuPercent":0,"IOMaximumIOps":0,"IOMaximumBandwidth":0,"MaskedPaths":["/proc/asound","/proc/acpi","/proc/kcore","/proc/keys","/proc/latency_stats","/proc/timer_list","/proc/timer_stats","/proc/sched_debug","/proc/scsi","/sys/firmware"],"ReadonlyPaths":["/proc/bus","/proc/fs","/proc/irq","/proc/sys","/proc/sysrq-trigger"]},"GraphDriver":{"Data":{"LowerDir":"/var/lib/docker/overlay2/45da4782eb6c4075fef21a16271836d62c4e4726b16ef4c5ea199d4e626bdb39-init/diff:/var/lib/docker/overlay2/27a623f1ab748258e017a40f339844ef533377092bad4182aa320e9399893e13/diff:/var/lib/docker/overlay2/d7c1e4de558b6bbbdc3209a51fc73295262b5271709fe659d0e2e94f626eea74/diff:/var/lib/docker/overlay2/2df554f793c3600571e2f078ad2e20025d6b2e35f3d18881ead4f70e2cc26cb8/diff:/var/lib/docker/overlay2/feb23515577245ad51a24945de1e6bab842929569da912a2b4a33a48c6c2331f/diff:/var/lib/docker/overlay2/cc2cdbce154e19d9c4f376917b6c92ebd55b0b495124ffd2c9d7e9c82b6a95f9/diff:/var/lib/docker/overlay2/968467fe01280f82d26487386f320a15000815d63000d5ec89b47acca8f77ef2/diff:/var/lib/docker/overlay2/cc59daa314bbcaec43d6cd4064c7863b4b3976b989121dcf2e32c4710281f247/diff:/var/lib/docker/overlay2/dc5d8b1cf96cfd5d96d68fbed14248edf1244c1a4669ba07b0bab7f3d782f058/diff:/var/lib/docker/overlay2/dcca184158d696706cd99e62ffa3e5c42964eb57190bef35421cdf3f83a8c130/diff:/var/lib/docker/overlay2/a7f928596da67ce59f34b0ba4cee4a3b948b94f91ad0b0b6260dc54fb9b5a048/diff:/var/lib/docker/overlay2/6ac5adbfff6202b1faa13a2a2fd92625bdda668cdac1a1d2230becbb394e569f/diff","MergedDir":"/var/lib/docker/overlay2/45da4782eb6c4075fef21a16271836d62c4e4726b16ef4c5ea199d4e626bdb39/merged","UpperDir":"/var/lib/docker/overlay2/45da4782eb6c4075fef21a16271836d62c4e4726b16ef4c5ea199d4e626bdb39/diff","WorkDir":"/var/lib/docker/overlay2/45da4782eb6c4075fef21a16271836d62c4e4726b16ef4c5ea199d4e626bdb39/work"},"Name":"overlay2"},"Mounts":[{"Type":"volume","Name":"08668a73464516d2c615e247a561222f461f2385cff5615e53cc78e96456230c","Source":"/var/lib/docker/volumes/08668a73464516d2c615e247a561222f461f2385cff5615e53cc78e96456230c/_data","Destination":"/var/lib/mysql","Driver":"local","Mode":"","RW":true,"Propagation":""}],"Config":{"Hostname":"47a7ce05e61a","Domainname":"","User":"","AttachStdin":false,"AttachStdout":false,"AttachStderr":false,"ExposedPorts":{"3306/tcp":{},"33060/tcp":{}},"Tty":false,"OpenStdin":false,"StdinOnce":false,"Env":["MYSQL_DATABASE=lotification","MYSQL_PASSWORD=1234","MYSQL_USER=admin","MYSQL_ROOT_PASSWORD=1234","PATH=/usr/local/sbin:/usr/local/bin:/usr/sbin:/usr/bin:/sbin:/bin","GOSU_VERSION=1.14","MYSQL_MAJOR=8.0","MYSQL_VERSION=8.0.30-1.el8","MYSQL_SHELL_VERSION=8.0.30-1.el8"],"Cmd":["mysqld"],"Image":"mysql:8","Volumes":{"/var/lib/mysql":{}},"WorkingDir":"","Entrypoint":["docker-entrypoint.sh"],"OnBuild":null,"Labels":{"org.testcontainers":"true","org.testcontainers.sessionId":"c5b4bded-8a7b-4309-a94c-5bb153977152"}},"NetworkSettings":{"Bridge":"","SandboxID":"c87f478ec31081a2fc02a6d53fa5addc8f61962dea8dd5c17c1c641e1a25e99b","HairpinMode":false,"LinkLocalIPv6Address":"","LinkLocalIPv6PrefixLen":0,"Ports":{"3306/tcp":[{"HostIp":"0.0.0.0","HostPort":"63346"}],"33060/tcp":null},"SandboxKey":"/var/run/docker/netns/c87f478ec310","SecondaryIPAddresses":null,"SecondaryIPv6Addresses":null,"EndpointID":"7830774c518a6ae45bc93e5b48bd99e8a609aa29230b007326fa87b5ca32567f","Gateway":"172.17.0.1","GlobalIPv6Address":"","GlobalIPv6PrefixLen":0,"IPAddress":"172.17.0.4","IPPrefixLen":16,"IPv6Gateway":"","MacAddress":"02:42:ac:11:00:04","Networks":{"bridge":{"IPAMConfig":null,"Links":null,"Aliases":null,"NetworkID":"42b943ace1ba272d06317befbba08f853c5a08f211a0bdf3660599ced98f9c17","EndpointID":"7830774c518a6ae45bc93e5b48bd99e8a609aa29230b007326fa87b5ca32567f","Gateway":"172.17.0.1","IPAddress":"172.17.0.4","IPPrefixLen":16,"IPv6Gateway":"","GlobalIPv6Address":"","GlobalIPv6PrefixLen":0,"MacAddress":"02:42:ac:11:00:04","DriverOpts":null}}}}[\n]"
11:45:45.051 [Test worker] DEBUG com.github.dockerjava.zerodep.shaded.org.apache.hc.client5.http.wire - http-outgoing-2 << "[\r][\n]"
11:45:45.052 [Test worker] DEBUG com.github.dockerjava.zerodep.shaded.org.apache.hc.client5.http.wire - http-outgoing-2 << "0[\r][\n]"
11:45:45.052 [Test worker] DEBUG com.github.dockerjava.zerodep.shaded.org.apache.hc.client5.http.wire - http-outgoing-2 << "[\r][\n]"
11:45:45.052 [Test worker] DEBUG com.github.dockerjava.zerodep.shaded.org.apache.hc.client5.http.impl.classic.InternalHttpClient - ep-00000058: releasing valid endpoint
11:45:45.052 [Test worker] DEBUG com.github.dockerjava.zerodep.shaded.org.apache.hc.client5.http.impl.io.PoolingHttpClientConnectionManager - ep-00000058: releasing endpoint
11:45:45.052 [Test worker] DEBUG com.github.dockerjava.zerodep.shaded.org.apache.hc.client5.http.impl.io.PoolingHttpClientConnectionManager - ep-00000058: connection http-outgoing-2 can be kept alive for 3 MINUTES
11:45:45.052 [Test worker] DEBUG com.github.dockerjava.zerodep.shaded.org.apache.hc.client5.http.impl.io.PoolingHttpClientConnectionManager - ep-00000058: connection released [route: {}->unix://localhost:2375][total available: 1; route allocated: 1 of 2147483647; total allocated: 1 of 2147483647]
11:45:45.052 [Test worker] DEBUG ]]>&#x1f433;<![CDATA[ [mysql:8] - Trying to create JDBC connection using com.mysql.cj.jdbc.Driver to jdbc:mysql://localhost:63346/lotification?useSSL=false&allowPublicKeyRetrieval=true with properties: {password=1234, user=admin}
11:45:45.158 [Test worker] DEBUG org.testcontainers.shaded.com.github.dockerjava.core.command.AbstrDockerCmd - Cmd: 47a7ce05e61aa72bdced5a030ca6064519c62d122a5992816f04e0e528b5b17d,false
11:45:45.159 [Test worker] DEBUG org.testcontainers.shaded.com.github.dockerjava.core.exec.InspectContainerCmdExec - GET: DefaultWebTarget{path=[/containers/47a7ce05e61aa72bdced5a030ca6064519c62d122a5992816f04e0e528b5b17d/json], queryParams={}}
11:45:45.159 [Test worker] DEBUG com.github.dockerjava.zerodep.shaded.org.apache.hc.client5.http.impl.classic.InternalHttpClient - ex-0000005A: preparing request execution
11:45:45.159 [Test worker] DEBUG com.github.dockerjava.zerodep.shaded.org.apache.hc.client5.http.protocol.RequestAddCookies - Cookie spec selected: strict
11:45:45.159 [Test worker] DEBUG com.github.dockerjava.zerodep.shaded.org.apache.hc.client5.http.protocol.RequestAuthCache - Auth cache not set in the context
11:45:45.159 [Test worker] DEBUG com.github.dockerjava.zerodep.shaded.org.apache.hc.client5.http.impl.classic.ProtocolExec - ex-0000005A: target auth state: UNCHALLENGED
11:45:45.159 [Test worker] DEBUG com.github.dockerjava.zerodep.shaded.org.apache.hc.client5.http.impl.classic.ProtocolExec - ex-0000005A: proxy auth state: UNCHALLENGED
11:45:45.159 [Test worker] DEBUG com.github.dockerjava.zerodep.shaded.org.apache.hc.client5.http.impl.classic.ConnectExec - ex-0000005A: acquiring connection with route {}->unix://localhost:2375
11:45:45.159 [Test worker] DEBUG com.github.dockerjava.zerodep.shaded.org.apache.hc.client5.http.impl.classic.InternalHttpClient - ex-0000005A: acquiring endpoint (3 MINUTES)
11:45:45.159 [Test worker] DEBUG com.github.dockerjava.zerodep.shaded.org.apache.hc.client5.http.impl.io.PoolingHttpClientConnectionManager - ex-0000005A: endpoint lease request (3 MINUTES) [route: {}->unix://localhost:2375][total available: 1; route allocated: 1 of 2147483647; total allocated: 1 of 2147483647]
11:45:45.159 [Test worker] DEBUG com.github.dockerjava.zerodep.shaded.org.apache.hc.client5.http.impl.io.PoolingHttpClientConnectionManager - ex-0000005A: endpoint leased [route: {}->unix://localhost:2375][total available: 0; route allocated: 1 of 2147483647; total allocated: 1 of 2147483647]
11:45:45.159 [Test worker] DEBUG com.github.dockerjava.zerodep.shaded.org.apache.hc.client5.http.impl.io.PoolingHttpClientConnectionManager - ex-0000005A: acquired ep-00000059
11:45:45.159 [Test worker] DEBUG com.github.dockerjava.zerodep.shaded.org.apache.hc.client5.http.impl.classic.InternalHttpClient - ex-0000005A: acquired endpoint ep-00000059
11:45:45.159 [Test worker] DEBUG com.github.dockerjava.zerodep.shaded.org.apache.hc.client5.http.impl.classic.MainClientExec - ex-0000005A: executing GET /v1.32/containers/47a7ce05e61aa72bdced5a030ca6064519c62d122a5992816f04e0e528b5b17d/json HTTP/1.1
11:45:45.159 [Test worker] DEBUG com.github.dockerjava.zerodep.shaded.org.apache.hc.client5.http.impl.classic.InternalHttpClient - ep-00000059: start execution ex-0000005A
11:45:45.159 [Test worker] DEBUG com.github.dockerjava.zerodep.shaded.org.apache.hc.client5.http.impl.io.PoolingHttpClientConnectionManager - ep-00000059: executing exchange ex-0000005A over http-outgoing-2
11:45:45.159 [Test worker] DEBUG com.github.dockerjava.zerodep.shaded.org.apache.hc.client5.http.headers - http-outgoing-2 >> GET /v1.32/containers/47a7ce05e61aa72bdced5a030ca6064519c62d122a5992816f04e0e528b5b17d/json HTTP/1.1
11:45:45.159 [Test worker] DEBUG com.github.dockerjava.zerodep.shaded.org.apache.hc.client5.http.headers - http-outgoing-2 >> accept: application/json
11:45:45.159 [Test worker] DEBUG com.github.dockerjava.zerodep.shaded.org.apache.hc.client5.http.headers - http-outgoing-2 >> x-tc-sid: c5b4bded-8a7b-4309-a94c-5bb153977152
11:45:45.159 [Test worker] DEBUG com.github.dockerjava.zerodep.shaded.org.apache.hc.client5.http.headers - http-outgoing-2 >> Accept-Encoding: gzip, x-gzip, deflate
11:45:45.159 [Test worker] DEBUG com.github.dockerjava.zerodep.shaded.org.apache.hc.client5.http.headers - http-outgoing-2 >> Host: localhost:2375
11:45:45.159 [Test worker] DEBUG com.github.dockerjava.zerodep.shaded.org.apache.hc.client5.http.headers - http-outgoing-2 >> Connection: keep-alive
11:45:45.159 [Test worker] DEBUG com.github.dockerjava.zerodep.shaded.org.apache.hc.client5.http.headers - http-outgoing-2 >> User-Agent: Apache-HttpClient/5.0.3 (Java/17.0.3)
11:45:45.159 [Test worker] DEBUG com.github.dockerjava.zerodep.shaded.org.apache.hc.client5.http.wire - http-outgoing-2 >> "GET /v1.32/containers/47a7ce05e61aa72bdced5a030ca6064519c62d122a5992816f04e0e528b5b17d/json HTTP/1.1[\r][\n]"
11:45:45.159 [Test worker] DEBUG com.github.dockerjava.zerodep.shaded.org.apache.hc.client5.http.wire - http-outgoing-2 >> "accept: application/json[\r][\n]"
11:45:45.159 [Test worker] DEBUG com.github.dockerjava.zerodep.shaded.org.apache.hc.client5.http.wire - http-outgoing-2 >> "x-tc-sid: c5b4bded-8a7b-4309-a94c-5bb153977152[\r][\n]"
11:45:45.159 [Test worker] DEBUG com.github.dockerjava.zerodep.shaded.org.apache.hc.client5.http.wire - http-outgoing-2 >> "Accept-Encoding: gzip, x-gzip, deflate[\r][\n]"
11:45:45.159 [Test worker] DEBUG com.github.dockerjava.zerodep.shaded.org.apache.hc.client5.http.wire - http-outgoing-2 >> "Host: localhost:2375[\r][\n]"
11:45:45.159 [Test worker] DEBUG com.github.dockerjava.zerodep.shaded.org.apache.hc.client5.http.wire - http-outgoing-2 >> "Connection: keep-alive[\r][\n]"
11:45:45.159 [Test worker] DEBUG com.github.dockerjava.zerodep.shaded.org.apache.hc.client5.http.wire - http-outgoing-2 >> "User-Agent: Apache-HttpClient/5.0.3 (Java/17.0.3)[\r][\n]"
11:45:45.159 [Test worker] DEBUG com.github.dockerjava.zerodep.shaded.org.apache.hc.client5.http.wire - http-outgoing-2 >> "[\r][\n]"
11:45:45.161 [Test worker] DEBUG com.github.dockerjava.zerodep.shaded.org.apache.hc.client5.http.wire - http-outgoing-2 << "HTTP/1.1 200 OK[\r][\n]"
11:45:45.161 [Test worker] DEBUG com.github.dockerjava.zerodep.shaded.org.apache.hc.client5.http.wire - http-outgoing-2 << "Api-Version: 1.41[\r][\n]"
11:45:45.161 [Test worker] DEBUG com.github.dockerjava.zerodep.shaded.org.apache.hc.client5.http.wire - http-outgoing-2 << "Content-Type: application/json[\r][\n]"
11:45:45.161 [Test worker] DEBUG com.github.dockerjava.zerodep.shaded.org.apache.hc.client5.http.wire - http-outgoing-2 << "Date: Mon, 26 Sep 2022 02:45:45 GMT[\r][\n]"
11:45:45.161 [Test worker] DEBUG com.github.dockerjava.zerodep.shaded.org.apache.hc.client5.http.wire - http-outgoing-2 << "Docker-Experimental: false[\r][\n]"
11:45:45.161 [Test worker] DEBUG com.github.dockerjava.zerodep.shaded.org.apache.hc.client5.http.wire - http-outgoing-2 << "Ostype: linux[\r][\n]"
11:45:45.161 [Test worker] DEBUG com.github.dockerjava.zerodep.shaded.org.apache.hc.client5.http.wire - http-outgoing-2 << "Server: Docker/20.10.11 (linux)[\r][\n]"
11:45:45.161 [Test worker] DEBUG com.github.dockerjava.zerodep.shaded.org.apache.hc.client5.http.wire - http-outgoing-2 << "Transfer-Encoding: chunked[\r][\n]"
11:45:45.161 [Test worker] DEBUG com.github.dockerjava.zerodep.shaded.org.apache.hc.client5.http.wire - http-outgoing-2 << "[\r][\n]"
11:45:45.161 [Test worker] DEBUG com.github.dockerjava.zerodep.shaded.org.apache.hc.client5.http.headers - http-outgoing-2 << HTTP/1.1 200 OK
11:45:45.161 [Test worker] DEBUG com.github.dockerjava.zerodep.shaded.org.apache.hc.client5.http.headers - http-outgoing-2 << Api-Version: 1.41
11:45:45.161 [Test worker] DEBUG com.github.dockerjava.zerodep.shaded.org.apache.hc.client5.http.headers - http-outgoing-2 << Content-Type: application/json
11:45:45.161 [Test worker] DEBUG com.github.dockerjava.zerodep.shaded.org.apache.hc.client5.http.headers - http-outgoing-2 << Date: Mon, 26 Sep 2022 02:45:45 GMT
11:45:45.161 [Test worker] DEBUG com.github.dockerjava.zerodep.shaded.org.apache.hc.client5.http.headers - http-outgoing-2 << Docker-Experimental: false
11:45:45.161 [Test worker] DEBUG com.github.dockerjava.zerodep.shaded.org.apache.hc.client5.http.headers - http-outgoing-2 << Ostype: linux
11:45:45.161 [Test worker] DEBUG com.github.dockerjava.zerodep.shaded.org.apache.hc.client5.http.headers - http-outgoing-2 << Server: Docker/20.10.11 (linux)
11:45:45.161 [Test worker] DEBUG com.github.dockerjava.zerodep.shaded.org.apache.hc.client5.http.headers - http-outgoing-2 << Transfer-Encoding: chunked
11:45:45.161 [Test worker] DEBUG com.github.dockerjava.zerodep.shaded.org.apache.hc.client5.http.impl.classic.MainClientExec - ex-0000005A: connection can be kept alive for 3 MINUTES
11:45:45.162 [Test worker] DEBUG com.github.dockerjava.zerodep.shaded.org.apache.hc.client5.http.wire - http-outgoing-2 << "1882[\r][\n]"
11:45:45.162 [Test worker] DEBUG com.github.dockerjava.zerodep.shaded.org.apache.hc.client5.http.wire - http-outgoing-2 << "{"Id":"47a7ce05e61aa72bdced5a030ca6064519c62d122a5992816f04e0e528b5b17d","Created":"2022-09-26T02:45:36.042081626Z","Path":"docker-entrypoint.sh","Args":["mysqld"],"State":{"Status":"running","Running":true,"Paused":false,"Restarting":false,"OOMKilled":false,"Dead":false,"Pid":2251,"ExitCode":0,"Error":"","StartedAt":"2022-09-26T02:45:36.388226668Z","FinishedAt":"0001-01-01T00:00:00Z"},"Image":"sha256:5e229524f286e653111cb9d028bf1ba4c3490742c8cd18c84af22538f0e68575","ResolvConfPath":"/var/lib/docker/containers/47a7ce05e61aa72bdced5a030ca6064519c62d122a5992816f04e0e528b5b17d/resolv.conf","HostnamePath":"/var/lib/docker/containers/47a7ce05e61aa72bdced5a030ca6064519c62d122a5992816f04e0e528b5b17d/hostname","HostsPath":"/var/lib/docker/containers/47a7ce05e61aa72bdced5a030ca6064519c62d122a5992816f04e0e528b5b17d/hosts","LogPath":"/var/lib/docker/containers/47a7ce05e61aa72bdced5a030ca6064519c62d122a5992816f04e0e528b5b17d/47a7ce05e61aa72bdced5a030ca6064519c62d122a5992816f04e0e528b5b17d-json.log","Name":"/crazy_chaum","RestartCount":0,"Driver":"overlay2","Platform":"linux","MountLabel":"","ProcessLabel":"","AppArmorProfile":"","ExecIDs":null,"HostConfig":{"Binds":[],"ContainerIDFile":"","LogConfig":{"Type":"json-file","Config":{}},"NetworkMode":"default","PortBindings":{"3306/tcp":[{"HostIp":"0.0.0.0","HostPort":"0"}]},"RestartPolicy":{"Name":"","MaximumRetryCount":0},"AutoRemove":false,"VolumeDriver":"","VolumesFrom":[],"CapAdd":null,"CapDrop":null,"CgroupnsMode":"private","Dns":null,"DnsOptions":null,"DnsSearch":null,"ExtraHosts":[],"GroupAdd":null,"IpcMode":"shareable","Cgroup":"","Links":null,"OomScoreAdj":0,"PidMode":"","Privileged":false,"PublishAllPorts":false,"ReadonlyRootfs":false,"SecurityOpt":null,"UTSMode":"","UsernsMode":"","ShmSize":67108864,"Runtime":"runc","ConsoleSize":[0,0],"Isolation":"","CpuShares":0,"Memory":0,"NanoCpus":0,"CgroupParent":"","BlkioWeight":0,"BlkioWeightDevice":null,"BlkioDeviceReadBps":null,"BlkioDeviceWriteBps":null,"BlkioDeviceReadIOps":null,"BlkioDeviceWriteIOps":null,"CpuPeriod":0,"CpuQuota":0,"CpuRealtimePeriod":0,"CpuRealtimeRuntime":0,"CpusetCpus":"","CpusetMems":"","Devices":null,"DeviceCgroupRules":null,"DeviceRequests":null,"KernelMemory":0,"KernelMemoryTCP":0,"MemoryReservation":0,"MemorySwap":0,"MemorySwappiness":null,"OomKillDisable":null,"PidsLimit":null,"Ulimits":null,"CpuCount":0,"CpuPercent":0,"IOMaximumIOps":0,"IOMaximumBandwidth":0,"MaskedPaths":["/proc/asound","/proc/acpi","/proc/kcore","/proc/keys","/proc/latency_stats","/proc/timer_list","/proc/timer_stats","/proc/sched_debug","/proc/scsi","/sys/firmware"],"ReadonlyPaths":["/proc/bus","/proc/fs","/proc/irq","/proc/sys","/proc/sysrq-trigger"]},"GraphDriver":{"Data":{"LowerDir":"/var/lib/docker/overlay2/45da4782eb6c4075fef21a16271836d62c4e4726b16ef4c5ea199d4e626bdb39-init/diff:/var/lib/docker/overlay2/27a623f1ab748258e017a40f339844ef533377092bad4182aa320e9399893e13/diff:/var/lib/docker/overlay2/d7c1e4de558b6bbbdc3209a51fc73295262b5271709fe659d0e2e94f626eea74/diff:/var/lib/docker/overlay2/2df554f793c3600571e2f078ad2e20025d6b2e35f3d18881ead4f70e2cc26cb8/diff:/var/lib/docker/overlay2/feb23515577245ad51a24945de1e6bab842929569da912a2b4a33a48c6c2331f/diff:/var/lib/docker/overlay2/cc2cdbce154e19d9c4f376917b6c92ebd55b0b495124ffd2c9d7e9c82b6a95f9/diff:/var/lib/docker/overlay2/968467fe01280f82d26487386f320a15000815d63000d5ec89b47acca8f77ef2/diff:/var/lib/docker/overlay2/cc59daa314bbcaec43d6cd4064c7863b4b3976b989121dcf2e32c4710281f247/diff:/var/lib/docker/overlay2/dc5d8b1cf96cfd5d96d68fbed14248edf1244c1a4669ba07b0bab7f3d782f058/diff:/var/lib/docker/overlay2/dcca184158d696706cd99e62ffa3e5c42964eb57190bef35421cdf3f83a8c130/diff:/var/lib/docker/overlay2/a7f928596da67ce59f34b0ba4cee4a3b948b94f91ad0b0b6260dc54fb9b5a048/diff:/var/lib/docker/overlay2/6ac5adbfff6202b1faa13a2a2fd92625bdda668cdac1a1d2230becbb394e569f/diff","MergedDir":"/var/lib/docker/overlay2/45da4782eb6c4075fef21a16271836d62c4e4726b16ef4c5ea199d4e626bdb39/merged","UpperDir":"/var/lib/docker/overlay2/45da4782eb6c4075fef21a16271836d62c4e4726b16ef4c5ea199d4e626bdb39/diff","WorkDir":"/var/lib/docker/overlay2/45da4782eb6c4075fef21a16271836d62c4e4726b16ef4c5ea199d4e626bdb39/work"},"Name":"overlay2"},"Mounts":[{"Type":"volume","Name":"08668a73464516d2c615e247a561222f461f2385cff5615e53cc78e96456230c","Source":"/var/lib/docker/volumes/08668a73464516d2c615e247a561222f461f2385cff5615e53cc78e96456230c/_data","Destination":"/var/lib/mysql","Driver":"local","Mode":"","RW":true,"Propagation":""}],"Config":{"Hostname":"47a7ce05e61a","Domainname":"","User":"","AttachStdin":false,"AttachStdout":false,"AttachStderr":false,"ExposedPorts":{"3306/tcp":{},"33060/tcp":{}},"Tty":false,"OpenStdin":false,"StdinOnce":false,"Env":["MYSQL_DATABASE=lotification","MYSQL_PASSWORD=1234","MYSQL_USER=admin","MYSQL_ROOT_PASSWORD=1234","PATH=/usr/local/sbin:/usr/local/bin:/usr/sbin:/usr/bin:/sbin:/bin","GOSU_VERSION=1.14","MYSQL_MAJOR=8.0","MYSQL_VERSION=8.0.30-1.el8","MYSQL_SHELL_VERSION=8.0.30-1.el8"],"Cmd":["mysqld"],"Image":"mysql:8","Volumes":{"/var/lib/mysql":{}},"WorkingDir":"","Entrypoint":["docker-entrypoint.sh"],"OnBuild":null,"Labels":{"org.testcontainers":"true","org.testcontainers.sessionId":"c5b4bded-8a7b-4309-a94c-5bb153977152"}},"NetworkSettings":{"Bridge":"","SandboxID":"c87f478ec31081a2fc02a6d53fa5addc8f61962dea8dd5c17c1c641e1a25e99b","HairpinMode":false,"LinkLocalIPv6Address":"","LinkLocalIPv6PrefixLen":0,"Ports":{"3306/tcp":[{"HostIp":"0.0.0.0","HostPort":"63346"}],"33060/tcp":null},"SandboxKey":"/var/run/docker/netns/c87f478ec310","SecondaryIPAddresses":null,"SecondaryIPv6Addresses":null,"EndpointID":"7830774c518a6ae45bc93e5b48bd99e8a609aa29230b007326fa87b5ca32567f","Gateway":"172.17.0.1","GlobalIPv6Address":"","GlobalIPv6PrefixLen":0,"IPAddress":"172.17.0.4","IPPrefixLen":16,"IPv6Gateway":"","MacAddress":"02:42:ac:11:00:04","Networks":{"bridge":{"IPAMConfig":null,"Links":null,"Aliases":null,"NetworkID":"42b943ace1ba272d06317befbba08f853c5a08f211a0bdf3660599ced98f9c17","EndpointID":"7830774c518a6ae45bc93e5b48bd99e8a609aa29230b007326fa87b5ca32567f","Gateway":"172.17.0.1","IPAddress":"172.17.0.4","IPPrefixLen":16,"IPv6Gateway":"","GlobalIPv6Address":"","GlobalIPv6PrefixLen":0,"MacAddress":"02:42:ac:11:00:04","DriverOpts":null}}}}[\n]"
11:45:45.162 [Test worker] DEBUG com.github.dockerjava.zerodep.shaded.org.apache.hc.client5.http.wire - http-outgoing-2 << "[\r][\n]"
11:45:45.162 [Test worker] DEBUG com.github.dockerjava.zerodep.shaded.org.apache.hc.client5.http.wire - http-outgoing-2 << "0[\r][\n]"
11:45:45.162 [Test worker] DEBUG com.github.dockerjava.zerodep.shaded.org.apache.hc.client5.http.wire - http-outgoing-2 << "[\r][\n]"
11:45:45.162 [Test worker] DEBUG com.github.dockerjava.zerodep.shaded.org.apache.hc.client5.http.impl.classic.InternalHttpClient - ep-00000059: releasing valid endpoint
11:45:45.162 [Test worker] DEBUG com.github.dockerjava.zerodep.shaded.org.apache.hc.client5.http.impl.io.PoolingHttpClientConnectionManager - ep-00000059: releasing endpoint
11:45:45.162 [Test worker] DEBUG com.github.dockerjava.zerodep.shaded.org.apache.hc.client5.http.impl.io.PoolingHttpClientConnectionManager - ep-00000059: connection http-outgoing-2 can be kept alive for 3 MINUTES
11:45:45.162 [Test worker] DEBUG com.github.dockerjava.zerodep.shaded.org.apache.hc.client5.http.impl.io.PoolingHttpClientConnectionManager - ep-00000059: connection released [route: {}->unix://localhost:2375][total available: 1; route allocated: 1 of 2147483647; total allocated: 1 of 2147483647]
11:45:45.162 [Test worker] DEBUG ]]>&#x1f433;<![CDATA[ [mysql:8] - Trying to create JDBC connection using com.mysql.cj.jdbc.Driver to jdbc:mysql://localhost:63346/lotification?useSSL=false&allowPublicKeyRetrieval=true with properties: {password=1234, user=admin}
11:45:45.266 [Test worker] DEBUG org.testcontainers.shaded.com.github.dockerjava.core.command.AbstrDockerCmd - Cmd: 47a7ce05e61aa72bdced5a030ca6064519c62d122a5992816f04e0e528b5b17d,false
11:45:45.266 [Test worker] DEBUG org.testcontainers.shaded.com.github.dockerjava.core.exec.InspectContainerCmdExec - GET: DefaultWebTarget{path=[/containers/47a7ce05e61aa72bdced5a030ca6064519c62d122a5992816f04e0e528b5b17d/json], queryParams={}}
11:45:45.266 [Test worker] DEBUG com.github.dockerjava.zerodep.shaded.org.apache.hc.client5.http.impl.classic.InternalHttpClient - ex-0000005B: preparing request execution
11:45:45.266 [Test worker] DEBUG com.github.dockerjava.zerodep.shaded.org.apache.hc.client5.http.protocol.RequestAddCookies - Cookie spec selected: strict
11:45:45.266 [Test worker] DEBUG com.github.dockerjava.zerodep.shaded.org.apache.hc.client5.http.protocol.RequestAuthCache - Auth cache not set in the context
11:45:45.266 [Test worker] DEBUG com.github.dockerjava.zerodep.shaded.org.apache.hc.client5.http.impl.classic.ProtocolExec - ex-0000005B: target auth state: UNCHALLENGED
11:45:45.266 [Test worker] DEBUG com.github.dockerjava.zerodep.shaded.org.apache.hc.client5.http.impl.classic.ProtocolExec - ex-0000005B: proxy auth state: UNCHALLENGED
11:45:45.266 [Test worker] DEBUG com.github.dockerjava.zerodep.shaded.org.apache.hc.client5.http.impl.classic.ConnectExec - ex-0000005B: acquiring connection with route {}->unix://localhost:2375
11:45:45.266 [Test worker] DEBUG com.github.dockerjava.zerodep.shaded.org.apache.hc.client5.http.impl.classic.InternalHttpClient - ex-0000005B: acquiring endpoint (3 MINUTES)
11:45:45.266 [Test worker] DEBUG com.github.dockerjava.zerodep.shaded.org.apache.hc.client5.http.impl.io.PoolingHttpClientConnectionManager - ex-0000005B: endpoint lease request (3 MINUTES) [route: {}->unix://localhost:2375][total available: 1; route allocated: 1 of 2147483647; total allocated: 1 of 2147483647]
11:45:45.266 [Test worker] DEBUG com.github.dockerjava.zerodep.shaded.org.apache.hc.client5.http.impl.io.PoolingHttpClientConnectionManager - ex-0000005B: endpoint leased [route: {}->unix://localhost:2375][total available: 0; route allocated: 1 of 2147483647; total allocated: 1 of 2147483647]
11:45:45.266 [Test worker] DEBUG com.github.dockerjava.zerodep.shaded.org.apache.hc.client5.http.impl.io.PoolingHttpClientConnectionManager - ex-0000005B: acquired ep-0000005A
11:45:45.266 [Test worker] DEBUG com.github.dockerjava.zerodep.shaded.org.apache.hc.client5.http.impl.classic.InternalHttpClient - ex-0000005B: acquired endpoint ep-0000005A
11:45:45.266 [Test worker] DEBUG com.github.dockerjava.zerodep.shaded.org.apache.hc.client5.http.impl.classic.MainClientExec - ex-0000005B: executing GET /v1.32/containers/47a7ce05e61aa72bdced5a030ca6064519c62d122a5992816f04e0e528b5b17d/json HTTP/1.1
11:45:45.266 [Test worker] DEBUG com.github.dockerjava.zerodep.shaded.org.apache.hc.client5.http.impl.classic.InternalHttpClient - ep-0000005A: start execution ex-0000005B
11:45:45.266 [Test worker] DEBUG com.github.dockerjava.zerodep.shaded.org.apache.hc.client5.http.impl.io.PoolingHttpClientConnectionManager - ep-0000005A: executing exchange ex-0000005B over http-outgoing-2
11:45:45.266 [Test worker] DEBUG com.github.dockerjava.zerodep.shaded.org.apache.hc.client5.http.headers - http-outgoing-2 >> GET /v1.32/containers/47a7ce05e61aa72bdced5a030ca6064519c62d122a5992816f04e0e528b5b17d/json HTTP/1.1
11:45:45.267 [Test worker] DEBUG com.github.dockerjava.zerodep.shaded.org.apache.hc.client5.http.headers - http-outgoing-2 >> accept: application/json
11:45:45.267 [Test worker] DEBUG com.github.dockerjava.zerodep.shaded.org.apache.hc.client5.http.headers - http-outgoing-2 >> x-tc-sid: c5b4bded-8a7b-4309-a94c-5bb153977152
11:45:45.267 [Test worker] DEBUG com.github.dockerjava.zerodep.shaded.org.apache.hc.client5.http.headers - http-outgoing-2 >> Accept-Encoding: gzip, x-gzip, deflate
11:45:45.267 [Test worker] DEBUG com.github.dockerjava.zerodep.shaded.org.apache.hc.client5.http.headers - http-outgoing-2 >> Host: localhost:2375
11:45:45.267 [Test worker] DEBUG com.github.dockerjava.zerodep.shaded.org.apache.hc.client5.http.headers - http-outgoing-2 >> Connection: keep-alive
11:45:45.267 [Test worker] DEBUG com.github.dockerjava.zerodep.shaded.org.apache.hc.client5.http.headers - http-outgoing-2 >> User-Agent: Apache-HttpClient/5.0.3 (Java/17.0.3)
11:45:45.267 [Test worker] DEBUG com.github.dockerjava.zerodep.shaded.org.apache.hc.client5.http.wire - http-outgoing-2 >> "GET /v1.32/containers/47a7ce05e61aa72bdced5a030ca6064519c62d122a5992816f04e0e528b5b17d/json HTTP/1.1[\r][\n]"
11:45:45.267 [Test worker] DEBUG com.github.dockerjava.zerodep.shaded.org.apache.hc.client5.http.wire - http-outgoing-2 >> "accept: application/json[\r][\n]"
11:45:45.267 [Test worker] DEBUG com.github.dockerjava.zerodep.shaded.org.apache.hc.client5.http.wire - http-outgoing-2 >> "x-tc-sid: c5b4bded-8a7b-4309-a94c-5bb153977152[\r][\n]"
11:45:45.267 [Test worker] DEBUG com.github.dockerjava.zerodep.shaded.org.apache.hc.client5.http.wire - http-outgoing-2 >> "Accept-Encoding: gzip, x-gzip, deflate[\r][\n]"
11:45:45.267 [Test worker] DEBUG com.github.dockerjava.zerodep.shaded.org.apache.hc.client5.http.wire - http-outgoing-2 >> "Host: localhost:2375[\r][\n]"
11:45:45.267 [Test worker] DEBUG com.github.dockerjava.zerodep.shaded.org.apache.hc.client5.http.wire - http-outgoing-2 >> "Connection: keep-alive[\r][\n]"
11:45:45.267 [Test worker] DEBUG com.github.dockerjava.zerodep.shaded.org.apache.hc.client5.http.wire - http-outgoing-2 >> "User-Agent: Apache-HttpClient/5.0.3 (Java/17.0.3)[\r][\n]"
11:45:45.267 [Test worker] DEBUG com.github.dockerjava.zerodep.shaded.org.apache.hc.client5.http.wire - http-outgoing-2 >> "[\r][\n]"
11:45:45.268 [Test worker] DEBUG com.github.dockerjava.zerodep.shaded.org.apache.hc.client5.http.wire - http-outgoing-2 << "HTTP/1.1 200 OK[\r][\n]"
11:45:45.268 [Test worker] DEBUG com.github.dockerjava.zerodep.shaded.org.apache.hc.client5.http.wire - http-outgoing-2 << "Api-Version: 1.41[\r][\n]"
11:45:45.268 [Test worker] DEBUG com.github.dockerjava.zerodep.shaded.org.apache.hc.client5.http.wire - http-outgoing-2 << "Content-Type: application/json[\r][\n]"
11:45:45.268 [Test worker] DEBUG com.github.dockerjava.zerodep.shaded.org.apache.hc.client5.http.wire - http-outgoing-2 << "Date: Mon, 26 Sep 2022 02:45:45 GMT[\r][\n]"
11:45:45.268 [Test worker] DEBUG com.github.dockerjava.zerodep.shaded.org.apache.hc.client5.http.wire - http-outgoing-2 << "Docker-Experimental: false[\r][\n]"
11:45:45.268 [Test worker] DEBUG com.github.dockerjava.zerodep.shaded.org.apache.hc.client5.http.wire - http-outgoing-2 << "Ostype: linux[\r][\n]"
11:45:45.269 [Test worker] DEBUG com.github.dockerjava.zerodep.shaded.org.apache.hc.client5.http.wire - http-outgoing-2 << "Server: Docker/20.10.11 (linux)[\r][\n]"
11:45:45.269 [Test worker] DEBUG com.github.dockerjava.zerodep.shaded.org.apache.hc.client5.http.wire - http-outgoing-2 << "Transfer-Encoding: chunked[\r][\n]"
11:45:45.269 [Test worker] DEBUG com.github.dockerjava.zerodep.shaded.org.apache.hc.client5.http.wire - http-outgoing-2 << "[\r][\n]"
11:45:45.269 [Test worker] DEBUG com.github.dockerjava.zerodep.shaded.org.apache.hc.client5.http.headers - http-outgoing-2 << HTTP/1.1 200 OK
11:45:45.269 [Test worker] DEBUG com.github.dockerjava.zerodep.shaded.org.apache.hc.client5.http.headers - http-outgoing-2 << Api-Version: 1.41
11:45:45.269 [Test worker] DEBUG com.github.dockerjava.zerodep.shaded.org.apache.hc.client5.http.headers - http-outgoing-2 << Content-Type: application/json
11:45:45.269 [Test worker] DEBUG com.github.dockerjava.zerodep.shaded.org.apache.hc.client5.http.headers - http-outgoing-2 << Date: Mon, 26 Sep 2022 02:45:45 GMT
11:45:45.269 [Test worker] DEBUG com.github.dockerjava.zerodep.shaded.org.apache.hc.client5.http.headers - http-outgoing-2 << Docker-Experimental: false
11:45:45.269 [Test worker] DEBUG com.github.dockerjava.zerodep.shaded.org.apache.hc.client5.http.headers - http-outgoing-2 << Ostype: linux
11:45:45.269 [Test worker] DEBUG com.github.dockerjava.zerodep.shaded.org.apache.hc.client5.http.headers - http-outgoing-2 << Server: Docker/20.10.11 (linux)
11:45:45.269 [Test worker] DEBUG com.github.dockerjava.zerodep.shaded.org.apache.hc.client5.http.headers - http-outgoing-2 << Transfer-Encoding: chunked
11:45:45.269 [Test worker] DEBUG com.github.dockerjava.zerodep.shaded.org.apache.hc.client5.http.impl.classic.MainClientExec - ex-0000005B: connection can be kept alive for 3 MINUTES
11:45:45.269 [Test worker] DEBUG com.github.dockerjava.zerodep.shaded.org.apache.hc.client5.http.wire - http-outgoing-2 << "1882[\r][\n]"
11:45:45.269 [Test worker] DEBUG com.github.dockerjava.zerodep.shaded.org.apache.hc.client5.http.wire - http-outgoing-2 << "{"Id":"47a7ce05e61aa72bdced5a030ca6064519c62d122a5992816f04e0e528b5b17d","Created":"2022-09-26T02:45:36.042081626Z","Path":"docker-entrypoint.sh","Args":["mysqld"],"State":{"Status":"running","Running":true,"Paused":false,"Restarting":false,"OOMKilled":false,"Dead":false,"Pid":2251,"ExitCode":0,"Error":"","StartedAt":"2022-09-26T02:45:36.388226668Z","FinishedAt":"0001-01-01T00:00:00Z"},"Image":"sha256:5e229524f286e653111cb9d028bf1ba4c3490742c8cd18c84af22538f0e68575","ResolvConfPath":"/var/lib/docker/containers/47a7ce05e61aa72bdced5a030ca6064519c62d122a5992816f04e0e528b5b17d/resolv.conf","HostnamePath":"/var/lib/docker/containers/47a7ce05e61aa72bdced5a030ca6064519c62d122a5992816f04e0e528b5b17d/hostname","HostsPath":"/var/lib/docker/containers/47a7ce05e61aa72bdced5a030ca6064519c62d122a5992816f04e0e528b5b17d/hosts","LogPath":"/var/lib/docker/containers/47a7ce05e61aa72bdced5a030ca6064519c62d122a5992816f04e0e528b5b17d/47a7ce05e61aa72bdced5a030ca6064519c62d122a5992816f04e0e528b5b17d-json.log","Name":"/crazy_chaum","RestartCount":0,"Driver":"overlay2","Platform":"linux","MountLabel":"","ProcessLabel":"","AppArmorProfile":"","ExecIDs":null,"HostConfig":{"Binds":[],"ContainerIDFile":"","LogConfig":{"Type":"json-file","Config":{}},"NetworkMode":"default","PortBindings":{"3306/tcp":[{"HostIp":"0.0.0.0","HostPort":"0"}]},"RestartPolicy":{"Name":"","MaximumRetryCount":0},"AutoRemove":false,"VolumeDriver":"","VolumesFrom":[],"CapAdd":null,"CapDrop":null,"CgroupnsMode":"private","Dns":null,"DnsOptions":null,"DnsSearch":null,"ExtraHosts":[],"GroupAdd":null,"IpcMode":"shareable","Cgroup":"","Links":null,"OomScoreAdj":0,"PidMode":"","Privileged":false,"PublishAllPorts":false,"ReadonlyRootfs":false,"SecurityOpt":null,"UTSMode":"","UsernsMode":"","ShmSize":67108864,"Runtime":"runc","ConsoleSize":[0,0],"Isolation":"","CpuShares":0,"Memory":0,"NanoCpus":0,"CgroupParent":"","BlkioWeight":0,"BlkioWeightDevice":null,"BlkioDeviceReadBps":null,"BlkioDeviceWriteBps":null,"BlkioDeviceReadIOps":null,"BlkioDeviceWriteIOps":null,"CpuPeriod":0,"CpuQuota":0,"CpuRealtimePeriod":0,"CpuRealtimeRuntime":0,"CpusetCpus":"","CpusetMems":"","Devices":null,"DeviceCgroupRules":null,"DeviceRequests":null,"KernelMemory":0,"KernelMemoryTCP":0,"MemoryReservation":0,"MemorySwap":0,"MemorySwappiness":null,"OomKillDisable":null,"PidsLimit":null,"Ulimits":null,"CpuCount":0,"CpuPercent":0,"IOMaximumIOps":0,"IOMaximumBandwidth":0,"MaskedPaths":["/proc/asound","/proc/acpi","/proc/kcore","/proc/keys","/proc/latency_stats","/proc/timer_list","/proc/timer_stats","/proc/sched_debug","/proc/scsi","/sys/firmware"],"ReadonlyPaths":["/proc/bus","/proc/fs","/proc/irq","/proc/sys","/proc/sysrq-trigger"]},"GraphDriver":{"Data":{"LowerDir":"/var/lib/docker/overlay2/45da4782eb6c4075fef21a16271836d62c4e4726b16ef4c5ea199d4e626bdb39-init/diff:/var/lib/docker/overlay2/27a623f1ab748258e017a40f339844ef533377092bad4182aa320e9399893e13/diff:/var/lib/docker/overlay2/d7c1e4de558b6bbbdc3209a51fc73295262b5271709fe659d0e2e94f626eea74/diff:/var/lib/docker/overlay2/2df554f793c3600571e2f078ad2e20025d6b2e35f3d18881ead4f70e2cc26cb8/diff:/var/lib/docker/overlay2/feb23515577245ad51a24945de1e6bab842929569da912a2b4a33a48c6c2331f/diff:/var/lib/docker/overlay2/cc2cdbce154e19d9c4f376917b6c92ebd55b0b495124ffd2c9d7e9c82b6a95f9/diff:/var/lib/docker/overlay2/968467fe01280f82d26487386f320a15000815d63000d5ec89b47acca8f77ef2/diff:/var/lib/docker/overlay2/cc59daa314bbcaec43d6cd4064c7863b4b3976b989121dcf2e32c4710281f247/diff:/var/lib/docker/overlay2/dc5d8b1cf96cfd5d96d68fbed14248edf1244c1a4669ba07b0bab7f3d782f058/diff:/var/lib/docker/overlay2/dcca184158d696706cd99e62ffa3e5c42964eb57190bef35421cdf3f83a8c130/diff:/var/lib/docker/overlay2/a7f928596da67ce59f34b0ba4cee4a3b948b94f91ad0b0b6260dc54fb9b5a048/diff:/var/lib/docker/overlay2/6ac5adbfff6202b1faa13a2a2fd92625bdda668cdac1a1d2230becbb394e569f/diff","MergedDir":"/var/lib/docker/overlay2/45da4782eb6c4075fef21a16271836d62c4e4726b16ef4c5ea199d4e626bdb39/merged","UpperDir":"/var/lib/docker/overlay2/45da4782eb6c4075fef21a16271836d62c4e4726b16ef4c5ea199d4e626bdb39/diff","WorkDir":"/var/lib/docker/overlay2/45da4782eb6c4075fef21a16271836d62c4e4726b16ef4c5ea199d4e626bdb39/work"},"Name":"overlay2"},"Mounts":[{"Type":"volume","Name":"08668a73464516d2c615e247a561222f461f2385cff5615e53cc78e96456230c","Source":"/var/lib/docker/volumes/08668a73464516d2c615e247a561222f461f2385cff5615e53cc78e96456230c/_data","Destination":"/var/lib/mysql","Driver":"local","Mode":"","RW":true,"Propagation":""}],"Config":{"Hostname":"47a7ce05e61a","Domainname":"","User":"","AttachStdin":false,"AttachStdout":false,"AttachStderr":false,"ExposedPorts":{"3306/tcp":{},"33060/tcp":{}},"Tty":false,"OpenStdin":false,"StdinOnce":false,"Env":["MYSQL_DATABASE=lotification","MYSQL_PASSWORD=1234","MYSQL_USER=admin","MYSQL_ROOT_PASSWORD=1234","PATH=/usr/local/sbin:/usr/local/bin:/usr/sbin:/usr/bin:/sbin:/bin","GOSU_VERSION=1.14","MYSQL_MAJOR=8.0","MYSQL_VERSION=8.0.30-1.el8","MYSQL_SHELL_VERSION=8.0.30-1.el8"],"Cmd":["mysqld"],"Image":"mysql:8","Volumes":{"/var/lib/mysql":{}},"WorkingDir":"","Entrypoint":["docker-entrypoint.sh"],"OnBuild":null,"Labels":{"org.testcontainers":"true","org.testcontainers.sessionId":"c5b4bded-8a7b-4309-a94c-5bb153977152"}},"NetworkSettings":{"Bridge":"","SandboxID":"c87f478ec31081a2fc02a6d53fa5addc8f61962dea8dd5c17c1c641e1a25e99b","HairpinMode":false,"LinkLocalIPv6Address":"","LinkLocalIPv6PrefixLen":0,"Ports":{"3306/tcp":[{"HostIp":"0.0.0.0","HostPort":"63346"}],"33060/tcp":null},"SandboxKey":"/var/run/docker/netns/c87f478ec310","SecondaryIPAddresses":null,"SecondaryIPv6Addresses":null,"EndpointID":"7830774c518a6ae45bc93e5b48bd99e8a609aa29230b007326fa87b5ca32567f","Gateway":"172.17.0.1","GlobalIPv6Address":"","GlobalIPv6PrefixLen":0,"IPAddress":"172.17.0.4","IPPrefixLen":16,"IPv6Gateway":"","MacAddress":"02:42:ac:11:00:04","Networks":{"bridge":{"IPAMConfig":null,"Links":null,"Aliases":null,"NetworkID":"42b943ace1ba272d06317befbba08f853c5a08f211a0bdf3660599ced98f9c17","EndpointID":"7830774c518a6ae45bc93e5b48bd99e8a609aa29230b007326fa87b5ca32567f","Gateway":"172.17.0.1","IPAddress":"172.17.0.4","IPPrefixLen":16,"IPv6Gateway":"","GlobalIPv6Address":"","GlobalIPv6PrefixLen":0,"MacAddress":"02:42:ac:11:00:04","DriverOpts":null}}}}[\n]"
11:45:45.269 [Test worker] DEBUG com.github.dockerjava.zerodep.shaded.org.apache.hc.client5.http.wire - http-outgoing-2 << "[\r][\n]"
11:45:45.269 [Test worker] DEBUG com.github.dockerjava.zerodep.shaded.org.apache.hc.client5.http.wire - http-outgoing-2 << "0[\r][\n]"
11:45:45.269 [Test worker] DEBUG com.github.dockerjava.zerodep.shaded.org.apache.hc.client5.http.wire - http-outgoing-2 << "[\r][\n]"
11:45:45.270 [Test worker] DEBUG com.github.dockerjava.zerodep.shaded.org.apache.hc.client5.http.impl.classic.InternalHttpClient - ep-0000005A: releasing valid endpoint
11:45:45.270 [Test worker] DEBUG com.github.dockerjava.zerodep.shaded.org.apache.hc.client5.http.impl.io.PoolingHttpClientConnectionManager - ep-0000005A: releasing endpoint
11:45:45.270 [Test worker] DEBUG com.github.dockerjava.zerodep.shaded.org.apache.hc.client5.http.impl.io.PoolingHttpClientConnectionManager - ep-0000005A: connection http-outgoing-2 can be kept alive for 3 MINUTES
11:45:45.270 [Test worker] DEBUG com.github.dockerjava.zerodep.shaded.org.apache.hc.client5.http.impl.io.PoolingHttpClientConnectionManager - ep-0000005A: connection released [route: {}->unix://localhost:2375][total available: 1; route allocated: 1 of 2147483647; total allocated: 1 of 2147483647]
11:45:45.270 [Test worker] DEBUG ]]>&#x1f433;<![CDATA[ [mysql:8] - Trying to create JDBC connection using com.mysql.cj.jdbc.Driver to jdbc:mysql://localhost:63346/lotification?useSSL=false&allowPublicKeyRetrieval=true with properties: {password=1234, user=admin}
11:45:45.377 [Test worker] DEBUG org.testcontainers.shaded.com.github.dockerjava.core.command.AbstrDockerCmd - Cmd: 47a7ce05e61aa72bdced5a030ca6064519c62d122a5992816f04e0e528b5b17d,false
11:45:45.377 [Test worker] DEBUG org.testcontainers.shaded.com.github.dockerjava.core.exec.InspectContainerCmdExec - GET: DefaultWebTarget{path=[/containers/47a7ce05e61aa72bdced5a030ca6064519c62d122a5992816f04e0e528b5b17d/json], queryParams={}}
11:45:45.377 [Test worker] DEBUG com.github.dockerjava.zerodep.shaded.org.apache.hc.client5.http.impl.classic.InternalHttpClient - ex-0000005C: preparing request execution
11:45:45.377 [Test worker] DEBUG com.github.dockerjava.zerodep.shaded.org.apache.hc.client5.http.protocol.RequestAddCookies - Cookie spec selected: strict
11:45:45.377 [Test worker] DEBUG com.github.dockerjava.zerodep.shaded.org.apache.hc.client5.http.protocol.RequestAuthCache - Auth cache not set in the context
11:45:45.377 [Test worker] DEBUG com.github.dockerjava.zerodep.shaded.org.apache.hc.client5.http.impl.classic.ProtocolExec - ex-0000005C: target auth state: UNCHALLENGED
11:45:45.377 [Test worker] DEBUG com.github.dockerjava.zerodep.shaded.org.apache.hc.client5.http.impl.classic.ProtocolExec - ex-0000005C: proxy auth state: UNCHALLENGED
11:45:45.377 [Test worker] DEBUG com.github.dockerjava.zerodep.shaded.org.apache.hc.client5.http.impl.classic.ConnectExec - ex-0000005C: acquiring connection with route {}->unix://localhost:2375
11:45:45.377 [Test worker] DEBUG com.github.dockerjava.zerodep.shaded.org.apache.hc.client5.http.impl.classic.InternalHttpClient - ex-0000005C: acquiring endpoint (3 MINUTES)
11:45:45.377 [Test worker] DEBUG com.github.dockerjava.zerodep.shaded.org.apache.hc.client5.http.impl.io.PoolingHttpClientConnectionManager - ex-0000005C: endpoint lease request (3 MINUTES) [route: {}->unix://localhost:2375][total available: 1; route allocated: 1 of 2147483647; total allocated: 1 of 2147483647]
11:45:45.378 [Test worker] DEBUG com.github.dockerjava.zerodep.shaded.org.apache.hc.client5.http.impl.io.PoolingHttpClientConnectionManager - ex-0000005C: endpoint leased [route: {}->unix://localhost:2375][total available: 0; route allocated: 1 of 2147483647; total allocated: 1 of 2147483647]
11:45:45.378 [Test worker] DEBUG com.github.dockerjava.zerodep.shaded.org.apache.hc.client5.http.impl.io.PoolingHttpClientConnectionManager - ex-0000005C: acquired ep-0000005B
11:45:45.378 [Test worker] DEBUG com.github.dockerjava.zerodep.shaded.org.apache.hc.client5.http.impl.classic.InternalHttpClient - ex-0000005C: acquired endpoint ep-0000005B
11:45:45.378 [Test worker] DEBUG com.github.dockerjava.zerodep.shaded.org.apache.hc.client5.http.impl.classic.MainClientExec - ex-0000005C: executing GET /v1.32/containers/47a7ce05e61aa72bdced5a030ca6064519c62d122a5992816f04e0e528b5b17d/json HTTP/1.1
11:45:45.378 [Test worker] DEBUG com.github.dockerjava.zerodep.shaded.org.apache.hc.client5.http.impl.classic.InternalHttpClient - ep-0000005B: start execution ex-0000005C
11:45:45.378 [Test worker] DEBUG com.github.dockerjava.zerodep.shaded.org.apache.hc.client5.http.impl.io.PoolingHttpClientConnectionManager - ep-0000005B: executing exchange ex-0000005C over http-outgoing-2
11:45:45.378 [Test worker] DEBUG com.github.dockerjava.zerodep.shaded.org.apache.hc.client5.http.headers - http-outgoing-2 >> GET /v1.32/containers/47a7ce05e61aa72bdced5a030ca6064519c62d122a5992816f04e0e528b5b17d/json HTTP/1.1
11:45:45.378 [Test worker] DEBUG com.github.dockerjava.zerodep.shaded.org.apache.hc.client5.http.headers - http-outgoing-2 >> accept: application/json
11:45:45.378 [Test worker] DEBUG com.github.dockerjava.zerodep.shaded.org.apache.hc.client5.http.headers - http-outgoing-2 >> x-tc-sid: c5b4bded-8a7b-4309-a94c-5bb153977152
11:45:45.378 [Test worker] DEBUG com.github.dockerjava.zerodep.shaded.org.apache.hc.client5.http.headers - http-outgoing-2 >> Accept-Encoding: gzip, x-gzip, deflate
11:45:45.378 [Test worker] DEBUG com.github.dockerjava.zerodep.shaded.org.apache.hc.client5.http.headers - http-outgoing-2 >> Host: localhost:2375
11:45:45.378 [Test worker] DEBUG com.github.dockerjava.zerodep.shaded.org.apache.hc.client5.http.headers - http-outgoing-2 >> Connection: keep-alive
11:45:45.378 [Test worker] DEBUG com.github.dockerjava.zerodep.shaded.org.apache.hc.client5.http.headers - http-outgoing-2 >> User-Agent: Apache-HttpClient/5.0.3 (Java/17.0.3)
11:45:45.378 [Test worker] DEBUG com.github.dockerjava.zerodep.shaded.org.apache.hc.client5.http.wire - http-outgoing-2 >> "GET /v1.32/containers/47a7ce05e61aa72bdced5a030ca6064519c62d122a5992816f04e0e528b5b17d/json HTTP/1.1[\r][\n]"
11:45:45.378 [Test worker] DEBUG com.github.dockerjava.zerodep.shaded.org.apache.hc.client5.http.wire - http-outgoing-2 >> "accept: application/json[\r][\n]"
11:45:45.378 [Test worker] DEBUG com.github.dockerjava.zerodep.shaded.org.apache.hc.client5.http.wire - http-outgoing-2 >> "x-tc-sid: c5b4bded-8a7b-4309-a94c-5bb153977152[\r][\n]"
11:45:45.378 [Test worker] DEBUG com.github.dockerjava.zerodep.shaded.org.apache.hc.client5.http.wire - http-outgoing-2 >> "Accept-Encoding: gzip, x-gzip, deflate[\r][\n]"
11:45:45.378 [Test worker] DEBUG com.github.dockerjava.zerodep.shaded.org.apache.hc.client5.http.wire - http-outgoing-2 >> "Host: localhost:2375[\r][\n]"
11:45:45.378 [Test worker] DEBUG com.github.dockerjava.zerodep.shaded.org.apache.hc.client5.http.wire - http-outgoing-2 >> "Connection: keep-alive[\r][\n]"
11:45:45.378 [Test worker] DEBUG com.github.dockerjava.zerodep.shaded.org.apache.hc.client5.http.wire - http-outgoing-2 >> "User-Agent: Apache-HttpClient/5.0.3 (Java/17.0.3)[\r][\n]"
11:45:45.378 [Test worker] DEBUG com.github.dockerjava.zerodep.shaded.org.apache.hc.client5.http.wire - http-outgoing-2 >> "[\r][\n]"
11:45:45.380 [Test worker] DEBUG com.github.dockerjava.zerodep.shaded.org.apache.hc.client5.http.wire - http-outgoing-2 << "HTTP/1.1 200 OK[\r][\n]"
11:45:45.380 [Test worker] DEBUG com.github.dockerjava.zerodep.shaded.org.apache.hc.client5.http.wire - http-outgoing-2 << "Api-Version: 1.41[\r][\n]"
11:45:45.380 [Test worker] DEBUG com.github.dockerjava.zerodep.shaded.org.apache.hc.client5.http.wire - http-outgoing-2 << "Content-Type: application/json[\r][\n]"
11:45:45.380 [Test worker] DEBUG com.github.dockerjava.zerodep.shaded.org.apache.hc.client5.http.wire - http-outgoing-2 << "Date: Mon, 26 Sep 2022 02:45:45 GMT[\r][\n]"
11:45:45.380 [Test worker] DEBUG com.github.dockerjava.zerodep.shaded.org.apache.hc.client5.http.wire - http-outgoing-2 << "Docker-Experimental: false[\r][\n]"
11:45:45.380 [Test worker] DEBUG com.github.dockerjava.zerodep.shaded.org.apache.hc.client5.http.wire - http-outgoing-2 << "Ostype: linux[\r][\n]"
11:45:45.380 [Test worker] DEBUG com.github.dockerjava.zerodep.shaded.org.apache.hc.client5.http.wire - http-outgoing-2 << "Server: Docker/20.10.11 (linux)[\r][\n]"
11:45:45.380 [Test worker] DEBUG com.github.dockerjava.zerodep.shaded.org.apache.hc.client5.http.wire - http-outgoing-2 << "Transfer-Encoding: chunked[\r][\n]"
11:45:45.380 [Test worker] DEBUG com.github.dockerjava.zerodep.shaded.org.apache.hc.client5.http.wire - http-outgoing-2 << "[\r][\n]"
11:45:45.381 [Test worker] DEBUG com.github.dockerjava.zerodep.shaded.org.apache.hc.client5.http.headers - http-outgoing-2 << HTTP/1.1 200 OK
11:45:45.381 [Test worker] DEBUG com.github.dockerjava.zerodep.shaded.org.apache.hc.client5.http.headers - http-outgoing-2 << Api-Version: 1.41
11:45:45.381 [Test worker] DEBUG com.github.dockerjava.zerodep.shaded.org.apache.hc.client5.http.headers - http-outgoing-2 << Content-Type: application/json
11:45:45.381 [Test worker] DEBUG com.github.dockerjava.zerodep.shaded.org.apache.hc.client5.http.headers - http-outgoing-2 << Date: Mon, 26 Sep 2022 02:45:45 GMT
11:45:45.381 [Test worker] DEBUG com.github.dockerjava.zerodep.shaded.org.apache.hc.client5.http.headers - http-outgoing-2 << Docker-Experimental: false
11:45:45.381 [Test worker] DEBUG com.github.dockerjava.zerodep.shaded.org.apache.hc.client5.http.headers - http-outgoing-2 << Ostype: linux
11:45:45.381 [Test worker] DEBUG com.github.dockerjava.zerodep.shaded.org.apache.hc.client5.http.headers - http-outgoing-2 << Server: Docker/20.10.11 (linux)
11:45:45.381 [Test worker] DEBUG com.github.dockerjava.zerodep.shaded.org.apache.hc.client5.http.headers - http-outgoing-2 << Transfer-Encoding: chunked
11:45:45.381 [Test worker] DEBUG com.github.dockerjava.zerodep.shaded.org.apache.hc.client5.http.impl.classic.MainClientExec - ex-0000005C: connection can be kept alive for 3 MINUTES
11:45:45.381 [Test worker] DEBUG com.github.dockerjava.zerodep.shaded.org.apache.hc.client5.http.wire - http-outgoing-2 << "1882[\r][\n]"
11:45:45.381 [Test worker] DEBUG com.github.dockerjava.zerodep.shaded.org.apache.hc.client5.http.wire - http-outgoing-2 << "{"Id":"47a7ce05e61aa72bdced5a030ca6064519c62d122a5992816f04e0e528b5b17d","Created":"2022-09-26T02:45:36.042081626Z","Path":"docker-entrypoint.sh","Args":["mysqld"],"State":{"Status":"running","Running":true,"Paused":false,"Restarting":false,"OOMKilled":false,"Dead":false,"Pid":2251,"ExitCode":0,"Error":"","StartedAt":"2022-09-26T02:45:36.388226668Z","FinishedAt":"0001-01-01T00:00:00Z"},"Image":"sha256:5e229524f286e653111cb9d028bf1ba4c3490742c8cd18c84af22538f0e68575","ResolvConfPath":"/var/lib/docker/containers/47a7ce05e61aa72bdced5a030ca6064519c62d122a5992816f04e0e528b5b17d/resolv.conf","HostnamePath":"/var/lib/docker/containers/47a7ce05e61aa72bdced5a030ca6064519c62d122a5992816f04e0e528b5b17d/hostname","HostsPath":"/var/lib/docker/containers/47a7ce05e61aa72bdced5a030ca6064519c62d122a5992816f04e0e528b5b17d/hosts","LogPath":"/var/lib/docker/containers/47a7ce05e61aa72bdced5a030ca6064519c62d122a5992816f04e0e528b5b17d/47a7ce05e61aa72bdced5a030ca6064519c62d122a5992816f04e0e528b5b17d-json.log","Name":"/crazy_chaum","RestartCount":0,"Driver":"overlay2","Platform":"linux","MountLabel":"","ProcessLabel":"","AppArmorProfile":"","ExecIDs":null,"HostConfig":{"Binds":[],"ContainerIDFile":"","LogConfig":{"Type":"json-file","Config":{}},"NetworkMode":"default","PortBindings":{"3306/tcp":[{"HostIp":"0.0.0.0","HostPort":"0"}]},"RestartPolicy":{"Name":"","MaximumRetryCount":0},"AutoRemove":false,"VolumeDriver":"","VolumesFrom":[],"CapAdd":null,"CapDrop":null,"CgroupnsMode":"private","Dns":null,"DnsOptions":null,"DnsSearch":null,"ExtraHosts":[],"GroupAdd":null,"IpcMode":"shareable","Cgroup":"","Links":null,"OomScoreAdj":0,"PidMode":"","Privileged":false,"PublishAllPorts":false,"ReadonlyRootfs":false,"SecurityOpt":null,"UTSMode":"","UsernsMode":"","ShmSize":67108864,"Runtime":"runc","ConsoleSize":[0,0],"Isolation":"","CpuShares":0,"Memory":0,"NanoCpus":0,"CgroupParent":"","BlkioWeight":0,"BlkioWeightDevice":null,"BlkioDeviceReadBps":null,"BlkioDeviceWriteBps":null,"BlkioDeviceReadIOps":null,"BlkioDeviceWriteIOps":null,"CpuPeriod":0,"CpuQuota":0,"CpuRealtimePeriod":0,"CpuRealtimeRuntime":0,"CpusetCpus":"","CpusetMems":"","Devices":null,"DeviceCgroupRules":null,"DeviceRequests":null,"KernelMemory":0,"KernelMemoryTCP":0,"MemoryReservation":0,"MemorySwap":0,"MemorySwappiness":null,"OomKillDisable":null,"PidsLimit":null,"Ulimits":null,"CpuCount":0,"CpuPercent":0,"IOMaximumIOps":0,"IOMaximumBandwidth":0,"MaskedPaths":["/proc/asound","/proc/acpi","/proc/kcore","/proc/keys","/proc/latency_stats","/proc/timer_list","/proc/timer_stats","/proc/sched_debug","/proc/scsi","/sys/firmware"],"ReadonlyPaths":["/proc/bus","/proc/fs","/proc/irq","/proc/sys","/proc/sysrq-trigger"]},"GraphDriver":{"Data":{"LowerDir":"/var/lib/docker/overlay2/45da4782eb6c4075fef21a16271836d62c4e4726b16ef4c5ea199d4e626bdb39-init/diff:/var/lib/docker/overlay2/27a623f1ab748258e017a40f339844ef533377092bad4182aa320e9399893e13/diff:/var/lib/docker/overlay2/d7c1e4de558b6bbbdc3209a51fc73295262b5271709fe659d0e2e94f626eea74/diff:/var/lib/docker/overlay2/2df554f793c3600571e2f078ad2e20025d6b2e35f3d18881ead4f70e2cc26cb8/diff:/var/lib/docker/overlay2/feb23515577245ad51a24945de1e6bab842929569da912a2b4a33a48c6c2331f/diff:/var/lib/docker/overlay2/cc2cdbce154e19d9c4f376917b6c92ebd55b0b495124ffd2c9d7e9c82b6a95f9/diff:/var/lib/docker/overlay2/968467fe01280f82d26487386f320a15000815d63000d5ec89b47acca8f77ef2/diff:/var/lib/docker/overlay2/cc59daa314bbcaec43d6cd4064c7863b4b3976b989121dcf2e32c4710281f247/diff:/var/lib/docker/overlay2/dc5d8b1cf96cfd5d96d68fbed14248edf1244c1a4669ba07b0bab7f3d782f058/diff:/var/lib/docker/overlay2/dcca184158d696706cd99e62ffa3e5c42964eb57190bef35421cdf3f83a8c130/diff:/var/lib/docker/overlay2/a7f928596da67ce59f34b0ba4cee4a3b948b94f91ad0b0b6260dc54fb9b5a048/diff:/var/lib/docker/overlay2/6ac5adbfff6202b1faa13a2a2fd92625bdda668cdac1a1d2230becbb394e569f/diff","MergedDir":"/var/lib/docker/overlay2/45da4782eb6c4075fef21a16271836d62c4e4726b16ef4c5ea199d4e626bdb39/merged","UpperDir":"/var/lib/docker/overlay2/45da4782eb6c4075fef21a16271836d62c4e4726b16ef4c5ea199d4e626bdb39/diff","WorkDir":"/var/lib/docker/overlay2/45da4782eb6c4075fef21a16271836d62c4e4726b16ef4c5ea199d4e626bdb39/work"},"Name":"overlay2"},"Mounts":[{"Type":"volume","Name":"08668a73464516d2c615e247a561222f461f2385cff5615e53cc78e96456230c","Source":"/var/lib/docker/volumes/08668a73464516d2c615e247a561222f461f2385cff5615e53cc78e96456230c/_data","Destination":"/var/lib/mysql","Driver":"local","Mode":"","RW":true,"Propagation":""}],"Config":{"Hostname":"47a7ce05e61a","Domainname":"","User":"","AttachStdin":false,"AttachStdout":false,"AttachStderr":false,"ExposedPorts":{"3306/tcp":{},"33060/tcp":{}},"Tty":false,"OpenStdin":false,"StdinOnce":false,"Env":["MYSQL_DATABASE=lotification","MYSQL_PASSWORD=1234","MYSQL_USER=admin","MYSQL_ROOT_PASSWORD=1234","PATH=/usr/local/sbin:/usr/local/bin:/usr/sbin:/usr/bin:/sbin:/bin","GOSU_VERSION=1.14","MYSQL_MAJOR=8.0","MYSQL_VERSION=8.0.30-1.el8","MYSQL_SHELL_VERSION=8.0.30-1.el8"],"Cmd":["mysqld"],"Image":"mysql:8","Volumes":{"/var/lib/mysql":{}},"WorkingDir":"","Entrypoint":["docker-entrypoint.sh"],"OnBuild":null,"Labels":{"org.testcontainers":"true","org.testcontainers.sessionId":"c5b4bded-8a7b-4309-a94c-5bb153977152"}},"NetworkSettings":{"Bridge":"","SandboxID":"c87f478ec31081a2fc02a6d53fa5addc8f61962dea8dd5c17c1c641e1a25e99b","HairpinMode":false,"LinkLocalIPv6Address":"","LinkLocalIPv6PrefixLen":0,"Ports":{"3306/tcp":[{"HostIp":"0.0.0.0","HostPort":"63346"}],"33060/tcp":null},"SandboxKey":"/var/run/docker/netns/c87f478ec310","SecondaryIPAddresses":null,"SecondaryIPv6Addresses":null,"EndpointID":"7830774c518a6ae45bc93e5b48bd99e8a609aa29230b007326fa87b5ca32567f","Gateway":"172.17.0.1","GlobalIPv6Address":"","GlobalIPv6PrefixLen":0,"IPAddress":"172.17.0.4","IPPrefixLen":16,"IPv6Gateway":"","MacAddress":"02:42:ac:11:00:04","Networks":{"bridge":{"IPAMConfig":null,"Links":null,"Aliases":null,"NetworkID":"42b943ace1ba272d06317befbba08f853c5a08f211a0bdf3660599ced98f9c17","EndpointID":"7830774c518a6ae45bc93e5b48bd99e8a609aa29230b007326fa87b5ca32567f","Gateway":"172.17.0.1","IPAddress":"172.17.0.4","IPPrefixLen":16,"IPv6Gateway":"","GlobalIPv6Address":"","GlobalIPv6PrefixLen":0,"MacAddress":"02:42:ac:11:00:04","DriverOpts":null}}}}[\n]"
11:45:45.381 [Test worker] DEBUG com.github.dockerjava.zerodep.shaded.org.apache.hc.client5.http.wire - http-outgoing-2 << "[\r][\n]"
11:45:45.382 [Test worker] DEBUG com.github.dockerjava.zerodep.shaded.org.apache.hc.client5.http.wire - http-outgoing-2 << "0[\r][\n]"
11:45:45.382 [Test worker] DEBUG com.github.dockerjava.zerodep.shaded.org.apache.hc.client5.http.wire - http-outgoing-2 << "[\r][\n]"
11:45:45.382 [Test worker] DEBUG com.github.dockerjava.zerodep.shaded.org.apache.hc.client5.http.impl.classic.InternalHttpClient - ep-0000005B: releasing valid endpoint
11:45:45.382 [Test worker] DEBUG com.github.dockerjava.zerodep.shaded.org.apache.hc.client5.http.impl.io.PoolingHttpClientConnectionManager - ep-0000005B: releasing endpoint
11:45:45.382 [Test worker] DEBUG com.github.dockerjava.zerodep.shaded.org.apache.hc.client5.http.impl.io.PoolingHttpClientConnectionManager - ep-0000005B: connection http-outgoing-2 can be kept alive for 3 MINUTES
11:45:45.382 [Test worker] DEBUG com.github.dockerjava.zerodep.shaded.org.apache.hc.client5.http.impl.io.PoolingHttpClientConnectionManager - ep-0000005B: connection released [route: {}->unix://localhost:2375][total available: 1; route allocated: 1 of 2147483647; total allocated: 1 of 2147483647]
11:45:45.382 [Test worker] DEBUG ]]>&#x1f433;<![CDATA[ [mysql:8] - Trying to create JDBC connection using com.mysql.cj.jdbc.Driver to jdbc:mysql://localhost:63346/lotification?useSSL=false&allowPublicKeyRetrieval=true with properties: {password=1234, user=admin}
11:45:45.488 [Test worker] DEBUG org.testcontainers.shaded.com.github.dockerjava.core.command.AbstrDockerCmd - Cmd: 47a7ce05e61aa72bdced5a030ca6064519c62d122a5992816f04e0e528b5b17d,false
11:45:45.488 [Test worker] DEBUG org.testcontainers.shaded.com.github.dockerjava.core.exec.InspectContainerCmdExec - GET: DefaultWebTarget{path=[/containers/47a7ce05e61aa72bdced5a030ca6064519c62d122a5992816f04e0e528b5b17d/json], queryParams={}}
11:45:45.488 [Test worker] DEBUG com.github.dockerjava.zerodep.shaded.org.apache.hc.client5.http.impl.classic.InternalHttpClient - ex-0000005D: preparing request execution
11:45:45.489 [Test worker] DEBUG com.github.dockerjava.zerodep.shaded.org.apache.hc.client5.http.protocol.RequestAddCookies - Cookie spec selected: strict
11:45:45.489 [Test worker] DEBUG com.github.dockerjava.zerodep.shaded.org.apache.hc.client5.http.protocol.RequestAuthCache - Auth cache not set in the context
11:45:45.489 [Test worker] DEBUG com.github.dockerjava.zerodep.shaded.org.apache.hc.client5.http.impl.classic.ProtocolExec - ex-0000005D: target auth state: UNCHALLENGED
11:45:45.489 [Test worker] DEBUG com.github.dockerjava.zerodep.shaded.org.apache.hc.client5.http.impl.classic.ProtocolExec - ex-0000005D: proxy auth state: UNCHALLENGED
11:45:45.489 [Test worker] DEBUG com.github.dockerjava.zerodep.shaded.org.apache.hc.client5.http.impl.classic.ConnectExec - ex-0000005D: acquiring connection with route {}->unix://localhost:2375
11:45:45.489 [Test worker] DEBUG com.github.dockerjava.zerodep.shaded.org.apache.hc.client5.http.impl.classic.InternalHttpClient - ex-0000005D: acquiring endpoint (3 MINUTES)
11:45:45.489 [Test worker] DEBUG com.github.dockerjava.zerodep.shaded.org.apache.hc.client5.http.impl.io.PoolingHttpClientConnectionManager - ex-0000005D: endpoint lease request (3 MINUTES) [route: {}->unix://localhost:2375][total available: 1; route allocated: 1 of 2147483647; total allocated: 1 of 2147483647]
11:45:45.489 [Test worker] DEBUG com.github.dockerjava.zerodep.shaded.org.apache.hc.client5.http.impl.io.PoolingHttpClientConnectionManager - ex-0000005D: endpoint leased [route: {}->unix://localhost:2375][total available: 0; route allocated: 1 of 2147483647; total allocated: 1 of 2147483647]
11:45:45.489 [Test worker] DEBUG com.github.dockerjava.zerodep.shaded.org.apache.hc.client5.http.impl.io.PoolingHttpClientConnectionManager - ex-0000005D: acquired ep-0000005C
11:45:45.489 [Test worker] DEBUG com.github.dockerjava.zerodep.shaded.org.apache.hc.client5.http.impl.classic.InternalHttpClient - ex-0000005D: acquired endpoint ep-0000005C
11:45:45.489 [Test worker] DEBUG com.github.dockerjava.zerodep.shaded.org.apache.hc.client5.http.impl.classic.MainClientExec - ex-0000005D: executing GET /v1.32/containers/47a7ce05e61aa72bdced5a030ca6064519c62d122a5992816f04e0e528b5b17d/json HTTP/1.1
11:45:45.489 [Test worker] DEBUG com.github.dockerjava.zerodep.shaded.org.apache.hc.client5.http.impl.classic.InternalHttpClient - ep-0000005C: start execution ex-0000005D
11:45:45.489 [Test worker] DEBUG com.github.dockerjava.zerodep.shaded.org.apache.hc.client5.http.impl.io.PoolingHttpClientConnectionManager - ep-0000005C: executing exchange ex-0000005D over http-outgoing-2
11:45:45.489 [Test worker] DEBUG com.github.dockerjava.zerodep.shaded.org.apache.hc.client5.http.headers - http-outgoing-2 >> GET /v1.32/containers/47a7ce05e61aa72bdced5a030ca6064519c62d122a5992816f04e0e528b5b17d/json HTTP/1.1
11:45:45.489 [Test worker] DEBUG com.github.dockerjava.zerodep.shaded.org.apache.hc.client5.http.headers - http-outgoing-2 >> accept: application/json
11:45:45.489 [Test worker] DEBUG com.github.dockerjava.zerodep.shaded.org.apache.hc.client5.http.headers - http-outgoing-2 >> x-tc-sid: c5b4bded-8a7b-4309-a94c-5bb153977152
11:45:45.489 [Test worker] DEBUG com.github.dockerjava.zerodep.shaded.org.apache.hc.client5.http.headers - http-outgoing-2 >> Accept-Encoding: gzip, x-gzip, deflate
11:45:45.489 [Test worker] DEBUG com.github.dockerjava.zerodep.shaded.org.apache.hc.client5.http.headers - http-outgoing-2 >> Host: localhost:2375
11:45:45.489 [Test worker] DEBUG com.github.dockerjava.zerodep.shaded.org.apache.hc.client5.http.headers - http-outgoing-2 >> Connection: keep-alive
11:45:45.489 [Test worker] DEBUG com.github.dockerjava.zerodep.shaded.org.apache.hc.client5.http.headers - http-outgoing-2 >> User-Agent: Apache-HttpClient/5.0.3 (Java/17.0.3)
11:45:45.489 [Test worker] DEBUG com.github.dockerjava.zerodep.shaded.org.apache.hc.client5.http.wire - http-outgoing-2 >> "GET /v1.32/containers/47a7ce05e61aa72bdced5a030ca6064519c62d122a5992816f04e0e528b5b17d/json HTTP/1.1[\r][\n]"
11:45:45.489 [Test worker] DEBUG com.github.dockerjava.zerodep.shaded.org.apache.hc.client5.http.wire - http-outgoing-2 >> "accept: application/json[\r][\n]"
11:45:45.489 [Test worker] DEBUG com.github.dockerjava.zerodep.shaded.org.apache.hc.client5.http.wire - http-outgoing-2 >> "x-tc-sid: c5b4bded-8a7b-4309-a94c-5bb153977152[\r][\n]"
11:45:45.489 [Test worker] DEBUG com.github.dockerjava.zerodep.shaded.org.apache.hc.client5.http.wire - http-outgoing-2 >> "Accept-Encoding: gzip, x-gzip, deflate[\r][\n]"
11:45:45.489 [Test worker] DEBUG com.github.dockerjava.zerodep.shaded.org.apache.hc.client5.http.wire - http-outgoing-2 >> "Host: localhost:2375[\r][\n]"
11:45:45.489 [Test worker] DEBUG com.github.dockerjava.zerodep.shaded.org.apache.hc.client5.http.wire - http-outgoing-2 >> "Connection: keep-alive[\r][\n]"
11:45:45.489 [Test worker] DEBUG com.github.dockerjava.zerodep.shaded.org.apache.hc.client5.http.wire - http-outgoing-2 >> "User-Agent: Apache-HttpClient/5.0.3 (Java/17.0.3)[\r][\n]"
11:45:45.489 [Test worker] DEBUG com.github.dockerjava.zerodep.shaded.org.apache.hc.client5.http.wire - http-outgoing-2 >> "[\r][\n]"
11:45:45.495 [Test worker] DEBUG com.github.dockerjava.zerodep.shaded.org.apache.hc.client5.http.wire - http-outgoing-2 << "HTTP/1.1 200 OK[\r][\n]"
11:45:45.495 [Test worker] DEBUG com.github.dockerjava.zerodep.shaded.org.apache.hc.client5.http.wire - http-outgoing-2 << "Api-Version: 1.41[\r][\n]"
11:45:45.495 [Test worker] DEBUG com.github.dockerjava.zerodep.shaded.org.apache.hc.client5.http.wire - http-outgoing-2 << "Content-Type: application/json[\r][\n]"
11:45:45.495 [Test worker] DEBUG com.github.dockerjava.zerodep.shaded.org.apache.hc.client5.http.wire - http-outgoing-2 << "Date: Mon, 26 Sep 2022 02:45:45 GMT[\r][\n]"
11:45:45.495 [Test worker] DEBUG com.github.dockerjava.zerodep.shaded.org.apache.hc.client5.http.wire - http-outgoing-2 << "Docker-Experimental: false[\r][\n]"
11:45:45.495 [Test worker] DEBUG com.github.dockerjava.zerodep.shaded.org.apache.hc.client5.http.wire - http-outgoing-2 << "Ostype: linux[\r][\n]"
11:45:45.495 [Test worker] DEBUG com.github.dockerjava.zerodep.shaded.org.apache.hc.client5.http.wire - http-outgoing-2 << "Server: Docker/20.10.11 (linux)[\r][\n]"
11:45:45.495 [Test worker] DEBUG com.github.dockerjava.zerodep.shaded.org.apache.hc.client5.http.wire - http-outgoing-2 << "Transfer-Encoding: chunked[\r][\n]"
11:45:45.495 [Test worker] DEBUG com.github.dockerjava.zerodep.shaded.org.apache.hc.client5.http.wire - http-outgoing-2 << "[\r][\n]"
11:45:45.495 [Test worker] DEBUG com.github.dockerjava.zerodep.shaded.org.apache.hc.client5.http.headers - http-outgoing-2 << HTTP/1.1 200 OK
11:45:45.495 [Test worker] DEBUG com.github.dockerjava.zerodep.shaded.org.apache.hc.client5.http.headers - http-outgoing-2 << Api-Version: 1.41
11:45:45.495 [Test worker] DEBUG com.github.dockerjava.zerodep.shaded.org.apache.hc.client5.http.headers - http-outgoing-2 << Content-Type: application/json
11:45:45.495 [Test worker] DEBUG com.github.dockerjava.zerodep.shaded.org.apache.hc.client5.http.headers - http-outgoing-2 << Date: Mon, 26 Sep 2022 02:45:45 GMT
11:45:45.495 [Test worker] DEBUG com.github.dockerjava.zerodep.shaded.org.apache.hc.client5.http.headers - http-outgoing-2 << Docker-Experimental: false
11:45:45.495 [Test worker] DEBUG com.github.dockerjava.zerodep.shaded.org.apache.hc.client5.http.headers - http-outgoing-2 << Ostype: linux
11:45:45.495 [Test worker] DEBUG com.github.dockerjava.zerodep.shaded.org.apache.hc.client5.http.headers - http-outgoing-2 << Server: Docker/20.10.11 (linux)
11:45:45.495 [Test worker] DEBUG com.github.dockerjava.zerodep.shaded.org.apache.hc.client5.http.headers - http-outgoing-2 << Transfer-Encoding: chunked
11:45:45.495 [Test worker] DEBUG com.github.dockerjava.zerodep.shaded.org.apache.hc.client5.http.impl.classic.MainClientExec - ex-0000005D: connection can be kept alive for 3 MINUTES
11:45:45.497 [Test worker] DEBUG com.github.dockerjava.zerodep.shaded.org.apache.hc.client5.http.wire - http-outgoing-2 << "1882[\r][\n]"
11:45:45.497 [Test worker] DEBUG com.github.dockerjava.zerodep.shaded.org.apache.hc.client5.http.wire - http-outgoing-2 << "{"Id":"47a7ce05e61aa72bdced5a030ca6064519c62d122a5992816f04e0e528b5b17d","Created":"2022-09-26T02:45:36.042081626Z","Path":"docker-entrypoint.sh","Args":["mysqld"],"State":{"Status":"running","Running":true,"Paused":false,"Restarting":false,"OOMKilled":false,"Dead":false,"Pid":2251,"ExitCode":0,"Error":"","StartedAt":"2022-09-26T02:45:36.388226668Z","FinishedAt":"0001-01-01T00:00:00Z"},"Image":"sha256:5e229524f286e653111cb9d028bf1ba4c3490742c8cd18c84af22538f0e68575","ResolvConfPath":"/var/lib/docker/containers/47a7ce05e61aa72bdced5a030ca6064519c62d122a5992816f04e0e528b5b17d/resolv.conf","HostnamePath":"/var/lib/docker/containers/47a7ce05e61aa72bdced5a030ca6064519c62d122a5992816f04e0e528b5b17d/hostname","HostsPath":"/var/lib/docker/containers/47a7ce05e61aa72bdced5a030ca6064519c62d122a5992816f04e0e528b5b17d/hosts","LogPath":"/var/lib/docker/containers/47a7ce05e61aa72bdced5a030ca6064519c62d122a5992816f04e0e528b5b17d/47a7ce05e61aa72bdced5a030ca6064519c62d122a5992816f04e0e528b5b17d-json.log","Name":"/crazy_chaum","RestartCount":0,"Driver":"overlay2","Platform":"linux","MountLabel":"","ProcessLabel":"","AppArmorProfile":"","ExecIDs":null,"HostConfig":{"Binds":[],"ContainerIDFile":"","LogConfig":{"Type":"json-file","Config":{}},"NetworkMode":"default","PortBindings":{"3306/tcp":[{"HostIp":"0.0.0.0","HostPort":"0"}]},"RestartPolicy":{"Name":"","MaximumRetryCount":0},"AutoRemove":false,"VolumeDriver":"","VolumesFrom":[],"CapAdd":null,"CapDrop":null,"CgroupnsMode":"private","Dns":null,"DnsOptions":null,"DnsSearch":null,"ExtraHosts":[],"GroupAdd":null,"IpcMode":"shareable","Cgroup":"","Links":null,"OomScoreAdj":0,"PidMode":"","Privileged":false,"PublishAllPorts":false,"ReadonlyRootfs":false,"SecurityOpt":null,"UTSMode":"","UsernsMode":"","ShmSize":67108864,"Runtime":"runc","ConsoleSize":[0,0],"Isolation":"","CpuShares":0,"Memory":0,"NanoCpus":0,"CgroupParent":"","BlkioWeight":0,"BlkioWeightDevice":null,"BlkioDeviceReadBps":null,"BlkioDeviceWriteBps":null,"BlkioDeviceReadIOps":null,"BlkioDeviceWriteIOps":null,"CpuPeriod":0,"CpuQuota":0,"CpuRealtimePeriod":0,"CpuRealtimeRuntime":0,"CpusetCpus":"","CpusetMems":"","Devices":null,"DeviceCgroupRules":null,"DeviceRequests":null,"KernelMemory":0,"KernelMemoryTCP":0,"MemoryReservation":0,"MemorySwap":0,"MemorySwappiness":null,"OomKillDisable":null,"PidsLimit":null,"Ulimits":null,"CpuCount":0,"CpuPercent":0,"IOMaximumIOps":0,"IOMaximumBandwidth":0,"MaskedPaths":["/proc/asound","/proc/acpi","/proc/kcore","/proc/keys","/proc/latency_stats","/proc/timer_list","/proc/timer_stats","/proc/sched_debug","/proc/scsi","/sys/firmware"],"ReadonlyPaths":["/proc/bus","/proc/fs","/proc/irq","/proc/sys","/proc/sysrq-trigger"]},"GraphDriver":{"Data":{"LowerDir":"/var/lib/docker/overlay2/45da4782eb6c4075fef21a16271836d62c4e4726b16ef4c5ea199d4e626bdb39-init/diff:/var/lib/docker/overlay2/27a623f1ab748258e017a40f339844ef533377092bad4182aa320e9399893e13/diff:/var/lib/docker/overlay2/d7c1e4de558b6bbbdc3209a51fc73295262b5271709fe659d0e2e94f626eea74/diff:/var/lib/docker/overlay2/2df554f793c3600571e2f078ad2e20025d6b2e35f3d18881ead4f70e2cc26cb8/diff:/var/lib/docker/overlay2/feb23515577245ad51a24945de1e6bab842929569da912a2b4a33a48c6c2331f/diff:/var/lib/docker/overlay2/cc2cdbce154e19d9c4f376917b6c92ebd55b0b495124ffd2c9d7e9c82b6a95f9/diff:/var/lib/docker/overlay2/968467fe01280f82d26487386f320a15000815d63000d5ec89b47acca8f77ef2/diff:/var/lib/docker/overlay2/cc59daa314bbcaec43d6cd4064c7863b4b3976b989121dcf2e32c4710281f247/diff:/var/lib/docker/overlay2/dc5d8b1cf96cfd5d96d68fbed14248edf1244c1a4669ba07b0bab7f3d782f058/diff:/var/lib/docker/overlay2/dcca184158d696706cd99e62ffa3e5c42964eb57190bef35421cdf3f83a8c130/diff:/var/lib/docker/overlay2/a7f928596da67ce59f34b0ba4cee4a3b948b94f91ad0b0b6260dc54fb9b5a048/diff:/var/lib/docker/overlay2/6ac5adbfff6202b1faa13a2a2fd92625bdda668cdac1a1d2230becbb394e569f/diff","MergedDir":"/var/lib/docker/overlay2/45da4782eb6c4075fef21a16271836d62c4e4726b16ef4c5ea199d4e626bdb39/merged","UpperDir":"/var/lib/docker/overlay2/45da4782eb6c4075fef21a16271836d62c4e4726b16ef4c5ea199d4e626bdb39/diff","WorkDir":"/var/lib/docker/overlay2/45da4782eb6c4075fef21a16271836d62c4e4726b16ef4c5ea199d4e626bdb39/work"},"Name":"overlay2"},"Mounts":[{"Type":"volume","Name":"08668a73464516d2c615e247a561222f461f2385cff5615e53cc78e96456230c","Source":"/var/lib/docker/volumes/08668a73464516d2c615e247a561222f461f2385cff5615e53cc78e96456230c/_data","Destination":"/var/lib/mysql","Driver":"local","Mode":"","RW":true,"Propagation":""}],"Config":{"Hostname":"47a7ce05e61a","Domainname":"","User":"","AttachStdin":false,"AttachStdout":false,"AttachStderr":false,"ExposedPorts":{"3306/tcp":{},"33060/tcp":{}},"Tty":false,"OpenStdin":false,"StdinOnce":false,"Env":["MYSQL_DATABASE=lotification","MYSQL_PASSWORD=1234","MYSQL_USER=admin","MYSQL_ROOT_PASSWORD=1234","PATH=/usr/local/sbin:/usr/local/bin:/usr/sbin:/usr/bin:/sbin:/bin","GOSU_VERSION=1.14","MYSQL_MAJOR=8.0","MYSQL_VERSION=8.0.30-1.el8","MYSQL_SHELL_VERSION=8.0.30-1.el8"],"Cmd":["mysqld"],"Image":"mysql:8","Volumes":{"/var/lib/mysql":{}},"WorkingDir":"","Entrypoint":["docker-entrypoint.sh"],"OnBuild":null,"Labels":{"org.testcontainers":"true","org.testcontainers.sessionId":"c5b4bded-8a7b-4309-a94c-5bb153977152"}},"NetworkSettings":{"Bridge":"","SandboxID":"c87f478ec31081a2fc02a6d53fa5addc8f61962dea8dd5c17c1c641e1a25e99b","HairpinMode":false,"LinkLocalIPv6Address":"","LinkLocalIPv6PrefixLen":0,"Ports":{"3306/tcp":[{"HostIp":"0.0.0.0","HostPort":"63346"}],"33060/tcp":null},"SandboxKey":"/var/run/docker/netns/c87f478ec310","SecondaryIPAddresses":null,"SecondaryIPv6Addresses":null,"EndpointID":"7830774c518a6ae45bc93e5b48bd99e8a609aa29230b007326fa87b5ca32567f","Gateway":"172.17.0.1","GlobalIPv6Address":"","GlobalIPv6PrefixLen":0,"IPAddress":"172.17.0.4","IPPrefixLen":16,"IPv6Gateway":"","MacAddress":"02:42:ac:11:00:04","Networks":{"bridge":{"IPAMConfig":null,"Links":null,"Aliases":null,"NetworkID":"42b943ace1ba272d06317befbba08f853c5a08f211a0bdf3660599ced98f9c17","EndpointID":"7830774c518a6ae45bc93e5b48bd99e8a609aa29230b007326fa87b5ca32567f","Gateway":"172.17.0.1","IPAddress":"172.17.0.4","IPPrefixLen":16,"IPv6Gateway":"","GlobalIPv6Address":"","GlobalIPv6PrefixLen":0,"MacAddress":"02:42:ac:11:00:04","DriverOpts":null}}}}[\n]"
11:45:45.497 [Test worker] DEBUG com.github.dockerjava.zerodep.shaded.org.apache.hc.client5.http.wire - http-outgoing-2 << "[\r][\n]"
11:45:45.497 [Test worker] DEBUG com.github.dockerjava.zerodep.shaded.org.apache.hc.client5.http.wire - http-outgoing-2 << "0[\r][\n]"
11:45:45.497 [Test worker] DEBUG com.github.dockerjava.zerodep.shaded.org.apache.hc.client5.http.wire - http-outgoing-2 << "[\r][\n]"
11:45:45.497 [Test worker] DEBUG com.github.dockerjava.zerodep.shaded.org.apache.hc.client5.http.impl.classic.InternalHttpClient - ep-0000005C: releasing valid endpoint
11:45:45.497 [Test worker] DEBUG com.github.dockerjava.zerodep.shaded.org.apache.hc.client5.http.impl.io.PoolingHttpClientConnectionManager - ep-0000005C: releasing endpoint
11:45:45.497 [Test worker] DEBUG com.github.dockerjava.zerodep.shaded.org.apache.hc.client5.http.impl.io.PoolingHttpClientConnectionManager - ep-0000005C: connection http-outgoing-2 can be kept alive for 3 MINUTES
11:45:45.497 [Test worker] DEBUG com.github.dockerjava.zerodep.shaded.org.apache.hc.client5.http.impl.io.PoolingHttpClientConnectionManager - ep-0000005C: connection released [route: {}->unix://localhost:2375][total available: 1; route allocated: 1 of 2147483647; total allocated: 1 of 2147483647]
11:45:45.497 [Test worker] DEBUG ]]>&#x1f433;<![CDATA[ [mysql:8] - Trying to create JDBC connection using com.mysql.cj.jdbc.Driver to jdbc:mysql://localhost:63346/lotification?useSSL=false&allowPublicKeyRetrieval=true with properties: {password=1234, user=admin}
11:45:45.609 [Test worker] DEBUG org.testcontainers.shaded.com.github.dockerjava.core.command.AbstrDockerCmd - Cmd: 47a7ce05e61aa72bdced5a030ca6064519c62d122a5992816f04e0e528b5b17d,false
11:45:45.609 [Test worker] DEBUG org.testcontainers.shaded.com.github.dockerjava.core.exec.InspectContainerCmdExec - GET: DefaultWebTarget{path=[/containers/47a7ce05e61aa72bdced5a030ca6064519c62d122a5992816f04e0e528b5b17d/json], queryParams={}}
11:45:45.610 [Test worker] DEBUG com.github.dockerjava.zerodep.shaded.org.apache.hc.client5.http.impl.classic.InternalHttpClient - ex-0000005E: preparing request execution
11:45:45.610 [Test worker] DEBUG com.github.dockerjava.zerodep.shaded.org.apache.hc.client5.http.protocol.RequestAddCookies - Cookie spec selected: strict
11:45:45.610 [Test worker] DEBUG com.github.dockerjava.zerodep.shaded.org.apache.hc.client5.http.protocol.RequestAuthCache - Auth cache not set in the context
11:45:45.610 [Test worker] DEBUG com.github.dockerjava.zerodep.shaded.org.apache.hc.client5.http.impl.classic.ProtocolExec - ex-0000005E: target auth state: UNCHALLENGED
11:45:45.610 [Test worker] DEBUG com.github.dockerjava.zerodep.shaded.org.apache.hc.client5.http.impl.classic.ProtocolExec - ex-0000005E: proxy auth state: UNCHALLENGED
11:45:45.610 [Test worker] DEBUG com.github.dockerjava.zerodep.shaded.org.apache.hc.client5.http.impl.classic.ConnectExec - ex-0000005E: acquiring connection with route {}->unix://localhost:2375
11:45:45.610 [Test worker] DEBUG com.github.dockerjava.zerodep.shaded.org.apache.hc.client5.http.impl.classic.InternalHttpClient - ex-0000005E: acquiring endpoint (3 MINUTES)
11:45:45.610 [Test worker] DEBUG com.github.dockerjava.zerodep.shaded.org.apache.hc.client5.http.impl.io.PoolingHttpClientConnectionManager - ex-0000005E: endpoint lease request (3 MINUTES) [route: {}->unix://localhost:2375][total available: 1; route allocated: 1 of 2147483647; total allocated: 1 of 2147483647]
11:45:45.610 [Test worker] DEBUG com.github.dockerjava.zerodep.shaded.org.apache.hc.client5.http.impl.io.PoolingHttpClientConnectionManager - ex-0000005E: endpoint leased [route: {}->unix://localhost:2375][total available: 0; route allocated: 1 of 2147483647; total allocated: 1 of 2147483647]
11:45:45.610 [Test worker] DEBUG com.github.dockerjava.zerodep.shaded.org.apache.hc.client5.http.impl.io.PoolingHttpClientConnectionManager - ex-0000005E: acquired ep-0000005D
11:45:45.610 [Test worker] DEBUG com.github.dockerjava.zerodep.shaded.org.apache.hc.client5.http.impl.classic.InternalHttpClient - ex-0000005E: acquired endpoint ep-0000005D
11:45:45.610 [Test worker] DEBUG com.github.dockerjava.zerodep.shaded.org.apache.hc.client5.http.impl.classic.MainClientExec - ex-0000005E: executing GET /v1.32/containers/47a7ce05e61aa72bdced5a030ca6064519c62d122a5992816f04e0e528b5b17d/json HTTP/1.1
11:45:45.610 [Test worker] DEBUG com.github.dockerjava.zerodep.shaded.org.apache.hc.client5.http.impl.classic.InternalHttpClient - ep-0000005D: start execution ex-0000005E
11:45:45.610 [Test worker] DEBUG com.github.dockerjava.zerodep.shaded.org.apache.hc.client5.http.impl.io.PoolingHttpClientConnectionManager - ep-0000005D: executing exchange ex-0000005E over http-outgoing-2
11:45:45.610 [Test worker] DEBUG com.github.dockerjava.zerodep.shaded.org.apache.hc.client5.http.headers - http-outgoing-2 >> GET /v1.32/containers/47a7ce05e61aa72bdced5a030ca6064519c62d122a5992816f04e0e528b5b17d/json HTTP/1.1
11:45:45.610 [Test worker] DEBUG com.github.dockerjava.zerodep.shaded.org.apache.hc.client5.http.headers - http-outgoing-2 >> accept: application/json
11:45:45.610 [Test worker] DEBUG com.github.dockerjava.zerodep.shaded.org.apache.hc.client5.http.headers - http-outgoing-2 >> x-tc-sid: c5b4bded-8a7b-4309-a94c-5bb153977152
11:45:45.610 [Test worker] DEBUG com.github.dockerjava.zerodep.shaded.org.apache.hc.client5.http.headers - http-outgoing-2 >> Accept-Encoding: gzip, x-gzip, deflate
11:45:45.610 [Test worker] DEBUG com.github.dockerjava.zerodep.shaded.org.apache.hc.client5.http.headers - http-outgoing-2 >> Host: localhost:2375
11:45:45.610 [Test worker] DEBUG com.github.dockerjava.zerodep.shaded.org.apache.hc.client5.http.headers - http-outgoing-2 >> Connection: keep-alive
11:45:45.610 [Test worker] DEBUG com.github.dockerjava.zerodep.shaded.org.apache.hc.client5.http.headers - http-outgoing-2 >> User-Agent: Apache-HttpClient/5.0.3 (Java/17.0.3)
11:45:45.610 [Test worker] DEBUG com.github.dockerjava.zerodep.shaded.org.apache.hc.client5.http.wire - http-outgoing-2 >> "GET /v1.32/containers/47a7ce05e61aa72bdced5a030ca6064519c62d122a5992816f04e0e528b5b17d/json HTTP/1.1[\r][\n]"
11:45:45.610 [Test worker] DEBUG com.github.dockerjava.zerodep.shaded.org.apache.hc.client5.http.wire - http-outgoing-2 >> "accept: application/json[\r][\n]"
11:45:45.610 [Test worker] DEBUG com.github.dockerjava.zerodep.shaded.org.apache.hc.client5.http.wire - http-outgoing-2 >> "x-tc-sid: c5b4bded-8a7b-4309-a94c-5bb153977152[\r][\n]"
11:45:45.610 [Test worker] DEBUG com.github.dockerjava.zerodep.shaded.org.apache.hc.client5.http.wire - http-outgoing-2 >> "Accept-Encoding: gzip, x-gzip, deflate[\r][\n]"
11:45:45.610 [Test worker] DEBUG com.github.dockerjava.zerodep.shaded.org.apache.hc.client5.http.wire - http-outgoing-2 >> "Host: localhost:2375[\r][\n]"
11:45:45.610 [Test worker] DEBUG com.github.dockerjava.zerodep.shaded.org.apache.hc.client5.http.wire - http-outgoing-2 >> "Connection: keep-alive[\r][\n]"
11:45:45.610 [Test worker] DEBUG com.github.dockerjava.zerodep.shaded.org.apache.hc.client5.http.wire - http-outgoing-2 >> "User-Agent: Apache-HttpClient/5.0.3 (Java/17.0.3)[\r][\n]"
11:45:45.610 [Test worker] DEBUG com.github.dockerjava.zerodep.shaded.org.apache.hc.client5.http.wire - http-outgoing-2 >> "[\r][\n]"
11:45:45.630 [Test worker] DEBUG com.github.dockerjava.zerodep.shaded.org.apache.hc.client5.http.wire - http-outgoing-2 << "HTTP/1.1 200 OK[\r][\n]"
11:45:45.630 [Test worker] DEBUG com.github.dockerjava.zerodep.shaded.org.apache.hc.client5.http.wire - http-outgoing-2 << "Api-Version: 1.41[\r][\n]"
11:45:45.630 [Test worker] DEBUG com.github.dockerjava.zerodep.shaded.org.apache.hc.client5.http.wire - http-outgoing-2 << "Content-Type: application/json[\r][\n]"
11:45:45.630 [Test worker] DEBUG com.github.dockerjava.zerodep.shaded.org.apache.hc.client5.http.wire - http-outgoing-2 << "Date: Mon, 26 Sep 2022 02:45:45 GMT[\r][\n]"
11:45:45.630 [Test worker] DEBUG com.github.dockerjava.zerodep.shaded.org.apache.hc.client5.http.wire - http-outgoing-2 << "Docker-Experimental: false[\r][\n]"
11:45:45.630 [Test worker] DEBUG com.github.dockerjava.zerodep.shaded.org.apache.hc.client5.http.wire - http-outgoing-2 << "Ostype: linux[\r][\n]"
11:45:45.630 [Test worker] DEBUG com.github.dockerjava.zerodep.shaded.org.apache.hc.client5.http.wire - http-outgoing-2 << "Server: Docker/20.10.11 (linux)[\r][\n]"
11:45:45.630 [Test worker] DEBUG com.github.dockerjava.zerodep.shaded.org.apache.hc.client5.http.wire - http-outgoing-2 << "Transfer-Encoding: chunked[\r][\n]"
11:45:45.630 [Test worker] DEBUG com.github.dockerjava.zerodep.shaded.org.apache.hc.client5.http.wire - http-outgoing-2 << "[\r][\n]"
11:45:45.630 [Test worker] DEBUG com.github.dockerjava.zerodep.shaded.org.apache.hc.client5.http.headers - http-outgoing-2 << HTTP/1.1 200 OK
11:45:45.630 [Test worker] DEBUG com.github.dockerjava.zerodep.shaded.org.apache.hc.client5.http.headers - http-outgoing-2 << Api-Version: 1.41
11:45:45.630 [Test worker] DEBUG com.github.dockerjava.zerodep.shaded.org.apache.hc.client5.http.headers - http-outgoing-2 << Content-Type: application/json
11:45:45.630 [Test worker] DEBUG com.github.dockerjava.zerodep.shaded.org.apache.hc.client5.http.headers - http-outgoing-2 << Date: Mon, 26 Sep 2022 02:45:45 GMT
11:45:45.630 [Test worker] DEBUG com.github.dockerjava.zerodep.shaded.org.apache.hc.client5.http.headers - http-outgoing-2 << Docker-Experimental: false
11:45:45.630 [Test worker] DEBUG com.github.dockerjava.zerodep.shaded.org.apache.hc.client5.http.headers - http-outgoing-2 << Ostype: linux
11:45:45.630 [Test worker] DEBUG com.github.dockerjava.zerodep.shaded.org.apache.hc.client5.http.headers - http-outgoing-2 << Server: Docker/20.10.11 (linux)
11:45:45.630 [Test worker] DEBUG com.github.dockerjava.zerodep.shaded.org.apache.hc.client5.http.headers - http-outgoing-2 << Transfer-Encoding: chunked
11:45:45.630 [Test worker] DEBUG com.github.dockerjava.zerodep.shaded.org.apache.hc.client5.http.impl.classic.MainClientExec - ex-0000005E: connection can be kept alive for 3 MINUTES
11:45:45.630 [Test worker] DEBUG com.github.dockerjava.zerodep.shaded.org.apache.hc.client5.http.wire - http-outgoing-2 << "1882[\r][\n]"
11:45:45.630 [Test worker] DEBUG com.github.dockerjava.zerodep.shaded.org.apache.hc.client5.http.wire - http-outgoing-2 << "{"Id":"47a7ce05e61aa72bdced5a030ca6064519c62d122a5992816f04e0e528b5b17d","Created":"2022-09-26T02:45:36.042081626Z","Path":"docker-entrypoint.sh","Args":["mysqld"],"State":{"Status":"running","Running":true,"Paused":false,"Restarting":false,"OOMKilled":false,"Dead":false,"Pid":2251,"ExitCode":0,"Error":"","StartedAt":"2022-09-26T02:45:36.388226668Z","FinishedAt":"0001-01-01T00:00:00Z"},"Image":"sha256:5e229524f286e653111cb9d028bf1ba4c3490742c8cd18c84af22538f0e68575","ResolvConfPath":"/var/lib/docker/containers/47a7ce05e61aa72bdced5a030ca6064519c62d122a5992816f04e0e528b5b17d/resolv.conf","HostnamePath":"/var/lib/docker/containers/47a7ce05e61aa72bdced5a030ca6064519c62d122a5992816f04e0e528b5b17d/hostname","HostsPath":"/var/lib/docker/containers/47a7ce05e61aa72bdced5a030ca6064519c62d122a5992816f04e0e528b5b17d/hosts","LogPath":"/var/lib/docker/containers/47a7ce05e61aa72bdced5a030ca6064519c62d122a5992816f04e0e528b5b17d/47a7ce05e61aa72bdced5a030ca6064519c62d122a5992816f04e0e528b5b17d-json.log","Name":"/crazy_chaum","RestartCount":0,"Driver":"overlay2","Platform":"linux","MountLabel":"","ProcessLabel":"","AppArmorProfile":"","ExecIDs":null,"HostConfig":{"Binds":[],"ContainerIDFile":"","LogConfig":{"Type":"json-file","Config":{}},"NetworkMode":"default","PortBindings":{"3306/tcp":[{"HostIp":"0.0.0.0","HostPort":"0"}]},"RestartPolicy":{"Name":"","MaximumRetryCount":0},"AutoRemove":false,"VolumeDriver":"","VolumesFrom":[],"CapAdd":null,"CapDrop":null,"CgroupnsMode":"private","Dns":null,"DnsOptions":null,"DnsSearch":null,"ExtraHosts":[],"GroupAdd":null,"IpcMode":"shareable","Cgroup":"","Links":null,"OomScoreAdj":0,"PidMode":"","Privileged":false,"PublishAllPorts":false,"ReadonlyRootfs":false,"SecurityOpt":null,"UTSMode":"","UsernsMode":"","ShmSize":67108864,"Runtime":"runc","ConsoleSize":[0,0],"Isolation":"","CpuShares":0,"Memory":0,"NanoCpus":0,"CgroupParent":"","BlkioWeight":0,"BlkioWeightDevice":null,"BlkioDeviceReadBps":null,"BlkioDeviceWriteBps":null,"BlkioDeviceReadIOps":null,"BlkioDeviceWriteIOps":null,"CpuPeriod":0,"CpuQuota":0,"CpuRealtimePeriod":0,"CpuRealtimeRuntime":0,"CpusetCpus":"","CpusetMems":"","Devices":null,"DeviceCgroupRules":null,"DeviceRequests":null,"KernelMemory":0,"KernelMemoryTCP":0,"MemoryReservation":0,"MemorySwap":0,"MemorySwappiness":null,"OomKillDisable":null,"PidsLimit":null,"Ulimits":null,"CpuCount":0,"CpuPercent":0,"IOMaximumIOps":0,"IOMaximumBandwidth":0,"MaskedPaths":["/proc/asound","/proc/acpi","/proc/kcore","/proc/keys","/proc/latency_stats","/proc/timer_list","/proc/timer_stats","/proc/sched_debug","/proc/scsi","/sys/firmware"],"ReadonlyPaths":["/proc/bus","/proc/fs","/proc/irq","/proc/sys","/proc/sysrq-trigger"]},"GraphDriver":{"Data":{"LowerDir":"/var/lib/docker/overlay2/45da4782eb6c4075fef21a16271836d62c4e4726b16ef4c5ea199d4e626bdb39-init/diff:/var/lib/docker/overlay2/27a623f1ab748258e017a40f339844ef533377092bad4182aa320e9399893e13/diff:/var/lib/docker/overlay2/d7c1e4de558b6bbbdc3209a51fc73295262b5271709fe659d0e2e94f626eea74/diff:/var/lib/docker/overlay2/2df554f793c3600571e2f078ad2e20025d6b2e35f3d18881ead4f70e2cc26cb8/diff:/var/lib/docker/overlay2/feb23515577245ad51a24945de1e6bab842929569da912a2b4a33a48c6c2331f/diff:/var/lib/docker/overlay2/cc2cdbce154e19d9c4f376917b6c92ebd55b0b495124ffd2c9d7e9c82b6a95f9/diff:/var/lib/docker/overlay2/968467fe01280f82d26487386f320a15000815d63000d5ec89b47acca8f77ef2/diff:/var/lib/docker/overlay2/cc59daa314bbcaec43d6cd4064c7863b4b3976b989121dcf2e32c4710281f247/diff:/var/lib/docker/overlay2/dc5d8b1cf96cfd5d96d68fbed14248edf1244c1a4669ba07b0bab7f3d782f058/diff:/var/lib/docker/overlay2/dcca184158d696706cd99e62ffa3e5c42964eb57190bef35421cdf3f83a8c130/diff:/var/lib/docker/overlay2/a7f928596da67ce59f34b0ba4cee4a3b948b94f91ad0b0b6260dc54fb9b5a048/diff:/var/lib/docker/overlay2/6ac5adbfff6202b1faa13a2a2fd92625bdda668cdac1a1d2230becbb394e569f/diff","MergedDir":"/var/lib/docker/overlay2/45da4782eb6c4075fef21a16271836d62c4e4726b16ef4c5ea199d4e626bdb39/merged","UpperDir":"/var/lib/docker/overlay2/45da4782eb6c4075fef21a16271836d62c4e4726b16ef4c5ea199d4e626bdb39/diff","WorkDir":"/var/lib/docker/overlay2/45da4782eb6c4075fef21a16271836d62c4e4726b16ef4c5ea199d4e626bdb39/work"},"Name":"overlay2"},"Mounts":[{"Type":"volume","Name":"08668a73464516d2c615e247a561222f461f2385cff5615e53cc78e96456230c","Source":"/var/lib/docker/volumes/08668a73464516d2c615e247a561222f461f2385cff5615e53cc78e96456230c/_data","Destination":"/var/lib/mysql","Driver":"local","Mode":"","RW":true,"Propagation":""}],"Config":{"Hostname":"47a7ce05e61a","Domainname":"","User":"","AttachStdin":false,"AttachStdout":false,"AttachStderr":false,"ExposedPorts":{"3306/tcp":{},"33060/tcp":{}},"Tty":false,"OpenStdin":false,"StdinOnce":false,"Env":["MYSQL_DATABASE=lotification","MYSQL_PASSWORD=1234","MYSQL_USER=admin","MYSQL_ROOT_PASSWORD=1234","PATH=/usr/local/sbin:/usr/local/bin:/usr/sbin:/usr/bin:/sbin:/bin","GOSU_VERSION=1.14","MYSQL_MAJOR=8.0","MYSQL_VERSION=8.0.30-1.el8","MYSQL_SHELL_VERSION=8.0.30-1.el8"],"Cmd":["mysqld"],"Image":"mysql:8","Volumes":{"/var/lib/mysql":{}},"WorkingDir":"","Entrypoint":["docker-entrypoint.sh"],"OnBuild":null,"Labels":{"org.testcontainers":"true","org.testcontainers.sessionId":"c5b4bded-8a7b-4309-a94c-5bb153977152"}},"NetworkSettings":{"Bridge":"","SandboxID":"c87f478ec31081a2fc02a6d53fa5addc8f61962dea8dd5c17c1c641e1a25e99b","HairpinMode":false,"LinkLocalIPv6Address":"","LinkLocalIPv6PrefixLen":0,"Ports":{"3306/tcp":[{"HostIp":"0.0.0.0","HostPort":"63346"}],"33060/tcp":null},"SandboxKey":"/var/run/docker/netns/c87f478ec310","SecondaryIPAddresses":null,"SecondaryIPv6Addresses":null,"EndpointID":"7830774c518a6ae45bc93e5b48bd99e8a609aa29230b007326fa87b5ca32567f","Gateway":"172.17.0.1","GlobalIPv6Address":"","GlobalIPv6PrefixLen":0,"IPAddress":"172.17.0.4","IPPrefixLen":16,"IPv6Gateway":"","MacAddress":"02:42:ac:11:00:04","Networks":{"bridge":{"IPAMConfig":null,"Links":null,"Aliases":null,"NetworkID":"42b943ace1ba272d06317befbba08f853c5a08f211a0bdf3660599ced98f9c17","EndpointID":"7830774c518a6ae45bc93e5b48bd99e8a609aa29230b007326fa87b5ca32567f","Gateway":"172.17.0.1","IPAddress":"172.17.0.4","IPPrefixLen":16,"IPv6Gateway":"","GlobalIPv6Address":"","GlobalIPv6PrefixLen":0,"MacAddress":"02:42:ac:11:00:04","DriverOpts":null}}}}[\n]"
11:45:45.631 [Test worker] DEBUG com.github.dockerjava.zerodep.shaded.org.apache.hc.client5.http.wire - http-outgoing-2 << "[\r][\n]"
11:45:45.631 [Test worker] DEBUG com.github.dockerjava.zerodep.shaded.org.apache.hc.client5.http.wire - http-outgoing-2 << "0[\r][\n]"
11:45:45.631 [Test worker] DEBUG com.github.dockerjava.zerodep.shaded.org.apache.hc.client5.http.wire - http-outgoing-2 << "[\r][\n]"
11:45:45.631 [Test worker] DEBUG com.github.dockerjava.zerodep.shaded.org.apache.hc.client5.http.impl.classic.InternalHttpClient - ep-0000005D: releasing valid endpoint
11:45:45.631 [Test worker] DEBUG com.github.dockerjava.zerodep.shaded.org.apache.hc.client5.http.impl.io.PoolingHttpClientConnectionManager - ep-0000005D: releasing endpoint
11:45:45.631 [Test worker] DEBUG com.github.dockerjava.zerodep.shaded.org.apache.hc.client5.http.impl.io.PoolingHttpClientConnectionManager - ep-0000005D: connection http-outgoing-2 can be kept alive for 3 MINUTES
11:45:45.631 [Test worker] DEBUG com.github.dockerjava.zerodep.shaded.org.apache.hc.client5.http.impl.io.PoolingHttpClientConnectionManager - ep-0000005D: connection released [route: {}->unix://localhost:2375][total available: 1; route allocated: 1 of 2147483647; total allocated: 1 of 2147483647]
11:45:45.631 [Test worker] DEBUG ]]>&#x1f433;<![CDATA[ [mysql:8] - Trying to create JDBC connection using com.mysql.cj.jdbc.Driver to jdbc:mysql://localhost:63346/lotification?useSSL=false&allowPublicKeyRetrieval=true with properties: {password=1234, user=admin}
11:45:45.739 [Test worker] DEBUG org.testcontainers.shaded.com.github.dockerjava.core.command.AbstrDockerCmd - Cmd: 47a7ce05e61aa72bdced5a030ca6064519c62d122a5992816f04e0e528b5b17d,false
11:45:45.739 [Test worker] DEBUG org.testcontainers.shaded.com.github.dockerjava.core.exec.InspectContainerCmdExec - GET: DefaultWebTarget{path=[/containers/47a7ce05e61aa72bdced5a030ca6064519c62d122a5992816f04e0e528b5b17d/json], queryParams={}}
11:45:45.739 [Test worker] DEBUG com.github.dockerjava.zerodep.shaded.org.apache.hc.client5.http.impl.classic.InternalHttpClient - ex-0000005F: preparing request execution
11:45:45.739 [Test worker] DEBUG com.github.dockerjava.zerodep.shaded.org.apache.hc.client5.http.protocol.RequestAddCookies - Cookie spec selected: strict
11:45:45.740 [Test worker] DEBUG com.github.dockerjava.zerodep.shaded.org.apache.hc.client5.http.protocol.RequestAuthCache - Auth cache not set in the context
11:45:45.740 [Test worker] DEBUG com.github.dockerjava.zerodep.shaded.org.apache.hc.client5.http.impl.classic.ProtocolExec - ex-0000005F: target auth state: UNCHALLENGED
11:45:45.740 [Test worker] DEBUG com.github.dockerjava.zerodep.shaded.org.apache.hc.client5.http.impl.classic.ProtocolExec - ex-0000005F: proxy auth state: UNCHALLENGED
11:45:45.740 [Test worker] DEBUG com.github.dockerjava.zerodep.shaded.org.apache.hc.client5.http.impl.classic.ConnectExec - ex-0000005F: acquiring connection with route {}->unix://localhost:2375
11:45:45.740 [Test worker] DEBUG com.github.dockerjava.zerodep.shaded.org.apache.hc.client5.http.impl.classic.InternalHttpClient - ex-0000005F: acquiring endpoint (3 MINUTES)
11:45:45.740 [Test worker] DEBUG com.github.dockerjava.zerodep.shaded.org.apache.hc.client5.http.impl.io.PoolingHttpClientConnectionManager - ex-0000005F: endpoint lease request (3 MINUTES) [route: {}->unix://localhost:2375][total available: 1; route allocated: 1 of 2147483647; total allocated: 1 of 2147483647]
11:45:45.740 [Test worker] DEBUG com.github.dockerjava.zerodep.shaded.org.apache.hc.client5.http.impl.io.PoolingHttpClientConnectionManager - ex-0000005F: endpoint leased [route: {}->unix://localhost:2375][total available: 0; route allocated: 1 of 2147483647; total allocated: 1 of 2147483647]
11:45:45.740 [Test worker] DEBUG com.github.dockerjava.zerodep.shaded.org.apache.hc.client5.http.impl.io.PoolingHttpClientConnectionManager - ex-0000005F: acquired ep-0000005E
11:45:45.740 [Test worker] DEBUG com.github.dockerjava.zerodep.shaded.org.apache.hc.client5.http.impl.classic.InternalHttpClient - ex-0000005F: acquired endpoint ep-0000005E
11:45:45.740 [Test worker] DEBUG com.github.dockerjava.zerodep.shaded.org.apache.hc.client5.http.impl.classic.MainClientExec - ex-0000005F: executing GET /v1.32/containers/47a7ce05e61aa72bdced5a030ca6064519c62d122a5992816f04e0e528b5b17d/json HTTP/1.1
11:45:45.740 [Test worker] DEBUG com.github.dockerjava.zerodep.shaded.org.apache.hc.client5.http.impl.classic.InternalHttpClient - ep-0000005E: start execution ex-0000005F
11:45:45.740 [Test worker] DEBUG com.github.dockerjava.zerodep.shaded.org.apache.hc.client5.http.impl.io.PoolingHttpClientConnectionManager - ep-0000005E: executing exchange ex-0000005F over http-outgoing-2
11:45:45.740 [Test worker] DEBUG com.github.dockerjava.zerodep.shaded.org.apache.hc.client5.http.headers - http-outgoing-2 >> GET /v1.32/containers/47a7ce05e61aa72bdced5a030ca6064519c62d122a5992816f04e0e528b5b17d/json HTTP/1.1
11:45:45.740 [Test worker] DEBUG com.github.dockerjava.zerodep.shaded.org.apache.hc.client5.http.headers - http-outgoing-2 >> accept: application/json
11:45:45.740 [Test worker] DEBUG com.github.dockerjava.zerodep.shaded.org.apache.hc.client5.http.headers - http-outgoing-2 >> x-tc-sid: c5b4bded-8a7b-4309-a94c-5bb153977152
11:45:45.740 [Test worker] DEBUG com.github.dockerjava.zerodep.shaded.org.apache.hc.client5.http.headers - http-outgoing-2 >> Accept-Encoding: gzip, x-gzip, deflate
11:45:45.740 [Test worker] DEBUG com.github.dockerjava.zerodep.shaded.org.apache.hc.client5.http.headers - http-outgoing-2 >> Host: localhost:2375
11:45:45.740 [Test worker] DEBUG com.github.dockerjava.zerodep.shaded.org.apache.hc.client5.http.headers - http-outgoing-2 >> Connection: keep-alive
11:45:45.740 [Test worker] DEBUG com.github.dockerjava.zerodep.shaded.org.apache.hc.client5.http.headers - http-outgoing-2 >> User-Agent: Apache-HttpClient/5.0.3 (Java/17.0.3)
11:45:45.740 [Test worker] DEBUG com.github.dockerjava.zerodep.shaded.org.apache.hc.client5.http.wire - http-outgoing-2 >> "GET /v1.32/containers/47a7ce05e61aa72bdced5a030ca6064519c62d122a5992816f04e0e528b5b17d/json HTTP/1.1[\r][\n]"
11:45:45.740 [Test worker] DEBUG com.github.dockerjava.zerodep.shaded.org.apache.hc.client5.http.wire - http-outgoing-2 >> "accept: application/json[\r][\n]"
11:45:45.740 [Test worker] DEBUG com.github.dockerjava.zerodep.shaded.org.apache.hc.client5.http.wire - http-outgoing-2 >> "x-tc-sid: c5b4bded-8a7b-4309-a94c-5bb153977152[\r][\n]"
11:45:45.740 [Test worker] DEBUG com.github.dockerjava.zerodep.shaded.org.apache.hc.client5.http.wire - http-outgoing-2 >> "Accept-Encoding: gzip, x-gzip, deflate[\r][\n]"
11:45:45.740 [Test worker] DEBUG com.github.dockerjava.zerodep.shaded.org.apache.hc.client5.http.wire - http-outgoing-2 >> "Host: localhost:2375[\r][\n]"
11:45:45.740 [Test worker] DEBUG com.github.dockerjava.zerodep.shaded.org.apache.hc.client5.http.wire - http-outgoing-2 >> "Connection: keep-alive[\r][\n]"
11:45:45.740 [Test worker] DEBUG com.github.dockerjava.zerodep.shaded.org.apache.hc.client5.http.wire - http-outgoing-2 >> "User-Agent: Apache-HttpClient/5.0.3 (Java/17.0.3)[\r][\n]"
11:45:45.740 [Test worker] DEBUG com.github.dockerjava.zerodep.shaded.org.apache.hc.client5.http.wire - http-outgoing-2 >> "[\r][\n]"
11:45:45.761 [Test worker] DEBUG com.github.dockerjava.zerodep.shaded.org.apache.hc.client5.http.wire - http-outgoing-2 << "HTTP/1.1 200 OK[\r][\n]"
11:45:45.761 [Test worker] DEBUG com.github.dockerjava.zerodep.shaded.org.apache.hc.client5.http.wire - http-outgoing-2 << "Api-Version: 1.41[\r][\n]"
11:45:45.761 [Test worker] DEBUG com.github.dockerjava.zerodep.shaded.org.apache.hc.client5.http.wire - http-outgoing-2 << "Content-Type: application/json[\r][\n]"
11:45:45.761 [Test worker] DEBUG com.github.dockerjava.zerodep.shaded.org.apache.hc.client5.http.wire - http-outgoing-2 << "Date: Mon, 26 Sep 2022 02:45:45 GMT[\r][\n]"
11:45:45.761 [Test worker] DEBUG com.github.dockerjava.zerodep.shaded.org.apache.hc.client5.http.wire - http-outgoing-2 << "Docker-Experimental: false[\r][\n]"
11:45:45.761 [Test worker] DEBUG com.github.dockerjava.zerodep.shaded.org.apache.hc.client5.http.wire - http-outgoing-2 << "Ostype: linux[\r][\n]"
11:45:45.761 [Test worker] DEBUG com.github.dockerjava.zerodep.shaded.org.apache.hc.client5.http.wire - http-outgoing-2 << "Server: Docker/20.10.11 (linux)[\r][\n]"
11:45:45.761 [Test worker] DEBUG com.github.dockerjava.zerodep.shaded.org.apache.hc.client5.http.wire - http-outgoing-2 << "Transfer-Encoding: chunked[\r][\n]"
11:45:45.761 [Test worker] DEBUG com.github.dockerjava.zerodep.shaded.org.apache.hc.client5.http.wire - http-outgoing-2 << "[\r][\n]"
11:45:45.761 [Test worker] DEBUG com.github.dockerjava.zerodep.shaded.org.apache.hc.client5.http.headers - http-outgoing-2 << HTTP/1.1 200 OK
11:45:45.761 [Test worker] DEBUG com.github.dockerjava.zerodep.shaded.org.apache.hc.client5.http.headers - http-outgoing-2 << Api-Version: 1.41
11:45:45.761 [Test worker] DEBUG com.github.dockerjava.zerodep.shaded.org.apache.hc.client5.http.headers - http-outgoing-2 << Content-Type: application/json
11:45:45.761 [Test worker] DEBUG com.github.dockerjava.zerodep.shaded.org.apache.hc.client5.http.headers - http-outgoing-2 << Date: Mon, 26 Sep 2022 02:45:45 GMT
11:45:45.761 [Test worker] DEBUG com.github.dockerjava.zerodep.shaded.org.apache.hc.client5.http.headers - http-outgoing-2 << Docker-Experimental: false
11:45:45.761 [Test worker] DEBUG com.github.dockerjava.zerodep.shaded.org.apache.hc.client5.http.headers - http-outgoing-2 << Ostype: linux
11:45:45.761 [Test worker] DEBUG com.github.dockerjava.zerodep.shaded.org.apache.hc.client5.http.headers - http-outgoing-2 << Server: Docker/20.10.11 (linux)
11:45:45.761 [Test worker] DEBUG com.github.dockerjava.zerodep.shaded.org.apache.hc.client5.http.headers - http-outgoing-2 << Transfer-Encoding: chunked
11:45:45.761 [Test worker] DEBUG com.github.dockerjava.zerodep.shaded.org.apache.hc.client5.http.impl.classic.MainClientExec - ex-0000005F: connection can be kept alive for 3 MINUTES
11:45:45.761 [Test worker] DEBUG com.github.dockerjava.zerodep.shaded.org.apache.hc.client5.http.wire - http-outgoing-2 << "1882[\r][\n]"
11:45:45.761 [Test worker] DEBUG com.github.dockerjava.zerodep.shaded.org.apache.hc.client5.http.wire - http-outgoing-2 << "{"Id":"47a7ce05e61aa72bdced5a030ca6064519c62d122a5992816f04e0e528b5b17d","Created":"2022-09-26T02:45:36.042081626Z","Path":"docker-entrypoint.sh","Args":["mysqld"],"State":{"Status":"running","Running":true,"Paused":false,"Restarting":false,"OOMKilled":false,"Dead":false,"Pid":2251,"ExitCode":0,"Error":"","StartedAt":"2022-09-26T02:45:36.388226668Z","FinishedAt":"0001-01-01T00:00:00Z"},"Image":"sha256:5e229524f286e653111cb9d028bf1ba4c3490742c8cd18c84af22538f0e68575","ResolvConfPath":"/var/lib/docker/containers/47a7ce05e61aa72bdced5a030ca6064519c62d122a5992816f04e0e528b5b17d/resolv.conf","HostnamePath":"/var/lib/docker/containers/47a7ce05e61aa72bdced5a030ca6064519c62d122a5992816f04e0e528b5b17d/hostname","HostsPath":"/var/lib/docker/containers/47a7ce05e61aa72bdced5a030ca6064519c62d122a5992816f04e0e528b5b17d/hosts","LogPath":"/var/lib/docker/containers/47a7ce05e61aa72bdced5a030ca6064519c62d122a5992816f04e0e528b5b17d/47a7ce05e61aa72bdced5a030ca6064519c62d122a5992816f04e0e528b5b17d-json.log","Name":"/crazy_chaum","RestartCount":0,"Driver":"overlay2","Platform":"linux","MountLabel":"","ProcessLabel":"","AppArmorProfile":"","ExecIDs":null,"HostConfig":{"Binds":[],"ContainerIDFile":"","LogConfig":{"Type":"json-file","Config":{}},"NetworkMode":"default","PortBindings":{"3306/tcp":[{"HostIp":"0.0.0.0","HostPort":"0"}]},"RestartPolicy":{"Name":"","MaximumRetryCount":0},"AutoRemove":false,"VolumeDriver":"","VolumesFrom":[],"CapAdd":null,"CapDrop":null,"CgroupnsMode":"private","Dns":null,"DnsOptions":null,"DnsSearch":null,"ExtraHosts":[],"GroupAdd":null,"IpcMode":"shareable","Cgroup":"","Links":null,"OomScoreAdj":0,"PidMode":"","Privileged":false,"PublishAllPorts":false,"ReadonlyRootfs":false,"SecurityOpt":null,"UTSMode":"","UsernsMode":"","ShmSize":67108864,"Runtime":"runc","ConsoleSize":[0,0],"Isolation":"","CpuShares":0,"Memory":0,"NanoCpus":0,"CgroupParent":"","BlkioWeight":0,"BlkioWeightDevice":null,"BlkioDeviceReadBps":null,"BlkioDeviceWriteBps":null,"BlkioDeviceReadIOps":null,"BlkioDeviceWriteIOps":null,"CpuPeriod":0,"CpuQuota":0,"CpuRealtimePeriod":0,"CpuRealtimeRuntime":0,"CpusetCpus":"","CpusetMems":"","Devices":null,"DeviceCgroupRules":null,"DeviceRequests":null,"KernelMemory":0,"KernelMemoryTCP":0,"MemoryReservation":0,"MemorySwap":0,"MemorySwappiness":null,"OomKillDisable":null,"PidsLimit":null,"Ulimits":null,"CpuCount":0,"CpuPercent":0,"IOMaximumIOps":0,"IOMaximumBandwidth":0,"MaskedPaths":["/proc/asound","/proc/acpi","/proc/kcore","/proc/keys","/proc/latency_stats","/proc/timer_list","/proc/timer_stats","/proc/sched_debug","/proc/scsi","/sys/firmware"],"ReadonlyPaths":["/proc/bus","/proc/fs","/proc/irq","/proc/sys","/proc/sysrq-trigger"]},"GraphDriver":{"Data":{"LowerDir":"/var/lib/docker/overlay2/45da4782eb6c4075fef21a16271836d62c4e4726b16ef4c5ea199d4e626bdb39-init/diff:/var/lib/docker/overlay2/27a623f1ab748258e017a40f339844ef533377092bad4182aa320e9399893e13/diff:/var/lib/docker/overlay2/d7c1e4de558b6bbbdc3209a51fc73295262b5271709fe659d0e2e94f626eea74/diff:/var/lib/docker/overlay2/2df554f793c3600571e2f078ad2e20025d6b2e35f3d18881ead4f70e2cc26cb8/diff:/var/lib/docker/overlay2/feb23515577245ad51a24945de1e6bab842929569da912a2b4a33a48c6c2331f/diff:/var/lib/docker/overlay2/cc2cdbce154e19d9c4f376917b6c92ebd55b0b495124ffd2c9d7e9c82b6a95f9/diff:/var/lib/docker/overlay2/968467fe01280f82d26487386f320a15000815d63000d5ec89b47acca8f77ef2/diff:/var/lib/docker/overlay2/cc59daa314bbcaec43d6cd4064c7863b4b3976b989121dcf2e32c4710281f247/diff:/var/lib/docker/overlay2/dc5d8b1cf96cfd5d96d68fbed14248edf1244c1a4669ba07b0bab7f3d782f058/diff:/var/lib/docker/overlay2/dcca184158d696706cd99e62ffa3e5c42964eb57190bef35421cdf3f83a8c130/diff:/var/lib/docker/overlay2/a7f928596da67ce59f34b0ba4cee4a3b948b94f91ad0b0b6260dc54fb9b5a048/diff:/var/lib/docker/overlay2/6ac5adbfff6202b1faa13a2a2fd92625bdda668cdac1a1d2230becbb394e569f/diff","MergedDir":"/var/lib/docker/overlay2/45da4782eb6c4075fef21a16271836d62c4e4726b16ef4c5ea199d4e626bdb39/merged","UpperDir":"/var/lib/docker/overlay2/45da4782eb6c4075fef21a16271836d62c4e4726b16ef4c5ea199d4e626bdb39/diff","WorkDir":"/var/lib/docker/overlay2/45da4782eb6c4075fef21a16271836d62c4e4726b16ef4c5ea199d4e626bdb39/work"},"Name":"overlay2"},"Mounts":[{"Type":"volume","Name":"08668a73464516d2c615e247a561222f461f2385cff5615e53cc78e96456230c","Source":"/var/lib/docker/volumes/08668a73464516d2c615e247a561222f461f2385cff5615e53cc78e96456230c/_data","Destination":"/var/lib/mysql","Driver":"local","Mode":"","RW":true,"Propagation":""}],"Config":{"Hostname":"47a7ce05e61a","Domainname":"","User":"","AttachStdin":false,"AttachStdout":false,"AttachStderr":false,"ExposedPorts":{"3306/tcp":{},"33060/tcp":{}},"Tty":false,"OpenStdin":false,"StdinOnce":false,"Env":["MYSQL_DATABASE=lotification","MYSQL_PASSWORD=1234","MYSQL_USER=admin","MYSQL_ROOT_PASSWORD=1234","PATH=/usr/local/sbin:/usr/local/bin:/usr/sbin:/usr/bin:/sbin:/bin","GOSU_VERSION=1.14","MYSQL_MAJOR=8.0","MYSQL_VERSION=8.0.30-1.el8","MYSQL_SHELL_VERSION=8.0.30-1.el8"],"Cmd":["mysqld"],"Image":"mysql:8","Volumes":{"/var/lib/mysql":{}},"WorkingDir":"","Entrypoint":["docker-entrypoint.sh"],"OnBuild":null,"Labels":{"org.testcontainers":"true","org.testcontainers.sessionId":"c5b4bded-8a7b-4309-a94c-5bb153977152"}},"NetworkSettings":{"Bridge":"","SandboxID":"c87f478ec31081a2fc02a6d53fa5addc8f61962dea8dd5c17c1c641e1a25e99b","HairpinMode":false,"LinkLocalIPv6Address":"","LinkLocalIPv6PrefixLen":0,"Ports":{"3306/tcp":[{"HostIp":"0.0.0.0","HostPort":"63346"}],"33060/tcp":null},"SandboxKey":"/var/run/docker/netns/c87f478ec310","SecondaryIPAddresses":null,"SecondaryIPv6Addresses":null,"EndpointID":"7830774c518a6ae45bc93e5b48bd99e8a609aa29230b007326fa87b5ca32567f","Gateway":"172.17.0.1","GlobalIPv6Address":"","GlobalIPv6PrefixLen":0,"IPAddress":"172.17.0.4","IPPrefixLen":16,"IPv6Gateway":"","MacAddress":"02:42:ac:11:00:04","Networks":{"bridge":{"IPAMConfig":null,"Links":null,"Aliases":null,"NetworkID":"42b943ace1ba272d06317befbba08f853c5a08f211a0bdf3660599ced98f9c17","EndpointID":"7830774c518a6ae45bc93e5b48bd99e8a609aa29230b007326fa87b5ca32567f","Gateway":"172.17.0.1","IPAddress":"172.17.0.4","IPPrefixLen":16,"IPv6Gateway":"","GlobalIPv6Address":"","GlobalIPv6PrefixLen":0,"MacAddress":"02:42:ac:11:00:04","DriverOpts":null}}}}[\n]"
11:45:45.761 [Test worker] DEBUG com.github.dockerjava.zerodep.shaded.org.apache.hc.client5.http.wire - http-outgoing-2 << "[\r][\n]"
11:45:45.762 [Test worker] DEBUG com.github.dockerjava.zerodep.shaded.org.apache.hc.client5.http.wire - http-outgoing-2 << "0[\r][\n]"
11:45:45.762 [Test worker] DEBUG com.github.dockerjava.zerodep.shaded.org.apache.hc.client5.http.wire - http-outgoing-2 << "[\r][\n]"
11:45:45.762 [Test worker] DEBUG com.github.dockerjava.zerodep.shaded.org.apache.hc.client5.http.impl.classic.InternalHttpClient - ep-0000005E: releasing valid endpoint
11:45:45.762 [Test worker] DEBUG com.github.dockerjava.zerodep.shaded.org.apache.hc.client5.http.impl.io.PoolingHttpClientConnectionManager - ep-0000005E: releasing endpoint
11:45:45.762 [Test worker] DEBUG com.github.dockerjava.zerodep.shaded.org.apache.hc.client5.http.impl.io.PoolingHttpClientConnectionManager - ep-0000005E: connection http-outgoing-2 can be kept alive for 3 MINUTES
11:45:45.762 [Test worker] DEBUG com.github.dockerjava.zerodep.shaded.org.apache.hc.client5.http.impl.io.PoolingHttpClientConnectionManager - ep-0000005E: connection released [route: {}->unix://localhost:2375][total available: 1; route allocated: 1 of 2147483647; total allocated: 1 of 2147483647]
11:45:45.762 [Test worker] DEBUG ]]>&#x1f433;<![CDATA[ [mysql:8] - Trying to create JDBC connection using com.mysql.cj.jdbc.Driver to jdbc:mysql://localhost:63346/lotification?useSSL=false&allowPublicKeyRetrieval=true with properties: {password=1234, user=admin}
11:45:45.872 [Test worker] DEBUG org.testcontainers.shaded.com.github.dockerjava.core.command.AbstrDockerCmd - Cmd: 47a7ce05e61aa72bdced5a030ca6064519c62d122a5992816f04e0e528b5b17d,false
11:45:45.872 [Test worker] DEBUG org.testcontainers.shaded.com.github.dockerjava.core.exec.InspectContainerCmdExec - GET: DefaultWebTarget{path=[/containers/47a7ce05e61aa72bdced5a030ca6064519c62d122a5992816f04e0e528b5b17d/json], queryParams={}}
11:45:45.873 [Test worker] DEBUG com.github.dockerjava.zerodep.shaded.org.apache.hc.client5.http.impl.classic.InternalHttpClient - ex-00000060: preparing request execution
11:45:45.873 [Test worker] DEBUG com.github.dockerjava.zerodep.shaded.org.apache.hc.client5.http.protocol.RequestAddCookies - Cookie spec selected: strict
11:45:45.873 [Test worker] DEBUG com.github.dockerjava.zerodep.shaded.org.apache.hc.client5.http.protocol.RequestAuthCache - Auth cache not set in the context
11:45:45.873 [Test worker] DEBUG com.github.dockerjava.zerodep.shaded.org.apache.hc.client5.http.impl.classic.ProtocolExec - ex-00000060: target auth state: UNCHALLENGED
11:45:45.873 [Test worker] DEBUG com.github.dockerjava.zerodep.shaded.org.apache.hc.client5.http.impl.classic.ProtocolExec - ex-00000060: proxy auth state: UNCHALLENGED
11:45:45.873 [Test worker] DEBUG com.github.dockerjava.zerodep.shaded.org.apache.hc.client5.http.impl.classic.ConnectExec - ex-00000060: acquiring connection with route {}->unix://localhost:2375
11:45:45.873 [Test worker] DEBUG com.github.dockerjava.zerodep.shaded.org.apache.hc.client5.http.impl.classic.InternalHttpClient - ex-00000060: acquiring endpoint (3 MINUTES)
11:45:45.873 [Test worker] DEBUG com.github.dockerjava.zerodep.shaded.org.apache.hc.client5.http.impl.io.PoolingHttpClientConnectionManager - ex-00000060: endpoint lease request (3 MINUTES) [route: {}->unix://localhost:2375][total available: 1; route allocated: 1 of 2147483647; total allocated: 1 of 2147483647]
11:45:45.873 [Test worker] DEBUG com.github.dockerjava.zerodep.shaded.org.apache.hc.client5.http.impl.io.PoolingHttpClientConnectionManager - ex-00000060: endpoint leased [route: {}->unix://localhost:2375][total available: 0; route allocated: 1 of 2147483647; total allocated: 1 of 2147483647]
11:45:45.873 [Test worker] DEBUG com.github.dockerjava.zerodep.shaded.org.apache.hc.client5.http.impl.io.PoolingHttpClientConnectionManager - ex-00000060: acquired ep-0000005F
11:45:45.873 [Test worker] DEBUG com.github.dockerjava.zerodep.shaded.org.apache.hc.client5.http.impl.classic.InternalHttpClient - ex-00000060: acquired endpoint ep-0000005F
11:45:45.873 [Test worker] DEBUG com.github.dockerjava.zerodep.shaded.org.apache.hc.client5.http.impl.classic.MainClientExec - ex-00000060: executing GET /v1.32/containers/47a7ce05e61aa72bdced5a030ca6064519c62d122a5992816f04e0e528b5b17d/json HTTP/1.1
11:45:45.873 [Test worker] DEBUG com.github.dockerjava.zerodep.shaded.org.apache.hc.client5.http.impl.classic.InternalHttpClient - ep-0000005F: start execution ex-00000060
11:45:45.873 [Test worker] DEBUG com.github.dockerjava.zerodep.shaded.org.apache.hc.client5.http.impl.io.PoolingHttpClientConnectionManager - ep-0000005F: executing exchange ex-00000060 over http-outgoing-2
11:45:45.873 [Test worker] DEBUG com.github.dockerjava.zerodep.shaded.org.apache.hc.client5.http.headers - http-outgoing-2 >> GET /v1.32/containers/47a7ce05e61aa72bdced5a030ca6064519c62d122a5992816f04e0e528b5b17d/json HTTP/1.1
11:45:45.873 [Test worker] DEBUG com.github.dockerjava.zerodep.shaded.org.apache.hc.client5.http.headers - http-outgoing-2 >> accept: application/json
11:45:45.873 [Test worker] DEBUG com.github.dockerjava.zerodep.shaded.org.apache.hc.client5.http.headers - http-outgoing-2 >> x-tc-sid: c5b4bded-8a7b-4309-a94c-5bb153977152
11:45:45.873 [Test worker] DEBUG com.github.dockerjava.zerodep.shaded.org.apache.hc.client5.http.headers - http-outgoing-2 >> Accept-Encoding: gzip, x-gzip, deflate
11:45:45.873 [Test worker] DEBUG com.github.dockerjava.zerodep.shaded.org.apache.hc.client5.http.headers - http-outgoing-2 >> Host: localhost:2375
11:45:45.873 [Test worker] DEBUG com.github.dockerjava.zerodep.shaded.org.apache.hc.client5.http.headers - http-outgoing-2 >> Connection: keep-alive
11:45:45.873 [Test worker] DEBUG com.github.dockerjava.zerodep.shaded.org.apache.hc.client5.http.headers - http-outgoing-2 >> User-Agent: Apache-HttpClient/5.0.3 (Java/17.0.3)
11:45:45.873 [Test worker] DEBUG com.github.dockerjava.zerodep.shaded.org.apache.hc.client5.http.wire - http-outgoing-2 >> "GET /v1.32/containers/47a7ce05e61aa72bdced5a030ca6064519c62d122a5992816f04e0e528b5b17d/json HTTP/1.1[\r][\n]"
11:45:45.873 [Test worker] DEBUG com.github.dockerjava.zerodep.shaded.org.apache.hc.client5.http.wire - http-outgoing-2 >> "accept: application/json[\r][\n]"
11:45:45.873 [Test worker] DEBUG com.github.dockerjava.zerodep.shaded.org.apache.hc.client5.http.wire - http-outgoing-2 >> "x-tc-sid: c5b4bded-8a7b-4309-a94c-5bb153977152[\r][\n]"
11:45:45.873 [Test worker] DEBUG com.github.dockerjava.zerodep.shaded.org.apache.hc.client5.http.wire - http-outgoing-2 >> "Accept-Encoding: gzip, x-gzip, deflate[\r][\n]"
11:45:45.873 [Test worker] DEBUG com.github.dockerjava.zerodep.shaded.org.apache.hc.client5.http.wire - http-outgoing-2 >> "Host: localhost:2375[\r][\n]"
11:45:45.873 [Test worker] DEBUG com.github.dockerjava.zerodep.shaded.org.apache.hc.client5.http.wire - http-outgoing-2 >> "Connection: keep-alive[\r][\n]"
11:45:45.873 [Test worker] DEBUG com.github.dockerjava.zerodep.shaded.org.apache.hc.client5.http.wire - http-outgoing-2 >> "User-Agent: Apache-HttpClient/5.0.3 (Java/17.0.3)[\r][\n]"
11:45:45.873 [Test worker] DEBUG com.github.dockerjava.zerodep.shaded.org.apache.hc.client5.http.wire - http-outgoing-2 >> "[\r][\n]"
11:45:45.890 [Test worker] DEBUG com.github.dockerjava.zerodep.shaded.org.apache.hc.client5.http.wire - http-outgoing-2 << "HTTP/1.1 200 OK[\r][\n]"
11:45:45.890 [Test worker] DEBUG com.github.dockerjava.zerodep.shaded.org.apache.hc.client5.http.wire - http-outgoing-2 << "Api-Version: 1.41[\r][\n]"
11:45:45.890 [Test worker] DEBUG com.github.dockerjava.zerodep.shaded.org.apache.hc.client5.http.wire - http-outgoing-2 << "Content-Type: application/json[\r][\n]"
11:45:45.890 [Test worker] DEBUG com.github.dockerjava.zerodep.shaded.org.apache.hc.client5.http.wire - http-outgoing-2 << "Date: Mon, 26 Sep 2022 02:45:45 GMT[\r][\n]"
11:45:45.890 [Test worker] DEBUG com.github.dockerjava.zerodep.shaded.org.apache.hc.client5.http.wire - http-outgoing-2 << "Docker-Experimental: false[\r][\n]"
11:45:45.890 [Test worker] DEBUG com.github.dockerjava.zerodep.shaded.org.apache.hc.client5.http.wire - http-outgoing-2 << "Ostype: linux[\r][\n]"
11:45:45.890 [Test worker] DEBUG com.github.dockerjava.zerodep.shaded.org.apache.hc.client5.http.wire - http-outgoing-2 << "Server: Docker/20.10.11 (linux)[\r][\n]"
11:45:45.890 [Test worker] DEBUG com.github.dockerjava.zerodep.shaded.org.apache.hc.client5.http.wire - http-outgoing-2 << "Transfer-Encoding: chunked[\r][\n]"
11:45:45.890 [Test worker] DEBUG com.github.dockerjava.zerodep.shaded.org.apache.hc.client5.http.wire - http-outgoing-2 << "[\r][\n]"
11:45:45.890 [Test worker] DEBUG com.github.dockerjava.zerodep.shaded.org.apache.hc.client5.http.headers - http-outgoing-2 << HTTP/1.1 200 OK
11:45:45.890 [Test worker] DEBUG com.github.dockerjava.zerodep.shaded.org.apache.hc.client5.http.headers - http-outgoing-2 << Api-Version: 1.41
11:45:45.890 [Test worker] DEBUG com.github.dockerjava.zerodep.shaded.org.apache.hc.client5.http.headers - http-outgoing-2 << Content-Type: application/json
11:45:45.890 [Test worker] DEBUG com.github.dockerjava.zerodep.shaded.org.apache.hc.client5.http.headers - http-outgoing-2 << Date: Mon, 26 Sep 2022 02:45:45 GMT
11:45:45.890 [Test worker] DEBUG com.github.dockerjava.zerodep.shaded.org.apache.hc.client5.http.headers - http-outgoing-2 << Docker-Experimental: false
11:45:45.890 [Test worker] DEBUG com.github.dockerjava.zerodep.shaded.org.apache.hc.client5.http.headers - http-outgoing-2 << Ostype: linux
11:45:45.890 [Test worker] DEBUG com.github.dockerjava.zerodep.shaded.org.apache.hc.client5.http.headers - http-outgoing-2 << Server: Docker/20.10.11 (linux)
11:45:45.890 [Test worker] DEBUG com.github.dockerjava.zerodep.shaded.org.apache.hc.client5.http.headers - http-outgoing-2 << Transfer-Encoding: chunked
11:45:45.890 [Test worker] DEBUG com.github.dockerjava.zerodep.shaded.org.apache.hc.client5.http.impl.classic.MainClientExec - ex-00000060: connection can be kept alive for 3 MINUTES
11:45:45.891 [Test worker] DEBUG com.github.dockerjava.zerodep.shaded.org.apache.hc.client5.http.wire - http-outgoing-2 << "1882[\r][\n]"
11:45:45.891 [Test worker] DEBUG com.github.dockerjava.zerodep.shaded.org.apache.hc.client5.http.wire - http-outgoing-2 << "{"Id":"47a7ce05e61aa72bdced5a030ca6064519c62d122a5992816f04e0e528b5b17d","Created":"2022-09-26T02:45:36.042081626Z","Path":"docker-entrypoint.sh","Args":["mysqld"],"State":{"Status":"running","Running":true,"Paused":false,"Restarting":false,"OOMKilled":false,"Dead":false,"Pid":2251,"ExitCode":0,"Error":"","StartedAt":"2022-09-26T02:45:36.388226668Z","FinishedAt":"0001-01-01T00:00:00Z"},"Image":"sha256:5e229524f286e653111cb9d028bf1ba4c3490742c8cd18c84af22538f0e68575","ResolvConfPath":"/var/lib/docker/containers/47a7ce05e61aa72bdced5a030ca6064519c62d122a5992816f04e0e528b5b17d/resolv.conf","HostnamePath":"/var/lib/docker/containers/47a7ce05e61aa72bdced5a030ca6064519c62d122a5992816f04e0e528b5b17d/hostname","HostsPath":"/var/lib/docker/containers/47a7ce05e61aa72bdced5a030ca6064519c62d122a5992816f04e0e528b5b17d/hosts","LogPath":"/var/lib/docker/containers/47a7ce05e61aa72bdced5a030ca6064519c62d122a5992816f04e0e528b5b17d/47a7ce05e61aa72bdced5a030ca6064519c62d122a5992816f04e0e528b5b17d-json.log","Name":"/crazy_chaum","RestartCount":0,"Driver":"overlay2","Platform":"linux","MountLabel":"","ProcessLabel":"","AppArmorProfile":"","ExecIDs":null,"HostConfig":{"Binds":[],"ContainerIDFile":"","LogConfig":{"Type":"json-file","Config":{}},"NetworkMode":"default","PortBindings":{"3306/tcp":[{"HostIp":"0.0.0.0","HostPort":"0"}]},"RestartPolicy":{"Name":"","MaximumRetryCount":0},"AutoRemove":false,"VolumeDriver":"","VolumesFrom":[],"CapAdd":null,"CapDrop":null,"CgroupnsMode":"private","Dns":null,"DnsOptions":null,"DnsSearch":null,"ExtraHosts":[],"GroupAdd":null,"IpcMode":"shareable","Cgroup":"","Links":null,"OomScoreAdj":0,"PidMode":"","Privileged":false,"PublishAllPorts":false,"ReadonlyRootfs":false,"SecurityOpt":null,"UTSMode":"","UsernsMode":"","ShmSize":67108864,"Runtime":"runc","ConsoleSize":[0,0],"Isolation":"","CpuShares":0,"Memory":0,"NanoCpus":0,"CgroupParent":"","BlkioWeight":0,"BlkioWeightDevice":null,"BlkioDeviceReadBps":null,"BlkioDeviceWriteBps":null,"BlkioDeviceReadIOps":null,"BlkioDeviceWriteIOps":null,"CpuPeriod":0,"CpuQuota":0,"CpuRealtimePeriod":0,"CpuRealtimeRuntime":0,"CpusetCpus":"","CpusetMems":"","Devices":null,"DeviceCgroupRules":null,"DeviceRequests":null,"KernelMemory":0,"KernelMemoryTCP":0,"MemoryReservation":0,"MemorySwap":0,"MemorySwappiness":null,"OomKillDisable":null,"PidsLimit":null,"Ulimits":null,"CpuCount":0,"CpuPercent":0,"IOMaximumIOps":0,"IOMaximumBandwidth":0,"MaskedPaths":["/proc/asound","/proc/acpi","/proc/kcore","/proc/keys","/proc/latency_stats","/proc/timer_list","/proc/timer_stats","/proc/sched_debug","/proc/scsi","/sys/firmware"],"ReadonlyPaths":["/proc/bus","/proc/fs","/proc/irq","/proc/sys","/proc/sysrq-trigger"]},"GraphDriver":{"Data":{"LowerDir":"/var/lib/docker/overlay2/45da4782eb6c4075fef21a16271836d62c4e4726b16ef4c5ea199d4e626bdb39-init/diff:/var/lib/docker/overlay2/27a623f1ab748258e017a40f339844ef533377092bad4182aa320e9399893e13/diff:/var/lib/docker/overlay2/d7c1e4de558b6bbbdc3209a51fc73295262b5271709fe659d0e2e94f626eea74/diff:/var/lib/docker/overlay2/2df554f793c3600571e2f078ad2e20025d6b2e35f3d18881ead4f70e2cc26cb8/diff:/var/lib/docker/overlay2/feb23515577245ad51a24945de1e6bab842929569da912a2b4a33a48c6c2331f/diff:/var/lib/docker/overlay2/cc2cdbce154e19d9c4f376917b6c92ebd55b0b495124ffd2c9d7e9c82b6a95f9/diff:/var/lib/docker/overlay2/968467fe01280f82d26487386f320a15000815d63000d5ec89b47acca8f77ef2/diff:/var/lib/docker/overlay2/cc59daa314bbcaec43d6cd4064c7863b4b3976b989121dcf2e32c4710281f247/diff:/var/lib/docker/overlay2/dc5d8b1cf96cfd5d96d68fbed14248edf1244c1a4669ba07b0bab7f3d782f058/diff:/var/lib/docker/overlay2/dcca184158d696706cd99e62ffa3e5c42964eb57190bef35421cdf3f83a8c130/diff:/var/lib/docker/overlay2/a7f928596da67ce59f34b0ba4cee4a3b948b94f91ad0b0b6260dc54fb9b5a048/diff:/var/lib/docker/overlay2/6ac5adbfff6202b1faa13a2a2fd92625bdda668cdac1a1d2230becbb394e569f/diff","MergedDir":"/var/lib/docker/overlay2/45da4782eb6c4075fef21a16271836d62c4e4726b16ef4c5ea199d4e626bdb39/merged","UpperDir":"/var/lib/docker/overlay2/45da4782eb6c4075fef21a16271836d62c4e4726b16ef4c5ea199d4e626bdb39/diff","WorkDir":"/var/lib/docker/overlay2/45da4782eb6c4075fef21a16271836d62c4e4726b16ef4c5ea199d4e626bdb39/work"},"Name":"overlay2"},"Mounts":[{"Type":"volume","Name":"08668a73464516d2c615e247a561222f461f2385cff5615e53cc78e96456230c","Source":"/var/lib/docker/volumes/08668a73464516d2c615e247a561222f461f2385cff5615e53cc78e96456230c/_data","Destination":"/var/lib/mysql","Driver":"local","Mode":"","RW":true,"Propagation":""}],"Config":{"Hostname":"47a7ce05e61a","Domainname":"","User":"","AttachStdin":false,"AttachStdout":false,"AttachStderr":false,"ExposedPorts":{"3306/tcp":{},"33060/tcp":{}},"Tty":false,"OpenStdin":false,"StdinOnce":false,"Env":["MYSQL_DATABASE=lotification","MYSQL_PASSWORD=1234","MYSQL_USER=admin","MYSQL_ROOT_PASSWORD=1234","PATH=/usr/local/sbin:/usr/local/bin:/usr/sbin:/usr/bin:/sbin:/bin","GOSU_VERSION=1.14","MYSQL_MAJOR=8.0","MYSQL_VERSION=8.0.30-1.el8","MYSQL_SHELL_VERSION=8.0.30-1.el8"],"Cmd":["mysqld"],"Image":"mysql:8","Volumes":{"/var/lib/mysql":{}},"WorkingDir":"","Entrypoint":["docker-entrypoint.sh"],"OnBuild":null,"Labels":{"org.testcontainers":"true","org.testcontainers.sessionId":"c5b4bded-8a7b-4309-a94c-5bb153977152"}},"NetworkSettings":{"Bridge":"","SandboxID":"c87f478ec31081a2fc02a6d53fa5addc8f61962dea8dd5c17c1c641e1a25e99b","HairpinMode":false,"LinkLocalIPv6Address":"","LinkLocalIPv6PrefixLen":0,"Ports":{"3306/tcp":[{"HostIp":"0.0.0.0","HostPort":"63346"}],"33060/tcp":null},"SandboxKey":"/var/run/docker/netns/c87f478ec310","SecondaryIPAddresses":null,"SecondaryIPv6Addresses":null,"EndpointID":"7830774c518a6ae45bc93e5b48bd99e8a609aa29230b007326fa87b5ca32567f","Gateway":"172.17.0.1","GlobalIPv6Address":"","GlobalIPv6PrefixLen":0,"IPAddress":"172.17.0.4","IPPrefixLen":16,"IPv6Gateway":"","MacAddress":"02:42:ac:11:00:04","Networks":{"bridge":{"IPAMConfig":null,"Links":null,"Aliases":null,"NetworkID":"42b943ace1ba272d06317befbba08f853c5a08f211a0bdf3660599ced98f9c17","EndpointID":"7830774c518a6ae45bc93e5b48bd99e8a609aa29230b007326fa87b5ca32567f","Gateway":"172.17.0.1","IPAddress":"172.17.0.4","IPPrefixLen":16,"IPv6Gateway":"","GlobalIPv6Address":"","GlobalIPv6PrefixLen":0,"MacAddress":"02:42:ac:11:00:04","DriverOpts":null}}}}[\n]"
11:45:45.891 [Test worker] DEBUG com.github.dockerjava.zerodep.shaded.org.apache.hc.client5.http.wire - http-outgoing-2 << "[\r][\n]"
11:45:45.892 [Test worker] DEBUG com.github.dockerjava.zerodep.shaded.org.apache.hc.client5.http.wire - http-outgoing-2 << "0[\r][\n]"
11:45:45.892 [Test worker] DEBUG com.github.dockerjava.zerodep.shaded.org.apache.hc.client5.http.wire - http-outgoing-2 << "[\r][\n]"
11:45:45.892 [Test worker] DEBUG com.github.dockerjava.zerodep.shaded.org.apache.hc.client5.http.impl.classic.InternalHttpClient - ep-0000005F: releasing valid endpoint
11:45:45.892 [Test worker] DEBUG com.github.dockerjava.zerodep.shaded.org.apache.hc.client5.http.impl.io.PoolingHttpClientConnectionManager - ep-0000005F: releasing endpoint
11:45:45.892 [Test worker] DEBUG com.github.dockerjava.zerodep.shaded.org.apache.hc.client5.http.impl.io.PoolingHttpClientConnectionManager - ep-0000005F: connection http-outgoing-2 can be kept alive for 3 MINUTES
11:45:45.892 [Test worker] DEBUG com.github.dockerjava.zerodep.shaded.org.apache.hc.client5.http.impl.io.PoolingHttpClientConnectionManager - ep-0000005F: connection released [route: {}->unix://localhost:2375][total available: 1; route allocated: 1 of 2147483647; total allocated: 1 of 2147483647]
11:45:45.892 [Test worker] DEBUG ]]>&#x1f433;<![CDATA[ [mysql:8] - Trying to create JDBC connection using com.mysql.cj.jdbc.Driver to jdbc:mysql://localhost:63346/lotification?useSSL=false&allowPublicKeyRetrieval=true with properties: {password=1234, user=admin}
11:45:46.002 [Test worker] DEBUG org.testcontainers.shaded.com.github.dockerjava.core.command.AbstrDockerCmd - Cmd: 47a7ce05e61aa72bdced5a030ca6064519c62d122a5992816f04e0e528b5b17d,false
11:45:46.003 [Test worker] DEBUG org.testcontainers.shaded.com.github.dockerjava.core.exec.InspectContainerCmdExec - GET: DefaultWebTarget{path=[/containers/47a7ce05e61aa72bdced5a030ca6064519c62d122a5992816f04e0e528b5b17d/json], queryParams={}}
11:45:46.003 [Test worker] DEBUG com.github.dockerjava.zerodep.shaded.org.apache.hc.client5.http.impl.classic.InternalHttpClient - ex-00000061: preparing request execution
11:45:46.004 [Test worker] DEBUG com.github.dockerjava.zerodep.shaded.org.apache.hc.client5.http.protocol.RequestAddCookies - Cookie spec selected: strict
11:45:46.004 [Test worker] DEBUG com.github.dockerjava.zerodep.shaded.org.apache.hc.client5.http.protocol.RequestAuthCache - Auth cache not set in the context
11:45:46.004 [Test worker] DEBUG com.github.dockerjava.zerodep.shaded.org.apache.hc.client5.http.impl.classic.ProtocolExec - ex-00000061: target auth state: UNCHALLENGED
11:45:46.004 [Test worker] DEBUG com.github.dockerjava.zerodep.shaded.org.apache.hc.client5.http.impl.classic.ProtocolExec - ex-00000061: proxy auth state: UNCHALLENGED
11:45:46.004 [Test worker] DEBUG com.github.dockerjava.zerodep.shaded.org.apache.hc.client5.http.impl.classic.ConnectExec - ex-00000061: acquiring connection with route {}->unix://localhost:2375
11:45:46.004 [Test worker] DEBUG com.github.dockerjava.zerodep.shaded.org.apache.hc.client5.http.impl.classic.InternalHttpClient - ex-00000061: acquiring endpoint (3 MINUTES)
11:45:46.004 [Test worker] DEBUG com.github.dockerjava.zerodep.shaded.org.apache.hc.client5.http.impl.io.PoolingHttpClientConnectionManager - ex-00000061: endpoint lease request (3 MINUTES) [route: {}->unix://localhost:2375][total available: 1; route allocated: 1 of 2147483647; total allocated: 1 of 2147483647]
11:45:46.004 [Test worker] DEBUG com.github.dockerjava.zerodep.shaded.org.apache.hc.client5.http.impl.io.PoolingHttpClientConnectionManager - ex-00000061: endpoint leased [route: {}->unix://localhost:2375][total available: 0; route allocated: 1 of 2147483647; total allocated: 1 of 2147483647]
11:45:46.004 [Test worker] DEBUG com.github.dockerjava.zerodep.shaded.org.apache.hc.client5.http.impl.io.PoolingHttpClientConnectionManager - ex-00000061: acquired ep-00000060
11:45:46.004 [Test worker] DEBUG com.github.dockerjava.zerodep.shaded.org.apache.hc.client5.http.impl.classic.InternalHttpClient - ex-00000061: acquired endpoint ep-00000060
11:45:46.004 [Test worker] DEBUG com.github.dockerjava.zerodep.shaded.org.apache.hc.client5.http.impl.classic.MainClientExec - ex-00000061: executing GET /v1.32/containers/47a7ce05e61aa72bdced5a030ca6064519c62d122a5992816f04e0e528b5b17d/json HTTP/1.1
11:45:46.004 [Test worker] DEBUG com.github.dockerjava.zerodep.shaded.org.apache.hc.client5.http.impl.classic.InternalHttpClient - ep-00000060: start execution ex-00000061
11:45:46.004 [Test worker] DEBUG com.github.dockerjava.zerodep.shaded.org.apache.hc.client5.http.impl.io.PoolingHttpClientConnectionManager - ep-00000060: executing exchange ex-00000061 over http-outgoing-2
11:45:46.004 [Test worker] DEBUG com.github.dockerjava.zerodep.shaded.org.apache.hc.client5.http.headers - http-outgoing-2 >> GET /v1.32/containers/47a7ce05e61aa72bdced5a030ca6064519c62d122a5992816f04e0e528b5b17d/json HTTP/1.1
11:45:46.004 [Test worker] DEBUG com.github.dockerjava.zerodep.shaded.org.apache.hc.client5.http.headers - http-outgoing-2 >> accept: application/json
11:45:46.004 [Test worker] DEBUG com.github.dockerjava.zerodep.shaded.org.apache.hc.client5.http.headers - http-outgoing-2 >> x-tc-sid: c5b4bded-8a7b-4309-a94c-5bb153977152
11:45:46.004 [Test worker] DEBUG com.github.dockerjava.zerodep.shaded.org.apache.hc.client5.http.headers - http-outgoing-2 >> Accept-Encoding: gzip, x-gzip, deflate
11:45:46.004 [Test worker] DEBUG com.github.dockerjava.zerodep.shaded.org.apache.hc.client5.http.headers - http-outgoing-2 >> Host: localhost:2375
11:45:46.004 [Test worker] DEBUG com.github.dockerjava.zerodep.shaded.org.apache.hc.client5.http.headers - http-outgoing-2 >> Connection: keep-alive
11:45:46.004 [Test worker] DEBUG com.github.dockerjava.zerodep.shaded.org.apache.hc.client5.http.headers - http-outgoing-2 >> User-Agent: Apache-HttpClient/5.0.3 (Java/17.0.3)
11:45:46.004 [Test worker] DEBUG com.github.dockerjava.zerodep.shaded.org.apache.hc.client5.http.wire - http-outgoing-2 >> "GET /v1.32/containers/47a7ce05e61aa72bdced5a030ca6064519c62d122a5992816f04e0e528b5b17d/json HTTP/1.1[\r][\n]"
11:45:46.004 [Test worker] DEBUG com.github.dockerjava.zerodep.shaded.org.apache.hc.client5.http.wire - http-outgoing-2 >> "accept: application/json[\r][\n]"
11:45:46.004 [Test worker] DEBUG com.github.dockerjava.zerodep.shaded.org.apache.hc.client5.http.wire - http-outgoing-2 >> "x-tc-sid: c5b4bded-8a7b-4309-a94c-5bb153977152[\r][\n]"
11:45:46.004 [Test worker] DEBUG com.github.dockerjava.zerodep.shaded.org.apache.hc.client5.http.wire - http-outgoing-2 >> "Accept-Encoding: gzip, x-gzip, deflate[\r][\n]"
11:45:46.004 [Test worker] DEBUG com.github.dockerjava.zerodep.shaded.org.apache.hc.client5.http.wire - http-outgoing-2 >> "Host: localhost:2375[\r][\n]"
11:45:46.004 [Test worker] DEBUG com.github.dockerjava.zerodep.shaded.org.apache.hc.client5.http.wire - http-outgoing-2 >> "Connection: keep-alive[\r][\n]"
11:45:46.004 [Test worker] DEBUG com.github.dockerjava.zerodep.shaded.org.apache.hc.client5.http.wire - http-outgoing-2 >> "User-Agent: Apache-HttpClient/5.0.3 (Java/17.0.3)[\r][\n]"
11:45:46.004 [Test worker] DEBUG com.github.dockerjava.zerodep.shaded.org.apache.hc.client5.http.wire - http-outgoing-2 >> "[\r][\n]"
11:45:46.007 [Test worker] DEBUG com.github.dockerjava.zerodep.shaded.org.apache.hc.client5.http.wire - http-outgoing-2 << "HTTP/1.1 200 OK[\r][\n]"
11:45:46.007 [Test worker] DEBUG com.github.dockerjava.zerodep.shaded.org.apache.hc.client5.http.wire - http-outgoing-2 << "Api-Version: 1.41[\r][\n]"
11:45:46.007 [Test worker] DEBUG com.github.dockerjava.zerodep.shaded.org.apache.hc.client5.http.wire - http-outgoing-2 << "Content-Type: application/json[\r][\n]"
11:45:46.007 [Test worker] DEBUG com.github.dockerjava.zerodep.shaded.org.apache.hc.client5.http.wire - http-outgoing-2 << "Date: Mon, 26 Sep 2022 02:45:46 GMT[\r][\n]"
11:45:46.007 [Test worker] DEBUG com.github.dockerjava.zerodep.shaded.org.apache.hc.client5.http.wire - http-outgoing-2 << "Docker-Experimental: false[\r][\n]"
11:45:46.007 [Test worker] DEBUG com.github.dockerjava.zerodep.shaded.org.apache.hc.client5.http.wire - http-outgoing-2 << "Ostype: linux[\r][\n]"
11:45:46.007 [Test worker] DEBUG com.github.dockerjava.zerodep.shaded.org.apache.hc.client5.http.wire - http-outgoing-2 << "Server: Docker/20.10.11 (linux)[\r][\n]"
11:45:46.007 [Test worker] DEBUG com.github.dockerjava.zerodep.shaded.org.apache.hc.client5.http.wire - http-outgoing-2 << "Transfer-Encoding: chunked[\r][\n]"
11:45:46.007 [Test worker] DEBUG com.github.dockerjava.zerodep.shaded.org.apache.hc.client5.http.wire - http-outgoing-2 << "[\r][\n]"
11:45:46.007 [Test worker] DEBUG com.github.dockerjava.zerodep.shaded.org.apache.hc.client5.http.wire - http-outgoing-2 << "1882[\r][\n]"
11:45:46.007 [Test worker] DEBUG com.github.dockerjava.zerodep.shaded.org.apache.hc.client5.http.wire - http-outgoing-2 << "{"Id":"47a7ce05e61aa72bdced5a030ca6064519c62d122a5992816f04e0e528b5b17d","Created":"2022-09-26T02:45:36.042081626Z","Path":"docker-entrypoint.sh","Args":["mysqld"],"State":{"Status":"running","Running":true,"Paused":false,"Restarting":false,"OOMKilled":false,"Dead":false,"Pid":2251,"ExitCode":0,"Error":"","StartedAt":"2022-09-26T02:45:36.388226668Z","FinishedAt":"0001-01-01T00:00:00Z"},"Image":"sha256:5e229524f286e653111cb9d028bf1ba4c3490742c8cd18c84af22538f0e68575","ResolvConfPath":"/var/lib/docker/containers/47a7ce05e61aa72bdced5a030ca6064519c62d122a5992816f04e0e528b5b17d/resolv.conf","HostnamePath":"/var/lib/docker/containers/47a7ce05e61aa72bdced5a030ca6064519c62d122a5992816f04e0e528b5b17d/hostname","HostsPath":"/var/lib/docker/containers/47a7ce05e61aa72bdced5a030ca6064519c62d122a5992816f04e0e528b5b17d/hosts","LogPath":"/var/lib/docker/containers/47a7ce05e61aa72bdced5a030ca6064519c62d122a5992816f04e0e528b5b17d/47a7ce05e61aa72bdced5a030ca6064519c62d122a5992816f04e0e528b5b17d-json.log","Name":"/crazy_chaum","RestartCount":0,"Driver":"overlay2","Platform":"linux","MountLabel":"","ProcessLabel":"","AppArmorProfile":"","ExecIDs":null,"HostConfig":{"Binds":[],"ContainerIDFile":"","LogConfig":{"Type":"json-file","Config":{}},"NetworkMode":"default","PortBindings":{"3306/tcp":[{"HostIp":"0.0.0.0","HostPort":"0"}]},"RestartPolicy":{"Name":"","MaximumRetryCount":0},"AutoRemove":false,"VolumeDriver":"","VolumesFrom":[],"CapAdd":null,"CapDrop":null,"CgroupnsMode":"private","Dns":null,"DnsOptions":null,"DnsSearch":null,"ExtraHosts":[],"GroupAdd":null,"IpcMode":"shareable","Cgroup":"","Links":null,"OomScoreAdj":0,"PidMode":"","Privileged":false,"PublishAllPorts":false,"ReadonlyRootfs":false,"SecurityOpt":null,"UTSMode":"","UsernsMode":"","ShmSize":67108864,"Runtime":"runc","ConsoleSize":[0,0],"Isolation":"","CpuShares":0,"Memory":0,"NanoCpus":0,"CgroupParent":"","BlkioWeight":0,"BlkioWeightDevice":null,"BlkioDeviceReadBps":null,"BlkioDeviceWriteBps":null,"BlkioDeviceReadIOps":null,"BlkioDeviceWriteIOps":null,"CpuPeriod":0,"CpuQuota":0,"CpuRealtimePeriod":0,"CpuRealtimeRuntime":0,"CpusetCpus":"","CpusetMems":"","Devices":null,"DeviceCgroupRules":null,"DeviceRequests":null,"KernelMemory":0,"KernelMemoryTCP":0,"MemoryReservation":0,"MemorySwap":0,"MemorySwappiness":null,"OomKillDisable":null,"PidsLimit":null,"Ulimits":null,"CpuCount":0,"CpuPercent":0,"IOMaximumIOps":0,"IOMaximumBandwidth":0,"MaskedPaths":["/proc/asound","/proc/acpi","/proc/kcore","/proc/keys","/proc/latency_stats","/proc/timer_list","/proc/timer_stats","/proc/sched_debug","/proc/scsi","/sys/firmware"],"ReadonlyPaths":["/proc/bus","/proc/fs","/proc/irq","/proc/sys","/proc/sysrq-trigger"]},"GraphDriver":{"Data":{"LowerDir":"/var/lib/docker/overlay2/45da4782eb6c4075fef21a16271836d62c4e4726b16ef4c5ea199d4e626bdb39-init/diff:/var/lib/docker/overlay2/27a623f1ab748258e017a40f339844ef533377092bad4182aa320e9399893e13/diff:/var/lib/docker/overlay2/d7c1e4de558b6bbbdc3209a51fc73295262b5271709fe659d0e2e94f626eea74/diff:/var/lib/docker/overlay2/2df554f793c3600571e2f078ad2e20025d6b2e35f3d18881ead4f70e2cc26cb8/diff:/var/lib/docker/overlay2/feb23515577245ad51a24945de1e6bab842929569da912a2b4a33a48c6c2331f/diff:/var/lib/docker/overlay2/cc2cdbce154e19d9c4f376917b6c92ebd55b0b495124ffd2c9d7e9c82b6a95f9/diff:/var/lib/docker/overlay2/968467fe01280f82d26487386f320a15000815d63000d5ec89b47acca8f77ef2/diff:/var/lib/docker/overlay2/cc59daa314bbcaec43d6cd4064c7863b4b3976b989121dcf2e32c4710281f247/diff:/var/lib/docker/overlay2/dc5d8b1cf96cfd5d96d68fbed14248edf1244c1a4669ba07b0bab7f3d782f058/diff:/var/lib/docker/overlay2/dcca184158d696706cd99e62ffa3e5c42964eb57190bef35421cdf3f83a8c130/diff:/var/lib/docker/overlay2/a7f928596da67ce59f34b0ba4cee4a3b948b94f91ad0b0b6260dc54fb9b5a048/diff:/var/lib/docker/overlay2/6ac5adbfff6202b1faa13a2a2fd92625bdda668cdac1a1d2230becbb394e569f/diff","MergedDir":"/var/lib/docker/overlay2/45da4782eb6c4075fef21a16271836d62c4e4726b16ef4c5ea199d4e626bdb39/merged","UpperDir":"/var/lib/docker/overlay2/45da4782eb6c4075fef21a16271836d62c4e4726b16ef4c5ea199d4e626bdb39/diff","WorkDir":"/var/lib/docker/overlay2/45da4782eb6c4075fef21a16271836d62c4e4726b16ef4c5ea199d4e626bdb39/work"},"Name":"overlay2"},"Mounts":[{"Type":"volume","Name":"08668a73464516d2c615e247a561222f461f2385cff5615e53cc78e96456230c","Source":"/var/lib/docker/volumes/08668a73464516d2c615e247a561222f461f2385cff5615e53cc78e96456230c/_data","Destination":"/var/lib/mysql","Driver":"local","Mode":"","RW":true,"Propagation":""}],"Config":{"Hostname":"47a7ce05e61a","Domainname":"","User":"","AttachStdin":false,"AttachStdout":false,"AttachStderr":false,"ExposedPorts":{"3306/tcp":{},"33060/tcp":{}},"Tty":false,"OpenStdin":false,"StdinOnce":false,"Env":["MYSQL_DATABASE=lotification","MYSQL_PASSWORD=1234","MYSQL_USER=admin","MYSQL_ROOT_PASSWORD=1234","PATH=/usr/local/sbin:/usr/local/bin:/usr/sbin:/usr/bin:/sbin:/bin","GOSU_VERSION=1.14","MYSQL_MAJOR=8.0","MYSQL_VERSION=8.0.30-1.el8","MYSQL_SHELL_VERSION=8.0.30-1.el8"],"Cmd":["mysqld"],"Image":"mysql:8","Volumes":{"/var/lib/mysql":{}},"WorkingDir":"","Entrypoint":["docker-entrypoint.sh"],"OnBuild":null,"Labels":{"org.testcontainers":"true","org.testcontainers.sessionId":"c5b4bded-8a7b-4309-a94c-5bb153977152"}},"NetworkSettings":{"Bridge":"","SandboxID":"c87f478ec31081a2fc02a6d53fa5addc8f61962dea8dd5c17c1c641e1a25e99b","HairpinMode":false,"LinkLocalIPv6Address":"","LinkLocalIPv6PrefixLen":0,"Ports":{"3306/tcp":[{"HostIp":"0.0.0.0","HostPort":"63346"}],"33060/tcp":null},"SandboxKey":"/var/run/docker/netns/c87f478ec310","SecondaryIPAddresses":null,"SecondaryIPv6Addresses":null,"EndpointID":"7830774c518a6ae45bc93e5b48bd99e8a609aa29230b007326fa87b5ca32567f","Gateway":"172.17.0.1","GlobalIPv6Address":"","GlobalIPv6PrefixLen":0,"IPAddress":"172.17.0.4","IPPrefixLen":16,"IPv6Gateway":"","MacAddress":"02:42:ac:11:00:04","Networks":{"bridge":{"IPAMConfig":null,"Links":null,"Aliases":null,"NetworkID":"42b943ace1ba272d06317befbba08f853c5a08f211a0bdf3660599ced98f9c17","EndpointID":"7830774c518a6ae45bc93e5b48bd99e8a609aa29230b007326fa87b5ca32567f","Gateway":"172.17.0.1","IPAddress":"172.17.0.4","IPPrefixLen":16,"IPv6Gateway":"","GlobalIPv6Address":"","GlobalIPv6PrefixLen":0,"MacAddress":"02:42:ac:11:00:04","DriverOpts":null}}}}[\n]"
11:45:46.007 [Test worker] DEBUG com.github.dockerjava.zerodep.shaded.org.apache.hc.client5.http.wire - http-outgoing-2 << "[\r][\n]"
11:45:46.007 [Test worker] DEBUG com.github.dockerjava.zerodep.shaded.org.apache.hc.client5.http.wire - http-outgoing-2 << "0[\r][\n]"
11:45:46.007 [Test worker] DEBUG com.github.dockerjava.zerodep.shaded.org.apache.hc.client5.http.wire - http-outgoing-2 << "[\r][\n]"
11:45:46.008 [Test worker] DEBUG com.github.dockerjava.zerodep.shaded.org.apache.hc.client5.http.headers - http-outgoing-2 << HTTP/1.1 200 OK
11:45:46.008 [Test worker] DEBUG com.github.dockerjava.zerodep.shaded.org.apache.hc.client5.http.headers - http-outgoing-2 << Api-Version: 1.41
11:45:46.008 [Test worker] DEBUG com.github.dockerjava.zerodep.shaded.org.apache.hc.client5.http.headers - http-outgoing-2 << Content-Type: application/json
11:45:46.008 [Test worker] DEBUG com.github.dockerjava.zerodep.shaded.org.apache.hc.client5.http.headers - http-outgoing-2 << Date: Mon, 26 Sep 2022 02:45:46 GMT
11:45:46.008 [Test worker] DEBUG com.github.dockerjava.zerodep.shaded.org.apache.hc.client5.http.headers - http-outgoing-2 << Docker-Experimental: false
11:45:46.008 [Test worker] DEBUG com.github.dockerjava.zerodep.shaded.org.apache.hc.client5.http.headers - http-outgoing-2 << Ostype: linux
11:45:46.008 [Test worker] DEBUG com.github.dockerjava.zerodep.shaded.org.apache.hc.client5.http.headers - http-outgoing-2 << Server: Docker/20.10.11 (linux)
11:45:46.008 [Test worker] DEBUG com.github.dockerjava.zerodep.shaded.org.apache.hc.client5.http.headers - http-outgoing-2 << Transfer-Encoding: chunked
11:45:46.008 [Test worker] DEBUG com.github.dockerjava.zerodep.shaded.org.apache.hc.client5.http.impl.classic.MainClientExec - ex-00000061: connection can be kept alive for 3 MINUTES
11:45:46.009 [Test worker] DEBUG com.github.dockerjava.zerodep.shaded.org.apache.hc.client5.http.impl.classic.InternalHttpClient - ep-00000060: releasing valid endpoint
11:45:46.009 [Test worker] DEBUG com.github.dockerjava.zerodep.shaded.org.apache.hc.client5.http.impl.io.PoolingHttpClientConnectionManager - ep-00000060: releasing endpoint
11:45:46.009 [Test worker] DEBUG com.github.dockerjava.zerodep.shaded.org.apache.hc.client5.http.impl.io.PoolingHttpClientConnectionManager - ep-00000060: connection http-outgoing-2 can be kept alive for 3 MINUTES
11:45:46.009 [Test worker] DEBUG com.github.dockerjava.zerodep.shaded.org.apache.hc.client5.http.impl.io.PoolingHttpClientConnectionManager - ep-00000060: connection released [route: {}->unix://localhost:2375][total available: 1; route allocated: 1 of 2147483647; total allocated: 1 of 2147483647]
11:45:46.009 [Test worker] DEBUG ]]>&#x1f433;<![CDATA[ [mysql:8] - Trying to create JDBC connection using com.mysql.cj.jdbc.Driver to jdbc:mysql://localhost:63346/lotification?useSSL=false&allowPublicKeyRetrieval=true with properties: {password=1234, user=admin}
11:45:46.117 [Test worker] DEBUG org.testcontainers.shaded.com.github.dockerjava.core.command.AbstrDockerCmd - Cmd: 47a7ce05e61aa72bdced5a030ca6064519c62d122a5992816f04e0e528b5b17d,false
11:45:46.117 [Test worker] DEBUG org.testcontainers.shaded.com.github.dockerjava.core.exec.InspectContainerCmdExec - GET: DefaultWebTarget{path=[/containers/47a7ce05e61aa72bdced5a030ca6064519c62d122a5992816f04e0e528b5b17d/json], queryParams={}}
11:45:46.117 [Test worker] DEBUG com.github.dockerjava.zerodep.shaded.org.apache.hc.client5.http.impl.classic.InternalHttpClient - ex-00000062: preparing request execution
11:45:46.117 [Test worker] DEBUG com.github.dockerjava.zerodep.shaded.org.apache.hc.client5.http.protocol.RequestAddCookies - Cookie spec selected: strict
11:45:46.117 [Test worker] DEBUG com.github.dockerjava.zerodep.shaded.org.apache.hc.client5.http.protocol.RequestAuthCache - Auth cache not set in the context
11:45:46.117 [Test worker] DEBUG com.github.dockerjava.zerodep.shaded.org.apache.hc.client5.http.impl.classic.ProtocolExec - ex-00000062: target auth state: UNCHALLENGED
11:45:46.117 [Test worker] DEBUG com.github.dockerjava.zerodep.shaded.org.apache.hc.client5.http.impl.classic.ProtocolExec - ex-00000062: proxy auth state: UNCHALLENGED
11:45:46.117 [Test worker] DEBUG com.github.dockerjava.zerodep.shaded.org.apache.hc.client5.http.impl.classic.ConnectExec - ex-00000062: acquiring connection with route {}->unix://localhost:2375
11:45:46.117 [Test worker] DEBUG com.github.dockerjava.zerodep.shaded.org.apache.hc.client5.http.impl.classic.InternalHttpClient - ex-00000062: acquiring endpoint (3 MINUTES)
11:45:46.117 [Test worker] DEBUG com.github.dockerjava.zerodep.shaded.org.apache.hc.client5.http.impl.io.PoolingHttpClientConnectionManager - ex-00000062: endpoint lease request (3 MINUTES) [route: {}->unix://localhost:2375][total available: 1; route allocated: 1 of 2147483647; total allocated: 1 of 2147483647]
11:45:46.117 [Test worker] DEBUG com.github.dockerjava.zerodep.shaded.org.apache.hc.client5.http.impl.io.PoolingHttpClientConnectionManager - ex-00000062: endpoint leased [route: {}->unix://localhost:2375][total available: 0; route allocated: 1 of 2147483647; total allocated: 1 of 2147483647]
11:45:46.117 [Test worker] DEBUG com.github.dockerjava.zerodep.shaded.org.apache.hc.client5.http.impl.io.PoolingHttpClientConnectionManager - ex-00000062: acquired ep-00000061
11:45:46.117 [Test worker] DEBUG com.github.dockerjava.zerodep.shaded.org.apache.hc.client5.http.impl.classic.InternalHttpClient - ex-00000062: acquired endpoint ep-00000061
11:45:46.117 [Test worker] DEBUG com.github.dockerjava.zerodep.shaded.org.apache.hc.client5.http.impl.classic.MainClientExec - ex-00000062: executing GET /v1.32/containers/47a7ce05e61aa72bdced5a030ca6064519c62d122a5992816f04e0e528b5b17d/json HTTP/1.1
11:45:46.117 [Test worker] DEBUG com.github.dockerjava.zerodep.shaded.org.apache.hc.client5.http.impl.classic.InternalHttpClient - ep-00000061: start execution ex-00000062
11:45:46.117 [Test worker] DEBUG com.github.dockerjava.zerodep.shaded.org.apache.hc.client5.http.impl.io.PoolingHttpClientConnectionManager - ep-00000061: executing exchange ex-00000062 over http-outgoing-2
11:45:46.117 [Test worker] DEBUG com.github.dockerjava.zerodep.shaded.org.apache.hc.client5.http.headers - http-outgoing-2 >> GET /v1.32/containers/47a7ce05e61aa72bdced5a030ca6064519c62d122a5992816f04e0e528b5b17d/json HTTP/1.1
11:45:46.117 [Test worker] DEBUG com.github.dockerjava.zerodep.shaded.org.apache.hc.client5.http.headers - http-outgoing-2 >> accept: application/json
11:45:46.117 [Test worker] DEBUG com.github.dockerjava.zerodep.shaded.org.apache.hc.client5.http.headers - http-outgoing-2 >> x-tc-sid: c5b4bded-8a7b-4309-a94c-5bb153977152
11:45:46.117 [Test worker] DEBUG com.github.dockerjava.zerodep.shaded.org.apache.hc.client5.http.headers - http-outgoing-2 >> Accept-Encoding: gzip, x-gzip, deflate
11:45:46.117 [Test worker] DEBUG com.github.dockerjava.zerodep.shaded.org.apache.hc.client5.http.headers - http-outgoing-2 >> Host: localhost:2375
11:45:46.117 [Test worker] DEBUG com.github.dockerjava.zerodep.shaded.org.apache.hc.client5.http.headers - http-outgoing-2 >> Connection: keep-alive
11:45:46.117 [Test worker] DEBUG com.github.dockerjava.zerodep.shaded.org.apache.hc.client5.http.headers - http-outgoing-2 >> User-Agent: Apache-HttpClient/5.0.3 (Java/17.0.3)
11:45:46.118 [Test worker] DEBUG com.github.dockerjava.zerodep.shaded.org.apache.hc.client5.http.wire - http-outgoing-2 >> "GET /v1.32/containers/47a7ce05e61aa72bdced5a030ca6064519c62d122a5992816f04e0e528b5b17d/json HTTP/1.1[\r][\n]"
11:45:46.118 [Test worker] DEBUG com.github.dockerjava.zerodep.shaded.org.apache.hc.client5.http.wire - http-outgoing-2 >> "accept: application/json[\r][\n]"
11:45:46.118 [Test worker] DEBUG com.github.dockerjava.zerodep.shaded.org.apache.hc.client5.http.wire - http-outgoing-2 >> "x-tc-sid: c5b4bded-8a7b-4309-a94c-5bb153977152[\r][\n]"
11:45:46.118 [Test worker] DEBUG com.github.dockerjava.zerodep.shaded.org.apache.hc.client5.http.wire - http-outgoing-2 >> "Accept-Encoding: gzip, x-gzip, deflate[\r][\n]"
11:45:46.118 [Test worker] DEBUG com.github.dockerjava.zerodep.shaded.org.apache.hc.client5.http.wire - http-outgoing-2 >> "Host: localhost:2375[\r][\n]"
11:45:46.118 [Test worker] DEBUG com.github.dockerjava.zerodep.shaded.org.apache.hc.client5.http.wire - http-outgoing-2 >> "Connection: keep-alive[\r][\n]"
11:45:46.118 [Test worker] DEBUG com.github.dockerjava.zerodep.shaded.org.apache.hc.client5.http.wire - http-outgoing-2 >> "User-Agent: Apache-HttpClient/5.0.3 (Java/17.0.3)[\r][\n]"
11:45:46.118 [Test worker] DEBUG com.github.dockerjava.zerodep.shaded.org.apache.hc.client5.http.wire - http-outgoing-2 >> "[\r][\n]"
11:45:46.120 [Test worker] DEBUG com.github.dockerjava.zerodep.shaded.org.apache.hc.client5.http.wire - http-outgoing-2 << "HTTP/1.1 200 OK[\r][\n]"
11:45:46.120 [Test worker] DEBUG com.github.dockerjava.zerodep.shaded.org.apache.hc.client5.http.wire - http-outgoing-2 << "Api-Version: 1.41[\r][\n]"
11:45:46.120 [Test worker] DEBUG com.github.dockerjava.zerodep.shaded.org.apache.hc.client5.http.wire - http-outgoing-2 << "Content-Type: application/json[\r][\n]"
11:45:46.120 [Test worker] DEBUG com.github.dockerjava.zerodep.shaded.org.apache.hc.client5.http.wire - http-outgoing-2 << "Date: Mon, 26 Sep 2022 02:45:46 GMT[\r][\n]"
11:45:46.120 [Test worker] DEBUG com.github.dockerjava.zerodep.shaded.org.apache.hc.client5.http.wire - http-outgoing-2 << "Docker-Experimental: false[\r][\n]"
11:45:46.120 [Test worker] DEBUG com.github.dockerjava.zerodep.shaded.org.apache.hc.client5.http.wire - http-outgoing-2 << "Ostype: linux[\r][\n]"
11:45:46.120 [Test worker] DEBUG com.github.dockerjava.zerodep.shaded.org.apache.hc.client5.http.wire - http-outgoing-2 << "Server: Docker/20.10.11 (linux)[\r][\n]"
11:45:46.120 [Test worker] DEBUG com.github.dockerjava.zerodep.shaded.org.apache.hc.client5.http.wire - http-outgoing-2 << "Transfer-Encoding: chunked[\r][\n]"
11:45:46.120 [Test worker] DEBUG com.github.dockerjava.zerodep.shaded.org.apache.hc.client5.http.wire - http-outgoing-2 << "[\r][\n]"
11:45:46.120 [Test worker] DEBUG com.github.dockerjava.zerodep.shaded.org.apache.hc.client5.http.headers - http-outgoing-2 << HTTP/1.1 200 OK
11:45:46.120 [Test worker] DEBUG com.github.dockerjava.zerodep.shaded.org.apache.hc.client5.http.headers - http-outgoing-2 << Api-Version: 1.41
11:45:46.120 [Test worker] DEBUG com.github.dockerjava.zerodep.shaded.org.apache.hc.client5.http.headers - http-outgoing-2 << Content-Type: application/json
11:45:46.120 [Test worker] DEBUG com.github.dockerjava.zerodep.shaded.org.apache.hc.client5.http.headers - http-outgoing-2 << Date: Mon, 26 Sep 2022 02:45:46 GMT
11:45:46.120 [Test worker] DEBUG com.github.dockerjava.zerodep.shaded.org.apache.hc.client5.http.headers - http-outgoing-2 << Docker-Experimental: false
11:45:46.120 [Test worker] DEBUG com.github.dockerjava.zerodep.shaded.org.apache.hc.client5.http.headers - http-outgoing-2 << Ostype: linux
11:45:46.120 [Test worker] DEBUG com.github.dockerjava.zerodep.shaded.org.apache.hc.client5.http.headers - http-outgoing-2 << Server: Docker/20.10.11 (linux)
11:45:46.120 [Test worker] DEBUG com.github.dockerjava.zerodep.shaded.org.apache.hc.client5.http.headers - http-outgoing-2 << Transfer-Encoding: chunked
11:45:46.120 [Test worker] DEBUG com.github.dockerjava.zerodep.shaded.org.apache.hc.client5.http.impl.classic.MainClientExec - ex-00000062: connection can be kept alive for 3 MINUTES
11:45:46.121 [Test worker] DEBUG com.github.dockerjava.zerodep.shaded.org.apache.hc.client5.http.wire - http-outgoing-2 << "1882[\r][\n]"
11:45:46.121 [Test worker] DEBUG com.github.dockerjava.zerodep.shaded.org.apache.hc.client5.http.wire - http-outgoing-2 << "{"Id":"47a7ce05e61aa72bdced5a030ca6064519c62d122a5992816f04e0e528b5b17d","Created":"2022-09-26T02:45:36.042081626Z","Path":"docker-entrypoint.sh","Args":["mysqld"],"State":{"Status":"running","Running":true,"Paused":false,"Restarting":false,"OOMKilled":false,"Dead":false,"Pid":2251,"ExitCode":0,"Error":"","StartedAt":"2022-09-26T02:45:36.388226668Z","FinishedAt":"0001-01-01T00:00:00Z"},"Image":"sha256:5e229524f286e653111cb9d028bf1ba4c3490742c8cd18c84af22538f0e68575","ResolvConfPath":"/var/lib/docker/containers/47a7ce05e61aa72bdced5a030ca6064519c62d122a5992816f04e0e528b5b17d/resolv.conf","HostnamePath":"/var/lib/docker/containers/47a7ce05e61aa72bdced5a030ca6064519c62d122a5992816f04e0e528b5b17d/hostname","HostsPath":"/var/lib/docker/containers/47a7ce05e61aa72bdced5a030ca6064519c62d122a5992816f04e0e528b5b17d/hosts","LogPath":"/var/lib/docker/containers/47a7ce05e61aa72bdced5a030ca6064519c62d122a5992816f04e0e528b5b17d/47a7ce05e61aa72bdced5a030ca6064519c62d122a5992816f04e0e528b5b17d-json.log","Name":"/crazy_chaum","RestartCount":0,"Driver":"overlay2","Platform":"linux","MountLabel":"","ProcessLabel":"","AppArmorProfile":"","ExecIDs":null,"HostConfig":{"Binds":[],"ContainerIDFile":"","LogConfig":{"Type":"json-file","Config":{}},"NetworkMode":"default","PortBindings":{"3306/tcp":[{"HostIp":"0.0.0.0","HostPort":"0"}]},"RestartPolicy":{"Name":"","MaximumRetryCount":0},"AutoRemove":false,"VolumeDriver":"","VolumesFrom":[],"CapAdd":null,"CapDrop":null,"CgroupnsMode":"private","Dns":null,"DnsOptions":null,"DnsSearch":null,"ExtraHosts":[],"GroupAdd":null,"IpcMode":"shareable","Cgroup":"","Links":null,"OomScoreAdj":0,"PidMode":"","Privileged":false,"PublishAllPorts":false,"ReadonlyRootfs":false,"SecurityOpt":null,"UTSMode":"","UsernsMode":"","ShmSize":67108864,"Runtime":"runc","ConsoleSize":[0,0],"Isolation":"","CpuShares":0,"Memory":0,"NanoCpus":0,"CgroupParent":"","BlkioWeight":0,"BlkioWeightDevice":null,"BlkioDeviceReadBps":null,"BlkioDeviceWriteBps":null,"BlkioDeviceReadIOps":null,"BlkioDeviceWriteIOps":null,"CpuPeriod":0,"CpuQuota":0,"CpuRealtimePeriod":0,"CpuRealtimeRuntime":0,"CpusetCpus":"","CpusetMems":"","Devices":null,"DeviceCgroupRules":null,"DeviceRequests":null,"KernelMemory":0,"KernelMemoryTCP":0,"MemoryReservation":0,"MemorySwap":0,"MemorySwappiness":null,"OomKillDisable":null,"PidsLimit":null,"Ulimits":null,"CpuCount":0,"CpuPercent":0,"IOMaximumIOps":0,"IOMaximumBandwidth":0,"MaskedPaths":["/proc/asound","/proc/acpi","/proc/kcore","/proc/keys","/proc/latency_stats","/proc/timer_list","/proc/timer_stats","/proc/sched_debug","/proc/scsi","/sys/firmware"],"ReadonlyPaths":["/proc/bus","/proc/fs","/proc/irq","/proc/sys","/proc/sysrq-trigger"]},"GraphDriver":{"Data":{"LowerDir":"/var/lib/docker/overlay2/45da4782eb6c4075fef21a16271836d62c4e4726b16ef4c5ea199d4e626bdb39-init/diff:/var/lib/docker/overlay2/27a623f1ab748258e017a40f339844ef533377092bad4182aa320e9399893e13/diff:/var/lib/docker/overlay2/d7c1e4de558b6bbbdc3209a51fc73295262b5271709fe659d0e2e94f626eea74/diff:/var/lib/docker/overlay2/2df554f793c3600571e2f078ad2e20025d6b2e35f3d18881ead4f70e2cc26cb8/diff:/var/lib/docker/overlay2/feb23515577245ad51a24945de1e6bab842929569da912a2b4a33a48c6c2331f/diff:/var/lib/docker/overlay2/cc2cdbce154e19d9c4f376917b6c92ebd55b0b495124ffd2c9d7e9c82b6a95f9/diff:/var/lib/docker/overlay2/968467fe01280f82d26487386f320a15000815d63000d5ec89b47acca8f77ef2/diff:/var/lib/docker/overlay2/cc59daa314bbcaec43d6cd4064c7863b4b3976b989121dcf2e32c4710281f247/diff:/var/lib/docker/overlay2/dc5d8b1cf96cfd5d96d68fbed14248edf1244c1a4669ba07b0bab7f3d782f058/diff:/var/lib/docker/overlay2/dcca184158d696706cd99e62ffa3e5c42964eb57190bef35421cdf3f83a8c130/diff:/var/lib/docker/overlay2/a7f928596da67ce59f34b0ba4cee4a3b948b94f91ad0b0b6260dc54fb9b5a048/diff:/var/lib/docker/overlay2/6ac5adbfff6202b1faa13a2a2fd92625bdda668cdac1a1d2230becbb394e569f/diff","MergedDir":"/var/lib/docker/overlay2/45da4782eb6c4075fef21a16271836d62c4e4726b16ef4c5ea199d4e626bdb39/merged","UpperDir":"/var/lib/docker/overlay2/45da4782eb6c4075fef21a16271836d62c4e4726b16ef4c5ea199d4e626bdb39/diff","WorkDir":"/var/lib/docker/overlay2/45da4782eb6c4075fef21a16271836d62c4e4726b16ef4c5ea199d4e626bdb39/work"},"Name":"overlay2"},"Mounts":[{"Type":"volume","Name":"08668a73464516d2c615e247a561222f461f2385cff5615e53cc78e96456230c","Source":"/var/lib/docker/volumes/08668a73464516d2c615e247a561222f461f2385cff5615e53cc78e96456230c/_data","Destination":"/var/lib/mysql","Driver":"local","Mode":"","RW":true,"Propagation":""}],"Config":{"Hostname":"47a7ce05e61a","Domainname":"","User":"","AttachStdin":false,"AttachStdout":false,"AttachStderr":false,"ExposedPorts":{"3306/tcp":{},"33060/tcp":{}},"Tty":false,"OpenStdin":false,"StdinOnce":false,"Env":["MYSQL_DATABASE=lotification","MYSQL_PASSWORD=1234","MYSQL_USER=admin","MYSQL_ROOT_PASSWORD=1234","PATH=/usr/local/sbin:/usr/local/bin:/usr/sbin:/usr/bin:/sbin:/bin","GOSU_VERSION=1.14","MYSQL_MAJOR=8.0","MYSQL_VERSION=8.0.30-1.el8","MYSQL_SHELL_VERSION=8.0.30-1.el8"],"Cmd":["mysqld"],"Image":"mysql:8","Volumes":{"/var/lib/mysql":{}},"WorkingDir":"","Entrypoint":["docker-entrypoint.sh"],"OnBuild":null,"Labels":{"org.testcontainers":"true","org.testcontainers.sessionId":"c5b4bded-8a7b-4309-a94c-5bb153977152"}},"NetworkSettings":{"Bridge":"","SandboxID":"c87f478ec31081a2fc02a6d53fa5addc8f61962dea8dd5c17c1c641e1a25e99b","HairpinMode":false,"LinkLocalIPv6Address":"","LinkLocalIPv6PrefixLen":0,"Ports":{"3306/tcp":[{"HostIp":"0.0.0.0","HostPort":"63346"}],"33060/tcp":null},"SandboxKey":"/var/run/docker/netns/c87f478ec310","SecondaryIPAddresses":null,"SecondaryIPv6Addresses":null,"EndpointID":"7830774c518a6ae45bc93e5b48bd99e8a609aa29230b007326fa87b5ca32567f","Gateway":"172.17.0.1","GlobalIPv6Address":"","GlobalIPv6PrefixLen":0,"IPAddress":"172.17.0.4","IPPrefixLen":16,"IPv6Gateway":"","MacAddress":"02:42:ac:11:00:04","Networks":{"bridge":{"IPAMConfig":null,"Links":null,"Aliases":null,"NetworkID":"42b943ace1ba272d06317befbba08f853c5a08f211a0bdf3660599ced98f9c17","EndpointID":"7830774c518a6ae45bc93e5b48bd99e8a609aa29230b007326fa87b5ca32567f","Gateway":"172.17.0.1","IPAddress":"172.17.0.4","IPPrefixLen":16,"IPv6Gateway":"","GlobalIPv6Address":"","GlobalIPv6PrefixLen":0,"MacAddress":"02:42:ac:11:00:04","DriverOpts":null}}}}[\n]"
11:45:46.122 [Test worker] DEBUG com.github.dockerjava.zerodep.shaded.org.apache.hc.client5.http.wire - http-outgoing-2 << "[\r][\n]"
11:45:46.122 [Test worker] DEBUG com.github.dockerjava.zerodep.shaded.org.apache.hc.client5.http.wire - http-outgoing-2 << "0[\r][\n]"
11:45:46.122 [Test worker] DEBUG com.github.dockerjava.zerodep.shaded.org.apache.hc.client5.http.wire - http-outgoing-2 << "[\r][\n]"
11:45:46.122 [Test worker] DEBUG com.github.dockerjava.zerodep.shaded.org.apache.hc.client5.http.impl.classic.InternalHttpClient - ep-00000061: releasing valid endpoint
11:45:46.122 [Test worker] DEBUG com.github.dockerjava.zerodep.shaded.org.apache.hc.client5.http.impl.io.PoolingHttpClientConnectionManager - ep-00000061: releasing endpoint
11:45:46.122 [Test worker] DEBUG com.github.dockerjava.zerodep.shaded.org.apache.hc.client5.http.impl.io.PoolingHttpClientConnectionManager - ep-00000061: connection http-outgoing-2 can be kept alive for 3 MINUTES
11:45:46.122 [Test worker] DEBUG com.github.dockerjava.zerodep.shaded.org.apache.hc.client5.http.impl.io.PoolingHttpClientConnectionManager - ep-00000061: connection released [route: {}->unix://localhost:2375][total available: 1; route allocated: 1 of 2147483647; total allocated: 1 of 2147483647]
11:45:46.122 [Test worker] DEBUG ]]>&#x1f433;<![CDATA[ [mysql:8] - Trying to create JDBC connection using com.mysql.cj.jdbc.Driver to jdbc:mysql://localhost:63346/lotification?useSSL=false&allowPublicKeyRetrieval=true with properties: {password=1234, user=admin}
11:45:46.229 [Test worker] DEBUG org.testcontainers.shaded.com.github.dockerjava.core.command.AbstrDockerCmd - Cmd: 47a7ce05e61aa72bdced5a030ca6064519c62d122a5992816f04e0e528b5b17d,false
11:45:46.230 [Test worker] DEBUG org.testcontainers.shaded.com.github.dockerjava.core.exec.InspectContainerCmdExec - GET: DefaultWebTarget{path=[/containers/47a7ce05e61aa72bdced5a030ca6064519c62d122a5992816f04e0e528b5b17d/json], queryParams={}}
11:45:46.230 [Test worker] DEBUG com.github.dockerjava.zerodep.shaded.org.apache.hc.client5.http.impl.classic.InternalHttpClient - ex-00000063: preparing request execution
11:45:46.230 [Test worker] DEBUG com.github.dockerjava.zerodep.shaded.org.apache.hc.client5.http.protocol.RequestAddCookies - Cookie spec selected: strict
11:45:46.230 [Test worker] DEBUG com.github.dockerjava.zerodep.shaded.org.apache.hc.client5.http.protocol.RequestAuthCache - Auth cache not set in the context
11:45:46.230 [Test worker] DEBUG com.github.dockerjava.zerodep.shaded.org.apache.hc.client5.http.impl.classic.ProtocolExec - ex-00000063: target auth state: UNCHALLENGED
11:45:46.230 [Test worker] DEBUG com.github.dockerjava.zerodep.shaded.org.apache.hc.client5.http.impl.classic.ProtocolExec - ex-00000063: proxy auth state: UNCHALLENGED
11:45:46.230 [Test worker] DEBUG com.github.dockerjava.zerodep.shaded.org.apache.hc.client5.http.impl.classic.ConnectExec - ex-00000063: acquiring connection with route {}->unix://localhost:2375
11:45:46.230 [Test worker] DEBUG com.github.dockerjava.zerodep.shaded.org.apache.hc.client5.http.impl.classic.InternalHttpClient - ex-00000063: acquiring endpoint (3 MINUTES)
11:45:46.230 [Test worker] DEBUG com.github.dockerjava.zerodep.shaded.org.apache.hc.client5.http.impl.io.PoolingHttpClientConnectionManager - ex-00000063: endpoint lease request (3 MINUTES) [route: {}->unix://localhost:2375][total available: 1; route allocated: 1 of 2147483647; total allocated: 1 of 2147483647]
11:45:46.230 [Test worker] DEBUG com.github.dockerjava.zerodep.shaded.org.apache.hc.client5.http.impl.io.PoolingHttpClientConnectionManager - ex-00000063: endpoint leased [route: {}->unix://localhost:2375][total available: 0; route allocated: 1 of 2147483647; total allocated: 1 of 2147483647]
11:45:46.230 [Test worker] DEBUG com.github.dockerjava.zerodep.shaded.org.apache.hc.client5.http.impl.io.PoolingHttpClientConnectionManager - ex-00000063: acquired ep-00000062
11:45:46.230 [Test worker] DEBUG com.github.dockerjava.zerodep.shaded.org.apache.hc.client5.http.impl.classic.InternalHttpClient - ex-00000063: acquired endpoint ep-00000062
11:45:46.230 [Test worker] DEBUG com.github.dockerjava.zerodep.shaded.org.apache.hc.client5.http.impl.classic.MainClientExec - ex-00000063: executing GET /v1.32/containers/47a7ce05e61aa72bdced5a030ca6064519c62d122a5992816f04e0e528b5b17d/json HTTP/1.1
11:45:46.230 [Test worker] DEBUG com.github.dockerjava.zerodep.shaded.org.apache.hc.client5.http.impl.classic.InternalHttpClient - ep-00000062: start execution ex-00000063
11:45:46.230 [Test worker] DEBUG com.github.dockerjava.zerodep.shaded.org.apache.hc.client5.http.impl.io.PoolingHttpClientConnectionManager - ep-00000062: executing exchange ex-00000063 over http-outgoing-2
11:45:46.230 [Test worker] DEBUG com.github.dockerjava.zerodep.shaded.org.apache.hc.client5.http.headers - http-outgoing-2 >> GET /v1.32/containers/47a7ce05e61aa72bdced5a030ca6064519c62d122a5992816f04e0e528b5b17d/json HTTP/1.1
11:45:46.230 [Test worker] DEBUG com.github.dockerjava.zerodep.shaded.org.apache.hc.client5.http.headers - http-outgoing-2 >> accept: application/json
11:45:46.230 [Test worker] DEBUG com.github.dockerjava.zerodep.shaded.org.apache.hc.client5.http.headers - http-outgoing-2 >> x-tc-sid: c5b4bded-8a7b-4309-a94c-5bb153977152
11:45:46.230 [Test worker] DEBUG com.github.dockerjava.zerodep.shaded.org.apache.hc.client5.http.headers - http-outgoing-2 >> Accept-Encoding: gzip, x-gzip, deflate
11:45:46.230 [Test worker] DEBUG com.github.dockerjava.zerodep.shaded.org.apache.hc.client5.http.headers - http-outgoing-2 >> Host: localhost:2375
11:45:46.230 [Test worker] DEBUG com.github.dockerjava.zerodep.shaded.org.apache.hc.client5.http.headers - http-outgoing-2 >> Connection: keep-alive
11:45:46.230 [Test worker] DEBUG com.github.dockerjava.zerodep.shaded.org.apache.hc.client5.http.headers - http-outgoing-2 >> User-Agent: Apache-HttpClient/5.0.3 (Java/17.0.3)
11:45:46.230 [Test worker] DEBUG com.github.dockerjava.zerodep.shaded.org.apache.hc.client5.http.wire - http-outgoing-2 >> "GET /v1.32/containers/47a7ce05e61aa72bdced5a030ca6064519c62d122a5992816f04e0e528b5b17d/json HTTP/1.1[\r][\n]"
11:45:46.230 [Test worker] DEBUG com.github.dockerjava.zerodep.shaded.org.apache.hc.client5.http.wire - http-outgoing-2 >> "accept: application/json[\r][\n]"
11:45:46.230 [Test worker] DEBUG com.github.dockerjava.zerodep.shaded.org.apache.hc.client5.http.wire - http-outgoing-2 >> "x-tc-sid: c5b4bded-8a7b-4309-a94c-5bb153977152[\r][\n]"
11:45:46.230 [Test worker] DEBUG com.github.dockerjava.zerodep.shaded.org.apache.hc.client5.http.wire - http-outgoing-2 >> "Accept-Encoding: gzip, x-gzip, deflate[\r][\n]"
11:45:46.230 [Test worker] DEBUG com.github.dockerjava.zerodep.shaded.org.apache.hc.client5.http.wire - http-outgoing-2 >> "Host: localhost:2375[\r][\n]"
11:45:46.230 [Test worker] DEBUG com.github.dockerjava.zerodep.shaded.org.apache.hc.client5.http.wire - http-outgoing-2 >> "Connection: keep-alive[\r][\n]"
11:45:46.230 [Test worker] DEBUG com.github.dockerjava.zerodep.shaded.org.apache.hc.client5.http.wire - http-outgoing-2 >> "User-Agent: Apache-HttpClient/5.0.3 (Java/17.0.3)[\r][\n]"
11:45:46.230 [Test worker] DEBUG com.github.dockerjava.zerodep.shaded.org.apache.hc.client5.http.wire - http-outgoing-2 >> "[\r][\n]"
11:45:46.236 [Test worker] DEBUG com.github.dockerjava.zerodep.shaded.org.apache.hc.client5.http.wire - http-outgoing-2 << "HTTP/1.1 200 OK[\r][\n]"
11:45:46.236 [Test worker] DEBUG com.github.dockerjava.zerodep.shaded.org.apache.hc.client5.http.wire - http-outgoing-2 << "Api-Version: 1.41[\r][\n]"
11:45:46.236 [Test worker] DEBUG com.github.dockerjava.zerodep.shaded.org.apache.hc.client5.http.wire - http-outgoing-2 << "Content-Type: application/json[\r][\n]"
11:45:46.237 [Test worker] DEBUG com.github.dockerjava.zerodep.shaded.org.apache.hc.client5.http.wire - http-outgoing-2 << "Date: Mon, 26 Sep 2022 02:45:46 GMT[\r][\n]"
11:45:46.237 [Test worker] DEBUG com.github.dockerjava.zerodep.shaded.org.apache.hc.client5.http.wire - http-outgoing-2 << "Docker-Experimental: false[\r][\n]"
11:45:46.237 [Test worker] DEBUG com.github.dockerjava.zerodep.shaded.org.apache.hc.client5.http.wire - http-outgoing-2 << "Ostype: linux[\r][\n]"
11:45:46.237 [Test worker] DEBUG com.github.dockerjava.zerodep.shaded.org.apache.hc.client5.http.wire - http-outgoing-2 << "Server: Docker/20.10.11 (linux)[\r][\n]"
11:45:46.237 [Test worker] DEBUG com.github.dockerjava.zerodep.shaded.org.apache.hc.client5.http.wire - http-outgoing-2 << "Transfer-Encoding: chunked[\r][\n]"
11:45:46.237 [Test worker] DEBUG com.github.dockerjava.zerodep.shaded.org.apache.hc.client5.http.wire - http-outgoing-2 << "[\r][\n]"
11:45:46.237 [Test worker] DEBUG com.github.dockerjava.zerodep.shaded.org.apache.hc.client5.http.wire - http-outgoing-2 << "1882[\r][\n]"
11:45:46.237 [Test worker] DEBUG com.github.dockerjava.zerodep.shaded.org.apache.hc.client5.http.wire - http-outgoing-2 << "{"Id":"47a7ce05e61aa72bdced5a030ca6064519c62d122a5992816f04e0e528b5b17d","Created":"2022-09-26T02:45:36.042081626Z","Path":"docker-entrypoint.sh","Args":["mysqld"],"State":{"Status":"running","Running":true,"Paused":false,"Restarting":false,"OOMKilled":false,"Dead":false,"Pid":2251,"ExitCode":0,"Error":"","StartedAt":"2022-09-26T02:45:36.388226668Z","FinishedAt":"0001-01-01T00:00:00Z"},"Image":"sha256:5e229524f286e653111cb9d028bf1ba4c3490742c8cd18c84af22538f0e68575","ResolvConfPath":"/var/lib/docker/containers/47a7ce05e61aa72bdced5a030ca6064519c62d122a5992816f04e0e528b5b17d/resolv.conf","HostnamePath":"/var/lib/docker/containers/47a7ce05e61aa72bdced5a030ca6064519c62d122a5992816f04e0e528b5b17d/hostname","HostsPath":"/var/lib/docker/containers/47a7ce05e61aa72bdced5a030ca6064519c62d122a5992816f04e0e528b5b17d/hosts","LogPath":"/var/lib/docker/containers/47a7ce05e61aa72bdced5a030ca6064519c62d122a5992816f04e0e528b5b17d/47a7ce05e61aa72bdced5a030ca6064519c62d122a5992816f04e0e528b5b17d-json.log","Name":"/crazy_chaum","RestartCount":0,"Driver":"overlay2","Platform":"linux","MountLabel":"","ProcessLabel":"","AppArmorProfile":"","ExecIDs":null,"HostConfig":{"Binds":[],"ContainerIDFile":"","LogConfig":{"Type":"json-file","Config":{}},"NetworkMode":"default","PortBindings":{"3306/tcp":[{"HostIp":"0.0.0.0","HostPort":"0"}]},"RestartPolicy":{"Name":"","MaximumRetryCount":0},"AutoRemove":false,"VolumeDriver":"","VolumesFrom":[],"CapAdd":null,"CapDrop":null,"CgroupnsMode":"private","Dns":null,"DnsOptions":null,"DnsSearch":null,"ExtraHosts":[],"GroupAdd":null,"IpcMode":"shareable","Cgroup":"","Links":null,"OomScoreAdj":0,"PidMode":"","Privileged":false,"PublishAllPorts":false,"ReadonlyRootfs":false,"SecurityOpt":null,"UTSMode":"","UsernsMode":"","ShmSize":67108864,"Runtime":"runc","ConsoleSize":[0,0],"Isolation":"","CpuShares":0,"Memory":0,"NanoCpus":0,"CgroupParent":"","BlkioWeight":0,"BlkioWeightDevice":null,"BlkioDeviceReadBps":null,"BlkioDeviceWriteBps":null,"BlkioDeviceReadIOps":null,"BlkioDeviceWriteIOps":null,"CpuPeriod":0,"CpuQuota":0,"CpuRealtimePeriod":0,"CpuRealtimeRuntime":0,"CpusetCpus":"","CpusetMems":"","Devices":null,"DeviceCgroupRules":null,"DeviceRequests":null,"KernelMemory":0,"KernelMemoryTCP":0,"MemoryReservation":0,"MemorySwap":0,"MemorySwappiness":null,"OomKillDisable":null,"PidsLimit":null,"Ulimits":null,"CpuCount":0,"CpuPercent":0,"IOMaximumIOps":0,"IOMaximumBandwidth":0,"MaskedPaths":["/proc/asound","/proc/acpi","/proc/kcore","/proc/keys","/proc/latency_stats","/proc/timer_list","/proc/timer_stats","/proc/sched_debug","/proc/scsi","/sys/firmware"],"ReadonlyPaths":["/proc/bus","/proc/fs","/proc/irq","/proc/sys","/proc/sysrq-trigger"]},"GraphDriver":{"Data":{"LowerDir":"/var/lib/docker/overlay2/45da4782eb6c4075fef21a16271836d62c4e4726b16ef4c5ea199d4e626bdb39-init/diff:/var/lib/docker/overlay2/27a623f1ab748258e017a40f339844ef533377092bad4182aa320e9399893e13/diff:/var/lib/docker/overlay2/d7c1e4de558b6bbbdc3209a51fc73295262b5271709fe659d0e2e94f626eea74/diff:/var/lib/docker/overlay2/2df554f793c3600571e2f078ad2e20025d6b2e35f3d18881ead4f70e2cc26cb8/diff:/var/lib/docker/overlay2/feb23515577245ad51a24945de1e6bab842929569da912a2b4a33a48c6c2331f/diff:/var/lib/docker/overlay2/cc2cdbce154e19d9c4f376917b6c92ebd55b0b495124ffd2c9d7e9c82b6a95f9/diff:/var/lib/docker/overlay2/968467fe01280f82d26487386f320a15000815d63000d5ec89b47acca8f77ef2/diff:/var/lib/docker/overlay2/cc59daa314bbcaec43d6cd4064c7863b4b3976b989121dcf2e32c4710281f247/diff:/var/lib/docker/overlay2/dc5d8b1cf96cfd5d96d68fbed14248edf1244c1a4669ba07b0bab7f3d782f058/diff:/var/lib/docker/overlay2/dcca184158d696706cd99e62ffa3e5c42964eb57190bef35421cdf3f83a8c130/diff:/var/lib/docker/overlay2/a7f928596da67ce59f34b0ba4cee4a3b948b94f91ad0b0b6260dc54fb9b5a048/diff:/var/lib/docker/overlay2/6ac5adbfff6202b1faa13a2a2fd92625bdda668cdac1a1d2230becbb394e569f/diff","MergedDir":"/var/lib/docker/overlay2/45da4782eb6c4075fef21a16271836d62c4e4726b16ef4c5ea199d4e626bdb39/merged","UpperDir":"/var/lib/docker/overlay2/45da4782eb6c4075fef21a16271836d62c4e4726b16ef4c5ea199d4e626bdb39/diff","WorkDir":"/var/lib/docker/overlay2/45da4782eb6c4075fef21a16271836d62c4e4726b16ef4c5ea199d4e626bdb39/work"},"Name":"overlay2"},"Mounts":[{"Type":"volume","Name":"08668a73464516d2c615e247a561222f461f2385cff5615e53cc78e96456230c","Source":"/var/lib/docker/volumes/08668a73464516d2c615e247a561222f461f2385cff5615e53cc78e96456230c/_data","Destination":"/var/lib/mysql","Driver":"local","Mode":"","RW":true,"Propagation":""}],"Config":{"Hostname":"47a7ce05e61a","Domainname":"","User":"","AttachStdin":false,"AttachStdout":false,"AttachStderr":false,"ExposedPorts":{"3306/tcp":{},"33060/tcp":{}},"Tty":false,"OpenStdin":false,"StdinOnce":false,"Env":["MYSQL_DATABASE=lotification","MYSQL_PASSWORD=1234","MYSQL_USER=admin","MYSQL_ROOT_PASSWORD=1234","PATH=/usr/local/sbin:/usr/local/bin:/usr/sbin:/usr/bin:/sbin:/bin","GOSU_VERSION=1.14","MYSQL_MAJOR=8.0","MYSQL_VERSION=8.0.30-1.el8","MYSQL_SHELL_VERSION=8.0.30-1.el8"],"Cmd":["mysqld"],"Image":"mysql:8","Volumes":{"/var/lib/mysql":{}},"WorkingDir":"","Entrypoint":["docker-entrypoint.sh"],"OnBuild":null,"Labels":{"org.testcontainers":"true","org.testcontainers.sessionId":"c5b4bded-8a7b-4309-a94c-5bb153977152"}},"NetworkSettings":{"Bridge":"","SandboxID":"c87f478ec31081a2fc02a6d53fa5addc8f61962dea8dd5c17c1c641e1a25e99b","HairpinMode":false,"LinkLocalIPv6Address":"","LinkLocalIPv6PrefixLen":0,"Ports":{"3306/tcp":[{"HostIp":"0.0.0.0","HostPort":"63346"}],"33060/tcp":null},"SandboxKey":"/var/run/docker/netns/c87f478ec310","SecondaryIPAddresses":null,"SecondaryIPv6Addresses":null,"EndpointID":"7830774c518a6ae45bc93e5b48bd99e8a609aa29230b007326fa87b5ca32567f","Gateway":"172.17.0.1","GlobalIPv6Address":"","GlobalIPv6PrefixLen":0,"IPAddress":"172.17.0.4","IPPrefixLen":16,"IPv6Gateway":"","MacAddress":"02:42:ac:11:00:04","Networks":{"bridge":{"IPAMConfig":null,"Links":null,"Aliases":null,"NetworkID":"42b943ace1ba272d06317befbba08f853c5a08f211a0bdf3660599ced98f9c17","EndpointID":"7830774c518a6ae45bc93e5b48bd99e8a609aa29230b007326fa87b5ca32567f","Gateway":"172.17.0.1","IPAddress":"172.17.0.4","IPPrefixLen":16,"IPv6Gateway":"","GlobalIPv6Address":"","GlobalIPv6PrefixLen":0,"MacAddress":"02:42:ac:11:00:04","DriverOpts":null}}}}[\n]"
11:45:46.237 [Test worker] DEBUG com.github.dockerjava.zerodep.shaded.org.apache.hc.client5.http.wire - http-outgoing-2 << "[\r][\n]"
11:45:46.237 [Test worker] DEBUG com.github.dockerjava.zerodep.shaded.org.apache.hc.client5.http.wire - http-outgoing-2 << "0[\r][\n]"
11:45:46.237 [Test worker] DEBUG com.github.dockerjava.zerodep.shaded.org.apache.hc.client5.http.wire - http-outgoing-2 << "[\r][\n]"
11:45:46.237 [Test worker] DEBUG com.github.dockerjava.zerodep.shaded.org.apache.hc.client5.http.headers - http-outgoing-2 << HTTP/1.1 200 OK
11:45:46.237 [Test worker] DEBUG com.github.dockerjava.zerodep.shaded.org.apache.hc.client5.http.headers - http-outgoing-2 << Api-Version: 1.41
11:45:46.237 [Test worker] DEBUG com.github.dockerjava.zerodep.shaded.org.apache.hc.client5.http.headers - http-outgoing-2 << Content-Type: application/json
11:45:46.237 [Test worker] DEBUG com.github.dockerjava.zerodep.shaded.org.apache.hc.client5.http.headers - http-outgoing-2 << Date: Mon, 26 Sep 2022 02:45:46 GMT
11:45:46.237 [Test worker] DEBUG com.github.dockerjava.zerodep.shaded.org.apache.hc.client5.http.headers - http-outgoing-2 << Docker-Experimental: false
11:45:46.237 [Test worker] DEBUG com.github.dockerjava.zerodep.shaded.org.apache.hc.client5.http.headers - http-outgoing-2 << Ostype: linux
11:45:46.237 [Test worker] DEBUG com.github.dockerjava.zerodep.shaded.org.apache.hc.client5.http.headers - http-outgoing-2 << Server: Docker/20.10.11 (linux)
11:45:46.237 [Test worker] DEBUG com.github.dockerjava.zerodep.shaded.org.apache.hc.client5.http.headers - http-outgoing-2 << Transfer-Encoding: chunked
11:45:46.237 [Test worker] DEBUG com.github.dockerjava.zerodep.shaded.org.apache.hc.client5.http.impl.classic.MainClientExec - ex-00000063: connection can be kept alive for 3 MINUTES
11:45:46.237 [Test worker] DEBUG com.github.dockerjava.zerodep.shaded.org.apache.hc.client5.http.impl.classic.InternalHttpClient - ep-00000062: releasing valid endpoint
11:45:46.237 [Test worker] DEBUG com.github.dockerjava.zerodep.shaded.org.apache.hc.client5.http.impl.io.PoolingHttpClientConnectionManager - ep-00000062: releasing endpoint
11:45:46.237 [Test worker] DEBUG com.github.dockerjava.zerodep.shaded.org.apache.hc.client5.http.impl.io.PoolingHttpClientConnectionManager - ep-00000062: connection http-outgoing-2 can be kept alive for 3 MINUTES
11:45:46.237 [Test worker] DEBUG com.github.dockerjava.zerodep.shaded.org.apache.hc.client5.http.impl.io.PoolingHttpClientConnectionManager - ep-00000062: connection released [route: {}->unix://localhost:2375][total available: 1; route allocated: 1 of 2147483647; total allocated: 1 of 2147483647]
11:45:46.237 [Test worker] DEBUG ]]>&#x1f433;<![CDATA[ [mysql:8] - Trying to create JDBC connection using com.mysql.cj.jdbc.Driver to jdbc:mysql://localhost:63346/lotification?useSSL=false&allowPublicKeyRetrieval=true with properties: {password=1234, user=admin}
11:45:46.345 [Test worker] DEBUG org.testcontainers.shaded.com.github.dockerjava.core.command.AbstrDockerCmd - Cmd: 47a7ce05e61aa72bdced5a030ca6064519c62d122a5992816f04e0e528b5b17d,false
11:45:46.345 [Test worker] DEBUG org.testcontainers.shaded.com.github.dockerjava.core.exec.InspectContainerCmdExec - GET: DefaultWebTarget{path=[/containers/47a7ce05e61aa72bdced5a030ca6064519c62d122a5992816f04e0e528b5b17d/json], queryParams={}}
11:45:46.345 [Test worker] DEBUG com.github.dockerjava.zerodep.shaded.org.apache.hc.client5.http.impl.classic.InternalHttpClient - ex-00000064: preparing request execution
11:45:46.345 [Test worker] DEBUG com.github.dockerjava.zerodep.shaded.org.apache.hc.client5.http.protocol.RequestAddCookies - Cookie spec selected: strict
11:45:46.345 [Test worker] DEBUG com.github.dockerjava.zerodep.shaded.org.apache.hc.client5.http.protocol.RequestAuthCache - Auth cache not set in the context
11:45:46.345 [Test worker] DEBUG com.github.dockerjava.zerodep.shaded.org.apache.hc.client5.http.impl.classic.ProtocolExec - ex-00000064: target auth state: UNCHALLENGED
11:45:46.345 [Test worker] DEBUG com.github.dockerjava.zerodep.shaded.org.apache.hc.client5.http.impl.classic.ProtocolExec - ex-00000064: proxy auth state: UNCHALLENGED
11:45:46.345 [Test worker] DEBUG com.github.dockerjava.zerodep.shaded.org.apache.hc.client5.http.impl.classic.ConnectExec - ex-00000064: acquiring connection with route {}->unix://localhost:2375
11:45:46.345 [Test worker] DEBUG com.github.dockerjava.zerodep.shaded.org.apache.hc.client5.http.impl.classic.InternalHttpClient - ex-00000064: acquiring endpoint (3 MINUTES)
11:45:46.345 [Test worker] DEBUG com.github.dockerjava.zerodep.shaded.org.apache.hc.client5.http.impl.io.PoolingHttpClientConnectionManager - ex-00000064: endpoint lease request (3 MINUTES) [route: {}->unix://localhost:2375][total available: 1; route allocated: 1 of 2147483647; total allocated: 1 of 2147483647]
11:45:46.345 [Test worker] DEBUG com.github.dockerjava.zerodep.shaded.org.apache.hc.client5.http.impl.io.PoolingHttpClientConnectionManager - ex-00000064: endpoint leased [route: {}->unix://localhost:2375][total available: 0; route allocated: 1 of 2147483647; total allocated: 1 of 2147483647]
11:45:46.345 [Test worker] DEBUG com.github.dockerjava.zerodep.shaded.org.apache.hc.client5.http.impl.io.PoolingHttpClientConnectionManager - ex-00000064: acquired ep-00000063
11:45:46.345 [Test worker] DEBUG com.github.dockerjava.zerodep.shaded.org.apache.hc.client5.http.impl.classic.InternalHttpClient - ex-00000064: acquired endpoint ep-00000063
11:45:46.345 [Test worker] DEBUG com.github.dockerjava.zerodep.shaded.org.apache.hc.client5.http.impl.classic.MainClientExec - ex-00000064: executing GET /v1.32/containers/47a7ce05e61aa72bdced5a030ca6064519c62d122a5992816f04e0e528b5b17d/json HTTP/1.1
11:45:46.345 [Test worker] DEBUG com.github.dockerjava.zerodep.shaded.org.apache.hc.client5.http.impl.classic.InternalHttpClient - ep-00000063: start execution ex-00000064
11:45:46.345 [Test worker] DEBUG com.github.dockerjava.zerodep.shaded.org.apache.hc.client5.http.impl.io.PoolingHttpClientConnectionManager - ep-00000063: executing exchange ex-00000064 over http-outgoing-2
11:45:46.345 [Test worker] DEBUG com.github.dockerjava.zerodep.shaded.org.apache.hc.client5.http.headers - http-outgoing-2 >> GET /v1.32/containers/47a7ce05e61aa72bdced5a030ca6064519c62d122a5992816f04e0e528b5b17d/json HTTP/1.1
11:45:46.345 [Test worker] DEBUG com.github.dockerjava.zerodep.shaded.org.apache.hc.client5.http.headers - http-outgoing-2 >> accept: application/json
11:45:46.345 [Test worker] DEBUG com.github.dockerjava.zerodep.shaded.org.apache.hc.client5.http.headers - http-outgoing-2 >> x-tc-sid: c5b4bded-8a7b-4309-a94c-5bb153977152
11:45:46.345 [Test worker] DEBUG com.github.dockerjava.zerodep.shaded.org.apache.hc.client5.http.headers - http-outgoing-2 >> Accept-Encoding: gzip, x-gzip, deflate
11:45:46.345 [Test worker] DEBUG com.github.dockerjava.zerodep.shaded.org.apache.hc.client5.http.headers - http-outgoing-2 >> Host: localhost:2375
11:45:46.345 [Test worker] DEBUG com.github.dockerjava.zerodep.shaded.org.apache.hc.client5.http.headers - http-outgoing-2 >> Connection: keep-alive
11:45:46.345 [Test worker] DEBUG com.github.dockerjava.zerodep.shaded.org.apache.hc.client5.http.headers - http-outgoing-2 >> User-Agent: Apache-HttpClient/5.0.3 (Java/17.0.3)
11:45:46.345 [Test worker] DEBUG com.github.dockerjava.zerodep.shaded.org.apache.hc.client5.http.wire - http-outgoing-2 >> "GET /v1.32/containers/47a7ce05e61aa72bdced5a030ca6064519c62d122a5992816f04e0e528b5b17d/json HTTP/1.1[\r][\n]"
11:45:46.345 [Test worker] DEBUG com.github.dockerjava.zerodep.shaded.org.apache.hc.client5.http.wire - http-outgoing-2 >> "accept: application/json[\r][\n]"
11:45:46.345 [Test worker] DEBUG com.github.dockerjava.zerodep.shaded.org.apache.hc.client5.http.wire - http-outgoing-2 >> "x-tc-sid: c5b4bded-8a7b-4309-a94c-5bb153977152[\r][\n]"
11:45:46.345 [Test worker] DEBUG com.github.dockerjava.zerodep.shaded.org.apache.hc.client5.http.wire - http-outgoing-2 >> "Accept-Encoding: gzip, x-gzip, deflate[\r][\n]"
11:45:46.345 [Test worker] DEBUG com.github.dockerjava.zerodep.shaded.org.apache.hc.client5.http.wire - http-outgoing-2 >> "Host: localhost:2375[\r][\n]"
11:45:46.345 [Test worker] DEBUG com.github.dockerjava.zerodep.shaded.org.apache.hc.client5.http.wire - http-outgoing-2 >> "Connection: keep-alive[\r][\n]"
11:45:46.345 [Test worker] DEBUG com.github.dockerjava.zerodep.shaded.org.apache.hc.client5.http.wire - http-outgoing-2 >> "User-Agent: Apache-HttpClient/5.0.3 (Java/17.0.3)[\r][\n]"
11:45:46.345 [Test worker] DEBUG com.github.dockerjava.zerodep.shaded.org.apache.hc.client5.http.wire - http-outgoing-2 >> "[\r][\n]"
11:45:46.347 [Test worker] DEBUG com.github.dockerjava.zerodep.shaded.org.apache.hc.client5.http.wire - http-outgoing-2 << "HTTP/1.1 200 OK[\r][\n]"
11:45:46.347 [Test worker] DEBUG com.github.dockerjava.zerodep.shaded.org.apache.hc.client5.http.wire - http-outgoing-2 << "Api-Version: 1.41[\r][\n]"
11:45:46.347 [Test worker] DEBUG com.github.dockerjava.zerodep.shaded.org.apache.hc.client5.http.wire - http-outgoing-2 << "Content-Type: application/json[\r][\n]"
11:45:46.347 [Test worker] DEBUG com.github.dockerjava.zerodep.shaded.org.apache.hc.client5.http.wire - http-outgoing-2 << "Date: Mon, 26 Sep 2022 02:45:46 GMT[\r][\n]"
11:45:46.347 [Test worker] DEBUG com.github.dockerjava.zerodep.shaded.org.apache.hc.client5.http.wire - http-outgoing-2 << "Docker-Experimental: false[\r][\n]"
11:45:46.347 [Test worker] DEBUG com.github.dockerjava.zerodep.shaded.org.apache.hc.client5.http.wire - http-outgoing-2 << "Ostype: linux[\r][\n]"
11:45:46.347 [Test worker] DEBUG com.github.dockerjava.zerodep.shaded.org.apache.hc.client5.http.wire - http-outgoing-2 << "Server: Docker/20.10.11 (linux)[\r][\n]"
11:45:46.347 [Test worker] DEBUG com.github.dockerjava.zerodep.shaded.org.apache.hc.client5.http.wire - http-outgoing-2 << "Transfer-Encoding: chunked[\r][\n]"
11:45:46.347 [Test worker] DEBUG com.github.dockerjava.zerodep.shaded.org.apache.hc.client5.http.wire - http-outgoing-2 << "[\r][\n]"
11:45:46.347 [Test worker] DEBUG com.github.dockerjava.zerodep.shaded.org.apache.hc.client5.http.headers - http-outgoing-2 << HTTP/1.1 200 OK
11:45:46.347 [Test worker] DEBUG com.github.dockerjava.zerodep.shaded.org.apache.hc.client5.http.headers - http-outgoing-2 << Api-Version: 1.41
11:45:46.347 [Test worker] DEBUG com.github.dockerjava.zerodep.shaded.org.apache.hc.client5.http.headers - http-outgoing-2 << Content-Type: application/json
11:45:46.347 [Test worker] DEBUG com.github.dockerjava.zerodep.shaded.org.apache.hc.client5.http.headers - http-outgoing-2 << Date: Mon, 26 Sep 2022 02:45:46 GMT
11:45:46.347 [Test worker] DEBUG com.github.dockerjava.zerodep.shaded.org.apache.hc.client5.http.headers - http-outgoing-2 << Docker-Experimental: false
11:45:46.347 [Test worker] DEBUG com.github.dockerjava.zerodep.shaded.org.apache.hc.client5.http.headers - http-outgoing-2 << Ostype: linux
11:45:46.347 [Test worker] DEBUG com.github.dockerjava.zerodep.shaded.org.apache.hc.client5.http.headers - http-outgoing-2 << Server: Docker/20.10.11 (linux)
11:45:46.347 [Test worker] DEBUG com.github.dockerjava.zerodep.shaded.org.apache.hc.client5.http.headers - http-outgoing-2 << Transfer-Encoding: chunked
11:45:46.347 [Test worker] DEBUG com.github.dockerjava.zerodep.shaded.org.apache.hc.client5.http.impl.classic.MainClientExec - ex-00000064: connection can be kept alive for 3 MINUTES
11:45:46.348 [Test worker] DEBUG com.github.dockerjava.zerodep.shaded.org.apache.hc.client5.http.wire - http-outgoing-2 << "1882[\r][\n]"
11:45:46.348 [Test worker] DEBUG com.github.dockerjava.zerodep.shaded.org.apache.hc.client5.http.wire - http-outgoing-2 << "{"Id":"47a7ce05e61aa72bdced5a030ca6064519c62d122a5992816f04e0e528b5b17d","Created":"2022-09-26T02:45:36.042081626Z","Path":"docker-entrypoint.sh","Args":["mysqld"],"State":{"Status":"running","Running":true,"Paused":false,"Restarting":false,"OOMKilled":false,"Dead":false,"Pid":2251,"ExitCode":0,"Error":"","StartedAt":"2022-09-26T02:45:36.388226668Z","FinishedAt":"0001-01-01T00:00:00Z"},"Image":"sha256:5e229524f286e653111cb9d028bf1ba4c3490742c8cd18c84af22538f0e68575","ResolvConfPath":"/var/lib/docker/containers/47a7ce05e61aa72bdced5a030ca6064519c62d122a5992816f04e0e528b5b17d/resolv.conf","HostnamePath":"/var/lib/docker/containers/47a7ce05e61aa72bdced5a030ca6064519c62d122a5992816f04e0e528b5b17d/hostname","HostsPath":"/var/lib/docker/containers/47a7ce05e61aa72bdced5a030ca6064519c62d122a5992816f04e0e528b5b17d/hosts","LogPath":"/var/lib/docker/containers/47a7ce05e61aa72bdced5a030ca6064519c62d122a5992816f04e0e528b5b17d/47a7ce05e61aa72bdced5a030ca6064519c62d122a5992816f04e0e528b5b17d-json.log","Name":"/crazy_chaum","RestartCount":0,"Driver":"overlay2","Platform":"linux","MountLabel":"","ProcessLabel":"","AppArmorProfile":"","ExecIDs":null,"HostConfig":{"Binds":[],"ContainerIDFile":"","LogConfig":{"Type":"json-file","Config":{}},"NetworkMode":"default","PortBindings":{"3306/tcp":[{"HostIp":"0.0.0.0","HostPort":"0"}]},"RestartPolicy":{"Name":"","MaximumRetryCount":0},"AutoRemove":false,"VolumeDriver":"","VolumesFrom":[],"CapAdd":null,"CapDrop":null,"CgroupnsMode":"private","Dns":null,"DnsOptions":null,"DnsSearch":null,"ExtraHosts":[],"GroupAdd":null,"IpcMode":"shareable","Cgroup":"","Links":null,"OomScoreAdj":0,"PidMode":"","Privileged":false,"PublishAllPorts":false,"ReadonlyRootfs":false,"SecurityOpt":null,"UTSMode":"","UsernsMode":"","ShmSize":67108864,"Runtime":"runc","ConsoleSize":[0,0],"Isolation":"","CpuShares":0,"Memory":0,"NanoCpus":0,"CgroupParent":"","BlkioWeight":0,"BlkioWeightDevice":null,"BlkioDeviceReadBps":null,"BlkioDeviceWriteBps":null,"BlkioDeviceReadIOps":null,"BlkioDeviceWriteIOps":null,"CpuPeriod":0,"CpuQuota":0,"CpuRealtimePeriod":0,"CpuRealtimeRuntime":0,"CpusetCpus":"","CpusetMems":"","Devices":null,"DeviceCgroupRules":null,"DeviceRequests":null,"KernelMemory":0,"KernelMemoryTCP":0,"MemoryReservation":0,"MemorySwap":0,"MemorySwappiness":null,"OomKillDisable":null,"PidsLimit":null,"Ulimits":null,"CpuCount":0,"CpuPercent":0,"IOMaximumIOps":0,"IOMaximumBandwidth":0,"MaskedPaths":["/proc/asound","/proc/acpi","/proc/kcore","/proc/keys","/proc/latency_stats","/proc/timer_list","/proc/timer_stats","/proc/sched_debug","/proc/scsi","/sys/firmware"],"ReadonlyPaths":["/proc/bus","/proc/fs","/proc/irq","/proc/sys","/proc/sysrq-trigger"]},"GraphDriver":{"Data":{"LowerDir":"/var/lib/docker/overlay2/45da4782eb6c4075fef21a16271836d62c4e4726b16ef4c5ea199d4e626bdb39-init/diff:/var/lib/docker/overlay2/27a623f1ab748258e017a40f339844ef533377092bad4182aa320e9399893e13/diff:/var/lib/docker/overlay2/d7c1e4de558b6bbbdc3209a51fc73295262b5271709fe659d0e2e94f626eea74/diff:/var/lib/docker/overlay2/2df554f793c3600571e2f078ad2e20025d6b2e35f3d18881ead4f70e2cc26cb8/diff:/var/lib/docker/overlay2/feb23515577245ad51a24945de1e6bab842929569da912a2b4a33a48c6c2331f/diff:/var/lib/docker/overlay2/cc2cdbce154e19d9c4f376917b6c92ebd55b0b495124ffd2c9d7e9c82b6a95f9/diff:/var/lib/docker/overlay2/968467fe01280f82d26487386f320a15000815d63000d5ec89b47acca8f77ef2/diff:/var/lib/docker/overlay2/cc59daa314bbcaec43d6cd4064c7863b4b3976b989121dcf2e32c4710281f247/diff:/var/lib/docker/overlay2/dc5d8b1cf96cfd5d96d68fbed14248edf1244c1a4669ba07b0bab7f3d782f058/diff:/var/lib/docker/overlay2/dcca184158d696706cd99e62ffa3e5c42964eb57190bef35421cdf3f83a8c130/diff:/var/lib/docker/overlay2/a7f928596da67ce59f34b0ba4cee4a3b948b94f91ad0b0b6260dc54fb9b5a048/diff:/var/lib/docker/overlay2/6ac5adbfff6202b1faa13a2a2fd92625bdda668cdac1a1d2230becbb394e569f/diff","MergedDir":"/var/lib/docker/overlay2/45da4782eb6c4075fef21a16271836d62c4e4726b16ef4c5ea199d4e626bdb39/merged","UpperDir":"/var/lib/docker/overlay2/45da4782eb6c4075fef21a16271836d62c4e4726b16ef4c5ea199d4e626bdb39/diff","WorkDir":"/var/lib/docker/overlay2/45da4782eb6c4075fef21a16271836d62c4e4726b16ef4c5ea199d4e626bdb39/work"},"Name":"overlay2"},"Mounts":[{"Type":"volume","Name":"08668a73464516d2c615e247a561222f461f2385cff5615e53cc78e96456230c","Source":"/var/lib/docker/volumes/08668a73464516d2c615e247a561222f461f2385cff5615e53cc78e96456230c/_data","Destination":"/var/lib/mysql","Driver":"local","Mode":"","RW":true,"Propagation":""}],"Config":{"Hostname":"47a7ce05e61a","Domainname":"","User":"","AttachStdin":false,"AttachStdout":false,"AttachStderr":false,"ExposedPorts":{"3306/tcp":{},"33060/tcp":{}},"Tty":false,"OpenStdin":false,"StdinOnce":false,"Env":["MYSQL_DATABASE=lotification","MYSQL_PASSWORD=1234","MYSQL_USER=admin","MYSQL_ROOT_PASSWORD=1234","PATH=/usr/local/sbin:/usr/local/bin:/usr/sbin:/usr/bin:/sbin:/bin","GOSU_VERSION=1.14","MYSQL_MAJOR=8.0","MYSQL_VERSION=8.0.30-1.el8","MYSQL_SHELL_VERSION=8.0.30-1.el8"],"Cmd":["mysqld"],"Image":"mysql:8","Volumes":{"/var/lib/mysql":{}},"WorkingDir":"","Entrypoint":["docker-entrypoint.sh"],"OnBuild":null,"Labels":{"org.testcontainers":"true","org.testcontainers.sessionId":"c5b4bded-8a7b-4309-a94c-5bb153977152"}},"NetworkSettings":{"Bridge":"","SandboxID":"c87f478ec31081a2fc02a6d53fa5addc8f61962dea8dd5c17c1c641e1a25e99b","HairpinMode":false,"LinkLocalIPv6Address":"","LinkLocalIPv6PrefixLen":0,"Ports":{"3306/tcp":[{"HostIp":"0.0.0.0","HostPort":"63346"}],"33060/tcp":null},"SandboxKey":"/var/run/docker/netns/c87f478ec310","SecondaryIPAddresses":null,"SecondaryIPv6Addresses":null,"EndpointID":"7830774c518a6ae45bc93e5b48bd99e8a609aa29230b007326fa87b5ca32567f","Gateway":"172.17.0.1","GlobalIPv6Address":"","GlobalIPv6PrefixLen":0,"IPAddress":"172.17.0.4","IPPrefixLen":16,"IPv6Gateway":"","MacAddress":"02:42:ac:11:00:04","Networks":{"bridge":{"IPAMConfig":null,"Links":null,"Aliases":null,"NetworkID":"42b943ace1ba272d06317befbba08f853c5a08f211a0bdf3660599ced98f9c17","EndpointID":"7830774c518a6ae45bc93e5b48bd99e8a609aa29230b007326fa87b5ca32567f","Gateway":"172.17.0.1","IPAddress":"172.17.0.4","IPPrefixLen":16,"IPv6Gateway":"","GlobalIPv6Address":"","GlobalIPv6PrefixLen":0,"MacAddress":"02:42:ac:11:00:04","DriverOpts":null}}}}[\n]"
11:45:46.348 [Test worker] DEBUG com.github.dockerjava.zerodep.shaded.org.apache.hc.client5.http.wire - http-outgoing-2 << "[\r][\n]"
11:45:46.348 [Test worker] DEBUG com.github.dockerjava.zerodep.shaded.org.apache.hc.client5.http.wire - http-outgoing-2 << "0[\r][\n]"
11:45:46.348 [Test worker] DEBUG com.github.dockerjava.zerodep.shaded.org.apache.hc.client5.http.wire - http-outgoing-2 << "[\r][\n]"
11:45:46.348 [Test worker] DEBUG com.github.dockerjava.zerodep.shaded.org.apache.hc.client5.http.impl.classic.InternalHttpClient - ep-00000063: releasing valid endpoint
11:45:46.348 [Test worker] DEBUG com.github.dockerjava.zerodep.shaded.org.apache.hc.client5.http.impl.io.PoolingHttpClientConnectionManager - ep-00000063: releasing endpoint
11:45:46.348 [Test worker] DEBUG com.github.dockerjava.zerodep.shaded.org.apache.hc.client5.http.impl.io.PoolingHttpClientConnectionManager - ep-00000063: connection http-outgoing-2 can be kept alive for 3 MINUTES
11:45:46.348 [Test worker] DEBUG com.github.dockerjava.zerodep.shaded.org.apache.hc.client5.http.impl.io.PoolingHttpClientConnectionManager - ep-00000063: connection released [route: {}->unix://localhost:2375][total available: 1; route allocated: 1 of 2147483647; total allocated: 1 of 2147483647]
11:45:46.348 [Test worker] DEBUG ]]>&#x1f433;<![CDATA[ [mysql:8] - Trying to create JDBC connection using com.mysql.cj.jdbc.Driver to jdbc:mysql://localhost:63346/lotification?useSSL=false&allowPublicKeyRetrieval=true with properties: {password=1234, user=admin}
11:45:46.394 [Test worker] INFO ]]>&#x1f433;<![CDATA[ [mysql:8] - Container is started (JDBC URL: jdbc:mysql://localhost:63346/lotification)
11:45:46.395 [Test worker] INFO ]]>&#x1f433;<![CDATA[ [mysql:8] - Container mysql:8 started in PT10.375729S
11:45:46.403 [Test worker] DEBUG org.springframework.test.context.BootstrapUtils - Instantiating CacheAwareContextLoaderDelegate from class [org.springframework.test.context.cache.DefaultCacheAwareContextLoaderDelegate]
11:45:46.406 [Test worker] DEBUG org.springframework.test.context.BootstrapUtils - Instantiating BootstrapContext using constructor [public org.springframework.test.context.support.DefaultBootstrapContext(java.lang.Class,org.springframework.test.context.CacheAwareContextLoaderDelegate)]
11:45:46.426 [Test worker] DEBUG org.springframework.test.context.BootstrapUtils - Instantiating TestContextBootstrapper for test class [net.weather.user.repository.UserRepositoryTest] from class [org.springframework.boot.test.autoconfigure.orm.jpa.DataJpaTestContextBootstrapper]
11:45:46.434 [Test worker] INFO org.springframework.boot.test.autoconfigure.orm.jpa.DataJpaTestContextBootstrapper - Neither @ContextConfiguration nor @ContextHierarchy found for test class [net.weather.user.repository.UserRepositoryTest], using SpringBootContextLoader
11:45:46.436 [Test worker] DEBUG org.springframework.test.context.support.AbstractContextLoader - Did not detect default resource location for test class [net.weather.user.repository.UserRepositoryTest]: class path resource [net/weather/user/repository/UserRepositoryTest-context.xml] does not exist
11:45:46.436 [Test worker] DEBUG org.springframework.test.context.support.AbstractContextLoader - Did not detect default resource location for test class [net.weather.user.repository.UserRepositoryTest]: class path resource [net/weather/user/repository/UserRepositoryTestContext.groovy] does not exist
11:45:46.437 [Test worker] INFO org.springframework.test.context.support.AbstractContextLoader - Could not detect default resource locations for test class [net.weather.user.repository.UserRepositoryTest]: no resource found for suffixes {-context.xml, Context.groovy}.
11:45:46.437 [Test worker] INFO org.springframework.test.context.support.AnnotationConfigContextLoaderUtils - Could not detect default configuration classes for test class [net.weather.user.repository.UserRepositoryTest]: UserRepositoryTest does not declare any static, non-private, non-final, nested classes annotated with @Configuration.
11:45:46.467 [Test worker] DEBUG org.springframework.test.context.support.ActiveProfilesUtils - Could not find an 'annotation declaring class' for annotation type [org.springframework.test.context.ActiveProfiles] and class [net.weather.user.repository.UserRepositoryTest]
11:45:46.492 [Test worker] DEBUG org.springframework.context.annotation.ClassPathScanningCandidateComponentProvider - Identified candidate component class: file [/Users/taeyoung/Documents/Lotification/backend/Lotification/lotification-data-user/build/classes/java/main/net/weather/DataUserApplication.class]
11:45:46.492 [Test worker] INFO org.springframework.boot.test.context.SpringBootTestContextBootstrapper - Found @SpringBootConfiguration net.weather.DataUserApplication for test class net.weather.user.repository.UserRepositoryTest
11:45:46.494 [Test worker] DEBUG org.springframework.boot.test.autoconfigure.orm.jpa.DataJpaTestContextBootstrapper - @TestExecutionListeners is not present for class [net.weather.user.repository.UserRepositoryTest]: using defaults.
11:45:46.494 [Test worker] INFO org.springframework.boot.test.autoconfigure.orm.jpa.DataJpaTestContextBootstrapper - Loaded default TestExecutionListener class names from location [META-INF/spring.factories]: [org.springframework.boot.test.autoconfigure.restdocs.RestDocsTestExecutionListener, org.springframework.boot.test.autoconfigure.web.client.MockRestServiceServerResetTestExecutionListener, org.springframework.boot.test.autoconfigure.web.servlet.MockMvcPrintOnlyOnFailureTestExecutionListener, org.springframework.boot.test.autoconfigure.web.servlet.WebDriverTestExecutionListener, org.springframework.boot.test.autoconfigure.webservices.client.MockWebServiceServerTestExecutionListener, org.springframework.boot.test.mock.mockito.MockitoTestExecutionListener, org.springframework.boot.test.mock.mockito.ResetMocksTestExecutionListener, org.springframework.test.context.web.ServletTestExecutionListener, org.springframework.test.context.support.DirtiesContextBeforeModesTestExecutionListener, org.springframework.test.context.event.ApplicationEventsTestExecutionListener, org.springframework.test.context.support.DependencyInjectionTestExecutionListener, org.springframework.test.context.support.DirtiesContextTestExecutionListener, org.springframework.test.context.transaction.TransactionalTestExecutionListener, org.springframework.test.context.jdbc.SqlScriptsTestExecutionListener, org.springframework.test.context.event.EventPublishingTestExecutionListener]
11:45:46.498 [Test worker] DEBUG org.springframework.boot.test.autoconfigure.orm.jpa.DataJpaTestContextBootstrapper - Skipping candidate TestExecutionListener [org.springframework.test.context.web.ServletTestExecutionListener] due to a missing dependency. Specify custom listener classes or make the default listener classes and their required dependencies available. Offending class: [javax/servlet/ServletContext]
11:45:46.501 [Test worker] INFO org.springframework.boot.test.autoconfigure.orm.jpa.DataJpaTestContextBootstrapper - Using TestExecutionListeners: [org.springframework.test.context.support.DirtiesContextBeforeModesTestExecutionListener@625dfff3, org.springframework.test.context.event.ApplicationEventsTestExecutionListener@26350ea2, org.springframework.boot.test.mock.mockito.MockitoTestExecutionListener@1e9469b8, org.springframework.boot.test.autoconfigure.SpringBootDependencyInjectionTestExecutionListener@5a08efdc, org.springframework.test.context.support.DirtiesContextTestExecutionListener@57272109, org.springframework.test.context.transaction.TransactionalTestExecutionListener@59696551, org.springframework.test.context.jdbc.SqlScriptsTestExecutionListener@648d0e6d, org.springframework.test.context.event.EventPublishingTestExecutionListener@79e66b2f, org.springframework.boot.test.autoconfigure.restdocs.RestDocsTestExecutionListener@17273273, org.springframework.boot.test.autoconfigure.web.client.MockRestServiceServerResetTestExecutionListener@5f69e2b, org.springframework.boot.test.autoconfigure.web.servlet.MockMvcPrintOnlyOnFailureTestExecutionListener@984169e, org.springframework.boot.test.autoconfigure.web.servlet.WebDriverTestExecutionListener@43f1bb92, org.springframework.boot.test.autoconfigure.webservices.client.MockWebServiceServerTestExecutionListener@6d6bbd35, org.springframework.boot.test.mock.mockito.ResetMocksTestExecutionListener@5c5d6175]
11:45:46.503 [Test worker] DEBUG org.springframework.test.context.support.AbstractDirtiesContextTestExecutionListener - Before test class: context [DefaultTestContext@2eeb0f9b testClass = UserRepositoryTest, testInstance = [null], testMethod = [null], testException = [null], mergedContextConfiguration = [MergedContextConfiguration@1b1c538d testClass = UserRepositoryTest, locations = '{}', classes = '{class net.weather.DataUserApplication}', contextInitializerClasses = '[]', activeProfiles = '{}', propertySourceLocations = '{}', propertySourceProperties = '{org.springframework.boot.test.autoconfigure.orm.jpa.DataJpaTestContextBootstrapper=true}', contextCustomizers = set[org.springframework.boot.test.autoconfigure.OverrideAutoConfigurationContextCustomizerFactory$DisableAutoConfigurationContextCustomizer@71978f46, org.springframework.boot.test.autoconfigure.actuate.metrics.MetricsExportContextCustomizerFactory$DisableMetricExportContextCustomizer@3414a8c3, org.springframework.boot.test.autoconfigure.filter.TypeExcludeFiltersContextCustomizer@351584c0, org.springframework.boot.test.autoconfigure.properties.PropertyMappingContextCustomizer@9aa98f89, org.springframework.boot.test.autoconfigure.web.servlet.WebDriverContextCustomizerFactory$Customizer@7718a40f, [ImportsContextCustomizer@1645f294 key = [org.springframework.boot.autoconfigure.cache.CacheAutoConfiguration, org.springframework.boot.autoconfigure.data.jpa.JpaRepositoriesAutoConfiguration, org.springframework.boot.autoconfigure.flyway.FlywayAutoConfiguration, org.springframework.boot.autoconfigure.jdbc.DataSourceAutoConfiguration, org.springframework.boot.autoconfigure.jdbc.DataSourceTransactionManagerAutoConfiguration, org.springframework.boot.autoconfigure.jdbc.JdbcTemplateAutoConfiguration, org.springframework.boot.autoconfigure.liquibase.LiquibaseAutoConfiguration, org.springframework.boot.autoconfigure.orm.jpa.HibernateJpaAutoConfiguration, org.springframework.boot.autoconfigure.sql.init.SqlInitializationAutoConfiguration, org.springframework.boot.autoconfigure.transaction.TransactionAutoConfiguration, org.springframework.boot.test.autoconfigure.jdbc.TestDatabaseAutoConfiguration, org.springframework.boot.test.autoconfigure.orm.jpa.TestEntityManagerAutoConfiguration]], org.springframework.boot.test.context.filter.ExcludeFilterContextCustomizer@2f37f1f9, org.springframework.boot.test.json.DuplicateJsonObjectContextCustomizerFactory$DuplicateJsonObjectContextCustomizer@587a1cfb, org.springframework.boot.test.mock.mockito.MockitoContextCustomizer@0, org.springframework.boot.test.context.SpringBootTestArgs@1, org.springframework.boot.test.context.SpringBootTestWebEnvironment@0], contextLoader = 'org.springframework.boot.test.context.SpringBootContextLoader', parent = [null]], attributes = map[[empty]]], class annotated with @DirtiesContext [false] with mode [null].
11:45:46.509 [Test worker] DEBUG org.springframework.test.context.support.DependencyInjectionTestExecutionListener - Performing dependency injection for test context [[DefaultTestContext@2eeb0f9b testClass = UserRepositoryTest, testInstance = net.weather.user.repository.UserRepositoryTest@e4e1ef5, testMethod = [null], testException = [null], mergedContextConfiguration = [MergedContextConfiguration@1b1c538d testClass = UserRepositoryTest, locations = '{}', classes = '{class net.weather.DataUserApplication}', contextInitializerClasses = '[]', activeProfiles = '{}', propertySourceLocations = '{}', propertySourceProperties = '{org.springframework.boot.test.autoconfigure.orm.jpa.DataJpaTestContextBootstrapper=true}', contextCustomizers = set[org.springframework.boot.test.autoconfigure.OverrideAutoConfigurationContextCustomizerFactory$DisableAutoConfigurationContextCustomizer@71978f46, org.springframework.boot.test.autoconfigure.actuate.metrics.MetricsExportContextCustomizerFactory$DisableMetricExportContextCustomizer@3414a8c3, org.springframework.boot.test.autoconfigure.filter.TypeExcludeFiltersContextCustomizer@351584c0, org.springframework.boot.test.autoconfigure.properties.PropertyMappingContextCustomizer@9aa98f89, org.springframework.boot.test.autoconfigure.web.servlet.WebDriverContextCustomizerFactory$Customizer@7718a40f, [ImportsContextCustomizer@1645f294 key = [org.springframework.boot.autoconfigure.cache.CacheAutoConfiguration, org.springframework.boot.autoconfigure.data.jpa.JpaRepositoriesAutoConfiguration, org.springframework.boot.autoconfigure.flyway.FlywayAutoConfiguration, org.springframework.boot.autoconfigure.jdbc.DataSourceAutoConfiguration, org.springframework.boot.autoconfigure.jdbc.DataSourceTransactionManagerAutoConfiguration, org.springframework.boot.autoconfigure.jdbc.JdbcTemplateAutoConfiguration, org.springframework.boot.autoconfigure.liquibase.LiquibaseAutoConfiguration, org.springframework.boot.autoconfigure.orm.jpa.HibernateJpaAutoConfiguration, org.springframework.boot.autoconfigure.sql.init.SqlInitializationAutoConfiguration, org.springframework.boot.autoconfigure.transaction.TransactionAutoConfiguration, org.springframework.boot.test.autoconfigure.jdbc.TestDatabaseAutoConfiguration, org.springframework.boot.test.autoconfigure.orm.jpa.TestEntityManagerAutoConfiguration]], org.springframework.boot.test.context.filter.ExcludeFilterContextCustomizer@2f37f1f9, org.springframework.boot.test.json.DuplicateJsonObjectContextCustomizerFactory$DuplicateJsonObjectContextCustomizer@587a1cfb, org.springframework.boot.test.mock.mockito.MockitoContextCustomizer@0, org.springframework.boot.test.context.SpringBootTestArgs@1, org.springframework.boot.test.context.SpringBootTestWebEnvironment@0], contextLoader = 'org.springframework.boot.test.context.SpringBootContextLoader', parent = [null]], attributes = map['org.springframework.test.context.event.ApplicationEventsTestExecutionListener.recordApplicationEvents' -> false]]].

  .   ____          _            __ _ _
 /\\ / ___'_ __ _ _(_)_ __  __ _ \ \ \ \
( ( )\___ | '_ | '_| | '_ \/ _` | \ \ \ \
 \\/  ___)| |_)| | | | | || (_| |  ) ) ) )
  '  |____| .__|_| |_|_| |_\__, | / / / /
 =========|_|==============|___/=/_/_/_/
 :: Spring Boot ::                (v2.7.4)

2022-09-26 11:45:46.673  INFO 95014 --- [    Test worker] n.w.user.repository.UserRepositoryTest   : Starting UserRepositoryTest using Java 17.0.3 on MacBook-Pro with PID 95014 (started by taeyoung in /Users/taeyoung/Documents/Lotification/backend/Lotification/lotification-data-user)
2022-09-26 11:45:46.673  INFO 95014 --- [    Test worker] n.w.user.repository.UserRepositoryTest   : No active profile set, falling back to 1 default profile: "default"
2022-09-26 11:45:46.805  INFO 95014 --- [    Test worker] .s.d.r.c.RepositoryConfigurationDelegate : Bootstrapping Spring Data JPA repositories in DEFAULT mode.
2022-09-26 11:45:46.826  INFO 95014 --- [    Test worker] .s.d.r.c.RepositoryConfigurationDelegate : Finished Spring Data repository scanning in 17 ms. Found 1 JPA repository interfaces.
2022-09-26 11:45:47.014  INFO 95014 --- [    Test worker] o.hibernate.jpa.internal.util.LogHelper  : HHH000204: Processing PersistenceUnitInfo [name: default]
2022-09-26 11:45:47.037  INFO 95014 --- [    Test worker] org.hibernate.Version                    : HHH000412: Hibernate ORM core version 5.6.11.Final
2022-09-26 11:45:47.122  INFO 95014 --- [    Test worker] o.hibernate.annotations.common.Version   : HCANN000001: Hibernate Commons Annotations {5.1.2.Final}
2022-09-26 11:45:47.165  INFO 95014 --- [    Test worker] com.zaxxer.hikari.HikariDataSource       : HikariPool-1 - Starting...
2022-09-26 11:45:47.170  INFO 95014 --- [    Test worker] ]]>&#x1f433;<![CDATA[ [mysql:5.7.34]                        : Creating container for image: mysql:5.7.34
2022-09-26 11:45:47.262  INFO 95014 --- [    Test worker] ]]>&#x1f433;<![CDATA[ [mysql:5.7.34]                        : Container mysql:5.7.34 is starting: cc92c27e056cb4b7a44c8e5aa38f653a0a3515ad0d69a135d8e40a9cf14339f0
2022-09-26 11:45:47.483  INFO 95014 --- [    Test worker] ]]>&#x1f433;<![CDATA[ [mysql:5.7.34]                        : Waiting for database connection to become available at jdbc:mysql://localhost:63480/test using query 'SELECT 1'
2022-09-26 11:46:05.553  INFO 95014 --- [    Test worker] ]]>&#x1f433;<![CDATA[ [mysql:5.7.34]                        : Container is started (JDBC URL: jdbc:mysql://localhost:63480/test)
2022-09-26 11:46:05.554  INFO 95014 --- [    Test worker] ]]>&#x1f433;<![CDATA[ [mysql:5.7.34]                        : Container mysql:5.7.34 started in PT18.383485S
2022-09-26 11:46:05.575  INFO 95014 --- [    Test worker] com.zaxxer.hikari.HikariDataSource       : HikariPool-1 - Start completed.
2022-09-26 11:46:05.585  INFO 95014 --- [    Test worker] org.hibernate.dialect.Dialect            : HHH000400: Using dialect: org.hibernate.dialect.MySQL57Dialect
Hibernate: 
    
    drop table if exists users
Hibernate: 
    
    create table users (
       users_id bigint not null auto_increment,
        name varchar(255),
        primary key (users_id)
    ) engine=InnoDB
2022-09-26 11:46:05.880  INFO 95014 --- [    Test worker] o.h.e.t.j.p.i.JtaPlatformInitiator       : HHH000490: Using JtaPlatform implementation: [org.hibernate.engine.transaction.jta.platform.internal.NoJtaPlatform]
2022-09-26 11:46:05.885  INFO 95014 --- [    Test worker] j.LocalContainerEntityManagerFactoryBean : Initialized JPA EntityManagerFactory for persistence unit 'default'
2022-09-26 11:46:06.058  INFO 95014 --- [    Test worker] n.w.user.repository.UserRepositoryTest   : Started UserRepositoryTest in 19.536 seconds (JVM running for 31.466)
2022-09-26 11:46:06.072  INFO 95014 --- [    Test worker] o.s.t.c.transaction.TransactionContext   : Began transaction (1) for test context [DefaultTestContext@2eeb0f9b testClass = UserRepositoryTest, testInstance = net.weather.user.repository.UserRepositoryTest@e4e1ef5, testMethod = test1@UserRepositoryTest, testException = [null], mergedContextConfiguration = [MergedContextConfiguration@1b1c538d testClass = UserRepositoryTest, locations = '{}', classes = '{class net.weather.DataUserApplication}', contextInitializerClasses = '[]', activeProfiles = '{}', propertySourceLocations = '{}', propertySourceProperties = '{org.springframework.boot.test.autoconfigure.orm.jpa.DataJpaTestContextBootstrapper=true}', contextCustomizers = set[org.springframework.boot.test.autoconfigure.OverrideAutoConfigurationContextCustomizerFactory$DisableAutoConfigurationContextCustomizer@71978f46, org.springframework.boot.test.autoconfigure.actuate.metrics.MetricsExportContextCustomizerFactory$DisableMetricExportContextCustomizer@3414a8c3, org.springframework.boot.test.autoconfigure.filter.TypeExcludeFiltersContextCustomizer@351584c0, org.springframework.boot.test.autoconfigure.properties.PropertyMappingContextCustomizer@9aa98f89, org.springframework.boot.test.autoconfigure.web.servlet.WebDriverContextCustomizerFactory$Customizer@7718a40f, [ImportsContextCustomizer@1645f294 key = [org.springframework.boot.autoconfigure.cache.CacheAutoConfiguration, org.springframework.boot.autoconfigure.data.jpa.JpaRepositoriesAutoConfiguration, org.springframework.boot.autoconfigure.flyway.FlywayAutoConfiguration, org.springframework.boot.autoconfigure.jdbc.DataSourceAutoConfiguration, org.springframework.boot.autoconfigure.jdbc.DataSourceTransactionManagerAutoConfiguration, org.springframework.boot.autoconfigure.jdbc.JdbcTemplateAutoConfiguration, org.springframework.boot.autoconfigure.liquibase.LiquibaseAutoConfiguration, org.springframework.boot.autoconfigure.orm.jpa.HibernateJpaAutoConfiguration, org.springframework.boot.autoconfigure.sql.init.SqlInitializationAutoConfiguration, org.springframework.boot.autoconfigure.transaction.TransactionAutoConfiguration, org.springframework.boot.test.autoconfigure.jdbc.TestDatabaseAutoConfiguration, org.springframework.boot.test.autoconfigure.orm.jpa.TestEntityManagerAutoConfiguration]], org.springframework.boot.test.context.filter.ExcludeFilterContextCustomizer@2f37f1f9, org.springframework.boot.test.json.DuplicateJsonObjectContextCustomizerFactory$DuplicateJsonObjectContextCustomizer@587a1cfb, org.springframework.boot.test.mock.mockito.MockitoContextCustomizer@0, org.springframework.boot.test.context.SpringBootTestArgs@1, org.springframework.boot.test.context.SpringBootTestWebEnvironment@0], contextLoader = 'org.springframework.boot.test.context.SpringBootContextLoader', parent = [null]], attributes = map['org.springframework.test.context.event.ApplicationEventsTestExecutionListener.recordApplicationEvents' -> false]]; transaction manager [org.springframework.orm.jpa.JpaTransactionManager@64fba3e6]; rollback [true]
Hibernate: 
    select
        user0_.users_id as users_id1_0_,
        user0_.name as name2_0_ 
    from
        users user0_
Hibernate: 
    insert 
    into
        users
        (name) 
    values
        (?)
Hibernate: 
    insert 
    into
        users
        (name) 
    values
        (?)
Hibernate: 
    select
        user0_.users_id as users_id1_0_,
        user0_.name as name2_0_ 
    from
        users user0_
2022-09-26 11:46:06.304  INFO 95014 --- [    Test worker] o.s.t.c.transaction.TransactionContext   : Rolled back transaction for test: [DefaultTestContext@2eeb0f9b testClass = UserRepositoryTest, testInstance = net.weather.user.repository.UserRepositoryTest@e4e1ef5, testMethod = test1@UserRepositoryTest, testException = [null], mergedContextConfiguration = [MergedContextConfiguration@1b1c538d testClass = UserRepositoryTest, locations = '{}', classes = '{class net.weather.DataUserApplication}', contextInitializerClasses = '[]', activeProfiles = '{}', propertySourceLocations = '{}', propertySourceProperties = '{org.springframework.boot.test.autoconfigure.orm.jpa.DataJpaTestContextBootstrapper=true}', contextCustomizers = set[org.springframework.boot.test.autoconfigure.OverrideAutoConfigurationContextCustomizerFactory$DisableAutoConfigurationContextCustomizer@71978f46, org.springframework.boot.test.autoconfigure.actuate.metrics.MetricsExportContextCustomizerFactory$DisableMetricExportContextCustomizer@3414a8c3, org.springframework.boot.test.autoconfigure.filter.TypeExcludeFiltersContextCustomizer@351584c0, org.springframework.boot.test.autoconfigure.properties.PropertyMappingContextCustomizer@9aa98f89, org.springframework.boot.test.autoconfigure.web.servlet.WebDriverContextCustomizerFactory$Customizer@7718a40f, [ImportsContextCustomizer@1645f294 key = [org.springframework.boot.autoconfigure.cache.CacheAutoConfiguration, org.springframework.boot.autoconfigure.data.jpa.JpaRepositoriesAutoConfiguration, org.springframework.boot.autoconfigure.flyway.FlywayAutoConfiguration, org.springframework.boot.autoconfigure.jdbc.DataSourceAutoConfiguration, org.springframework.boot.autoconfigure.jdbc.DataSourceTransactionManagerAutoConfiguration, org.springframework.boot.autoconfigure.jdbc.JdbcTemplateAutoConfiguration, org.springframework.boot.autoconfigure.liquibase.LiquibaseAutoConfiguration, org.springframework.boot.autoconfigure.orm.jpa.HibernateJpaAutoConfiguration, org.springframework.boot.autoconfigure.sql.init.SqlInitializationAutoConfiguration, org.springframework.boot.autoconfigure.transaction.TransactionAutoConfiguration, org.springframework.boot.test.autoconfigure.jdbc.TestDatabaseAutoConfiguration, org.springframework.boot.test.autoconfigure.orm.jpa.TestEntityManagerAutoConfiguration]], org.springframework.boot.test.context.filter.ExcludeFilterContextCustomizer@2f37f1f9, org.springframework.boot.test.json.DuplicateJsonObjectContextCustomizerFactory$DuplicateJsonObjectContextCustomizer@587a1cfb, org.springframework.boot.test.mock.mockito.MockitoContextCustomizer@0, org.springframework.boot.test.context.SpringBootTestArgs@1, org.springframework.boot.test.context.SpringBootTestWebEnvironment@0], contextLoader = 'org.springframework.boot.test.context.SpringBootContextLoader', parent = [null]], attributes = map['org.springframework.test.context.event.ApplicationEventsTestExecutionListener.recordApplicationEvents' -> false]]
]]></system-out>
  <system-err><![CDATA[]]></system-err>
</testsuite>
