<?xml version="1.0" encoding="UTF-8"?>
<testsuite name="net.weather.riot.RiotApiTest" tests="1" skipped="0" failures="0" errors="0" timestamp="2022-10-01T06:11:49" hostname="MacBook-Pro.local" time="1.217">
  <properties/>
  <testcase name="current_game_info()" classname="net.weather.riot.RiotApiTest" time="1.217"/>
  <system-out><![CDATA[15:11:49.115 [Test worker] DEBUG org.springframework.test.context.BootstrapUtils - Instantiating CacheAwareContextLoaderDelegate from class [org.springframework.test.context.cache.DefaultCacheAwareContextLoaderDelegate]
15:11:49.120 [Test worker] DEBUG org.springframework.test.context.BootstrapUtils - Instantiating BootstrapContext using constructor [public org.springframework.test.context.support.DefaultBootstrapContext(java.lang.Class,org.springframework.test.context.CacheAwareContextLoaderDelegate)]
15:11:49.133 [Test worker] DEBUG org.springframework.test.context.BootstrapUtils - Instantiating TestContextBootstrapper for test class [net.weather.riot.RiotApiTest] from class [org.springframework.boot.test.context.SpringBootTestContextBootstrapper]
15:11:49.139 [Test worker] INFO org.springframework.boot.test.context.SpringBootTestContextBootstrapper - Neither @ContextConfiguration nor @ContextHierarchy found for test class [net.weather.riot.RiotApiTest], using SpringBootContextLoader
15:11:49.140 [Test worker] DEBUG org.springframework.test.context.support.AbstractContextLoader - Did not detect default resource location for test class [net.weather.riot.RiotApiTest]: class path resource [net/weather/riot/RiotApiTest-context.xml] does not exist
15:11:49.141 [Test worker] DEBUG org.springframework.test.context.support.AbstractContextLoader - Did not detect default resource location for test class [net.weather.riot.RiotApiTest]: class path resource [net/weather/riot/RiotApiTestContext.groovy] does not exist
15:11:49.141 [Test worker] INFO org.springframework.test.context.support.AbstractContextLoader - Could not detect default resource locations for test class [net.weather.riot.RiotApiTest]: no resource found for suffixes {-context.xml, Context.groovy}.
15:11:49.141 [Test worker] INFO org.springframework.test.context.support.AnnotationConfigContextLoaderUtils - Could not detect default configuration classes for test class [net.weather.riot.RiotApiTest]: RiotApiTest does not declare any static, non-private, non-final, nested classes annotated with @Configuration.
15:11:49.159 [Test worker] DEBUG org.springframework.test.context.support.ActiveProfilesUtils - Could not find an 'annotation declaring class' for annotation type [org.springframework.test.context.ActiveProfiles] and class [net.weather.riot.RiotApiTest]
15:11:49.188 [Test worker] DEBUG org.springframework.context.annotation.ClassPathScanningCandidateComponentProvider - Identified candidate component class: file [/Users/taeyoung/Documents/Lotification/backend/Lotification/lotification-infra-riot/build/classes/java/main/net/weather/InfraRiotApplication.class]
15:11:49.188 [Test worker] INFO org.springframework.boot.test.context.SpringBootTestContextBootstrapper - Found @SpringBootConfiguration net.weather.InfraRiotApplication for test class net.weather.riot.RiotApiTest
15:11:49.219 [Test worker] DEBUG org.springframework.boot.test.context.SpringBootTestContextBootstrapper - @TestExecutionListeners is not present for class [net.weather.riot.RiotApiTest]: using defaults.
15:11:49.219 [Test worker] INFO org.springframework.boot.test.context.SpringBootTestContextBootstrapper - Loaded default TestExecutionListener class names from location [META-INF/spring.factories]: [org.springframework.boot.test.autoconfigure.restdocs.RestDocsTestExecutionListener, org.springframework.boot.test.autoconfigure.web.client.MockRestServiceServerResetTestExecutionListener, org.springframework.boot.test.autoconfigure.web.servlet.MockMvcPrintOnlyOnFailureTestExecutionListener, org.springframework.boot.test.autoconfigure.web.servlet.WebDriverTestExecutionListener, org.springframework.boot.test.autoconfigure.webservices.client.MockWebServiceServerTestExecutionListener, org.springframework.boot.test.mock.mockito.MockitoTestExecutionListener, org.springframework.boot.test.mock.mockito.ResetMocksTestExecutionListener, org.springframework.test.context.web.ServletTestExecutionListener, org.springframework.test.context.support.DirtiesContextBeforeModesTestExecutionListener, org.springframework.test.context.event.ApplicationEventsTestExecutionListener, org.springframework.test.context.support.DependencyInjectionTestExecutionListener, org.springframework.test.context.support.DirtiesContextTestExecutionListener, org.springframework.test.context.transaction.TransactionalTestExecutionListener, org.springframework.test.context.jdbc.SqlScriptsTestExecutionListener, org.springframework.test.context.event.EventPublishingTestExecutionListener]
15:11:49.222 [Test worker] DEBUG org.springframework.boot.test.context.SpringBootTestContextBootstrapper - Skipping candidate TestExecutionListener [org.springframework.test.context.web.ServletTestExecutionListener] due to a missing dependency. Specify custom listener classes or make the default listener classes and their required dependencies available. Offending class: [javax/servlet/ServletContext]
15:11:49.223 [Test worker] DEBUG org.springframework.boot.test.context.SpringBootTestContextBootstrapper - Skipping candidate TestExecutionListener [org.springframework.test.context.transaction.TransactionalTestExecutionListener] due to a missing dependency. Specify custom listener classes or make the default listener classes and their required dependencies available. Offending class: [org/springframework/transaction/interceptor/TransactionAttributeSource]
15:11:49.223 [Test worker] DEBUG org.springframework.boot.test.context.SpringBootTestContextBootstrapper - Skipping candidate TestExecutionListener [org.springframework.test.context.jdbc.SqlScriptsTestExecutionListener] due to a missing dependency. Specify custom listener classes or make the default listener classes and their required dependencies available. Offending class: [org/springframework/transaction/interceptor/TransactionAttribute]
15:11:49.223 [Test worker] INFO org.springframework.boot.test.context.SpringBootTestContextBootstrapper - Using TestExecutionListeners: [org.springframework.test.context.support.DirtiesContextBeforeModesTestExecutionListener@4cc6fa2a, org.springframework.test.context.event.ApplicationEventsTestExecutionListener@40f1be1b, org.springframework.boot.test.mock.mockito.MockitoTestExecutionListener@7a791b66, org.springframework.boot.test.autoconfigure.SpringBootDependencyInjectionTestExecutionListener@6f2cb653, org.springframework.test.context.support.DirtiesContextTestExecutionListener@14c01636, org.springframework.test.context.event.EventPublishingTestExecutionListener@590c73d3, org.springframework.boot.test.autoconfigure.restdocs.RestDocsTestExecutionListener@6b9ce1bf, org.springframework.boot.test.autoconfigure.web.client.MockRestServiceServerResetTestExecutionListener@61884cb1, org.springframework.boot.test.autoconfigure.web.servlet.MockMvcPrintOnlyOnFailureTestExecutionListener@75ed9710, org.springframework.boot.test.autoconfigure.web.servlet.WebDriverTestExecutionListener@4fc5e095, org.springframework.boot.test.autoconfigure.webservices.client.MockWebServiceServerTestExecutionListener@435871cb, org.springframework.boot.test.mock.mockito.ResetMocksTestExecutionListener@609640d5]
15:11:49.225 [Test worker] DEBUG org.springframework.test.context.support.AbstractDirtiesContextTestExecutionListener - Before test class: context [DefaultTestContext@618c5d94 testClass = RiotApiTest, testInstance = [null], testMethod = [null], testException = [null], mergedContextConfiguration = [ReactiveWebMergedContextConfiguration@5b40ceb testClass = RiotApiTest, locations = '{}', classes = '{class net.weather.InfraRiotApplication}', contextInitializerClasses = '[]', activeProfiles = '{}', propertySourceLocations = '{}', propertySourceProperties = '{org.springframework.boot.test.context.SpringBootTestContextBootstrapper=true}', contextCustomizers = set[org.springframework.boot.test.autoconfigure.actuate.metrics.MetricsExportContextCustomizerFactory$DisableMetricExportContextCustomizer@4671115f, org.springframework.boot.test.autoconfigure.properties.PropertyMappingContextCustomizer@0, org.springframework.boot.test.autoconfigure.web.servlet.WebDriverContextCustomizerFactory$Customizer@68df9280, org.springframework.boot.test.context.filter.ExcludeFilterContextCustomizer@3f91b517, org.springframework.boot.test.json.DuplicateJsonObjectContextCustomizerFactory$DuplicateJsonObjectContextCustomizer@59a008ba, org.springframework.boot.test.mock.mockito.MockitoContextCustomizer@0, org.springframework.boot.test.web.client.TestRestTemplateContextCustomizer@5c2375a9, org.springframework.boot.test.web.reactive.server.WebTestClientContextCustomizer@6c2c1385, org.springframework.boot.test.context.SpringBootTestArgs@1, org.springframework.boot.test.context.SpringBootTestWebEnvironment@3af9c5b7], contextLoader = 'org.springframework.boot.test.context.SpringBootContextLoader', parent = [null]], attributes = map[[empty]]], class annotated with @DirtiesContext [false] with mode [null].
15:11:49.232 [Test worker] DEBUG org.springframework.test.context.support.DependencyInjectionTestExecutionListener - Performing dependency injection for test context [[DefaultTestContext@618c5d94 testClass = RiotApiTest, testInstance = net.weather.riot.RiotApiTest@25748410, testMethod = [null], testException = [null], mergedContextConfiguration = [ReactiveWebMergedContextConfiguration@5b40ceb testClass = RiotApiTest, locations = '{}', classes = '{class net.weather.InfraRiotApplication}', contextInitializerClasses = '[]', activeProfiles = '{}', propertySourceLocations = '{}', propertySourceProperties = '{org.springframework.boot.test.context.SpringBootTestContextBootstrapper=true}', contextCustomizers = set[org.springframework.boot.test.autoconfigure.actuate.metrics.MetricsExportContextCustomizerFactory$DisableMetricExportContextCustomizer@4671115f, org.springframework.boot.test.autoconfigure.properties.PropertyMappingContextCustomizer@0, org.springframework.boot.test.autoconfigure.web.servlet.WebDriverContextCustomizerFactory$Customizer@68df9280, org.springframework.boot.test.context.filter.ExcludeFilterContextCustomizer@3f91b517, org.springframework.boot.test.json.DuplicateJsonObjectContextCustomizerFactory$DuplicateJsonObjectContextCustomizer@59a008ba, org.springframework.boot.test.mock.mockito.MockitoContextCustomizer@0, org.springframework.boot.test.web.client.TestRestTemplateContextCustomizer@5c2375a9, org.springframework.boot.test.web.reactive.server.WebTestClientContextCustomizer@6c2c1385, org.springframework.boot.test.context.SpringBootTestArgs@1, org.springframework.boot.test.context.SpringBootTestWebEnvironment@3af9c5b7], contextLoader = 'org.springframework.boot.test.context.SpringBootContextLoader', parent = [null]], attributes = map['org.springframework.test.context.event.ApplicationEventsTestExecutionListener.recordApplicationEvents' -> false]]].

  .   ____          _            __ _ _
 /\\ / ___'_ __ _ _(_)_ __  __ _ \ \ \ \
( ( )\___ | '_ | '_| | '_ \/ _` | \ \ \ \
 \\/  ___)| |_)| | | | | || (_| |  ) ) ) )
  '  |____| .__|_| |_|_| |_\__, | / / / /
 =========|_|==============|___/=/_/_/_/
 :: Spring Boot ::                (v2.7.4)

2022-10-01 15:11:49.347  INFO 10448 --- [    Test worker] net.weather.riot.RiotApiTest             : Starting RiotApiTest using Java 17.0.3 on MacBook-Pro.local with PID 10448 (started by taeyoung in /Users/taeyoung/Documents/Lotification/backend/Lotification/lotification-infra-riot)
2022-10-01 15:11:49.348  INFO 10448 --- [    Test worker] net.weather.riot.RiotApiTest             : No active profile set, falling back to 1 default profile: "default"
2022-10-01 15:11:49.869  INFO 10448 --- [    Test worker] net.weather.riot.RiotApiTest             : Started RiotApiTest in 0.626 seconds (JVM running for 1.083)
SummonerResponse[id=UKG2csegz4e5H1Wzgcye2W5XFw3--VlgyufSH0TTYoAO9Og, accountId=kz5xegSBgOxeZT7obPQ1duFrGfDfw1i4mpVNm8UnlRmJ1Lw, puuid=c9-gp3GrBqxKqQcRLQh5VS1rZ3PXiQWswPHWEeEHYIQHPNxPqT1JbC6hFcZNjgkECuFi-HsskNdPHw, name=Kuri8, profileIconId=5488, revisionDate=1664247921000, summonerLevel=701]
CurrentGameInfoResponse[gameId=6151173902, gameType=MATCHED_GAME, gameStartTime=1664603635028, mapId=11, gameLength=897, platformId=KR, gameMode=CLASSIC, gameQueueConfigId=420]
2022-10-01T14:53:55
]]></system-out>
  <system-err><![CDATA[]]></system-err>
</testsuite>
