<?xml version="1.0" encoding="UTF-8"?>
<testsuite name="net.weather.riot.RiotApiTest" tests="1" skipped="0" failures="0" errors="0" timestamp="2022-10-01T05:31:28" hostname="MacBook-Pro.local" time="1.232">
  <properties/>
  <testcase name="current_game_info()" classname="net.weather.riot.RiotApiTest" time="1.232"/>
  <system-out><![CDATA[14:31:27.789 [Test worker] DEBUG org.springframework.test.context.BootstrapUtils - Instantiating CacheAwareContextLoaderDelegate from class [org.springframework.test.context.cache.DefaultCacheAwareContextLoaderDelegate]
14:31:27.794 [Test worker] DEBUG org.springframework.test.context.BootstrapUtils - Instantiating BootstrapContext using constructor [public org.springframework.test.context.support.DefaultBootstrapContext(java.lang.Class,org.springframework.test.context.CacheAwareContextLoaderDelegate)]
14:31:27.813 [Test worker] DEBUG org.springframework.test.context.BootstrapUtils - Instantiating TestContextBootstrapper for test class [net.weather.riot.RiotApiTest] from class [org.springframework.boot.test.context.SpringBootTestContextBootstrapper]
14:31:27.819 [Test worker] INFO org.springframework.boot.test.context.SpringBootTestContextBootstrapper - Neither @ContextConfiguration nor @ContextHierarchy found for test class [net.weather.riot.RiotApiTest], using SpringBootContextLoader
14:31:27.821 [Test worker] DEBUG org.springframework.test.context.support.AbstractContextLoader - Did not detect default resource location for test class [net.weather.riot.RiotApiTest]: class path resource [net/weather/riot/RiotApiTest-context.xml] does not exist
14:31:27.821 [Test worker] DEBUG org.springframework.test.context.support.AbstractContextLoader - Did not detect default resource location for test class [net.weather.riot.RiotApiTest]: class path resource [net/weather/riot/RiotApiTestContext.groovy] does not exist
14:31:27.821 [Test worker] INFO org.springframework.test.context.support.AbstractContextLoader - Could not detect default resource locations for test class [net.weather.riot.RiotApiTest]: no resource found for suffixes {-context.xml, Context.groovy}.
14:31:27.821 [Test worker] INFO org.springframework.test.context.support.AnnotationConfigContextLoaderUtils - Could not detect default configuration classes for test class [net.weather.riot.RiotApiTest]: RiotApiTest does not declare any static, non-private, non-final, nested classes annotated with @Configuration.
14:31:27.840 [Test worker] DEBUG org.springframework.test.context.support.ActiveProfilesUtils - Could not find an 'annotation declaring class' for annotation type [org.springframework.test.context.ActiveProfiles] and class [net.weather.riot.RiotApiTest]
14:31:27.865 [Test worker] DEBUG org.springframework.context.annotation.ClassPathScanningCandidateComponentProvider - Identified candidate component class: file [/Users/taeyoung/Documents/Lotification/backend/Lotification/lotification-infra-riot/build/classes/java/main/net/weather/InfraRiotApplication.class]
14:31:27.865 [Test worker] INFO org.springframework.boot.test.context.SpringBootTestContextBootstrapper - Found @SpringBootConfiguration net.weather.InfraRiotApplication for test class net.weather.riot.RiotApiTest
14:31:27.897 [Test worker] DEBUG org.springframework.boot.test.context.SpringBootTestContextBootstrapper - @TestExecutionListeners is not present for class [net.weather.riot.RiotApiTest]: using defaults.
14:31:27.897 [Test worker] INFO org.springframework.boot.test.context.SpringBootTestContextBootstrapper - Loaded default TestExecutionListener class names from location [META-INF/spring.factories]: [org.springframework.boot.test.autoconfigure.restdocs.RestDocsTestExecutionListener, org.springframework.boot.test.autoconfigure.web.client.MockRestServiceServerResetTestExecutionListener, org.springframework.boot.test.autoconfigure.web.servlet.MockMvcPrintOnlyOnFailureTestExecutionListener, org.springframework.boot.test.autoconfigure.web.servlet.WebDriverTestExecutionListener, org.springframework.boot.test.autoconfigure.webservices.client.MockWebServiceServerTestExecutionListener, org.springframework.boot.test.mock.mockito.MockitoTestExecutionListener, org.springframework.boot.test.mock.mockito.ResetMocksTestExecutionListener, org.springframework.test.context.web.ServletTestExecutionListener, org.springframework.test.context.support.DirtiesContextBeforeModesTestExecutionListener, org.springframework.test.context.event.ApplicationEventsTestExecutionListener, org.springframework.test.context.support.DependencyInjectionTestExecutionListener, org.springframework.test.context.support.DirtiesContextTestExecutionListener, org.springframework.test.context.transaction.TransactionalTestExecutionListener, org.springframework.test.context.jdbc.SqlScriptsTestExecutionListener, org.springframework.test.context.event.EventPublishingTestExecutionListener]
14:31:27.901 [Test worker] DEBUG org.springframework.boot.test.context.SpringBootTestContextBootstrapper - Skipping candidate TestExecutionListener [org.springframework.test.context.web.ServletTestExecutionListener] due to a missing dependency. Specify custom listener classes or make the default listener classes and their required dependencies available. Offending class: [javax/servlet/ServletContext]
14:31:27.901 [Test worker] DEBUG org.springframework.boot.test.context.SpringBootTestContextBootstrapper - Skipping candidate TestExecutionListener [org.springframework.test.context.transaction.TransactionalTestExecutionListener] due to a missing dependency. Specify custom listener classes or make the default listener classes and their required dependencies available. Offending class: [org/springframework/transaction/interceptor/TransactionAttributeSource]
14:31:27.901 [Test worker] DEBUG org.springframework.boot.test.context.SpringBootTestContextBootstrapper - Skipping candidate TestExecutionListener [org.springframework.test.context.jdbc.SqlScriptsTestExecutionListener] due to a missing dependency. Specify custom listener classes or make the default listener classes and their required dependencies available. Offending class: [org/springframework/transaction/interceptor/TransactionAttribute]
14:31:27.901 [Test worker] INFO org.springframework.boot.test.context.SpringBootTestContextBootstrapper - Using TestExecutionListeners: [org.springframework.test.context.support.DirtiesContextBeforeModesTestExecutionListener@7446d8d5, org.springframework.test.context.event.ApplicationEventsTestExecutionListener@5c3b6c6e, org.springframework.boot.test.mock.mockito.MockitoTestExecutionListener@4fbda97b, org.springframework.boot.test.autoconfigure.SpringBootDependencyInjectionTestExecutionListener@75f5fd58, org.springframework.test.context.support.DirtiesContextTestExecutionListener@37b70343, org.springframework.test.context.event.EventPublishingTestExecutionListener@306851c7, org.springframework.boot.test.autoconfigure.restdocs.RestDocsTestExecutionListener@12bcd0c0, org.springframework.boot.test.autoconfigure.web.client.MockRestServiceServerResetTestExecutionListener@4879f0f2, org.springframework.boot.test.autoconfigure.web.servlet.MockMvcPrintOnlyOnFailureTestExecutionListener@47db5fa5, org.springframework.boot.test.autoconfigure.web.servlet.WebDriverTestExecutionListener@354fc8f0, org.springframework.boot.test.autoconfigure.webservices.client.MockWebServiceServerTestExecutionListener@41813449, org.springframework.boot.test.mock.mockito.ResetMocksTestExecutionListener@4678a2eb]
14:31:27.903 [Test worker] DEBUG org.springframework.test.context.support.AbstractDirtiesContextTestExecutionListener - Before test class: context [DefaultTestContext@609640d5 testClass = RiotApiTest, testInstance = [null], testMethod = [null], testException = [null], mergedContextConfiguration = [ReactiveWebMergedContextConfiguration@79da1ec0 testClass = RiotApiTest, locations = '{}', classes = '{class net.weather.InfraRiotApplication}', contextInitializerClasses = '[]', activeProfiles = '{}', propertySourceLocations = '{}', propertySourceProperties = '{org.springframework.boot.test.context.SpringBootTestContextBootstrapper=true}', contextCustomizers = set[org.springframework.boot.test.autoconfigure.actuate.metrics.MetricsExportContextCustomizerFactory$DisableMetricExportContextCustomizer@4671115f, org.springframework.boot.test.autoconfigure.properties.PropertyMappingContextCustomizer@0, org.springframework.boot.test.autoconfigure.web.servlet.WebDriverContextCustomizerFactory$Customizer@68df9280, org.springframework.boot.test.context.filter.ExcludeFilterContextCustomizer@3f91b517, org.springframework.boot.test.json.DuplicateJsonObjectContextCustomizerFactory$DuplicateJsonObjectContextCustomizer@59a008ba, org.springframework.boot.test.mock.mockito.MockitoContextCustomizer@0, org.springframework.boot.test.web.client.TestRestTemplateContextCustomizer@5c2375a9, org.springframework.boot.test.web.reactive.server.WebTestClientContextCustomizer@6c2c1385, org.springframework.boot.test.context.SpringBootTestArgs@1, org.springframework.boot.test.context.SpringBootTestWebEnvironment@3af9c5b7], contextLoader = 'org.springframework.boot.test.context.SpringBootContextLoader', parent = [null]], attributes = map[[empty]]], class annotated with @DirtiesContext [false] with mode [null].
14:31:27.909 [Test worker] DEBUG org.springframework.test.context.support.DependencyInjectionTestExecutionListener - Performing dependency injection for test context [[DefaultTestContext@609640d5 testClass = RiotApiTest, testInstance = net.weather.riot.RiotApiTest@5b7ea70d, testMethod = [null], testException = [null], mergedContextConfiguration = [ReactiveWebMergedContextConfiguration@79da1ec0 testClass = RiotApiTest, locations = '{}', classes = '{class net.weather.InfraRiotApplication}', contextInitializerClasses = '[]', activeProfiles = '{}', propertySourceLocations = '{}', propertySourceProperties = '{org.springframework.boot.test.context.SpringBootTestContextBootstrapper=true}', contextCustomizers = set[org.springframework.boot.test.autoconfigure.actuate.metrics.MetricsExportContextCustomizerFactory$DisableMetricExportContextCustomizer@4671115f, org.springframework.boot.test.autoconfigure.properties.PropertyMappingContextCustomizer@0, org.springframework.boot.test.autoconfigure.web.servlet.WebDriverContextCustomizerFactory$Customizer@68df9280, org.springframework.boot.test.context.filter.ExcludeFilterContextCustomizer@3f91b517, org.springframework.boot.test.json.DuplicateJsonObjectContextCustomizerFactory$DuplicateJsonObjectContextCustomizer@59a008ba, org.springframework.boot.test.mock.mockito.MockitoContextCustomizer@0, org.springframework.boot.test.web.client.TestRestTemplateContextCustomizer@5c2375a9, org.springframework.boot.test.web.reactive.server.WebTestClientContextCustomizer@6c2c1385, org.springframework.boot.test.context.SpringBootTestArgs@1, org.springframework.boot.test.context.SpringBootTestWebEnvironment@3af9c5b7], contextLoader = 'org.springframework.boot.test.context.SpringBootContextLoader', parent = [null]], attributes = map['org.springframework.test.context.event.ApplicationEventsTestExecutionListener.recordApplicationEvents' -> false]]].

  .   ____          _            __ _ _
 /\\ / ___'_ __ _ _(_)_ __  __ _ \ \ \ \
( ( )\___ | '_ | '_| | '_ \/ _` | \ \ \ \
 \\/  ___)| |_)| | | | | || (_| |  ) ) ) )
  '  |____| .__|_| |_|_| |_\__, | / / / /
 =========|_|==============|___/=/_/_/_/
 :: Spring Boot ::                (v2.7.4)

2022-10-01 14:31:28.023  INFO 9085 --- [    Test worker] net.weather.riot.RiotApiTest             : Starting RiotApiTest using Java 17.0.3 on MacBook-Pro.local with PID 9085 (started by taeyoung in /Users/taeyoung/Documents/Lotification/backend/Lotification/lotification-infra-riot)
2022-10-01 14:31:28.024  INFO 9085 --- [    Test worker] net.weather.riot.RiotApiTest             : No active profile set, falling back to 1 default profile: "default"
2022-10-01 14:31:28.591  INFO 9085 --- [    Test worker] net.weather.riot.RiotApiTest             : Started RiotApiTest in 0.673 seconds (JVM running for 1.135)
SummonerResponse[id=UKG2csegz4e5H1Wzgcye2W5XFw3--VlgyufSH0TTYoAO9Og, accountId=kz5xegSBgOxeZT7obPQ1duFrGfDfw1i4mpVNm8UnlRmJ1Lw, puuid=c9-gp3GrBqxKqQcRLQh5VS1rZ3PXiQWswPHWEeEHYIQHPNxPqT1JbC6hFcZNjgkECuFi-HsskNdPHw, name=Kuri8, profileIconId=5488, revisionDate=1664247921000, summonerLevel=701]
CurrentGameInfoResponse[gameId=6151137895, gameType=MATCHED_GAME, gameStartTime=1664601523362, mapId=11, gameLength=497, platformId=KR, gameMode=CLASSIC, gameQueueConfigId=420]
2022-10-01T14:18:43
]]></system-out>
  <system-err><![CDATA[]]></system-err>
</testsuite>
